2019-04-03 13:16:03.419 [INF] SPVS /home/kpachhai/dev/src/github.com/elastos/Elastos.ELA.Arbiter/vendor/github.com/elastos/Elastos.ELA.SPV/sdk/service.go:450: SPV service started...
2019-04-03 13:16:03.420 [INF] SPVS /home/kpachhai/dev/src/github.com/elastos/Elastos.ELA.Arbiter/vendor/github.com/elastos/Elastos.ELA.SPV/sync/manager.go:238: New valid peer 127.0.0.1:11338 (outbound)
2019-04-03 13:16:03.420 [INF] SPVS /home/kpachhai/dev/src/github.com/elastos/Elastos.ELA.Arbiter/vendor/github.com/elastos/Elastos.ELA.SPV/sync/manager.go:192: Syncing to block height 255 from peer 127.0.0.1:11338
2019-04-03 13:16:03.428 [INF] SPVS /home/kpachhai/dev/src/github.com/elastos/Elastos.ELA.Arbiter/vendor/github.com/elastos/Elastos.ELA.SPV/sync/manager.go:413: Received block 2dae84b8fc156aa22274b31b3a5c86c37ddcf31def17eb4572bac1311db2569d at height 255
2019-04-03 13:16:14.593 [INF] SPVS /home/kpachhai/dev/src/github.com/elastos/Elastos.ELA.Arbiter/vendor/github.com/elastos/Elastos.ELA.SPV/sync/manager.go:413: Received block cc76c236ffbbaa7a10dd07e144ff60d84664f97615183076e86c16744e069587 at height 256
2019-04-03 13:16:28.298 [INF] SPVS /home/kpachhai/dev/src/github.com/elastos/Elastos.ELA.Arbiter/vendor/github.com/elastos/Elastos.ELA.SPV/sync/manager.go:413: Received block 1bfb796b650765fe8140b5f021830546a60afc7cd212ecee3baf92853d92b9ad at height 257
2019-04-03 13:16:31.472 [INF] SPVS /home/kpachhai/dev/src/github.com/elastos/Elastos.ELA.Arbiter/vendor/github.com/elastos/Elastos.ELA.SPV/sync/manager.go:413: Received block 9cc281ee77b04d066d1692b9f3088816caea92a2040e4b33db0fd34ac9ecd601 at height 258
2019-04-03 13:16:33.403 [INF] SPVS /home/kpachhai/dev/src/github.com/elastos/Elastos.ELA.Arbiter/vendor/github.com/elastos/Elastos.ELA.SPV/sync/manager.go:413: Received block 52233873ec6e7568e36cc0b5eaac6c28652b8ddb27ca96a5d418d9dce0abce5c at height 259
2019-04-03 13:16:46.103 [INF] SPVS /home/kpachhai/dev/src/github.com/elastos/Elastos.ELA.Arbiter/vendor/github.com/elastos/Elastos.ELA.SPV/sync/manager.go:413: Received block 5bc05a00fdd331f1bee2455994e64c48a4db22ef07ccfc8c4b44a4205d1f5681 at height 260
2019-04-03 13:16:51.368 [INF] SPVS /home/kpachhai/dev/src/github.com/elastos/Elastos.ELA.Arbiter/vendor/github.com/elastos/Elastos.ELA.SPV/sync/manager.go:413: Received block 9478a0ca841d17ec1c30b7fff180bfa4eae3a279b8058139911cda64f9b73146 at height 261
2019-04-03 13:16:52.394 [INF] SPVS /home/kpachhai/dev/src/github.com/elastos/Elastos.ELA.Arbiter/vendor/github.com/elastos/Elastos.ELA.SPV/sync/manager.go:413: Received block c50e4229451664319dd6e9ea53bc8370907c8dd75fc3fb30d875ae0904fff578 at height 262
2019-04-03 13:16:59.687 [INF] SPVS /home/kpachhai/dev/src/github.com/elastos/Elastos.ELA.Arbiter/vendor/github.com/elastos/Elastos.ELA.SPV/sync/manager.go:413: Received block 3bc1773d87b182f82d5891f3d21caf2fbb17dc8af92e5d7e927929885ad65d43 at height 263
2019-04-03 13:17:04.525 [INF] SPVS /home/kpachhai/dev/src/github.com/elastos/Elastos.ELA.Arbiter/vendor/github.com/elastos/Elastos.ELA.SPV/sync/manager.go:413: Received block 2d8474d63d2788221a1965a287ef3ea5b5b782fa72fe2321a3a597a012edaeaa at height 264
2019-04-03 13:17:10.776 [INF] SPVS /home/kpachhai/dev/src/github.com/elastos/Elastos.ELA.Arbiter/vendor/github.com/elastos/Elastos.ELA.SPV/sync/manager.go:413: Received block d8948cde75f43bb6c5af7d9c07b2f87628a8622479864199a70f98b58baecfe1 at height 265
2019-04-03 13:17:13.164 [INF] SPVS /home/kpachhai/dev/src/github.com/elastos/Elastos.ELA.Arbiter/vendor/github.com/elastos/Elastos.ELA.SPV/sync/manager.go:413: Received block 8e25600d4e346b2c6171d8a09949d617958accb5579f70008351c71afe3d1da6 at height 266
2019-04-03 13:17:15.447 [INF] SPVS /home/kpachhai/dev/src/github.com/elastos/Elastos.ELA.Arbiter/vendor/github.com/elastos/Elastos.ELA.SPV/sync/manager.go:413: Received block 4608eb3ca532bd410781bdbeabe3ff00be29c1e0adc928150d588ec908e17266 at height 267
2019-04-03 13:17:17.103 [INF] SPVS /home/kpachhai/dev/src/github.com/elastos/Elastos.ELA.Arbiter/vendor/github.com/elastos/Elastos.ELA.SPV/sync/manager.go:413: Received block cb7c849d80efa9ae865148eeb168a270a3942923441d9eaa998d3de7cfa9536a at height 268
2019-04-03 13:17:25.415 [INF] SPVS /home/kpachhai/dev/src/github.com/elastos/Elastos.ELA.Arbiter/vendor/github.com/elastos/Elastos.ELA.SPV/sync/manager.go:413: Received block 6aafb1285949c5cbb9674a277109ee3354b81b4aa011a465de8a9ab8d688fc7c at height 269
2019-04-03 13:17:28.216 [INF] SPVS /home/kpachhai/dev/src/github.com/elastos/Elastos.ELA.Arbiter/vendor/github.com/elastos/Elastos.ELA.SPV/sync/manager.go:413: Received block 9be47fcce7c7c96178cca02962d1618bc780850c6d72c0b15c15357215ec690d at height 270
2019-04-03 13:17:34.621 [INF] SPVS /home/kpachhai/dev/src/github.com/elastos/Elastos.ELA.Arbiter/vendor/github.com/elastos/Elastos.ELA.SPV/sync/manager.go:413: Received block dc6b32dd3cda0883c27b944e134e82a13a9231432ebca4dcbcf20eb4309b7cda at height 271
2019-04-03 13:17:39.380 [INF] SPVS /home/kpachhai/dev/src/github.com/elastos/Elastos.ELA.Arbiter/vendor/github.com/elastos/Elastos.ELA.SPV/sync/manager.go:413: Received block 65284fc16ddcf6b89f5b89b94fc4ed530086255a3557be4d6a447959acf12a4c at height 272
2019-04-03 13:17:42.075 [INF] SPVS /home/kpachhai/dev/src/github.com/elastos/Elastos.ELA.Arbiter/vendor/github.com/elastos/Elastos.ELA.SPV/sync/manager.go:413: Received block af90b8caf5aaf160ff2e2643b41741c59b97b48bc39c1c2c7ee719cbf4c84a28 at height 273
2019-04-03 13:17:47.720 [INF] SPVS /home/kpachhai/dev/src/github.com/elastos/Elastos.ELA.Arbiter/vendor/github.com/elastos/Elastos.ELA.SPV/sync/manager.go:413: Received block a69962b066e8b4925baba8eb68fea677a278c869bde5cec9a3982514df8b5d26 at height 274
2019-04-03 13:17:52.460 [INF] SPVS /home/kpachhai/dev/src/github.com/elastos/Elastos.ELA.Arbiter/vendor/github.com/elastos/Elastos.ELA.SPV/sync/manager.go:413: Received block 570597f66627852bc71bdeae25b647afb1f7035368a804c8e98ad760e07d143c at height 275
2019-04-03 13:17:53.821 [INF] SPVS /home/kpachhai/dev/src/github.com/elastos/Elastos.ELA.Arbiter/vendor/github.com/elastos/Elastos.ELA.SPV/sync/manager.go:413: Received block 9fec210b5a76d7ddd9e54daa1efe60cce419e5c5f610a5a1df702cb731351de8 at height 276
2019-04-03 13:18:08.623 [INF] SPVS /home/kpachhai/dev/src/github.com/elastos/Elastos.ELA.Arbiter/vendor/github.com/elastos/Elastos.ELA.SPV/sync/manager.go:413: Received block a435d6d6bd6f3a0cfaa24ddc7bc8e1af90c1741665ba0f52d69a2188a1633a62 at height 277
2019-04-03 13:18:10.953 [INF] SPVS /home/kpachhai/dev/src/github.com/elastos/Elastos.ELA.Arbiter/vendor/github.com/elastos/Elastos.ELA.SPV/sync/manager.go:413: Received block eac1552734b4b8f3146a58721aa6dd892123949d771c0d2f5127e04065b2c430 at height 278
2019-04-03 13:18:21.338 [INF] SPVS /home/kpachhai/dev/src/github.com/elastos/Elastos.ELA.Arbiter/vendor/github.com/elastos/Elastos.ELA.SPV/sync/manager.go:413: Received block 7447d4803bb9971d8fb559c5dfe56b74f8a73afff9e2ca0aceabb2aeb75b40c4 at height 279
2019-04-03 13:18:25.323 [INF] SPVS /home/kpachhai/dev/src/github.com/elastos/Elastos.ELA.Arbiter/vendor/github.com/elastos/Elastos.ELA.SPV/sync/manager.go:413: Received block d7c018de6b7c234335c525b12282a922a0537e843266535dbccf3e1df498c5f4 at height 280
2019-04-03 13:18:31.324 [INF] SPVS /home/kpachhai/dev/src/github.com/elastos/Elastos.ELA.Arbiter/vendor/github.com/elastos/Elastos.ELA.SPV/sync/manager.go:413: Received block fd708fa355c976c892a9ab347eb133561af9852c2d8c101171949de85f51a418 at height 281
2019-04-03 13:18:38.896 [INF] SPVS /home/kpachhai/dev/src/github.com/elastos/Elastos.ELA.Arbiter/vendor/github.com/elastos/Elastos.ELA.SPV/sync/manager.go:413: Received block 671240c33dd794c821fb334a346ce0a86d0eb1e42d442767ffc43c58bf57a115 at height 282
2019-04-03 13:18:44.716 [INF] SPVS /home/kpachhai/dev/src/github.com/elastos/Elastos.ELA.Arbiter/vendor/github.com/elastos/Elastos.ELA.SPV/sync/manager.go:413: Received block 5c99704d73faa8a844d0f896ed1ed998ee6ab31f3adc819e20d5dcf7f7266e86 at height 283
2019-04-03 13:18:47.968 [INF] SPVS /home/kpachhai/dev/src/github.com/elastos/Elastos.ELA.Arbiter/vendor/github.com/elastos/Elastos.ELA.SPV/sync/manager.go:413: Received block a5f5f3a448d7965f6ecf9b7cfe6f4d3ab03c4304bea51a184ac240b7a99c0504 at height 284
2019-04-03 13:18:54.098 [INF] SPVS /home/kpachhai/dev/src/github.com/elastos/Elastos.ELA.Arbiter/vendor/github.com/elastos/Elastos.ELA.SPV/sync/manager.go:413: Received block e171d274238c4268278c906fc1a98121ff352e6a23f6d299e9a35f2322104ddc at height 285
2019-04-03 13:18:57.916 [INF] SPVS /home/kpachhai/dev/src/github.com/elastos/Elastos.ELA.Arbiter/vendor/github.com/elastos/Elastos.ELA.SPV/sync/manager.go:413: Received block a191a5ab388af590a68e2aeeac22dce15fde21d6c2c38a1292d61c5c2f3e8099 at height 286
2019-04-03 13:19:01.520 [INF] SPVS /home/kpachhai/dev/src/github.com/elastos/Elastos.ELA.Arbiter/vendor/github.com/elastos/Elastos.ELA.SPV/sync/manager.go:413: Received block 866e2ef5a327b8148b42c792081e02ce99a1da6db4258bc3fbeda56756a4b3a8 at height 287
2019-04-03 13:19:04.010 [INF] SPVS /home/kpachhai/dev/src/github.com/elastos/Elastos.ELA.Arbiter/vendor/github.com/elastos/Elastos.ELA.SPV/sync/manager.go:413: Received block 234e51251345da43ac2d6e73d97571420d9c99c0a260bc3e54b22dd5bc9c332a at height 288
2019-04-03 13:19:13.851 [INF] SPVS /home/kpachhai/dev/src/github.com/elastos/Elastos.ELA.Arbiter/vendor/github.com/elastos/Elastos.ELA.SPV/sync/manager.go:413: Received block f51ce391c625e0be6d97c2f6898b94104db086b296e74f473a0f78b5823264d5 at height 289
2019-04-03 13:19:15.541 [INF] SPVS /home/kpachhai/dev/src/github.com/elastos/Elastos.ELA.Arbiter/vendor/github.com/elastos/Elastos.ELA.SPV/sync/manager.go:413: Received block decb8c3f566b35602ea1ae18c375693903061f277c2137efa0792a56f42d82a9 at height 290
2019-04-03 13:19:26.217 [INF] SPVS /home/kpachhai/dev/src/github.com/elastos/Elastos.ELA.Arbiter/vendor/github.com/elastos/Elastos.ELA.SPV/sync/manager.go:413: Received block c0d1df2dd2acadf35910317eb85b9e9049a5b7e00b8c1256f97c44bdc7d366c2 at height 291
2019-04-03 13:19:30.763 [INF] SPVS /home/kpachhai/dev/src/github.com/elastos/Elastos.ELA.Arbiter/vendor/github.com/elastos/Elastos.ELA.SPV/sync/manager.go:413: Received block a7300fd1fc67c727aa87b43380796bed042c62cf8cde09c86ea2c6e9a73d75b2 at height 292
2019-04-03 13:19:47.631 [INF] SPVS /home/kpachhai/dev/src/github.com/elastos/Elastos.ELA.Arbiter/vendor/github.com/elastos/Elastos.ELA.SPV/sync/manager.go:413: Received block ffa0dd7120603e5acd03945b74ea102f941cd6daacbfa088ea1b355f010a72c6 at height 293
2019-04-03 13:19:50.295 [INF] SPVS /home/kpachhai/dev/src/github.com/elastos/Elastos.ELA.Arbiter/vendor/github.com/elastos/Elastos.ELA.SPV/sync/manager.go:413: Received block c1712c154400714f60cf626a7f015da2ebd9487f7433e33fb497df086c36f3c1 at height 294
2019-04-03 13:19:54.789 [INF] SPVS /home/kpachhai/dev/src/github.com/elastos/Elastos.ELA.Arbiter/vendor/github.com/elastos/Elastos.ELA.SPV/sync/manager.go:413: Received block cdcc812cb52f8cc5c832e42f3db31c732c898683437902adf9a60418e69bc288 at height 295
2019-04-03 13:19:57.594 [INF] SPVS /home/kpachhai/dev/src/github.com/elastos/Elastos.ELA.Arbiter/vendor/github.com/elastos/Elastos.ELA.SPV/sync/manager.go:413: Received block 0b4125f2dcb8d87c6359d62da3af010f53247e7dd7b068477da0d76ae62fae90 at height 296
2019-04-03 13:20:00.331 [INF] SPVS /home/kpachhai/dev/src/github.com/elastos/Elastos.ELA.Arbiter/vendor/github.com/elastos/Elastos.ELA.SPV/sync/manager.go:413: Received block c167a8089c4c7ce806d70008f8b2259c304ed60f890af3dfca4d50779f844a7e at height 297
2019-04-03 13:20:04.279 [INF] SPVS /home/kpachhai/dev/src/github.com/elastos/Elastos.ELA.Arbiter/vendor/github.com/elastos/Elastos.ELA.SPV/sync/manager.go:413: Received block 1f32508127dfaa2caa058399795e839fdd8d9b9d4d5bdfbce5e34ccb61412181 at height 298
2019-04-03 13:20:08.851 [INF] SPVS /home/kpachhai/dev/src/github.com/elastos/Elastos.ELA.Arbiter/vendor/github.com/elastos/Elastos.ELA.SPV/sync/manager.go:413: Received block 75c3028c6e418e02afbe7b62dfa4679e8427a55bb1710540c219c594ea8a9934 at height 299
2019-04-03 13:20:22.978 [INF] SPVS /home/kpachhai/dev/src/github.com/elastos/Elastos.ELA.Arbiter/vendor/github.com/elastos/Elastos.ELA.SPV/sync/manager.go:413: Received block 805adae70bd7f4f3763f9c6154d25ee8f01a9d1b671fb034830dfc987315ea60 at height 300
2019-04-03 13:20:29.914 [INF] SPVS /home/kpachhai/dev/src/github.com/elastos/Elastos.ELA.Arbiter/vendor/github.com/elastos/Elastos.ELA.SPV/sync/manager.go:413: Received block e6a136c80f37464621f2ade869c06dacbb4ca2b5bc7aa486b14cc9b472983b27 at height 301
2019-04-03 13:20:35.766 [INF] SPVS /home/kpachhai/dev/src/github.com/elastos/Elastos.ELA.Arbiter/vendor/github.com/elastos/Elastos.ELA.SPV/sync/manager.go:413: Received block 2581e6396c0d84228991aad9d20eeb389e67e00a4c99854602cccf4519062926 at height 302
2019-04-03 13:20:42.869 [INF] SPVS /home/kpachhai/dev/src/github.com/elastos/Elastos.ELA.Arbiter/vendor/github.com/elastos/Elastos.ELA.SPV/sync/manager.go:413: Received block e0c668e28b24f0486dff47898522a40dc2a0e95cd2b625e83f65dd3972c4918e at height 303
2019-04-03 13:20:49.389 [INF] SPVS /home/kpachhai/dev/src/github.com/elastos/Elastos.ELA.Arbiter/vendor/github.com/elastos/Elastos.ELA.SPV/sync/manager.go:413: Received block 66a6b837d4330a7270a8b71ac6e26d4028da56ce31f8dab5ca9d78b51c71240e at height 304
2019-04-03 13:20:58.977 [INF] SPVS /home/kpachhai/dev/src/github.com/elastos/Elastos.ELA.Arbiter/vendor/github.com/elastos/Elastos.ELA.SPV/sync/manager.go:413: Received block 2af856ca63803ad54d47a1de7f33c6b531e5088f88e04378bb6d7b5df1d28ecf at height 305
2019-04-03 13:20:59.859 [INF] SPVS /home/kpachhai/dev/src/github.com/elastos/Elastos.ELA.Arbiter/vendor/github.com/elastos/Elastos.ELA.SPV/sync/manager.go:274: Lost peer 127.0.0.1:11338 (outbound)
2019-04-03 13:20:59.859 [WRN] SPVS /home/kpachhai/dev/src/github.com/elastos/Elastos.ELA.Arbiter/vendor/github.com/elastos/Elastos.ELA.SPV/sync/manager.go:183: No sync peer candidates available
