2019/09/25 23:10:43.709981 [1;35m[INF][m GID 1, Init wallet.
2019/09/25 23:10:43.758915 [1;35m[INF][m GID 1, Arbiter version:  
2019/09/25 23:10:43.758986 [1;35m[INF][m GID 1, 1. Init chain utxo cache.
2019/09/25 23:10:43.857623 [1;35m[INF][m GID 1, 2. Init finished transaction cache.
2019/09/25 23:10:43.858291 [1;35m[INF][m GID 1, 3. Start arbitrator P2P networks.
2019/09/25 23:10:43.858894 [1;35m[INF][m GID 1, 4. Init configurations.
2019/09/25 23:10:43.889825 [1;35m[INF][m GID 1, 5. Start arbitrator spv module.
2019/09/25 23:10:43.963331 [1;35m[INF][m GID 53, currentHeight: 0  chainHeight: 102
2019/09/25 23:10:44.051845 [1;35m[INF][m GID 1, [StartSpvModule] register auxpow listener: EL8Zg6LiLPaC9eDQYre3syTqv2vBBig9Nd
2019/09/25 23:10:44.051988 [1;35m[INF][m GID 1, [StartSpvModule] register dposit listener: XKUh4GLhFJiqAMTF6HyWQrV9pK9HcGUdfJ
2019/09/25 23:10:44.052092 [1;35m[INF][m GID 1, [StartSpvModule] register auxpow listener: EXPtrFJSC689BEq8xfM6EBqoXJaNGmWSkc
2019/09/25 23:10:44.052193 [1;35m[INF][m GID 1, [StartSpvModule] register dposit listener: XVfmhjxGxBKgzYxyXCJTb6YmaRfWPVunj4
2019/09/25 23:10:44.052289 [1;35m[INF][m GID 1, [StartSpvModule] register dposit listener: XDUhwtY9e1qMsM7sei7kJf53KDE2J8MQEd
2019/09/25 23:10:44.059966 [1;35m[INF][m GID 1, 6. Start arbitrator group monitor.
2019/09/25 23:10:44.060052 [1;35m[INF][m GID 1, 7. Start servers.
2019/09/25 23:10:44.060098 [1;35m[INF][m GID 1, 8. Start check and remove cross chain transactions from db.
2019/09/25 23:10:44.060162 [1;35m[INF][m GID 1, 9. Start side chain account divide.
2019/09/25 23:10:44.060777 [1;33m[WRN][m GID 118, [CheckAndRemoveDepositTransactionsFromDB] Get chain from genesis addres failed.
2019/09/25 23:10:44.060891 [1;35m[INF][m GID 118, Check and remove cross chain transactions from dbcache finished
2019/09/25 23:10:47.924020 [1;35m[INF][m GID 53,  [SyncSideChain] Side chain [ XDUhwtY9e1qMsM7sei7kJf53KDE2J8MQEd ] height:  102
2019/09/25 23:10:49.939277 [1;35m[INF][m GID 53, currentHeight: 102  chainHeight: 103
2019/09/25 23:10:49.950367 [1;35m[INF][m GID 53,  [SyncSideChain] Side chain [ XDUhwtY9e1qMsM7sei7kJf53KDE2J8MQEd ] height:  103
2019/09/25 23:11:04.075582 [1;35m[INF][m GID 53, currentHeight: 103  chainHeight: 104
2019/09/25 23:11:04.084987 [1;35m[INF][m GID 53,  [SyncSideChain] Side chain [ XDUhwtY9e1qMsM7sei7kJf53KDE2J8MQEd ] height:  104
2019/09/25 23:11:19.292563 [1;35m[INF][m GID 53, currentHeight: 104  chainHeight: 105
2019/09/25 23:11:19.321256 [1;35m[INF][m GID 53,  [SyncSideChain] Side chain [ XDUhwtY9e1qMsM7sei7kJf53KDE2J8MQEd ] height:  105
2019/09/25 23:11:34.536250 [1;35m[INF][m GID 53, currentHeight: 105  chainHeight: 106
2019/09/25 23:11:34.565556 [1;35m[INF][m GID 53,  [SyncSideChain] Side chain [ XDUhwtY9e1qMsM7sei7kJf53KDE2J8MQEd ] height:  106
2019/09/25 23:11:44.063785 [1;33m[WRN][m GID 118, [CheckAndRemoveDepositTransactionsFromDB] Get chain from genesis addres failed.
2019/09/25 23:11:44.063977 [1;35m[INF][m GID 118, Check and remove cross chain transactions from dbcache finished
2019/09/25 23:11:44.064635 [1;35m[INF][m GID 119, Warning side chain mining account:  EL8Zg6LiLPaC9eDQYre3syTqv2vBBig9Nd: 0 EXPtrFJSC689BEq8xfM6EBqoXJaNGmWSkc: 0 EVLZwETnLAuHi4odLyEbwfxLLHapQheRt3: 0 
2019/09/25 23:11:49.739834 [1;35m[INF][m GID 53, currentHeight: 106  chainHeight: 107
2019/09/25 23:11:49.756803 [1;35m[INF][m GID 53,  [SyncSideChain] Side chain [ XDUhwtY9e1qMsM7sei7kJf53KDE2J8MQEd ] height:  107
2019/09/25 23:12:04.964040 [1;35m[INF][m GID 53, currentHeight: 107  chainHeight: 108
2019/09/25 23:12:04.971389 [1;35m[INF][m GID 53,  [SyncSideChain] Side chain [ XDUhwtY9e1qMsM7sei7kJf53KDE2J8MQEd ] height:  108
2019/09/25 23:12:19.091931 [1;35m[INF][m GID 53, currentHeight: 108  chainHeight: 109
2019/09/25 23:12:19.138825 [1;35m[INF][m GID 53,  [SyncSideChain] Side chain [ XDUhwtY9e1qMsM7sei7kJf53KDE2J8MQEd ] height:  109
2019/09/25 23:12:34.331984 [1;35m[INF][m GID 53, currentHeight: 109  chainHeight: 110
2019/09/25 23:12:34.365537 [1;35m[INF][m GID 53,  [SyncSideChain] Side chain [ XDUhwtY9e1qMsM7sei7kJf53KDE2J8MQEd ] height:  110
2019/09/25 23:12:44.064959 [1;33m[WRN][m GID 118, [CheckAndRemoveDepositTransactionsFromDB] Get chain from genesis addres failed.
2019/09/25 23:12:44.065036 [1;35m[INF][m GID 118, Check and remove cross chain transactions from dbcache finished
2019/09/25 23:12:44.077464 [1;35m[INF][m GID 119, Warning side chain mining account:  EL8Zg6LiLPaC9eDQYre3syTqv2vBBig9Nd: 0 EXPtrFJSC689BEq8xfM6EBqoXJaNGmWSkc: 0 EVLZwETnLAuHi4odLyEbwfxLLHapQheRt3: 0 
2019/09/25 23:12:49.542833 [1;35m[INF][m GID 53, currentHeight: 110  chainHeight: 111
2019/09/25 23:12:49.560755 [1;35m[INF][m GID 53,  [SyncSideChain] Side chain [ XDUhwtY9e1qMsM7sei7kJf53KDE2J8MQEd ] height:  111
2019/09/25 23:12:52.624100 [1;35m[INF][m GID 116, [arbitrator] Main chain height:  587
2019/09/25 23:12:53.632976 [1;35m[INF][m GID 116, [arbitrator] Main chain height:  588
2019/09/25 23:13:03.720182 [1;35m[INF][m GID 116, [arbitrator] Main chain height:  589
2019/09/25 23:13:04.720350 [1;35m[INF][m GID 53, currentHeight: 111  chainHeight: 112
2019/09/25 23:13:04.728958 [1;35m[INF][m GID 53,  [SyncSideChain] Side chain [ XDUhwtY9e1qMsM7sei7kJf53KDE2J8MQEd ] height:  112
2019/09/25 23:13:14.910232 [1;35m[INF][m GID 116, [arbitrator] Main chain height:  590
2019/09/25 23:13:19.896845 [1;35m[INF][m GID 53, currentHeight: 112  chainHeight: 113
2019/09/25 23:13:19.903435 [1;35m[INF][m GID 53,  [SyncSideChain] Side chain [ XDUhwtY9e1qMsM7sei7kJf53KDE2J8MQEd ] height:  113
2019/09/25 23:13:27.103487 [1;35m[INF][m GID 116, [arbitrator] Main chain height:  591
2019/09/25 23:13:31.160288 [1;35m[INF][m GID 116, [arbitrator] Main chain height:  592
2019/09/25 23:13:34.075259 [1;35m[INF][m GID 53, currentHeight: 113  chainHeight: 114
2019/09/25 23:13:34.092040 [1;35m[INF][m GID 53,  [SyncSideChain] Side chain [ XDUhwtY9e1qMsM7sei7kJf53KDE2J8MQEd ] height:  114
2019/09/25 23:13:36.236148 [1;35m[INF][m GID 116, [arbitrator] Main chain height:  593
2019/09/25 23:13:44.065749 [1;33m[WRN][m GID 118, [CheckAndRemoveDepositTransactionsFromDB] Get chain from genesis addres failed.
2019/09/25 23:13:44.066004 [1;35m[INF][m GID 118, Check and remove cross chain transactions from dbcache finished
2019/09/25 23:13:44.088504 [1;35m[INF][m GID 119, Warning side chain mining account:  EL8Zg6LiLPaC9eDQYre3syTqv2vBBig9Nd: 0 EXPtrFJSC689BEq8xfM6EBqoXJaNGmWSkc: 0 EVLZwETnLAuHi4odLyEbwfxLLHapQheRt3: 0 
2019/09/25 23:13:49.236593 [1;35m[INF][m GID 53, currentHeight: 114  chainHeight: 115
2019/09/25 23:13:49.251284 [1;35m[INF][m GID 53,  [SyncSideChain] Side chain [ XDUhwtY9e1qMsM7sei7kJf53KDE2J8MQEd ] height:  115
2019/09/25 23:13:56.556584 [1;35m[INF][m GID 116, [arbitrator] Main chain height:  594
2019/09/25 23:14:03.688103 [1;35m[INF][m GID 116, [arbitrator] Main chain height:  595
2019/09/25 23:14:04.450408 [1;35m[INF][m GID 53, currentHeight: 115  chainHeight: 116
2019/09/25 23:14:04.456410 [1;35m[INF][m GID 53,  [SyncSideChain] Side chain [ XDUhwtY9e1qMsM7sei7kJf53KDE2J8MQEd ] height:  116
2019/09/25 23:14:06.112776 [1;35m[INF][m GID 52, currentHeight: 362  chainHeight: 363
2019/09/25 23:14:06.117768 [1;35m[INF][m GID 52,  [SyncSideChain] Side chain [ XVfmhjxGxBKgzYxyXCJTb6YmaRfWPVunj4 ] height:  363
2019/09/25 23:14:19.602409 [1;35m[INF][m GID 53, currentHeight: 116  chainHeight: 117
2019/09/25 23:14:19.650327 [1;35m[INF][m GID 53,  [SyncSideChain] Side chain [ XDUhwtY9e1qMsM7sei7kJf53KDE2J8MQEd ] height:  117
2019/09/25 23:14:32.941745 [1;35m[INF][m GID 116, [arbitrator] Main chain height:  596
2019/09/25 23:14:34.800671 [1;35m[INF][m GID 53, currentHeight: 117  chainHeight: 118
2019/09/25 23:14:34.819321 [1;35m[INF][m GID 53,  [SyncSideChain] Side chain [ XDUhwtY9e1qMsM7sei7kJf53KDE2J8MQEd ] height:  118
2019/09/25 23:14:36.372021 [1;35m[INF][m GID 52, currentHeight: 363  chainHeight: 364
2019/09/25 23:14:36.397003 [1;35m[INF][m GID 52,  [SyncSideChain] Side chain [ XVfmhjxGxBKgzYxyXCJTb6YmaRfWPVunj4 ] height:  364
2019/09/25 23:14:37.411880 [1;35m[INF][m GID 52, currentHeight: 364  chainHeight: 365
2019/09/25 23:14:37.451816 [1;35m[INF][m GID 52,  [SyncSideChain] Side chain [ XVfmhjxGxBKgzYxyXCJTb6YmaRfWPVunj4 ] height:  365
2019/09/25 23:14:40.045552 [1;35m[INF][m GID 116, [arbitrator] Main chain height:  597
2019/09/25 23:14:42.478143 [1;35m[INF][m GID 52, currentHeight: 365  chainHeight: 366
2019/09/25 23:14:42.490209 [1;35m[INF][m GID 52,  [SyncSideChain] Side chain [ XVfmhjxGxBKgzYxyXCJTb6YmaRfWPVunj4 ] height:  366
2019/09/25 23:14:44.066331 [1;33m[WRN][m GID 118, [CheckAndRemoveDepositTransactionsFromDB] Get chain from genesis addres failed.
2019/09/25 23:14:44.066540 [1;35m[INF][m GID 118, Check and remove cross chain transactions from dbcache finished
2019/09/25 23:14:44.107771 [1;35m[INF][m GID 119, Warning side chain mining account:  EL8Zg6LiLPaC9eDQYre3syTqv2vBBig9Nd: 0 EXPtrFJSC689BEq8xfM6EBqoXJaNGmWSkc: 0 EVLZwETnLAuHi4odLyEbwfxLLHapQheRt3: 0 
2019/09/25 23:14:49.924381 [1;35m[INF][m GID 53, currentHeight: 118  chainHeight: 119
2019/09/25 23:14:49.954659 [1;35m[INF][m GID 53,  [SyncSideChain] Side chain [ XDUhwtY9e1qMsM7sei7kJf53KDE2J8MQEd ] height:  119
2019/09/25 23:14:57.717873 [1;35m[INF][m GID 52, currentHeight: 366  chainHeight: 367
2019/09/25 23:14:57.725176 [1;35m[INF][m GID 52,  [SyncSideChain] Side chain [ XVfmhjxGxBKgzYxyXCJTb6YmaRfWPVunj4 ] height:  367
2019/09/25 23:14:58.232427 [1;35m[INF][m GID 116, [arbitrator] Main chain height:  598
2019/09/25 23:15:04.148116 [1;35m[INF][m GID 53, currentHeight: 119  chainHeight: 120
2019/09/25 23:15:04.162147 [1;35m[INF][m GID 53,  [SyncSideChain] Side chain [ XDUhwtY9e1qMsM7sei7kJf53KDE2J8MQEd ] height:  120
2019/09/25 23:15:06.871933 [1;35m[INF][m GID 52, currentHeight: 367  chainHeight: 368
2019/09/25 23:15:06.875003 [1;35m[INF][m GID 52,  [SyncSideChain] Side chain [ XVfmhjxGxBKgzYxyXCJTb6YmaRfWPVunj4 ] height:  368
2019/09/25 23:15:10.889466 [1;35m[INF][m GID 52, currentHeight: 368  chainHeight: 369
2019/09/25 23:15:10.893530 [1;35m[INF][m GID 52,  [SyncSideChain] Side chain [ XVfmhjxGxBKgzYxyXCJTb6YmaRfWPVunj4 ] height:  369
2019/09/25 23:15:13.416671 [1;35m[INF][m GID 116, [arbitrator] Main chain height:  599
2019/09/25 23:15:19.314994 [1;35m[INF][m GID 53, currentHeight: 120  chainHeight: 121
2019/09/25 23:15:19.327726 [1;35m[INF][m GID 53,  [SyncSideChain] Side chain [ XDUhwtY9e1qMsM7sei7kJf53KDE2J8MQEd ] height:  121
2019/09/25 23:15:30.631794 [1;35m[INF][m GID 116, [arbitrator] Main chain height:  600
2019/09/25 23:15:34.519216 [1;35m[INF][m GID 53, currentHeight: 121  chainHeight: 122
2019/09/25 23:15:34.525739 [1;35m[INF][m GID 53,  [SyncSideChain] Side chain [ XDUhwtY9e1qMsM7sei7kJf53KDE2J8MQEd ] height:  122
2019/09/25 23:15:41.285463 [1;35m[INF][m GID 52, currentHeight: 369  chainHeight: 370
2019/09/25 23:15:41.292506 [1;35m[INF][m GID 52,  [SyncSideChain] Side chain [ XVfmhjxGxBKgzYxyXCJTb6YmaRfWPVunj4 ] height:  370
2019/09/25 23:15:43.816251 [1;35m[INF][m GID 116, [arbitrator] Main chain height:  601
2019/09/25 23:15:44.067142 [1;33m[WRN][m GID 118, [CheckAndRemoveDepositTransactionsFromDB] Get chain from genesis addres failed.
2019/09/25 23:15:44.067457 [1;35m[INF][m GID 118, Check and remove cross chain transactions from dbcache finished
2019/09/25 23:15:44.116699 [1;35m[INF][m GID 119, Warning side chain mining account:  EL8Zg6LiLPaC9eDQYre3syTqv2vBBig9Nd: 0 EXPtrFJSC689BEq8xfM6EBqoXJaNGmWSkc: 0 EVLZwETnLAuHi4odLyEbwfxLLHapQheRt3: 0 
2019/09/25 23:15:49.633476 [1;35m[INF][m GID 53, currentHeight: 122  chainHeight: 123
2019/09/25 23:15:49.648455 [1;35m[INF][m GID 53,  [SyncSideChain] Side chain [ XDUhwtY9e1qMsM7sei7kJf53KDE2J8MQEd ] height:  123
2019/09/25 23:15:53.950189 [1;35m[INF][m GID 116, [arbitrator] Main chain height:  602
2019/09/25 23:15:55.399047 [1;35m[INF][m GID 52, currentHeight: 370  chainHeight: 372
2019/09/25 23:15:55.407522 [1;35m[INF][m GID 52,  [SyncSideChain] Side chain [ XVfmhjxGxBKgzYxyXCJTb6YmaRfWPVunj4 ] height:  372
2019/09/25 23:15:58.006316 [1;35m[INF][m GID 116, [arbitrator] Main chain height:  603
2019/09/25 23:16:04.788757 [1;35m[INF][m GID 53, currentHeight: 123  chainHeight: 124
2019/09/25 23:16:04.794798 [1;35m[INF][m GID 53,  [SyncSideChain] Side chain [ XDUhwtY9e1qMsM7sei7kJf53KDE2J8MQEd ] height:  124
2019/09/25 23:16:19.917961 [1;35m[INF][m GID 53, currentHeight: 124  chainHeight: 125
2019/09/25 23:16:19.935204 [1;35m[INF][m GID 53,  [SyncSideChain] Side chain [ XDUhwtY9e1qMsM7sei7kJf53KDE2J8MQEd ] height:  125
2019/09/25 23:16:24.260840 [1;35m[INF][m GID 116, [arbitrator] Main chain height:  604
2019/09/25 23:16:34.045035 [1;35m[INF][m GID 53, currentHeight: 125  chainHeight: 126
2019/09/25 23:16:34.058556 [1;35m[INF][m GID 53,  [SyncSideChain] Side chain [ XDUhwtY9e1qMsM7sei7kJf53KDE2J8MQEd ] height:  126
2019/09/25 23:16:37.780022 [1;35m[INF][m GID 52, currentHeight: 372  chainHeight: 373
2019/09/25 23:16:37.786266 [1;35m[INF][m GID 52,  [SyncSideChain] Side chain [ XVfmhjxGxBKgzYxyXCJTb6YmaRfWPVunj4 ] height:  373
2019/09/25 23:16:44.067911 [1;33m[WRN][m GID 118, [CheckAndRemoveDepositTransactionsFromDB] Get chain from genesis addres failed.
2019/09/25 23:16:44.067977 [1;35m[INF][m GID 118, Check and remove cross chain transactions from dbcache finished
2019/09/25 23:16:44.163784 [1;35m[INF][m GID 119, Warning side chain mining account:  EL8Zg6LiLPaC9eDQYre3syTqv2vBBig9Nd: 0 EXPtrFJSC689BEq8xfM6EBqoXJaNGmWSkc: 0 EVLZwETnLAuHi4odLyEbwfxLLHapQheRt3: 0 
2019/09/25 23:16:46.933379 [1;35m[INF][m GID 52, currentHeight: 373  chainHeight: 374
2019/09/25 23:16:46.964222 [1;35m[INF][m GID 52,  [SyncSideChain] Side chain [ XVfmhjxGxBKgzYxyXCJTb6YmaRfWPVunj4 ] height:  374
2019/09/25 23:16:49.328741 [1;35m[INF][m GID 53, currentHeight: 126  chainHeight: 127
2019/09/25 23:16:49.343664 [1;35m[INF][m GID 53,  [SyncSideChain] Side chain [ XDUhwtY9e1qMsM7sei7kJf53KDE2J8MQEd ] height:  127
2019/09/25 23:16:56.516249 [1;35m[INF][m GID 116, [arbitrator] Main chain height:  605
2019/09/25 23:16:59.535311 [1;35m[INF][m GID 116, [arbitrator] Main chain height:  606
2019/09/25 23:17:04.511829 [1;35m[INF][m GID 53, currentHeight: 127  chainHeight: 128
2019/09/25 23:17:04.540822 [1;35m[INF][m GID 53,  [SyncSideChain] Side chain [ XDUhwtY9e1qMsM7sei7kJf53KDE2J8MQEd ] height:  128
2019/09/25 23:17:07.696765 [1;35m[INF][m GID 116, [arbitrator] Main chain height:  607
2019/09/25 23:17:10.736148 [1;35m[INF][m GID 116, [arbitrator] Main chain height:  608
2019/09/25 23:17:17.804009 [1;35m[INF][m GID 116, [arbitrator] Main chain height:  609
2019/09/25 23:17:19.693603 [1;35m[INF][m GID 53, currentHeight: 128  chainHeight: 129
2019/09/25 23:17:19.699349 [1;35m[INF][m GID 53,  [SyncSideChain] Side chain [ XDUhwtY9e1qMsM7sei7kJf53KDE2J8MQEd ] height:  129
2019/09/25 23:17:24.872486 [1;35m[INF][m GID 116, [arbitrator] Main chain height:  610
2019/09/25 23:17:34.014250 [1;35m[INF][m GID 116, [arbitrator] Main chain height:  611
2019/09/25 23:17:34.827948 [1;35m[INF][m GID 53, currentHeight: 129  chainHeight: 130
2019/09/25 23:17:34.843915 [1;35m[INF][m GID 53,  [SyncSideChain] Side chain [ XDUhwtY9e1qMsM7sei7kJf53KDE2J8MQEd ] height:  130
2019/09/25 23:17:44.068456 [1;33m[WRN][m GID 118, [CheckAndRemoveDepositTransactionsFromDB] Get chain from genesis addres failed.
2019/09/25 23:17:44.068537 [1;35m[INF][m GID 118, Check and remove cross chain transactions from dbcache finished
2019/09/25 23:17:44.188279 [1;35m[INF][m GID 119, Warning side chain mining account:  EL8Zg6LiLPaC9eDQYre3syTqv2vBBig9Nd: 0 EXPtrFJSC689BEq8xfM6EBqoXJaNGmWSkc: 0 EVLZwETnLAuHi4odLyEbwfxLLHapQheRt3: 0 
2019/09/25 23:17:47.151257 [1;35m[INF][m GID 116, [arbitrator] Main chain height:  612
2019/09/25 23:17:47.519290 [1;35m[INF][m GID 52, currentHeight: 374  chainHeight: 375
2019/09/25 23:17:47.540165 [1;35m[INF][m GID 52,  [SyncSideChain] Side chain [ XVfmhjxGxBKgzYxyXCJTb6YmaRfWPVunj4 ] height:  375
2019/09/25 23:17:50.008402 [1;35m[INF][m GID 53, currentHeight: 130  chainHeight: 131
2019/09/25 23:17:50.017852 [1;35m[INF][m GID 53,  [SyncSideChain] Side chain [ XDUhwtY9e1qMsM7sei7kJf53KDE2J8MQEd ] height:  131
2019/09/25 23:17:55.256852 [1;35m[INF][m GID 116, [arbitrator] Main chain height:  613
2019/09/25 23:17:58.284460 [1;35m[INF][m GID 116, [arbitrator] Main chain height:  614
2019/09/25 23:18:04.102857 [1;35m[INF][m GID 53, currentHeight: 131  chainHeight: 132
2019/09/25 23:18:04.115626 [1;35m[INF][m GID 53,  [SyncSideChain] Side chain [ XDUhwtY9e1qMsM7sei7kJf53KDE2J8MQEd ] height:  132
2019/09/25 23:18:15.552825 [1;35m[INF][m GID 116, [arbitrator] Main chain height:  615
2019/09/25 23:18:19.280836 [1;35m[INF][m GID 53, currentHeight: 132  chainHeight: 133
2019/09/25 23:18:19.305822 [1;35m[INF][m GID 53,  [SyncSideChain] Side chain [ XDUhwtY9e1qMsM7sei7kJf53KDE2J8MQEd ] height:  133
2019/09/25 23:18:21.634390 [1;35m[INF][m GID 116, [arbitrator] Main chain height:  616
2019/09/25 23:18:25.789483 [1;35m[INF][m GID 52, currentHeight: 375  chainHeight: 376
2019/09/25 23:18:25.798532 [1;35m[INF][m GID 52,  [SyncSideChain] Side chain [ XVfmhjxGxBKgzYxyXCJTb6YmaRfWPVunj4 ] height:  376
2019/09/25 23:18:29.843772 [1;35m[INF][m GID 52, currentHeight: 376  chainHeight: 377
2019/09/25 23:18:29.896877 [1;35m[INF][m GID 52,  [SyncSideChain] Side chain [ XVfmhjxGxBKgzYxyXCJTb6YmaRfWPVunj4 ] height:  377
2019/09/25 23:18:33.727431 [1;35m[INF][m GID 116, [arbitrator] Main chain height:  617
2019/09/25 23:18:34.430549 [1;35m[INF][m GID 53, currentHeight: 133  chainHeight: 134
2019/09/25 23:18:34.437062 [1;35m[INF][m GID 53,  [SyncSideChain] Side chain [ XDUhwtY9e1qMsM7sei7kJf53KDE2J8MQEd ] height:  134
2019/09/25 23:18:38.934309 [1;35m[INF][m GID 52, currentHeight: 377  chainHeight: 378
2019/09/25 23:18:38.938372 [1;35m[INF][m GID 52,  [SyncSideChain] Side chain [ XVfmhjxGxBKgzYxyXCJTb6YmaRfWPVunj4 ] height:  378
2019/09/25 23:18:40.857325 [1;35m[INF][m GID 116, [arbitrator] Main chain height:  618
2019/09/25 23:18:44.076212 [1;33m[WRN][m GID 118, [CheckAndRemoveDepositTransactionsFromDB] Get chain from genesis addres failed.
2019/09/25 23:18:44.076305 [1;35m[INF][m GID 118, Check and remove cross chain transactions from dbcache finished
2019/09/25 23:18:44.246901 [1;35m[INF][m GID 119, Warning side chain mining account:  EL8Zg6LiLPaC9eDQYre3syTqv2vBBig9Nd: 0 EXPtrFJSC689BEq8xfM6EBqoXJaNGmWSkc: 0 EVLZwETnLAuHi4odLyEbwfxLLHapQheRt3: 0 
2019/09/25 23:18:49.600761 [1;35m[INF][m GID 53, currentHeight: 134  chainHeight: 135
2019/09/25 23:18:49.606828 [1;35m[INF][m GID 53,  [SyncSideChain] Side chain [ XDUhwtY9e1qMsM7sei7kJf53KDE2J8MQEd ] height:  135
2019/09/25 23:18:52.112100 [1;35m[INF][m GID 52, currentHeight: 378  chainHeight: 379
2019/09/25 23:18:52.122360 [1;35m[INF][m GID 52,  [SyncSideChain] Side chain [ XVfmhjxGxBKgzYxyXCJTb6YmaRfWPVunj4 ] height:  379
2019/09/25 23:19:04.726559 [1;35m[INF][m GID 53, currentHeight: 135  chainHeight: 136
2019/09/25 23:19:04.739472 [1;35m[INF][m GID 53,  [SyncSideChain] Side chain [ XDUhwtY9e1qMsM7sei7kJf53KDE2J8MQEd ] height:  136
2019/09/25 23:19:11.044533 [1;35m[INF][m GID 116, [arbitrator] Main chain height:  619
2019/09/25 23:19:18.095460 [1;35m[INF][m GID 116, [arbitrator] Main chain height:  620
2019/09/25 23:19:19.864161 [1;35m[INF][m GID 53, currentHeight: 136  chainHeight: 137
2019/09/25 23:19:19.877966 [1;35m[INF][m GID 53,  [SyncSideChain] Side chain [ XDUhwtY9e1qMsM7sei7kJf53KDE2J8MQEd ] height:  137
2019/09/25 23:19:20.278223 [1;35m[INF][m GID 52, currentHeight: 379  chainHeight: 380
2019/09/25 23:19:20.281094 [1;35m[INF][m GID 52,  [SyncSideChain] Side chain [ XVfmhjxGxBKgzYxyXCJTb6YmaRfWPVunj4 ] height:  380
2019/09/25 23:19:22.153304 [1;35m[INF][m GID 116, [arbitrator] Main chain height:  621
2019/09/25 23:19:25.342733 [1;35m[INF][m GID 52, currentHeight: 380  chainHeight: 381
2019/09/25 23:19:25.366761 [1;35m[INF][m GID 52,  [SyncSideChain] Side chain [ XVfmhjxGxBKgzYxyXCJTb6YmaRfWPVunj4 ] height:  381
2019/09/25 23:19:34.948463 [1;35m[INF][m GID 53, currentHeight: 137  chainHeight: 138
2019/09/25 23:19:34.955725 [1;35m[INF][m GID 53,  [SyncSideChain] Side chain [ XDUhwtY9e1qMsM7sei7kJf53KDE2J8MQEd ] height:  138
2019/09/25 23:19:40.310097 [1;35m[INF][m GID 116, [arbitrator] Main chain height:  622
2019/09/25 23:19:44.077372 [1;33m[WRN][m GID 118, [CheckAndRemoveDepositTransactionsFromDB] Get chain from genesis addres failed.
2019/09/25 23:19:44.077627 [1;35m[INF][m GID 118, Check and remove cross chain transactions from dbcache finished
2019/09/25 23:19:44.260232 [1;35m[INF][m GID 119, Warning side chain mining account:  EL8Zg6LiLPaC9eDQYre3syTqv2vBBig9Nd: 0 EXPtrFJSC689BEq8xfM6EBqoXJaNGmWSkc: 0 EVLZwETnLAuHi4odLyEbwfxLLHapQheRt3: 0 
2019/09/25 23:19:45.611780 [1;35m[INF][m GID 52, currentHeight: 381  chainHeight: 382
2019/09/25 23:19:45.631613 [1;35m[INF][m GID 52,  [SyncSideChain] Side chain [ XVfmhjxGxBKgzYxyXCJTb6YmaRfWPVunj4 ] height:  382
2019/09/25 23:19:49.073470 [1;35m[INF][m GID 53, currentHeight: 138  chainHeight: 139
2019/09/25 23:19:49.097553 [1;35m[INF][m GID 53,  [SyncSideChain] Side chain [ XDUhwtY9e1qMsM7sei7kJf53KDE2J8MQEd ] height:  139
2019/09/25 23:19:50.464090 [1;35m[INF][m GID 116, [arbitrator] Main chain height:  623
2019/09/25 23:19:56.505539 [1;35m[INF][m GID 116, [arbitrator] Main chain height:  624
2019/09/25 23:20:04.257595 [1;35m[INF][m GID 53, currentHeight: 139  chainHeight: 140
2019/09/25 23:20:04.284953 [1;35m[INF][m GID 53,  [SyncSideChain] Side chain [ XDUhwtY9e1qMsM7sei7kJf53KDE2J8MQEd ] height:  140
2019/09/25 23:20:04.573484 [1;35m[INF][m GID 116, [arbitrator] Main chain height:  625
2019/09/25 23:20:19.032233 [1;35m[INF][m GID 52, currentHeight: 382  chainHeight: 383
2019/09/25 23:20:19.037859 [1;35m[INF][m GID 52,  [SyncSideChain] Side chain [ XVfmhjxGxBKgzYxyXCJTb6YmaRfWPVunj4 ] height:  383
2019/09/25 23:20:19.371756 [1;35m[INF][m GID 53, currentHeight: 140  chainHeight: 141
2019/09/25 23:20:19.388476 [1;35m[INF][m GID 53,  [SyncSideChain] Side chain [ XDUhwtY9e1qMsM7sei7kJf53KDE2J8MQEd ] height:  141
2019/09/25 23:20:21.930235 [1;35m[INF][m GID 116, [arbitrator] Main chain height:  626
2019/09/25 23:20:29.002103 [1;35m[INF][m GID 116, [arbitrator] Main chain height:  627
2019/09/25 23:20:31.152178 [1;35m[INF][m GID 52, currentHeight: 383  chainHeight: 384
2019/09/25 23:20:31.157400 [1;35m[INF][m GID 52,  [SyncSideChain] Side chain [ XVfmhjxGxBKgzYxyXCJTb6YmaRfWPVunj4 ] height:  384
2019/09/25 23:20:34.550996 [1;35m[INF][m GID 53, currentHeight: 141  chainHeight: 142
2019/09/25 23:20:34.567886 [1;35m[INF][m GID 53,  [SyncSideChain] Side chain [ XDUhwtY9e1qMsM7sei7kJf53KDE2J8MQEd ] height:  142
2019/09/25 23:20:38.215909 [1;35m[INF][m GID 52, currentHeight: 384  chainHeight: 385
2019/09/25 23:20:38.225617 [1;35m[INF][m GID 52,  [SyncSideChain] Side chain [ XVfmhjxGxBKgzYxyXCJTb6YmaRfWPVunj4 ] height:  385
2019/09/25 23:20:41.089156 [1;35m[INF][m GID 116, [arbitrator] Main chain height:  628
2019/09/25 23:20:44.083995 [1;33m[WRN][m GID 118, [CheckAndRemoveDepositTransactionsFromDB] Get chain from genesis addres failed.
2019/09/25 23:20:44.084112 [1;35m[INF][m GID 118, Check and remove cross chain transactions from dbcache finished
2019/09/25 23:20:44.268999 [1;35m[INF][m GID 119, Warning side chain mining account:  EL8Zg6LiLPaC9eDQYre3syTqv2vBBig9Nd: 0 EXPtrFJSC689BEq8xfM6EBqoXJaNGmWSkc: 0 EVLZwETnLAuHi4odLyEbwfxLLHapQheRt3: 0 
2019/09/25 23:20:48.208238 [1;35m[INF][m GID 116, [arbitrator] Main chain height:  629
2019/09/25 23:20:49.707744 [1;35m[INF][m GID 53, currentHeight: 142  chainHeight: 143
2019/09/25 23:20:49.713822 [1;35m[INF][m GID 53,  [SyncSideChain] Side chain [ XDUhwtY9e1qMsM7sei7kJf53KDE2J8MQEd ] height:  143
2019/09/25 23:20:55.305304 [1;35m[INF][m GID 116, [arbitrator] Main chain height:  630
2019/09/25 23:21:04.839334 [1;35m[INF][m GID 53, currentHeight: 143  chainHeight: 144
2019/09/25 23:21:04.890582 [1;35m[INF][m GID 53,  [SyncSideChain] Side chain [ XDUhwtY9e1qMsM7sei7kJf53KDE2J8MQEd ] height:  144
2019/09/25 23:21:09.518847 [1;35m[INF][m GID 116, [arbitrator] Main chain height:  631
2019/09/25 23:21:19.072498 [1;35m[INF][m GID 53, currentHeight: 144  chainHeight: 145
2019/09/25 23:21:19.084857 [1;35m[INF][m GID 53,  [SyncSideChain] Side chain [ XDUhwtY9e1qMsM7sei7kJf53KDE2J8MQEd ] height:  145
2019/09/25 23:21:34.242945 [1;35m[INF][m GID 53, currentHeight: 145  chainHeight: 146
2019/09/25 23:21:34.282313 [1;35m[INF][m GID 53,  [SyncSideChain] Side chain [ XDUhwtY9e1qMsM7sei7kJf53KDE2J8MQEd ] height:  146
2019/09/25 23:21:36.736266 [1;35m[INF][m GID 116, [arbitrator] Main chain height:  632
2019/09/25 23:21:44.085349 [1;33m[WRN][m GID 118, [CheckAndRemoveDepositTransactionsFromDB] Get chain from genesis addres failed.
2019/09/25 23:21:44.085508 [1;35m[INF][m GID 118, Check and remove cross chain transactions from dbcache finished
2019/09/25 23:21:44.294156 [1;35m[INF][m GID 119, Warning side chain mining account:  EL8Zg6LiLPaC9eDQYre3syTqv2vBBig9Nd: 0 EXPtrFJSC689BEq8xfM6EBqoXJaNGmWSkc: 0 EVLZwETnLAuHi4odLyEbwfxLLHapQheRt3: 0 
2019/09/25 23:21:49.400379 [1;35m[INF][m GID 53, currentHeight: 146  chainHeight: 147
2019/09/25 23:21:49.454843 [1;35m[INF][m GID 53,  [SyncSideChain] Side chain [ XDUhwtY9e1qMsM7sei7kJf53KDE2J8MQEd ] height:  147
2019/09/25 23:21:51.935732 [1;35m[INF][m GID 116, [arbitrator] Main chain height:  633
2019/09/25 23:21:54.984368 [1;35m[INF][m GID 116, [arbitrator] Main chain height:  634
2019/09/25 23:22:02.047872 [1;35m[INF][m GID 116, [arbitrator] Main chain height:  635
2019/09/25 23:22:04.668029 [1;35m[INF][m GID 53, currentHeight: 147  chainHeight: 148
2019/09/25 23:22:04.678862 [1;35m[INF][m GID 53,  [SyncSideChain] Side chain [ XDUhwtY9e1qMsM7sei7kJf53KDE2J8MQEd ] height:  148
2019/09/25 23:22:15.111613 [1;35m[INF][m GID 52, currentHeight: 385  chainHeight: 386
2019/09/25 23:22:15.126693 [1;35m[INF][m GID 52,  [SyncSideChain] Side chain [ XVfmhjxGxBKgzYxyXCJTb6YmaRfWPVunj4 ] height:  386
2019/09/25 23:22:15.183966 [1;35m[INF][m GID 116, [arbitrator] Main chain height:  636
2019/09/25 23:22:19.837297 [1;35m[INF][m GID 53, currentHeight: 148  chainHeight: 149
2019/09/25 23:22:19.844009 [1;35m[INF][m GID 53,  [SyncSideChain] Side chain [ XDUhwtY9e1qMsM7sei7kJf53KDE2J8MQEd ] height:  149
2019/09/25 23:22:25.162656 [1;35m[INF][m GID 52, currentHeight: 386  chainHeight: 387
2019/09/25 23:22:25.168092 [1;35m[INF][m GID 52,  [SyncSideChain] Side chain [ XVfmhjxGxBKgzYxyXCJTb6YmaRfWPVunj4 ] height:  387
2019/09/25 23:22:32.408292 [1;35m[INF][m GID 116, [arbitrator] Main chain height:  637
2019/09/25 23:22:34.053883 [1;35m[INF][m GID 53, currentHeight: 149  chainHeight: 150
2019/09/25 23:22:34.058533 [1;35m[INF][m GID 53,  [SyncSideChain] Side chain [ XDUhwtY9e1qMsM7sei7kJf53KDE2J8MQEd ] height:  150
2019/09/25 23:22:34.304228 [1;35m[INF][m GID 52, currentHeight: 387  chainHeight: 389
2019/09/25 23:22:34.318450 [1;35m[INF][m GID 52,  [SyncSideChain] Side chain [ XVfmhjxGxBKgzYxyXCJTb6YmaRfWPVunj4 ] height:  389
2019/09/25 23:22:39.377070 [1;35m[INF][m GID 52, currentHeight: 389  chainHeight: 390
2019/09/25 23:22:39.395571 [1;35m[INF][m GID 52,  [SyncSideChain] Side chain [ XVfmhjxGxBKgzYxyXCJTb6YmaRfWPVunj4 ] height:  390
2019/09/25 23:22:44.130005 [1;33m[WRN][m GID 118, [CheckAndRemoveDepositTransactionsFromDB] Get chain from genesis addres failed.
2019/09/25 23:22:44.130466 [1;35m[INF][m GID 118, Check and remove cross chain transactions from dbcache finished
2019/09/25 23:22:44.303926 [1;35m[INF][m GID 119, Warning side chain mining account:  EL8Zg6LiLPaC9eDQYre3syTqv2vBBig9Nd: 0 EXPtrFJSC689BEq8xfM6EBqoXJaNGmWSkc: 0 EVLZwETnLAuHi4odLyEbwfxLLHapQheRt3: 0 
2019/09/25 23:22:48.515931 [1;35m[INF][m GID 116, [arbitrator] Main chain height:  639
2019/09/25 23:22:49.163463 [1;35m[INF][m GID 53, currentHeight: 150  chainHeight: 151
2019/09/25 23:22:49.179573 [1;35m[INF][m GID 53,  [SyncSideChain] Side chain [ XDUhwtY9e1qMsM7sei7kJf53KDE2J8MQEd ] height:  151
2019/09/25 23:22:58.534713 [1;35m[INF][m GID 52, currentHeight: 390  chainHeight: 391
2019/09/25 23:22:58.568088 [1;35m[INF][m GID 116, [arbitrator] Main chain height:  640
2019/09/25 23:22:58.572598 [1;35m[INF][m GID 52,  [SyncSideChain] Side chain [ XVfmhjxGxBKgzYxyXCJTb6YmaRfWPVunj4 ] height:  391
2019/09/25 23:23:04.294191 [1;35m[INF][m GID 53, currentHeight: 151  chainHeight: 152
2019/09/25 23:23:04.299146 [1;35m[INF][m GID 53,  [SyncSideChain] Side chain [ XDUhwtY9e1qMsM7sei7kJf53KDE2J8MQEd ] height:  152
2019/09/25 23:23:10.684331 [1;35m[INF][m GID 116, [arbitrator] Main chain height:  641
2019/09/25 23:23:13.716149 [1;35m[INF][m GID 52, currentHeight: 391  chainHeight: 392
2019/09/25 23:23:13.730940 [1;35m[INF][m GID 52,  [SyncSideChain] Side chain [ XVfmhjxGxBKgzYxyXCJTb6YmaRfWPVunj4 ] height:  392
2019/09/25 23:23:15.734299 [1;35m[INF][m GID 52, currentHeight: 392  chainHeight: 393
2019/09/25 23:23:15.742853 [1;35m[INF][m GID 52,  [SyncSideChain] Side chain [ XVfmhjxGxBKgzYxyXCJTb6YmaRfWPVunj4 ] height:  393
2019/09/25 23:23:19.461691 [1;35m[INF][m GID 53, currentHeight: 152  chainHeight: 153
2019/09/25 23:23:19.467644 [1;35m[INF][m GID 53,  [SyncSideChain] Side chain [ XDUhwtY9e1qMsM7sei7kJf53KDE2J8MQEd ] height:  153
2019/09/25 23:23:19.786331 [1;35m[INF][m GID 52, currentHeight: 393  chainHeight: 394
2019/09/25 23:23:19.789965 [1;35m[INF][m GID 52,  [SyncSideChain] Side chain [ XVfmhjxGxBKgzYxyXCJTb6YmaRfWPVunj4 ] height:  394
2019/09/25 23:23:20.832320 [1;35m[INF][m GID 116, [arbitrator] Main chain height:  642
2019/09/25 23:23:30.948518 [1;35m[INF][m GID 116, [arbitrator] Main chain height:  643
2019/09/25 23:23:32.918850 [1;35m[INF][m GID 52, currentHeight: 394  chainHeight: 395
2019/09/25 23:23:32.929497 [1;35m[INF][m GID 52,  [SyncSideChain] Side chain [ XVfmhjxGxBKgzYxyXCJTb6YmaRfWPVunj4 ] height:  395
2019/09/25 23:23:34.557885 [1;35m[INF][m GID 53, currentHeight: 153  chainHeight: 154
2019/09/25 23:23:34.603292 [1;35m[INF][m GID 53,  [SyncSideChain] Side chain [ XDUhwtY9e1qMsM7sei7kJf53KDE2J8MQEd ] height:  154
2019/09/25 23:23:44.063574 [1;35m[INF][m GID 52, currentHeight: 395  chainHeight: 396
2019/09/25 23:23:44.074800 [1;35m[INF][m GID 52,  [SyncSideChain] Side chain [ XVfmhjxGxBKgzYxyXCJTb6YmaRfWPVunj4 ] height:  396
2019/09/25 23:23:44.131854 [1;33m[WRN][m GID 118, [CheckAndRemoveDepositTransactionsFromDB] Get chain from genesis addres failed.
2019/09/25 23:23:44.132030 [1;35m[INF][m GID 118, Check and remove cross chain transactions from dbcache finished
2019/09/25 23:23:44.305729 [1;35m[INF][m GID 119, Warning side chain mining account:  EL8Zg6LiLPaC9eDQYre3syTqv2vBBig9Nd: 0 EXPtrFJSC689BEq8xfM6EBqoXJaNGmWSkc: 0 EVLZwETnLAuHi4odLyEbwfxLLHapQheRt3: 0 
2019/09/25 23:23:49.743272 [1;35m[INF][m GID 53, currentHeight: 154  chainHeight: 155
2019/09/25 23:23:49.755203 [1;35m[INF][m GID 53,  [SyncSideChain] Side chain [ XDUhwtY9e1qMsM7sei7kJf53KDE2J8MQEd ] height:  155
2019/09/25 23:24:00.255880 [1;35m[INF][m GID 116, [arbitrator] Main chain height:  644
2019/09/25 23:24:04.988213 [1;35m[INF][m GID 53, currentHeight: 155  chainHeight: 156
2019/09/25 23:24:05.042434 [1;35m[INF][m GID 53,  [SyncSideChain] Side chain [ XDUhwtY9e1qMsM7sei7kJf53KDE2J8MQEd ] height:  156
2019/09/25 23:24:16.429042 [1;35m[INF][m GID 116, [arbitrator] Main chain height:  645
2019/09/25 23:24:19.176050 [1;35m[INF][m GID 53, currentHeight: 156  chainHeight: 157
2019/09/25 23:24:19.191372 [1;35m[INF][m GID 53,  [SyncSideChain] Side chain [ XDUhwtY9e1qMsM7sei7kJf53KDE2J8MQEd ] height:  157
2019/09/25 23:24:20.417074 [1;35m[INF][m GID 52, currentHeight: 396  chainHeight: 398
2019/09/25 23:24:20.464056 [1;35m[INF][m GID 52,  [SyncSideChain] Side chain [ XVfmhjxGxBKgzYxyXCJTb6YmaRfWPVunj4 ] height:  398
2019/09/25 23:24:20.464735 [1;35m[INF][m GID 116, [arbitrator] Main chain height:  646
2019/09/25 23:24:24.476406 [1;35m[INF][m GID 52, currentHeight: 398  chainHeight: 399
2019/09/25 23:24:24.496704 [1;35m[INF][m GID 52,  [SyncSideChain] Side chain [ XVfmhjxGxBKgzYxyXCJTb6YmaRfWPVunj4 ] height:  399
2019/09/25 23:24:34.338270 [1;35m[INF][m GID 53, currentHeight: 157  chainHeight: 158
2019/09/25 23:24:34.359127 [1;35m[INF][m GID 53,  [SyncSideChain] Side chain [ XDUhwtY9e1qMsM7sei7kJf53KDE2J8MQEd ] height:  158
2019/09/25 23:24:38.591069 [1;35m[INF][m GID 116, [arbitrator] Main chain height:  647
2019/09/25 23:24:44.133056 [1;33m[WRN][m GID 118, [CheckAndRemoveDepositTransactionsFromDB] Get chain from genesis addres failed.
2019/09/25 23:24:44.133235 [1;35m[INF][m GID 118, Check and remove cross chain transactions from dbcache finished
2019/09/25 23:24:44.307114 [1;35m[INF][m GID 119, Warning side chain mining account:  EL8Zg6LiLPaC9eDQYre3syTqv2vBBig9Nd: 0 EXPtrFJSC689BEq8xfM6EBqoXJaNGmWSkc: 0 EVLZwETnLAuHi4odLyEbwfxLLHapQheRt3: 0 
2019/09/25 23:24:48.735996 [1;35m[INF][m GID 52, currentHeight: 399  chainHeight: 400
2019/09/25 23:24:48.757367 [1;35m[INF][m GID 52,  [SyncSideChain] Side chain [ XVfmhjxGxBKgzYxyXCJTb6YmaRfWPVunj4 ] height:  400
2019/09/25 23:24:49.520069 [1;35m[INF][m GID 53, currentHeight: 158  chainHeight: 159
2019/09/25 23:24:49.544397 [1;35m[INF][m GID 53,  [SyncSideChain] Side chain [ XDUhwtY9e1qMsM7sei7kJf53KDE2J8MQEd ] height:  159
2019/09/25 23:24:54.871470 [1;35m[INF][m GID 116, [arbitrator] Main chain height:  648
2019/09/25 23:24:57.843678 [1;35m[INF][m GID 52, currentHeight: 400  chainHeight: 401
2019/09/25 23:24:57.846745 [1;35m[INF][m GID 52,  [SyncSideChain] Side chain [ XVfmhjxGxBKgzYxyXCJTb6YmaRfWPVunj4 ] height:  401
2019/09/25 23:25:01.932786 [1;35m[INF][m GID 116, [arbitrator] Main chain height:  649
2019/09/25 23:25:04.661731 [1;35m[INF][m GID 53, currentHeight: 159  chainHeight: 160
2019/09/25 23:25:04.695888 [1;35m[INF][m GID 53,  [SyncSideChain] Side chain [ XDUhwtY9e1qMsM7sei7kJf53KDE2J8MQEd ] height:  160
2019/09/25 23:25:15.022100 [1;35m[INF][m GID 52, currentHeight: 401  chainHeight: 402
2019/09/25 23:25:15.029717 [1;35m[INF][m GID 52,  [SyncSideChain] Side chain [ XVfmhjxGxBKgzYxyXCJTb6YmaRfWPVunj4 ] height:  402
2019/09/25 23:25:18.204981 [1;35m[INF][m GID 116, [arbitrator] Main chain height:  650
2019/09/25 23:25:19.807890 [1;35m[INF][m GID 53, currentHeight: 160  chainHeight: 161
2019/09/25 23:25:19.825031 [1;35m[INF][m GID 53,  [SyncSideChain] Side chain [ XDUhwtY9e1qMsM7sei7kJf53KDE2J8MQEd ] height:  161
2019/09/25 23:25:29.135796 [1;35m[INF][m GID 52, currentHeight: 402  chainHeight: 403
2019/09/25 23:25:29.147442 [1;35m[INF][m GID 52,  [SyncSideChain] Side chain [ XVfmhjxGxBKgzYxyXCJTb6YmaRfWPVunj4 ] height:  403
2019/09/25 23:25:33.359357 [1;35m[INF][m GID 116, [arbitrator] Main chain height:  651
2019/09/25 23:25:34.986284 [1;35m[INF][m GID 53, currentHeight: 161  chainHeight: 162
2019/09/25 23:25:35.010803 [1;35m[INF][m GID 53,  [SyncSideChain] Side chain [ XDUhwtY9e1qMsM7sei7kJf53KDE2J8MQEd ] height:  162
2019/09/25 23:25:44.134277 [1;33m[WRN][m GID 118, [CheckAndRemoveDepositTransactionsFromDB] Get chain from genesis addres failed.
2019/09/25 23:25:44.134348 [1;35m[INF][m GID 118, Check and remove cross chain transactions from dbcache finished
2019/09/25 23:25:44.309106 [1;35m[INF][m GID 119, Warning side chain mining account:  EL8Zg6LiLPaC9eDQYre3syTqv2vBBig9Nd: 0 EXPtrFJSC689BEq8xfM6EBqoXJaNGmWSkc: 0 EVLZwETnLAuHi4odLyEbwfxLLHapQheRt3: 0 
2019/09/25 23:25:45.657579 [1;35m[INF][m GID 116, [arbitrator] Main chain height:  652
2019/09/25 23:25:49.160767 [1;35m[INF][m GID 53, currentHeight: 162  chainHeight: 163
2019/09/25 23:25:49.184294 [1;35m[INF][m GID 53,  [SyncSideChain] Side chain [ XDUhwtY9e1qMsM7sei7kJf53KDE2J8MQEd ] height:  163
2019/09/25 23:25:50.728741 [1;35m[INF][m GID 116, [arbitrator] Main chain height:  653
2019/09/25 23:25:55.810405 [1;35m[INF][m GID 116, [arbitrator] Main chain height:  654
2019/09/25 23:26:04.356620 [1;35m[INF][m GID 53, currentHeight: 163  chainHeight: 164
2019/09/25 23:26:04.381743 [1;35m[INF][m GID 53,  [SyncSideChain] Side chain [ XDUhwtY9e1qMsM7sei7kJf53KDE2J8MQEd ] height:  164
2019/09/25 23:26:05.475651 [1;35m[INF][m GID 52, currentHeight: 403  chainHeight: 404
2019/09/25 23:26:05.515622 [1;35m[INF][m GID 52,  [SyncSideChain] Side chain [ XVfmhjxGxBKgzYxyXCJTb6YmaRfWPVunj4 ] height:  404
2019/09/25 23:26:15.591923 [1;35m[INF][m GID 52, currentHeight: 404  chainHeight: 405
2019/09/25 23:26:15.606031 [1;35m[INF][m GID 52,  [SyncSideChain] Side chain [ XVfmhjxGxBKgzYxyXCJTb6YmaRfWPVunj4 ] height:  405
2019/09/25 23:26:19.502553 [1;35m[INF][m GID 53, currentHeight: 164  chainHeight: 165
2019/09/25 23:26:19.508071 [1;35m[INF][m GID 53,  [SyncSideChain] Side chain [ XDUhwtY9e1qMsM7sei7kJf53KDE2J8MQEd ] height:  165
2019/09/25 23:26:26.043616 [1;35m[INF][m GID 116, [arbitrator] Main chain height:  655
2019/09/25 23:26:34.669477 [1;35m[INF][m GID 53, currentHeight: 165  chainHeight: 166
2019/09/25 23:26:34.674893 [1;35m[INF][m GID 53,  [SyncSideChain] Side chain [ XDUhwtY9e1qMsM7sei7kJf53KDE2J8MQEd ] height:  166
2019/09/25 23:26:40.322569 [1;35m[INF][m GID 116, [arbitrator] Main chain height:  656
2019/09/25 23:26:44.135994 [1;33m[WRN][m GID 118, [CheckAndRemoveDepositTransactionsFromDB] Get chain from genesis addres failed.
2019/09/25 23:26:44.136084 [1;35m[INF][m GID 118, Check and remove cross chain transactions from dbcache finished
2019/09/25 23:26:44.324217 [1;35m[INF][m GID 119, Warning side chain mining account:  EL8Zg6LiLPaC9eDQYre3syTqv2vBBig9Nd: 0 EXPtrFJSC689BEq8xfM6EBqoXJaNGmWSkc: 0 EVLZwETnLAuHi4odLyEbwfxLLHapQheRt3: 0 
2019/09/25 23:26:47.940280 [1;35m[INF][m GID 52, currentHeight: 405  chainHeight: 406
2019/09/25 23:26:47.947704 [1;35m[INF][m GID 52,  [SyncSideChain] Side chain [ XVfmhjxGxBKgzYxyXCJTb6YmaRfWPVunj4 ] height:  406
2019/09/25 23:26:48.372553 [1;35m[INF][m GID 116, [arbitrator] Main chain height:  657
2019/09/25 23:26:49.769040 [1;35m[INF][m GID 53, currentHeight: 166  chainHeight: 167
2019/09/25 23:26:49.782391 [1;35m[INF][m GID 53,  [SyncSideChain] Side chain [ XDUhwtY9e1qMsM7sei7kJf53KDE2J8MQEd ] height:  167
2019/09/25 23:26:55.472708 [1;35m[INF][m GID 116, [arbitrator] Main chain height:  658
2019/09/25 23:27:03.027566 [1;35m[INF][m GID 52, currentHeight: 406  chainHeight: 407
2019/09/25 23:27:03.033179 [1;35m[INF][m GID 52,  [SyncSideChain] Side chain [ XVfmhjxGxBKgzYxyXCJTb6YmaRfWPVunj4 ] height:  407
2019/09/25 23:27:04.963920 [1;35m[INF][m GID 53, currentHeight: 167  chainHeight: 168
2019/09/25 23:27:04.982258 [1;35m[INF][m GID 53,  [SyncSideChain] Side chain [ XDUhwtY9e1qMsM7sei7kJf53KDE2J8MQEd ] height:  168
2019/09/25 23:27:15.657372 [1;35m[INF][m GID 116, [arbitrator] Main chain height:  659
2019/09/25 23:27:17.101105 [1;35m[INF][m GID 52, currentHeight: 407  chainHeight: 408
2019/09/25 23:27:17.147992 [1;35m[INF][m GID 52,  [SyncSideChain] Side chain [ XVfmhjxGxBKgzYxyXCJTb6YmaRfWPVunj4 ] height:  408
2019/09/25 23:27:19.190115 [1;35m[INF][m GID 53, currentHeight: 168  chainHeight: 169
2019/09/25 23:27:19.200702 [1;35m[INF][m GID 53,  [SyncSideChain] Side chain [ XDUhwtY9e1qMsM7sei7kJf53KDE2J8MQEd ] height:  169
2019/09/25 23:27:26.821546 [1;35m[INF][m GID 116, [arbitrator] Main chain height:  660
2019/09/25 23:27:28.251732 [1;35m[INF][m GID 52, currentHeight: 408  chainHeight: 409
2019/09/25 23:27:28.255415 [1;35m[INF][m GID 52,  [SyncSideChain] Side chain [ XVfmhjxGxBKgzYxyXCJTb6YmaRfWPVunj4 ] height:  409
2019/09/25 23:27:34.380412 [1;35m[INF][m GID 53, currentHeight: 169  chainHeight: 170
2019/09/25 23:27:34.409547 [1;35m[INF][m GID 53,  [SyncSideChain] Side chain [ XDUhwtY9e1qMsM7sei7kJf53KDE2J8MQEd ] height:  170
2019/09/25 23:27:39.348731 [1;35m[INF][m GID 52, currentHeight: 409  chainHeight: 410
2019/09/25 23:27:39.371858 [1;35m[INF][m GID 52,  [SyncSideChain] Side chain [ XVfmhjxGxBKgzYxyXCJTb6YmaRfWPVunj4 ] height:  410
2019/09/25 23:27:44.144072 [1;33m[WRN][m GID 118, [CheckAndRemoveDepositTransactionsFromDB] Get chain from genesis addres failed.
2019/09/25 23:27:44.144196 [1;35m[INF][m GID 118, Check and remove cross chain transactions from dbcache finished
2019/09/25 23:27:44.353525 [1;35m[INF][m GID 119, Warning side chain mining account:  EL8Zg6LiLPaC9eDQYre3syTqv2vBBig9Nd: 0 EXPtrFJSC689BEq8xfM6EBqoXJaNGmWSkc: 0 EVLZwETnLAuHi4odLyEbwfxLLHapQheRt3: 0 
2019/09/25 23:27:48.107244 [1;35m[INF][m GID 116, [arbitrator] Main chain height:  661
2019/09/25 23:27:49.582287 [1;35m[INF][m GID 53, currentHeight: 170  chainHeight: 171
2019/09/25 23:27:49.588007 [1;35m[INF][m GID 53,  [SyncSideChain] Side chain [ XDUhwtY9e1qMsM7sei7kJf53KDE2J8MQEd ] height:  171
2019/09/25 23:27:59.266870 [1;35m[INF][m GID 116, [arbitrator] Main chain height:  662
2019/09/25 23:28:04.548824 [1;35m[INF][m GID 52, currentHeight: 410  chainHeight: 412
2019/09/25 23:28:04.554677 [1;35m[INF][m GID 52,  [SyncSideChain] Side chain [ XVfmhjxGxBKgzYxyXCJTb6YmaRfWPVunj4 ] height:  412
2019/09/25 23:28:04.660676 [1;35m[INF][m GID 53, currentHeight: 171  chainHeight: 172
2019/09/25 23:28:04.664957 [1;35m[INF][m GID 53,  [SyncSideChain] Side chain [ XDUhwtY9e1qMsM7sei7kJf53KDE2J8MQEd ] height:  172
2019/09/25 23:28:15.455286 [1;35m[INF][m GID 116, [arbitrator] Main chain height:  663
2019/09/25 23:28:19.754143 [1;35m[INF][m GID 53, currentHeight: 172  chainHeight: 173
2019/09/25 23:28:19.787826 [1;35m[INF][m GID 53,  [SyncSideChain] Side chain [ XDUhwtY9e1qMsM7sei7kJf53KDE2J8MQEd ] height:  173
2019/09/25 23:28:34.946516 [1;35m[INF][m GID 53, currentHeight: 173  chainHeight: 174
2019/09/25 23:28:34.952453 [1;35m[INF][m GID 53,  [SyncSideChain] Side chain [ XDUhwtY9e1qMsM7sei7kJf53KDE2J8MQEd ] height:  174
2019/09/25 23:28:44.155584 [1;33m[WRN][m GID 118, [CheckAndRemoveDepositTransactionsFromDB] Get chain from genesis addres failed.
2019/09/25 23:28:44.155679 [1;35m[INF][m GID 118, Check and remove cross chain transactions from dbcache finished
2019/09/25 23:28:44.390932 [1;35m[INF][m GID 119, Warning side chain mining account:  EL8Zg6LiLPaC9eDQYre3syTqv2vBBig9Nd: 0 EXPtrFJSC689BEq8xfM6EBqoXJaNGmWSkc: 0 EVLZwETnLAuHi4odLyEbwfxLLHapQheRt3: 0 
2019/09/25 23:28:49.055033 [1;35m[INF][m GID 53, currentHeight: 174  chainHeight: 175
2019/09/25 23:28:49.060907 [1;35m[INF][m GID 53,  [SyncSideChain] Side chain [ XDUhwtY9e1qMsM7sei7kJf53KDE2J8MQEd ] height:  175
2019/09/25 23:28:49.847858 [1;35m[INF][m GID 116, [arbitrator] Main chain height:  664
2019/09/25 23:28:55.952712 [1;35m[INF][m GID 116, [arbitrator] Main chain height:  665
2019/09/25 23:28:59.142301 [1;35m[INF][m GID 52, currentHeight: 412  chainHeight: 413
2019/09/25 23:28:59.151083 [1;35m[INF][m GID 52,  [SyncSideChain] Side chain [ XVfmhjxGxBKgzYxyXCJTb6YmaRfWPVunj4 ] height:  413
2019/09/25 23:29:04.171459 [1;35m[INF][m GID 52, currentHeight: 413  chainHeight: 414
2019/09/25 23:29:04.172612 [1;35m[INF][m GID 53, currentHeight: 175  chainHeight: 176
2019/09/25 23:29:04.191087 [1;35m[INF][m GID 53,  [SyncSideChain] Side chain [ XDUhwtY9e1qMsM7sei7kJf53KDE2J8MQEd ] height:  176
2019/09/25 23:29:04.194380 [1;35m[INF][m GID 52,  [SyncSideChain] Side chain [ XVfmhjxGxBKgzYxyXCJTb6YmaRfWPVunj4 ] height:  414
2019/09/25 23:29:19.325096 [1;35m[INF][m GID 53, currentHeight: 176  chainHeight: 177
2019/09/25 23:29:19.329214 [1;35m[INF][m GID 53,  [SyncSideChain] Side chain [ XDUhwtY9e1qMsM7sei7kJf53KDE2J8MQEd ] height:  177
2019/09/25 23:29:23.323127 [1;35m[INF][m GID 116, [arbitrator] Main chain height:  666
2019/09/25 23:29:29.394632 [1;35m[INF][m GID 116, [arbitrator] Main chain height:  667
2019/09/25 23:29:34.406455 [1;35m[INF][m GID 53, currentHeight: 177  chainHeight: 178
2019/09/25 23:29:34.423088 [1;35m[INF][m GID 53,  [SyncSideChain] Side chain [ XDUhwtY9e1qMsM7sei7kJf53KDE2J8MQEd ] height:  178
2019/09/25 23:29:44.159838 [1;33m[WRN][m GID 118, [CheckAndRemoveDepositTransactionsFromDB] Get chain from genesis addres failed.
2019/09/25 23:29:44.159912 [1;35m[INF][m GID 118, Check and remove cross chain transactions from dbcache finished
2019/09/25 23:29:44.397495 [1;35m[INF][m GID 119, Warning side chain mining account:  EL8Zg6LiLPaC9eDQYre3syTqv2vBBig9Nd: 0 EXPtrFJSC689BEq8xfM6EBqoXJaNGmWSkc: 0 EVLZwETnLAuHi4odLyEbwfxLLHapQheRt3: 0 
2019/09/25 23:29:46.490124 [1;35m[INF][m GID 116, [arbitrator] Main chain height:  668
2019/09/25 23:29:49.572656 [1;35m[INF][m GID 53, currentHeight: 178  chainHeight: 179
2019/09/25 23:29:49.597933 [1;35m[INF][m GID 53,  [SyncSideChain] Side chain [ XDUhwtY9e1qMsM7sei7kJf53KDE2J8MQEd ] height:  179
2019/09/25 23:29:52.734492 [1;35m[INF][m GID 52, currentHeight: 414  chainHeight: 415
2019/09/25 23:29:52.768697 [1;35m[INF][m GID 52,  [SyncSideChain] Side chain [ XVfmhjxGxBKgzYxyXCJTb6YmaRfWPVunj4 ] height:  415
2019/09/25 23:29:54.550133 [1;35m[INF][m GID 116, [arbitrator] Main chain height:  669
2019/09/25 23:30:04.719188 [1;35m[INF][m GID 53, currentHeight: 179  chainHeight: 180
2019/09/25 23:30:04.727131 [1;35m[INF][m GID 53,  [SyncSideChain] Side chain [ XDUhwtY9e1qMsM7sei7kJf53KDE2J8MQEd ] height:  180
2019/09/25 23:30:04.827966 [1;35m[INF][m GID 52, currentHeight: 415  chainHeight: 416
2019/09/25 23:30:04.846447 [1;35m[INF][m GID 52,  [SyncSideChain] Side chain [ XVfmhjxGxBKgzYxyXCJTb6YmaRfWPVunj4 ] height:  416
2019/09/25 23:30:06.602653 [1;35m[INF][m GID 116, [arbitrator] Main chain height:  670
2019/09/25 23:30:19.813741 [1;35m[INF][m GID 116, [arbitrator] Main chain height:  671
2019/09/25 23:30:19.896245 [1;35m[INF][m GID 53, currentHeight: 180  chainHeight: 181
2019/09/25 23:30:19.900996 [1;35m[INF][m GID 53,  [SyncSideChain] Side chain [ XDUhwtY9e1qMsM7sei7kJf53KDE2J8MQEd ] height:  181
2019/09/25 23:30:28.043914 [1;35m[INF][m GID 52, currentHeight: 416  chainHeight: 417
2019/09/25 23:30:28.054639 [1;35m[INF][m GID 52,  [SyncSideChain] Side chain [ XVfmhjxGxBKgzYxyXCJTb6YmaRfWPVunj4 ] height:  417
2019/09/25 23:30:34.022164 [1;35m[INF][m GID 53, currentHeight: 181  chainHeight: 182
2019/09/25 23:30:34.027799 [1;35m[INF][m GID 53,  [SyncSideChain] Side chain [ XDUhwtY9e1qMsM7sei7kJf53KDE2J8MQEd ] height:  182
2019/09/25 23:30:43.119621 [1;35m[INF][m GID 116, [arbitrator] Main chain height:  672
2019/09/25 23:30:44.160213 [1;33m[WRN][m GID 118, [CheckAndRemoveDepositTransactionsFromDB] Get chain from genesis addres failed.
2019/09/25 23:30:44.160320 [1;35m[INF][m GID 118, Check and remove cross chain transactions from dbcache finished
2019/09/25 23:30:44.406940 [1;35m[INF][m GID 119, Warning side chain mining account:  EL8Zg6LiLPaC9eDQYre3syTqv2vBBig9Nd: 0 EXPtrFJSC689BEq8xfM6EBqoXJaNGmWSkc: 0 EVLZwETnLAuHi4odLyEbwfxLLHapQheRt3: 0 
2019/09/25 23:30:48.232637 [1;35m[INF][m GID 52, currentHeight: 417  chainHeight: 418
2019/09/25 23:30:48.238145 [1;35m[INF][m GID 52,  [SyncSideChain] Side chain [ XVfmhjxGxBKgzYxyXCJTb6YmaRfWPVunj4 ] height:  418
2019/09/25 23:30:49.167570 [1;35m[INF][m GID 53, currentHeight: 182  chainHeight: 183
2019/09/25 23:30:49.174239 [1;35m[INF][m GID 53,  [SyncSideChain] Side chain [ XDUhwtY9e1qMsM7sei7kJf53KDE2J8MQEd ] height:  183
2019/09/25 23:30:53.307784 [1;35m[INF][m GID 116, [arbitrator] Main chain height:  673
2019/09/25 23:30:56.381507 [1;35m[INF][m GID 52, currentHeight: 418  chainHeight: 419
2019/09/25 23:30:56.384538 [1;35m[INF][m GID 52,  [SyncSideChain] Side chain [ XVfmhjxGxBKgzYxyXCJTb6YmaRfWPVunj4 ] height:  419
2019/09/25 23:31:04.301500 [1;35m[INF][m GID 53, currentHeight: 183  chainHeight: 184
2019/09/25 23:31:04.307033 [1;35m[INF][m GID 53,  [SyncSideChain] Side chain [ XDUhwtY9e1qMsM7sei7kJf53KDE2J8MQEd ] height:  184
2019/09/25 23:31:04.456237 [1;35m[INF][m GID 52, currentHeight: 419  chainHeight: 420
2019/09/25 23:31:04.471988 [1;35m[INF][m GID 116, [arbitrator] Main chain height:  674
2019/09/25 23:31:04.477021 [1;35m[INF][m GID 52,  [SyncSideChain] Side chain [ XVfmhjxGxBKgzYxyXCJTb6YmaRfWPVunj4 ] height:  420
2019/09/25 23:31:17.568781 [1;35m[INF][m GID 116, [arbitrator] Main chain height:  675
2019/09/25 23:31:19.407342 [1;35m[INF][m GID 53, currentHeight: 184  chainHeight: 185
2019/09/25 23:31:19.415440 [1;35m[INF][m GID 53,  [SyncSideChain] Side chain [ XDUhwtY9e1qMsM7sei7kJf53KDE2J8MQEd ] height:  185
2019/09/25 23:31:25.703586 [1;35m[INF][m GID 116, [arbitrator] Main chain height:  676
2019/09/25 23:31:34.513123 [1;35m[INF][m GID 53, currentHeight: 185  chainHeight: 186
2019/09/25 23:31:34.521669 [1;35m[INF][m GID 53,  [SyncSideChain] Side chain [ XDUhwtY9e1qMsM7sei7kJf53KDE2J8MQEd ] height:  186
2019/09/25 23:31:34.806196 [1;35m[INF][m GID 116, [arbitrator] Main chain height:  677
2019/09/25 23:31:43.948347 [1;35m[INF][m GID 116, [arbitrator] Main chain height:  678
2019/09/25 23:31:44.160972 [1;33m[WRN][m GID 118, [CheckAndRemoveDepositTransactionsFromDB] Get chain from genesis addres failed.
2019/09/25 23:31:44.161071 [1;35m[INF][m GID 118, Check and remove cross chain transactions from dbcache finished
2019/09/25 23:31:44.424477 [1;35m[INF][m GID 119, Warning side chain mining account:  EL8Zg6LiLPaC9eDQYre3syTqv2vBBig9Nd: 0 EXPtrFJSC689BEq8xfM6EBqoXJaNGmWSkc: 0 EVLZwETnLAuHi4odLyEbwfxLLHapQheRt3: 0 
2019/09/25 23:31:49.645144 [1;35m[INF][m GID 53, currentHeight: 186  chainHeight: 187
2019/09/25 23:31:49.651230 [1;35m[INF][m GID 53,  [SyncSideChain] Side chain [ XDUhwtY9e1qMsM7sei7kJf53KDE2J8MQEd ] height:  187
2019/09/25 23:31:52.836571 [1;35m[INF][m GID 52, currentHeight: 420  chainHeight: 421
2019/09/25 23:31:52.858726 [1;35m[INF][m GID 52,  [SyncSideChain] Side chain [ XVfmhjxGxBKgzYxyXCJTb6YmaRfWPVunj4 ] height:  421
2019/09/25 23:31:55.064172 [1;35m[INF][m GID 116, [arbitrator] Main chain height:  679
2019/09/25 23:32:04.795303 [1;35m[INF][m GID 53, currentHeight: 187  chainHeight: 188
2019/09/25 23:32:04.801426 [1;35m[INF][m GID 53,  [SyncSideChain] Side chain [ XDUhwtY9e1qMsM7sei7kJf53KDE2J8MQEd ] height:  188
2019/09/25 23:32:07.267607 [1;35m[INF][m GID 116, [arbitrator] Main chain height:  680
2019/09/25 23:32:17.351976 [1;35m[INF][m GID 116, [arbitrator] Main chain height:  681
2019/09/25 23:32:19.957964 [1;35m[INF][m GID 53, currentHeight: 188  chainHeight: 189
2019/09/25 23:32:19.962680 [1;35m[INF][m GID 53,  [SyncSideChain] Side chain [ XDUhwtY9e1qMsM7sei7kJf53KDE2J8MQEd ] height:  189
2019/09/25 23:32:20.061749 [1;35m[INF][m GID 52, currentHeight: 421  chainHeight: 422
2019/09/25 23:32:20.067541 [1;35m[INF][m GID 52,  [SyncSideChain] Side chain [ XVfmhjxGxBKgzYxyXCJTb6YmaRfWPVunj4 ] height:  422
2019/09/25 23:32:27.434203 [1;35m[INF][m GID 116, [arbitrator] Main chain height:  682
2019/09/25 23:32:32.476043 [1;35m[INF][m GID 116, [arbitrator] Main chain height:  683
2019/09/25 23:32:34.061539 [1;35m[INF][m GID 53, currentHeight: 189  chainHeight: 190
2019/09/25 23:32:34.079668 [1;35m[INF][m GID 53,  [SyncSideChain] Side chain [ XDUhwtY9e1qMsM7sei7kJf53KDE2J8MQEd ] height:  190
2019/09/25 23:32:35.255734 [1;35m[INF][m GID 52, currentHeight: 422  chainHeight: 423
2019/09/25 23:32:35.308304 [1;35m[INF][m GID 52,  [SyncSideChain] Side chain [ XVfmhjxGxBKgzYxyXCJTb6YmaRfWPVunj4 ] height:  423
2019/09/25 23:32:44.163048 [1;33m[WRN][m GID 118, [CheckAndRemoveDepositTransactionsFromDB] Get chain from genesis addres failed.
2019/09/25 23:32:44.163190 [1;35m[INF][m GID 118, Check and remove cross chain transactions from dbcache finished
2019/09/25 23:32:44.435034 [1;35m[INF][m GID 119, Warning side chain mining account:  EL8Zg6LiLPaC9eDQYre3syTqv2vBBig9Nd: 0 EXPtrFJSC689BEq8xfM6EBqoXJaNGmWSkc: 0 EVLZwETnLAuHi4odLyEbwfxLLHapQheRt3: 0 
2019/09/25 23:32:49.174666 [1;35m[INF][m GID 53, currentHeight: 190  chainHeight: 191
2019/09/25 23:32:49.178600 [1;35m[INF][m GID 53,  [SyncSideChain] Side chain [ XDUhwtY9e1qMsM7sei7kJf53KDE2J8MQEd ] height:  191
2019/09/25 23:32:50.646836 [1;35m[INF][m GID 116, [arbitrator] Main chain height:  684
2019/09/25 23:32:58.830075 [1;35m[INF][m GID 116, [arbitrator] Main chain height:  685
2019/09/25 23:33:04.323220 [1;35m[INF][m GID 53, currentHeight: 191  chainHeight: 192
2019/09/25 23:33:04.331117 [1;35m[INF][m GID 53,  [SyncSideChain] Side chain [ XDUhwtY9e1qMsM7sei7kJf53KDE2J8MQEd ] height:  192
2019/09/25 23:33:16.728091 [1;35m[INF][m GID 52, currentHeight: 423  chainHeight: 424
2019/09/25 23:33:16.732010 [1;35m[INF][m GID 52,  [SyncSideChain] Side chain [ XVfmhjxGxBKgzYxyXCJTb6YmaRfWPVunj4 ] height:  424
2019/09/25 23:33:19.503653 [1;35m[INF][m GID 53, currentHeight: 192  chainHeight: 193
2019/09/25 23:33:19.514356 [1;35m[INF][m GID 53,  [SyncSideChain] Side chain [ XDUhwtY9e1qMsM7sei7kJf53KDE2J8MQEd ] height:  193
2019/09/25 23:33:23.179018 [1;35m[INF][m GID 116, [arbitrator] Main chain height:  686
2019/09/25 23:33:31.861536 [1;35m[INF][m GID 52, currentHeight: 424  chainHeight: 425
2019/09/25 23:33:31.889404 [1;35m[INF][m GID 52,  [SyncSideChain] Side chain [ XVfmhjxGxBKgzYxyXCJTb6YmaRfWPVunj4 ] height:  425
2019/09/25 23:33:34.674394 [1;35m[INF][m GID 53, currentHeight: 193  chainHeight: 194
2019/09/25 23:33:34.707764 [1;35m[INF][m GID 53,  [SyncSideChain] Side chain [ XDUhwtY9e1qMsM7sei7kJf53KDE2J8MQEd ] height:  194
2019/09/25 23:33:39.958693 [1;35m[INF][m GID 52, currentHeight: 425  chainHeight: 426
2019/09/25 23:33:39.972515 [1;35m[INF][m GID 52,  [SyncSideChain] Side chain [ XVfmhjxGxBKgzYxyXCJTb6YmaRfWPVunj4 ] height:  426
2019/09/25 23:33:44.163528 [1;33m[WRN][m GID 118, [CheckAndRemoveDepositTransactionsFromDB] Get chain from genesis addres failed.
2019/09/25 23:33:44.163633 [1;35m[INF][m GID 118, Check and remove cross chain transactions from dbcache finished
2019/09/25 23:33:44.441366 [1;35m[INF][m GID 119, Warning side chain mining account:  EL8Zg6LiLPaC9eDQYre3syTqv2vBBig9Nd: 0 EXPtrFJSC689BEq8xfM6EBqoXJaNGmWSkc: 0 EVLZwETnLAuHi4odLyEbwfxLLHapQheRt3: 0 
2019/09/25 23:33:46.052587 [1;35m[INF][m GID 52, currentHeight: 426  chainHeight: 427
2019/09/25 23:33:46.063917 [1;35m[INF][m GID 52,  [SyncSideChain] Side chain [ XVfmhjxGxBKgzYxyXCJTb6YmaRfWPVunj4 ] height:  427
2019/09/25 23:33:49.847618 [1;35m[INF][m GID 53, currentHeight: 194  chainHeight: 195
2019/09/25 23:33:49.879611 [1;35m[INF][m GID 53,  [SyncSideChain] Side chain [ XDUhwtY9e1qMsM7sei7kJf53KDE2J8MQEd ] height:  195
2019/09/25 23:33:51.151659 [1;35m[INF][m GID 52, currentHeight: 427  chainHeight: 428
2019/09/25 23:33:51.176443 [1;35m[INF][m GID 52,  [SyncSideChain] Side chain [ XVfmhjxGxBKgzYxyXCJTb6YmaRfWPVunj4 ] height:  428
2019/09/25 23:33:52.754984 [1;35m[INF][m GID 116, [arbitrator] Main chain height:  687
2019/09/25 23:34:00.876210 [1;35m[INF][m GID 116, [arbitrator] Main chain height:  688
2019/09/25 23:34:04.063310 [1;35m[INF][m GID 53, currentHeight: 195  chainHeight: 196
2019/09/25 23:34:04.079826 [1;35m[INF][m GID 53,  [SyncSideChain] Side chain [ XDUhwtY9e1qMsM7sei7kJf53KDE2J8MQEd ] height:  196
2019/09/25 23:34:05.939291 [1;35m[INF][m GID 116, [arbitrator] Main chain height:  689
2019/09/25 23:34:10.328494 [1;35m[INF][m GID 52, currentHeight: 428  chainHeight: 429
2019/09/25 23:34:10.382946 [1;35m[INF][m GID 52,  [SyncSideChain] Side chain [ XVfmhjxGxBKgzYxyXCJTb6YmaRfWPVunj4 ] height:  429
2019/09/25 23:34:19.181904 [1;35m[INF][m GID 53, currentHeight: 196  chainHeight: 197
2019/09/25 23:34:19.201591 [1;35m[INF][m GID 53,  [SyncSideChain] Side chain [ XDUhwtY9e1qMsM7sei7kJf53KDE2J8MQEd ] height:  197
2019/09/25 23:34:34.313073 [1;35m[INF][m GID 53, currentHeight: 197  chainHeight: 198
2019/09/25 23:34:34.319327 [1;35m[INF][m GID 53,  [SyncSideChain] Side chain [ XDUhwtY9e1qMsM7sei7kJf53KDE2J8MQEd ] height:  198
2019/09/25 23:34:36.659898 [1;35m[INF][m GID 52, currentHeight: 429  chainHeight: 430
2019/09/25 23:34:36.672772 [1;35m[INF][m GID 52,  [SyncSideChain] Side chain [ XVfmhjxGxBKgzYxyXCJTb6YmaRfWPVunj4 ] height:  430
2019/09/25 23:34:37.276027 [1;35m[INF][m GID 116, [arbitrator] Main chain height:  690
2019/09/25 23:34:41.341445 [1;35m[INF][m GID 116, [arbitrator] Main chain height:  691
2019/09/25 23:34:44.163983 [1;33m[WRN][m GID 118, [CheckAndRemoveDepositTransactionsFromDB] Get chain from genesis addres failed.
2019/09/25 23:34:44.164209 [1;35m[INF][m GID 118, Check and remove cross chain transactions from dbcache finished
2019/09/25 23:34:44.454044 [1;35m[INF][m GID 119, Warning side chain mining account:  EL8Zg6LiLPaC9eDQYre3syTqv2vBBig9Nd: 0 EXPtrFJSC689BEq8xfM6EBqoXJaNGmWSkc: 0 EVLZwETnLAuHi4odLyEbwfxLLHapQheRt3: 0 
2019/09/25 23:34:49.451578 [1;35m[INF][m GID 53, currentHeight: 198  chainHeight: 199
2019/09/25 23:34:49.455666 [1;35m[INF][m GID 53,  [SyncSideChain] Side chain [ XDUhwtY9e1qMsM7sei7kJf53KDE2J8MQEd ] height:  199
2019/09/25 23:34:50.412139 [1;35m[INF][m GID 116, [arbitrator] Main chain height:  692
2019/09/25 23:34:55.766541 [1;35m[INF][m GID 52, currentHeight: 430  chainHeight: 431
2019/09/25 23:34:55.772825 [1;35m[INF][m GID 52,  [SyncSideChain] Side chain [ XVfmhjxGxBKgzYxyXCJTb6YmaRfWPVunj4 ] height:  431
2019/09/25 23:34:59.525127 [1;35m[INF][m GID 116, [arbitrator] Main chain height:  693
2019/09/25 23:34:59.795349 [1;35m[INF][m GID 52, currentHeight: 431  chainHeight: 432
2019/09/25 23:34:59.807157 [1;35m[INF][m GID 52,  [SyncSideChain] Side chain [ XVfmhjxGxBKgzYxyXCJTb6YmaRfWPVunj4 ] height:  432
2019/09/25 23:35:04.539542 [1;35m[INF][m GID 53, currentHeight: 199  chainHeight: 200
2019/09/25 23:35:04.560732 [1;35m[INF][m GID 53,  [SyncSideChain] Side chain [ XDUhwtY9e1qMsM7sei7kJf53KDE2J8MQEd ] height:  200
2019/09/25 23:35:04.859145 [1;35m[INF][m GID 52, currentHeight: 432  chainHeight: 433
2019/09/25 23:35:04.884237 [1;35m[INF][m GID 52,  [SyncSideChain] Side chain [ XVfmhjxGxBKgzYxyXCJTb6YmaRfWPVunj4 ] height:  433
2019/09/25 23:35:19.664908 [1;35m[INF][m GID 53, currentHeight: 200  chainHeight: 201
2019/09/25 23:35:19.678602 [1;35m[INF][m GID 53,  [SyncSideChain] Side chain [ XDUhwtY9e1qMsM7sei7kJf53KDE2J8MQEd ] height:  201
2019/09/25 23:35:23.764160 [1;35m[INF][m GID 116, [arbitrator] Main chain height:  694
2019/09/25 23:35:30.199089 [1;35m[INF][m GID 52, currentHeight: 433  chainHeight: 434
2019/09/25 23:35:30.219940 [1;35m[INF][m GID 52,  [SyncSideChain] Side chain [ XVfmhjxGxBKgzYxyXCJTb6YmaRfWPVunj4 ] height:  434
2019/09/25 23:35:34.834121 [1;35m[INF][m GID 53, currentHeight: 201  chainHeight: 202
2019/09/25 23:35:34.843725 [1;35m[INF][m GID 53,  [SyncSideChain] Side chain [ XDUhwtY9e1qMsM7sei7kJf53KDE2J8MQEd ] height:  202
2019/09/25 23:35:44.172251 [1;33m[WRN][m GID 118, [CheckAndRemoveDepositTransactionsFromDB] Get chain from genesis addres failed.
2019/09/25 23:35:44.172315 [1;35m[INF][m GID 118, Check and remove cross chain transactions from dbcache finished
2019/09/25 23:35:44.472679 [1;35m[INF][m GID 119, Warning side chain mining account:  EL8Zg6LiLPaC9eDQYre3syTqv2vBBig9Nd: 0 EXPtrFJSC689BEq8xfM6EBqoXJaNGmWSkc: 0 EVLZwETnLAuHi4odLyEbwfxLLHapQheRt3: 0 
2019/09/25 23:35:45.972066 [1;35m[INF][m GID 116, [arbitrator] Main chain height:  695
