2019/04/24 03:40:38.071249 [1;35m[INF][m GID 1, Node version: 
2019/04/24 03:40:38.080309 [1;35m[INF][m GID 1, go version go1.11.5 linux/amd64
[ ========== BLOCKCHAIN INITIALIZE STARTED ========== ]
 0 / 404    0.00% 405 / 404  100.25% 0s
[ ========== BLOCKCHAIN INITIALIZE FINISHED ========== ]
2019/04/24 03:40:39.017870 [1;35m[INF][m GID 1, Start the P2P networks
2019/04/24 03:40:39.017896 [1;35m[INF][m GID 1, Start services
2019/04/24 03:40:39.066850 [1;35m[INF][m GID 51, New valid peer 172.18.0.2:10115 (outbound)
2019/04/24 03:40:39.067064 [1;35m[INF][m GID 51, Syncing to block height 504 from peer 172.18.0.2:10115
2019/04/24 03:40:39.067116 [1;35m[INF][m GID 51, New valid peer 172.18.0.5:10315 (outbound)
2019/04/24 03:40:41.456445 [1;35m[INF][m GID 51, New valid peer 172.18.0.6:45814 (inbound)
2019/04/24 03:40:42.502512 [1;35m[INF][m GID 51, New valid peer 172.18.0.7:49758 (inbound)
2019/04/24 03:40:42.877274 [1;35m[INF][m GID 51, New valid peer 172.18.0.2:52464 (inbound)
2019/04/24 03:40:43.127228 [1;35m[INF][m GID 51, New valid peer 172.18.0.8:60808 (inbound)
2019/04/24 03:40:43.506159 [1;35m[INF][m GID 51, New valid peer 172.18.0.5:60494 (inbound)
2019/04/24 03:40:44.023234 [1;35m[INF][m GID 1, Start consensus
2019/04/24 03:40:44.057816 [1;35m[INF][m GID 1, Start POW Services
2019/04/24 03:40:44.134922 [1;35m[INF][m GID 263, difficulty:  520095999
2019/04/24 03:40:44.284924 [1;35m[INF][m GID 51, New valid peer 172.18.0.8:10415 (outbound)
2019/04/24 03:40:44.285041 [1;35m[INF][m GID 51, New valid peer 172.18.0.6:10215 (outbound)
2019/04/24 03:40:44.287587 [1;35m[INF][m GID 51, New valid peer 172.18.0.7:10515 (outbound)
2019/04/24 03:40:44.581138 [1;35m[INF][m GID 51, New valid peer 172.18.0.9:51460 (inbound)
2019/04/24 03:40:45.490128 [1;35m[INF][m GID 51, [ConfirmBlock] block hash: ab0247527ff00e5950c790339c04699b7a15c1ffe723961760573b55ec758d87
2019/04/24 03:40:45.751744 [1;35m[INF][m GID 51, [ConfirmBlock] block hash: ab0247527ff00e5950c790339c04699b7a15c1ffe723961760573b55ec758d87
2019/04/24 03:40:45.756764 [1;35m[INF][m GID 51, [ConfirmBlock] block height: 505
2019/04/24 03:40:45.808435 [1;35m[INF][m GID 51, 
CURRENT ARBITERS
DUTYINDEX: 3
INDEX                                                          PUBLICKEY            NETADDRESS ONDUTY
----- ------------------------------------------------------------------ --------------------- ------
1     021cfade3eddd057d8ca178057a88c4654b15c1ada7ee9ab65517f00beb6977556                        false
2     0295890a17feb7d5191da656089b5daad83f596edcc491f5c91d025b42955a9f25                        false
3     02eafcd36390b064431b82a4b2934f6d93fddfcfa4a86602b2ae32d858b8d3bcd7 ela-mainchain-crc-4:10416   true
4     032e74c386af5d672cb196334f2b6ee6451d61f2257f0837ea7af340ef4dea4e1a ela-mainchain-crc-3:10316  false
5     0353197d11802fe0cd5409f064822b896ceaa675ea596287f1e5ce009be7684f08 ela-mainchain-crc-2:10216  false
6     0386206d1d442f5c8ddcc9ae45ab85d921b6ade3a184f43b7ccf6de02f3ca0b450 ela-mainchain-crc-1:10116  false
----- ------------------------------------------------------------------ --------------------- ------
NEXT ARBITERS
INDEX                                                          PUBLICKEY            NETADDRESS
----- ------------------------------------------------------------------ ---------------------
1     0386206d1d442f5c8ddcc9ae45ab85d921b6ade3a184f43b7ccf6de02f3ca0b450 ela-mainchain-crc-1:10116
2     0353197d11802fe0cd5409f064822b896ceaa675ea596287f1e5ce009be7684f08 ela-mainchain-crc-2:10216
3     032e74c386af5d672cb196334f2b6ee6451d61f2257f0837ea7af340ef4dea4e1a ela-mainchain-crc-3:10316
4     02eafcd36390b064431b82a4b2934f6d93fddfcfa4a86602b2ae32d858b8d3bcd7 ela-mainchain-crc-4:10416
5     021cfade3eddd057d8ca178057a88c4654b15c1ada7ee9ab65517f00beb6977556                      
6     0295890a17feb7d5191da656089b5daad83f596edcc491f5c91d025b42955a9f25                      
----- ------------------------------------------------------------------ ---------------------
CURRENT CANDIDATES
INDEX                                                          PUBLICKEY            NETADDRESS
----- ------------------------------------------------------------------ ---------------------
----- ------------------------------------------------------------------ ---------------------
NEXT CANDIDATES
INDEX                                                          PUBLICKEY            NETADDRESS
----- ------------------------------------------------------------------ ---------------------
----- ------------------------------------------------------------------ ---------------------
2019/04/24 03:40:47.224886 [1;35m[INF][m GID 51, New valid peer 172.18.0.9:10615 (outbound)
2019/04/24 03:40:49.142794 [1;35m[INF][m GID 263, five second countdown ends. Re-generate block.
2019/04/24 03:40:49.144091 [1;35m[INF][m GID 263, difficulty:  520095999
2019/04/24 03:40:50.228413 [1;35m[INF][m GID 51, New valid peer 172.18.0.10:56042 (inbound)
2019/04/24 03:40:51.668274 [1;35m[INF][m GID 51, New valid peer 172.18.0.16:60914 (inbound)
2019/04/24 03:40:51.909645 [1;35m[INF][m GID 51, New valid peer 172.18.0.12:60532 (inbound)
2019/04/24 03:40:55.036162 [1;35m[INF][m GID 263, five second countdown ends. Re-generate block.
2019/04/24 03:40:55.061452 [1;35m[INF][m GID 263, difficulty:  520095999
2019/04/24 03:40:59.363824 [1;35m[INF][m GID 51, [ConfirmBlock] block hash: fa065c8a40de445ef7ab2830d55645d3ab2692da16f328317a9ffb643a9eaf31
2019/04/24 03:41:00.082972 [1;35m[INF][m GID 263, five second countdown ends. Re-generate block.
2019/04/24 03:41:00.084937 [1;35m[INF][m GID 263, difficulty:  520095999
2019/04/24 03:41:00.575998 [1;35m[INF][m GID 51, New valid peer 172.18.0.13:57154 (inbound)
2019/04/24 03:41:01.133584 [1;35m[INF][m GID 51, [ConfirmBlock] block hash: fa065c8a40de445ef7ab2830d55645d3ab2692da16f328317a9ffb643a9eaf31
2019/04/24 03:41:01.153077 [1;35m[INF][m GID 51, [ConfirmBlock] block height: 506
2019/04/24 03:41:01.426316 [1;35m[INF][m GID 51, 
CURRENT ARBITERS
DUTYINDEX: 4
INDEX                                                          PUBLICKEY            NETADDRESS ONDUTY
----- ------------------------------------------------------------------ --------------------- ------
1     021cfade3eddd057d8ca178057a88c4654b15c1ada7ee9ab65517f00beb6977556                        false
2     0295890a17feb7d5191da656089b5daad83f596edcc491f5c91d025b42955a9f25                        false
3     02eafcd36390b064431b82a4b2934f6d93fddfcfa4a86602b2ae32d858b8d3bcd7 ela-mainchain-crc-4:10416  false
4     032e74c386af5d672cb196334f2b6ee6451d61f2257f0837ea7af340ef4dea4e1a ela-mainchain-crc-3:10316   true
5     0353197d11802fe0cd5409f064822b896ceaa675ea596287f1e5ce009be7684f08 ela-mainchain-crc-2:10216  false
6     0386206d1d442f5c8ddcc9ae45ab85d921b6ade3a184f43b7ccf6de02f3ca0b450 ela-mainchain-crc-1:10116  false
----- ------------------------------------------------------------------ --------------------- ------
NEXT ARBITERS
INDEX                                                          PUBLICKEY            NETADDRESS
----- ------------------------------------------------------------------ ---------------------
1     0386206d1d442f5c8ddcc9ae45ab85d921b6ade3a184f43b7ccf6de02f3ca0b450 ela-mainchain-crc-1:10116
2     0353197d11802fe0cd5409f064822b896ceaa675ea596287f1e5ce009be7684f08 ela-mainchain-crc-2:10216
3     032e74c386af5d672cb196334f2b6ee6451d61f2257f0837ea7af340ef4dea4e1a ela-mainchain-crc-3:10316
4     02eafcd36390b064431b82a4b2934f6d93fddfcfa4a86602b2ae32d858b8d3bcd7 ela-mainchain-crc-4:10416
5     021cfade3eddd057d8ca178057a88c4654b15c1ada7ee9ab65517f00beb6977556                      
6     0295890a17feb7d5191da656089b5daad83f596edcc491f5c91d025b42955a9f25                      
----- ------------------------------------------------------------------ ---------------------
CURRENT CANDIDATES
INDEX                                                          PUBLICKEY            NETADDRESS
----- ------------------------------------------------------------------ ---------------------
----- ------------------------------------------------------------------ ---------------------
NEXT CANDIDATES
INDEX                                                          PUBLICKEY            NETADDRESS
----- ------------------------------------------------------------------ ---------------------
----- ------------------------------------------------------------------ ---------------------
2019/04/24 03:41:01.426876 [1;35m[INF][m GID 51, New valid peer 172.18.0.19:52652 (inbound)
2019/04/24 03:41:01.844447 [1;35m[INF][m GID 51, New valid peer 172.18.0.14:42920 (inbound)
2019/04/24 03:41:02.671164 [1;35m[INF][m GID 51, New valid peer 172.18.0.17:44088 (inbound)
2019/04/24 03:41:03.324423 [1;35m[INF][m GID 51, New valid peer 172.18.0.18:43556 (inbound)
2019/04/24 03:41:05.132242 [1;35m[INF][m GID 263, five second countdown ends. Re-generate block.
2019/04/24 03:41:05.133639 [1;35m[INF][m GID 263, difficulty:  520095999
2019/04/24 03:41:05.555557 [1;35m[INF][m GID 263, <================Solved Block==============>
2019/04/24 03:41:05.555729 [1;35m[INF][m GID 263, [ConfirmBlock] block hash: b9d17d01d81857191cb8bd6e5524c172d3cdfd21e7274cf6acecf01e4a20d375
2019/04/24 03:41:05.555839 [1;35m[INF][m GID 263, difficulty:  520095999
2019/04/24 03:41:06.547325 [1;35m[INF][m GID 51, [ConfirmBlock] block hash: b9d17d01d81857191cb8bd6e5524c172d3cdfd21e7274cf6acecf01e4a20d375
2019/04/24 03:41:06.558035 [1;35m[INF][m GID 51, [ConfirmBlock] block height: 507
2019/04/24 03:41:06.558521 [1;35m[INF][m GID 51, 
CURRENT ARBITERS
DUTYINDEX: 5
INDEX                                                          PUBLICKEY            NETADDRESS ONDUTY
----- ------------------------------------------------------------------ --------------------- ------
1     021cfade3eddd057d8ca178057a88c4654b15c1ada7ee9ab65517f00beb6977556                        false
2     0295890a17feb7d5191da656089b5daad83f596edcc491f5c91d025b42955a9f25                        false
3     02eafcd36390b064431b82a4b2934f6d93fddfcfa4a86602b2ae32d858b8d3bcd7 ela-mainchain-crc-4:10416  false
4     032e74c386af5d672cb196334f2b6ee6451d61f2257f0837ea7af340ef4dea4e1a ela-mainchain-crc-3:10316  false
5     0353197d11802fe0cd5409f064822b896ceaa675ea596287f1e5ce009be7684f08 ela-mainchain-crc-2:10216   true
6     0386206d1d442f5c8ddcc9ae45ab85d921b6ade3a184f43b7ccf6de02f3ca0b450 ela-mainchain-crc-1:10116  false
----- ------------------------------------------------------------------ --------------------- ------
NEXT ARBITERS
INDEX                                                          PUBLICKEY            NETADDRESS
----- ------------------------------------------------------------------ ---------------------
1     0386206d1d442f5c8ddcc9ae45ab85d921b6ade3a184f43b7ccf6de02f3ca0b450 ela-mainchain-crc-1:10116
2     0353197d11802fe0cd5409f064822b896ceaa675ea596287f1e5ce009be7684f08 ela-mainchain-crc-2:10216
3     032e74c386af5d672cb196334f2b6ee6451d61f2257f0837ea7af340ef4dea4e1a ela-mainchain-crc-3:10316
4     02eafcd36390b064431b82a4b2934f6d93fddfcfa4a86602b2ae32d858b8d3bcd7 ela-mainchain-crc-4:10416
5     021cfade3eddd057d8ca178057a88c4654b15c1ada7ee9ab65517f00beb6977556                      
6     0295890a17feb7d5191da656089b5daad83f596edcc491f5c91d025b42955a9f25                      
----- ------------------------------------------------------------------ ---------------------
CURRENT CANDIDATES
INDEX                                                          PUBLICKEY            NETADDRESS
----- ------------------------------------------------------------------ ---------------------
----- ------------------------------------------------------------------ ---------------------
NEXT CANDIDATES
INDEX                                                          PUBLICKEY            NETADDRESS
----- ------------------------------------------------------------------ ---------------------
----- ------------------------------------------------------------------ ---------------------
2019/04/24 03:41:10.606216 [1;35m[INF][m GID 263, five second countdown ends. Re-generate block.
2019/04/24 03:41:10.606615 [1;35m[INF][m GID 263, difficulty:  520095999
2019/04/24 03:41:11.976181 [1;35m[INF][m GID 51, [ConfirmBlock] block hash: ac89ccc83e11eb96521c89600598def706144e66c6c9da04be4c50cb6a60919c
2019/04/24 03:41:12.266860 [1;35m[INF][m GID 51, [ConfirmBlock] block hash: ac89ccc83e11eb96521c89600598def706144e66c6c9da04be4c50cb6a60919c
2019/04/24 03:41:12.272597 [1;35m[INF][m GID 51, [ConfirmBlock] block height: 508
2019/04/24 03:41:12.406629 [1;35m[INF][m GID 180, 172.18.0.5:10315 (outbound) sent a reject message Code: REJECT_INVALID, Hash ac89ccc83e11eb96521c89600598def706144e66c6c9da04be4c50cb6a60919c, Reason: Rejected block ac89ccc83e11eb96521c89600598def706144e66c6c9da04be4c50cb6a60919c from 172.18.0.3:43856 (inbound): duplicate block in pool
2019/04/24 03:41:15.624612 [1;35m[INF][m GID 263, five second countdown ends. Re-generate block.
2019/04/24 03:41:15.625640 [1;35m[INF][m GID 263, difficulty:  520095999
2019/04/24 03:41:20.672655 [1;35m[INF][m GID 263, five second countdown ends. Re-generate block.
2019/04/24 03:41:20.676272 [1;35m[INF][m GID 263, difficulty:  520095999
2019/04/24 03:41:25.697506 [1;35m[INF][m GID 263, five second countdown ends. Re-generate block.
2019/04/24 03:41:25.707865 [1;35m[INF][m GID 263, difficulty:  520095999
2019/04/24 03:41:30.758319 [1;35m[INF][m GID 263, five second countdown ends. Re-generate block.
2019/04/24 03:41:30.758562 [1;35m[INF][m GID 263, difficulty:  520095999
2019/04/24 03:41:35.779202 [1;35m[INF][m GID 263, five second countdown ends. Re-generate block.
2019/04/24 03:41:35.784290 [1;35m[INF][m GID 263, difficulty:  520095999
2019/04/24 03:41:37.187323 [1;35m[INF][m GID 51, [ConfirmBlock] block hash: 49d06bb5339aa352999e8cc9ca413308ae9f95cd45c7a0120449ce68f888b25b
2019/04/24 03:41:37.422896 [1;35m[INF][m GID 51, [ConfirmBlock] block hash: 49d06bb5339aa352999e8cc9ca413308ae9f95cd45c7a0120449ce68f888b25b
2019/04/24 03:41:37.431235 [1;35m[INF][m GID 51, [ConfirmBlock] block height: 509
2019/04/24 03:41:37.453458 [1;35m[INF][m GID 51, 
CURRENT ARBITERS
DUTYINDEX: 1
INDEX                                                          PUBLICKEY            NETADDRESS ONDUTY
----- ------------------------------------------------------------------ --------------------- ------
1     021cfade3eddd057d8ca178057a88c4654b15c1ada7ee9ab65517f00beb6977556                         true
2     0295890a17feb7d5191da656089b5daad83f596edcc491f5c91d025b42955a9f25                        false
3     02eafcd36390b064431b82a4b2934f6d93fddfcfa4a86602b2ae32d858b8d3bcd7 ela-mainchain-crc-4:10416  false
4     032e74c386af5d672cb196334f2b6ee6451d61f2257f0837ea7af340ef4dea4e1a ela-mainchain-crc-3:10316  false
5     0353197d11802fe0cd5409f064822b896ceaa675ea596287f1e5ce009be7684f08 ela-mainchain-crc-2:10216  false
6     0386206d1d442f5c8ddcc9ae45ab85d921b6ade3a184f43b7ccf6de02f3ca0b450 ela-mainchain-crc-1:10116  false
----- ------------------------------------------------------------------ --------------------- ------
NEXT ARBITERS
INDEX                                                          PUBLICKEY            NETADDRESS
----- ------------------------------------------------------------------ ---------------------
1     0386206d1d442f5c8ddcc9ae45ab85d921b6ade3a184f43b7ccf6de02f3ca0b450 ela-mainchain-crc-1:10116
2     0353197d11802fe0cd5409f064822b896ceaa675ea596287f1e5ce009be7684f08 ela-mainchain-crc-2:10216
3     032e74c386af5d672cb196334f2b6ee6451d61f2257f0837ea7af340ef4dea4e1a ela-mainchain-crc-3:10316
4     02eafcd36390b064431b82a4b2934f6d93fddfcfa4a86602b2ae32d858b8d3bcd7 ela-mainchain-crc-4:10416
5     021cfade3eddd057d8ca178057a88c4654b15c1ada7ee9ab65517f00beb6977556                      
6     0295890a17feb7d5191da656089b5daad83f596edcc491f5c91d025b42955a9f25                      
----- ------------------------------------------------------------------ ---------------------
CURRENT CANDIDATES
INDEX                                                          PUBLICKEY            NETADDRESS
----- ------------------------------------------------------------------ ---------------------
----- ------------------------------------------------------------------ ---------------------
NEXT CANDIDATES
INDEX                                                          PUBLICKEY            NETADDRESS
----- ------------------------------------------------------------------ ---------------------
----- ------------------------------------------------------------------ ---------------------
2019-04-24 03:41:39.222 [INF] STAT: -> 509 [508 172.18.0.5:60494 (inbound), 508 172.18.0.10:56042 (inbound), 508 172.18.0.12:60532 (inbound), 508 172.18.0.13:57154 (inbound), 508 172.18.0.7:49758 (inbound), 508 172.18.0.2:52464 (inbound), 508 172.18.0.19:52652 (inbound), 508 172.18.0.17:44088 (inbound), 508 172.18.0.8:60808 (inbound), 508 172.18.0.16:60914 (inbound), 507 172.18.0.6:45814 (inbound), 508 172.18.0.9:51460 (inbound), 508 172.18.0.14:42920 (inbound), 508 172.18.0.18:43556 (inbound), 509 172.18.0.2:10115 (outbound), 509 172.18.0.5:10315 (outbound), 508 172.18.0.8:10415 (outbound), 508 172.18.0.6:10215 (outbound), 508 172.18.0.7:10515 (outbound), 508 172.18.0.9:10615 (outbound)]
2019/04/24 03:41:40.841375 [1;35m[INF][m GID 263, five second countdown ends. Re-generate block.
2019/04/24 03:41:40.841745 [1;35m[INF][m GID 263, difficulty:  520095999
2019/04/24 03:41:41.796340 [1;35m[INF][m GID 51, [ConfirmBlock] block hash: 2d6763bc1cb1dfcfd545d9780c88da0e5b4ac4ab146e4b73099eb3cb2359aebf
2019/04/24 03:41:42.065312 [1;35m[INF][m GID 51, [ConfirmBlock] block hash: 2d6763bc1cb1dfcfd545d9780c88da0e5b4ac4ab146e4b73099eb3cb2359aebf
2019/04/24 03:41:42.066823 [1;35m[INF][m GID 51, [ConfirmBlock] block height: 510
2019/04/24 03:41:42.067394 [1;35m[INF][m GID 51, 
CURRENT ARBITERS
DUTYINDEX: 2
INDEX                                                          PUBLICKEY            NETADDRESS ONDUTY
----- ------------------------------------------------------------------ --------------------- ------
1     021cfade3eddd057d8ca178057a88c4654b15c1ada7ee9ab65517f00beb6977556                        false
2     0295890a17feb7d5191da656089b5daad83f596edcc491f5c91d025b42955a9f25                         true
3     02eafcd36390b064431b82a4b2934f6d93fddfcfa4a86602b2ae32d858b8d3bcd7 ela-mainchain-crc-4:10416  false
4     032e74c386af5d672cb196334f2b6ee6451d61f2257f0837ea7af340ef4dea4e1a ela-mainchain-crc-3:10316  false
5     0353197d11802fe0cd5409f064822b896ceaa675ea596287f1e5ce009be7684f08 ela-mainchain-crc-2:10216  false
6     0386206d1d442f5c8ddcc9ae45ab85d921b6ade3a184f43b7ccf6de02f3ca0b450 ela-mainchain-crc-1:10116  false
----- ------------------------------------------------------------------ --------------------- ------
NEXT ARBITERS
INDEX                                                          PUBLICKEY            NETADDRESS
----- ------------------------------------------------------------------ ---------------------
1     0386206d1d442f5c8ddcc9ae45ab85d921b6ade3a184f43b7ccf6de02f3ca0b450 ela-mainchain-crc-1:10116
2     0353197d11802fe0cd5409f064822b896ceaa675ea596287f1e5ce009be7684f08 ela-mainchain-crc-2:10216
3     032e74c386af5d672cb196334f2b6ee6451d61f2257f0837ea7af340ef4dea4e1a ela-mainchain-crc-3:10316
4     02eafcd36390b064431b82a4b2934f6d93fddfcfa4a86602b2ae32d858b8d3bcd7 ela-mainchain-crc-4:10416
5     021cfade3eddd057d8ca178057a88c4654b15c1ada7ee9ab65517f00beb6977556                      
6     0295890a17feb7d5191da656089b5daad83f596edcc491f5c91d025b42955a9f25                      
----- ------------------------------------------------------------------ ---------------------
CURRENT CANDIDATES
INDEX                                                          PUBLICKEY            NETADDRESS
----- ------------------------------------------------------------------ ---------------------
----- ------------------------------------------------------------------ ---------------------
NEXT CANDIDATES
INDEX                                                          PUBLICKEY            NETADDRESS
----- ------------------------------------------------------------------ ---------------------
----- ------------------------------------------------------------------ ---------------------
2019/04/24 03:41:45.872722 [1;35m[INF][m GID 263, five second countdown ends. Re-generate block.
2019/04/24 03:41:45.872840 [1;35m[INF][m GID 263, difficulty:  520095999
2019/04/24 03:41:50.919532 [1;35m[INF][m GID 263, five second countdown ends. Re-generate block.
2019/04/24 03:41:50.920922 [1;35m[INF][m GID 263, difficulty:  520095999
2019/04/24 03:41:55.927030 [1;35m[INF][m GID 263, five second countdown ends. Re-generate block.
2019/04/24 03:41:55.927313 [1;35m[INF][m GID 263, difficulty:  520095999
2019/04/24 03:42:00.859689 [1;35m[INF][m GID 263, <================Solved Block==============>
2019/04/24 03:42:00.862334 [1;35m[INF][m GID 263, [ConfirmBlock] block hash: 2b82538e5a63afa84b13518c59b931ae60c85c878a3bbcadb26a07d37ec04977
2019/04/24 03:42:00.865744 [1;35m[INF][m GID 263, difficulty:  520095999
2019/04/24 03:42:01.038607 [1;35m[INF][m GID 191, 172.18.0.6:45814 (inbound) sent a reject message Code: REJECT_INVALID, Hash 2b82538e5a63afa84b13518c59b931ae60c85c878a3bbcadb26a07d37ec04977, Reason: Rejected block 2b82538e5a63afa84b13518c59b931ae60c85c878a3bbcadb26a07d37ec04977 from 172.18.0.3:10015 (outbound): duplicate block in pool
2019/04/24 03:42:01.155551 [1;35m[INF][m GID 51, [ConfirmBlock] block hash: 2b82538e5a63afa84b13518c59b931ae60c85c878a3bbcadb26a07d37ec04977
2019/04/24 03:42:01.199943 [1;35m[INF][m GID 51, [ConfirmBlock] block height: 511
2019/04/24 03:42:01.241926 [1;35m[INF][m GID 51, 
CURRENT ARBITERS
DUTYINDEX: 3
INDEX                                                          PUBLICKEY            NETADDRESS ONDUTY
----- ------------------------------------------------------------------ --------------------- ------
1     021cfade3eddd057d8ca178057a88c4654b15c1ada7ee9ab65517f00beb6977556                        false
2     0295890a17feb7d5191da656089b5daad83f596edcc491f5c91d025b42955a9f25                        false
3     02eafcd36390b064431b82a4b2934f6d93fddfcfa4a86602b2ae32d858b8d3bcd7 ela-mainchain-crc-4:10416   true
4     032e74c386af5d672cb196334f2b6ee6451d61f2257f0837ea7af340ef4dea4e1a ela-mainchain-crc-3:10316  false
5     0353197d11802fe0cd5409f064822b896ceaa675ea596287f1e5ce009be7684f08 ela-mainchain-crc-2:10216  false
6     0386206d1d442f5c8ddcc9ae45ab85d921b6ade3a184f43b7ccf6de02f3ca0b450 ela-mainchain-crc-1:10116  false
----- ------------------------------------------------------------------ --------------------- ------
NEXT ARBITERS
INDEX                                                          PUBLICKEY            NETADDRESS
----- ------------------------------------------------------------------ ---------------------
1     0386206d1d442f5c8ddcc9ae45ab85d921b6ade3a184f43b7ccf6de02f3ca0b450 ela-mainchain-crc-1:10116
2     0353197d11802fe0cd5409f064822b896ceaa675ea596287f1e5ce009be7684f08 ela-mainchain-crc-2:10216
3     032e74c386af5d672cb196334f2b6ee6451d61f2257f0837ea7af340ef4dea4e1a ela-mainchain-crc-3:10316
4     02eafcd36390b064431b82a4b2934f6d93fddfcfa4a86602b2ae32d858b8d3bcd7 ela-mainchain-crc-4:10416
5     021cfade3eddd057d8ca178057a88c4654b15c1ada7ee9ab65517f00beb6977556                      
6     0295890a17feb7d5191da656089b5daad83f596edcc491f5c91d025b42955a9f25                      
----- ------------------------------------------------------------------ ---------------------
CURRENT CANDIDATES
INDEX                                                          PUBLICKEY            NETADDRESS
----- ------------------------------------------------------------------ ---------------------
----- ------------------------------------------------------------------ ---------------------
NEXT CANDIDATES
INDEX                                                          PUBLICKEY            NETADDRESS
----- ------------------------------------------------------------------ ---------------------
----- ------------------------------------------------------------------ ---------------------
2019/04/24 03:42:05.882495 [1;35m[INF][m GID 263, five second countdown ends. Re-generate block.
2019/04/24 03:42:05.882754 [1;35m[INF][m GID 263, difficulty:  520095999
2019/04/24 03:42:10.912210 [1;35m[INF][m GID 263, five second countdown ends. Re-generate block.
2019/04/24 03:42:10.912352 [1;35m[INF][m GID 263, difficulty:  520095999
2019/04/24 03:42:15.946971 [1;35m[INF][m GID 263, five second countdown ends. Re-generate block.
2019/04/24 03:42:15.947263 [1;35m[INF][m GID 263, difficulty:  520095999
2019/04/24 03:42:20.981040 [1;35m[INF][m GID 263, five second countdown ends. Re-generate block.
2019/04/24 03:42:20.981176 [1;35m[INF][m GID 263, difficulty:  520095999
2019/04/24 03:42:26.145645 [1;35m[INF][m GID 263, five second countdown ends. Re-generate block.
2019/04/24 03:42:26.174928 [1;35m[INF][m GID 263, difficulty:  520095999
2019/04/24 03:42:31.303104 [1;35m[INF][m GID 263, five second countdown ends. Re-generate block.
2019/04/24 03:42:31.303259 [1;35m[INF][m GID 263, difficulty:  520095999
2019/04/24 03:42:32.259962 [1;35m[INF][m GID 51, Lost peer 172.18.0.9:10615 (outbound)
2019/04/24 03:42:36.305820 [1;35m[INF][m GID 263, five second countdown ends. Re-generate block.
2019/04/24 03:42:36.306107 [1;35m[INF][m GID 263, difficulty:  520095999
2019/04/24 03:42:36.700695 [1;35m[INF][m GID 51, [ConfirmBlock] block hash: 91f16c89d553098f12d572144130e2a2eb517c0b4ec371ccc99b0d1a989700ac
2019/04/24 03:42:37.663097 [1;35m[INF][m GID 51, [ConfirmBlock] block hash: 91f16c89d553098f12d572144130e2a2eb517c0b4ec371ccc99b0d1a989700ac
2019/04/24 03:42:37.705527 [1;35m[INF][m GID 51, [ConfirmBlock] block height: 512
2019/04/24 03:42:37.862177 [1;35m[INF][m GID 51, 
CURRENT ARBITERS
DUTYINDEX: 4
INDEX                                                          PUBLICKEY            NETADDRESS ONDUTY
----- ------------------------------------------------------------------ --------------------- ------
1     021cfade3eddd057d8ca178057a88c4654b15c1ada7ee9ab65517f00beb6977556                        false
2     0295890a17feb7d5191da656089b5daad83f596edcc491f5c91d025b42955a9f25                        false
3     02eafcd36390b064431b82a4b2934f6d93fddfcfa4a86602b2ae32d858b8d3bcd7 ela-mainchain-crc-4:10416  false
4     032e74c386af5d672cb196334f2b6ee6451d61f2257f0837ea7af340ef4dea4e1a ela-mainchain-crc-3:10316   true
5     0353197d11802fe0cd5409f064822b896ceaa675ea596287f1e5ce009be7684f08 ela-mainchain-crc-2:10216  false
6     0386206d1d442f5c8ddcc9ae45ab85d921b6ade3a184f43b7ccf6de02f3ca0b450 ela-mainchain-crc-1:10116  false
----- ------------------------------------------------------------------ --------------------- ------
NEXT ARBITERS
INDEX                                                          PUBLICKEY            NETADDRESS
----- ------------------------------------------------------------------ ---------------------
1     0386206d1d442f5c8ddcc9ae45ab85d921b6ade3a184f43b7ccf6de02f3ca0b450 ela-mainchain-crc-1:10116
2     0353197d11802fe0cd5409f064822b896ceaa675ea596287f1e5ce009be7684f08 ela-mainchain-crc-2:10216
3     032e74c386af5d672cb196334f2b6ee6451d61f2257f0837ea7af340ef4dea4e1a ela-mainchain-crc-3:10316
4     02eafcd36390b064431b82a4b2934f6d93fddfcfa4a86602b2ae32d858b8d3bcd7 ela-mainchain-crc-4:10416
5     021cfade3eddd057d8ca178057a88c4654b15c1ada7ee9ab65517f00beb6977556                      
6     0295890a17feb7d5191da656089b5daad83f596edcc491f5c91d025b42955a9f25                      
----- ------------------------------------------------------------------ ---------------------
CURRENT CANDIDATES
INDEX                                                          PUBLICKEY            NETADDRESS
----- ------------------------------------------------------------------ ---------------------
----- ------------------------------------------------------------------ ---------------------
NEXT CANDIDATES
INDEX                                                          PUBLICKEY            NETADDRESS
----- ------------------------------------------------------------------ ---------------------
----- ------------------------------------------------------------------ ---------------------
2019/04/24 03:42:37.862290 [1;35m[INF][m GID 51, New valid peer 172.18.0.9:10615 (outbound)
2019-04-24 03:42:39.030 [INF] STAT: -> 512 [511 172.18.0.6:45814 (inbound), 511 172.18.0.9:51460 (inbound), 511 172.18.0.14:42920 (inbound), 511 172.18.0.18:43556 (inbound), 511 172.18.0.5:60494 (inbound), 511 172.18.0.10:56042 (inbound), 511 172.18.0.12:60532 (inbound), 511 172.18.0.13:57154 (inbound), 511 172.18.0.7:49758 (inbound), 511 172.18.0.2:52464 (inbound), 511 172.18.0.19:52652 (inbound), 511 172.18.0.17:44088 (inbound), 511 172.18.0.8:60808 (inbound), 511 172.18.0.16:60914 (inbound), 511 172.18.0.2:10115 (outbound), 511 172.18.0.5:10315 (outbound), 511 172.18.0.8:10415 (outbound), 511 172.18.0.6:10215 (outbound), 511 172.18.0.7:10515 (outbound), 511 172.18.0.9:10615 (outbound)]
2019/04/24 03:42:41.318650 [1;35m[INF][m GID 263, five second countdown ends. Re-generate block.
2019/04/24 03:42:41.321039 [1;35m[INF][m GID 263, difficulty:  520095999
2019/04/24 03:42:44.609619 [1;35m[INF][m GID 51, Lost peer 172.18.0.9:51460 (inbound)
2019/04/24 03:42:46.326820 [1;35m[INF][m GID 263, five second countdown ends. Re-generate block.
2019/04/24 03:42:46.328023 [1;35m[INF][m GID 263, difficulty:  520095999
2019/04/24 03:42:51.380358 [1;35m[INF][m GID 263, five second countdown ends. Re-generate block.
2019/04/24 03:42:51.380823 [1;35m[INF][m GID 263, difficulty:  520095999
2019/04/24 03:42:56.418621 [1;35m[INF][m GID 263, five second countdown ends. Re-generate block.
2019/04/24 03:42:56.421913 [1;35m[INF][m GID 263, difficulty:  520095999
2019/04/24 03:42:57.396904 [1;35m[INF][m GID 51, [ConfirmBlock] block hash: 39611d089adb21a727733e7d4901c87b69d26dabc851db82cf7b97b579ea24d7
2019/04/24 03:42:57.615546 [1;35m[INF][m GID 51, [ConfirmBlock] block hash: 39611d089adb21a727733e7d4901c87b69d26dabc851db82cf7b97b579ea24d7
2019/04/24 03:42:57.615668 [1;35m[INF][m GID 51, [ConfirmBlock] block height: 513
2019/04/24 03:42:57.652958 [1;35m[INF][m GID 51, 
CURRENT ARBITERS
DUTYINDEX: 5
INDEX                                                          PUBLICKEY            NETADDRESS ONDUTY
----- ------------------------------------------------------------------ --------------------- ------
1     021cfade3eddd057d8ca178057a88c4654b15c1ada7ee9ab65517f00beb6977556                        false
2     0295890a17feb7d5191da656089b5daad83f596edcc491f5c91d025b42955a9f25                        false
3     02eafcd36390b064431b82a4b2934f6d93fddfcfa4a86602b2ae32d858b8d3bcd7 ela-mainchain-crc-4:10416  false
4     032e74c386af5d672cb196334f2b6ee6451d61f2257f0837ea7af340ef4dea4e1a ela-mainchain-crc-3:10316  false
5     0353197d11802fe0cd5409f064822b896ceaa675ea596287f1e5ce009be7684f08 ela-mainchain-crc-2:10216   true
6     0386206d1d442f5c8ddcc9ae45ab85d921b6ade3a184f43b7ccf6de02f3ca0b450 ela-mainchain-crc-1:10116  false
----- ------------------------------------------------------------------ --------------------- ------
NEXT ARBITERS
INDEX                                                          PUBLICKEY            NETADDRESS
----- ------------------------------------------------------------------ ---------------------
1     0386206d1d442f5c8ddcc9ae45ab85d921b6ade3a184f43b7ccf6de02f3ca0b450 ela-mainchain-crc-1:10116
2     0353197d11802fe0cd5409f064822b896ceaa675ea596287f1e5ce009be7684f08 ela-mainchain-crc-2:10216
3     032e74c386af5d672cb196334f2b6ee6451d61f2257f0837ea7af340ef4dea4e1a ela-mainchain-crc-3:10316
4     02eafcd36390b064431b82a4b2934f6d93fddfcfa4a86602b2ae32d858b8d3bcd7 ela-mainchain-crc-4:10416
5     021cfade3eddd057d8ca178057a88c4654b15c1ada7ee9ab65517f00beb6977556                      
6     0295890a17feb7d5191da656089b5daad83f596edcc491f5c91d025b42955a9f25                      
----- ------------------------------------------------------------------ ---------------------
CURRENT CANDIDATES
INDEX                                                          PUBLICKEY            NETADDRESS
----- ------------------------------------------------------------------ ---------------------
----- ------------------------------------------------------------------ ---------------------
NEXT CANDIDATES
INDEX                                                          PUBLICKEY            NETADDRESS
----- ------------------------------------------------------------------ ---------------------
----- ------------------------------------------------------------------ ---------------------
2019/04/24 03:43:01.440036 [1;35m[INF][m GID 263, five second countdown ends. Re-generate block.
2019/04/24 03:43:01.441503 [1;35m[INF][m GID 263, difficulty:  520095999
2019/04/24 03:43:02.879846 [1;35m[INF][m GID 51, [ConfirmBlock] block hash: 8cf1ec18d4bd9c5e457671cae296ef1849efad3f197512ee2ab9e9f0f250b8e3
2019/04/24 03:43:03.139005 [1;35m[INF][m GID 51, [ConfirmBlock] block hash: 8cf1ec18d4bd9c5e457671cae296ef1849efad3f197512ee2ab9e9f0f250b8e3
2019/04/24 03:43:03.139298 [1;35m[INF][m GID 51, [ConfirmBlock] block height: 514
2019/04/24 03:43:05.205010 [1;35m[INF][m GID 51, New valid peer 172.18.0.9:52956 (inbound)
2019/04/24 03:43:06.489102 [1;35m[INF][m GID 263, five second countdown ends. Re-generate block.
2019/04/24 03:43:06.491816 [1;35m[INF][m GID 263, difficulty:  520095999
2019/04/24 03:43:11.541647 [1;35m[INF][m GID 263, five second countdown ends. Re-generate block.
2019/04/24 03:43:11.544087 [1;35m[INF][m GID 263, difficulty:  520095999
2019/04/24 03:43:11.545157 [1;35m[INF][m GID 51, [ConfirmBlock] block hash: f26b827e9f78c278f9c5098d99c13e8f28011563918701d9459c6d490b2a07dd
2019/04/24 03:43:11.820340 [1;35m[INF][m GID 51, [ConfirmBlock] block hash: f26b827e9f78c278f9c5098d99c13e8f28011563918701d9459c6d490b2a07dd
2019/04/24 03:43:11.820596 [1;35m[INF][m GID 51, [ConfirmBlock] block height: 515
2019/04/24 03:43:11.832171 [1;35m[INF][m GID 51, 
CURRENT ARBITERS
DUTYINDEX: 1
INDEX                                                          PUBLICKEY            NETADDRESS ONDUTY
----- ------------------------------------------------------------------ --------------------- ------
1     021cfade3eddd057d8ca178057a88c4654b15c1ada7ee9ab65517f00beb6977556                         true
2     0295890a17feb7d5191da656089b5daad83f596edcc491f5c91d025b42955a9f25                        false
3     02eafcd36390b064431b82a4b2934f6d93fddfcfa4a86602b2ae32d858b8d3bcd7 ela-mainchain-crc-4:10416  false
4     032e74c386af5d672cb196334f2b6ee6451d61f2257f0837ea7af340ef4dea4e1a ela-mainchain-crc-3:10316  false
5     0353197d11802fe0cd5409f064822b896ceaa675ea596287f1e5ce009be7684f08 ela-mainchain-crc-2:10216  false
6     0386206d1d442f5c8ddcc9ae45ab85d921b6ade3a184f43b7ccf6de02f3ca0b450 ela-mainchain-crc-1:10116  false
----- ------------------------------------------------------------------ --------------------- ------
NEXT ARBITERS
INDEX                                                          PUBLICKEY            NETADDRESS
----- ------------------------------------------------------------------ ---------------------
1     0386206d1d442f5c8ddcc9ae45ab85d921b6ade3a184f43b7ccf6de02f3ca0b450 ela-mainchain-crc-1:10116
2     0353197d11802fe0cd5409f064822b896ceaa675ea596287f1e5ce009be7684f08 ela-mainchain-crc-2:10216
3     032e74c386af5d672cb196334f2b6ee6451d61f2257f0837ea7af340ef4dea4e1a ela-mainchain-crc-3:10316
4     02eafcd36390b064431b82a4b2934f6d93fddfcfa4a86602b2ae32d858b8d3bcd7 ela-mainchain-crc-4:10416
5     021cfade3eddd057d8ca178057a88c4654b15c1ada7ee9ab65517f00beb6977556                      
6     0295890a17feb7d5191da656089b5daad83f596edcc491f5c91d025b42955a9f25                      
----- ------------------------------------------------------------------ ---------------------
CURRENT CANDIDATES
INDEX                                                          PUBLICKEY            NETADDRESS
----- ------------------------------------------------------------------ ---------------------
----- ------------------------------------------------------------------ ---------------------
NEXT CANDIDATES
INDEX                                                          PUBLICKEY            NETADDRESS
----- ------------------------------------------------------------------ ---------------------
----- ------------------------------------------------------------------ ---------------------
2019/04/24 03:43:16.562820 [1;35m[INF][m GID 263, five second countdown ends. Re-generate block.
2019/04/24 03:43:16.563179 [1;35m[INF][m GID 263, difficulty:  520095999
2019/04/24 03:43:21.749429 [1;35m[INF][m GID 263, five second countdown ends. Re-generate block.
2019/04/24 03:43:21.750102 [1;35m[INF][m GID 263, difficulty:  520095999
2019/04/24 03:43:23.706772 [1;35m[INF][m GID 263, <================Solved Block==============>
2019/04/24 03:43:23.716486 [1;35m[INF][m GID 263, [ConfirmBlock] block hash: bda12ecdd823f98ddda00ec672d9dac35b3afcc1b0e224f69242d574de1421b8
2019/04/24 03:43:23.720682 [1;35m[INF][m GID 263, difficulty:  520095999
2019/04/24 03:43:24.214712 [1;35m[INF][m GID 51, [ConfirmBlock] block hash: bda12ecdd823f98ddda00ec672d9dac35b3afcc1b0e224f69242d574de1421b8
2019/04/24 03:43:24.217690 [1;35m[INF][m GID 51, [ConfirmBlock] block height: 516
2019/04/24 03:43:24.236361 [1;35m[INF][m GID 51, 
CURRENT ARBITERS
DUTYINDEX: 2
INDEX                                                          PUBLICKEY            NETADDRESS ONDUTY
----- ------------------------------------------------------------------ --------------------- ------
1     021cfade3eddd057d8ca178057a88c4654b15c1ada7ee9ab65517f00beb6977556                        false
2     0295890a17feb7d5191da656089b5daad83f596edcc491f5c91d025b42955a9f25                         true
3     02eafcd36390b064431b82a4b2934f6d93fddfcfa4a86602b2ae32d858b8d3bcd7 ela-mainchain-crc-4:10416  false
4     032e74c386af5d672cb196334f2b6ee6451d61f2257f0837ea7af340ef4dea4e1a ela-mainchain-crc-3:10316  false
5     0353197d11802fe0cd5409f064822b896ceaa675ea596287f1e5ce009be7684f08 ela-mainchain-crc-2:10216  false
6     0386206d1d442f5c8ddcc9ae45ab85d921b6ade3a184f43b7ccf6de02f3ca0b450 ela-mainchain-crc-1:10116  false
----- ------------------------------------------------------------------ --------------------- ------
NEXT ARBITERS
INDEX                                                          PUBLICKEY            NETADDRESS
----- ------------------------------------------------------------------ ---------------------
1     0386206d1d442f5c8ddcc9ae45ab85d921b6ade3a184f43b7ccf6de02f3ca0b450 ela-mainchain-crc-1:10116
2     0353197d11802fe0cd5409f064822b896ceaa675ea596287f1e5ce009be7684f08 ela-mainchain-crc-2:10216
3     032e74c386af5d672cb196334f2b6ee6451d61f2257f0837ea7af340ef4dea4e1a ela-mainchain-crc-3:10316
4     02eafcd36390b064431b82a4b2934f6d93fddfcfa4a86602b2ae32d858b8d3bcd7 ela-mainchain-crc-4:10416
5     021cfade3eddd057d8ca178057a88c4654b15c1ada7ee9ab65517f00beb6977556                      
6     0295890a17feb7d5191da656089b5daad83f596edcc491f5c91d025b42955a9f25                      
----- ------------------------------------------------------------------ ---------------------
CURRENT CANDIDATES
INDEX                                                          PUBLICKEY            NETADDRESS
----- ------------------------------------------------------------------ ---------------------
----- ------------------------------------------------------------------ ---------------------
NEXT CANDIDATES
INDEX                                                          PUBLICKEY            NETADDRESS
----- ------------------------------------------------------------------ ---------------------
----- ------------------------------------------------------------------ ---------------------
2019/04/24 03:43:28.731735 [1;35m[INF][m GID 263, five second countdown ends. Re-generate block.
2019/04/24 03:43:28.732311 [1;35m[INF][m GID 263, difficulty:  520095999
2019/04/24 03:43:30.678121 [1;35m[INF][m GID 51, [ConfirmBlock] block hash: 8c9a8fa50d256b8ed0f9d9680954c3c64130ed32e389903dee62591dee12c3d2
2019/04/24 03:43:31.039075 [1;35m[INF][m GID 51, [ConfirmBlock] block hash: 8c9a8fa50d256b8ed0f9d9680954c3c64130ed32e389903dee62591dee12c3d2
2019/04/24 03:43:31.042317 [1;35m[INF][m GID 51, [ConfirmBlock] block height: 517
2019/04/24 03:43:31.046710 [1;35m[INF][m GID 51, 
CURRENT ARBITERS
DUTYINDEX: 3
INDEX                                                          PUBLICKEY            NETADDRESS ONDUTY
----- ------------------------------------------------------------------ --------------------- ------
1     021cfade3eddd057d8ca178057a88c4654b15c1ada7ee9ab65517f00beb6977556                        false
2     0295890a17feb7d5191da656089b5daad83f596edcc491f5c91d025b42955a9f25                        false
3     02eafcd36390b064431b82a4b2934f6d93fddfcfa4a86602b2ae32d858b8d3bcd7 ela-mainchain-crc-4:10416   true
4     032e74c386af5d672cb196334f2b6ee6451d61f2257f0837ea7af340ef4dea4e1a ela-mainchain-crc-3:10316  false
5     0353197d11802fe0cd5409f064822b896ceaa675ea596287f1e5ce009be7684f08 ela-mainchain-crc-2:10216  false
6     0386206d1d442f5c8ddcc9ae45ab85d921b6ade3a184f43b7ccf6de02f3ca0b450 ela-mainchain-crc-1:10116  false
----- ------------------------------------------------------------------ --------------------- ------
NEXT ARBITERS
INDEX                                                          PUBLICKEY            NETADDRESS
----- ------------------------------------------------------------------ ---------------------
1     0386206d1d442f5c8ddcc9ae45ab85d921b6ade3a184f43b7ccf6de02f3ca0b450 ela-mainchain-crc-1:10116
2     0353197d11802fe0cd5409f064822b896ceaa675ea596287f1e5ce009be7684f08 ela-mainchain-crc-2:10216
3     032e74c386af5d672cb196334f2b6ee6451d61f2257f0837ea7af340ef4dea4e1a ela-mainchain-crc-3:10316
4     02eafcd36390b064431b82a4b2934f6d93fddfcfa4a86602b2ae32d858b8d3bcd7 ela-mainchain-crc-4:10416
5     021cfade3eddd057d8ca178057a88c4654b15c1ada7ee9ab65517f00beb6977556                      
6     0295890a17feb7d5191da656089b5daad83f596edcc491f5c91d025b42955a9f25                      
----- ------------------------------------------------------------------ ---------------------
CURRENT CANDIDATES
INDEX                                                          PUBLICKEY            NETADDRESS
----- ------------------------------------------------------------------ ---------------------
----- ------------------------------------------------------------------ ---------------------
NEXT CANDIDATES
INDEX                                                          PUBLICKEY            NETADDRESS
----- ------------------------------------------------------------------ ---------------------
----- ------------------------------------------------------------------ ---------------------
2019/04/24 03:43:33.766837 [1;35m[INF][m GID 263, five second countdown ends. Re-generate block.
2019/04/24 03:43:33.766969 [1;35m[INF][m GID 263, difficulty:  520095999
2019/04/24 03:43:38.089256 [1;35m[INF][m GID 51, [ConfirmBlock] block hash: 594d79df6b7110e60dc3b01657ec52d99d94be5769e700954210348597c44a3e
2019/04/24 03:43:38.286869 [1;35m[INF][m GID 51, [ConfirmBlock] block hash: 594d79df6b7110e60dc3b01657ec52d99d94be5769e700954210348597c44a3e
2019/04/24 03:43:38.299989 [1;35m[INF][m GID 51, [ConfirmBlock] block height: 518
2019/04/24 03:43:38.318072 [1;35m[INF][m GID 51, 
CURRENT ARBITERS
DUTYINDEX: 4
INDEX                                                          PUBLICKEY            NETADDRESS ONDUTY
----- ------------------------------------------------------------------ --------------------- ------
1     021cfade3eddd057d8ca178057a88c4654b15c1ada7ee9ab65517f00beb6977556                        false
2     0295890a17feb7d5191da656089b5daad83f596edcc491f5c91d025b42955a9f25                        false
3     02eafcd36390b064431b82a4b2934f6d93fddfcfa4a86602b2ae32d858b8d3bcd7 ela-mainchain-crc-4:10416  false
4     032e74c386af5d672cb196334f2b6ee6451d61f2257f0837ea7af340ef4dea4e1a ela-mainchain-crc-3:10316   true
5     0353197d11802fe0cd5409f064822b896ceaa675ea596287f1e5ce009be7684f08 ela-mainchain-crc-2:10216  false
6     0386206d1d442f5c8ddcc9ae45ab85d921b6ade3a184f43b7ccf6de02f3ca0b450 ela-mainchain-crc-1:10116  false
----- ------------------------------------------------------------------ --------------------- ------
NEXT ARBITERS
INDEX                                                          PUBLICKEY            NETADDRESS
----- ------------------------------------------------------------------ ---------------------
1     0386206d1d442f5c8ddcc9ae45ab85d921b6ade3a184f43b7ccf6de02f3ca0b450 ela-mainchain-crc-1:10116
2     0353197d11802fe0cd5409f064822b896ceaa675ea596287f1e5ce009be7684f08 ela-mainchain-crc-2:10216
3     032e74c386af5d672cb196334f2b6ee6451d61f2257f0837ea7af340ef4dea4e1a ela-mainchain-crc-3:10316
4     02eafcd36390b064431b82a4b2934f6d93fddfcfa4a86602b2ae32d858b8d3bcd7 ela-mainchain-crc-4:10416
5     021cfade3eddd057d8ca178057a88c4654b15c1ada7ee9ab65517f00beb6977556                      
6     0295890a17feb7d5191da656089b5daad83f596edcc491f5c91d025b42955a9f25                      
----- ------------------------------------------------------------------ ---------------------
CURRENT CANDIDATES
INDEX                                                          PUBLICKEY            NETADDRESS
----- ------------------------------------------------------------------ ---------------------
----- ------------------------------------------------------------------ ---------------------
NEXT CANDIDATES
INDEX                                                          PUBLICKEY            NETADDRESS
----- ------------------------------------------------------------------ ---------------------
----- ------------------------------------------------------------------ ---------------------
2019/04/24 03:43:38.794827 [1;35m[INF][m GID 263, five second countdown ends. Re-generate block.
2019/04/24 03:43:38.795375 [1;35m[INF][m GID 263, difficulty:  520095999
2019-04-24 03:43:39.198 [INF] STAT: -> 518 [515 172.18.0.8:60808 (inbound), 515 172.18.0.16:60914 (inbound), 517 172.18.0.18:43556 (inbound), 514 172.18.0.6:45814 (inbound), 517 172.18.0.14:42920 (inbound), 516 172.18.0.13:57154 (inbound), 515 172.18.0.5:60494 (inbound), 515 172.18.0.10:56042 (inbound), 515 172.18.0.12:60532 (inbound), 517 172.18.0.17:44088 (inbound), 517 172.18.0.9:52956 (inbound), 515 172.18.0.7:49758 (inbound), 515 172.18.0.2:52464 (inbound), 516 172.18.0.19:52652 (inbound), 518 172.18.0.2:10115 (outbound), 514 172.18.0.5:10315 (outbound), 515 172.18.0.8:10415 (outbound), 515 172.18.0.6:10215 (outbound), 515 172.18.0.7:10515 (outbound), 517 172.18.0.9:10615 (outbound)]
2019/04/24 03:43:43.815314 [1;35m[INF][m GID 263, five second countdown ends. Re-generate block.
2019/04/24 03:43:43.822098 [1;35m[INF][m GID 263, difficulty:  520095999
2019/04/24 03:43:48.843380 [1;35m[INF][m GID 263, five second countdown ends. Re-generate block.
2019/04/24 03:43:48.844015 [1;35m[INF][m GID 263, difficulty:  520095999
2019/04/24 03:43:49.144734 [1;35m[INF][m GID 51, [ConfirmBlock] block hash: 64b3b969e965a8a312973911af1049045a270a8e4c8348a6079cf68451799c58
2019/04/24 03:43:49.402861 [1;35m[INF][m GID 51, [ConfirmBlock] block hash: 64b3b969e965a8a312973911af1049045a270a8e4c8348a6079cf68451799c58
2019/04/24 03:43:49.403091 [1;35m[INF][m GID 51, [ConfirmBlock] block height: 519
2019/04/24 03:43:49.405765 [1;35m[INF][m GID 51, 
CURRENT ARBITERS
DUTYINDEX: 5
INDEX                                                          PUBLICKEY            NETADDRESS ONDUTY
----- ------------------------------------------------------------------ --------------------- ------
1     021cfade3eddd057d8ca178057a88c4654b15c1ada7ee9ab65517f00beb6977556                        false
2     0295890a17feb7d5191da656089b5daad83f596edcc491f5c91d025b42955a9f25                        false
3     02eafcd36390b064431b82a4b2934f6d93fddfcfa4a86602b2ae32d858b8d3bcd7 ela-mainchain-crc-4:10416  false
4     032e74c386af5d672cb196334f2b6ee6451d61f2257f0837ea7af340ef4dea4e1a ela-mainchain-crc-3:10316  false
5     0353197d11802fe0cd5409f064822b896ceaa675ea596287f1e5ce009be7684f08 ela-mainchain-crc-2:10216   true
6     0386206d1d442f5c8ddcc9ae45ab85d921b6ade3a184f43b7ccf6de02f3ca0b450 ela-mainchain-crc-1:10116  false
----- ------------------------------------------------------------------ --------------------- ------
NEXT ARBITERS
INDEX                                                          PUBLICKEY            NETADDRESS
----- ------------------------------------------------------------------ ---------------------
1     0386206d1d442f5c8ddcc9ae45ab85d921b6ade3a184f43b7ccf6de02f3ca0b450 ela-mainchain-crc-1:10116
2     0353197d11802fe0cd5409f064822b896ceaa675ea596287f1e5ce009be7684f08 ela-mainchain-crc-2:10216
3     032e74c386af5d672cb196334f2b6ee6451d61f2257f0837ea7af340ef4dea4e1a ela-mainchain-crc-3:10316
4     02eafcd36390b064431b82a4b2934f6d93fddfcfa4a86602b2ae32d858b8d3bcd7 ela-mainchain-crc-4:10416
5     021cfade3eddd057d8ca178057a88c4654b15c1ada7ee9ab65517f00beb6977556                      
6     0295890a17feb7d5191da656089b5daad83f596edcc491f5c91d025b42955a9f25                      
----- ------------------------------------------------------------------ ---------------------
CURRENT CANDIDATES
INDEX                                                          PUBLICKEY            NETADDRESS
----- ------------------------------------------------------------------ ---------------------
----- ------------------------------------------------------------------ ---------------------
NEXT CANDIDATES
INDEX                                                          PUBLICKEY            NETADDRESS
----- ------------------------------------------------------------------ ---------------------
----- ------------------------------------------------------------------ ---------------------
2019/04/24 03:43:50.875704 [1;35m[INF][m GID 263, <================Solved Block==============>
2019/04/24 03:43:50.886142 [1;35m[INF][m GID 263, difficulty:  520095999
2019/04/24 03:43:55.930011 [1;35m[INF][m GID 263, five second countdown ends. Re-generate block.
2019/04/24 03:43:55.930243 [1;35m[INF][m GID 263, difficulty:  520095999
2019/04/24 03:44:00.935111 [1;35m[INF][m GID 263, five second countdown ends. Re-generate block.
2019/04/24 03:44:00.935303 [1;35m[INF][m GID 263, difficulty:  520095999
2019/04/24 03:44:05.975280 [1;35m[INF][m GID 263, five second countdown ends. Re-generate block.
2019/04/24 03:44:05.975564 [1;35m[INF][m GID 263, difficulty:  520095999
2019/04/24 03:44:10.997036 [1;35m[INF][m GID 263, five second countdown ends. Re-generate block.
2019/04/24 03:44:11.010543 [1;35m[INF][m GID 263, difficulty:  520095999
2019/04/24 03:44:11.708974 [1;35m[INF][m GID 263, <================Solved Block==============>
2019/04/24 03:44:11.720953 [1;35m[INF][m GID 263, [ConfirmBlock] block hash: d2519fafae1c2bee2e5209f5feba6c40b2eb97c71acc48471c072a38a4954e5c
2019/04/24 03:44:11.722778 [1;35m[INF][m GID 263, difficulty:  520095999
2019/04/24 03:44:12.018415 [1;35m[INF][m GID 303, 172.18.0.8:10415 (outbound) sent a reject message Code: REJECT_INVALID, Hash d2519fafae1c2bee2e5209f5feba6c40b2eb97c71acc48471c072a38a4954e5c, Reason: Rejected block d2519fafae1c2bee2e5209f5feba6c40b2eb97c71acc48471c072a38a4954e5c from 172.18.0.3:37338 (inbound): duplicate block in pool
2019/04/24 03:44:12.123199 [1;35m[INF][m GID 51, [ConfirmBlock] block hash: d2519fafae1c2bee2e5209f5feba6c40b2eb97c71acc48471c072a38a4954e5c
2019/04/24 03:44:12.123628 [1;35m[INF][m GID 51, [ConfirmBlock] block height: 520
2019/04/24 03:44:15.179030 [1;35m[INF][m GID 263, <================Solved Block==============>
2019/04/24 03:44:15.180784 [1;35m[INF][m GID 263, difficulty:  520095999
2019/04/24 03:44:15.635396 [1;35m[INF][m GID 51, [ConfirmBlock] block hash: 6ae6b5bb66489d6d2feee7710e175e4b6a4747a033dce5a375b59cc1f2dbc293
2019/04/24 03:44:15.963170 [1;35m[INF][m GID 51, [ConfirmBlock] block hash: 6ae6b5bb66489d6d2feee7710e175e4b6a4747a033dce5a375b59cc1f2dbc293
2019/04/24 03:44:15.969841 [1;35m[INF][m GID 51, [ConfirmBlock] block height: 521
2019/04/24 03:44:16.046832 [1;35m[INF][m GID 51, 
CURRENT ARBITERS
DUTYINDEX: 1
INDEX                                                          PUBLICKEY            NETADDRESS ONDUTY
----- ------------------------------------------------------------------ --------------------- ------
1     021cfade3eddd057d8ca178057a88c4654b15c1ada7ee9ab65517f00beb6977556                         true
2     0295890a17feb7d5191da656089b5daad83f596edcc491f5c91d025b42955a9f25                        false
3     02eafcd36390b064431b82a4b2934f6d93fddfcfa4a86602b2ae32d858b8d3bcd7 ela-mainchain-crc-4:10416  false
4     032e74c386af5d672cb196334f2b6ee6451d61f2257f0837ea7af340ef4dea4e1a ela-mainchain-crc-3:10316  false
5     0353197d11802fe0cd5409f064822b896ceaa675ea596287f1e5ce009be7684f08 ela-mainchain-crc-2:10216  false
6     0386206d1d442f5c8ddcc9ae45ab85d921b6ade3a184f43b7ccf6de02f3ca0b450 ela-mainchain-crc-1:10116  false
----- ------------------------------------------------------------------ --------------------- ------
NEXT ARBITERS
INDEX                                                          PUBLICKEY            NETADDRESS
----- ------------------------------------------------------------------ ---------------------
1     0386206d1d442f5c8ddcc9ae45ab85d921b6ade3a184f43b7ccf6de02f3ca0b450 ela-mainchain-crc-1:10116
2     0353197d11802fe0cd5409f064822b896ceaa675ea596287f1e5ce009be7684f08 ela-mainchain-crc-2:10216
3     032e74c386af5d672cb196334f2b6ee6451d61f2257f0837ea7af340ef4dea4e1a ela-mainchain-crc-3:10316
4     02eafcd36390b064431b82a4b2934f6d93fddfcfa4a86602b2ae32d858b8d3bcd7 ela-mainchain-crc-4:10416
5     021cfade3eddd057d8ca178057a88c4654b15c1ada7ee9ab65517f00beb6977556                      
6     0295890a17feb7d5191da656089b5daad83f596edcc491f5c91d025b42955a9f25                      
----- ------------------------------------------------------------------ ---------------------
CURRENT CANDIDATES
INDEX                                                          PUBLICKEY            NETADDRESS
----- ------------------------------------------------------------------ ---------------------
----- ------------------------------------------------------------------ ---------------------
NEXT CANDIDATES
INDEX                                                          PUBLICKEY            NETADDRESS
----- ------------------------------------------------------------------ ---------------------
----- ------------------------------------------------------------------ ---------------------
2019/04/24 03:44:20.258198 [1;35m[INF][m GID 263, five second countdown ends. Re-generate block.
2019/04/24 03:44:20.258645 [1;35m[INF][m GID 263, difficulty:  520095999
2019/04/24 03:44:25.325416 [1;35m[INF][m GID 263, five second countdown ends. Re-generate block.
2019/04/24 03:44:25.325693 [1;35m[INF][m GID 263, difficulty:  520095999
2019/04/24 03:44:28.084888 [1;35m[INF][m GID 51, [ConfirmBlock] block hash: 51bf0dd12c748914d88bbd9cae867133e6d2016c8f48b3276071c5709f809737
2019/04/24 03:44:28.323652 [1;35m[INF][m GID 51, [ConfirmBlock] block hash: 51bf0dd12c748914d88bbd9cae867133e6d2016c8f48b3276071c5709f809737
2019/04/24 03:44:28.323786 [1;35m[INF][m GID 51, [ConfirmBlock] block height: 522
2019/04/24 03:44:28.324660 [1;35m[INF][m GID 51, 
CURRENT ARBITERS
DUTYINDEX: 2
INDEX                                                          PUBLICKEY            NETADDRESS ONDUTY
----- ------------------------------------------------------------------ --------------------- ------
1     021cfade3eddd057d8ca178057a88c4654b15c1ada7ee9ab65517f00beb6977556                        false
2     0295890a17feb7d5191da656089b5daad83f596edcc491f5c91d025b42955a9f25                         true
3     02eafcd36390b064431b82a4b2934f6d93fddfcfa4a86602b2ae32d858b8d3bcd7 ela-mainchain-crc-4:10416  false
4     032e74c386af5d672cb196334f2b6ee6451d61f2257f0837ea7af340ef4dea4e1a ela-mainchain-crc-3:10316  false
5     0353197d11802fe0cd5409f064822b896ceaa675ea596287f1e5ce009be7684f08 ela-mainchain-crc-2:10216  false
6     0386206d1d442f5c8ddcc9ae45ab85d921b6ade3a184f43b7ccf6de02f3ca0b450 ela-mainchain-crc-1:10116  false
----- ------------------------------------------------------------------ --------------------- ------
NEXT ARBITERS
INDEX                                                          PUBLICKEY            NETADDRESS
----- ------------------------------------------------------------------ ---------------------
1     0386206d1d442f5c8ddcc9ae45ab85d921b6ade3a184f43b7ccf6de02f3ca0b450 ela-mainchain-crc-1:10116
2     0353197d11802fe0cd5409f064822b896ceaa675ea596287f1e5ce009be7684f08 ela-mainchain-crc-2:10216
3     032e74c386af5d672cb196334f2b6ee6451d61f2257f0837ea7af340ef4dea4e1a ela-mainchain-crc-3:10316
4     02eafcd36390b064431b82a4b2934f6d93fddfcfa4a86602b2ae32d858b8d3bcd7 ela-mainchain-crc-4:10416
5     021cfade3eddd057d8ca178057a88c4654b15c1ada7ee9ab65517f00beb6977556                      
6     0295890a17feb7d5191da656089b5daad83f596edcc491f5c91d025b42955a9f25                      
----- ------------------------------------------------------------------ ---------------------
CURRENT CANDIDATES
INDEX                                                          PUBLICKEY            NETADDRESS
----- ------------------------------------------------------------------ ---------------------
----- ------------------------------------------------------------------ ---------------------
NEXT CANDIDATES
INDEX                                                          PUBLICKEY            NETADDRESS
----- ------------------------------------------------------------------ ---------------------
----- ------------------------------------------------------------------ ---------------------
2019/04/24 03:44:30.337116 [1;35m[INF][m GID 263, five second countdown ends. Re-generate block.
2019/04/24 03:44:30.337337 [1;35m[INF][m GID 263, difficulty:  520095999
2019/04/24 03:44:35.348613 [1;35m[INF][m GID 263, five second countdown ends. Re-generate block.
2019/04/24 03:44:35.349658 [1;35m[INF][m GID 263, difficulty:  520095999
2019/04/24 03:44:37.209041 [1;35m[INF][m GID 51, [ConfirmBlock] block hash: c436d73a5f7d75c4351230b33759eb376bfcd7b8d292e66acb5e3bbf730a28c3
2019/04/24 03:44:37.802152 [1;35m[INF][m GID 51, [ConfirmBlock] block hash: c436d73a5f7d75c4351230b33759eb376bfcd7b8d292e66acb5e3bbf730a28c3
2019/04/24 03:44:37.807766 [1;35m[INF][m GID 51, [ConfirmBlock] block height: 523
2019/04/24 03:44:37.911017 [1;35m[INF][m GID 51, 
CURRENT ARBITERS
DUTYINDEX: 3
INDEX                                                          PUBLICKEY            NETADDRESS ONDUTY
----- ------------------------------------------------------------------ --------------------- ------
1     021cfade3eddd057d8ca178057a88c4654b15c1ada7ee9ab65517f00beb6977556                        false
2     0295890a17feb7d5191da656089b5daad83f596edcc491f5c91d025b42955a9f25                        false
3     02eafcd36390b064431b82a4b2934f6d93fddfcfa4a86602b2ae32d858b8d3bcd7 ela-mainchain-crc-4:10416   true
4     032e74c386af5d672cb196334f2b6ee6451d61f2257f0837ea7af340ef4dea4e1a ela-mainchain-crc-3:10316  false
5     0353197d11802fe0cd5409f064822b896ceaa675ea596287f1e5ce009be7684f08 ela-mainchain-crc-2:10216  false
6     0386206d1d442f5c8ddcc9ae45ab85d921b6ade3a184f43b7ccf6de02f3ca0b450 ela-mainchain-crc-1:10116  false
----- ------------------------------------------------------------------ --------------------- ------
NEXT ARBITERS
INDEX                                                          PUBLICKEY            NETADDRESS
----- ------------------------------------------------------------------ ---------------------
1     0386206d1d442f5c8ddcc9ae45ab85d921b6ade3a184f43b7ccf6de02f3ca0b450 ela-mainchain-crc-1:10116
2     0353197d11802fe0cd5409f064822b896ceaa675ea596287f1e5ce009be7684f08 ela-mainchain-crc-2:10216
3     032e74c386af5d672cb196334f2b6ee6451d61f2257f0837ea7af340ef4dea4e1a ela-mainchain-crc-3:10316
4     02eafcd36390b064431b82a4b2934f6d93fddfcfa4a86602b2ae32d858b8d3bcd7 ela-mainchain-crc-4:10416
5     021cfade3eddd057d8ca178057a88c4654b15c1ada7ee9ab65517f00beb6977556                      
6     0295890a17feb7d5191da656089b5daad83f596edcc491f5c91d025b42955a9f25                      
----- ------------------------------------------------------------------ ---------------------
CURRENT CANDIDATES
INDEX                                                          PUBLICKEY            NETADDRESS
----- ------------------------------------------------------------------ ---------------------
----- ------------------------------------------------------------------ ---------------------
NEXT CANDIDATES
INDEX                                                          PUBLICKEY            NETADDRESS
----- ------------------------------------------------------------------ ---------------------
----- ------------------------------------------------------------------ ---------------------
2019-04-24 03:44:39.034 [INF] STAT: -> 523 [520 172.18.0.7:49758 (inbound), 520 172.18.0.2:52464 (inbound), 522 172.18.0.19:52652 (inbound), 522 172.18.0.17:44088 (inbound), 522 172.18.0.9:52956 (inbound), 520 172.18.0.8:60808 (inbound), 521 172.18.0.16:60914 (inbound), 519 172.18.0.6:45814 (inbound), 522 172.18.0.14:42920 (inbound), 522 172.18.0.18:43556 (inbound), 520 172.18.0.5:60494 (inbound), 521 172.18.0.10:56042 (inbound), 521 172.18.0.12:60532 (inbound), 522 172.18.0.13:57154 (inbound), 519 172.18.0.2:10115 (outbound), 519 172.18.0.5:10315 (outbound), 520 172.18.0.8:10415 (outbound), 520 172.18.0.6:10215 (outbound), 520 172.18.0.7:10515 (outbound), 523 172.18.0.9:10615 (outbound)]
2019/04/24 03:44:40.363435 [1;35m[INF][m GID 263, five second countdown ends. Re-generate block.
2019/04/24 03:44:40.363684 [1;35m[INF][m GID 263, difficulty:  520095999
2019/04/24 03:44:45.372061 [1;35m[INF][m GID 263, five second countdown ends. Re-generate block.
2019/04/24 03:44:45.372464 [1;35m[INF][m GID 263, difficulty:  520095999
2019/04/24 03:44:50.387800 [1;35m[INF][m GID 263, five second countdown ends. Re-generate block.
2019/04/24 03:44:50.388167 [1;35m[INF][m GID 263, difficulty:  520095999
2019/04/24 03:44:55.397707 [1;35m[INF][m GID 263, five second countdown ends. Re-generate block.
2019/04/24 03:44:55.397983 [1;35m[INF][m GID 263, difficulty:  520095999
2019/04/24 03:45:00.447398 [1;35m[INF][m GID 263, five second countdown ends. Re-generate block.
2019/04/24 03:45:00.450251 [1;35m[INF][m GID 263, difficulty:  520095999
