2019/04/03 10:16:58.469494 [1;35m[INF][m GID 1, ID: 034b2a7333a2e3dc97ffdeca801bfa2c90b6826f6ac0fd95b55445c57343fbedaa
2019/04/03 10:16:58.469980 [1;33m[WRN][m GID 1, Can't listen on :10908: listen tcp4 :10908: bind: address already in use
2019/04/03 10:16:58.470123 [1;33m[WRN][m GID 1, Can't listen on :10908: listen tcp6 :10908: bind: address already in use
2019/04/03 10:16:58.470332 [1;35m[INF][m GID 1, [UpdatePeers] peers: 0  height:  0
2019/04/03 10:16:58.470367 [1;31m[ERR][m GID 1, self not in direct peers list
2019/04/03 10:32:43.138783 [1;35m[INF][m GID 9, [UpdatePeers] peers: 6  height:  229
2019/04/03 10:32:43.138819 [1;33m[WRN][m GID 9, [OnPeersChanged] update peers error:  self not in direct peers list
2019/04/03 10:34:36.248672 [1;35m[INF][m GID 215, [UpdatePeers] peers: 4  height:  249
2019/04/03 10:34:36.248874 [1;33m[WRN][m GID 215, [OnPeersChanged] update peers error:  self not in direct peers list
2019/04/03 10:34:36.277303 [1;35m[INF][m GID 215, [OnBlockReceived] listener received block
2019/04/03 10:34:36.277745 [1;35m[INF][m GID 67, [OnBlockReceived] start
2019/04/03 10:34:36.277788 [1;35m[INF][m GID 67, [onDutyArbitratorChanged] not onduty
2019/04/03 10:34:36.277845 [1;35m[INF][m GID 67, [OnBlockReceived] received confirmed block
2019/04/03 10:34:36.277876 [1;35m[INF][m GID 67, [OnBlockReceived] end
2019/04/03 10:34:43.434049 [1;35m[INF][m GID 9, [OnBlockReceived] listener received block
2019/04/03 10:34:43.434164 [1;35m[INF][m GID 67, [OnBlockReceived] start
2019/04/03 10:34:43.434185 [1;35m[INF][m GID 67, [OnBlockReceived] end
2019/04/03 10:34:43.512966 [1;35m[INF][m GID 9, [OnConfirmReceived] listener received confirm
2019/04/03 10:34:43.513007 [1;35m[INF][m GID 9, [OnBlockReceived] listener received block
2019/04/03 10:34:43.513237 [1;35m[INF][m GID 67, [OnConfirmReceived] started, hash: fdab7774176233eff746df8c1261e29bcb4b68212d65b7669bbe3efb34127cad
2019/04/03 10:34:43.513264 [1;35m[INF][m GID 67, [onDutyArbitratorChanged] not onduty
2019/04/03 10:34:43.513284 [1;35m[INF][m GID 67, [OnConfirmReceived] end
2019/04/03 10:34:43.513304 [1;35m[INF][m GID 67, [OnBlockReceived] start
2019/04/03 10:34:43.513326 [1;35m[INF][m GID 67, [onDutyArbitratorChanged] not onduty
2019/04/03 10:34:43.513345 [1;35m[INF][m GID 67, [OnBlockReceived] received confirmed block
2019/04/03 10:34:43.513365 [1;35m[INF][m GID 67, [OnBlockReceived] end
2019/04/03 10:34:50.678294 [1;35m[INF][m GID 215, [OnBlockReceived] listener received block
2019/04/03 10:34:50.694080 [1;35m[INF][m GID 67, [OnBlockReceived] start
2019/04/03 10:34:50.694107 [1;35m[INF][m GID 67, [OnBlockReceived] end
2019/04/03 10:34:50.961037 [1;35m[INF][m GID 9, [OnConfirmReceived] listener received confirm
2019/04/03 10:34:50.961080 [1;35m[INF][m GID 9, [OnBlockReceived] listener received block
2019/04/03 10:34:50.961724 [1;35m[INF][m GID 67, [OnConfirmReceived] started, hash: 65235d88dbd7d3a07bfdecd9ea6e4131c786e7b56a71f1e700414369f50e3301
2019/04/03 10:34:50.963356 [1;35m[INF][m GID 67, [onDutyArbitratorChanged] not onduty
2019/04/03 10:34:50.963390 [1;35m[INF][m GID 67, [OnConfirmReceived] end
2019/04/03 10:34:50.963426 [1;35m[INF][m GID 67, [OnBlockReceived] start
2019/04/03 10:34:50.963452 [1;35m[INF][m GID 67, [onDutyArbitratorChanged] not onduty
2019/04/03 10:34:50.963471 [1;35m[INF][m GID 67, [OnBlockReceived] received confirmed block
2019/04/03 10:34:50.963622 [1;35m[INF][m GID 67, [OnBlockReceived] end
2019/04/03 10:34:55.049938 [1;35m[INF][m GID 9, [OnBlockReceived] listener received block
2019/04/03 10:34:55.050107 [1;35m[INF][m GID 67, [OnBlockReceived] start
2019/04/03 10:34:55.050167 [1;35m[INF][m GID 67, [OnBlockReceived] end
2019/04/03 10:34:55.158575 [1;35m[INF][m GID 9, [OnConfirmReceived] listener received confirm
2019/04/03 10:34:55.158692 [1;35m[INF][m GID 9, [OnBlockReceived] listener received block
2019/04/03 10:34:55.159494 [1;35m[INF][m GID 67, [OnConfirmReceived] started, hash: f5aa5fb150444556143251ded2654342b5744b3c8813cabde2f187196c24ad12
2019/04/03 10:34:55.179965 [1;35m[INF][m GID 67, [onDutyArbitratorChanged] not onduty
2019/04/03 10:34:55.180153 [1;35m[INF][m GID 67, [OnConfirmReceived] end
2019/04/03 10:34:55.180174 [1;35m[INF][m GID 67, [OnBlockReceived] start
2019/04/03 10:34:55.180195 [1;35m[INF][m GID 67, [onDutyArbitratorChanged] not onduty
2019/04/03 10:34:55.180212 [1;35m[INF][m GID 67, [OnBlockReceived] received confirmed block
2019/04/03 10:34:55.180229 [1;35m[INF][m GID 67, [OnBlockReceived] end
2019/04/03 10:34:59.944819 [1;35m[INF][m GID 9, [OnBlockReceived] listener received block
2019/04/03 10:34:59.944965 [1;35m[INF][m GID 67, [OnBlockReceived] start
2019/04/03 10:34:59.944990 [1;35m[INF][m GID 67, [OnBlockReceived] end
2019/04/03 10:35:00.043453 [1;35m[INF][m GID 9, [OnConfirmReceived] listener received confirm
2019/04/03 10:35:00.043515 [1;35m[INF][m GID 9, [OnBlockReceived] listener received block
2019/04/03 10:35:00.043652 [1;35m[INF][m GID 67, [OnConfirmReceived] started, hash: 91ee018157805ce8bf03857e9c6c97bb3d33340dcc3f2d9719d8ab624972d5f3
2019/04/03 10:35:00.043696 [1;35m[INF][m GID 67, [onDutyArbitratorChanged] not onduty
2019/04/03 10:35:00.043716 [1;35m[INF][m GID 67, [OnConfirmReceived] end
2019/04/03 10:35:00.043739 [1;35m[INF][m GID 67, [OnBlockReceived] start
2019/04/03 10:35:00.043760 [1;35m[INF][m GID 67, [onDutyArbitratorChanged] not onduty
2019/04/03 10:35:00.043781 [1;35m[INF][m GID 67, [OnBlockReceived] received confirmed block
2019/04/03 10:35:00.043796 [1;35m[INF][m GID 67, [OnBlockReceived] end
2019/04/03 10:35:02.314287 [1;35m[INF][m GID 9, [OnBlockReceived] listener received block
2019/04/03 10:35:02.314418 [1;35m[INF][m GID 67, [OnBlockReceived] start
2019/04/03 10:35:02.314465 [1;35m[INF][m GID 67, [OnBlockReceived] end
2019/04/03 10:35:02.363549 [1;35m[INF][m GID 9, [OnConfirmReceived] listener received confirm
2019/04/03 10:35:02.363636 [1;35m[INF][m GID 9, [OnBlockReceived] listener received block
2019/04/03 10:35:02.364101 [1;35m[INF][m GID 67, [OnConfirmReceived] started, hash: 2fdc77ff06aa116f828f5c751f78fcaaf643facad91cdeb491d280daae112150
2019/04/03 10:35:02.364133 [1;35m[INF][m GID 67, [onDutyArbitratorChanged] not onduty
2019/04/03 10:35:02.364177 [1;35m[INF][m GID 67, [OnConfirmReceived] end
2019/04/03 10:35:02.364204 [1;35m[INF][m GID 67, [OnBlockReceived] start
2019/04/03 10:35:02.364227 [1;35m[INF][m GID 67, [onDutyArbitratorChanged] not onduty
2019/04/03 10:35:02.364272 [1;35m[INF][m GID 67, [OnBlockReceived] received confirmed block
2019/04/03 10:35:02.364298 [1;35m[INF][m GID 67, [OnBlockReceived] end
