2019/09/27 01:34:40.927024 [1;35m[INF][m GID 1, Node version: 
2019/09/27 01:34:40.934690 [1;35m[INF][m GID 1, go version go1.12.9 linux/amd64
2019/09/27 01:34:41.071229 [1;35m[INF][m GID 1, current block height -> 500
2019/09/27 01:34:41.072761 [1;33m[WRN][m GID 43, recover form check points fail:  can't find dpos store object
2019/09/27 01:34:41.073886 [1;35m[INF][m GID 43, [RecoverFromCheckPoints] recover start height:  100
[ ========== BLOCKCHAIN INITIALIZE STARTED ========== ]
 0 / 400    0.00%2019/09/27 01:34:41.105715 [1;33m[WRN][m GID 43, found error:  producers count less than min arbitrators count , degrade to CRC only state
 401 / 400  100.25% 0s
[ ========== BLOCKCHAIN INITIALIZE FINISHED ========== ]
2019/09/27 01:34:41.109558 [1;35m[INF][m GID 1, Start the P2P networks
2019/09/27 01:34:41.110036 [1;35m[INF][m GID 1, Start services
2019/09/27 01:34:46.110884 [1;35m[INF][m GID 1, Start consensus
2019/09/27 01:34:46.111672 [1;35m[INF][m GID 1, Start POW Services
2019/09/27 01:34:46.112175 [1;35m[INF][m GID 72, difficulty:  520095999
2019/09/27 01:34:46.716814 [1;35m[INF][m GID 72, <================Solved Block==============>
2019/09/27 01:34:46.726450 [1;35m[INF][m GID 72, [ConfirmBlock] block hash: 18df9f27335ec47634ee63d4616e2826468ce5729571087d1e6be1e6f6fdf156
2019/09/27 01:34:46.726991 [1;35m[INF][m GID 72, difficulty:  520095999
2019/09/27 01:34:50.812835 [1;35m[INF][m GID 72, <================Solved Block==============>
2019/09/27 01:34:50.813730 [1;35m[INF][m GID 72, [ConfirmBlock] block hash: f89598660c4ead00d10daff89a328098573fc1c7edac87235f963d197cb63a70
2019/09/27 01:34:50.814585 [1;35m[INF][m GID 72, difficulty:  520095999
2019/09/27 01:34:52.805838 [1;35m[INF][m GID 72, <================Solved Block==============>
2019/09/27 01:34:52.812307 [1;35m[INF][m GID 72, [ConfirmBlock] block hash: 0eaebc854dba37b9db97d426ec24ddc8435ac65abbe2e9701a1f2c84c6d57115
2019/09/27 01:34:52.813399 [1;35m[INF][m GID 72, difficulty:  520095999
2019/09/27 01:34:57.079623 [1;35m[INF][m GID 72, <================Solved Block==============>
2019/09/27 01:34:57.080587 [1;35m[INF][m GID 72, [ConfirmBlock] block hash: a8938209997ace68de1e87c8f99d2d5baa52f23d50416602661304a3fd8cb3b5
2019/09/27 01:34:57.081667 [1;35m[INF][m GID 72, difficulty:  520095999
2019/09/27 01:35:19.772349 [1;35m[INF][m GID 72, <================Solved Block==============>
2019/09/27 01:35:19.774804 [1;35m[INF][m GID 72, [ConfirmBlock] block hash: 8a4ea98fa24f5f8c7ded87a3dcc18e27434d9772ccce2021f5576e8f2e636f6b
2019/09/27 01:35:19.775479 [1;35m[INF][m GID 72, difficulty:  520095999
2019-09-27 01:35:41.045 [INF] STAT: -> 500 []
2019/09/27 01:35:45.302383 [1;35m[INF][m GID 72, <================Solved Block==============>
2019/09/27 01:35:45.304302 [1;35m[INF][m GID 72, [ConfirmBlock] block hash: 94096be5ac3a0d4a2aa7241ea79ebb90cb640b5cc87b002ca0eb005fab87f97e
2019/09/27 01:35:45.312755 [1;35m[INF][m GID 72, difficulty:  520095999
2019/09/27 01:35:46.739835 [1;35m[INF][m GID 72, <================Solved Block==============>
2019/09/27 01:35:46.741828 [1;35m[INF][m GID 72, [ConfirmBlock] block hash: 89b80dff07aaf5675fb1fd0ac711540482b50a01e568cd8baab00a604e288df2
2019/09/27 01:35:46.747173 [1;35m[INF][m GID 72, difficulty:  520095999
2019/09/27 01:35:47.559745 [1;35m[INF][m GID 72, <================Solved Block==============>
2019/09/27 01:35:47.560606 [1;35m[INF][m GID 72, [ConfirmBlock] block hash: 09d67c8faab3b30747d2e86acfdccda54263c17ccd504a2796362ddd7538505d
2019/09/27 01:35:47.561148 [1;35m[INF][m GID 72, difficulty:  520095999
2019/09/27 01:35:50.184155 [1;35m[INF][m GID 72, <================Solved Block==============>
2019/09/27 01:35:50.186582 [1;35m[INF][m GID 72, [ConfirmBlock] block hash: 6d942dc9233ae1d5dfaafd53261c960391427fc14babd56b5aa6408247f0cd00
2019/09/27 01:35:50.187174 [1;35m[INF][m GID 72, difficulty:  520095999
2019/09/27 01:35:51.122032 [1;35m[INF][m GID 72, <================Solved Block==============>
2019/09/27 01:35:51.122734 [1;35m[INF][m GID 72, [ConfirmBlock] block hash: 1357c99732491785e38d28e5a74cda6574c93f8bcd1dc4a0d95a457d52ae643a
2019/09/27 01:35:51.123367 [1;35m[INF][m GID 72, difficulty:  520095999
2019/09/27 01:36:05.516703 [1;35m[INF][m GID 72, <================Solved Block==============>
2019/09/27 01:36:05.522353 [1;35m[INF][m GID 72, [ConfirmBlock] block hash: 441ee62bfbe3df5eff104c6c47671c2ca44ae5226103e0e86eadc3440bbeab2f
2019/09/27 01:36:05.532884 [1;35m[INF][m GID 72, difficulty:  520095999
2019/09/27 01:36:06.598242 [1;35m[INF][m GID 72, <================Solved Block==============>
2019/09/27 01:36:06.604985 [1;35m[INF][m GID 72, [ConfirmBlock] block hash: e929ca2a51621539f1bcd9ce4de47a93821f95206782603e26a9b4278e20dfc6
2019/09/27 01:36:06.606321 [1;35m[INF][m GID 72, difficulty:  520095999
2019/09/27 01:36:08.451261 [1;35m[INF][m GID 72, <================Solved Block==============>
2019/09/27 01:36:08.454370 [1;35m[INF][m GID 72, [ConfirmBlock] block hash: 1f97c16f2916f9cb2ad333ea79677e2534d093880987dfd987a2a27b4f278875
2019/09/27 01:36:08.455174 [1;35m[INF][m GID 72, difficulty:  520095999
2019/09/27 01:36:13.124695 [1;35m[INF][m GID 72, <================Solved Block==============>
2019/09/27 01:36:13.127055 [1;35m[INF][m GID 72, [ConfirmBlock] block hash: 32188c7dda27918da069f4f74b945d8dec9878475ef42dfcb2c299ee1fc443a3
2019/09/27 01:36:13.136333 [1;35m[INF][m GID 72, difficulty:  520095999
2019/09/27 01:36:24.637966 [1;35m[INF][m GID 72, <================Solved Block==============>
2019/09/27 01:36:24.639988 [1;35m[INF][m GID 72, [ConfirmBlock] block hash: a8f5d749a57315fbe2269e1fcbe20dce365d5152f72ca1f0ed53e1d948003ac1
2019/09/27 01:36:24.641230 [1;35m[INF][m GID 72, difficulty:  520095999
2019/09/27 01:36:35.477473 [1;35m[INF][m GID 72, <================Solved Block==============>
2019/09/27 01:36:35.478486 [1;35m[INF][m GID 72, [ConfirmBlock] block hash: 9024ea097691e474337681256b7a4cc66be911530e4d9a7ffeacd11dd48a2f58
2019/09/27 01:36:35.479597 [1;35m[INF][m GID 72, difficulty:  520095999
2019-09-27 01:36:40.981 [INF] STAT: -> 500 []
2019/09/27 01:36:42.316177 [1;35m[INF][m GID 72, <================Solved Block==============>
2019/09/27 01:36:42.316945 [1;35m[INF][m GID 72, [ConfirmBlock] block hash: e2e5319a65f28b14422049426ac989b75479d4cae0bd656d52bd8e7b4e636914
2019/09/27 01:36:42.317779 [1;35m[INF][m GID 72, difficulty:  520095999
2019/09/27 01:36:45.951356 [1;35m[INF][m GID 72, <================Solved Block==============>
2019/09/27 01:36:45.953377 [1;35m[INF][m GID 72, [ConfirmBlock] block hash: bf934869f975ce2ba18bc4796cfb747b680dbf646ef5075acc9d8113311ae2f2
2019/09/27 01:36:45.954055 [1;35m[INF][m GID 72, difficulty:  520095999
2019/09/27 01:36:48.605663 [1;35m[INF][m GID 72, <================Solved Block==============>
2019/09/27 01:36:48.607549 [1;35m[INF][m GID 72, [ConfirmBlock] block hash: b44a8a0521b456ace1116b629e5d2348a92f7e7be82781006c3bedeb1b2566ad
2019/09/27 01:36:48.608310 [1;35m[INF][m GID 72, difficulty:  520095999
2019/09/27 01:36:53.100660 [1;35m[INF][m GID 72, <================Solved Block==============>
2019/09/27 01:36:53.103209 [1;35m[INF][m GID 72, [ConfirmBlock] block hash: cb2694c03f0d1df85f921d67fe472c8f415d76a5445fc439a070e2137fc97346
2019/09/27 01:36:53.105188 [1;35m[INF][m GID 72, difficulty:  520095999
2019/09/27 01:36:58.114050 [1;35m[INF][m GID 72, <================Solved Block==============>
2019/09/27 01:36:58.122588 [1;35m[INF][m GID 72, [ConfirmBlock] block hash: 569ca50785df8d13edbf4330085c1a0202892786b126ce1ca4bcfedbd4422efa
2019/09/27 01:36:58.124846 [1;35m[INF][m GID 72, difficulty:  520095999
2019/09/27 01:37:02.297037 [1;35m[INF][m GID 72, <================Solved Block==============>
2019/09/27 01:37:02.307697 [1;35m[INF][m GID 72, [ConfirmBlock] block hash: 03d1b917204c93677724941a8502293c840d63b0fa0bb9cc7ba90bd0ece6476d
2019/09/27 01:37:02.308507 [1;35m[INF][m GID 72, difficulty:  520095999
2019/09/27 01:37:02.835528 [1;35m[INF][m GID 72, <================Solved Block==============>
2019/09/27 01:37:02.836332 [1;35m[INF][m GID 72, [ConfirmBlock] block hash: 969964a0d6c4e5599bcc28222cf3c7aa7d0d3fbb3eeac8ab793e5d21c40ae8e4
2019/09/27 01:37:02.837092 [1;35m[INF][m GID 72, difficulty:  520095999
2019/09/27 01:37:06.276847 [1;35m[INF][m GID 72, <================Solved Block==============>
2019/09/27 01:37:06.278157 [1;35m[INF][m GID 72, [ConfirmBlock] block hash: e984095f126d49189ab53974101be64913a76193adf12d5fc12d34c136a41bd7
2019/09/27 01:37:06.278947 [1;35m[INF][m GID 72, difficulty:  520095999
2019/09/27 01:37:18.924254 [1;35m[INF][m GID 72, <================Solved Block==============>
2019/09/27 01:37:18.924892 [1;35m[INF][m GID 72, [ConfirmBlock] block hash: 6962192ca047bdd3452130396feb9174d4ad585cc0484046150e12dcf29233a7
2019/09/27 01:37:18.925393 [1;35m[INF][m GID 72, difficulty:  520095999
2019/09/27 01:37:23.807193 [1;35m[INF][m GID 72, <================Solved Block==============>
2019/09/27 01:37:23.813271 [1;35m[INF][m GID 72, [ConfirmBlock] block hash: aec1f2e8471d6ef274464d0cd6e0faba64006c5404638e975bddf599e39f3139
2019/09/27 01:37:23.814240 [1;35m[INF][m GID 72, difficulty:  520095999
2019/09/27 01:37:29.067281 [1;35m[INF][m GID 72, <================Solved Block==============>
2019/09/27 01:37:29.071591 [1;35m[INF][m GID 72, [ConfirmBlock] block hash: 25976704746cc85a06840113e666b1e5aefbfa738d0de267f9ba8f1feff56437
2019/09/27 01:37:29.073682 [1;35m[INF][m GID 72, difficulty:  520095999
2019/09/27 01:37:39.003195 [1;35m[INF][m GID 72, <================Solved Block==============>
2019/09/27 01:37:39.007511 [1;35m[INF][m GID 72, [ConfirmBlock] block hash: 990c88f436210e0b60003c09e93e1a5d0e06c95df7d0be1c4776a033a753cb14
2019/09/27 01:37:39.008477 [1;35m[INF][m GID 72, difficulty:  520095999
2019/09/27 01:37:40.207641 [1;35m[INF][m GID 72, <================Solved Block==============>
2019/09/27 01:37:40.208404 [1;35m[INF][m GID 72, [ConfirmBlock] block hash: a88c87271aab1fa06cc21f4d23c73f08a65af3debb75d0d3b17ce38bbb98cec9
2019/09/27 01:37:40.209322 [1;35m[INF][m GID 72, difficulty:  520095999
2019-09-27 01:37:40.909 [INF] STAT: -> 500 []
2019/09/27 01:37:41.293371 [1;35m[INF][m GID 72, <================Solved Block==============>
2019/09/27 01:37:41.296417 [1;35m[INF][m GID 72, [ConfirmBlock] block hash: a1d3afa7759e868b5f895be3c07c73abd4e53443d3d76c78907d963051a07ac7
2019/09/27 01:37:41.296847 [1;35m[INF][m GID 72, difficulty:  520095999
2019/09/27 01:37:44.262421 [1;35m[INF][m GID 72, <================Solved Block==============>
2019/09/27 01:37:44.269267 [1;35m[INF][m GID 72, [ConfirmBlock] block hash: bc52b74855c1ae02b5d92e2fa1ff953835fe6bb85cca27b39ef8280b63ce2230
2019/09/27 01:37:44.269784 [1;35m[INF][m GID 72, difficulty:  520095999
2019/09/27 01:37:44.305295 [1;35m[INF][m GID 72, <================Solved Block==============>
2019/09/27 01:37:44.308722 [1;35m[INF][m GID 72, [ConfirmBlock] block hash: f33468cc3cc876d330695a664f47c0c83dc46ccf4c2250bdd3ec63f2d0fc194b
2019/09/27 01:37:44.310620 [1;35m[INF][m GID 72, difficulty:  520095999
2019/09/27 01:37:45.919964 [1;35m[INF][m GID 72, <================Solved Block==============>
2019/09/27 01:37:45.921085 [1;35m[INF][m GID 72, [ConfirmBlock] block hash: d9b865590daca156d99ee93213112bc18099738d20754b56713ef39d2de7f685
2019/09/27 01:37:45.923470 [1;35m[INF][m GID 72, difficulty:  520095999
2019/09/27 01:37:47.528297 [1;35m[INF][m GID 72, <================Solved Block==============>
2019/09/27 01:37:47.529180 [1;35m[INF][m GID 72, [ConfirmBlock] block hash: dfd08e20223dfb3cbf879c561a648523d0044a40d5ed0b7b749086f56b24b193
2019/09/27 01:37:47.529798 [1;35m[INF][m GID 72, difficulty:  520095999
2019/09/27 01:37:48.827629 [1;35m[INF][m GID 72, <================Solved Block==============>
2019/09/27 01:37:48.829046 [1;35m[INF][m GID 72, [ConfirmBlock] block hash: 531ef95406147c3d846f9f4b0b7ab6e120c6b09193289118f1387939f87cfc0f
2019/09/27 01:37:48.835624 [1;35m[INF][m GID 72, difficulty:  520095999
2019/09/27 01:37:53.596273 [1;35m[INF][m GID 72, <================Solved Block==============>
2019/09/27 01:37:53.597003 [1;35m[INF][m GID 72, [ConfirmBlock] block hash: f64fc3095d009a973d8529ca2fb0ffd61a008ff336e23fd275400fdde46194a7
2019/09/27 01:37:53.597588 [1;35m[INF][m GID 72, difficulty:  520095999
2019/09/27 01:38:11.321104 [1;35m[INF][m GID 72, <================Solved Block==============>
2019/09/27 01:38:11.322196 [1;35m[INF][m GID 72, [ConfirmBlock] block hash: e9fce114fa09035f7aca053c455ad8976ff24a2c19b6a9e5a405a444a7edada9
2019/09/27 01:38:11.322865 [1;35m[INF][m GID 72, difficulty:  520095999
2019/09/27 01:38:17.712036 [1;35m[INF][m GID 72, <================Solved Block==============>
2019/09/27 01:38:17.713827 [1;35m[INF][m GID 72, [ConfirmBlock] block hash: 062fb97ff1e90643e27c2a3c497efb14e8e93e9d5351efe227b8902b877d5e0e
2019/09/27 01:38:17.723472 [1;35m[INF][m GID 72, difficulty:  520095999
