2019-05-08 19:50:10.309 [INF] ELAD /go/src/github.com/elastos/Elastos.ELA.SideChain.Token/main.go:58: Node version: 
2019-05-08 19:50:10.310 [INF] ELAD /go/src/github.com/elastos/Elastos.ELA.SideChain.Token/main.go:59: go version go1.11.5 linux/amd64
2019-05-08 19:50:10.310 [INF] ELAD /go/src/github.com/elastos/Elastos.ELA.SideChain.Token/main.go:64: 1. BlockChain init
2019-05-08 19:50:10.405 [INF] ELAD /go/src/github.com/elastos/Elastos.ELA.SideChain.Token/main.go:73: 2. SPV module init
2019-05-08 19:50:10.612 [INF] SPVS /go/src/github.com/elastos/Elastos.ELA.SideChain.Token/vendor/github.com/elastos/Elastos.ELA.SPV/sdk/service.go:464: SPV service started...
2019-05-08 19:50:10.705 [INF] ELAD /go/src/github.com/elastos/Elastos.ELA.SideChain.Token/main.go:137: 3. Start the P2P networks
2019-05-08 19:50:10.706 [INF] ELAD /go/src/github.com/elastos/Elastos.ELA.SideChain.Token/main.go:160: 4. --Initialize pow service
2019-05-08 19:50:10.706 [INF] ELAD /go/src/github.com/elastos/Elastos.ELA.SideChain.Token/main.go:177: Start POW Services
2019-05-08 19:50:10.706 [INF] ELAD /go/src/github.com/elastos/Elastos.ELA.SideChain.Token/main.go:181: 5. --Start the RPC service
2019-05-08 19:50:10.706 [INF] MINR /go/src/github.com/elastos/Elastos.ELA.SideChain.Token/vendor/github.com/elastos/Elastos.ELA.SideChain/pow/pow.go:299: <================POW Mining==============>

2019-05-08 19:50:10.707 [INF] MINR /go/src/github.com/elastos/Elastos.ELA.SideChain.Token/vendor/github.com/elastos/Elastos.ELA.SideChain/pow/pow.go:423: difficulty:  520095999
2019-05-08 19:50:10.736 [INF] STAT: -> 110 []
2019-05-08 19:50:10.736 [INF] SPVS /go/src/github.com/elastos/Elastos.ELA.SideChain.Token/vendor/github.com/elastos/Elastos.ELA.SPV/sync/manager.go:244: New valid peer 192.168.48.2:10015 (outbound)
2019-05-08 19:50:10.736 [INF] SPVS /go/src/github.com/elastos/Elastos.ELA.SideChain.Token/vendor/github.com/elastos/Elastos.ELA.SPV/sync/manager.go:197: Syncing to block height 485 from peer 192.168.48.2:10015
2019-05-08 19:50:11.015 [INF] SPVS /go/src/github.com/elastos/Elastos.ELA.SideChain.Token/vendor/github.com/elastos/Elastos.ELA.SPV/sync/manager.go:244: New valid peer 192.168.48.5:10015 (outbound)
2019-05-08 19:50:11.015 [INF] SPVS /go/src/github.com/elastos/Elastos.ELA.SideChain.Token/vendor/github.com/elastos/Elastos.ELA.SPV/sync/manager.go:244: New valid peer 192.168.48.11:10015 (outbound)
2019-05-08 19:50:11.015 [INF] SPVS /go/src/github.com/elastos/Elastos.ELA.SideChain.Token/vendor/github.com/elastos/Elastos.ELA.SPV/sync/manager.go:244: New valid peer 192.168.48.9:10015 (outbound)
2019-05-08 19:50:11.016 [INF] SPVS /go/src/github.com/elastos/Elastos.ELA.SideChain.Token/vendor/github.com/elastos/Elastos.ELA.SPV/sync/manager.go:244: New valid peer 192.168.48.8:10015 (outbound)
2019-05-08 19:50:11.016 [INF] SPVS /go/src/github.com/elastos/Elastos.ELA.SideChain.Token/vendor/github.com/elastos/Elastos.ELA.SPV/sync/manager.go:244: New valid peer 192.168.48.4:10015 (outbound)
2019-05-08 19:50:11.016 [INF] SPVS /go/src/github.com/elastos/Elastos.ELA.SideChain.Token/vendor/github.com/elastos/Elastos.ELA.SPV/sync/manager.go:244: New valid peer 192.168.48.10:10015 (outbound)
2019-05-08 19:50:11.086 [INF] SPVS /go/src/github.com/elastos/Elastos.ELA.SideChain.Token/vendor/github.com/elastos/Elastos.ELA.SPV/sync/manager.go:419: Received block 619674c9de532e45207ff1326073199a8371a51447249d92e485897eda8c8fce at height 485
2019-05-08 19:50:16.157 [INF] MINR /go/src/github.com/elastos/Elastos.ELA.SideChain.Token/vendor/github.com/elastos/Elastos.ELA.SideChain/pow/pow.go:423: difficulty:  520095999
2019-05-08 19:50:27.741 [INF] SPVS /go/src/github.com/elastos/Elastos.ELA.SideChain.Token/vendor/github.com/elastos/Elastos.ELA.SPV/sync/manager.go:419: Received block 7eef1179363b4bbb3f0cb7c209f4c0ac5e0b80142ca16371bb53f85fba1d1e9d at height 486
2019-05-08 19:50:41.916 [INF] SPVS /go/src/github.com/elastos/Elastos.ELA.SideChain.Token/vendor/github.com/elastos/Elastos.ELA.SPV/sync/manager.go:419: Received block 384a26a1dedfd5f3ab1dabf869fa44a073b57a6c28c4f1ae50938d6ff49708c1 at height 487
2019-05-08 19:50:46.567 [INF] SPVS /go/src/github.com/elastos/Elastos.ELA.SideChain.Token/vendor/github.com/elastos/Elastos.ELA.SPV/sync/manager.go:419: Received block 9daea3ca630fb97f257b39c7b17ac5e4dbbd2cccb7a774fde87c781fab984dea at height 488
2019-05-08 19:50:55.903 [INF] MINR /go/src/github.com/elastos/Elastos.ELA.SideChain.Token/vendor/github.com/elastos/Elastos.ELA.SideChain/pow/pow.go:423: difficulty:  520095999
2019-05-08 19:50:55.997 [INF] SPVS /go/src/github.com/elastos/Elastos.ELA.SideChain.Token/vendor/github.com/elastos/Elastos.ELA.SPV/sync/manager.go:419: Received block a2aea20a4e160c9ee4d58d9f0516a959ec41bee56600b323cecca4390f248c87 at height 489
2019-05-08 19:51:02.583 [INF] BCDB /go/src/github.com/elastos/Elastos.ELA.SideChain.Token/vendor/github.com/elastos/Elastos.ELA.SideChain/blockchain/blockchain.go:1032: current height ->  111
2019-05-08 19:51:02.583 [INF] MINR /go/src/github.com/elastos/Elastos.ELA.SideChain.Token/vendor/github.com/elastos/Elastos.ELA.SideChain/pow/pow.go:299: <================POW Mining==============>

2019-05-08 19:51:02.584 [INF] MINR /go/src/github.com/elastos/Elastos.ELA.SideChain.Token/vendor/github.com/elastos/Elastos.ELA.SideChain/pow/pow.go:423: difficulty:  520095999
2019-05-08 19:51:03.422 [INF] SPVS /go/src/github.com/elastos/Elastos.ELA.SideChain.Token/vendor/github.com/elastos/Elastos.ELA.SPV/sync/manager.go:419: Received block a846031de59a94b4508e81a59d34cc47446abf021561c134d1f394bbfe45ce76 at height 490
2019-05-08 19:51:03.576 [INF] MINR /go/src/github.com/elastos/Elastos.ELA.SideChain.Token/vendor/github.com/elastos/Elastos.ELA.SideChain/pow/pow.go:423: difficulty:  520095999
2019-05-08 19:51:10.719 [INF] STAT: -> 111 []
2019-05-08 19:51:11.587 [INF] SPVS /go/src/github.com/elastos/Elastos.ELA.SideChain.Token/vendor/github.com/elastos/Elastos.ELA.SPV/sync/manager.go:419: Received block 52bdcc21ee53a4461b10061cfce2adfad7f985089b4769ff3d5aa53800ff338c at height 491
2019-05-08 19:51:22.895 [INF] SPVS /go/src/github.com/elastos/Elastos.ELA.SideChain.Token/vendor/github.com/elastos/Elastos.ELA.SPV/sync/manager.go:419: Received block 83ddf9cb320cf8b8bb1fd8148dcc20d0aa0092ff27d456dd944d780f1517955d at height 492
2019-05-08 19:51:27.013 [INF] SPVS /go/src/github.com/elastos/Elastos.ELA.SideChain.Token/vendor/github.com/elastos/Elastos.ELA.SPV/sync/manager.go:419: Received block f04553f7202887661664ad9217d6688015dad1a7f5e0ab713a9000b65210cd18 at height 493
2019-05-08 19:51:27.421 [INF] MINR /go/src/github.com/elastos/Elastos.ELA.SideChain.Token/vendor/github.com/elastos/Elastos.ELA.SideChain/pow/pow.go:423: difficulty:  520095999
2019-05-08 19:51:44.363 [INF] SPVS /go/src/github.com/elastos/Elastos.ELA.SideChain.Token/vendor/github.com/elastos/Elastos.ELA.SPV/sync/manager.go:419: Received block d704df124b95b9aac899eb0844fc0daa6444f0072f38e0a292fdeff78b7830da at height 494
2019-05-08 19:51:45.045 [INF] BCDB /go/src/github.com/elastos/Elastos.ELA.SideChain.Token/vendor/github.com/elastos/Elastos.ELA.SideChain/blockchain/blockchain.go:1032: current height ->  112
2019-05-08 19:51:45.045 [INF] MINR /go/src/github.com/elastos/Elastos.ELA.SideChain.Token/vendor/github.com/elastos/Elastos.ELA.SideChain/pow/pow.go:299: <================POW Mining==============>

2019-05-08 19:51:45.045 [INF] MINR /go/src/github.com/elastos/Elastos.ELA.SideChain.Token/vendor/github.com/elastos/Elastos.ELA.SideChain/pow/pow.go:423: difficulty:  520095999
2019-05-08 19:52:01.958 [INF] SPVS /go/src/github.com/elastos/Elastos.ELA.SideChain.Token/vendor/github.com/elastos/Elastos.ELA.SPV/sync/manager.go:419: Received block 577de2c3dd9c89e6a73791ce7a809f80d7383f6225c243f6430b7e0f739c0305 at height 495
2019-05-08 19:52:06.055 [INF] SPVS /go/src/github.com/elastos/Elastos.ELA.SideChain.Token/vendor/github.com/elastos/Elastos.ELA.SPV/sync/manager.go:419: Received block 6e5faabe2da833ac1ad93d7201897c49730c2e12ac61e331ffa8ee4ca1bce088 at height 496
2019-05-08 19:52:07.422 [INF] SPVS /go/src/github.com/elastos/Elastos.ELA.SideChain.Token/vendor/github.com/elastos/Elastos.ELA.SPV/sync/manager.go:419: Received block dfa136ed2cce06ccbf248be2b31d3ffb448bf68ead0ff7a2fda78f254ade74df at height 497
2019-05-08 19:52:07.449 [INF] MINR /go/src/github.com/elastos/Elastos.ELA.SideChain.Token/vendor/github.com/elastos/Elastos.ELA.SideChain/pow/pow.go:423: difficulty:  520095999
2019-05-08 19:52:10.728 [INF] STAT: -> 112 []
2019-05-08 19:52:12.498 [INF] SPVS /go/src/github.com/elastos/Elastos.ELA.SideChain.Token/vendor/github.com/elastos/Elastos.ELA.SPV/sync/manager.go:419: Received block ccdb76836b67f54a436c0a0fc51531cf91eb6cdd6632757676b73d508ac62ffe at height 498
2019-05-08 19:52:24.433 [INF] SPVS /go/src/github.com/elastos/Elastos.ELA.SideChain.Token/vendor/github.com/elastos/Elastos.ELA.SPV/sync/manager.go:419: Received block 4b98327673acda2e1d95fb4bfc21a9855f0bbcfeee4084b6eb0315fbdd57feed at height 499
2019-05-08 19:52:37.778 [INF] SPVS /go/src/github.com/elastos/Elastos.ELA.SideChain.Token/vendor/github.com/elastos/Elastos.ELA.SPV/sync/manager.go:419: Received block e02208b8a754cb9eae211ab11a0f149a05622dafbdb4d1d18808ff14a54d0913 at height 500
2019-05-08 19:52:49.875 [INF] SPVS /go/src/github.com/elastos/Elastos.ELA.SideChain.Token/vendor/github.com/elastos/Elastos.ELA.SPV/sync/manager.go:419: Received block ef06e747872276bf4cfb777927799c58527ff5e29b0a5426881f8890172158eb at height 501
2019-05-08 19:52:50.310 [INF] MINR /go/src/github.com/elastos/Elastos.ELA.SideChain.Token/vendor/github.com/elastos/Elastos.ELA.SideChain/pow/pow.go:423: difficulty:  520095999
2019-05-08 19:53:05.050 [INF] BCDB /go/src/github.com/elastos/Elastos.ELA.SideChain.Token/vendor/github.com/elastos/Elastos.ELA.SideChain/blockchain/blockchain.go:1032: current height ->  113
2019-05-08 19:53:05.053 [INF] MINR /go/src/github.com/elastos/Elastos.ELA.SideChain.Token/vendor/github.com/elastos/Elastos.ELA.SideChain/pow/pow.go:299: <================POW Mining==============>

2019-05-08 19:53:05.054 [INF] MINR /go/src/github.com/elastos/Elastos.ELA.SideChain.Token/vendor/github.com/elastos/Elastos.ELA.SideChain/pow/pow.go:423: difficulty:  520095999
2019-05-08 19:53:05.630 [INF] MINR /go/src/github.com/elastos/Elastos.ELA.SideChain.Token/vendor/github.com/elastos/Elastos.ELA.SideChain/pow/pow.go:423: difficulty:  520095999
2019-05-08 19:53:10.809 [INF] STAT: -> 113 []
2019-05-08 19:53:11.861 [INF] SPVS /go/src/github.com/elastos/Elastos.ELA.SideChain.Token/vendor/github.com/elastos/Elastos.ELA.SPV/sync/manager.go:419: Received block 713d2d02a4cde4f892d306cfa2b8ad81cc1f3d8e482daf0fc41a8f292fe2da07 at height 502
2019-05-08 19:53:17.889 [INF] SPVS /go/src/github.com/elastos/Elastos.ELA.SideChain.Token/vendor/github.com/elastos/Elastos.ELA.SPV/sync/manager.go:419: Received block 703c313ae7157abe435b69d106bc1d437c8be293f4a4b319721e8df75937d8b4 at height 503
2019-05-08 19:53:25.635 [INF] SPVS /go/src/github.com/elastos/Elastos.ELA.SideChain.Token/vendor/github.com/elastos/Elastos.ELA.SPV/sync/manager.go:419: Received block 77f38524f262d1b5f73e25f347b8cd143a96942c516d928ce1300ae540f0c532 at height 504
2019-05-08 19:53:30.565 [INF] SPVS /go/src/github.com/elastos/Elastos.ELA.SideChain.Token/vendor/github.com/elastos/Elastos.ELA.SPV/sync/manager.go:419: Received block f4b243e1bcdcb6d532a96bab775b54b5c8214d23e07206db1e3da6259a7cb43d at height 505
2019-05-08 19:53:30.828 [INF] MINR /go/src/github.com/elastos/Elastos.ELA.SideChain.Token/vendor/github.com/elastos/Elastos.ELA.SideChain/pow/pow.go:423: difficulty:  520095999
2019-05-08 19:53:34.278 [INF] SPVS /go/src/github.com/elastos/Elastos.ELA.SideChain.Token/vendor/github.com/elastos/Elastos.ELA.SPV/sync/manager.go:419: Received block 1010f9908a8ec31819ebbfbf963038e238b189c51896e8d477499d2c1374ee88 at height 506
2019-05-08 19:53:46.842 [INF] SPVS /go/src/github.com/elastos/Elastos.ELA.SideChain.Token/vendor/github.com/elastos/Elastos.ELA.SPV/sync/manager.go:419: Received block 10043a7ea42b33925f1a2ea8b79eaf6b742b886e4b02c60c7c9e8ea100edee97 at height 507
2019-05-08 19:53:51.707 [INF] SPVS /go/src/github.com/elastos/Elastos.ELA.SideChain.Token/vendor/github.com/elastos/Elastos.ELA.SPV/sync/manager.go:419: Received block f23dc5c0747e3b529ffd6b39b7357a204f320a3c6df7007435863544c6f6bbdd at height 508
2019-05-08 19:53:58.885 [INF] SPVS /go/src/github.com/elastos/Elastos.ELA.SideChain.Token/vendor/github.com/elastos/Elastos.ELA.SPV/sync/manager.go:419: Received block b78481c1fe6b108e90b9e57c754c783116154f42c640f5945d5f8d7917039e4c at height 509
2019-05-08 19:53:59.385 [INF] MINR /go/src/github.com/elastos/Elastos.ELA.SideChain.Token/vendor/github.com/elastos/Elastos.ELA.SideChain/pow/pow.go:423: difficulty:  520095999
2019-05-08 19:54:09.629 [INF] SPVS /go/src/github.com/elastos/Elastos.ELA.SideChain.Token/vendor/github.com/elastos/Elastos.ELA.SPV/sync/manager.go:419: Received block ee1abe8221f677de6877d458d08a28465858694f41430c1b47154d5c8d8bc69c at height 510
2019-05-08 19:54:10.718 [INF] STAT: -> 113 []
2019-05-08 19:54:12.079 [INF] SPVS /go/src/github.com/elastos/Elastos.ELA.SideChain.Token/vendor/github.com/elastos/Elastos.ELA.SPV/sync/manager.go:419: Received block 54b4a0200b543f4df097653f019ee49a058084c5630036696e6c71f2a3493a53 at height 511
2019-05-08 19:54:31.209 [INF] BCDB /go/src/github.com/elastos/Elastos.ELA.SideChain.Token/vendor/github.com/elastos/Elastos.ELA.SideChain/blockchain/blockchain.go:1032: current height ->  114
2019-05-08 19:54:31.209 [INF] MINR /go/src/github.com/elastos/Elastos.ELA.SideChain.Token/vendor/github.com/elastos/Elastos.ELA.SideChain/pow/pow.go:299: <================POW Mining==============>

2019-05-08 19:54:31.209 [INF] MINR /go/src/github.com/elastos/Elastos.ELA.SideChain.Token/vendor/github.com/elastos/Elastos.ELA.SideChain/pow/pow.go:423: difficulty:  520095999
2019-05-08 19:54:38.833 [INF] SPVS /go/src/github.com/elastos/Elastos.ELA.SideChain.Token/vendor/github.com/elastos/Elastos.ELA.SPV/sync/manager.go:419: Received block 95d62f334810867bbd9aa51ad69bfa1fff0d1cee3888230b8c08793d891288dd at height 512
2019-05-08 19:54:42.531 [INF] BCDB /go/src/github.com/elastos/Elastos.ELA.SideChain.Token/vendor/github.com/elastos/Elastos.ELA.SideChain/blockchain/blockchain.go:1032: current height ->  115
2019-05-08 19:54:42.531 [INF] MINR /go/src/github.com/elastos/Elastos.ELA.SideChain.Token/vendor/github.com/elastos/Elastos.ELA.SideChain/pow/pow.go:299: <================POW Mining==============>

2019-05-08 19:54:42.532 [INF] MINR /go/src/github.com/elastos/Elastos.ELA.SideChain.Token/vendor/github.com/elastos/Elastos.ELA.SideChain/pow/pow.go:423: difficulty:  520095999
2019-05-08 19:54:52.307 [INF] SPVS /go/src/github.com/elastos/Elastos.ELA.SideChain.Token/vendor/github.com/elastos/Elastos.ELA.SPV/sync/manager.go:419: Received block 9af764026a7b87d1f84ebcb357172f2cb3206bf51bf7b26c51ac9f7c54c39aaa at height 513
2019-05-08 19:54:53.348 [INF] MINR /go/src/github.com/elastos/Elastos.ELA.SideChain.Token/vendor/github.com/elastos/Elastos.ELA.SideChain/pow/pow.go:423: difficulty:  520095999
2019-05-08 19:54:58.014 [INF] SPVS /go/src/github.com/elastos/Elastos.ELA.SideChain.Token/vendor/github.com/elastos/Elastos.ELA.SPV/sync/manager.go:419: Received block 05f64d0cc92eda1e9cca6b6075c1701ac674c266b30fdaad8246a1d3a19c0569 at height 514
2019-05-08 19:55:00.671 [INF] SPVS /go/src/github.com/elastos/Elastos.ELA.SideChain.Token/vendor/github.com/elastos/Elastos.ELA.SPV/sync/manager.go:419: Received block 7283fdc2c4bfa9e1f5603af8a0dbf382450d329bd77c0c5d3c7526912478e9b7 at height 515
2019-05-08 19:55:03.333 [INF] SPVS /go/src/github.com/elastos/Elastos.ELA.SideChain.Token/vendor/github.com/elastos/Elastos.ELA.SPV/sync/manager.go:419: Received block 9a7f77f1a6d88a2e635031ae885383446a2bede20f69173633550dcb6007b9e0 at height 516
2019-05-08 19:55:10.712 [INF] STAT: -> 115 []
2019-05-08 19:55:19.144 [INF] SPVS /go/src/github.com/elastos/Elastos.ELA.SideChain.Token/vendor/github.com/elastos/Elastos.ELA.SPV/sync/manager.go:419: Received block c965814d4b5e60637f466f0450139de3f1dedc98ed6c79c04a094d1c24885838 at height 517
2019-05-08 19:55:19.701 [INF] MINR /go/src/github.com/elastos/Elastos.ELA.SideChain.Token/vendor/github.com/elastos/Elastos.ELA.SideChain/pow/pow.go:423: difficulty:  520095999
2019-05-08 19:55:27.467 [INF] SPVS /go/src/github.com/elastos/Elastos.ELA.SideChain.Token/vendor/github.com/elastos/Elastos.ELA.SPV/sync/manager.go:419: Received block 0b45ecf5f9a0c9896541f4b887d0daf56931a47e301c8e2e0daa114d678570a1 at height 518
2019-05-08 19:55:33.108 [INF] SPVS /go/src/github.com/elastos/Elastos.ELA.SideChain.Token/vendor/github.com/elastos/Elastos.ELA.SPV/sync/manager.go:419: Received block b534172d30bd4f9fdffef1f1a5a1eb85f782706c368ea0811cb2e23655cb8366 at height 519
2019-05-08 19:55:38.241 [INF] SPVS /go/src/github.com/elastos/Elastos.ELA.SideChain.Token/vendor/github.com/elastos/Elastos.ELA.SPV/sync/manager.go:419: Received block c15760869a06a1825f0570677802b79eb218054bbc14a7039dae339d0a259400 at height 520
2019-05-08 19:55:50.270 [INF] SPVS /go/src/github.com/elastos/Elastos.ELA.SideChain.Token/vendor/github.com/elastos/Elastos.ELA.SPV/sync/manager.go:419: Received block 7483642450627c92c44638a2621aa921d38f23ff2d67b0cff62fe3f3dad7fbec at height 521
2019-05-08 19:55:51.193 [INF] MINR /go/src/github.com/elastos/Elastos.ELA.SideChain.Token/vendor/github.com/elastos/Elastos.ELA.SideChain/pow/pow.go:423: difficulty:  520095999
2019-05-08 19:56:10.710 [INF] STAT: -> 115 []
