2019-07-19 04:31:01.609 [INF] ELAD /go/src/github.com/elastos/Elastos.ELA.SideChain.Token/main.go:58: Node version: 
2019-07-19 04:31:01.628 [INF] ELAD /go/src/github.com/elastos/Elastos.ELA.SideChain.Token/main.go:59: go version go1.11.5 linux/amd64
2019-07-19 04:31:01.628 [INF] ELAD /go/src/github.com/elastos/Elastos.ELA.SideChain.Token/main.go:64: 1. BlockChain init
2019-07-19 04:31:01.691 [INF] ELAD /go/src/github.com/elastos/Elastos.ELA.SideChain.Token/main.go:73: 2. SPV module init
2019-07-19 04:31:01.796 [INF] SPVS /go/src/github.com/elastos/Elastos.ELA.SideChain.Token/vendor/github.com/elastos/Elastos.ELA.SPV/sdk/service.go:464: SPV service started...
2019-07-19 04:31:01.802 [INF] ELAD /go/src/github.com/elastos/Elastos.ELA.SideChain.Token/main.go:137: 3. Start the P2P networks
2019-07-19 04:31:01.816 [INF] ELAD /go/src/github.com/elastos/Elastos.ELA.SideChain.Token/main.go:160: 4. --Initialize pow service
2019-07-19 04:31:01.817 [INF] ELAD /go/src/github.com/elastos/Elastos.ELA.SideChain.Token/main.go:177: Start POW Services
2019-07-19 04:31:01.817 [INF] ELAD /go/src/github.com/elastos/Elastos.ELA.SideChain.Token/main.go:181: 5. --Start the RPC service
2019-07-19 04:31:01.817 [INF] MINR /go/src/github.com/elastos/Elastos.ELA.SideChain.Token/vendor/github.com/elastos/Elastos.ELA.SideChain/pow/pow.go:299: <================POW Mining==============>

2019-07-19 04:31:01.817 [INF] MINR /go/src/github.com/elastos/Elastos.ELA.SideChain.Token/vendor/github.com/elastos/Elastos.ELA.SideChain/pow/pow.go:423: difficulty:  520095999
2019-07-19 04:31:01.823 [INF] STAT: -> 115 []
2019-07-19 04:31:07.853 [INF] SPVS /go/src/github.com/elastos/Elastos.ELA.SideChain.Token/vendor/github.com/elastos/Elastos.ELA.SPV/sync/manager.go:244: New valid peer 172.23.0.4:20338 (outbound)
2019-07-19 04:31:09.891 [INF] SPVS /go/src/github.com/elastos/Elastos.ELA.SideChain.Token/vendor/github.com/elastos/Elastos.ELA.SPV/sync/manager.go:244: New valid peer 172.23.0.7:20338 (outbound)
2019-07-19 04:31:09.893 [INF] SPVS /go/src/github.com/elastos/Elastos.ELA.SideChain.Token/vendor/github.com/elastos/Elastos.ELA.SPV/sync/manager.go:244: New valid peer 172.23.0.8:20338 (outbound)
2019-07-19 04:31:09.894 [INF] SPVS /go/src/github.com/elastos/Elastos.ELA.SideChain.Token/vendor/github.com/elastos/Elastos.ELA.SPV/sync/manager.go:244: New valid peer 172.23.0.12:20338 (outbound)
2019-07-19 04:31:09.894 [INF] SPVS /go/src/github.com/elastos/Elastos.ELA.SideChain.Token/vendor/github.com/elastos/Elastos.ELA.SPV/sync/manager.go:244: New valid peer 172.23.0.5:20338 (outbound)
2019-07-19 04:31:12.244 [INF] BCDB /go/src/github.com/elastos/Elastos.ELA.SideChain.Token/vendor/github.com/elastos/Elastos.ELA.SideChain/blockchain/blockchain.go:1032: current height ->  116
2019-07-19 04:31:12.244 [INF] MINR /go/src/github.com/elastos/Elastos.ELA.SideChain.Token/vendor/github.com/elastos/Elastos.ELA.SideChain/pow/pow.go:299: <================POW Mining==============>

2019-07-19 04:31:12.244 [INF] MINR /go/src/github.com/elastos/Elastos.ELA.SideChain.Token/vendor/github.com/elastos/Elastos.ELA.SideChain/pow/pow.go:423: difficulty:  520095999
2019-07-19 04:31:14.335 [INF] MINR /go/src/github.com/elastos/Elastos.ELA.SideChain.Token/vendor/github.com/elastos/Elastos.ELA.SideChain/pow/pow.go:423: difficulty:  520095999
2019-07-19 04:31:18.496 [INF] BCDB /go/src/github.com/elastos/Elastos.ELA.SideChain.Token/vendor/github.com/elastos/Elastos.ELA.SideChain/blockchain/blockchain.go:1032: current height ->  117
2019-07-19 04:31:18.496 [INF] MINR /go/src/github.com/elastos/Elastos.ELA.SideChain.Token/vendor/github.com/elastos/Elastos.ELA.SideChain/pow/pow.go:299: <================POW Mining==============>

2019-07-19 04:31:18.496 [INF] MINR /go/src/github.com/elastos/Elastos.ELA.SideChain.Token/vendor/github.com/elastos/Elastos.ELA.SideChain/pow/pow.go:423: difficulty:  520095999
2019-07-19 04:31:18.541 [INF] MINR /go/src/github.com/elastos/Elastos.ELA.SideChain.Token/vendor/github.com/elastos/Elastos.ELA.SideChain/pow/pow.go:423: difficulty:  520095999
2019-07-19 04:31:22.164 [INF] BCDB /go/src/github.com/elastos/Elastos.ELA.SideChain.Token/vendor/github.com/elastos/Elastos.ELA.SideChain/blockchain/blockchain.go:1032: current height ->  118
2019-07-19 04:31:22.164 [INF] MINR /go/src/github.com/elastos/Elastos.ELA.SideChain.Token/vendor/github.com/elastos/Elastos.ELA.SideChain/pow/pow.go:299: <================POW Mining==============>

2019-07-19 04:31:22.166 [INF] MINR /go/src/github.com/elastos/Elastos.ELA.SideChain.Token/vendor/github.com/elastos/Elastos.ELA.SideChain/pow/pow.go:423: difficulty:  520095999
2019-07-19 04:31:22.552 [INF] MINR /go/src/github.com/elastos/Elastos.ELA.SideChain.Token/vendor/github.com/elastos/Elastos.ELA.SideChain/pow/pow.go:423: difficulty:  520095999
2019-07-19 04:31:24.449 [INF] SPVS /go/src/github.com/elastos/Elastos.ELA.SideChain.Token/vendor/github.com/elastos/Elastos.ELA.SPV/sync/manager.go:419: Received block 43882d3fe77ac0d1be903cf9e55e990213934c94ac649c8aff2674c026dd8140 at height 522
2019-07-19 04:31:49.055 [INF] BCDB /go/src/github.com/elastos/Elastos.ELA.SideChain.Token/vendor/github.com/elastos/Elastos.ELA.SideChain/blockchain/blockchain.go:1032: current height ->  119
2019-07-19 04:31:49.055 [INF] MINR /go/src/github.com/elastos/Elastos.ELA.SideChain.Token/vendor/github.com/elastos/Elastos.ELA.SideChain/pow/pow.go:299: <================POW Mining==============>

2019-07-19 04:31:49.056 [INF] MINR /go/src/github.com/elastos/Elastos.ELA.SideChain.Token/vendor/github.com/elastos/Elastos.ELA.SideChain/pow/pow.go:423: difficulty:  520095999
2019-07-19 04:31:53.312 [INF] SPVS /go/src/github.com/elastos/Elastos.ELA.SideChain.Token/vendor/github.com/elastos/Elastos.ELA.SPV/sync/manager.go:419: Received block f195b60a74c5a35d704d4e57a5975420cdcfbaefce39bbe6d3738f88eddc408f at height 523
2019-07-19 04:31:54.015 [INF] MINR /go/src/github.com/elastos/Elastos.ELA.SideChain.Token/vendor/github.com/elastos/Elastos.ELA.SideChain/pow/pow.go:423: difficulty:  520095999
2019-07-19 04:32:01.821 [INF] STAT: -> 119 []
2019-07-19 04:32:18.177 [INF] SPVS /go/src/github.com/elastos/Elastos.ELA.SideChain.Token/vendor/github.com/elastos/Elastos.ELA.SPV/sync/manager.go:419: Received block 90714a45ec67c53f11430a7d460b519f6af802347da9c5514eef577968c20032 at height 524
2019-07-19 04:32:21.408 [INF] SPVS /go/src/github.com/elastos/Elastos.ELA.SideChain.Token/vendor/github.com/elastos/Elastos.ELA.SPV/sync/manager.go:419: Received block 11a462f5a1c14eb2ac04a15888a32c9a45c6b79203da472347bdce378ead6f16 at height 525
2019-07-19 04:32:22.255 [INF] MINR /go/src/github.com/elastos/Elastos.ELA.SideChain.Token/vendor/github.com/elastos/Elastos.ELA.SideChain/pow/pow.go:423: difficulty:  520095999
2019-07-19 04:32:27.811 [INF] BCDB /go/src/github.com/elastos/Elastos.ELA.SideChain.Token/vendor/github.com/elastos/Elastos.ELA.SideChain/blockchain/blockchain.go:1032: current height ->  120
2019-07-19 04:32:27.811 [INF] MINR /go/src/github.com/elastos/Elastos.ELA.SideChain.Token/vendor/github.com/elastos/Elastos.ELA.SideChain/pow/pow.go:299: <================POW Mining==============>

2019-07-19 04:32:27.811 [INF] MINR /go/src/github.com/elastos/Elastos.ELA.SideChain.Token/vendor/github.com/elastos/Elastos.ELA.SideChain/pow/pow.go:423: difficulty:  520095999
2019-07-19 04:32:27.873 [INF] MINR /go/src/github.com/elastos/Elastos.ELA.SideChain.Token/vendor/github.com/elastos/Elastos.ELA.SideChain/pow/pow.go:423: difficulty:  520095999
2019-07-19 04:32:30.505 [INF] SPVS /go/src/github.com/elastos/Elastos.ELA.SideChain.Token/vendor/github.com/elastos/Elastos.ELA.SPV/sync/manager.go:419: Received block 8d406fd90ad37b8c2b60849cc22ff4db5842c780e9feeff9abf3e41b90f1cdbe at height 526
2019-07-19 04:32:32.129 [INF] SPVS /go/src/github.com/elastos/Elastos.ELA.SideChain.Token/vendor/github.com/elastos/Elastos.ELA.SPV/sync/manager.go:419: Received block 58a791cbc7675af61646faf206dcc18d4c9cd9bcd3a0f77cb1333b7525295acd at height 527
2019-07-19 04:32:32.935 [INF] BCDB /go/src/github.com/elastos/Elastos.ELA.SideChain.Token/vendor/github.com/elastos/Elastos.ELA.SideChain/blockchain/blockchain.go:1032: current height ->  121
2019-07-19 04:32:32.935 [INF] MINR /go/src/github.com/elastos/Elastos.ELA.SideChain.Token/vendor/github.com/elastos/Elastos.ELA.SideChain/pow/pow.go:299: <================POW Mining==============>

2019-07-19 04:32:32.937 [INF] MINR /go/src/github.com/elastos/Elastos.ELA.SideChain.Token/vendor/github.com/elastos/Elastos.ELA.SideChain/pow/pow.go:423: difficulty:  520095999
2019-07-19 04:32:33.926 [INF] MINR /go/src/github.com/elastos/Elastos.ELA.SideChain.Token/vendor/github.com/elastos/Elastos.ELA.SideChain/pow/pow.go:423: difficulty:  520095999
2019-07-19 04:32:50.393 [INF] SPVS /go/src/github.com/elastos/Elastos.ELA.SideChain.Token/vendor/github.com/elastos/Elastos.ELA.SPV/sync/manager.go:419: Received block 46e0f02ba835b55749083a4e70d11641295dc32cb3c1b69ce7708fe209fce038 at height 528
2019-07-19 04:32:54.985 [INF] SPVS /go/src/github.com/elastos/Elastos.ELA.SideChain.Token/vendor/github.com/elastos/Elastos.ELA.SPV/sync/manager.go:419: Received block 19884c2e56da6e5ca0a48ffc64ce27df807892555875b7c588cded41f25760ad at height 529
2019-07-19 04:32:55.444 [INF] MINR /go/src/github.com/elastos/Elastos.ELA.SideChain.Token/vendor/github.com/elastos/Elastos.ELA.SideChain/pow/pow.go:423: difficulty:  520095999
2019-07-19 04:33:01.817 [INF] STAT: -> 121 []
2019-07-19 04:33:02.353 [INF] BCDB /go/src/github.com/elastos/Elastos.ELA.SideChain.Token/vendor/github.com/elastos/Elastos.ELA.SideChain/blockchain/blockchain.go:1032: current height ->  122
2019-07-19 04:33:02.353 [INF] MINR /go/src/github.com/elastos/Elastos.ELA.SideChain.Token/vendor/github.com/elastos/Elastos.ELA.SideChain/pow/pow.go:299: <================POW Mining==============>

2019-07-19 04:33:02.354 [INF] MINR /go/src/github.com/elastos/Elastos.ELA.SideChain.Token/vendor/github.com/elastos/Elastos.ELA.SideChain/pow/pow.go:423: difficulty:  520095999
2019-07-19 04:33:03.175 [INF] MINR /go/src/github.com/elastos/Elastos.ELA.SideChain.Token/vendor/github.com/elastos/Elastos.ELA.SideChain/pow/pow.go:423: difficulty:  520095999
2019-07-19 04:33:03.302 [INF] SPVS /go/src/github.com/elastos/Elastos.ELA.SideChain.Token/vendor/github.com/elastos/Elastos.ELA.SPV/sync/manager.go:419: Received block 4e4d6e36489f21f3205e846224cb3b4fcc15a9b1263bfd2122670c3b3627c27b at height 530
2019-07-19 04:33:17.605 [INF] SPVS /go/src/github.com/elastos/Elastos.ELA.SideChain.Token/vendor/github.com/elastos/Elastos.ELA.SPV/sync/manager.go:419: Received block c13b76e39aa178bd17721a38734c65403833cb6cfea754fcc9e04d63f5915c6e at height 531
2019-07-19 04:33:18.638 [INF] BCDB /go/src/github.com/elastos/Elastos.ELA.SideChain.Token/vendor/github.com/elastos/Elastos.ELA.SideChain/blockchain/blockchain.go:1032: current height ->  123
2019-07-19 04:33:18.638 [INF] MINR /go/src/github.com/elastos/Elastos.ELA.SideChain.Token/vendor/github.com/elastos/Elastos.ELA.SideChain/pow/pow.go:299: <================POW Mining==============>

2019-07-19 04:33:18.638 [INF] MINR /go/src/github.com/elastos/Elastos.ELA.SideChain.Token/vendor/github.com/elastos/Elastos.ELA.SideChain/pow/pow.go:423: difficulty:  520095999
2019-07-19 04:33:18.653 [INF] MINR /go/src/github.com/elastos/Elastos.ELA.SideChain.Token/vendor/github.com/elastos/Elastos.ELA.SideChain/pow/pow.go:423: difficulty:  520095999
2019-07-19 04:33:28.676 [INF] SPVS /go/src/github.com/elastos/Elastos.ELA.SideChain.Token/vendor/github.com/elastos/Elastos.ELA.SPV/sync/manager.go:419: Received block b6bd7965f31cacbdc2dbb66d2eed0b6173ca0b36ee3ae6c1080fb71cafcd85d7 at height 532
2019-07-19 04:33:30.295 [INF] BCDB /go/src/github.com/elastos/Elastos.ELA.SideChain.Token/vendor/github.com/elastos/Elastos.ELA.SideChain/blockchain/blockchain.go:1032: current height ->  124
2019-07-19 04:33:30.295 [INF] MINR /go/src/github.com/elastos/Elastos.ELA.SideChain.Token/vendor/github.com/elastos/Elastos.ELA.SideChain/pow/pow.go:299: <================POW Mining==============>

2019-07-19 04:33:30.295 [INF] MINR /go/src/github.com/elastos/Elastos.ELA.SideChain.Token/vendor/github.com/elastos/Elastos.ELA.SideChain/pow/pow.go:423: difficulty:  520095999
2019-07-19 04:33:33.129 [INF] BCDB /go/src/github.com/elastos/Elastos.ELA.SideChain.Token/vendor/github.com/elastos/Elastos.ELA.SideChain/blockchain/blockchain.go:1032: current height ->  125
2019-07-19 04:33:33.129 [INF] MINR /go/src/github.com/elastos/Elastos.ELA.SideChain.Token/vendor/github.com/elastos/Elastos.ELA.SideChain/pow/pow.go:299: <================POW Mining==============>

2019-07-19 04:33:33.129 [INF] MINR /go/src/github.com/elastos/Elastos.ELA.SideChain.Token/vendor/github.com/elastos/Elastos.ELA.SideChain/pow/pow.go:423: difficulty:  520095999
2019-07-19 04:33:42.508 [INF] SPVS /go/src/github.com/elastos/Elastos.ELA.SideChain.Token/vendor/github.com/elastos/Elastos.ELA.SPV/sync/manager.go:419: Received block 3c70f1fcfbb330f6bfbe1fc530c0126ee6f4914b858e7c423e1ba86b1ecf6253 at height 533
2019-07-19 04:33:42.746 [INF] MINR /go/src/github.com/elastos/Elastos.ELA.SideChain.Token/vendor/github.com/elastos/Elastos.ELA.SideChain/pow/pow.go:423: difficulty:  520095999
2019-07-19 04:33:44.980 [INF] BCDB /go/src/github.com/elastos/Elastos.ELA.SideChain.Token/vendor/github.com/elastos/Elastos.ELA.SideChain/blockchain/blockchain.go:1032: current height ->  126
2019-07-19 04:33:44.981 [INF] MINR /go/src/github.com/elastos/Elastos.ELA.SideChain.Token/vendor/github.com/elastos/Elastos.ELA.SideChain/pow/pow.go:299: <================POW Mining==============>

2019-07-19 04:33:44.981 [INF] MINR /go/src/github.com/elastos/Elastos.ELA.SideChain.Token/vendor/github.com/elastos/Elastos.ELA.SideChain/pow/pow.go:423: difficulty:  520095999
2019-07-19 04:33:45.435 [INF] MINR /go/src/github.com/elastos/Elastos.ELA.SideChain.Token/vendor/github.com/elastos/Elastos.ELA.SideChain/pow/pow.go:423: difficulty:  520095999
2019-07-19 04:33:45.826 [INF] BCDB /go/src/github.com/elastos/Elastos.ELA.SideChain.Token/vendor/github.com/elastos/Elastos.ELA.SideChain/blockchain/blockchain.go:1032: current height ->  127
2019-07-19 04:33:45.826 [INF] MINR /go/src/github.com/elastos/Elastos.ELA.SideChain.Token/vendor/github.com/elastos/Elastos.ELA.SideChain/pow/pow.go:299: <================POW Mining==============>

2019-07-19 04:33:45.826 [INF] MINR /go/src/github.com/elastos/Elastos.ELA.SideChain.Token/vendor/github.com/elastos/Elastos.ELA.SideChain/pow/pow.go:423: difficulty:  520095999
2019-07-19 04:33:46.451 [INF] MINR /go/src/github.com/elastos/Elastos.ELA.SideChain.Token/vendor/github.com/elastos/Elastos.ELA.SideChain/pow/pow.go:423: difficulty:  520095999
2019-07-19 04:33:48.193 [INF] SPVS /go/src/github.com/elastos/Elastos.ELA.SideChain.Token/vendor/github.com/elastos/Elastos.ELA.SPV/sync/manager.go:419: Received block 3013d8f0fc7f65ec4e1f76b9c76a99f2fcad300855da64da1aa8d6ba539d1bc8 at height 534
2019-07-19 04:33:57.147 [INF] SPVS /go/src/github.com/elastos/Elastos.ELA.SideChain.Token/vendor/github.com/elastos/Elastos.ELA.SPV/sync/manager.go:419: Received block 0097f42dec196dc0c36f21b1733c700aac8c50ffd436d6ee3cd613b14a96d12a at height 535
2019-07-19 04:33:57.870 [INF] MINR /go/src/github.com/elastos/Elastos.ELA.SideChain.Token/vendor/github.com/elastos/Elastos.ELA.SideChain/pow/pow.go:423: difficulty:  520095999
2019-07-19 04:34:01.823 [INF] STAT: -> 127 []
2019-07-19 04:34:03.933 [INF] SPVS /go/src/github.com/elastos/Elastos.ELA.SideChain.Token/vendor/github.com/elastos/Elastos.ELA.SPV/sync/manager.go:419: Received block d8a7c97665fa0daffb736306dd5acb1eb72a3126eb30ebd37aa439ada56cfdc1 at height 536
2019-07-19 04:34:12.948 [INF] SPVS /go/src/github.com/elastos/Elastos.ELA.SideChain.Token/vendor/github.com/elastos/Elastos.ELA.SPV/sync/manager.go:419: Received block 1c81cd7fc5d06f54e8a8b091b7e7904559d9b848a53fcd6a705c966ae90ee2ae at height 537
2019-07-19 04:34:13.021 [INF] MINR /go/src/github.com/elastos/Elastos.ELA.SideChain.Token/vendor/github.com/elastos/Elastos.ELA.SideChain/pow/pow.go:423: difficulty:  520095999
2019-07-19 04:34:17.161 [INF] SPVS /go/src/github.com/elastos/Elastos.ELA.SideChain.Token/vendor/github.com/elastos/Elastos.ELA.SPV/sync/manager.go:419: Received block 384dcbc456f9d7daeb0bb25dfe00117d5d44a1d23c88356213246f749d127ca4 at height 538
2019-07-19 04:34:26.187 [INF] SPVS /go/src/github.com/elastos/Elastos.ELA.SideChain.Token/vendor/github.com/elastos/Elastos.ELA.SPV/sync/manager.go:419: Received block 8cec8fe424ce5151db9bed8c2ad59abd574b5924ba6a7c9847d33ae6ebcda64d at height 539
2019-07-19 04:34:27.133 [INF] MINR /go/src/github.com/elastos/Elastos.ELA.SideChain.Token/vendor/github.com/elastos/Elastos.ELA.SideChain/pow/pow.go:423: difficulty:  520095999
2019-07-19 04:34:41.017 [INF] SPVS /go/src/github.com/elastos/Elastos.ELA.SideChain.Token/vendor/github.com/elastos/Elastos.ELA.SPV/sync/manager.go:419: Received block dc97fd5e51d0042569ed399aac017da973a2c949c1b90af2b608acede7c8b70b at height 540
2019-07-19 04:34:58.123 [INF] SPVS /go/src/github.com/elastos/Elastos.ELA.SideChain.Token/vendor/github.com/elastos/Elastos.ELA.SPV/sync/manager.go:419: Received block 314c821623e96e243c8c3d8ab8d4c62f3f1275e693aad9a96dd8759f39eb542c at height 541
2019-07-19 04:34:58.406 [INF] MINR /go/src/github.com/elastos/Elastos.ELA.SideChain.Token/vendor/github.com/elastos/Elastos.ELA.SideChain/pow/pow.go:423: difficulty:  520095999
2019-07-19 04:35:00.791 [INF] BCDB /go/src/github.com/elastos/Elastos.ELA.SideChain.Token/vendor/github.com/elastos/Elastos.ELA.SideChain/blockchain/blockchain.go:1032: current height ->  128
2019-07-19 04:35:00.791 [INF] MINR /go/src/github.com/elastos/Elastos.ELA.SideChain.Token/vendor/github.com/elastos/Elastos.ELA.SideChain/pow/pow.go:299: <================POW Mining==============>

2019-07-19 04:35:00.791 [INF] MINR /go/src/github.com/elastos/Elastos.ELA.SideChain.Token/vendor/github.com/elastos/Elastos.ELA.SideChain/pow/pow.go:423: difficulty:  520095999
2019-07-19 04:35:01.782 [INF] MINR /go/src/github.com/elastos/Elastos.ELA.SideChain.Token/vendor/github.com/elastos/Elastos.ELA.SideChain/pow/pow.go:423: difficulty:  520095999
2019-07-19 04:35:01.822 [INF] STAT: -> 128 []
2019-07-19 04:35:03.742 [INF] SPVS /go/src/github.com/elastos/Elastos.ELA.SideChain.Token/vendor/github.com/elastos/Elastos.ELA.SPV/sync/manager.go:419: Received block c5924fb52682e87f869affe4e03a8ef955dc0010f179826807a8c595f9e9a5c7 at height 542
2019-07-19 04:35:12.573 [INF] BCDB /go/src/github.com/elastos/Elastos.ELA.SideChain.Token/vendor/github.com/elastos/Elastos.ELA.SideChain/blockchain/blockchain.go:1032: current height ->  129
2019-07-19 04:35:12.573 [INF] MINR /go/src/github.com/elastos/Elastos.ELA.SideChain.Token/vendor/github.com/elastos/Elastos.ELA.SideChain/pow/pow.go:299: <================POW Mining==============>

2019-07-19 04:35:12.573 [INF] MINR /go/src/github.com/elastos/Elastos.ELA.SideChain.Token/vendor/github.com/elastos/Elastos.ELA.SideChain/pow/pow.go:423: difficulty:  520095999
2019-07-19 04:35:14.360 [INF] SPVS /go/src/github.com/elastos/Elastos.ELA.SideChain.Token/vendor/github.com/elastos/Elastos.ELA.SPV/sync/manager.go:419: Received block 55d1f8c9fbc69f9a83dd7847ee615d2355f5227448902027430ad61e353980ec at height 543
2019-07-19 04:35:14.505 [INF] MINR /go/src/github.com/elastos/Elastos.ELA.SideChain.Token/vendor/github.com/elastos/Elastos.ELA.SideChain/pow/pow.go:423: difficulty:  520095999
2019-07-19 04:35:19.130 [INF] BCDB /go/src/github.com/elastos/Elastos.ELA.SideChain.Token/vendor/github.com/elastos/Elastos.ELA.SideChain/blockchain/blockchain.go:1032: current height ->  130
2019-07-19 04:35:19.130 [INF] MINR /go/src/github.com/elastos/Elastos.ELA.SideChain.Token/vendor/github.com/elastos/Elastos.ELA.SideChain/pow/pow.go:299: <================POW Mining==============>

2019-07-19 04:35:19.130 [INF] MINR /go/src/github.com/elastos/Elastos.ELA.SideChain.Token/vendor/github.com/elastos/Elastos.ELA.SideChain/pow/pow.go:423: difficulty:  520095999
2019-07-19 04:35:19.896 [INF] MINR /go/src/github.com/elastos/Elastos.ELA.SideChain.Token/vendor/github.com/elastos/Elastos.ELA.SideChain/pow/pow.go:423: difficulty:  520095999
2019-07-19 04:35:26.475 [INF] SPVS /go/src/github.com/elastos/Elastos.ELA.SideChain.Token/vendor/github.com/elastos/Elastos.ELA.SPV/sync/manager.go:419: Received block 2da181ca72fa690b9aebfc8c5d9a0497c6830527e86ac0e67edd6fa553ec4aa6 at height 544
2019-07-19 04:35:34.319 [INF] SPVS /go/src/github.com/elastos/Elastos.ELA.SideChain.Token/vendor/github.com/elastos/Elastos.ELA.SPV/sync/manager.go:419: Received block 8c5efbc69aaec8b876f19d7de15371096a7df091aa05ccb8ec5830b78b41c1cb at height 545
2019-07-19 04:35:34.580 [INF] MINR /go/src/github.com/elastos/Elastos.ELA.SideChain.Token/vendor/github.com/elastos/Elastos.ELA.SideChain/pow/pow.go:423: difficulty:  520095999
2019-07-19 04:35:46.051 [INF] SPVS /go/src/github.com/elastos/Elastos.ELA.SideChain.Token/vendor/github.com/elastos/Elastos.ELA.SPV/sync/manager.go:419: Received block 4bc157b12db9e8ba48747101ca1ab0b5d99f7b458207204d3afbd354f06cb64e at height 546
2019-07-19 04:36:01.133 [INF] BCDB /go/src/github.com/elastos/Elastos.ELA.SideChain.Token/vendor/github.com/elastos/Elastos.ELA.SideChain/blockchain/blockchain.go:1032: current height ->  131
2019-07-19 04:36:01.133 [INF] MINR /go/src/github.com/elastos/Elastos.ELA.SideChain.Token/vendor/github.com/elastos/Elastos.ELA.SideChain/pow/pow.go:299: <================POW Mining==============>

2019-07-19 04:36:01.133 [INF] MINR /go/src/github.com/elastos/Elastos.ELA.SideChain.Token/vendor/github.com/elastos/Elastos.ELA.SideChain/pow/pow.go:423: difficulty:  520095999
2019-07-19 04:36:01.840 [INF] STAT: -> 131 []
2019-07-19 04:36:03.866 [INF] SPVS /go/src/github.com/elastos/Elastos.ELA.SideChain.Token/vendor/github.com/elastos/Elastos.ELA.SPV/sync/manager.go:419: Received block 0b8bbca51240b2b812e3f61cf491d5d98de53431ca54166b21145a1e5e0336bf at height 547
2019-07-19 04:36:04.719 [INF] MINR /go/src/github.com/elastos/Elastos.ELA.SideChain.Token/vendor/github.com/elastos/Elastos.ELA.SideChain/pow/pow.go:423: difficulty:  520095999
2019-07-19 04:36:09.171 [INF] BCDB /go/src/github.com/elastos/Elastos.ELA.SideChain.Token/vendor/github.com/elastos/Elastos.ELA.SideChain/blockchain/blockchain.go:1032: current height ->  132
2019-07-19 04:36:09.178 [INF] MINR /go/src/github.com/elastos/Elastos.ELA.SideChain.Token/vendor/github.com/elastos/Elastos.ELA.SideChain/pow/pow.go:299: <================POW Mining==============>

2019-07-19 04:36:09.178 [INF] MINR /go/src/github.com/elastos/Elastos.ELA.SideChain.Token/vendor/github.com/elastos/Elastos.ELA.SideChain/pow/pow.go:423: difficulty:  520095999
2019-07-19 04:36:09.486 [INF] MINR /go/src/github.com/elastos/Elastos.ELA.SideChain.Token/vendor/github.com/elastos/Elastos.ELA.SideChain/pow/pow.go:423: difficulty:  520095999
2019-07-19 04:36:17.638 [INF] BCDB /go/src/github.com/elastos/Elastos.ELA.SideChain.Token/vendor/github.com/elastos/Elastos.ELA.SideChain/blockchain/blockchain.go:1032: current height ->  133
2019-07-19 04:36:17.638 [INF] MINR /go/src/github.com/elastos/Elastos.ELA.SideChain.Token/vendor/github.com/elastos/Elastos.ELA.SideChain/pow/pow.go:299: <================POW Mining==============>

2019-07-19 04:36:17.638 [INF] MINR /go/src/github.com/elastos/Elastos.ELA.SideChain.Token/vendor/github.com/elastos/Elastos.ELA.SideChain/pow/pow.go:423: difficulty:  520095999
2019-07-19 04:36:18.298 [INF] SPVS /go/src/github.com/elastos/Elastos.ELA.SideChain.Token/vendor/github.com/elastos/Elastos.ELA.SPV/sync/manager.go:419: Received block 2c5e7d5a957af4f08c27625d8eb9f52198f17de7e1f69340c531fb9145d579f7 at height 548
2019-07-19 04:36:18.563 [INF] MINR /go/src/github.com/elastos/Elastos.ELA.SideChain.Token/vendor/github.com/elastos/Elastos.ELA.SideChain/pow/pow.go:423: difficulty:  520095999
2019-07-19 04:36:23.373 [INF] SPVS /go/src/github.com/elastos/Elastos.ELA.SideChain.Token/vendor/github.com/elastos/Elastos.ELA.SPV/sync/manager.go:419: Received block 4061e8082421e22b93137f80aaeca3d62ba1b36b1a4bc5bada1568ead3cd7f87 at height 549
2019-07-19 04:36:30.115 [INF] BCDB /go/src/github.com/elastos/Elastos.ELA.SideChain.Token/vendor/github.com/elastos/Elastos.ELA.SideChain/blockchain/blockchain.go:1032: current height ->  134
2019-07-19 04:36:30.121 [INF] MINR /go/src/github.com/elastos/Elastos.ELA.SideChain.Token/vendor/github.com/elastos/Elastos.ELA.SideChain/pow/pow.go:299: <================POW Mining==============>

2019-07-19 04:36:30.121 [INF] MINR /go/src/github.com/elastos/Elastos.ELA.SideChain.Token/vendor/github.com/elastos/Elastos.ELA.SideChain/pow/pow.go:423: difficulty:  520095999
2019-07-19 04:36:30.637 [INF] MINR /go/src/github.com/elastos/Elastos.ELA.SideChain.Token/vendor/github.com/elastos/Elastos.ELA.SideChain/pow/pow.go:423: difficulty:  520095999
2019-07-19 04:36:31.566 [INF] SPVS /go/src/github.com/elastos/Elastos.ELA.SideChain.Token/vendor/github.com/elastos/Elastos.ELA.SPV/sync/manager.go:419: Received block 5a2177bd1c9e526a05183a74d10b29936deba2e158c1bd27571dd4e2e48c80cd at height 550
2019-07-19 04:36:43.810 [INF] SPVS /go/src/github.com/elastos/Elastos.ELA.SideChain.Token/vendor/github.com/elastos/Elastos.ELA.SPV/sync/manager.go:419: Received block cda047d7844a0f65dce3a5c97af5e0ba56c5c1609158bb3944507b6c6f19cc4b at height 551
2019-07-19 04:36:43.923 [INF] MINR /go/src/github.com/elastos/Elastos.ELA.SideChain.Token/vendor/github.com/elastos/Elastos.ELA.SideChain/pow/pow.go:423: difficulty:  520095999
2019-07-19 04:36:46.151 [INF] SPVS /go/src/github.com/elastos/Elastos.ELA.SideChain.Token/vendor/github.com/elastos/Elastos.ELA.SPV/sync/manager.go:419: Received block d234441031f4be40047d1feb44dc44848153d83490b05d57f6ce2042fd35aea7 at height 552
2019-07-19 04:36:49.876 [INF] SPVS /go/src/github.com/elastos/Elastos.ELA.SideChain.Token/vendor/github.com/elastos/Elastos.ELA.SPV/sync/manager.go:419: Received block 9762ff9139befe85c587c103d5be4e12876dd6034489ed5c14e2c3b4d42d4004 at height 553
2019-07-19 04:36:50.009 [INF] MINR /go/src/github.com/elastos/Elastos.ELA.SideChain.Token/vendor/github.com/elastos/Elastos.ELA.SideChain/pow/pow.go:423: difficulty:  520095999
2019-07-19 04:36:53.615 [INF] SPVS /go/src/github.com/elastos/Elastos.ELA.SideChain.Token/vendor/github.com/elastos/Elastos.ELA.SPV/sync/manager.go:419: Received block 1be2c685a21f8b618ad4093780d2f8823f4935bae3c6c1c51d982288d0f9ca89 at height 554
2019-07-19 04:37:01.339 [INF] BCDB /go/src/github.com/elastos/Elastos.ELA.SideChain.Token/vendor/github.com/elastos/Elastos.ELA.SideChain/blockchain/blockchain.go:1032: current height ->  135
2019-07-19 04:37:01.339 [INF] MINR /go/src/github.com/elastos/Elastos.ELA.SideChain.Token/vendor/github.com/elastos/Elastos.ELA.SideChain/pow/pow.go:299: <================POW Mining==============>

2019-07-19 04:37:01.339 [INF] MINR /go/src/github.com/elastos/Elastos.ELA.SideChain.Token/vendor/github.com/elastos/Elastos.ELA.SideChain/pow/pow.go:423: difficulty:  520095999
2019-07-19 04:37:01.829 [INF] STAT: -> 135 []
2019-07-19 04:37:03.979 [INF] SPVS /go/src/github.com/elastos/Elastos.ELA.SideChain.Token/vendor/github.com/elastos/Elastos.ELA.SPV/sync/manager.go:419: Received block 36dd5c237f87fb34fd693e46ca0d8f263b005f118211d45600c4aa80838e1bf8 at height 555
2019-07-19 04:37:04.135 [INF] MINR /go/src/github.com/elastos/Elastos.ELA.SideChain.Token/vendor/github.com/elastos/Elastos.ELA.SideChain/pow/pow.go:423: difficulty:  520095999
2019-07-19 04:37:10.435 [INF] SPVS /go/src/github.com/elastos/Elastos.ELA.SideChain.Token/vendor/github.com/elastos/Elastos.ELA.SPV/sync/manager.go:419: Received block 04825520e26c1331a38f4e3f97efa26b462662ed02b04d0c61a134a53ba6a95e at height 556
2019-07-19 04:37:16.270 [INF] BCDB /go/src/github.com/elastos/Elastos.ELA.SideChain.Token/vendor/github.com/elastos/Elastos.ELA.SideChain/blockchain/blockchain.go:1032: current height ->  136
2019-07-19 04:37:16.270 [INF] MINR /go/src/github.com/elastos/Elastos.ELA.SideChain.Token/vendor/github.com/elastos/Elastos.ELA.SideChain/pow/pow.go:299: <================POW Mining==============>

2019-07-19 04:37:16.270 [INF] MINR /go/src/github.com/elastos/Elastos.ELA.SideChain.Token/vendor/github.com/elastos/Elastos.ELA.SideChain/pow/pow.go:423: difficulty:  520095999
2019-07-19 04:37:18.492 [INF] BCDB /go/src/github.com/elastos/Elastos.ELA.SideChain.Token/vendor/github.com/elastos/Elastos.ELA.SideChain/blockchain/blockchain.go:1032: current height ->  137
2019-07-19 04:37:18.492 [INF] MINR /go/src/github.com/elastos/Elastos.ELA.SideChain.Token/vendor/github.com/elastos/Elastos.ELA.SideChain/pow/pow.go:299: <================POW Mining==============>

2019-07-19 04:37:18.492 [INF] MINR /go/src/github.com/elastos/Elastos.ELA.SideChain.Token/vendor/github.com/elastos/Elastos.ELA.SideChain/pow/pow.go:423: difficulty:  520095999
2019-07-19 04:37:30.103 [INF] BCDB /go/src/github.com/elastos/Elastos.ELA.SideChain.Token/vendor/github.com/elastos/Elastos.ELA.SideChain/blockchain/blockchain.go:1032: current height ->  138
2019-07-19 04:37:30.103 [INF] MINR /go/src/github.com/elastos/Elastos.ELA.SideChain.Token/vendor/github.com/elastos/Elastos.ELA.SideChain/pow/pow.go:299: <================POW Mining==============>

2019-07-19 04:37:30.103 [INF] MINR /go/src/github.com/elastos/Elastos.ELA.SideChain.Token/vendor/github.com/elastos/Elastos.ELA.SideChain/pow/pow.go:423: difficulty:  520095999
2019-07-19 04:37:31.273 [INF] BCDB /go/src/github.com/elastos/Elastos.ELA.SideChain.Token/vendor/github.com/elastos/Elastos.ELA.SideChain/blockchain/blockchain.go:1032: current height ->  139
2019-07-19 04:37:31.273 [INF] MINR /go/src/github.com/elastos/Elastos.ELA.SideChain.Token/vendor/github.com/elastos/Elastos.ELA.SideChain/pow/pow.go:299: <================POW Mining==============>

2019-07-19 04:37:31.274 [INF] MINR /go/src/github.com/elastos/Elastos.ELA.SideChain.Token/vendor/github.com/elastos/Elastos.ELA.SideChain/pow/pow.go:423: difficulty:  520095999
2019-07-19 04:37:32.544 [INF] SPVS /go/src/github.com/elastos/Elastos.ELA.SideChain.Token/vendor/github.com/elastos/Elastos.ELA.SPV/sync/manager.go:419: Received block de2b7948bb4521f5ed503114b8e151e5db29655b973f04ba55b45b6b4f2aee6e at height 557
2019-07-19 04:37:33.248 [INF] MINR /go/src/github.com/elastos/Elastos.ELA.SideChain.Token/vendor/github.com/elastos/Elastos.ELA.SideChain/pow/pow.go:423: difficulty:  520095999
2019-07-19 04:37:33.692 [INF] BCDB /go/src/github.com/elastos/Elastos.ELA.SideChain.Token/vendor/github.com/elastos/Elastos.ELA.SideChain/blockchain/blockchain.go:1032: current height ->  140
2019-07-19 04:37:33.697 [INF] MINR /go/src/github.com/elastos/Elastos.ELA.SideChain.Token/vendor/github.com/elastos/Elastos.ELA.SideChain/pow/pow.go:299: <================POW Mining==============>

2019-07-19 04:37:33.697 [INF] MINR /go/src/github.com/elastos/Elastos.ELA.SideChain.Token/vendor/github.com/elastos/Elastos.ELA.SideChain/pow/pow.go:423: difficulty:  520095999
2019-07-19 04:37:34.047 [INF] MINR /go/src/github.com/elastos/Elastos.ELA.SideChain.Token/vendor/github.com/elastos/Elastos.ELA.SideChain/pow/pow.go:423: difficulty:  520095999
2019-07-19 04:37:38.280 [INF] BCDB /go/src/github.com/elastos/Elastos.ELA.SideChain.Token/vendor/github.com/elastos/Elastos.ELA.SideChain/blockchain/blockchain.go:1032: current height ->  141
2019-07-19 04:37:38.280 [INF] MINR /go/src/github.com/elastos/Elastos.ELA.SideChain.Token/vendor/github.com/elastos/Elastos.ELA.SideChain/pow/pow.go:299: <================POW Mining==============>

2019-07-19 04:37:38.280 [INF] MINR /go/src/github.com/elastos/Elastos.ELA.SideChain.Token/vendor/github.com/elastos/Elastos.ELA.SideChain/pow/pow.go:423: difficulty:  520095999
2019-07-19 04:37:39.080 [INF] MINR /go/src/github.com/elastos/Elastos.ELA.SideChain.Token/vendor/github.com/elastos/Elastos.ELA.SideChain/pow/pow.go:423: difficulty:  520095999
2019-07-19 04:37:40.027 [INF] SPVS /go/src/github.com/elastos/Elastos.ELA.SideChain.Token/vendor/github.com/elastos/Elastos.ELA.SPV/sync/manager.go:419: Received block 676f8a0a387db6bf78ff93c6f25a77cbf7b6b04cb5ba1f2b51cfb6306ad773ef at height 558
2019-07-19 04:37:46.833 [INF] SPVS /go/src/github.com/elastos/Elastos.ELA.SideChain.Token/vendor/github.com/elastos/Elastos.ELA.SPV/sync/manager.go:419: Received block 70e17766f5b5f4a2b7c649da0da0c50f89ddd5f03d4aa77a80869849798aad49 at height 559
2019-07-19 04:37:47.338 [INF] MINR /go/src/github.com/elastos/Elastos.ELA.SideChain.Token/vendor/github.com/elastos/Elastos.ELA.SideChain/pow/pow.go:423: difficulty:  520095999
2019-07-19 04:37:48.740 [INF] BCDB /go/src/github.com/elastos/Elastos.ELA.SideChain.Token/vendor/github.com/elastos/Elastos.ELA.SideChain/blockchain/blockchain.go:1032: current height ->  142
2019-07-19 04:37:48.740 [INF] MINR /go/src/github.com/elastos/Elastos.ELA.SideChain.Token/vendor/github.com/elastos/Elastos.ELA.SideChain/pow/pow.go:299: <================POW Mining==============>

2019-07-19 04:37:48.740 [INF] MINR /go/src/github.com/elastos/Elastos.ELA.SideChain.Token/vendor/github.com/elastos/Elastos.ELA.SideChain/pow/pow.go:423: difficulty:  520095999
2019-07-19 04:37:49.148 [INF] MINR /go/src/github.com/elastos/Elastos.ELA.SideChain.Token/vendor/github.com/elastos/Elastos.ELA.SideChain/pow/pow.go:423: difficulty:  520095999
2019-07-19 04:37:51.760 [INF] SPVS /go/src/github.com/elastos/Elastos.ELA.SideChain.Token/vendor/github.com/elastos/Elastos.ELA.SPV/sync/manager.go:419: Received block 81bb5ed240f36a836ff1f997f0182424436ac3aad64eb6f3bd5026165f42e571 at height 560
2019-07-19 04:38:01.821 [INF] STAT: -> 142 []
2019-07-19 04:38:06.659 [INF] SPVS /go/src/github.com/elastos/Elastos.ELA.SideChain.Token/vendor/github.com/elastos/Elastos.ELA.SPV/sync/manager.go:419: Received block 8489a2e844a8b4dac5cabeb1924ef0796464af4df01ad6cdff3e777e2080bc77 at height 561
2019-07-19 04:38:07.489 [INF] MINR /go/src/github.com/elastos/Elastos.ELA.SideChain.Token/vendor/github.com/elastos/Elastos.ELA.SideChain/pow/pow.go:423: difficulty:  520095999
2019-07-19 04:38:12.455 [INF] BCDB /go/src/github.com/elastos/Elastos.ELA.SideChain.Token/vendor/github.com/elastos/Elastos.ELA.SideChain/blockchain/blockchain.go:1032: current height ->  143
2019-07-19 04:38:12.455 [INF] MINR /go/src/github.com/elastos/Elastos.ELA.SideChain.Token/vendor/github.com/elastos/Elastos.ELA.SideChain/pow/pow.go:299: <================POW Mining==============>

2019-07-19 04:38:12.455 [INF] MINR /go/src/github.com/elastos/Elastos.ELA.SideChain.Token/vendor/github.com/elastos/Elastos.ELA.SideChain/pow/pow.go:423: difficulty:  520095999
2019-07-19 04:38:13.278 [INF] MINR /go/src/github.com/elastos/Elastos.ELA.SideChain.Token/vendor/github.com/elastos/Elastos.ELA.SideChain/pow/pow.go:423: difficulty:  520095999
2019-07-19 04:38:19.558 [INF] BCDB /go/src/github.com/elastos/Elastos.ELA.SideChain.Token/vendor/github.com/elastos/Elastos.ELA.SideChain/blockchain/blockchain.go:1032: current height ->  144
2019-07-19 04:38:19.558 [INF] MINR /go/src/github.com/elastos/Elastos.ELA.SideChain.Token/vendor/github.com/elastos/Elastos.ELA.SideChain/pow/pow.go:299: <================POW Mining==============>

2019-07-19 04:38:19.558 [INF] MINR /go/src/github.com/elastos/Elastos.ELA.SideChain.Token/vendor/github.com/elastos/Elastos.ELA.SideChain/pow/pow.go:423: difficulty:  520095999
2019-07-19 04:38:20.326 [INF] MINR /go/src/github.com/elastos/Elastos.ELA.SideChain.Token/vendor/github.com/elastos/Elastos.ELA.SideChain/pow/pow.go:423: difficulty:  520095999
2019-07-19 04:38:25.168 [INF] SPVS /go/src/github.com/elastos/Elastos.ELA.SideChain.Token/vendor/github.com/elastos/Elastos.ELA.SPV/sync/manager.go:419: Received block ffac81d2718bf2456adca1439b8a2b7978f4f4f9a628b3bcaaebe3e1d8e75ba7 at height 562
2019-07-19 04:38:30.007 [INF] SPVS /go/src/github.com/elastos/Elastos.ELA.SideChain.Token/vendor/github.com/elastos/Elastos.ELA.SPV/sync/manager.go:419: Received block c4d4f546c89efb61cc5f458f9733750c834b0a347039d90653c9ef37baf28619 at height 563
2019-07-19 04:38:30.588 [INF] MINR /go/src/github.com/elastos/Elastos.ELA.SideChain.Token/vendor/github.com/elastos/Elastos.ELA.SideChain/pow/pow.go:423: difficulty:  520095999
2019-07-19 04:38:38.106 [INF] BCDB /go/src/github.com/elastos/Elastos.ELA.SideChain.Token/vendor/github.com/elastos/Elastos.ELA.SideChain/blockchain/blockchain.go:1032: current height ->  145
2019-07-19 04:38:38.107 [INF] MINR /go/src/github.com/elastos/Elastos.ELA.SideChain.Token/vendor/github.com/elastos/Elastos.ELA.SideChain/pow/pow.go:299: <================POW Mining==============>

2019-07-19 04:38:38.107 [INF] MINR /go/src/github.com/elastos/Elastos.ELA.SideChain.Token/vendor/github.com/elastos/Elastos.ELA.SideChain/pow/pow.go:423: difficulty:  520095999
2019-07-19 04:38:38.173 [INF] BCDB /go/src/github.com/elastos/Elastos.ELA.SideChain.Token/vendor/github.com/elastos/Elastos.ELA.SideChain/blockchain/blockchain.go:1032: current height ->  146
2019-07-19 04:38:38.173 [INF] MINR /go/src/github.com/elastos/Elastos.ELA.SideChain.Token/vendor/github.com/elastos/Elastos.ELA.SideChain/pow/pow.go:299: <================POW Mining==============>

2019-07-19 04:38:38.173 [INF] MINR /go/src/github.com/elastos/Elastos.ELA.SideChain.Token/vendor/github.com/elastos/Elastos.ELA.SideChain/pow/pow.go:423: difficulty:  520095999
2019-07-19 04:38:38.382 [INF] MINR /go/src/github.com/elastos/Elastos.ELA.SideChain.Token/vendor/github.com/elastos/Elastos.ELA.SideChain/pow/pow.go:423: difficulty:  520095999
2019-07-19 04:38:39.579 [INF] SPVS /go/src/github.com/elastos/Elastos.ELA.SideChain.Token/vendor/github.com/elastos/Elastos.ELA.SPV/sync/manager.go:419: Received block b5fd460f972c5ab73653b1b90cbe1e6ea4dfcf1529e1b2f1984d2fffb682bf2a at height 564
2019-07-19 04:38:41.979 [INF] SPVS /go/src/github.com/elastos/Elastos.ELA.SideChain.Token/vendor/github.com/elastos/Elastos.ELA.SPV/sync/manager.go:419: Received block 5ce91fb2d4a0a26052499922ca5945675bcc6bc30769e6610fb553fdff226904 at height 565
2019-07-19 04:38:46.729 [INF] SPVS /go/src/github.com/elastos/Elastos.ELA.SideChain.Token/vendor/github.com/elastos/Elastos.ELA.SPV/sync/manager.go:419: Received block 2a0a998aaf4b1d28b78994d4f9b2492afd0730b0a83a957e1131bbd42efdc5c8 at height 566
2019-07-19 04:38:54.345 [INF] SPVS /go/src/github.com/elastos/Elastos.ELA.SideChain.Token/vendor/github.com/elastos/Elastos.ELA.SPV/sync/manager.go:419: Received block 0a05ea8bf51658fc890d467bf509df9a07e241a14a98d3f495f66074266a9a39 at height 567
2019-07-19 04:38:54.723 [INF] MINR /go/src/github.com/elastos/Elastos.ELA.SideChain.Token/vendor/github.com/elastos/Elastos.ELA.SideChain/pow/pow.go:423: difficulty:  520095999
2019-07-19 04:39:01.818 [INF] STAT: -> 146 []
2019-07-19 04:39:05.027 [INF] BCDB /go/src/github.com/elastos/Elastos.ELA.SideChain.Token/vendor/github.com/elastos/Elastos.ELA.SideChain/blockchain/blockchain.go:1032: current height ->  147
2019-07-19 04:39:05.027 [INF] MINR /go/src/github.com/elastos/Elastos.ELA.SideChain.Token/vendor/github.com/elastos/Elastos.ELA.SideChain/pow/pow.go:299: <================POW Mining==============>

2019-07-19 04:39:05.027 [INF] MINR /go/src/github.com/elastos/Elastos.ELA.SideChain.Token/vendor/github.com/elastos/Elastos.ELA.SideChain/pow/pow.go:423: difficulty:  520095999
2019-07-19 04:39:05.472 [INF] MINR /go/src/github.com/elastos/Elastos.ELA.SideChain.Token/vendor/github.com/elastos/Elastos.ELA.SideChain/pow/pow.go:423: difficulty:  520095999
2019-07-19 04:39:07.549 [INF] SPVS /go/src/github.com/elastos/Elastos.ELA.SideChain.Token/vendor/github.com/elastos/Elastos.ELA.SPV/sync/manager.go:419: Received block 7b41a388ad354916237563fbe2f4f9d3a83e7910d213e84d9f96a3fcdbafb5de at height 568
2019-07-19 04:39:13.161 [INF] SPVS /go/src/github.com/elastos/Elastos.ELA.SideChain.Token/vendor/github.com/elastos/Elastos.ELA.SPV/sync/manager.go:419: Received block c199248f8cc73918b76aaba63f26c5489df00c5932fefbe39897b1f10b508168 at height 569
2019-07-19 04:39:13.873 [INF] MINR /go/src/github.com/elastos/Elastos.ELA.SideChain.Token/vendor/github.com/elastos/Elastos.ELA.SideChain/pow/pow.go:423: difficulty:  520095999
2019-07-19 04:39:14.904 [INF] BCDB /go/src/github.com/elastos/Elastos.ELA.SideChain.Token/vendor/github.com/elastos/Elastos.ELA.SideChain/blockchain/blockchain.go:1032: current height ->  148
2019-07-19 04:39:14.906 [INF] MINR /go/src/github.com/elastos/Elastos.ELA.SideChain.Token/vendor/github.com/elastos/Elastos.ELA.SideChain/pow/pow.go:299: <================POW Mining==============>

2019-07-19 04:39:14.907 [INF] MINR /go/src/github.com/elastos/Elastos.ELA.SideChain.Token/vendor/github.com/elastos/Elastos.ELA.SideChain/pow/pow.go:423: difficulty:  520095999
2019-07-19 04:39:15.858 [INF] MINR /go/src/github.com/elastos/Elastos.ELA.SideChain.Token/vendor/github.com/elastos/Elastos.ELA.SideChain/pow/pow.go:423: difficulty:  520095999
2019-07-19 04:39:19.702 [INF] BCDB /go/src/github.com/elastos/Elastos.ELA.SideChain.Token/vendor/github.com/elastos/Elastos.ELA.SideChain/blockchain/blockchain.go:1032: current height ->  149
2019-07-19 04:39:19.702 [INF] MINR /go/src/github.com/elastos/Elastos.ELA.SideChain.Token/vendor/github.com/elastos/Elastos.ELA.SideChain/pow/pow.go:299: <================POW Mining==============>

2019-07-19 04:39:19.703 [INF] MINR /go/src/github.com/elastos/Elastos.ELA.SideChain.Token/vendor/github.com/elastos/Elastos.ELA.SideChain/pow/pow.go:423: difficulty:  520095999
2019-07-19 04:39:19.897 [INF] MINR /go/src/github.com/elastos/Elastos.ELA.SideChain.Token/vendor/github.com/elastos/Elastos.ELA.SideChain/pow/pow.go:423: difficulty:  520095999
2019-07-19 04:39:24.184 [INF] BCDB /go/src/github.com/elastos/Elastos.ELA.SideChain.Token/vendor/github.com/elastos/Elastos.ELA.SideChain/blockchain/blockchain.go:1032: current height ->  150
2019-07-19 04:39:24.184 [INF] MINR /go/src/github.com/elastos/Elastos.ELA.SideChain.Token/vendor/github.com/elastos/Elastos.ELA.SideChain/pow/pow.go:299: <================POW Mining==============>

2019-07-19 04:39:24.189 [INF] MINR /go/src/github.com/elastos/Elastos.ELA.SideChain.Token/vendor/github.com/elastos/Elastos.ELA.SideChain/pow/pow.go:423: difficulty:  520095999
2019-07-19 04:39:24.952 [INF] MINR /go/src/github.com/elastos/Elastos.ELA.SideChain.Token/vendor/github.com/elastos/Elastos.ELA.SideChain/pow/pow.go:423: difficulty:  520095999
2019-07-19 04:39:25.285 [INF] SPVS /go/src/github.com/elastos/Elastos.ELA.SideChain.Token/vendor/github.com/elastos/Elastos.ELA.SPV/sync/manager.go:419: Received block c5773de02eae808f35655cb79365cfd458acdfe4d59d480eed80753b52e03ce2 at height 570
2019-07-19 04:39:26.855 [INF] BCDB /go/src/github.com/elastos/Elastos.ELA.SideChain.Token/vendor/github.com/elastos/Elastos.ELA.SideChain/blockchain/blockchain.go:1032: current height ->  151
2019-07-19 04:39:26.855 [INF] MINR /go/src/github.com/elastos/Elastos.ELA.SideChain.Token/vendor/github.com/elastos/Elastos.ELA.SideChain/pow/pow.go:299: <================POW Mining==============>

2019-07-19 04:39:26.855 [INF] MINR /go/src/github.com/elastos/Elastos.ELA.SideChain.Token/vendor/github.com/elastos/Elastos.ELA.SideChain/pow/pow.go:423: difficulty:  520095999
2019-07-19 04:39:33.708 [INF] SPVS /go/src/github.com/elastos/Elastos.ELA.SideChain.Token/vendor/github.com/elastos/Elastos.ELA.SPV/sync/manager.go:419: Received block 7b3a2894362522a6f11c50f6b1e9b3fb6a02d444a836f6788956c8e577392a55 at height 571
2019-07-19 04:39:34.002 [INF] MINR /go/src/github.com/elastos/Elastos.ELA.SideChain.Token/vendor/github.com/elastos/Elastos.ELA.SideChain/pow/pow.go:423: difficulty:  520095999
2019-07-19 04:39:37.628 [INF] BCDB /go/src/github.com/elastos/Elastos.ELA.SideChain.Token/vendor/github.com/elastos/Elastos.ELA.SideChain/blockchain/blockchain.go:1032: current height ->  152
2019-07-19 04:39:37.629 [INF] MINR /go/src/github.com/elastos/Elastos.ELA.SideChain.Token/vendor/github.com/elastos/Elastos.ELA.SideChain/pow/pow.go:299: <================POW Mining==============>

2019-07-19 04:39:37.629 [INF] MINR /go/src/github.com/elastos/Elastos.ELA.SideChain.Token/vendor/github.com/elastos/Elastos.ELA.SideChain/pow/pow.go:423: difficulty:  520095999
2019-07-19 04:39:38.010 [INF] MINR /go/src/github.com/elastos/Elastos.ELA.SideChain.Token/vendor/github.com/elastos/Elastos.ELA.SideChain/pow/pow.go:423: difficulty:  520095999
2019-07-19 04:39:38.255 [INF] SPVS /go/src/github.com/elastos/Elastos.ELA.SideChain.Token/vendor/github.com/elastos/Elastos.ELA.SPV/sync/manager.go:419: Received block 5c71c06406ce6287824cdf3239f77b50d94636c9f9853a9df131dfd40bf38c3c at height 572
2019-07-19 04:39:42.589 [INF] BCDB /go/src/github.com/elastos/Elastos.ELA.SideChain.Token/vendor/github.com/elastos/Elastos.ELA.SideChain/blockchain/blockchain.go:1032: current height ->  153
2019-07-19 04:39:42.590 [INF] MINR /go/src/github.com/elastos/Elastos.ELA.SideChain.Token/vendor/github.com/elastos/Elastos.ELA.SideChain/pow/pow.go:299: <================POW Mining==============>

2019-07-19 04:39:42.590 [INF] MINR /go/src/github.com/elastos/Elastos.ELA.SideChain.Token/vendor/github.com/elastos/Elastos.ELA.SideChain/pow/pow.go:423: difficulty:  520095999
2019-07-19 04:39:47.981 [INF] SPVS /go/src/github.com/elastos/Elastos.ELA.SideChain.Token/vendor/github.com/elastos/Elastos.ELA.SPV/sync/manager.go:419: Received block be4330bab565331ba79fd6be58a554a22c2c4cba1d5ad07ba8267b68b6cc8056 at height 573
2019-07-19 04:39:48.078 [INF] MINR /go/src/github.com/elastos/Elastos.ELA.SideChain.Token/vendor/github.com/elastos/Elastos.ELA.SideChain/pow/pow.go:423: difficulty:  520095999
2019-07-19 04:39:54.710 [INF] SPVS /go/src/github.com/elastos/Elastos.ELA.SideChain.Token/vendor/github.com/elastos/Elastos.ELA.SPV/sync/manager.go:419: Received block bac170e1a41057637fb874437c15b1b20fe3799a1a86039dffcf9b2420cafd03 at height 574
2019-07-19 04:39:56.844 [INF] BCDB /go/src/github.com/elastos/Elastos.ELA.SideChain.Token/vendor/github.com/elastos/Elastos.ELA.SideChain/blockchain/blockchain.go:1032: current height ->  154
2019-07-19 04:39:56.844 [INF] MINR /go/src/github.com/elastos/Elastos.ELA.SideChain.Token/vendor/github.com/elastos/Elastos.ELA.SideChain/pow/pow.go:299: <================POW Mining==============>

2019-07-19 04:39:56.844 [INF] MINR /go/src/github.com/elastos/Elastos.ELA.SideChain.Token/vendor/github.com/elastos/Elastos.ELA.SideChain/pow/pow.go:423: difficulty:  520095999
2019-07-19 04:40:00.085 [INF] BCDB /go/src/github.com/elastos/Elastos.ELA.SideChain.Token/vendor/github.com/elastos/Elastos.ELA.SideChain/blockchain/blockchain.go:1032: current height ->  155
2019-07-19 04:40:00.085 [INF] MINR /go/src/github.com/elastos/Elastos.ELA.SideChain.Token/vendor/github.com/elastos/Elastos.ELA.SideChain/pow/pow.go:299: <================POW Mining==============>

2019-07-19 04:40:00.086 [INF] MINR /go/src/github.com/elastos/Elastos.ELA.SideChain.Token/vendor/github.com/elastos/Elastos.ELA.SideChain/pow/pow.go:423: difficulty:  520095999
2019-07-19 04:40:01.823 [INF] STAT: -> 155 []
2019-07-19 04:40:06.468 [INF] SPVS /go/src/github.com/elastos/Elastos.ELA.SideChain.Token/vendor/github.com/elastos/Elastos.ELA.SPV/sync/manager.go:419: Received block 451fa296e8d5e6e4ff841fef8c57a3cf9749c27b1298f7e978cacb2c054ed81b at height 575
2019-07-19 04:40:07.194 [INF] MINR /go/src/github.com/elastos/Elastos.ELA.SideChain.Token/vendor/github.com/elastos/Elastos.ELA.SideChain/pow/pow.go:423: difficulty:  520095999
2019-07-19 04:40:18.459 [INF] BCDB /go/src/github.com/elastos/Elastos.ELA.SideChain.Token/vendor/github.com/elastos/Elastos.ELA.SideChain/blockchain/blockchain.go:1032: current height ->  156
2019-07-19 04:40:18.461 [INF] MINR /go/src/github.com/elastos/Elastos.ELA.SideChain.Token/vendor/github.com/elastos/Elastos.ELA.SideChain/pow/pow.go:299: <================POW Mining==============>

2019-07-19 04:40:18.461 [INF] MINR /go/src/github.com/elastos/Elastos.ELA.SideChain.Token/vendor/github.com/elastos/Elastos.ELA.SideChain/pow/pow.go:423: difficulty:  520095999
2019-07-19 04:40:18.652 [INF] SPVS /go/src/github.com/elastos/Elastos.ELA.SideChain.Token/vendor/github.com/elastos/Elastos.ELA.SPV/sync/manager.go:419: Received block 05bd6523152524a11a39dbbab4692c7cc43b1d08e0dbcfe95ea660921a04a6c6 at height 576
2019-07-19 04:40:26.164 [INF] BCDB /go/src/github.com/elastos/Elastos.ELA.SideChain.Token/vendor/github.com/elastos/Elastos.ELA.SideChain/blockchain/blockchain.go:1032: current height ->  157
2019-07-19 04:40:26.164 [INF] MINR /go/src/github.com/elastos/Elastos.ELA.SideChain.Token/vendor/github.com/elastos/Elastos.ELA.SideChain/pow/pow.go:299: <================POW Mining==============>

2019-07-19 04:40:26.164 [INF] MINR /go/src/github.com/elastos/Elastos.ELA.SideChain.Token/vendor/github.com/elastos/Elastos.ELA.SideChain/pow/pow.go:423: difficulty:  520095999
2019-07-19 04:40:27.282 [INF] SPVS /go/src/github.com/elastos/Elastos.ELA.SideChain.Token/vendor/github.com/elastos/Elastos.ELA.SPV/sync/manager.go:419: Received block 01662423b6948ad0c3302b26976380a86c474a2acf773d1b143fed132a66e3dd at height 577
2019-07-19 04:40:27.340 [INF] MINR /go/src/github.com/elastos/Elastos.ELA.SideChain.Token/vendor/github.com/elastos/Elastos.ELA.SideChain/pow/pow.go:423: difficulty:  520095999
2019-07-19 04:40:32.665 [INF] BCDB /go/src/github.com/elastos/Elastos.ELA.SideChain.Token/vendor/github.com/elastos/Elastos.ELA.SideChain/blockchain/blockchain.go:1032: current height ->  158
2019-07-19 04:40:32.665 [INF] MINR /go/src/github.com/elastos/Elastos.ELA.SideChain.Token/vendor/github.com/elastos/Elastos.ELA.SideChain/pow/pow.go:299: <================POW Mining==============>

2019-07-19 04:40:32.666 [INF] MINR /go/src/github.com/elastos/Elastos.ELA.SideChain.Token/vendor/github.com/elastos/Elastos.ELA.SideChain/pow/pow.go:423: difficulty:  520095999
2019-07-19 04:40:33.416 [INF] MINR /go/src/github.com/elastos/Elastos.ELA.SideChain.Token/vendor/github.com/elastos/Elastos.ELA.SideChain/pow/pow.go:423: difficulty:  520095999
2019-07-19 04:40:38.099 [INF] BCDB /go/src/github.com/elastos/Elastos.ELA.SideChain.Token/vendor/github.com/elastos/Elastos.ELA.SideChain/blockchain/blockchain.go:1032: current height ->  159
2019-07-19 04:40:38.099 [INF] MINR /go/src/github.com/elastos/Elastos.ELA.SideChain.Token/vendor/github.com/elastos/Elastos.ELA.SideChain/pow/pow.go:299: <================POW Mining==============>

2019-07-19 04:40:38.099 [INF] MINR /go/src/github.com/elastos/Elastos.ELA.SideChain.Token/vendor/github.com/elastos/Elastos.ELA.SideChain/pow/pow.go:423: difficulty:  520095999
2019-07-19 04:40:38.498 [INF] MINR /go/src/github.com/elastos/Elastos.ELA.SideChain.Token/vendor/github.com/elastos/Elastos.ELA.SideChain/pow/pow.go:423: difficulty:  520095999
2019-07-19 04:40:40.757 [INF] BCDB /go/src/github.com/elastos/Elastos.ELA.SideChain.Token/vendor/github.com/elastos/Elastos.ELA.SideChain/blockchain/blockchain.go:1032: current height ->  160
2019-07-19 04:40:40.757 [INF] MINR /go/src/github.com/elastos/Elastos.ELA.SideChain.Token/vendor/github.com/elastos/Elastos.ELA.SideChain/pow/pow.go:299: <================POW Mining==============>

2019-07-19 04:40:40.758 [INF] MINR /go/src/github.com/elastos/Elastos.ELA.SideChain.Token/vendor/github.com/elastos/Elastos.ELA.SideChain/pow/pow.go:423: difficulty:  520095999
2019-07-19 04:40:41.517 [INF] MINR /go/src/github.com/elastos/Elastos.ELA.SideChain.Token/vendor/github.com/elastos/Elastos.ELA.SideChain/pow/pow.go:423: difficulty:  520095999
2019-07-19 04:40:46.530 [INF] SPVS /go/src/github.com/elastos/Elastos.ELA.SideChain.Token/vendor/github.com/elastos/Elastos.ELA.SPV/sync/manager.go:419: Received block 0b45bdb3444b187a6dfbbe6e914432999253fc7581d14cb4662f428fb2ffa29b at height 578
2019-07-19 04:40:51.368 [INF] SPVS /go/src/github.com/elastos/Elastos.ELA.SideChain.Token/vendor/github.com/elastos/Elastos.ELA.SPV/sync/manager.go:419: Received block fe686b2e030328a396d314e270d4b9569b1f11afcc7d3522c921c24165aa200f at height 579
2019-07-19 04:40:51.479 [INF] MINR /go/src/github.com/elastos/Elastos.ELA.SideChain.Token/vendor/github.com/elastos/Elastos.ELA.SideChain/pow/pow.go:423: difficulty:  520095999
2019-07-19 04:40:55.933 [INF] BCDB /go/src/github.com/elastos/Elastos.ELA.SideChain.Token/vendor/github.com/elastos/Elastos.ELA.SideChain/blockchain/blockchain.go:1032: current height ->  161
2019-07-19 04:40:55.934 [INF] MINR /go/src/github.com/elastos/Elastos.ELA.SideChain.Token/vendor/github.com/elastos/Elastos.ELA.SideChain/pow/pow.go:299: <================POW Mining==============>

2019-07-19 04:40:55.934 [INF] MINR /go/src/github.com/elastos/Elastos.ELA.SideChain.Token/vendor/github.com/elastos/Elastos.ELA.SideChain/pow/pow.go:423: difficulty:  520095999
2019-07-19 04:40:57.007 [INF] MINR /go/src/github.com/elastos/Elastos.ELA.SideChain.Token/vendor/github.com/elastos/Elastos.ELA.SideChain/pow/pow.go:423: difficulty:  520095999
2019-07-19 04:41:01.819 [INF] STAT: -> 161 []
2019-07-19 04:41:04.413 [INF] SPVS /go/src/github.com/elastos/Elastos.ELA.SideChain.Token/vendor/github.com/elastos/Elastos.ELA.SPV/sync/manager.go:419: Received block 2f4afa175aabd85789dc4105a39e9a890d6c6dc91c53b805c7d396c850c7f486 at height 580
2019-07-19 04:41:14.255 [INF] BCDB /go/src/github.com/elastos/Elastos.ELA.SideChain.Token/vendor/github.com/elastos/Elastos.ELA.SideChain/blockchain/blockchain.go:1032: current height ->  162
2019-07-19 04:41:14.255 [INF] MINR /go/src/github.com/elastos/Elastos.ELA.SideChain.Token/vendor/github.com/elastos/Elastos.ELA.SideChain/pow/pow.go:299: <================POW Mining==============>

2019-07-19 04:41:14.255 [INF] MINR /go/src/github.com/elastos/Elastos.ELA.SideChain.Token/vendor/github.com/elastos/Elastos.ELA.SideChain/pow/pow.go:423: difficulty:  520095999
2019-07-19 04:41:25.959 [INF] SPVS /go/src/github.com/elastos/Elastos.ELA.SideChain.Token/vendor/github.com/elastos/Elastos.ELA.SPV/sync/manager.go:419: Received block 1e9a37f3216d68b4964d744a84ee5b1cf186b6fed6c995d0d2484320ff157451 at height 581
2019-07-19 04:41:26.607 [INF] MINR /go/src/github.com/elastos/Elastos.ELA.SideChain.Token/vendor/github.com/elastos/Elastos.ELA.SideChain/pow/pow.go:423: difficulty:  520095999
2019-07-19 04:41:29.491 [INF] SPVS /go/src/github.com/elastos/Elastos.ELA.SideChain.Token/vendor/github.com/elastos/Elastos.ELA.SPV/sync/manager.go:419: Received block e027dfd6fb10738892a6b2f765d25b577a6ab580e8eabee3055c8b26370d38e6 at height 582
2019-07-19 04:41:37.019 [INF] BCDB /go/src/github.com/elastos/Elastos.ELA.SideChain.Token/vendor/github.com/elastos/Elastos.ELA.SideChain/blockchain/blockchain.go:1032: current height ->  163
2019-07-19 04:41:37.019 [INF] MINR /go/src/github.com/elastos/Elastos.ELA.SideChain.Token/vendor/github.com/elastos/Elastos.ELA.SideChain/pow/pow.go:299: <================POW Mining==============>

2019-07-19 04:41:37.019 [INF] MINR /go/src/github.com/elastos/Elastos.ELA.SideChain.Token/vendor/github.com/elastos/Elastos.ELA.SideChain/pow/pow.go:423: difficulty:  520095999
2019-07-19 04:41:41.507 [INF] BCDB /go/src/github.com/elastos/Elastos.ELA.SideChain.Token/vendor/github.com/elastos/Elastos.ELA.SideChain/blockchain/blockchain.go:1032: current height ->  164
2019-07-19 04:41:41.507 [INF] MINR /go/src/github.com/elastos/Elastos.ELA.SideChain.Token/vendor/github.com/elastos/Elastos.ELA.SideChain/pow/pow.go:299: <================POW Mining==============>

2019-07-19 04:41:41.507 [INF] MINR /go/src/github.com/elastos/Elastos.ELA.SideChain.Token/vendor/github.com/elastos/Elastos.ELA.SideChain/pow/pow.go:423: difficulty:  520095999
2019-07-19 04:41:42.328 [INF] SPVS /go/src/github.com/elastos/Elastos.ELA.SideChain.Token/vendor/github.com/elastos/Elastos.ELA.SPV/sync/manager.go:419: Received block 36172fb1533e53bb8c54e66d16926373b3835d948d31625ea6ba0c5fb656e977 at height 583
2019-07-19 04:41:42.840 [INF] MINR /go/src/github.com/elastos/Elastos.ELA.SideChain.Token/vendor/github.com/elastos/Elastos.ELA.SideChain/pow/pow.go:423: difficulty:  520095999
2019-07-19 04:41:47.389 [INF] SPVS /go/src/github.com/elastos/Elastos.ELA.SideChain.Token/vendor/github.com/elastos/Elastos.ELA.SPV/sync/manager.go:419: Received block 6a15d52d23c5e6b09bbb0c82adfbb0cb4ba12e519b7fa705440fbb5bfa515cd8 at height 584
2019-07-19 04:41:49.724 [INF] BCDB /go/src/github.com/elastos/Elastos.ELA.SideChain.Token/vendor/github.com/elastos/Elastos.ELA.SideChain/blockchain/blockchain.go:1032: current height ->  165
2019-07-19 04:41:49.724 [INF] MINR /go/src/github.com/elastos/Elastos.ELA.SideChain.Token/vendor/github.com/elastos/Elastos.ELA.SideChain/pow/pow.go:299: <================POW Mining==============>

2019-07-19 04:41:49.724 [INF] MINR /go/src/github.com/elastos/Elastos.ELA.SideChain.Token/vendor/github.com/elastos/Elastos.ELA.SideChain/pow/pow.go:423: difficulty:  520095999
2019-07-19 04:41:58.103 [INF] SPVS /go/src/github.com/elastos/Elastos.ELA.SideChain.Token/vendor/github.com/elastos/Elastos.ELA.SPV/sync/manager.go:419: Received block f57260d07c8ce72434b14279a512043d7f2f12b741d4d73ef9b4a7bca042566a at height 585
2019-07-19 04:41:58.992 [INF] MINR /go/src/github.com/elastos/Elastos.ELA.SideChain.Token/vendor/github.com/elastos/Elastos.ELA.SideChain/pow/pow.go:423: difficulty:  520095999
2019-07-19 04:42:01.817 [INF] STAT: -> 165 []
2019-07-19 04:42:09.676 [INF] SPVS /go/src/github.com/elastos/Elastos.ELA.SideChain.Token/vendor/github.com/elastos/Elastos.ELA.SPV/sync/manager.go:419: Received block 992d63fa242774e75f96934336e3d3f5f3e6f2eb2d397775aa024be0f1e70cef at height 586
2019-07-19 04:42:13.927 [INF] SPVS /go/src/github.com/elastos/Elastos.ELA.SideChain.Token/vendor/github.com/elastos/Elastos.ELA.SPV/sync/manager.go:419: Received block 05d9d64ab9bcb422e340e65167909af379d6d71acaf2c7f4eafe6b9ee158579a at height 587
2019-07-19 04:42:14.096 [INF] MINR /go/src/github.com/elastos/Elastos.ELA.SideChain.Token/vendor/github.com/elastos/Elastos.ELA.SideChain/pow/pow.go:423: difficulty:  520095999
2019-07-19 04:42:24.842 [INF] SPVS /go/src/github.com/elastos/Elastos.ELA.SideChain.Token/vendor/github.com/elastos/Elastos.ELA.SPV/sync/manager.go:419: Received block 8d299b4089983c104c2605bcc901f14516c7ed644aa131e13fe27d00f9ca93bc at height 588
2019-07-19 04:42:30.518 [INF] SPVS /go/src/github.com/elastos/Elastos.ELA.SideChain.Token/vendor/github.com/elastos/Elastos.ELA.SPV/sync/manager.go:419: Received block 9c354bfd7e79fcf972ca822550804a7e0a3198c7753403e90e722a175b2c8717 at height 589
2019-07-19 04:42:31.198 [INF] MINR /go/src/github.com/elastos/Elastos.ELA.SideChain.Token/vendor/github.com/elastos/Elastos.ELA.SideChain/pow/pow.go:423: difficulty:  520095999
2019-07-19 04:42:37.386 [INF] SPVS /go/src/github.com/elastos/Elastos.ELA.SideChain.Token/vendor/github.com/elastos/Elastos.ELA.SPV/sync/manager.go:419: Received block 3678b7ccebce769b4bc53856ff6eab65801c21d57a4fa83ef1e6c46fd61e0a47 at height 590
2019-07-19 04:42:49.842 [INF] BCDB /go/src/github.com/elastos/Elastos.ELA.SideChain.Token/vendor/github.com/elastos/Elastos.ELA.SideChain/blockchain/blockchain.go:1032: current height ->  166
2019-07-19 04:42:49.842 [INF] MINR /go/src/github.com/elastos/Elastos.ELA.SideChain.Token/vendor/github.com/elastos/Elastos.ELA.SideChain/pow/pow.go:299: <================POW Mining==============>

2019-07-19 04:42:49.842 [INF] MINR /go/src/github.com/elastos/Elastos.ELA.SideChain.Token/vendor/github.com/elastos/Elastos.ELA.SideChain/pow/pow.go:423: difficulty:  520095999
2019-07-19 04:42:52.150 [INF] SPVS /go/src/github.com/elastos/Elastos.ELA.SideChain.Token/vendor/github.com/elastos/Elastos.ELA.SPV/sync/manager.go:419: Received block 46d92e3c228e49563725ddc4dfd70ecc2b1af6bb419cf718cf778682a2a928c8 at height 591
2019-07-19 04:42:52.378 [INF] MINR /go/src/github.com/elastos/Elastos.ELA.SideChain.Token/vendor/github.com/elastos/Elastos.ELA.SideChain/pow/pow.go:423: difficulty:  520095999
2019-07-19 04:42:55.184 [INF] SPVS /go/src/github.com/elastos/Elastos.ELA.SideChain.Token/vendor/github.com/elastos/Elastos.ELA.SPV/sync/manager.go:419: Received block d9e662a56c6ddf4c7ce46395777f9c901cd5d161270f7592734bfe30191630dd at height 592
2019-07-19 04:43:01.842 [INF] STAT: -> 166 []
2019-07-19 04:43:04.678 [INF] BCDB /go/src/github.com/elastos/Elastos.ELA.SideChain.Token/vendor/github.com/elastos/Elastos.ELA.SideChain/blockchain/blockchain.go:1032: current height ->  167
2019-07-19 04:43:04.678 [INF] MINR /go/src/github.com/elastos/Elastos.ELA.SideChain.Token/vendor/github.com/elastos/Elastos.ELA.SideChain/pow/pow.go:299: <================POW Mining==============>

2019-07-19 04:43:04.679 [INF] MINR /go/src/github.com/elastos/Elastos.ELA.SideChain.Token/vendor/github.com/elastos/Elastos.ELA.SideChain/pow/pow.go:423: difficulty:  520095999
2019-07-19 04:43:09.273 [INF] SPVS /go/src/github.com/elastos/Elastos.ELA.SideChain.Token/vendor/github.com/elastos/Elastos.ELA.SPV/sync/manager.go:419: Received block 2e874bb51612cf83c2f40910f2e770f8d3b001ee54863e61deac0ef6bcb5a27d at height 593
2019-07-19 04:43:09.483 [INF] MINR /go/src/github.com/elastos/Elastos.ELA.SideChain.Token/vendor/github.com/elastos/Elastos.ELA.SideChain/pow/pow.go:423: difficulty:  520095999
2019-07-19 04:43:16.406 [INF] SPVS /go/src/github.com/elastos/Elastos.ELA.SideChain.Token/vendor/github.com/elastos/Elastos.ELA.SPV/sync/manager.go:419: Received block b162ebd282de548b200426d685d7b12605910dd2f40730af824c9a847f99faf2 at height 594
2019-07-19 04:43:31.539 [INF] BCDB /go/src/github.com/elastos/Elastos.ELA.SideChain.Token/vendor/github.com/elastos/Elastos.ELA.SideChain/blockchain/blockchain.go:1032: current height ->  168
2019-07-19 04:43:31.539 [INF] MINR /go/src/github.com/elastos/Elastos.ELA.SideChain.Token/vendor/github.com/elastos/Elastos.ELA.SideChain/pow/pow.go:299: <================POW Mining==============>

2019-07-19 04:43:31.539 [INF] MINR /go/src/github.com/elastos/Elastos.ELA.SideChain.Token/vendor/github.com/elastos/Elastos.ELA.SideChain/pow/pow.go:423: difficulty:  520095999
2019-07-19 04:43:31.995 [INF] BCDB /go/src/github.com/elastos/Elastos.ELA.SideChain.Token/vendor/github.com/elastos/Elastos.ELA.SideChain/blockchain/blockchain.go:1032: current height ->  169
2019-07-19 04:43:31.995 [INF] MINR /go/src/github.com/elastos/Elastos.ELA.SideChain.Token/vendor/github.com/elastos/Elastos.ELA.SideChain/pow/pow.go:299: <================POW Mining==============>

2019-07-19 04:43:31.995 [INF] MINR /go/src/github.com/elastos/Elastos.ELA.SideChain.Token/vendor/github.com/elastos/Elastos.ELA.SideChain/pow/pow.go:423: difficulty:  520095999
2019-07-19 04:43:33.619 [INF] SPVS /go/src/github.com/elastos/Elastos.ELA.SideChain.Token/vendor/github.com/elastos/Elastos.ELA.SPV/sync/manager.go:419: Received block ee828db485df53e0e68fe340cce34e2a0633a19e9315272afb2383d851a570be at height 595
2019-07-19 04:43:34.650 [INF] MINR /go/src/github.com/elastos/Elastos.ELA.SideChain.Token/vendor/github.com/elastos/Elastos.ELA.SideChain/pow/pow.go:423: difficulty:  520095999
2019-07-19 04:43:35.957 [INF] BCDB /go/src/github.com/elastos/Elastos.ELA.SideChain.Token/vendor/github.com/elastos/Elastos.ELA.SideChain/blockchain/blockchain.go:1032: current height ->  170
2019-07-19 04:43:35.957 [INF] MINR /go/src/github.com/elastos/Elastos.ELA.SideChain.Token/vendor/github.com/elastos/Elastos.ELA.SideChain/pow/pow.go:299: <================POW Mining==============>

2019-07-19 04:43:35.957 [INF] MINR /go/src/github.com/elastos/Elastos.ELA.SideChain.Token/vendor/github.com/elastos/Elastos.ELA.SideChain/pow/pow.go:423: difficulty:  520095999
2019-07-19 04:43:36.905 [INF] MINR /go/src/github.com/elastos/Elastos.ELA.SideChain.Token/vendor/github.com/elastos/Elastos.ELA.SideChain/pow/pow.go:423: difficulty:  520095999
2019-07-19 04:43:37.041 [INF] BCDB /go/src/github.com/elastos/Elastos.ELA.SideChain.Token/vendor/github.com/elastos/Elastos.ELA.SideChain/blockchain/blockchain.go:1032: current height ->  171
2019-07-19 04:43:37.041 [INF] MINR /go/src/github.com/elastos/Elastos.ELA.SideChain.Token/vendor/github.com/elastos/Elastos.ELA.SideChain/pow/pow.go:299: <================POW Mining==============>

2019-07-19 04:43:37.041 [INF] MINR /go/src/github.com/elastos/Elastos.ELA.SideChain.Token/vendor/github.com/elastos/Elastos.ELA.SideChain/pow/pow.go:423: difficulty:  520095999
2019-07-19 04:43:37.224 [INF] BCDB /go/src/github.com/elastos/Elastos.ELA.SideChain.Token/vendor/github.com/elastos/Elastos.ELA.SideChain/blockchain/blockchain.go:1032: current height ->  172
2019-07-19 04:43:37.224 [INF] MINR /go/src/github.com/elastos/Elastos.ELA.SideChain.Token/vendor/github.com/elastos/Elastos.ELA.SideChain/pow/pow.go:299: <================POW Mining==============>

2019-07-19 04:43:37.225 [INF] MINR /go/src/github.com/elastos/Elastos.ELA.SideChain.Token/vendor/github.com/elastos/Elastos.ELA.SideChain/pow/pow.go:423: difficulty:  520095999
2019-07-19 04:43:37.958 [INF] MINR /go/src/github.com/elastos/Elastos.ELA.SideChain.Token/vendor/github.com/elastos/Elastos.ELA.SideChain/pow/pow.go:423: difficulty:  520095999
2019-07-19 04:43:42.775 [INF] SPVS /go/src/github.com/elastos/Elastos.ELA.SideChain.Token/vendor/github.com/elastos/Elastos.ELA.SPV/sync/manager.go:419: Received block e4cfc8c0b6c4633a1e4fb059115b29f291ec2a08694312f2a3a24669a0abdcfe at height 596
2019-07-19 04:43:47.246 [INF] SPVS /go/src/github.com/elastos/Elastos.ELA.SideChain.Token/vendor/github.com/elastos/Elastos.ELA.SPV/sync/manager.go:419: Received block 5d05b55bd2fb16c45494d019a9e310a9c943e106cb62a4542f634ec90d03f42d at height 597
2019-07-19 04:43:47.790 [INF] MINR /go/src/github.com/elastos/Elastos.ELA.SideChain.Token/vendor/github.com/elastos/Elastos.ELA.SideChain/pow/pow.go:423: difficulty:  520095999
2019-07-19 04:43:50.485 [INF] BCDB /go/src/github.com/elastos/Elastos.ELA.SideChain.Token/vendor/github.com/elastos/Elastos.ELA.SideChain/blockchain/blockchain.go:1032: current height ->  173
2019-07-19 04:43:50.485 [INF] MINR /go/src/github.com/elastos/Elastos.ELA.SideChain.Token/vendor/github.com/elastos/Elastos.ELA.SideChain/pow/pow.go:299: <================POW Mining==============>

2019-07-19 04:43:50.485 [INF] MINR /go/src/github.com/elastos/Elastos.ELA.SideChain.Token/vendor/github.com/elastos/Elastos.ELA.SideChain/pow/pow.go:423: difficulty:  520095999
2019-07-19 04:43:51.081 [INF] MINR /go/src/github.com/elastos/Elastos.ELA.SideChain.Token/vendor/github.com/elastos/Elastos.ELA.SideChain/pow/pow.go:423: difficulty:  520095999
2019-07-19 04:43:56.180 [INF] SPVS /go/src/github.com/elastos/Elastos.ELA.SideChain.Token/vendor/github.com/elastos/Elastos.ELA.SPV/sync/manager.go:419: Received block 0461066d50e21a2a3a8143bb4edb8b379492bd395c0942135fae7df84178e800 at height 598
2019-07-19 04:44:00.947 [INF] SPVS /go/src/github.com/elastos/Elastos.ELA.SideChain.Token/vendor/github.com/elastos/Elastos.ELA.SPV/sync/manager.go:419: Received block 968f566e9be7cc0aad4e401b1bbb2b8d4910c1dd8db5fe1ff014a4ba35021213 at height 599
2019-07-19 04:44:01.844 [INF] STAT: -> 173 []
2019-07-19 04:44:01.863 [INF] MINR /go/src/github.com/elastos/Elastos.ELA.SideChain.Token/vendor/github.com/elastos/Elastos.ELA.SideChain/pow/pow.go:423: difficulty:  520095999
2019-07-19 04:44:02.114 [INF] BCDB /go/src/github.com/elastos/Elastos.ELA.SideChain.Token/vendor/github.com/elastos/Elastos.ELA.SideChain/blockchain/blockchain.go:1032: current height ->  174
2019-07-19 04:44:02.114 [INF] MINR /go/src/github.com/elastos/Elastos.ELA.SideChain.Token/vendor/github.com/elastos/Elastos.ELA.SideChain/pow/pow.go:299: <================POW Mining==============>

2019-07-19 04:44:02.114 [INF] MINR /go/src/github.com/elastos/Elastos.ELA.SideChain.Token/vendor/github.com/elastos/Elastos.ELA.SideChain/pow/pow.go:423: difficulty:  520095999
2019-07-19 04:44:02.145 [INF] MINR /go/src/github.com/elastos/Elastos.ELA.SideChain.Token/vendor/github.com/elastos/Elastos.ELA.SideChain/pow/pow.go:423: difficulty:  520095999
2019-07-19 04:44:07.897 [INF] BCDB /go/src/github.com/elastos/Elastos.ELA.SideChain.Token/vendor/github.com/elastos/Elastos.ELA.SideChain/blockchain/blockchain.go:1032: current height ->  175
2019-07-19 04:44:07.897 [INF] MINR /go/src/github.com/elastos/Elastos.ELA.SideChain.Token/vendor/github.com/elastos/Elastos.ELA.SideChain/pow/pow.go:299: <================POW Mining==============>

2019-07-19 04:44:07.897 [INF] MINR /go/src/github.com/elastos/Elastos.ELA.SideChain.Token/vendor/github.com/elastos/Elastos.ELA.SideChain/pow/pow.go:423: difficulty:  520095999
2019-07-19 04:44:08.212 [INF] MINR /go/src/github.com/elastos/Elastos.ELA.SideChain.Token/vendor/github.com/elastos/Elastos.ELA.SideChain/pow/pow.go:423: difficulty:  520095999
2019-07-19 04:44:20.067 [INF] SPVS /go/src/github.com/elastos/Elastos.ELA.SideChain.Token/vendor/github.com/elastos/Elastos.ELA.SPV/sync/manager.go:419: Received block 52edebdae6e6c20b2932ba97190a3028c24a02517eb1b15cbec4146c5e82b5e6 at height 600
2019-07-19 04:44:22.309 [INF] BCDB /go/src/github.com/elastos/Elastos.ELA.SideChain.Token/vendor/github.com/elastos/Elastos.ELA.SideChain/blockchain/blockchain.go:1032: current height ->  176
2019-07-19 04:44:22.312 [INF] MINR /go/src/github.com/elastos/Elastos.ELA.SideChain.Token/vendor/github.com/elastos/Elastos.ELA.SideChain/pow/pow.go:299: <================POW Mining==============>

2019-07-19 04:44:22.313 [INF] MINR /go/src/github.com/elastos/Elastos.ELA.SideChain.Token/vendor/github.com/elastos/Elastos.ELA.SideChain/pow/pow.go:423: difficulty:  520095999
2019-07-19 04:44:23.390 [INF] BCDB /go/src/github.com/elastos/Elastos.ELA.SideChain.Token/vendor/github.com/elastos/Elastos.ELA.SideChain/blockchain/blockchain.go:1032: current height ->  177
2019-07-19 04:44:23.390 [INF] MINR /go/src/github.com/elastos/Elastos.ELA.SideChain.Token/vendor/github.com/elastos/Elastos.ELA.SideChain/pow/pow.go:299: <================POW Mining==============>

2019-07-19 04:44:23.390 [INF] MINR /go/src/github.com/elastos/Elastos.ELA.SideChain.Token/vendor/github.com/elastos/Elastos.ELA.SideChain/pow/pow.go:423: difficulty:  520095999
2019-07-19 04:44:30.202 [INF] BCDB /go/src/github.com/elastos/Elastos.ELA.SideChain.Token/vendor/github.com/elastos/Elastos.ELA.SideChain/blockchain/blockchain.go:1032: current height ->  178
2019-07-19 04:44:30.202 [INF] MINR /go/src/github.com/elastos/Elastos.ELA.SideChain.Token/vendor/github.com/elastos/Elastos.ELA.SideChain/pow/pow.go:299: <================POW Mining==============>

2019-07-19 04:44:30.202 [INF] MINR /go/src/github.com/elastos/Elastos.ELA.SideChain.Token/vendor/github.com/elastos/Elastos.ELA.SideChain/pow/pow.go:423: difficulty:  520095999
2019-07-19 04:44:42.641 [INF] SPVS /go/src/github.com/elastos/Elastos.ELA.SideChain.Token/vendor/github.com/elastos/Elastos.ELA.SPV/sync/manager.go:419: Received block b25f00520f3d2cb3a0d2d435384516c64568bd58cc47b0be1e643fa6d59d0984 at height 601
2019-07-19 04:44:43.386 [INF] MINR /go/src/github.com/elastos/Elastos.ELA.SideChain.Token/vendor/github.com/elastos/Elastos.ELA.SideChain/pow/pow.go:423: difficulty:  520095999
2019-07-19 04:44:50.173 [INF] BCDB /go/src/github.com/elastos/Elastos.ELA.SideChain.Token/vendor/github.com/elastos/Elastos.ELA.SideChain/blockchain/blockchain.go:1032: current height ->  179
2019-07-19 04:44:50.173 [INF] MINR /go/src/github.com/elastos/Elastos.ELA.SideChain.Token/vendor/github.com/elastos/Elastos.ELA.SideChain/pow/pow.go:299: <================POW Mining==============>

2019-07-19 04:44:50.173 [INF] MINR /go/src/github.com/elastos/Elastos.ELA.SideChain.Token/vendor/github.com/elastos/Elastos.ELA.SideChain/pow/pow.go:423: difficulty:  520095999
2019-07-19 04:44:50.404 [INF] MINR /go/src/github.com/elastos/Elastos.ELA.SideChain.Token/vendor/github.com/elastos/Elastos.ELA.SideChain/pow/pow.go:423: difficulty:  520095999
2019-07-19 04:44:55.469 [INF] SPVS /go/src/github.com/elastos/Elastos.ELA.SideChain.Token/vendor/github.com/elastos/Elastos.ELA.SPV/sync/manager.go:419: Received block 5b2a8bc07ccfdee23045775266ee45c6c4f7650e4b6cfa551ad12d0c26b733aa at height 602
2019-07-19 04:45:01.846 [INF] STAT: -> 179 []
2019-07-19 04:45:03.308 [INF] SPVS /go/src/github.com/elastos/Elastos.ELA.SideChain.Token/vendor/github.com/elastos/Elastos.ELA.SPV/sync/manager.go:419: Received block 75f00128431039fcfa7fcc147bcbc43d68d64d220e169b3a5ac45e4840632883 at height 603
2019-07-19 04:45:03.506 [INF] MINR /go/src/github.com/elastos/Elastos.ELA.SideChain.Token/vendor/github.com/elastos/Elastos.ELA.SideChain/pow/pow.go:423: difficulty:  520095999
2019-07-19 04:45:15.217 [INF] BCDB /go/src/github.com/elastos/Elastos.ELA.SideChain.Token/vendor/github.com/elastos/Elastos.ELA.SideChain/blockchain/blockchain.go:1032: current height ->  180
2019-07-19 04:45:15.217 [INF] MINR /go/src/github.com/elastos/Elastos.ELA.SideChain.Token/vendor/github.com/elastos/Elastos.ELA.SideChain/pow/pow.go:299: <================POW Mining==============>

2019-07-19 04:45:15.217 [INF] MINR /go/src/github.com/elastos/Elastos.ELA.SideChain.Token/vendor/github.com/elastos/Elastos.ELA.SideChain/pow/pow.go:423: difficulty:  520095999
2019-07-19 04:45:15.511 [INF] MINR /go/src/github.com/elastos/Elastos.ELA.SideChain.Token/vendor/github.com/elastos/Elastos.ELA.SideChain/pow/pow.go:423: difficulty:  520095999
2019-07-19 04:45:19.770 [INF] SPVS /go/src/github.com/elastos/Elastos.ELA.SideChain.Token/vendor/github.com/elastos/Elastos.ELA.SPV/sync/manager.go:419: Received block c482957c3ac043caf0d8c80868928d6605192abe8704ed5629107dbd9c957130 at height 604
2019-07-19 04:45:22.205 [INF] BCDB /go/src/github.com/elastos/Elastos.ELA.SideChain.Token/vendor/github.com/elastos/Elastos.ELA.SideChain/blockchain/blockchain.go:1032: current height ->  181
2019-07-19 04:45:22.205 [INF] MINR /go/src/github.com/elastos/Elastos.ELA.SideChain.Token/vendor/github.com/elastos/Elastos.ELA.SideChain/pow/pow.go:299: <================POW Mining==============>

2019-07-19 04:45:22.205 [INF] MINR /go/src/github.com/elastos/Elastos.ELA.SideChain.Token/vendor/github.com/elastos/Elastos.ELA.SideChain/pow/pow.go:423: difficulty:  520095999
2019-07-19 04:45:34.950 [INF] BCDB /go/src/github.com/elastos/Elastos.ELA.SideChain.Token/vendor/github.com/elastos/Elastos.ELA.SideChain/blockchain/blockchain.go:1032: current height ->  182
2019-07-19 04:45:34.950 [INF] MINR /go/src/github.com/elastos/Elastos.ELA.SideChain.Token/vendor/github.com/elastos/Elastos.ELA.SideChain/pow/pow.go:299: <================POW Mining==============>

2019-07-19 04:45:34.950 [INF] MINR /go/src/github.com/elastos/Elastos.ELA.SideChain.Token/vendor/github.com/elastos/Elastos.ELA.SideChain/pow/pow.go:423: difficulty:  520095999
2019-07-19 04:45:41.213 [INF] SPVS /go/src/github.com/elastos/Elastos.ELA.SideChain.Token/vendor/github.com/elastos/Elastos.ELA.SPV/sync/manager.go:419: Received block ebac58be0e336e9cb3270447a28989f349ca83d850b068ffb6e13ef189e70850 at height 605
2019-07-19 04:45:41.745 [INF] MINR /go/src/github.com/elastos/Elastos.ELA.SideChain.Token/vendor/github.com/elastos/Elastos.ELA.SideChain/pow/pow.go:423: difficulty:  520095999
2019-07-19 04:45:52.876 [INF] SPVS /go/src/github.com/elastos/Elastos.ELA.SideChain.Token/vendor/github.com/elastos/Elastos.ELA.SPV/sync/manager.go:419: Received block 073d7a4c26f625555659b786ee9999cf0a3bf6698cf1c4d5497ee985c62bd7d9 at height 606
2019-07-19 04:45:53.393 [INF] BCDB /go/src/github.com/elastos/Elastos.ELA.SideChain.Token/vendor/github.com/elastos/Elastos.ELA.SideChain/blockchain/blockchain.go:1032: current height ->  183
2019-07-19 04:45:53.398 [INF] MINR /go/src/github.com/elastos/Elastos.ELA.SideChain.Token/vendor/github.com/elastos/Elastos.ELA.SideChain/pow/pow.go:299: <================POW Mining==============>

2019-07-19 04:45:53.398 [INF] MINR /go/src/github.com/elastos/Elastos.ELA.SideChain.Token/vendor/github.com/elastos/Elastos.ELA.SideChain/pow/pow.go:423: difficulty:  520095999
2019-07-19 04:45:53.692 [INF] MINR /go/src/github.com/elastos/Elastos.ELA.SideChain.Token/vendor/github.com/elastos/Elastos.ELA.SideChain/pow/pow.go:423: difficulty:  520095999
2019-07-19 04:45:55.176 [INF] SPVS /go/src/github.com/elastos/Elastos.ELA.SideChain.Token/vendor/github.com/elastos/Elastos.ELA.SPV/sync/manager.go:419: Received block ca7eddd6b898129be0df37521751e4ceefa8d42e7c44cad4549dce3b6a9d1014 at height 607
2019-07-19 04:46:01.818 [INF] STAT: -> 183 []
2019-07-19 04:46:07.149 [INF] BCDB /go/src/github.com/elastos/Elastos.ELA.SideChain.Token/vendor/github.com/elastos/Elastos.ELA.SideChain/blockchain/blockchain.go:1032: current height ->  184
2019-07-19 04:46:07.149 [INF] MINR /go/src/github.com/elastos/Elastos.ELA.SideChain.Token/vendor/github.com/elastos/Elastos.ELA.SideChain/pow/pow.go:299: <================POW Mining==============>

2019-07-19 04:46:07.164 [INF] MINR /go/src/github.com/elastos/Elastos.ELA.SideChain.Token/vendor/github.com/elastos/Elastos.ELA.SideChain/pow/pow.go:423: difficulty:  520095999
2019-07-19 04:46:07.794 [INF] MINR /go/src/github.com/elastos/Elastos.ELA.SideChain.Token/vendor/github.com/elastos/Elastos.ELA.SideChain/pow/pow.go:423: difficulty:  520095999
2019-07-19 04:46:12.918 [INF] SPVS /go/src/github.com/elastos/Elastos.ELA.SideChain.Token/vendor/github.com/elastos/Elastos.ELA.SPV/sync/manager.go:419: Received block 4c0dce0abc18c515d82edde19a3c1c6f70652ab22b7b035388dfb26a947ef093 at height 608
2019-07-19 04:46:23.506 [INF] SPVS /go/src/github.com/elastos/Elastos.ELA.SideChain.Token/vendor/github.com/elastos/Elastos.ELA.SPV/sync/manager.go:419: Received block 852e7183d801055a11ba7b373f2257816e13c68226a3572da65ca324b2318fc3 at height 609
2019-07-19 04:46:23.977 [INF] MINR /go/src/github.com/elastos/Elastos.ELA.SideChain.Token/vendor/github.com/elastos/Elastos.ELA.SideChain/pow/pow.go:423: difficulty:  520095999
2019-07-19 04:46:24.403 [INF] BCDB /go/src/github.com/elastos/Elastos.ELA.SideChain.Token/vendor/github.com/elastos/Elastos.ELA.SideChain/blockchain/blockchain.go:1032: current height ->  185
2019-07-19 04:46:24.403 [INF] MINR /go/src/github.com/elastos/Elastos.ELA.SideChain.Token/vendor/github.com/elastos/Elastos.ELA.SideChain/pow/pow.go:299: <================POW Mining==============>

2019-07-19 04:46:24.403 [INF] MINR /go/src/github.com/elastos/Elastos.ELA.SideChain.Token/vendor/github.com/elastos/Elastos.ELA.SideChain/pow/pow.go:423: difficulty:  520095999
2019-07-19 04:46:24.866 [INF] MINR /go/src/github.com/elastos/Elastos.ELA.SideChain.Token/vendor/github.com/elastos/Elastos.ELA.SideChain/pow/pow.go:423: difficulty:  520095999
2019-07-19 04:46:26.853 [INF] SPVS /go/src/github.com/elastos/Elastos.ELA.SideChain.Token/vendor/github.com/elastos/Elastos.ELA.SPV/sync/manager.go:419: Received block 78836d822f5f3cd9eb4ef94bcc44ce7d652a2d2e12bb7d60563e3859b9b683a7 at height 610
2019-07-19 04:46:30.624 [INF] SPVS /go/src/github.com/elastos/Elastos.ELA.SideChain.Token/vendor/github.com/elastos/Elastos.ELA.SPV/sync/manager.go:419: Received block b38ac2927f191f7c0d51f4ccd85f31b44d021601a965b63a0be604333d64ad87 at height 611
2019-07-19 04:46:31.012 [INF] MINR /go/src/github.com/elastos/Elastos.ELA.SideChain.Token/vendor/github.com/elastos/Elastos.ELA.SideChain/pow/pow.go:423: difficulty:  520095999
2019-07-19 04:46:49.069 [INF] BCDB /go/src/github.com/elastos/Elastos.ELA.SideChain.Token/vendor/github.com/elastos/Elastos.ELA.SideChain/blockchain/blockchain.go:1032: current height ->  186
2019-07-19 04:46:49.069 [INF] MINR /go/src/github.com/elastos/Elastos.ELA.SideChain.Token/vendor/github.com/elastos/Elastos.ELA.SideChain/pow/pow.go:299: <================POW Mining==============>

2019-07-19 04:46:49.070 [INF] MINR /go/src/github.com/elastos/Elastos.ELA.SideChain.Token/vendor/github.com/elastos/Elastos.ELA.SideChain/pow/pow.go:423: difficulty:  520095999
2019-07-19 04:46:49.956 [INF] MINR /go/src/github.com/elastos/Elastos.ELA.SideChain.Token/vendor/github.com/elastos/Elastos.ELA.SideChain/pow/pow.go:423: difficulty:  520095999
2019-07-19 04:46:49.972 [INF] BCDB /go/src/github.com/elastos/Elastos.ELA.SideChain.Token/vendor/github.com/elastos/Elastos.ELA.SideChain/blockchain/blockchain.go:1032: current height ->  187
2019-07-19 04:46:49.972 [INF] MINR /go/src/github.com/elastos/Elastos.ELA.SideChain.Token/vendor/github.com/elastos/Elastos.ELA.SideChain/pow/pow.go:299: <================POW Mining==============>

2019-07-19 04:46:49.972 [INF] MINR /go/src/github.com/elastos/Elastos.ELA.SideChain.Token/vendor/github.com/elastos/Elastos.ELA.SideChain/pow/pow.go:423: difficulty:  520095999
2019-07-19 04:46:50.982 [INF] MINR /go/src/github.com/elastos/Elastos.ELA.SideChain.Token/vendor/github.com/elastos/Elastos.ELA.SideChain/pow/pow.go:423: difficulty:  520095999
2019-07-19 04:46:52.230 [INF] SPVS /go/src/github.com/elastos/Elastos.ELA.SideChain.Token/vendor/github.com/elastos/Elastos.ELA.SPV/sync/manager.go:419: Received block 9c33b89d374769360208ac9bc3af6893ccd64092c906de5d570de4689b834d7b at height 612
2019-07-19 04:46:57.549 [INF] SPVS /go/src/github.com/elastos/Elastos.ELA.SideChain.Token/vendor/github.com/elastos/Elastos.ELA.SPV/sync/manager.go:419: Received block bfe2919e095bc7e11fd39723f9e1bec64e954b9b5f51c0a1aef7bce3213d8f9a at height 613
2019-07-19 04:46:58.190 [INF] MINR /go/src/github.com/elastos/Elastos.ELA.SideChain.Token/vendor/github.com/elastos/Elastos.ELA.SideChain/pow/pow.go:423: difficulty:  520095999
2019-07-19 04:47:01.817 [INF] STAT: -> 187 []
2019-07-19 04:47:08.613 [INF] SPVS /go/src/github.com/elastos/Elastos.ELA.SideChain.Token/vendor/github.com/elastos/Elastos.ELA.SPV/sync/manager.go:419: Received block dc54b825b7f9dea72170f294fc23da27d7cb2cc29e24234604144964b4717710 at height 614
2019-07-19 04:47:12.845 [INF] BCDB /go/src/github.com/elastos/Elastos.ELA.SideChain.Token/vendor/github.com/elastos/Elastos.ELA.SideChain/blockchain/blockchain.go:1032: current height ->  188
2019-07-19 04:47:12.846 [INF] MINR /go/src/github.com/elastos/Elastos.ELA.SideChain.Token/vendor/github.com/elastos/Elastos.ELA.SideChain/pow/pow.go:299: <================POW Mining==============>

2019-07-19 04:47:12.846 [INF] MINR /go/src/github.com/elastos/Elastos.ELA.SideChain.Token/vendor/github.com/elastos/Elastos.ELA.SideChain/pow/pow.go:423: difficulty:  520095999
2019-07-19 04:47:16.074 [INF] SPVS /go/src/github.com/elastos/Elastos.ELA.SideChain.Token/vendor/github.com/elastos/Elastos.ELA.SPV/sync/manager.go:419: Received block 8e96a3b49e8d2377511b9b982ab17c84efafd0f7a01e90e91e0d2606ad477184 at height 615
2019-07-19 04:47:16.304 [INF] MINR /go/src/github.com/elastos/Elastos.ELA.SideChain.Token/vendor/github.com/elastos/Elastos.ELA.SideChain/pow/pow.go:423: difficulty:  520095999
2019-07-19 04:47:33.837 [INF] SPVS /go/src/github.com/elastos/Elastos.ELA.SideChain.Token/vendor/github.com/elastos/Elastos.ELA.SPV/sync/manager.go:419: Received block a3c01fe5554782e7356191257a3f549fb530f74e51c1f40dd78f2ced0de01e43 at height 616
2019-07-19 04:47:36.184 [INF] BCDB /go/src/github.com/elastos/Elastos.ELA.SideChain.Token/vendor/github.com/elastos/Elastos.ELA.SideChain/blockchain/blockchain.go:1032: current height ->  189
2019-07-19 04:47:36.184 [INF] MINR /go/src/github.com/elastos/Elastos.ELA.SideChain.Token/vendor/github.com/elastos/Elastos.ELA.SideChain/pow/pow.go:299: <================POW Mining==============>

2019-07-19 04:47:36.185 [INF] MINR /go/src/github.com/elastos/Elastos.ELA.SideChain.Token/vendor/github.com/elastos/Elastos.ELA.SideChain/pow/pow.go:423: difficulty:  520095999
2019-07-19 04:47:41.350 [INF] SPVS /go/src/github.com/elastos/Elastos.ELA.SideChain.Token/vendor/github.com/elastos/Elastos.ELA.SPV/sync/manager.go:419: Received block 92f96754cac4b29649c25a17b178500591a983601b2a138a4c75f46d0ed1b091 at height 617
2019-07-19 04:47:41.466 [INF] MINR /go/src/github.com/elastos/Elastos.ELA.SideChain.Token/vendor/github.com/elastos/Elastos.ELA.SideChain/pow/pow.go:423: difficulty:  520095999
2019-07-19 04:47:49.552 [INF] SPVS /go/src/github.com/elastos/Elastos.ELA.SideChain.Token/vendor/github.com/elastos/Elastos.ELA.SPV/sync/manager.go:419: Received block a6893a10e6ceddbcb83e5bef8e5d2e7c293432d747951da1b8a2d4dbd7ab5c29 at height 618
2019-07-19 04:47:57.192 [INF] SPVS /go/src/github.com/elastos/Elastos.ELA.SideChain.Token/vendor/github.com/elastos/Elastos.ELA.SPV/sync/manager.go:419: Received block 75cbf0b5487cd72d8c0ff4f3043617aeb32b38c52a5cab7d6ad9b0a0b5f4070c at height 619
2019-07-19 04:47:57.544 [INF] MINR /go/src/github.com/elastos/Elastos.ELA.SideChain.Token/vendor/github.com/elastos/Elastos.ELA.SideChain/pow/pow.go:423: difficulty:  520095999
2019-07-19 04:48:01.831 [INF] STAT: -> 189 []
