2019-05-10 00:07:04.467 [INF] ELAD /go/src/github.com/elastos/Elastos.ELA.SideChain.Token/main.go:58: Node version: 
2019-05-10 00:07:04.493 [INF] ELAD /go/src/github.com/elastos/Elastos.ELA.SideChain.Token/main.go:59: go version go1.11.5 linux/amd64
2019-05-10 00:07:04.493 [INF] ELAD /go/src/github.com/elastos/Elastos.ELA.SideChain.Token/main.go:64: 1. BlockChain init
2019-05-10 00:07:04.923 [INF] ELAD /go/src/github.com/elastos/Elastos.ELA.SideChain.Token/main.go:73: 2. SPV module init
2019-05-10 00:07:05.701 [INF] SPVS /go/src/github.com/elastos/Elastos.ELA.SideChain.Token/vendor/github.com/elastos/Elastos.ELA.SPV/sdk/service.go:464: SPV service started...
2019-05-10 00:07:05.702 [INF] ELAD /go/src/github.com/elastos/Elastos.ELA.SideChain.Token/main.go:137: 3. Start the P2P networks
2019-05-10 00:07:05.703 [INF] ELAD /go/src/github.com/elastos/Elastos.ELA.SideChain.Token/main.go:160: 4. --Initialize pow service
2019-05-10 00:07:05.703 [INF] ELAD /go/src/github.com/elastos/Elastos.ELA.SideChain.Token/main.go:177: Start POW Services
2019-05-10 00:07:05.704 [INF] ELAD /go/src/github.com/elastos/Elastos.ELA.SideChain.Token/main.go:181: 5. --Start the RPC service
2019-05-10 00:07:05.704 [INF] MINR /go/src/github.com/elastos/Elastos.ELA.SideChain.Token/vendor/github.com/elastos/Elastos.ELA.SideChain/pow/pow.go:299: <================POW Mining==============>

2019-05-10 00:07:05.704 [INF] MINR /go/src/github.com/elastos/Elastos.ELA.SideChain.Token/vendor/github.com/elastos/Elastos.ELA.SideChain/pow/pow.go:423: difficulty:  520095999
2019-05-10 00:07:05.738 [INF] STAT: -> 24 []
2019-05-10 00:07:05.793 [INF] SPVS /go/src/github.com/elastos/Elastos.ELA.SideChain.Token/vendor/github.com/elastos/Elastos.ELA.SPV/sync/manager.go:244: New valid peer 172.25.0.5:10015 (outbound)
2019-05-10 00:07:05.829 [INF] SPVS /go/src/github.com/elastos/Elastos.ELA.SideChain.Token/vendor/github.com/elastos/Elastos.ELA.SPV/sync/manager.go:197: Syncing to block height 95 from peer 172.25.0.5:10015
2019-05-10 00:07:05.846 [INF] SPVS /go/src/github.com/elastos/Elastos.ELA.SideChain.Token/vendor/github.com/elastos/Elastos.ELA.SPV/sync/manager.go:244: New valid peer 172.25.0.10:10015 (outbound)
2019-05-10 00:07:05.864 [INF] SPVS /go/src/github.com/elastos/Elastos.ELA.SideChain.Token/vendor/github.com/elastos/Elastos.ELA.SPV/sync/manager.go:244: New valid peer 172.25.0.7:10015 (outbound)
2019-05-10 00:07:05.882 [INF] SPVS /go/src/github.com/elastos/Elastos.ELA.SideChain.Token/vendor/github.com/elastos/Elastos.ELA.SPV/sync/manager.go:244: New valid peer 172.25.0.2:10015 (outbound)
2019-05-10 00:07:05.882 [INF] SPVS /go/src/github.com/elastos/Elastos.ELA.SideChain.Token/vendor/github.com/elastos/Elastos.ELA.SPV/sync/manager.go:244: New valid peer 172.25.0.6:10015 (outbound)
2019-05-10 00:07:05.882 [INF] SPVS /go/src/github.com/elastos/Elastos.ELA.SideChain.Token/vendor/github.com/elastos/Elastos.ELA.SPV/sync/manager.go:244: New valid peer 172.25.0.11:10015 (outbound)
2019-05-10 00:07:05.882 [INF] SPVS /go/src/github.com/elastos/Elastos.ELA.SideChain.Token/vendor/github.com/elastos/Elastos.ELA.SPV/sync/manager.go:244: New valid peer 172.25.0.4:10015 (outbound)
2019-05-10 00:07:05.899 [INF] SPVS /go/src/github.com/elastos/Elastos.ELA.SideChain.Token/vendor/github.com/elastos/Elastos.ELA.SPV/sync/manager.go:419: Received block 5c883943d02f806009e78f1084f57d2a86ead0b110c3650e37161b7d2c1f5e4f at height 95
2019-05-10 00:07:12.215 [INF] MINR /go/src/github.com/elastos/Elastos.ELA.SideChain.Token/vendor/github.com/elastos/Elastos.ELA.SideChain/pow/pow.go:423: difficulty:  520095999
2019-05-10 00:07:18.084 [INF] SPVS /go/src/github.com/elastos/Elastos.ELA.SideChain.Token/vendor/github.com/elastos/Elastos.ELA.SPV/sync/manager.go:419: Received block 49784848afe52d0aad10465be3590c1017cd5cf6d63d91f93da118225c6f4a90 at height 96
2019-05-10 00:07:31.431 [INF] SPVS /go/src/github.com/elastos/Elastos.ELA.SideChain.Token/vendor/github.com/elastos/Elastos.ELA.SPV/sync/manager.go:419: Received block 4502567af443f082fe809b33e509708d9f6a7d8c965ae4556a3d8703a5b60c61 at height 97
2019-05-10 00:07:32.010 [INF] MINR /go/src/github.com/elastos/Elastos.ELA.SideChain.Token/vendor/github.com/elastos/Elastos.ELA.SideChain/pow/pow.go:423: difficulty:  520095999
2019-05-10 00:07:38.155 [INF] SPVS /go/src/github.com/elastos/Elastos.ELA.SideChain.Token/vendor/github.com/elastos/Elastos.ELA.SPV/sync/manager.go:419: Received block 6d2fa900e5f4bcb6c4a66accfed20074ed9a4850d00292ecc883e8d4146a344a at height 98
2019-05-10 00:07:42.637 [INF] SPVS /go/src/github.com/elastos/Elastos.ELA.SideChain.Token/vendor/github.com/elastos/Elastos.ELA.SPV/sync/manager.go:419: Received block 894d8e31aa5b372a2578ca290e3c36bdd1ac7814737446ec107a273d5ee4fc5b at height 99
2019-05-10 00:07:43.254 [INF] MINR /go/src/github.com/elastos/Elastos.ELA.SideChain.Token/vendor/github.com/elastos/Elastos.ELA.SideChain/pow/pow.go:423: difficulty:  520095999
2019-05-10 00:07:51.223 [INF] SPVS /go/src/github.com/elastos/Elastos.ELA.SideChain.Token/vendor/github.com/elastos/Elastos.ELA.SPV/sync/manager.go:419: Received block 7003bdff156f35c8c8200cc69db833173205a3a6b179904fc927dd90ebf07115 at height 100
2019-05-10 00:08:02.608 [INF] SPVS /go/src/github.com/elastos/Elastos.ELA.SideChain.Token/vendor/github.com/elastos/Elastos.ELA.SPV/sync/manager.go:419: Received block e8cbf59268ae8cde6671003a13575df91dee135e8a336ccd391b1025e09cb432 at height 101
2019-05-10 00:08:02.614 [INF] MINR /go/src/github.com/elastos/Elastos.ELA.SideChain.Token/vendor/github.com/elastos/Elastos.ELA.SideChain/pow/pow.go:423: difficulty:  520095999
2019-05-10 00:08:05.814 [INF] STAT: -> 24 []
2019-05-10 00:08:08.920 [INF] SPVS /go/src/github.com/elastos/Elastos.ELA.SideChain.Token/vendor/github.com/elastos/Elastos.ELA.SPV/sync/manager.go:419: Received block 2877de6e0d3b268805da6383e104125df080c214aaa6178229905ea940f14888 at height 102
2019-05-10 00:08:16.096 [INF] SPVS /go/src/github.com/elastos/Elastos.ELA.SideChain.Token/vendor/github.com/elastos/Elastos.ELA.SPV/sync/manager.go:419: Received block 9ee7434369bfe9f3ba8020d50f3a2f5596ed3f542bb0101abd95f358238c7fb8 at height 103
2019-05-10 00:08:16.790 [INF] MINR /go/src/github.com/elastos/Elastos.ELA.SideChain.Token/vendor/github.com/elastos/Elastos.ELA.SideChain/pow/pow.go:423: difficulty:  520095999
2019-05-10 00:08:19.002 [INF] SPVS /go/src/github.com/elastos/Elastos.ELA.SideChain.Token/vendor/github.com/elastos/Elastos.ELA.SPV/sync/manager.go:419: Received block 5af7612af90a4e2deac97f95e67a7622c319c1aea261af4d68733ce7e7cb782f at height 104
2019-05-10 00:08:23.446 [INF] SPVS /go/src/github.com/elastos/Elastos.ELA.SideChain.Token/vendor/github.com/elastos/Elastos.ELA.SPV/sync/manager.go:419: Received block 7b744f257ab3b79d63ebcffbd02dbbf45c0d2b8d205e9848683fb38489d88fe2 at height 105
2019-05-10 00:08:23.910 [INF] MINR /go/src/github.com/elastos/Elastos.ELA.SideChain.Token/vendor/github.com/elastos/Elastos.ELA.SideChain/pow/pow.go:423: difficulty:  520095999
2019-05-10 00:08:26.470 [INF] SPVS /go/src/github.com/elastos/Elastos.ELA.SideChain.Token/vendor/github.com/elastos/Elastos.ELA.SPV/sync/manager.go:419: Received block 5ed1412ac69dfa7a0e1f29b1c8edc844422c49fd05bc51211d6129c2062420bb at height 106
2019-05-10 00:08:32.743 [INF] SPVS /go/src/github.com/elastos/Elastos.ELA.SideChain.Token/vendor/github.com/elastos/Elastos.ELA.SPV/sync/manager.go:419: Received block 7699e3ff283d8ae064c987081b8dcf01859ff9f55dee667321d7a463e8317c86 at height 107
2019-05-10 00:08:33.088 [INF] MINR /go/src/github.com/elastos/Elastos.ELA.SideChain.Token/vendor/github.com/elastos/Elastos.ELA.SideChain/pow/pow.go:423: difficulty:  520095999
2019-05-10 00:08:38.146 [INF] SPVS /go/src/github.com/elastos/Elastos.ELA.SideChain.Token/vendor/github.com/elastos/Elastos.ELA.SPV/sync/manager.go:419: Received block 404fa2d4feb9ee48d976e41ef755d951233304bdeb1d26cb6fc43b0269949f55 at height 108
2019-05-10 00:08:44.580 [INF] SPVS /go/src/github.com/elastos/Elastos.ELA.SideChain.Token/vendor/github.com/elastos/Elastos.ELA.SPV/sync/manager.go:419: Received block e150572dd5964910e496ebe5652ffa4a55cdb666cd08faa07a9ebcb342cd09d3 at height 109
2019-05-10 00:08:45.252 [INF] MINR /go/src/github.com/elastos/Elastos.ELA.SideChain.Token/vendor/github.com/elastos/Elastos.ELA.SideChain/pow/pow.go:423: difficulty:  520095999
2019-05-10 00:08:51.763 [INF] SPVS /go/src/github.com/elastos/Elastos.ELA.SideChain.Token/vendor/github.com/elastos/Elastos.ELA.SPV/sync/manager.go:419: Received block 1aeb579dc8d931a7053180e4632b9c36f8c0a4838b7c066646cc510041925c10 at height 110
2019-05-10 00:08:56.060 [INF] BCDB /go/src/github.com/elastos/Elastos.ELA.SideChain.Token/vendor/github.com/elastos/Elastos.ELA.SideChain/blockchain/blockchain.go:1032: current height ->  25
2019-05-10 00:08:56.060 [INF] MINR /go/src/github.com/elastos/Elastos.ELA.SideChain.Token/vendor/github.com/elastos/Elastos.ELA.SideChain/pow/pow.go:299: <================POW Mining==============>

2019-05-10 00:08:56.060 [INF] MINR /go/src/github.com/elastos/Elastos.ELA.SideChain.Token/vendor/github.com/elastos/Elastos.ELA.SideChain/pow/pow.go:423: difficulty:  520095999
2019-05-10 00:08:58.040 [INF] BCDB /go/src/github.com/elastos/Elastos.ELA.SideChain.Token/vendor/github.com/elastos/Elastos.ELA.SideChain/blockchain/blockchain.go:1032: current height ->  26
2019-05-10 00:08:58.041 [INF] MINR /go/src/github.com/elastos/Elastos.ELA.SideChain.Token/vendor/github.com/elastos/Elastos.ELA.SideChain/pow/pow.go:299: <================POW Mining==============>

2019-05-10 00:08:58.046 [INF] MINR /go/src/github.com/elastos/Elastos.ELA.SideChain.Token/vendor/github.com/elastos/Elastos.ELA.SideChain/pow/pow.go:423: difficulty:  520095999
2019-05-10 00:08:58.600 [INF] SPVS /go/src/github.com/elastos/Elastos.ELA.SideChain.Token/vendor/github.com/elastos/Elastos.ELA.SPV/sync/manager.go:419: Received block c45f0d385b3039573e7f7cae6ab12b40450a280aec1c55bb40fc05c3b43fef8c at height 111
2019-05-10 00:08:59.430 [INF] MINR /go/src/github.com/elastos/Elastos.ELA.SideChain.Token/vendor/github.com/elastos/Elastos.ELA.SideChain/pow/pow.go:423: difficulty:  520095999
2019-05-10 00:09:02.908 [INF] SPVS /go/src/github.com/elastos/Elastos.ELA.SideChain.Token/vendor/github.com/elastos/Elastos.ELA.SPV/sync/manager.go:419: Received block cbb9f770bf735e01036e939197dca330ccc0c3dd16545f98f368b00a65f6859b at height 112
2019-05-10 00:09:05.708 [INF] STAT: -> 26 []
2019-05-10 00:09:06.881 [INF] BCDB /go/src/github.com/elastos/Elastos.ELA.SideChain.Token/vendor/github.com/elastos/Elastos.ELA.SideChain/blockchain/blockchain.go:1032: current height ->  27
2019-05-10 00:09:06.892 [INF] MINR /go/src/github.com/elastos/Elastos.ELA.SideChain.Token/vendor/github.com/elastos/Elastos.ELA.SideChain/pow/pow.go:299: <================POW Mining==============>

2019-05-10 00:09:06.894 [INF] MINR /go/src/github.com/elastos/Elastos.ELA.SideChain.Token/vendor/github.com/elastos/Elastos.ELA.SideChain/pow/pow.go:423: difficulty:  520095999
2019-05-10 00:09:11.299 [INF] SPVS /go/src/github.com/elastos/Elastos.ELA.SideChain.Token/vendor/github.com/elastos/Elastos.ELA.SPV/sync/manager.go:419: Received block 42499e60b44ecf04ecd0578d8f35433673dea63dc9878158b5f550369dd231a1 at height 113
2019-05-10 00:09:11.706 [INF] MINR /go/src/github.com/elastos/Elastos.ELA.SideChain.Token/vendor/github.com/elastos/Elastos.ELA.SideChain/pow/pow.go:423: difficulty:  520095999
2019-05-10 00:09:17.183 [INF] SPVS /go/src/github.com/elastos/Elastos.ELA.SideChain.Token/vendor/github.com/elastos/Elastos.ELA.SPV/sync/manager.go:419: Received block 789f84ba86be05b10b06ea955cacb4c78c8233c247473e94af41380fe1d5f079 at height 114
2019-05-10 00:09:25.094 [INF] SPVS /go/src/github.com/elastos/Elastos.ELA.SideChain.Token/vendor/github.com/elastos/Elastos.ELA.SPV/sync/manager.go:419: Received block 2ade1b8f1888f0287b3d490891b4483368b7c76d9f309941938b10722d26ca19 at height 115
2019-05-10 00:09:25.993 [INF] MINR /go/src/github.com/elastos/Elastos.ELA.SideChain.Token/vendor/github.com/elastos/Elastos.ELA.SideChain/pow/pow.go:423: difficulty:  520095999
2019-05-10 00:09:31.092 [INF] BCDB /go/src/github.com/elastos/Elastos.ELA.SideChain.Token/vendor/github.com/elastos/Elastos.ELA.SideChain/blockchain/blockchain.go:1032: current height ->  28
2019-05-10 00:09:31.092 [INF] MINR /go/src/github.com/elastos/Elastos.ELA.SideChain.Token/vendor/github.com/elastos/Elastos.ELA.SideChain/pow/pow.go:299: <================POW Mining==============>

2019-05-10 00:09:31.094 [INF] MINR /go/src/github.com/elastos/Elastos.ELA.SideChain.Token/vendor/github.com/elastos/Elastos.ELA.SideChain/pow/pow.go:423: difficulty:  520095999
2019-05-10 00:09:31.489 [INF] MINR /go/src/github.com/elastos/Elastos.ELA.SideChain.Token/vendor/github.com/elastos/Elastos.ELA.SideChain/pow/pow.go:423: difficulty:  520095999
2019-05-10 00:09:57.140 [INF] SPVS /go/src/github.com/elastos/Elastos.ELA.SideChain.Token/vendor/github.com/elastos/Elastos.ELA.SPV/sync/manager.go:419: Received block cbe88660c7ba6f7a5b62ee6927845e060470fa50a6791d7d93a23011df89cf0d at height 116
2019-05-10 00:10:00.531 [INF] SPVS /go/src/github.com/elastos/Elastos.ELA.SideChain.Token/vendor/github.com/elastos/Elastos.ELA.SPV/sync/manager.go:419: Received block 99983c4358ebdadf0b853077a5ea1d415743a1ca60c3babb1516228ae084bb57 at height 117
2019-05-10 00:10:00.668 [INF] MINR /go/src/github.com/elastos/Elastos.ELA.SideChain.Token/vendor/github.com/elastos/Elastos.ELA.SideChain/pow/pow.go:423: difficulty:  520095999
2019-05-10 00:10:05.704 [INF] STAT: -> 28 []
2019-05-10 00:10:08.948 [INF] SPVS /go/src/github.com/elastos/Elastos.ELA.SideChain.Token/vendor/github.com/elastos/Elastos.ELA.SPV/sync/manager.go:419: Received block 8ba51f0ef7c968a4b43f7e7b1005d304cf55f9502886d86a4a6bf73e8826ff77 at height 118
2019-05-10 00:10:11.637 [INF] SPVS /go/src/github.com/elastos/Elastos.ELA.SideChain.Token/vendor/github.com/elastos/Elastos.ELA.SPV/sync/manager.go:419: Received block e67333273f9d677bec755e46964ed60e89195d26b08eb460a4b5470ed0434613 at height 119
2019-05-10 00:10:11.865 [INF] MINR /go/src/github.com/elastos/Elastos.ELA.SideChain.Token/vendor/github.com/elastos/Elastos.ELA.SideChain/pow/pow.go:423: difficulty:  520095999
2019-05-10 00:10:16.589 [INF] SPVS /go/src/github.com/elastos/Elastos.ELA.SideChain.Token/vendor/github.com/elastos/Elastos.ELA.SPV/sync/manager.go:419: Received block 8b5ec5e37230de411e70ae05a43bab9cc8ac1f466bd6ec9f54c9c66efa4c949c at height 120
2019-05-10 00:10:22.307 [INF] SPVS /go/src/github.com/elastos/Elastos.ELA.SideChain.Token/vendor/github.com/elastos/Elastos.ELA.SPV/sync/manager.go:419: Received block 399924825e63152988f374f16c3d47f83e0d906099e00d7420830e2859fcc1f0 at height 121
2019-05-10 00:10:23.009 [INF] MINR /go/src/github.com/elastos/Elastos.ELA.SideChain.Token/vendor/github.com/elastos/Elastos.ELA.SideChain/pow/pow.go:423: difficulty:  520095999
2019-05-10 00:10:24.209 [INF] SPVS /go/src/github.com/elastos/Elastos.ELA.SideChain.Token/vendor/github.com/elastos/Elastos.ELA.SPV/sync/manager.go:419: Received block b2bbabe014e67f6711e692e4008e97a1bab183d6821b18a71c0a99517735426b at height 122
2019-05-10 00:10:28.723 [INF] SPVS /go/src/github.com/elastos/Elastos.ELA.SideChain.Token/vendor/github.com/elastos/Elastos.ELA.SPV/sync/manager.go:419: Received block f370633fe398dbe45c75ceb3c90ae44e8e98cabe0f4dc4c0641182ae5249aeb0 at height 123
2019-05-10 00:10:29.278 [INF] BCDB /go/src/github.com/elastos/Elastos.ELA.SideChain.Token/vendor/github.com/elastos/Elastos.ELA.SideChain/blockchain/blockchain.go:1032: current height ->  29
2019-05-10 00:10:29.278 [INF] MINR /go/src/github.com/elastos/Elastos.ELA.SideChain.Token/vendor/github.com/elastos/Elastos.ELA.SideChain/pow/pow.go:299: <================POW Mining==============>

2019-05-10 00:10:29.303 [INF] MINR /go/src/github.com/elastos/Elastos.ELA.SideChain.Token/vendor/github.com/elastos/Elastos.ELA.SideChain/pow/pow.go:423: difficulty:  520095999
2019-05-10 00:10:29.312 [INF] MINR /go/src/github.com/elastos/Elastos.ELA.SideChain.Token/vendor/github.com/elastos/Elastos.ELA.SideChain/pow/pow.go:423: difficulty:  520095999
2019-05-10 00:10:36.381 [INF] SPVS /go/src/github.com/elastos/Elastos.ELA.SideChain.Token/vendor/github.com/elastos/Elastos.ELA.SPV/sync/manager.go:419: Received block 09c60c7806e6cf3fff1d35f25cd48b5ff009dd31c59682b645a5cb6253293b32 at height 124
2019-05-10 00:10:39.071 [INF] SPVS /go/src/github.com/elastos/Elastos.ELA.SideChain.Token/vendor/github.com/elastos/Elastos.ELA.SPV/sync/manager.go:419: Received block 168474444106005181156e26cda6866ca5e6f586e55a426e322c038cef4aa06b at height 125
2019-05-10 00:10:39.473 [INF] MINR /go/src/github.com/elastos/Elastos.ELA.SideChain.Token/vendor/github.com/elastos/Elastos.ELA.SideChain/pow/pow.go:423: difficulty:  520095999
2019-05-10 00:10:49.844 [INF] SPVS /go/src/github.com/elastos/Elastos.ELA.SideChain.Token/vendor/github.com/elastos/Elastos.ELA.SPV/sync/manager.go:419: Received block 5e739f584f171f137fb14ea81eeae9f1ff94862853e06b3f70e8033b7b1bc779 at height 126
2019-05-10 00:10:52.275 [INF] BCDB /go/src/github.com/elastos/Elastos.ELA.SideChain.Token/vendor/github.com/elastos/Elastos.ELA.SideChain/blockchain/blockchain.go:1032: current height ->  30
2019-05-10 00:10:52.277 [INF] MINR /go/src/github.com/elastos/Elastos.ELA.SideChain.Token/vendor/github.com/elastos/Elastos.ELA.SideChain/pow/pow.go:299: <================POW Mining==============>

2019-05-10 00:10:52.277 [INF] MINR /go/src/github.com/elastos/Elastos.ELA.SideChain.Token/vendor/github.com/elastos/Elastos.ELA.SideChain/pow/pow.go:423: difficulty:  520095999
2019-05-10 00:10:55.969 [INF] SPVS /go/src/github.com/elastos/Elastos.ELA.SideChain.Token/vendor/github.com/elastos/Elastos.ELA.SPV/sync/manager.go:419: Received block 137705f294a36ba0c4e45e9d64a5c263199325cbd15d7fa66fd52032bb211051 at height 127
2019-05-10 00:10:56.791 [INF] MINR /go/src/github.com/elastos/Elastos.ELA.SideChain.Token/vendor/github.com/elastos/Elastos.ELA.SideChain/pow/pow.go:423: difficulty:  520095999
2019-05-10 00:11:00.066 [INF] SPVS /go/src/github.com/elastos/Elastos.ELA.SideChain.Token/vendor/github.com/elastos/Elastos.ELA.SPV/sync/manager.go:419: Received block 5fc357d7c83367ca28dc484ced6a140a1efecc487ec18e91a4baa92b0998599b at height 128
2019-05-10 00:11:05.733 [INF] STAT: -> 30 []
2019-05-10 00:11:07.071 [INF] SPVS /go/src/github.com/elastos/Elastos.ELA.SideChain.Token/vendor/github.com/elastos/Elastos.ELA.SPV/sync/manager.go:419: Received block 3d5825fd41a334acb73fabba8ca35120a28a86af1cd765ac1dd4a5bb861ecb3f at height 129
2019-05-10 00:11:07.999 [INF] MINR /go/src/github.com/elastos/Elastos.ELA.SideChain.Token/vendor/github.com/elastos/Elastos.ELA.SideChain/pow/pow.go:423: difficulty:  520095999
2019-05-10 00:11:12.762 [INF] SPVS /go/src/github.com/elastos/Elastos.ELA.SideChain.Token/vendor/github.com/elastos/Elastos.ELA.SPV/sync/manager.go:419: Received block de3bd0319dbddbd3704860409aa501ded210c4110d027e6152b9e8efa72ade3c at height 130
2019-05-10 00:11:17.252 [INF] SPVS /go/src/github.com/elastos/Elastos.ELA.SideChain.Token/vendor/github.com/elastos/Elastos.ELA.SPV/sync/manager.go:419: Received block c960e8d32c5bdcee22b03a23861e70e6b535ff766323d28b9742d61a046e1f3a at height 131
2019-05-10 00:11:18.061 [INF] MINR /go/src/github.com/elastos/Elastos.ELA.SideChain.Token/vendor/github.com/elastos/Elastos.ELA.SideChain/pow/pow.go:423: difficulty:  520095999
2019-05-10 00:11:29.149 [INF] SPVS /go/src/github.com/elastos/Elastos.ELA.SideChain.Token/vendor/github.com/elastos/Elastos.ELA.SPV/sync/manager.go:419: Received block 90b90f54a006662c6c1eaeded8115cfa39170c7cf1610ce757b1136a70119879 at height 132
2019-05-10 00:11:35.592 [INF] BCDB /go/src/github.com/elastos/Elastos.ELA.SideChain.Token/vendor/github.com/elastos/Elastos.ELA.SideChain/blockchain/blockchain.go:1032: current height ->  31
2019-05-10 00:11:35.606 [INF] MINR /go/src/github.com/elastos/Elastos.ELA.SideChain.Token/vendor/github.com/elastos/Elastos.ELA.SideChain/pow/pow.go:299: <================POW Mining==============>

2019-05-10 00:11:35.606 [INF] MINR /go/src/github.com/elastos/Elastos.ELA.SideChain.Token/vendor/github.com/elastos/Elastos.ELA.SideChain/pow/pow.go:423: difficulty:  520095999
2019-05-10 00:11:36.189 [INF] BCDB /go/src/github.com/elastos/Elastos.ELA.SideChain.Token/vendor/github.com/elastos/Elastos.ELA.SideChain/blockchain/blockchain.go:1032: current height ->  32
2019-05-10 00:11:36.189 [INF] MINR /go/src/github.com/elastos/Elastos.ELA.SideChain.Token/vendor/github.com/elastos/Elastos.ELA.SideChain/pow/pow.go:299: <================POW Mining==============>

2019-05-10 00:11:36.189 [INF] MINR /go/src/github.com/elastos/Elastos.ELA.SideChain.Token/vendor/github.com/elastos/Elastos.ELA.SideChain/pow/pow.go:423: difficulty:  520095999
2019-05-10 00:11:45.213 [INF] SPVS /go/src/github.com/elastos/Elastos.ELA.SideChain.Token/vendor/github.com/elastos/Elastos.ELA.SPV/sync/manager.go:419: Received block 1cb2c199ba5a3cc659d00ba35af3a07ad50ae822c33f541681496ecb77cab1ce at height 133
2019-05-10 00:11:45.447 [INF] MINR /go/src/github.com/elastos/Elastos.ELA.SideChain.Token/vendor/github.com/elastos/Elastos.ELA.SideChain/pow/pow.go:423: difficulty:  520095999
2019-05-10 00:11:51.340 [INF] BCDB /go/src/github.com/elastos/Elastos.ELA.SideChain.Token/vendor/github.com/elastos/Elastos.ELA.SideChain/blockchain/blockchain.go:1032: current height ->  33
2019-05-10 00:11:51.342 [INF] MINR /go/src/github.com/elastos/Elastos.ELA.SideChain.Token/vendor/github.com/elastos/Elastos.ELA.SideChain/pow/pow.go:299: <================POW Mining==============>

2019-05-10 00:11:51.343 [INF] MINR /go/src/github.com/elastos/Elastos.ELA.SideChain.Token/vendor/github.com/elastos/Elastos.ELA.SideChain/pow/pow.go:423: difficulty:  520095999
2019-05-10 00:11:52.125 [INF] MINR /go/src/github.com/elastos/Elastos.ELA.SideChain.Token/vendor/github.com/elastos/Elastos.ELA.SideChain/pow/pow.go:423: difficulty:  520095999
2019-05-10 00:11:56.729 [INF] SPVS /go/src/github.com/elastos/Elastos.ELA.SideChain.Token/vendor/github.com/elastos/Elastos.ELA.SPV/sync/manager.go:419: Received block 5ac3575fc68af76772efa3de03afc04f1f23f99238254c41ffa9392dc2cd9085 at height 134
2019-05-10 00:12:01.913 [INF] SPVS /go/src/github.com/elastos/Elastos.ELA.SideChain.Token/vendor/github.com/elastos/Elastos.ELA.SPV/sync/manager.go:419: Received block 41d826a3b38041b5207f38dc6a5a264345e458a811ce9683c6df448c93998433 at height 135
2019-05-10 00:12:02.696 [INF] MINR /go/src/github.com/elastos/Elastos.ELA.SideChain.Token/vendor/github.com/elastos/Elastos.ELA.SideChain/pow/pow.go:423: difficulty:  520095999
2019-05-10 00:12:05.704 [INF] STAT: -> 33 []
2019-05-10 00:12:09.383 [INF] SPVS /go/src/github.com/elastos/Elastos.ELA.SideChain.Token/vendor/github.com/elastos/Elastos.ELA.SPV/sync/manager.go:419: Received block 39ee7740f83d408283e177946bffd5e663820d5d3ebfbaabb17241be3fbf5882 at height 136
2019-05-10 00:12:26.033 [INF] SPVS /go/src/github.com/elastos/Elastos.ELA.SideChain.Token/vendor/github.com/elastos/Elastos.ELA.SPV/sync/manager.go:419: Received block 0a719d5bcb4425ef066f7964cc821fb827a99207807ba8221900b2451ea98afe at height 137
2019-05-10 00:12:26.952 [INF] MINR /go/src/github.com/elastos/Elastos.ELA.SideChain.Token/vendor/github.com/elastos/Elastos.ELA.SideChain/pow/pow.go:423: difficulty:  520095999
2019-05-10 00:12:42.602 [INF] SPVS /go/src/github.com/elastos/Elastos.ELA.SideChain.Token/vendor/github.com/elastos/Elastos.ELA.SPV/sync/manager.go:419: Received block 8b6488d5f80760e8171836841489e30ea3d25b7f25db466f528ec610410ef188 at height 138
2019-05-10 00:12:45.049 [INF] BCDB /go/src/github.com/elastos/Elastos.ELA.SideChain.Token/vendor/github.com/elastos/Elastos.ELA.SideChain/blockchain/blockchain.go:1032: current height ->  34
2019-05-10 00:12:45.049 [INF] MINR /go/src/github.com/elastos/Elastos.ELA.SideChain.Token/vendor/github.com/elastos/Elastos.ELA.SideChain/pow/pow.go:299: <================POW Mining==============>

2019-05-10 00:12:45.049 [INF] MINR /go/src/github.com/elastos/Elastos.ELA.SideChain.Token/vendor/github.com/elastos/Elastos.ELA.SideChain/pow/pow.go:423: difficulty:  520095999
2019-05-10 00:12:45.585 [INF] BCDB /go/src/github.com/elastos/Elastos.ELA.SideChain.Token/vendor/github.com/elastos/Elastos.ELA.SideChain/blockchain/blockchain.go:1032: current height ->  35
2019-05-10 00:12:45.594 [INF] MINR /go/src/github.com/elastos/Elastos.ELA.SideChain.Token/vendor/github.com/elastos/Elastos.ELA.SideChain/pow/pow.go:299: <================POW Mining==============>

2019-05-10 00:12:45.595 [INF] MINR /go/src/github.com/elastos/Elastos.ELA.SideChain.Token/vendor/github.com/elastos/Elastos.ELA.SideChain/pow/pow.go:423: difficulty:  520095999
2019-05-10 00:12:46.124 [INF] SPVS /go/src/github.com/elastos/Elastos.ELA.SideChain.Token/vendor/github.com/elastos/Elastos.ELA.SPV/sync/manager.go:419: Received block c67834b1da927df3395280545f45149955832168492d69490da8dd343cde92cc at height 139
2019-05-10 00:12:46.231 [INF] MINR /go/src/github.com/elastos/Elastos.ELA.SideChain.Token/vendor/github.com/elastos/Elastos.ELA.SideChain/pow/pow.go:423: difficulty:  520095999
2019-05-10 00:12:50.138 [INF] SPVS /go/src/github.com/elastos/Elastos.ELA.SideChain.Token/vendor/github.com/elastos/Elastos.ELA.SPV/sync/manager.go:419: Received block 7acec603bbc6292c6dbe1b9bf94f656880066c5c98ee0b5818e746dca021cf8c at height 140
2019-05-10 00:12:54.364 [INF] MINR /go/src/github.com/elastos/Elastos.ELA.SideChain.Token/vendor/github.com/elastos/Elastos.ELA.SideChain/pow/pow.go:423: difficulty:  520095999
2019-05-10 00:12:54.387 [INF] SPVS /go/src/github.com/elastos/Elastos.ELA.SideChain.Token/vendor/github.com/elastos/Elastos.ELA.SPV/sync/manager.go:419: Received block a47acab4b55ce06b5ed35566503c26affe7b1d3d6f8209d1a5ad60b0ef7ffdc5 at height 141
2019-05-10 00:12:58.933 [INF] SPVS /go/src/github.com/elastos/Elastos.ELA.SideChain.Token/vendor/github.com/elastos/Elastos.ELA.SPV/sync/manager.go:419: Received block 5b10262ca86216b3384eccba942b4ee3956efdfd65691fdcc44b5498be49b7fb at height 142
2019-05-10 00:13:00.307 [INF] SPVS /go/src/github.com/elastos/Elastos.ELA.SideChain.Token/vendor/github.com/elastos/Elastos.ELA.SPV/sync/manager.go:419: Received block daa98a43fdcb980c900ec9f57c55e7ccd4d2d540106ea7c1df88a78860bb01ed at height 143
2019-05-10 00:13:00.478 [INF] MINR /go/src/github.com/elastos/Elastos.ELA.SideChain.Token/vendor/github.com/elastos/Elastos.ELA.SideChain/pow/pow.go:423: difficulty:  520095999
2019-05-10 00:13:05.745 [INF] STAT: -> 35 []
2019-05-10 00:13:06.643 [INF] SPVS /go/src/github.com/elastos/Elastos.ELA.SideChain.Token/vendor/github.com/elastos/Elastos.ELA.SPV/sync/manager.go:419: Received block 4f2091ec1e426b26c63b9824dcddeac85bc2eba8a121d4aca66de854c88c199d at height 144
2019-05-10 00:13:13.256 [INF] SPVS /go/src/github.com/elastos/Elastos.ELA.SideChain.Token/vendor/github.com/elastos/Elastos.ELA.SPV/sync/manager.go:419: Received block f761b174fc15fb12760475864af793a65767bf914685920ae05aea6448b5f01b at height 145
2019-05-10 00:13:13.544 [INF] MINR /go/src/github.com/elastos/Elastos.ELA.SideChain.Token/vendor/github.com/elastos/Elastos.ELA.SideChain/pow/pow.go:423: difficulty:  520095999
2019-05-10 00:13:23.924 [INF] SPVS /go/src/github.com/elastos/Elastos.ELA.SideChain.Token/vendor/github.com/elastos/Elastos.ELA.SPV/sync/manager.go:419: Received block ffa7dcf1753177339ee7ff2b187244d55c0d4de49f6da123257e79c10ab4a28a at height 146
2019-05-10 00:13:32.942 [INF] SPVS /go/src/github.com/elastos/Elastos.ELA.SideChain.Token/vendor/github.com/elastos/Elastos.ELA.SPV/sync/manager.go:419: Received block 99c1134181b545c1be8c0fbc855ecb4bfc11b9c1f415c35b23279e27dbd55089 at height 147
2019-05-10 00:13:33.768 [INF] SPVS /go/src/github.com/elastos/Elastos.ELA.SideChain.Token/vendor/github.com/elastos/Elastos.ELA.SPV/sync/manager.go:419: Received block cef8dfdea99a68a48c9ae646c106710b3fe67037ad1de6f6d885673355c6826e at height 148
2019-05-10 00:13:46.239 [INF] SPVS /go/src/github.com/elastos/Elastos.ELA.SideChain.Token/vendor/github.com/elastos/Elastos.ELA.SPV/sync/manager.go:197: Syncing to block height 148 from peer 172.25.0.6:10015
2019-05-10 00:13:46.256 [INF] SPVS /go/src/github.com/elastos/Elastos.ELA.SideChain.Token/vendor/github.com/elastos/Elastos.ELA.SPV/sync/manager.go:197: Syncing to block height 148 from peer 172.25.0.10:10015
2019-05-10 00:13:46.289 [INF] SPVS /go/src/github.com/elastos/Elastos.ELA.SideChain.Token/vendor/github.com/elastos/Elastos.ELA.SPV/sync/manager.go:419: Received block 8ba17b007e69adb19c3aa5055a3e814bdb409fce65503a2b7ae18eb55382fc60 at height 149
2019-05-10 00:13:46.293 [INF] SPVS /go/src/github.com/elastos/Elastos.ELA.SideChain.Token/vendor/github.com/elastos/Elastos.ELA.SPV/sync/manager.go:419: Received block 956e90e8f486d2bbe3c8e884bb36b4dabeee7b103adad4dc1a35d5e60a90e0ad at height 150
2019-05-10 00:13:46.596 [INF] SPVS /go/src/github.com/elastos/Elastos.ELA.SideChain.Token/vendor/github.com/elastos/Elastos.ELA.SPV/sync/manager.go:419: Received block 7cd16bff6149cb44414988f69ae63192653c536d1478abb43a7f68cdb92d68e1 at height 151
2019-05-10 00:13:46.734 [INF] MINR /go/src/github.com/elastos/Elastos.ELA.SideChain.Token/vendor/github.com/elastos/Elastos.ELA.SideChain/pow/pow.go:423: difficulty:  520095999
2019-05-10 00:13:50.913 [INF] BCDB /go/src/github.com/elastos/Elastos.ELA.SideChain.Token/vendor/github.com/elastos/Elastos.ELA.SideChain/blockchain/blockchain.go:1032: current height ->  36
2019-05-10 00:13:50.920 [INF] MINR /go/src/github.com/elastos/Elastos.ELA.SideChain.Token/vendor/github.com/elastos/Elastos.ELA.SideChain/pow/pow.go:299: <================POW Mining==============>

2019-05-10 00:13:50.922 [INF] MINR /go/src/github.com/elastos/Elastos.ELA.SideChain.Token/vendor/github.com/elastos/Elastos.ELA.SideChain/pow/pow.go:423: difficulty:  520095999
2019-05-10 00:13:51.004 [INF] MINR /go/src/github.com/elastos/Elastos.ELA.SideChain.Token/vendor/github.com/elastos/Elastos.ELA.SideChain/pow/pow.go:423: difficulty:  520095999
2019-05-10 00:13:51.832 [INF] SPVS /go/src/github.com/elastos/Elastos.ELA.SideChain.Token/vendor/github.com/elastos/Elastos.ELA.SPV/sync/manager.go:419: Received block 86e99204e247ef60720776a05c5b904aa38c7a577230ada131f3cf3508e92ec9 at height 152
2019-05-10 00:14:05.728 [INF] STAT: -> 36 []
2019-05-10 00:14:11.922 [INF] SPVS /go/src/github.com/elastos/Elastos.ELA.SideChain.Token/vendor/github.com/elastos/Elastos.ELA.SPV/sync/manager.go:419: Received block bfafa80dc0816ab952ef93f5e4ef5beec1f270af775b061a1c7d82b095805b64 at height 153
2019-05-10 00:14:16.361 [INF] SPVS /go/src/github.com/elastos/Elastos.ELA.SideChain.Token/vendor/github.com/elastos/Elastos.ELA.SPV/sync/manager.go:419: Received block 0f8b9831d34fd998bbfcc458032e9c564bb285c2bb581ae6aaee45acfc57545d at height 154
2019-05-10 00:14:17.742 [INF] SPVS /go/src/github.com/elastos/Elastos.ELA.SideChain.Token/vendor/github.com/elastos/Elastos.ELA.SPV/sync/manager.go:419: Received block efa1b4b2c85c1754923f665d2854ecc449ae57f1eacdf0d3a8b07f9a8b57e3bb at height 155
2019-05-10 00:14:18.178 [INF] MINR /go/src/github.com/elastos/Elastos.ELA.SideChain.Token/vendor/github.com/elastos/Elastos.ELA.SideChain/pow/pow.go:423: difficulty:  520095999
2019-05-10 00:14:30.379 [INF] BCDB /go/src/github.com/elastos/Elastos.ELA.SideChain.Token/vendor/github.com/elastos/Elastos.ELA.SideChain/blockchain/blockchain.go:1032: current height ->  37
2019-05-10 00:14:30.386 [INF] MINR /go/src/github.com/elastos/Elastos.ELA.SideChain.Token/vendor/github.com/elastos/Elastos.ELA.SideChain/pow/pow.go:299: <================POW Mining==============>

2019-05-10 00:14:30.386 [INF] MINR /go/src/github.com/elastos/Elastos.ELA.SideChain.Token/vendor/github.com/elastos/Elastos.ELA.SideChain/pow/pow.go:423: difficulty:  520095999
2019-05-10 00:14:30.508 [INF] MINR /go/src/github.com/elastos/Elastos.ELA.SideChain.Token/vendor/github.com/elastos/Elastos.ELA.SideChain/pow/pow.go:423: difficulty:  520095999
2019-05-10 00:14:33.699 [INF] SPVS /go/src/github.com/elastos/Elastos.ELA.SideChain.Token/vendor/github.com/elastos/Elastos.ELA.SPV/sync/manager.go:419: Received block 4553bf7077272ff4287f38d38d1adfe2b50fddcf306ffc44b08d10f969c25a17 at height 156
2019-05-10 00:14:45.870 [INF] SPVS /go/src/github.com/elastos/Elastos.ELA.SideChain.Token/vendor/github.com/elastos/Elastos.ELA.SPV/sync/manager.go:419: Received block 49653561672ea83e8c9afda07f3ba73c0f312a6e049b417893d26ba739a63a85 at height 157
2019-05-10 00:14:55.300 [INF] BCDB /go/src/github.com/elastos/Elastos.ELA.SideChain.Token/vendor/github.com/elastos/Elastos.ELA.SideChain/blockchain/blockchain.go:1032: current height ->  38
2019-05-10 00:14:55.301 [INF] MINR /go/src/github.com/elastos/Elastos.ELA.SideChain.Token/vendor/github.com/elastos/Elastos.ELA.SideChain/pow/pow.go:299: <================POW Mining==============>

2019-05-10 00:14:55.301 [INF] MINR /go/src/github.com/elastos/Elastos.ELA.SideChain.Token/vendor/github.com/elastos/Elastos.ELA.SideChain/pow/pow.go:423: difficulty:  520095999
2019-05-10 00:14:57.400 [INF] SPVS /go/src/github.com/elastos/Elastos.ELA.SideChain.Token/vendor/github.com/elastos/Elastos.ELA.SPV/sync/manager.go:419: Received block b7054ca0ce9fd0e1d3b6b65d4f76cc37d7cda89453186e637029d0d2ce7fc0c0 at height 158
2019-05-10 00:15:05.123 [INF] BCDB /go/src/github.com/elastos/Elastos.ELA.SideChain.Token/vendor/github.com/elastos/Elastos.ELA.SideChain/blockchain/blockchain.go:1032: current height ->  39
2019-05-10 00:15:05.123 [INF] MINR /go/src/github.com/elastos/Elastos.ELA.SideChain.Token/vendor/github.com/elastos/Elastos.ELA.SideChain/pow/pow.go:299: <================POW Mining==============>

2019-05-10 00:15:05.123 [INF] MINR /go/src/github.com/elastos/Elastos.ELA.SideChain.Token/vendor/github.com/elastos/Elastos.ELA.SideChain/pow/pow.go:423: difficulty:  520095999
2019-05-10 00:15:05.706 [INF] STAT: -> 39 []
2019-05-10 00:15:23.771 [INF] BCDB /go/src/github.com/elastos/Elastos.ELA.SideChain.Token/vendor/github.com/elastos/Elastos.ELA.SideChain/blockchain/blockchain.go:1032: current height ->  40
2019-05-10 00:15:23.771 [INF] MINR /go/src/github.com/elastos/Elastos.ELA.SideChain.Token/vendor/github.com/elastos/Elastos.ELA.SideChain/pow/pow.go:299: <================POW Mining==============>

2019-05-10 00:15:23.772 [INF] MINR /go/src/github.com/elastos/Elastos.ELA.SideChain.Token/vendor/github.com/elastos/Elastos.ELA.SideChain/pow/pow.go:423: difficulty:  520095999
2019-05-10 00:15:33.509 [INF] SPVS /go/src/github.com/elastos/Elastos.ELA.SideChain.Token/vendor/github.com/elastos/Elastos.ELA.SPV/sync/manager.go:419: Received block 4901c7e99ca65f7f01c9dd346b832ad8b0f2a228314ae780017c56a83c4174f6 at height 159
2019-05-10 00:15:34.437 [INF] MINR /go/src/github.com/elastos/Elastos.ELA.SideChain.Token/vendor/github.com/elastos/Elastos.ELA.SideChain/pow/pow.go:423: difficulty:  520095999
2019-05-10 00:15:37.845 [INF] SPVS /go/src/github.com/elastos/Elastos.ELA.SideChain.Token/vendor/github.com/elastos/Elastos.ELA.SPV/sync/manager.go:419: Received block 637c296fac1146aebf398ec2d7179ed20ea78caccd3b9a954297643416946609 at height 160
2019-05-10 00:15:43.381 [INF] SPVS /go/src/github.com/elastos/Elastos.ELA.SideChain.Token/vendor/github.com/elastos/Elastos.ELA.SPV/sync/manager.go:419: Received block 0f80cc265c4a9a35b28b231d2816602adf479559ea27cc970cf6ac8c95368467 at height 161
2019-05-10 00:16:05.442 [INF] SPVS /go/src/github.com/elastos/Elastos.ELA.SideChain.Token/vendor/github.com/elastos/Elastos.ELA.SPV/sync/manager.go:419: Received block 0a4e3dcdce4a7f430b18c23d6f47a0425cea34d774a11c6ca081b2a39b8bd5df at height 162
2019-05-10 00:16:05.704 [INF] STAT: -> 40 []
2019-05-10 00:16:08.493 [INF] SPVS /go/src/github.com/elastos/Elastos.ELA.SideChain.Token/vendor/github.com/elastos/Elastos.ELA.SPV/sync/manager.go:419: Received block af8ecb79fad7de0465f7d44785be648bb43ffde245e9ba06d4f7e50dc482d690 at height 163
2019-05-10 00:16:08.947 [INF] MINR /go/src/github.com/elastos/Elastos.ELA.SideChain.Token/vendor/github.com/elastos/Elastos.ELA.SideChain/pow/pow.go:423: difficulty:  520095999
2019-05-10 00:16:17.772 [INF] SPVS /go/src/github.com/elastos/Elastos.ELA.SideChain.Token/vendor/github.com/elastos/Elastos.ELA.SPV/sync/manager.go:419: Received block 11add545a70c98b8ad7b33c31071899b72a3b8a9e70f079203592553292ea77a at height 164
2019-05-10 00:16:22.757 [INF] SPVS /go/src/github.com/elastos/Elastos.ELA.SideChain.Token/vendor/github.com/elastos/Elastos.ELA.SPV/sync/manager.go:419: Received block 122b14e7e694b7788c33af2c934731b41e3d58946a3d47d3e294b52aa688125d at height 165
2019-05-10 00:16:25.642 [INF] SPVS /go/src/github.com/elastos/Elastos.ELA.SideChain.Token/vendor/github.com/elastos/Elastos.ELA.SPV/sync/manager.go:419: Received block 4cef9a1d6f1c4be70b28968b046cde227f288d92a18d36a030525bdf59fcf1f7 at height 166
2019-05-10 00:16:29.091 [INF] SPVS /go/src/github.com/elastos/Elastos.ELA.SideChain.Token/vendor/github.com/elastos/Elastos.ELA.SPV/sync/manager.go:419: Received block 85573bfb2981208ce8a4f31d1dd99abf4344bb532152a5416d3600cbb7850e65 at height 167
2019-05-10 00:16:29.288 [INF] MINR /go/src/github.com/elastos/Elastos.ELA.SideChain.Token/vendor/github.com/elastos/Elastos.ELA.SideChain/pow/pow.go:423: difficulty:  520095999
2019-05-10 00:16:42.778 [INF] SPVS /go/src/github.com/elastos/Elastos.ELA.SideChain.Token/vendor/github.com/elastos/Elastos.ELA.SPV/sync/manager.go:419: Received block 9310c465950d9b34785b06fe246c6da495becc6e77787199489ab2e9cde96282 at height 168
2019-05-10 00:16:44.830 [INF] BCDB /go/src/github.com/elastos/Elastos.ELA.SideChain.Token/vendor/github.com/elastos/Elastos.ELA.SideChain/blockchain/blockchain.go:1032: current height ->  41
2019-05-10 00:16:44.842 [INF] MINR /go/src/github.com/elastos/Elastos.ELA.SideChain.Token/vendor/github.com/elastos/Elastos.ELA.SideChain/pow/pow.go:299: <================POW Mining==============>

2019-05-10 00:16:44.844 [INF] MINR /go/src/github.com/elastos/Elastos.ELA.SideChain.Token/vendor/github.com/elastos/Elastos.ELA.SideChain/pow/pow.go:423: difficulty:  520095999
2019-05-10 00:17:05.704 [INF] STAT: -> 41 []
2019-05-10 00:17:15.980 [INF] SPVS /go/src/github.com/elastos/Elastos.ELA.SideChain.Token/vendor/github.com/elastos/Elastos.ELA.SPV/sync/manager.go:419: Received block a5ce045da0aa9000aa38bb06987ea945dd5d8278329652ebbc08a7dec1d8268d at height 169
2019-05-10 00:17:20.588 [INF] SPVS /go/src/github.com/elastos/Elastos.ELA.SideChain.Token/vendor/github.com/elastos/Elastos.ELA.SPV/sync/manager.go:419: Received block d8f5b97b817e4839723dfec4784b9814838db671912d45eaec161ecdd81bf9d5 at height 170
2019-05-10 00:17:35.385 [INF] SPVS /go/src/github.com/elastos/Elastos.ELA.SideChain.Token/vendor/github.com/elastos/Elastos.ELA.SPV/sync/manager.go:419: Received block a30d485a437507faac5bf0c069c6cb67c80cb7761a85df184dab318bbe4ff8c2 at height 171
2019-05-10 00:17:36.259 [INF] MINR /go/src/github.com/elastos/Elastos.ELA.SideChain.Token/vendor/github.com/elastos/Elastos.ELA.SideChain/pow/pow.go:423: difficulty:  520095999
2019-05-10 00:17:38.496 [INF] SPVS /go/src/github.com/elastos/Elastos.ELA.SideChain.Token/vendor/github.com/elastos/Elastos.ELA.SPV/sync/manager.go:419: Received block 97349ac2589629575e8a7f66d108aedba71f4444065366b463010e3e85ce920a at height 172
2019-05-10 00:17:44.728 [INF] SPVS /go/src/github.com/elastos/Elastos.ELA.SideChain.Token/vendor/github.com/elastos/Elastos.ELA.SPV/sync/manager.go:419: Received block 8384e4c68514c8f8d728ca3612a014677907da2223a8fca1ff98bc91e85df323 at height 173
2019-05-10 00:17:55.376 [INF] SPVS /go/src/github.com/elastos/Elastos.ELA.SideChain.Token/vendor/github.com/elastos/Elastos.ELA.SPV/sync/manager.go:419: Received block 843cefba6f9953a63c19efa1ded962729955c84d503b4207aebf815f6655c974 at height 174
2019-05-10 00:18:05.704 [INF] STAT: -> 41 []
2019-05-10 00:18:08.948 [INF] SPVS /go/src/github.com/elastos/Elastos.ELA.SideChain.Token/vendor/github.com/elastos/Elastos.ELA.SPV/sync/manager.go:419: Received block d45b7f68a22cce0f6bfe33575cfee78bd6a626287ce80459eee29e9fa2c85fe4 at height 175
2019-05-10 00:18:09.840 [INF] MINR /go/src/github.com/elastos/Elastos.ELA.SideChain.Token/vendor/github.com/elastos/Elastos.ELA.SideChain/pow/pow.go:423: difficulty:  520095999
2019-05-10 00:18:16.409 [INF] SPVS /go/src/github.com/elastos/Elastos.ELA.SideChain.Token/vendor/github.com/elastos/Elastos.ELA.SPV/sync/manager.go:419: Received block ad1456368f12291fa43cb2ac8f94d57d9f18c44788537fa658a7501534aab0c9 at height 176
2019-05-10 00:18:32.899 [INF] SPVS /go/src/github.com/elastos/Elastos.ELA.SideChain.Token/vendor/github.com/elastos/Elastos.ELA.SPV/sync/manager.go:419: Received block 4e458af89094d827e5a7e4a4c5e0dd62db2631b9030cecd0ce6b24fa62a443b1 at height 177
2019-05-10 00:18:40.911 [INF] SPVS /go/src/github.com/elastos/Elastos.ELA.SideChain.Token/vendor/github.com/elastos/Elastos.ELA.SPV/sync/manager.go:419: Received block 334e429299c57736ebcd29f81347447edeb5d700a2159bc80e9f1ad43d65efb4 at height 178
2019-05-10 00:18:44.172 [INF] SPVS /go/src/github.com/elastos/Elastos.ELA.SideChain.Token/vendor/github.com/elastos/Elastos.ELA.SPV/sync/manager.go:419: Received block 786b9ed20a64025abd1cc19db723dfab5df7856f2c109a7748bda506d3b0b254 at height 179
2019-05-10 00:18:44.334 [INF] MINR /go/src/github.com/elastos/Elastos.ELA.SideChain.Token/vendor/github.com/elastos/Elastos.ELA.SideChain/pow/pow.go:423: difficulty:  520095999
2019-05-10 00:18:55.991 [INF] SPVS /go/src/github.com/elastos/Elastos.ELA.SideChain.Token/vendor/github.com/elastos/Elastos.ELA.SPV/sync/manager.go:419: Received block 3f0e858a4fce1b61ed61847359364b2a148f9ef35980e52857b81432bb35f741 at height 180
2019-05-10 00:19:03.257 [INF] BCDB /go/src/github.com/elastos/Elastos.ELA.SideChain.Token/vendor/github.com/elastos/Elastos.ELA.SideChain/blockchain/blockchain.go:1032: current height ->  42
2019-05-10 00:19:03.260 [INF] MINR /go/src/github.com/elastos/Elastos.ELA.SideChain.Token/vendor/github.com/elastos/Elastos.ELA.SideChain/pow/pow.go:299: <================POW Mining==============>

2019-05-10 00:19:03.262 [INF] MINR /go/src/github.com/elastos/Elastos.ELA.SideChain.Token/vendor/github.com/elastos/Elastos.ELA.SideChain/pow/pow.go:423: difficulty:  520095999
2019-05-10 00:19:05.704 [INF] STAT: -> 42 []
2019-05-10 00:19:12.334 [INF] SPVS /go/src/github.com/elastos/Elastos.ELA.SideChain.Token/vendor/github.com/elastos/Elastos.ELA.SPV/sync/manager.go:419: Received block fe54b9b64e905a7d57a1500ebcba0a7e4d02b2022017dc95a96f6bacf268ec84 at height 181
2019-05-10 00:19:18.603 [INF] SPVS /go/src/github.com/elastos/Elastos.ELA.SideChain.Token/vendor/github.com/elastos/Elastos.ELA.SPV/sync/manager.go:419: Received block adbfa06537080c5a81c73febd14751b8a51c1b75baac08bd31545ef76b4703e3 at height 182
2019-05-10 00:19:30.146 [INF] SPVS /go/src/github.com/elastos/Elastos.ELA.SideChain.Token/vendor/github.com/elastos/Elastos.ELA.SPV/sync/manager.go:419: Received block a9ae06c9857819274355a3f83650d61c1866a0e0381056abc97c403c69fe3ac2 at height 183
2019-05-10 00:19:30.602 [INF] MINR /go/src/github.com/elastos/Elastos.ELA.SideChain.Token/vendor/github.com/elastos/Elastos.ELA.SideChain/pow/pow.go:423: difficulty:  520095999
2019-05-10 00:19:49.912 [INF] BCDB /go/src/github.com/elastos/Elastos.ELA.SideChain.Token/vendor/github.com/elastos/Elastos.ELA.SideChain/blockchain/blockchain.go:1032: current height ->  43
2019-05-10 00:19:49.918 [INF] MINR /go/src/github.com/elastos/Elastos.ELA.SideChain.Token/vendor/github.com/elastos/Elastos.ELA.SideChain/pow/pow.go:299: <================POW Mining==============>

2019-05-10 00:19:49.918 [INF] MINR /go/src/github.com/elastos/Elastos.ELA.SideChain.Token/vendor/github.com/elastos/Elastos.ELA.SideChain/pow/pow.go:423: difficulty:  520095999
2019-05-10 00:19:50.513 [INF] MINR /go/src/github.com/elastos/Elastos.ELA.SideChain.Token/vendor/github.com/elastos/Elastos.ELA.SideChain/pow/pow.go:423: difficulty:  520095999
2019-05-10 00:19:51.535 [INF] SPVS /go/src/github.com/elastos/Elastos.ELA.SideChain.Token/vendor/github.com/elastos/Elastos.ELA.SPV/sync/manager.go:419: Received block bf905a62a6da33993c4fedf7662ce2f47b820706f62ccc3e2dd17cdea2142d0f at height 184
2019-05-10 00:19:57.526 [INF] SPVS /go/src/github.com/elastos/Elastos.ELA.SideChain.Token/vendor/github.com/elastos/Elastos.ELA.SPV/sync/manager.go:419: Received block c0901d9ae2c9f351f5b10b89d030e26b55026aa19b016a35c0d3f8a2b40e2703 at height 185
2019-05-10 00:20:05.736 [INF] STAT: -> 43 []
2019-05-10 00:20:09.020 [INF] SPVS /go/src/github.com/elastos/Elastos.ELA.SideChain.Token/vendor/github.com/elastos/Elastos.ELA.SPV/sync/manager.go:419: Received block 7271e25791465ac3acc2571d658bd4c786259af16942e1ec25167652e44e8e52 at height 186
2019-05-10 00:20:15.234 [INF] BCDB /go/src/github.com/elastos/Elastos.ELA.SideChain.Token/vendor/github.com/elastos/Elastos.ELA.SideChain/blockchain/blockchain.go:1032: current height ->  44
2019-05-10 00:20:15.234 [INF] MINR /go/src/github.com/elastos/Elastos.ELA.SideChain.Token/vendor/github.com/elastos/Elastos.ELA.SideChain/pow/pow.go:299: <================POW Mining==============>

2019-05-10 00:20:15.235 [INF] MINR /go/src/github.com/elastos/Elastos.ELA.SideChain.Token/vendor/github.com/elastos/Elastos.ELA.SideChain/pow/pow.go:423: difficulty:  520095999
2019-05-10 00:20:29.687 [INF] SPVS /go/src/github.com/elastos/Elastos.ELA.SideChain.Token/vendor/github.com/elastos/Elastos.ELA.SPV/sync/manager.go:419: Received block cdd47697123967c3f78cc0e754961874e8a66ee91902a705d4fa5f31c97151ae at height 187
2019-05-10 00:20:30.455 [INF] MINR /go/src/github.com/elastos/Elastos.ELA.SideChain.Token/vendor/github.com/elastos/Elastos.ELA.SideChain/pow/pow.go:423: difficulty:  520095999
2019-05-10 00:20:44.735 [INF] SPVS /go/src/github.com/elastos/Elastos.ELA.SideChain.Token/vendor/github.com/elastos/Elastos.ELA.SPV/sync/manager.go:419: Received block 5168da6bb6ba56035d14c7d94e002e10f0791e8154c0c49d6d11300facc792a7 at height 188
2019-05-10 00:20:53.599 [INF] SPVS /go/src/github.com/elastos/Elastos.ELA.SideChain.Token/vendor/github.com/elastos/Elastos.ELA.SPV/sync/manager.go:419: Received block 8161cc92ae3e784e3f408ea8f17a5c1b2fedcb1ffab06a0e4903a3b8c950aa11 at height 189
2019-05-10 00:21:05.705 [INF] STAT: -> 44 []
2019-05-10 00:21:09.813 [INF] SPVS /go/src/github.com/elastos/Elastos.ELA.SideChain.Token/vendor/github.com/elastos/Elastos.ELA.SPV/sync/manager.go:419: Received block b1eccf4a4dce5c05a0128836aaa9ea73a3f5a229312e13301039943821a2a7cb at height 190
2019-05-10 00:21:10.930 [INF] BCDB /go/src/github.com/elastos/Elastos.ELA.SideChain.Token/vendor/github.com/elastos/Elastos.ELA.SideChain/blockchain/blockchain.go:1032: current height ->  45
2019-05-10 00:21:10.931 [INF] MINR /go/src/github.com/elastos/Elastos.ELA.SideChain.Token/vendor/github.com/elastos/Elastos.ELA.SideChain/pow/pow.go:299: <================POW Mining==============>

2019-05-10 00:21:10.931 [INF] MINR /go/src/github.com/elastos/Elastos.ELA.SideChain.Token/vendor/github.com/elastos/Elastos.ELA.SideChain/pow/pow.go:423: difficulty:  520095999
2019-05-10 00:21:20.824 [INF] SPVS /go/src/github.com/elastos/Elastos.ELA.SideChain.Token/vendor/github.com/elastos/Elastos.ELA.SPV/sync/manager.go:419: Received block 3e06af1bc40a89dc603c58768ae3c916c5f67f9c19631f8e158a1cb091404d8a at height 191
2019-05-10 00:21:21.318 [INF] MINR /go/src/github.com/elastos/Elastos.ELA.SideChain.Token/vendor/github.com/elastos/Elastos.ELA.SideChain/pow/pow.go:423: difficulty:  520095999
2019-05-10 00:21:33.833 [INF] SPVS /go/src/github.com/elastos/Elastos.ELA.SideChain.Token/vendor/github.com/elastos/Elastos.ELA.SPV/sync/manager.go:419: Received block 30929314d5f3c6ed1ea60d645a8ab5ac2363346a7280f2f4d55cd7753f180c74 at height 192
2019-05-10 00:21:40.165 [INF] SPVS /go/src/github.com/elastos/Elastos.ELA.SideChain.Token/vendor/github.com/elastos/Elastos.ELA.SPV/sync/manager.go:419: Received block fb19321265f9fa4754a84d89440b1d5298773f4f914ca3522839be545e5fc2f5 at height 193
2019-05-10 00:21:45.923 [INF] SPVS /go/src/github.com/elastos/Elastos.ELA.SideChain.Token/vendor/github.com/elastos/Elastos.ELA.SPV/sync/manager.go:419: Received block 507b31084ad784cea1586b281df2ec86a2bcfcd20bc9e39e53ddc541ed4e9cd7 at height 194
2019-05-10 00:21:55.216 [INF] SPVS /go/src/github.com/elastos/Elastos.ELA.SideChain.Token/vendor/github.com/elastos/Elastos.ELA.SPV/sync/manager.go:419: Received block b168bf1e200b14d1710be940997d7af6ed31d980aabe7bb41414c40685f879f5 at height 195
2019-05-10 00:21:55.796 [INF] MINR /go/src/github.com/elastos/Elastos.ELA.SideChain.Token/vendor/github.com/elastos/Elastos.ELA.SideChain/pow/pow.go:423: difficulty:  520095999
2019-05-10 00:21:56.169 [INF] BCDB /go/src/github.com/elastos/Elastos.ELA.SideChain.Token/vendor/github.com/elastos/Elastos.ELA.SideChain/blockchain/blockchain.go:1032: current height ->  46
2019-05-10 00:21:56.169 [INF] MINR /go/src/github.com/elastos/Elastos.ELA.SideChain.Token/vendor/github.com/elastos/Elastos.ELA.SideChain/pow/pow.go:299: <================POW Mining==============>

2019-05-10 00:21:56.169 [INF] MINR /go/src/github.com/elastos/Elastos.ELA.SideChain.Token/vendor/github.com/elastos/Elastos.ELA.SideChain/pow/pow.go:423: difficulty:  520095999
2019-05-10 00:21:56.280 [INF] MINR /go/src/github.com/elastos/Elastos.ELA.SideChain.Token/vendor/github.com/elastos/Elastos.ELA.SideChain/pow/pow.go:423: difficulty:  520095999
2019-05-10 00:22:03.946 [INF] SPVS /go/src/github.com/elastos/Elastos.ELA.SideChain.Token/vendor/github.com/elastos/Elastos.ELA.SPV/sync/manager.go:419: Received block ac723904d78c8e7acf5b6377524ca48c278174a8c31b15e716a600ae2ddd457c at height 196
2019-05-10 00:22:05.741 [INF] STAT: -> 46 []
2019-05-10 00:22:11.681 [INF] SPVS /go/src/github.com/elastos/Elastos.ELA.SideChain.Token/vendor/github.com/elastos/Elastos.ELA.SPV/sync/manager.go:419: Received block 75f201856564aa1000ed4573c61c23d517a081f6526b2d15805b5c0bed88651c at height 197
2019-05-10 00:22:15.083 [INF] SPVS /go/src/github.com/elastos/Elastos.ELA.SideChain.Token/vendor/github.com/elastos/Elastos.ELA.SPV/sync/manager.go:419: Received block 13b701ff31568fc50c33ea75b0de92816fe3c59c058806e6bba761e9acba8b1f at height 198
2019-05-10 00:22:22.532 [INF] SPVS /go/src/github.com/elastos/Elastos.ELA.SideChain.Token/vendor/github.com/elastos/Elastos.ELA.SPV/sync/manager.go:419: Received block e72616c1a07b8b0ff3d288e5d11b1e9788f5a27a11c5c008869f1fb24bf767cc at height 199
2019-05-10 00:22:23.213 [INF] MINR /go/src/github.com/elastos/Elastos.ELA.SideChain.Token/vendor/github.com/elastos/Elastos.ELA.SideChain/pow/pow.go:423: difficulty:  520095999
2019-05-10 00:22:26.451 [INF] SPVS /go/src/github.com/elastos/Elastos.ELA.SideChain.Token/vendor/github.com/elastos/Elastos.ELA.SPV/sync/manager.go:419: Received block acf0fd3bdf1841fe971e89208b43dbe74485de8096f2dbaecea1ba6875591496 at height 200
2019-05-10 00:22:29.940 [INF] SPVS /go/src/github.com/elastos/Elastos.ELA.SideChain.Token/vendor/github.com/elastos/Elastos.ELA.SPV/sync/manager.go:419: Received block f1b06218dc7efb3aa58e2d6b11e9e45fc6bedf2eb54e0cb20061a9042cdc9277 at height 201
2019-05-10 00:22:38.896 [INF] SPVS /go/src/github.com/elastos/Elastos.ELA.SideChain.Token/vendor/github.com/elastos/Elastos.ELA.SPV/sync/manager.go:419: Received block d2c9fbb89f6e345ac6212f572e7872d50def72e9f25c31514d22e03aed6f1cf5 at height 202
2019-05-10 00:22:59.262 [INF] SPVS /go/src/github.com/elastos/Elastos.ELA.SideChain.Token/vendor/github.com/elastos/Elastos.ELA.SPV/sync/manager.go:419: Received block 84b4dbf11b250551e392cc98c803eedc2448daf5e2c3025c4d82fbe6a6ca578e at height 203
2019-05-10 00:22:59.837 [INF] MINR /go/src/github.com/elastos/Elastos.ELA.SideChain.Token/vendor/github.com/elastos/Elastos.ELA.SideChain/pow/pow.go:423: difficulty:  520095999
2019-05-10 00:23:05.704 [INF] STAT: -> 46 []
2019-05-10 00:23:11.158 [INF] SPVS /go/src/github.com/elastos/Elastos.ELA.SideChain.Token/vendor/github.com/elastos/Elastos.ELA.SPV/sync/manager.go:419: Received block 3c68fb953e0902beab8cbf9849f81a7d9e807cef0d6642f78d81580cdc0f2172 at height 204
2019-05-10 00:23:19.121 [INF] SPVS /go/src/github.com/elastos/Elastos.ELA.SideChain.Token/vendor/github.com/elastos/Elastos.ELA.SPV/sync/manager.go:419: Received block c701aa8a00fc4aa5b44dc98c30d67f6d5ad3823c876bdface1d1cf51058b11e7 at height 205
2019-05-10 00:23:22.007 [INF] SPVS /go/src/github.com/elastos/Elastos.ELA.SideChain.Token/vendor/github.com/elastos/Elastos.ELA.SPV/sync/manager.go:419: Received block 891569c14162aa156e5ef1aa535deaf5de2ccf0501e16dda07a67ac4072236e7 at height 206
2019-05-10 00:23:40.113 [INF] SPVS /go/src/github.com/elastos/Elastos.ELA.SideChain.Token/vendor/github.com/elastos/Elastos.ELA.SPV/sync/manager.go:419: Received block 5fcd43ef44bfb0e92432123871835e0ed492e0d91c45faf432f6c0906362e0f6 at height 207
2019-05-10 00:23:40.557 [INF] MINR /go/src/github.com/elastos/Elastos.ELA.SideChain.Token/vendor/github.com/elastos/Elastos.ELA.SideChain/pow/pow.go:423: difficulty:  520095999
2019-05-10 00:23:44.303 [INF] BCDB /go/src/github.com/elastos/Elastos.ELA.SideChain.Token/vendor/github.com/elastos/Elastos.ELA.SideChain/blockchain/blockchain.go:1032: current height ->  47
2019-05-10 00:23:44.303 [INF] MINR /go/src/github.com/elastos/Elastos.ELA.SideChain.Token/vendor/github.com/elastos/Elastos.ELA.SideChain/pow/pow.go:299: <================POW Mining==============>

2019-05-10 00:23:44.307 [INF] MINR /go/src/github.com/elastos/Elastos.ELA.SideChain.Token/vendor/github.com/elastos/Elastos.ELA.SideChain/pow/pow.go:423: difficulty:  520095999
2019-05-10 00:23:44.376 [INF] MINR /go/src/github.com/elastos/Elastos.ELA.SideChain.Token/vendor/github.com/elastos/Elastos.ELA.SideChain/pow/pow.go:423: difficulty:  520095999
2019-05-10 00:23:47.577 [INF] SPVS /go/src/github.com/elastos/Elastos.ELA.SideChain.Token/vendor/github.com/elastos/Elastos.ELA.SPV/sync/manager.go:419: Received block 05a81fa5276efaa714fa3df4779e9c1e2537ffadb4f02cb6d822a915f46a5ad4 at height 208
2019-05-10 00:23:51.124 [INF] SPVS /go/src/github.com/elastos/Elastos.ELA.SideChain.Token/vendor/github.com/elastos/Elastos.ELA.SPV/sync/manager.go:419: Received block b74bfc956b2d042582bad93d3afb24a53bfc50c82a40b2dac30a019ac7860d7a at height 209
2019-05-10 00:24:04.568 [INF] SPVS /go/src/github.com/elastos/Elastos.ELA.SideChain.Token/vendor/github.com/elastos/Elastos.ELA.SPV/sync/manager.go:419: Received block f7dd92594c19363fbf2560c1c6ab2dd141a12c97603802ef85720b4a19293651 at height 210
2019-05-10 00:24:05.706 [INF] STAT: -> 47 []
2019-05-10 00:24:06.083 [INF] BCDB /go/src/github.com/elastos/Elastos.ELA.SideChain.Token/vendor/github.com/elastos/Elastos.ELA.SideChain/blockchain/blockchain.go:1032: current height ->  48
2019-05-10 00:24:06.083 [INF] MINR /go/src/github.com/elastos/Elastos.ELA.SideChain.Token/vendor/github.com/elastos/Elastos.ELA.SideChain/pow/pow.go:299: <================POW Mining==============>

2019-05-10 00:24:06.084 [INF] MINR /go/src/github.com/elastos/Elastos.ELA.SideChain.Token/vendor/github.com/elastos/Elastos.ELA.SideChain/pow/pow.go:423: difficulty:  520095999
