2019/09/18 17:24:49.611440 [1;35m[INF][m GID 1, Init wallet.
2019/09/18 17:24:49.637552 [1;35m[INF][m GID 1, Arbiter version:  
2019/09/18 17:24:49.638856 [1;35m[INF][m GID 1, 1. Init chain utxo cache.
2019/09/18 17:24:49.879438 [1;35m[INF][m GID 1, 2. Init finished transaction cache.
2019/09/18 17:24:49.960265 [1;35m[INF][m GID 1, 3. Start arbitrator P2P networks.
2019/09/18 17:24:49.960630 [1;35m[INF][m GID 1, 4. Init configurations.
2019/09/18 17:24:49.971546 [1;35m[INF][m GID 66, currentHeight: 0  chainHeight: 1
2019/09/18 17:24:49.973206 [1;35m[INF][m GID 1, [arbitrator] Main chain height:  1
2019/09/18 17:24:49.974121 [1;35m[INF][m GID 16, currentHeight: 0  chainHeight: 3
2019/09/18 17:24:50.013760 [1;35m[INF][m GID 1, 5. Start arbitrator spv module.
2019/09/18 17:24:50.014467 [1;35m[INF][m GID 66,  [SyncSideChain] Side chain [ XVfmhjxGxBKgzYxyXCJTb6YmaRfWPVunj4 ] height:  1
2019/09/18 17:24:50.044236 [1;35m[INF][m GID 16,  [SyncSideChain] Side chain [ XKUh4GLhFJiqAMTF6HyWQrV9pK9HcGUdfJ ] height:  3
2019/09/18 17:24:50.077476 [1;35m[INF][m GID 1, [StartSpvModule] register auxpow listener: EVQRDhuehyAs2P4bJZrx1JcmBPkkXbHJEw
2019/09/18 17:24:50.077559 [1;35m[INF][m GID 1, [StartSpvModule] register dposit listener: XKUh4GLhFJiqAMTF6HyWQrV9pK9HcGUdfJ
2019/09/18 17:24:50.077612 [1;35m[INF][m GID 1, [StartSpvModule] register auxpow listener: EamRAVSKik9XTfC485KZpxcmk4KhmPZCea
2019/09/18 17:24:50.077738 [1;35m[INF][m GID 1, [StartSpvModule] register dposit listener: XVfmhjxGxBKgzYxyXCJTb6YmaRfWPVunj4
2019/09/18 17:24:50.077863 [1;35m[INF][m GID 1, [StartSpvModule] register dposit listener: XZyAtNipJ7fdgBRhdzCoyS7A3PDSzR7u98
2019/09/18 17:24:50.077989 [1;35m[INF][m GID 1, 6. Start arbitrator group monitor.
2019/09/18 17:24:50.078012 [1;35m[INF][m GID 1, 7. Start servers.
2019/09/18 17:24:50.078026 [1;35m[INF][m GID 1, 8. Start check and remove cross chain transactions from db.
2019/09/18 17:24:50.078065 [1;35m[INF][m GID 1, 9. Start side chain account divide.
2019/09/18 17:24:50.078501 [1;35m[INF][m GID 127, Check and remove cross chain transactions from dbcache finished
2019/09/18 17:24:51.100083 [1;35m[INF][m GID 125, [arbitrator] Main chain height:  2
2019/09/18 17:24:53.137401 [1;35m[INF][m GID 125, [arbitrator] Main chain height:  4
2019/09/18 17:24:57.136875 [1;35m[INF][m GID 16, currentHeight: 3  chainHeight: 4
2019/09/18 17:24:57.139687 [1;35m[INF][m GID 16,  [SyncSideChain] Side chain [ XKUh4GLhFJiqAMTF6HyWQrV9pK9HcGUdfJ ] height:  4
2019/09/18 17:24:58.166303 [1;35m[INF][m GID 125, [arbitrator] Main chain height:  5
2019/09/18 17:25:07.200206 [1;35m[INF][m GID 125, [arbitrator] Main chain height:  6
2019/09/18 17:25:09.217567 [1;35m[INF][m GID 125, [arbitrator] Main chain height:  7
2019/09/18 17:25:11.283491 [1;35m[INF][m GID 125, [arbitrator] Main chain height:  8
2019/09/18 17:25:14.326489 [1;35m[INF][m GID 125, [arbitrator] Main chain height:  9
2019/09/18 17:25:19.327482 [1;35m[INF][m GID 16, currentHeight: 4  chainHeight: 5
2019/09/18 17:25:19.330098 [1;35m[INF][m GID 16,  [SyncSideChain] Side chain [ XKUh4GLhFJiqAMTF6HyWQrV9pK9HcGUdfJ ] height:  5
2019/09/18 17:25:21.380304 [1;35m[INF][m GID 125, [arbitrator] Main chain height:  10
2019/09/18 17:25:23.288681 [1;35m[INF][m GID 66, currentHeight: 1  chainHeight: 2
2019/09/18 17:25:23.292012 [1;35m[INF][m GID 66,  [SyncSideChain] Side chain [ XVfmhjxGxBKgzYxyXCJTb6YmaRfWPVunj4 ] height:  2
2019/09/18 17:25:29.455873 [1;35m[INF][m GID 125, [arbitrator] Main chain height:  11
2019/09/18 17:25:31.400151 [1;35m[INF][m GID 16, currentHeight: 5  chainHeight: 6
2019/09/18 17:25:31.418839 [1;35m[INF][m GID 16,  [SyncSideChain] Side chain [ XKUh4GLhFJiqAMTF6HyWQrV9pK9HcGUdfJ ] height:  6
2019/09/18 17:25:39.588131 [1;35m[INF][m GID 125, [arbitrator] Main chain height:  12
2019/09/18 17:25:42.449462 [1;35m[INF][m GID 66, currentHeight: 2  chainHeight: 3
2019/09/18 17:25:42.464122 [1;35m[INF][m GID 66,  [SyncSideChain] Side chain [ XVfmhjxGxBKgzYxyXCJTb6YmaRfWPVunj4 ] height:  3
2019/09/18 17:25:50.078762 [1;35m[INF][m GID 127, Check and remove cross chain transactions from dbcache finished
2019/09/18 17:25:50.083127 [1;35m[INF][m GID 128, Warning side chain mining account:  EVQRDhuehyAs2P4bJZrx1JcmBPkkXbHJEw: 0 EamRAVSKik9XTfC485KZpxcmk4KhmPZCea: 0 EQDEN2Eg7EacPenfyBcaTA96PD5CBpKNTM: 0 
2019/09/18 17:25:53.681630 [1;35m[INF][m GID 125, [arbitrator] Main chain height:  13
2019/09/18 17:26:00.606193 [1;35m[INF][m GID 16, currentHeight: 6  chainHeight: 7
2019/09/18 17:26:00.627049 [1;35m[INF][m GID 16,  [SyncSideChain] Side chain [ XKUh4GLhFJiqAMTF6HyWQrV9pK9HcGUdfJ ] height:  7
2019/09/18 17:26:04.722121 [1;35m[INF][m GID 125, [arbitrator] Main chain height:  14
2019/09/18 17:26:14.787624 [1;35m[INF][m GID 125, [arbitrator] Main chain height:  15
2019/09/18 17:26:18.773693 [1;35m[INF][m GID 16, currentHeight: 7  chainHeight: 8
2019/09/18 17:26:18.782569 [1;35m[INF][m GID 16,  [SyncSideChain] Side chain [ XKUh4GLhFJiqAMTF6HyWQrV9pK9HcGUdfJ ] height:  8
2019/09/18 17:26:22.833193 [1;35m[INF][m GID 125, [arbitrator] Main chain height:  16
2019/09/18 17:26:29.718644 [1;35m[INF][m GID 66, currentHeight: 3  chainHeight: 5
2019/09/18 17:26:29.721807 [1;35m[INF][m GID 66,  [SyncSideChain] Side chain [ XVfmhjxGxBKgzYxyXCJTb6YmaRfWPVunj4 ] height:  5
2019/09/18 17:26:31.869346 [1;35m[INF][m GID 125, [arbitrator] Main chain height:  17
2019/09/18 17:26:34.900657 [1;35m[INF][m GID 125, [arbitrator] Main chain height:  18
2019/09/18 17:26:35.911172 [1;35m[INF][m GID 125, [arbitrator] Main chain height:  19
2019/09/18 17:26:37.938585 [1;35m[INF][m GID 125, [arbitrator] Main chain height:  20
2019/09/18 17:26:38.774845 [1;35m[INF][m GID 66, currentHeight: 5  chainHeight: 6
2019/09/18 17:26:38.778530 [1;35m[INF][m GID 66,  [SyncSideChain] Side chain [ XVfmhjxGxBKgzYxyXCJTb6YmaRfWPVunj4 ] height:  6
2019/09/18 17:26:48.017759 [1;35m[INF][m GID 125, [arbitrator] Main chain height:  21
2019/09/18 17:26:50.080140 [1;35m[INF][m GID 127, Check and remove cross chain transactions from dbcache finished
2019/09/18 17:26:50.134349 [1;35m[INF][m GID 128, Warning side chain mining account:  EVQRDhuehyAs2P4bJZrx1JcmBPkkXbHJEw: 0 EamRAVSKik9XTfC485KZpxcmk4KhmPZCea: 0 EQDEN2Eg7EacPenfyBcaTA96PD5CBpKNTM: 0 
2019/09/18 17:26:51.051146 [1;35m[INF][m GID 125, [arbitrator] Main chain height:  23
2019/09/18 17:27:00.151214 [1;35m[INF][m GID 125, [arbitrator] Main chain height:  24
2019/09/18 17:27:02.161666 [1;35m[INF][m GID 125, [arbitrator] Main chain height:  25
2019/09/18 17:27:03.170291 [1;35m[INF][m GID 125, [arbitrator] Main chain height:  26
2019/09/18 17:27:10.199860 [1;35m[INF][m GID 125, [arbitrator] Main chain height:  27
2019/09/18 17:27:13.094857 [1;35m[INF][m GID 16, currentHeight: 8  chainHeight: 9
2019/09/18 17:27:13.116472 [1;35m[INF][m GID 16,  [SyncSideChain] Side chain [ XKUh4GLhFJiqAMTF6HyWQrV9pK9HcGUdfJ ] height:  9
2019/09/18 17:27:17.976810 [1;35m[INF][m GID 66, currentHeight: 6  chainHeight: 7
2019/09/18 17:27:18.040300 [1;35m[INF][m GID 66,  [SyncSideChain] Side chain [ XVfmhjxGxBKgzYxyXCJTb6YmaRfWPVunj4 ] height:  7
2019/09/18 17:27:20.054174 [1;35m[INF][m GID 66, currentHeight: 7  chainHeight: 8
2019/09/18 17:27:20.060176 [1;35m[INF][m GID 66,  [SyncSideChain] Side chain [ XVfmhjxGxBKgzYxyXCJTb6YmaRfWPVunj4 ] height:  8
2019/09/18 17:27:26.389877 [1;35m[INF][m GID 125, [arbitrator] Main chain height:  28
2019/09/18 17:27:30.148193 [1;35m[INF][m GID 66, currentHeight: 8  chainHeight: 9
2019/09/18 17:27:30.151477 [1;35m[INF][m GID 66,  [SyncSideChain] Side chain [ XVfmhjxGxBKgzYxyXCJTb6YmaRfWPVunj4 ] height:  9
2019/09/18 17:27:31.423331 [1;35m[INF][m GID 125, [arbitrator] Main chain height:  29
2019/09/18 17:27:34.307442 [1;35m[INF][m GID 16, currentHeight: 9  chainHeight: 10
2019/09/18 17:27:34.318411 [1;35m[INF][m GID 16,  [SyncSideChain] Side chain [ XKUh4GLhFJiqAMTF6HyWQrV9pK9HcGUdfJ ] height:  10
2019/09/18 17:27:35.322569 [1;35m[INF][m GID 16, currentHeight: 10  chainHeight: 11
2019/09/18 17:27:35.351535 [1;35m[INF][m GID 16,  [SyncSideChain] Side chain [ XKUh4GLhFJiqAMTF6HyWQrV9pK9HcGUdfJ ] height:  11
2019/09/18 17:27:39.448790 [1;35m[INF][m GID 125, [arbitrator] Main chain height:  30
2019/09/18 17:27:41.219950 [1;35m[INF][m GID 66, currentHeight: 9  chainHeight: 10
2019/09/18 17:27:41.243248 [1;35m[INF][m GID 66,  [SyncSideChain] Side chain [ XVfmhjxGxBKgzYxyXCJTb6YmaRfWPVunj4 ] height:  10
2019/09/18 17:27:43.485705 [1;35m[INF][m GID 125, [arbitrator] Main chain height:  31
2019/09/18 17:27:47.503824 [1;35m[INF][m GID 125, [arbitrator] Main chain height:  32
2019/09/18 17:27:50.081805 [1;35m[INF][m GID 127, Check and remove cross chain transactions from dbcache finished
2019/09/18 17:27:50.150477 [1;35m[INF][m GID 128, Warning side chain mining account:  EVQRDhuehyAs2P4bJZrx1JcmBPkkXbHJEw: 0 EamRAVSKik9XTfC485KZpxcmk4KhmPZCea: 0 EQDEN2Eg7EacPenfyBcaTA96PD5CBpKNTM: 0 
2019/09/18 17:27:51.334219 [1;35m[INF][m GID 66, currentHeight: 10  chainHeight: 11
2019/09/18 17:27:51.346910 [1;35m[INF][m GID 66,  [SyncSideChain] Side chain [ XVfmhjxGxBKgzYxyXCJTb6YmaRfWPVunj4 ] height:  11
2019/09/18 17:27:51.529811 [1;35m[INF][m GID 125, [arbitrator] Main chain height:  33
2019/09/18 17:27:57.415774 [1;35m[INF][m GID 66, currentHeight: 11  chainHeight: 12
2019/09/18 17:27:57.421315 [1;35m[INF][m GID 66,  [SyncSideChain] Side chain [ XVfmhjxGxBKgzYxyXCJTb6YmaRfWPVunj4 ] height:  12
2019/09/18 17:28:01.617680 [1;35m[INF][m GID 16, currentHeight: 11  chainHeight: 12
2019/09/18 17:28:01.624767 [1;35m[INF][m GID 16,  [SyncSideChain] Side chain [ XKUh4GLhFJiqAMTF6HyWQrV9pK9HcGUdfJ ] height:  12
2019/09/18 17:28:04.628227 [1;35m[INF][m GID 125, [arbitrator] Main chain height:  34
2019/09/18 17:28:05.466896 [1;35m[INF][m GID 66, currentHeight: 12  chainHeight: 13
2019/09/18 17:28:05.470424 [1;35m[INF][m GID 66,  [SyncSideChain] Side chain [ XVfmhjxGxBKgzYxyXCJTb6YmaRfWPVunj4 ] height:  13
2019/09/18 17:28:08.668045 [1;35m[INF][m GID 125, [arbitrator] Main chain height:  35
2019/09/18 17:28:14.755689 [1;35m[INF][m GID 125, [arbitrator] Main chain height:  36
2019/09/18 17:28:16.735199 [1;35m[INF][m GID 16, currentHeight: 12  chainHeight: 13
2019/09/18 17:28:16.740608 [1;35m[INF][m GID 16,  [SyncSideChain] Side chain [ XKUh4GLhFJiqAMTF6HyWQrV9pK9HcGUdfJ ] height:  13
2019/09/18 17:28:17.507623 [1;35m[INF][m GID 66, currentHeight: 13  chainHeight: 14
2019/09/18 17:28:17.515658 [1;35m[INF][m GID 66,  [SyncSideChain] Side chain [ XVfmhjxGxBKgzYxyXCJTb6YmaRfWPVunj4 ] height:  14
2019/09/18 17:28:23.606296 [1;35m[INF][m GID 66, currentHeight: 14  chainHeight: 15
2019/09/18 17:28:23.610016 [1;35m[INF][m GID 66,  [SyncSideChain] Side chain [ XVfmhjxGxBKgzYxyXCJTb6YmaRfWPVunj4 ] height:  15
2019/09/18 17:28:23.753395 [1;35m[INF][m GID 16, currentHeight: 13  chainHeight: 14
2019/09/18 17:28:23.763965 [1;35m[INF][m GID 16,  [SyncSideChain] Side chain [ XKUh4GLhFJiqAMTF6HyWQrV9pK9HcGUdfJ ] height:  14
2019/09/18 17:28:24.629197 [1;35m[INF][m GID 66, currentHeight: 15  chainHeight: 16
2019/09/18 17:28:24.638123 [1;35m[INF][m GID 66,  [SyncSideChain] Side chain [ XVfmhjxGxBKgzYxyXCJTb6YmaRfWPVunj4 ] height:  16
2019/09/18 17:28:24.802403 [1;35m[INF][m GID 125, [arbitrator] Main chain height:  37
2019/09/18 17:28:26.645608 [1;35m[INF][m GID 66, currentHeight: 16  chainHeight: 17
2019/09/18 17:28:26.688119 [1;35m[INF][m GID 66,  [SyncSideChain] Side chain [ XVfmhjxGxBKgzYxyXCJTb6YmaRfWPVunj4 ] height:  17
2019/09/18 17:28:28.834905 [1;35m[INF][m GID 125, [arbitrator] Main chain height:  38
2019/09/18 17:28:36.923344 [1;35m[INF][m GID 125, [arbitrator] Main chain height:  39
2019/09/18 17:28:39.756319 [1;35m[INF][m GID 66, currentHeight: 17  chainHeight: 18
2019/09/18 17:28:39.788269 [1;35m[INF][m GID 66,  [SyncSideChain] Side chain [ XVfmhjxGxBKgzYxyXCJTb6YmaRfWPVunj4 ] height:  18
2019/09/18 17:28:50.083237 [1;35m[INF][m GID 127, Check and remove cross chain transactions from dbcache finished
2019/09/18 17:28:50.154621 [1;35m[INF][m GID 128, Warning side chain mining account:  EVQRDhuehyAs2P4bJZrx1JcmBPkkXbHJEw: 0 EamRAVSKik9XTfC485KZpxcmk4KhmPZCea: 0 EQDEN2Eg7EacPenfyBcaTA96PD5CBpKNTM: 0 
2019/09/18 17:28:52.890279 [1;35m[INF][m GID 66, currentHeight: 18  chainHeight: 19
2019/09/18 17:28:52.896730 [1;35m[INF][m GID 66,  [SyncSideChain] Side chain [ XVfmhjxGxBKgzYxyXCJTb6YmaRfWPVunj4 ] height:  19
2019/09/18 17:28:53.898070 [1;35m[INF][m GID 66, currentHeight: 19  chainHeight: 20
2019/09/18 17:28:53.913410 [1;35m[INF][m GID 66,  [SyncSideChain] Side chain [ XVfmhjxGxBKgzYxyXCJTb6YmaRfWPVunj4 ] height:  20
2019/09/18 17:28:56.934088 [1;35m[INF][m GID 66, currentHeight: 20  chainHeight: 21
2019/09/18 17:28:56.937238 [1;35m[INF][m GID 66,  [SyncSideChain] Side chain [ XVfmhjxGxBKgzYxyXCJTb6YmaRfWPVunj4 ] height:  21
2019/09/18 17:28:59.086065 [1;35m[INF][m GID 125, [arbitrator] Main chain height:  40
2019/09/18 17:29:03.104268 [1;35m[INF][m GID 125, [arbitrator] Main chain height:  41
2019/09/18 17:29:04.108543 [1;35m[INF][m GID 125, [arbitrator] Main chain height:  42
2019/09/18 17:29:11.173897 [1;35m[INF][m GID 125, [arbitrator] Main chain height:  43
2019/09/18 17:29:12.991192 [1;35m[INF][m GID 16, currentHeight: 14  chainHeight: 15
2019/09/18 17:29:13.038431 [1;35m[INF][m GID 16,  [SyncSideChain] Side chain [ XKUh4GLhFJiqAMTF6HyWQrV9pK9HcGUdfJ ] height:  15
2019/09/18 17:29:13.219066 [1;35m[INF][m GID 125, [arbitrator] Main chain height:  44
2019/09/18 17:29:17.239560 [1;35m[INF][m GID 125, [arbitrator] Main chain height:  45
2019/09/18 17:29:25.054619 [1;35m[INF][m GID 66, currentHeight: 21  chainHeight: 22
2019/09/18 17:29:25.067746 [1;35m[INF][m GID 66,  [SyncSideChain] Side chain [ XVfmhjxGxBKgzYxyXCJTb6YmaRfWPVunj4 ] height:  22
2019/09/18 17:29:29.306347 [1;35m[INF][m GID 125, [arbitrator] Main chain height:  46
2019/09/18 17:29:32.214338 [1;35m[INF][m GID 16, currentHeight: 15  chainHeight: 16
2019/09/18 17:29:32.223126 [1;35m[INF][m GID 16,  [SyncSideChain] Side chain [ XKUh4GLhFJiqAMTF6HyWQrV9pK9HcGUdfJ ] height:  16
2019/09/18 17:29:35.241918 [1;35m[INF][m GID 16, currentHeight: 16  chainHeight: 17
2019/09/18 17:29:35.254308 [1;35m[INF][m GID 16,  [SyncSideChain] Side chain [ XKUh4GLhFJiqAMTF6HyWQrV9pK9HcGUdfJ ] height:  17
2019/09/18 17:29:38.393832 [1;35m[INF][m GID 125, [SyncFromMainNode] rpc get current height failed
2019/09/18 17:29:38.393897 [1;31m[ERR][m GID 125, Arbitrator group sync error:  Post http://privnet-mainchain-crc-1:20336: read tcp 172.19.0.5:44254->172.19.0.6:20336: read: connection reset by peer
