2019/05/09 23:49:52.777920 [1;35m[INF][m GID 1, [UpdatePeers] peers: 0  height:  0
2019/05/09 23:49:52.778016 [1;35m[INF][m GID 32, Loaded 0 addresses from file 'elastos/data/dpos/peers.json'
2019/05/09 23:49:52.778119 [1;35m[INF][m GID 71, Server listening on [::]:10016
2019/05/09 23:49:52.779320 [1;35m[INF][m GID 70, Server listening on 0.0.0.0:10016
2019/05/09 23:50:22.807531 [1;35m[INF][m GID 33, [OnBadNetwork] found network bad
2019/05/09 23:50:52.831515 [1;35m[INF][m GID 33, [OnBadNetwork] found network bad
2019/05/09 23:51:22.857166 [1;35m[INF][m GID 33, [OnBadNetwork] found network bad
2019/05/09 23:51:52.886834 [1;35m[INF][m GID 33, [OnBadNetwork] found network bad
2019/05/09 23:52:22.895639 [1;35m[INF][m GID 33, [OnBadNetwork] found network bad
2019/05/09 23:52:52.896020 [1;35m[INF][m GID 33, [OnBadNetwork] found network bad
2019/05/09 23:53:22.919100 [1;35m[INF][m GID 33, [OnBadNetwork] found network bad
2019/05/09 23:53:52.956337 [1;35m[INF][m GID 33, [OnBadNetwork] found network bad
2019/05/09 23:54:22.956976 [1;35m[INF][m GID 33, [OnBadNetwork] found network bad
2019/05/09 23:54:53.039243 [1;35m[INF][m GID 33, [OnBadNetwork] found network bad
2019/05/09 23:55:23.039877 [1;35m[INF][m GID 33, [OnBadNetwork] found network bad
2019/05/09 23:55:53.040769 [1;35m[INF][m GID 33, [OnBadNetwork] found network bad
2019/05/09 23:56:23.041322 [1;35m[INF][m GID 33, [OnBadNetwork] found network bad
2019/05/09 23:56:53.051096 [1;35m[INF][m GID 33, [OnBadNetwork] found network bad
2019/05/09 23:57:23.052535 [1;35m[INF][m GID 33, [OnBadNetwork] found network bad
2019/05/09 23:57:53.079063 [1;35m[INF][m GID 33, [OnBadNetwork] found network bad
2019/05/09 23:58:23.083392 [1;35m[INF][m GID 33, [OnBadNetwork] found network bad
2019/05/09 23:58:53.084304 [1;35m[INF][m GID 33, [OnBadNetwork] found network bad
2019/05/09 23:59:23.089037 [1;35m[INF][m GID 33, [OnBadNetwork] found network bad
2019/05/09 23:59:53.120941 [1;35m[INF][m GID 33, [OnBadNetwork] found network bad
2019/05/10 00:00:23.122106 [1;35m[INF][m GID 33, [OnBadNetwork] found network bad
2019/05/10 00:00:53.141283 [1;35m[INF][m GID 33, [OnBadNetwork] found network bad
2019/05/10 00:01:23.160308 [1;35m[INF][m GID 33, [OnBadNetwork] found network bad
2019/05/10 00:01:53.188926 [1;35m[INF][m GID 33, [OnBadNetwork] found network bad
2019/05/10 00:02:23.250640 [1;35m[INF][m GID 33, [OnBadNetwork] found network bad
2019/05/10 00:02:53.223667 [1;35m[INF][m GID 33, [OnBadNetwork] found network bad
2019/05/10 00:03:23.337985 [1;35m[INF][m GID 33, [OnBadNetwork] found network bad
2019/05/10 00:03:53.382165 [1;35m[INF][m GID 33, [OnBadNetwork] found network bad
2019/05/10 00:04:23.408388 [1;35m[INF][m GID 33, [OnBadNetwork] found network bad
2019/05/10 00:04:53.414381 [1;35m[INF][m GID 33, [OnBadNetwork] found network bad
2019/05/10 00:05:23.421588 [1;35m[INF][m GID 33, [OnBadNetwork] found network bad
2019/05/10 00:05:53.433142 [1;35m[INF][m GID 33, [OnBadNetwork] found network bad
2019/05/10 00:06:23.476813 [1;35m[INF][m GID 33, [OnBadNetwork] found network bad
