2019/04/23 20:12:39.600399 [1;35m[INF][m GID 1, ID: 0353197d11802fe0cd5409f064822b896ceaa675ea596287f1e5ce009be7684f08
2019/04/23 20:12:39.605411 [1;35m[INF][m GID 1, [UpdatePeers] peers: 6  height:  462
2019/04/23 20:12:39.612285 [1;35m[INF][m GID 1, peer[ 02677bd3dc8ea4a9ab22f8ba5c5348fc1ce4ba5f1810e8ec8603d5bd927b630b3e ] address empty
2019/04/23 20:12:39.612339 [1;35m[INF][m GID 1, peer[ 0232d3172b7fc139b7605b83cd27e3c6f64fde1e71da2489764723639a6d40b5b9 ] address empty
2019/04/23 20:12:39.612380 [1;35m[INF][m GID 1, peer[ 032e74c386af5d672cb196334f2b6ee6451d61f2257f0837ea7af340ef4dea4e1a ] addr: 127.0.0.1:10316  pid: 032e74c386af5d672cb196334f2b6ee6451d61f2257f0837ea7af340ef4dea4e1a
2019/04/23 20:12:39.612410 [1;35m[INF][m GID 1, peer[ 02eafcd36390b064431b82a4b2934f6d93fddfcfa4a86602b2ae32d858b8d3bcd7 ] addr: 127.0.0.1:10416  pid: 02eafcd36390b064431b82a4b2934f6d93fddfcfa4a86602b2ae32d858b8d3bcd7
2019/04/23 20:12:39.612438 [1;35m[INF][m GID 1, peer[ 0386206d1d442f5c8ddcc9ae45ab85d921b6ade3a184f43b7ccf6de02f3ca0b450 ] addr: 127.0.0.1:10116  pid: 0386206d1d442f5c8ddcc9ae45ab85d921b6ade3a184f43b7ccf6de02f3ca0b450
2019/04/23 20:12:39.612466 [1;35m[INF][m GID 1, peer[ 0353197d11802fe0cd5409f064822b896ceaa675ea596287f1e5ce009be7684f08 ] addr: 127.0.0.1:10216  pid: 0353197d11802fe0cd5409f064822b896ceaa675ea596287f1e5ce009be7684f08
2019/04/23 20:12:39.605623 [1;35m[INF][m GID 42, Server listening on [::]:10216
2019/04/23 20:12:39.605683 [1;35m[INF][m GID 41, Server listening on 0.0.0.0:10216
2019/04/23 20:12:39.617048 [1;35m[INF][m GID 52, [UpdatePeers] peers: 6  height:  462
2019/04/23 20:12:39.617117 [1;35m[INF][m GID 52, peer[ 0353197d11802fe0cd5409f064822b896ceaa675ea596287f1e5ce009be7684f08 ] addr: 127.0.0.1:10216  pid: 0353197d11802fe0cd5409f064822b896ceaa675ea596287f1e5ce009be7684f08
2019/04/23 20:12:39.617152 [1;35m[INF][m GID 52, peer[ 032e74c386af5d672cb196334f2b6ee6451d61f2257f0837ea7af340ef4dea4e1a ] addr: 127.0.0.1:10316  pid: 032e74c386af5d672cb196334f2b6ee6451d61f2257f0837ea7af340ef4dea4e1a
2019/04/23 20:12:39.617176 [1;35m[INF][m GID 52, peer[ 02eafcd36390b064431b82a4b2934f6d93fddfcfa4a86602b2ae32d858b8d3bcd7 ] addr: 127.0.0.1:10416  pid: 02eafcd36390b064431b82a4b2934f6d93fddfcfa4a86602b2ae32d858b8d3bcd7
2019/04/23 20:12:39.617200 [1;35m[INF][m GID 52, peer[ 02677bd3dc8ea4a9ab22f8ba5c5348fc1ce4ba5f1810e8ec8603d5bd927b630b3e ] address empty
2019/04/23 20:12:39.617222 [1;35m[INF][m GID 52, peer[ 0232d3172b7fc139b7605b83cd27e3c6f64fde1e71da2489764723639a6d40b5b9 ] address empty
2019/04/23 20:12:39.617245 [1;35m[INF][m GID 52, peer[ 0386206d1d442f5c8ddcc9ae45ab85d921b6ade3a184f43b7ccf6de02f3ca0b450 ] addr: 127.0.0.1:10116  pid: 0386206d1d442f5c8ddcc9ae45ab85d921b6ade3a184f43b7ccf6de02f3ca0b450
2019/04/23 20:12:39.620262 [1;35m[INF][m GID 52, [UpdatePeers] peers: 4  height:  462
2019/04/23 20:12:39.620580 [1;35m[INF][m GID 52, peer[ 0386206d1d442f5c8ddcc9ae45ab85d921b6ade3a184f43b7ccf6de02f3ca0b450 ] addr: 127.0.0.1:10116  pid: 0386206d1d442f5c8ddcc9ae45ab85d921b6ade3a184f43b7ccf6de02f3ca0b450
2019/04/23 20:12:39.620612 [1;35m[INF][m GID 52, peer[ 0353197d11802fe0cd5409f064822b896ceaa675ea596287f1e5ce009be7684f08 ] addr: 127.0.0.1:10216  pid: 0353197d11802fe0cd5409f064822b896ceaa675ea596287f1e5ce009be7684f08
2019/04/23 20:12:39.625064 [1;35m[INF][m GID 52, peer[ 032e74c386af5d672cb196334f2b6ee6451d61f2257f0837ea7af340ef4dea4e1a ] addr: 127.0.0.1:10316  pid: 032e74c386af5d672cb196334f2b6ee6451d61f2257f0837ea7af340ef4dea4e1a
2019/04/23 20:12:39.625147 [1;35m[INF][m GID 52, peer[ 02eafcd36390b064431b82a4b2934f6d93fddfcfa4a86602b2ae32d858b8d3bcd7 ] addr: 127.0.0.1:10416  pid: 02eafcd36390b064431b82a4b2934f6d93fddfcfa4a86602b2ae32d858b8d3bcd7
2019/04/23 20:12:39.638279 [1;35m[INF][m GID 52, [UpdatePeers] peers: 6  height:  462
2019/04/23 20:12:39.639164 [1;35m[INF][m GID 52, peer[ 0386206d1d442f5c8ddcc9ae45ab85d921b6ade3a184f43b7ccf6de02f3ca0b450 ] addr: 127.0.0.1:10116  pid: 0386206d1d442f5c8ddcc9ae45ab85d921b6ade3a184f43b7ccf6de02f3ca0b450
2019/04/23 20:12:39.639197 [1;35m[INF][m GID 52, peer[ 0353197d11802fe0cd5409f064822b896ceaa675ea596287f1e5ce009be7684f08 ] addr: 127.0.0.1:10216  pid: 0353197d11802fe0cd5409f064822b896ceaa675ea596287f1e5ce009be7684f08
2019/04/23 20:12:39.639238 [1;35m[INF][m GID 52, peer[ 032e74c386af5d672cb196334f2b6ee6451d61f2257f0837ea7af340ef4dea4e1a ] addr: 127.0.0.1:10316  pid: 032e74c386af5d672cb196334f2b6ee6451d61f2257f0837ea7af340ef4dea4e1a
2019/04/23 20:12:39.639267 [1;35m[INF][m GID 52, peer[ 02eafcd36390b064431b82a4b2934f6d93fddfcfa4a86602b2ae32d858b8d3bcd7 ] addr: 127.0.0.1:10416  pid: 02eafcd36390b064431b82a4b2934f6d93fddfcfa4a86602b2ae32d858b8d3bcd7
2019/04/23 20:12:39.639292 [1;35m[INF][m GID 52, peer[ 021cfade3eddd057d8ca178057a88c4654b15c1ada7ee9ab65517f00beb6977556 ] addr:   pid: 021cfade3eddd057d8ca178057a88c4654b15c1ada7ee9ab65517f00beb6977556
2019/04/23 20:12:39.639323 [1;35m[INF][m GID 52, peer[ 0295890a17feb7d5191da656089b5daad83f596edcc491f5c91d025b42955a9f25 ] addr:   pid: 0295890a17feb7d5191da656089b5daad83f596edcc491f5c91d025b42955a9f25
2019/04/23 20:12:39.639394 [1;31m[ERR][m GID 13, parse peer address :10216 failed, lookup : no such host
2019/04/23 20:12:39.639420 [1;31m[ERR][m GID 13, parse peer address :10216 failed, lookup : no such host
2019/04/23 20:12:39.648458 [1;35m[INF][m GID 52, [UpdatePeers] peers: 6  height:  462
2019/04/23 20:12:39.648540 [1;35m[INF][m GID 52, peer[ 0295890a17feb7d5191da656089b5daad83f596edcc491f5c91d025b42955a9f25 ] addr:   pid: 0295890a17feb7d5191da656089b5daad83f596edcc491f5c91d025b42955a9f25
2019/04/23 20:12:39.648601 [1;35m[INF][m GID 52, peer[ 0386206d1d442f5c8ddcc9ae45ab85d921b6ade3a184f43b7ccf6de02f3ca0b450 ] addr: 127.0.0.1:10116  pid: 0386206d1d442f5c8ddcc9ae45ab85d921b6ade3a184f43b7ccf6de02f3ca0b450
2019/04/23 20:12:39.648657 [1;35m[INF][m GID 52, peer[ 0353197d11802fe0cd5409f064822b896ceaa675ea596287f1e5ce009be7684f08 ] addr: 127.0.0.1:10216  pid: 0353197d11802fe0cd5409f064822b896ceaa675ea596287f1e5ce009be7684f08
2019/04/23 20:12:39.648689 [1;35m[INF][m GID 52, peer[ 032e74c386af5d672cb196334f2b6ee6451d61f2257f0837ea7af340ef4dea4e1a ] addr: 127.0.0.1:10316  pid: 032e74c386af5d672cb196334f2b6ee6451d61f2257f0837ea7af340ef4dea4e1a
2019/04/23 20:12:39.648716 [1;35m[INF][m GID 52, peer[ 02eafcd36390b064431b82a4b2934f6d93fddfcfa4a86602b2ae32d858b8d3bcd7 ] addr: 127.0.0.1:10416  pid: 02eafcd36390b064431b82a4b2934f6d93fddfcfa4a86602b2ae32d858b8d3bcd7
2019/04/23 20:12:39.648782 [1;35m[INF][m GID 52, peer[ 021cfade3eddd057d8ca178057a88c4654b15c1ada7ee9ab65517f00beb6977556 ] addr:   pid: 021cfade3eddd057d8ca178057a88c4654b15c1ada7ee9ab65517f00beb6977556
2019/04/23 20:12:39.649367 [1;35m[INF][m GID 52, [UpdatePeers] peers: 6  height:  462
2019/04/23 20:12:39.649428 [1;35m[INF][m GID 52, peer[ 0386206d1d442f5c8ddcc9ae45ab85d921b6ade3a184f43b7ccf6de02f3ca0b450 ] addr: 127.0.0.1:10116  pid: 0386206d1d442f5c8ddcc9ae45ab85d921b6ade3a184f43b7ccf6de02f3ca0b450
2019/04/23 20:12:39.649456 [1;35m[INF][m GID 52, peer[ 0353197d11802fe0cd5409f064822b896ceaa675ea596287f1e5ce009be7684f08 ] addr: 127.0.0.1:10216  pid: 0353197d11802fe0cd5409f064822b896ceaa675ea596287f1e5ce009be7684f08
2019/04/23 20:12:39.649479 [1;35m[INF][m GID 52, peer[ 032e74c386af5d672cb196334f2b6ee6451d61f2257f0837ea7af340ef4dea4e1a ] addr: 127.0.0.1:10316  pid: 032e74c386af5d672cb196334f2b6ee6451d61f2257f0837ea7af340ef4dea4e1a
2019/04/23 20:12:39.649502 [1;35m[INF][m GID 52, peer[ 02eafcd36390b064431b82a4b2934f6d93fddfcfa4a86602b2ae32d858b8d3bcd7 ] addr: 127.0.0.1:10416  pid: 02eafcd36390b064431b82a4b2934f6d93fddfcfa4a86602b2ae32d858b8d3bcd7
2019/04/23 20:12:39.649595 [1;35m[INF][m GID 52, peer[ 021cfade3eddd057d8ca178057a88c4654b15c1ada7ee9ab65517f00beb6977556 ] addr:   pid: 021cfade3eddd057d8ca178057a88c4654b15c1ada7ee9ab65517f00beb6977556
2019/04/23 20:12:39.649628 [1;35m[INF][m GID 52, peer[ 0295890a17feb7d5191da656089b5daad83f596edcc491f5c91d025b42955a9f25 ] addr:   pid: 0295890a17feb7d5191da656089b5daad83f596edcc491f5c91d025b42955a9f25
2019/04/23 20:12:39.651306 [1;35m[INF][m GID 52, [UpdatePeers] peers: 6  height:  462
2019/04/23 20:12:39.651735 [1;35m[INF][m GID 52, peer[ 0353197d11802fe0cd5409f064822b896ceaa675ea596287f1e5ce009be7684f08 ] addr: 127.0.0.1:10216  pid: 0353197d11802fe0cd5409f064822b896ceaa675ea596287f1e5ce009be7684f08
2019/04/23 20:12:39.651841 [1;35m[INF][m GID 52, peer[ 032e74c386af5d672cb196334f2b6ee6451d61f2257f0837ea7af340ef4dea4e1a ] addr: 127.0.0.1:10316  pid: 032e74c386af5d672cb196334f2b6ee6451d61f2257f0837ea7af340ef4dea4e1a
2019/04/23 20:12:39.651875 [1;35m[INF][m GID 52, peer[ 021cfade3eddd057d8ca178057a88c4654b15c1ada7ee9ab65517f00beb6977556 ] addr:   pid: 021cfade3eddd057d8ca178057a88c4654b15c1ada7ee9ab65517f00beb6977556
2019/04/23 20:12:39.651905 [1;35m[INF][m GID 52, peer[ 0295890a17feb7d5191da656089b5daad83f596edcc491f5c91d025b42955a9f25 ] addr:   pid: 0295890a17feb7d5191da656089b5daad83f596edcc491f5c91d025b42955a9f25
2019/04/23 20:12:39.651930 [1;35m[INF][m GID 52, peer[ 02eafcd36390b064431b82a4b2934f6d93fddfcfa4a86602b2ae32d858b8d3bcd7 ] addr: 127.0.0.1:10416  pid: 02eafcd36390b064431b82a4b2934f6d93fddfcfa4a86602b2ae32d858b8d3bcd7
2019/04/23 20:12:39.651986 [1;35m[INF][m GID 52, peer[ 0386206d1d442f5c8ddcc9ae45ab85d921b6ade3a184f43b7ccf6de02f3ca0b450 ] addr: 127.0.0.1:10116  pid: 0386206d1d442f5c8ddcc9ae45ab85d921b6ade3a184f43b7ccf6de02f3ca0b450
2019/04/23 20:12:39.652524 [1;35m[INF][m GID 52, [UpdatePeers] peers: 6  height:  462
2019/04/23 20:12:39.653714 [1;35m[INF][m GID 52, peer[ 021cfade3eddd057d8ca178057a88c4654b15c1ada7ee9ab65517f00beb6977556 ] addr:   pid: 021cfade3eddd057d8ca178057a88c4654b15c1ada7ee9ab65517f00beb6977556
2019/04/23 20:12:39.653743 [1;35m[INF][m GID 52, peer[ 0295890a17feb7d5191da656089b5daad83f596edcc491f5c91d025b42955a9f25 ] addr:   pid: 0295890a17feb7d5191da656089b5daad83f596edcc491f5c91d025b42955a9f25
2019/04/23 20:12:39.653769 [1;35m[INF][m GID 52, peer[ 0386206d1d442f5c8ddcc9ae45ab85d921b6ade3a184f43b7ccf6de02f3ca0b450 ] addr: 127.0.0.1:10116  pid: 0386206d1d442f5c8ddcc9ae45ab85d921b6ade3a184f43b7ccf6de02f3ca0b450
2019/04/23 20:12:39.653794 [1;35m[INF][m GID 52, peer[ 0353197d11802fe0cd5409f064822b896ceaa675ea596287f1e5ce009be7684f08 ] addr: 127.0.0.1:10216  pid: 0353197d11802fe0cd5409f064822b896ceaa675ea596287f1e5ce009be7684f08
2019/04/23 20:12:39.653819 [1;35m[INF][m GID 52, peer[ 032e74c386af5d672cb196334f2b6ee6451d61f2257f0837ea7af340ef4dea4e1a ] addr: 127.0.0.1:10316  pid: 032e74c386af5d672cb196334f2b6ee6451d61f2257f0837ea7af340ef4dea4e1a
2019/04/23 20:12:39.653845 [1;35m[INF][m GID 52, peer[ 02eafcd36390b064431b82a4b2934f6d93fddfcfa4a86602b2ae32d858b8d3bcd7 ] addr: 127.0.0.1:10416  pid: 02eafcd36390b064431b82a4b2934f6d93fddfcfa4a86602b2ae32d858b8d3bcd7
2019/04/23 20:12:39.654419 [1;35m[INF][m GID 52, [UpdatePeers] peers: 6  height:  462
2019/04/23 20:12:39.654456 [1;35m[INF][m GID 52, peer[ 0386206d1d442f5c8ddcc9ae45ab85d921b6ade3a184f43b7ccf6de02f3ca0b450 ] addr: 127.0.0.1:10116  pid: 0386206d1d442f5c8ddcc9ae45ab85d921b6ade3a184f43b7ccf6de02f3ca0b450
2019/04/23 20:12:39.654547 [1;35m[INF][m GID 52, peer[ 0353197d11802fe0cd5409f064822b896ceaa675ea596287f1e5ce009be7684f08 ] addr: 127.0.0.1:10216  pid: 0353197d11802fe0cd5409f064822b896ceaa675ea596287f1e5ce009be7684f08
2019/04/23 20:12:39.654704 [1;35m[INF][m GID 52, peer[ 032e74c386af5d672cb196334f2b6ee6451d61f2257f0837ea7af340ef4dea4e1a ] addr: 127.0.0.1:10316  pid: 032e74c386af5d672cb196334f2b6ee6451d61f2257f0837ea7af340ef4dea4e1a
2019/04/23 20:12:39.654729 [1;35m[INF][m GID 52, peer[ 02eafcd36390b064431b82a4b2934f6d93fddfcfa4a86602b2ae32d858b8d3bcd7 ] addr: 127.0.0.1:10416  pid: 02eafcd36390b064431b82a4b2934f6d93fddfcfa4a86602b2ae32d858b8d3bcd7
2019/04/23 20:12:39.654752 [1;35m[INF][m GID 52, peer[ 021cfade3eddd057d8ca178057a88c4654b15c1ada7ee9ab65517f00beb6977556 ] addr:   pid: 021cfade3eddd057d8ca178057a88c4654b15c1ada7ee9ab65517f00beb6977556
2019/04/23 20:12:39.654774 [1;35m[INF][m GID 52, peer[ 0295890a17feb7d5191da656089b5daad83f596edcc491f5c91d025b42955a9f25 ] addr:   pid: 0295890a17feb7d5191da656089b5daad83f596edcc491f5c91d025b42955a9f25
2019/04/23 20:12:39.658375 [1;35m[INF][m GID 52, [UpdatePeers] peers: 6  height:  462
2019/04/23 20:12:39.658419 [1;35m[INF][m GID 52, peer[ 02eafcd36390b064431b82a4b2934f6d93fddfcfa4a86602b2ae32d858b8d3bcd7 ] addr: 127.0.0.1:10416  pid: 02eafcd36390b064431b82a4b2934f6d93fddfcfa4a86602b2ae32d858b8d3bcd7
2019/04/23 20:12:39.658443 [1;35m[INF][m GID 52, peer[ 0386206d1d442f5c8ddcc9ae45ab85d921b6ade3a184f43b7ccf6de02f3ca0b450 ] addr: 127.0.0.1:10116  pid: 0386206d1d442f5c8ddcc9ae45ab85d921b6ade3a184f43b7ccf6de02f3ca0b450
2019/04/23 20:12:39.658466 [1;35m[INF][m GID 52, peer[ 0353197d11802fe0cd5409f064822b896ceaa675ea596287f1e5ce009be7684f08 ] addr: 127.0.0.1:10216  pid: 0353197d11802fe0cd5409f064822b896ceaa675ea596287f1e5ce009be7684f08
2019/04/23 20:12:39.658489 [1;35m[INF][m GID 52, peer[ 032e74c386af5d672cb196334f2b6ee6451d61f2257f0837ea7af340ef4dea4e1a ] addr: 127.0.0.1:10316  pid: 032e74c386af5d672cb196334f2b6ee6451d61f2257f0837ea7af340ef4dea4e1a
2019/04/23 20:12:39.658511 [1;35m[INF][m GID 52, peer[ 021cfade3eddd057d8ca178057a88c4654b15c1ada7ee9ab65517f00beb6977556 ] addr:   pid: 021cfade3eddd057d8ca178057a88c4654b15c1ada7ee9ab65517f00beb6977556
2019/04/23 20:12:39.658573 [1;35m[INF][m GID 52, peer[ 0295890a17feb7d5191da656089b5daad83f596edcc491f5c91d025b42955a9f25 ] addr:   pid: 0295890a17feb7d5191da656089b5daad83f596edcc491f5c91d025b42955a9f25
2019/04/23 20:12:39.659198 [1;35m[INF][m GID 52, [UpdatePeers] peers: 6  height:  462
2019/04/23 20:12:39.659228 [1;35m[INF][m GID 52, peer[ 0295890a17feb7d5191da656089b5daad83f596edcc491f5c91d025b42955a9f25 ] addr:   pid: 0295890a17feb7d5191da656089b5daad83f596edcc491f5c91d025b42955a9f25
2019/04/23 20:12:39.659251 [1;35m[INF][m GID 52, peer[ 0353197d11802fe0cd5409f064822b896ceaa675ea596287f1e5ce009be7684f08 ] addr: 127.0.0.1:10216  pid: 0353197d11802fe0cd5409f064822b896ceaa675ea596287f1e5ce009be7684f08
2019/04/23 20:12:39.659275 [1;35m[INF][m GID 52, peer[ 032e74c386af5d672cb196334f2b6ee6451d61f2257f0837ea7af340ef4dea4e1a ] addr: 127.0.0.1:10316  pid: 032e74c386af5d672cb196334f2b6ee6451d61f2257f0837ea7af340ef4dea4e1a
2019/04/23 20:12:39.659298 [1;35m[INF][m GID 52, peer[ 02eafcd36390b064431b82a4b2934f6d93fddfcfa4a86602b2ae32d858b8d3bcd7 ] addr: 127.0.0.1:10416  pid: 02eafcd36390b064431b82a4b2934f6d93fddfcfa4a86602b2ae32d858b8d3bcd7
2019/04/23 20:12:39.659321 [1;35m[INF][m GID 52, peer[ 0386206d1d442f5c8ddcc9ae45ab85d921b6ade3a184f43b7ccf6de02f3ca0b450 ] addr: 127.0.0.1:10116  pid: 0386206d1d442f5c8ddcc9ae45ab85d921b6ade3a184f43b7ccf6de02f3ca0b450
2019/04/23 20:12:39.659343 [1;35m[INF][m GID 52, peer[ 021cfade3eddd057d8ca178057a88c4654b15c1ada7ee9ab65517f00beb6977556 ] addr:   pid: 021cfade3eddd057d8ca178057a88c4654b15c1ada7ee9ab65517f00beb6977556
2019/04/23 20:12:39.659968 [1;35m[INF][m GID 52, [UpdatePeers] peers: 6  height:  462
2019/04/23 20:12:39.659999 [1;35m[INF][m GID 52, peer[ 02eafcd36390b064431b82a4b2934f6d93fddfcfa4a86602b2ae32d858b8d3bcd7 ] addr: 127.0.0.1:10416  pid: 02eafcd36390b064431b82a4b2934f6d93fddfcfa4a86602b2ae32d858b8d3bcd7
2019/04/23 20:12:39.660022 [1;35m[INF][m GID 52, peer[ 0386206d1d442f5c8ddcc9ae45ab85d921b6ade3a184f43b7ccf6de02f3ca0b450 ] addr: 127.0.0.1:10116  pid: 0386206d1d442f5c8ddcc9ae45ab85d921b6ade3a184f43b7ccf6de02f3ca0b450
2019/04/23 20:12:39.660045 [1;35m[INF][m GID 52, peer[ 021cfade3eddd057d8ca178057a88c4654b15c1ada7ee9ab65517f00beb6977556 ] addr:   pid: 021cfade3eddd057d8ca178057a88c4654b15c1ada7ee9ab65517f00beb6977556
2019/04/23 20:12:39.660069 [1;35m[INF][m GID 52, peer[ 0295890a17feb7d5191da656089b5daad83f596edcc491f5c91d025b42955a9f25 ] addr:   pid: 0295890a17feb7d5191da656089b5daad83f596edcc491f5c91d025b42955a9f25
2019/04/23 20:12:39.660097 [1;35m[INF][m GID 52, peer[ 0353197d11802fe0cd5409f064822b896ceaa675ea596287f1e5ce009be7684f08 ] addr: 127.0.0.1:10216  pid: 0353197d11802fe0cd5409f064822b896ceaa675ea596287f1e5ce009be7684f08
2019/04/23 20:12:39.660123 [1;35m[INF][m GID 52, peer[ 032e74c386af5d672cb196334f2b6ee6451d61f2257f0837ea7af340ef4dea4e1a ] addr: 127.0.0.1:10316  pid: 032e74c386af5d672cb196334f2b6ee6451d61f2257f0837ea7af340ef4dea4e1a
2019/04/23 20:12:39.660390 [1;35m[INF][m GID 69, [onDutyArbitratorChanged] not onduty
2019/04/23 20:12:39.662136 [1;35m[INF][m GID 69, Recover when start
2019/04/23 20:12:39.662164 [1;35m[INF][m GID 69, [RequestAbnormalRecovering] broadcast message to peers
2019/04/23 20:12:39.665620 [1;35m[INF][m GID 69, [BroadcastMessage] msg: req_con
2019/04/23 20:12:39.665641 [1;35m[INF][m GID 69, Recover finished
2019/04/23 20:12:39.666220 [1;35m[INF][m GID 50, [OnResponseConsensus] status: {0 0 1754-08-30 17:47:39.128654848 -0456 LMT [] [] [] []}
2019/04/23 20:12:39.666245 [1;35m[INF][m GID 50, [OnResponseConsensus] collect recover status
2019/04/23 20:12:39.666268 [1;35m[INF][m GID 50, [OnResponseConsensus] recover received 1 status at viewoffset:0
2019/04/23 20:12:39.666291 [1;35m[INF][m GID 50, [RecoverFromConsensusStatus] status.ConsensusStatus: 0
2019/04/23 20:12:39.820329 [1;35m[INF][m GID 50, [HelpToRecoverAbnormal] peer id: 0295890a17feb7d5191da656089b5daad83f596edcc491f5c91d025b42955a9f25
2019/04/23 20:12:39.820693 [1;35m[INF][m GID 50, [CollectConsensusStatus] status.ConsensusStatus: 0
2019/04/23 20:12:41.175201 [1;35m[INF][m GID 50, [HelpToRecoverAbnormal] peer id: 032e74c386af5d672cb196334f2b6ee6451d61f2257f0837ea7af340ef4dea4e1a
2019/04/23 20:12:41.175665 [1;35m[INF][m GID 50, [CollectConsensusStatus] status.ConsensusStatus: 0
2019/04/23 20:12:42.547000 [1;35m[INF][m GID 50, [HelpToRecoverAbnormal] peer id: 02eafcd36390b064431b82a4b2934f6d93fddfcfa4a86602b2ae32d858b8d3bcd7
2019/04/23 20:12:42.547036 [1;35m[INF][m GID 50, [CollectConsensusStatus] status.ConsensusStatus: 0
2019/04/23 20:12:44.065560 [1;35m[INF][m GID 72, [OnBlockReceived] listener received block
2019/04/23 20:12:44.066062 [1;35m[INF][m GID 50, [OnBlockReceived] start
2019/04/23 20:12:44.066096 [1;35m[INF][m GID 50, [Normal][OnBlockReceived] received first unsigned block, start consensus
2019/04/23 20:12:44.066125 [1;35m[INF][m GID 50, [StartConsensus] consensus start
2019/04/23 20:12:44.066188 [1;35m[INF][m GID 50, [OnViewStarted] OnDutyArbitrator: 0295890a17feb7d5191da656089b5daad83f596edcc491f5c91d025b42955a9f25, StartTime: 2019-04-23 20:12:44.066141369 -0400 EDT m=+4.629983041, Offset: 0, Height: 462
2019/04/23 20:12:44.066245 [1;35m[INF][m GID 50, [StartConsensus] consensus end
2019/04/23 20:12:44.066275 [1;35m[INF][m GID 50, [OnConsensusStarted] StartTime: 2019-04-23 20:12:44.066258055 -0400 EDT m=+4.630099724, Height: 463
2019/04/23 20:12:44.066297 [1;35m[INF][m GID 50, [OnBlockReceived] end
2019/04/23 20:12:44.071709 [1;35m[INF][m GID 50, [OnProposalReceived] started
2019/04/23 20:12:44.071748 [1;35m[INF][m GID 50, [Normal][ProcessProposal] start
2019/04/23 20:12:44.071784 [1;35m[INF][m GID 50, [ProcessProposal] start
2019/04/23 20:12:44.071968 [1;35m[INF][m GID 50, [TryStartSpeculatingProposal] start
2019/04/23 20:12:44.072029 [1;35m[INF][m GID 50, [TryStartSpeculatingProposal] end
2019/04/23 20:12:44.072083 [1;35m[INF][m GID 50, [acceptProposal] start
2019/04/23 20:12:44.072157 [1;35m[INF][m GID 50, [ProcessVote] start
2019/04/23 20:12:44.072309 [1;35m[INF][m GID 50, [countAcceptedVote] start
2019/04/23 20:12:44.072344 [1;35m[INF][m GID 50, [countAcceptedVote] Received needed sign, collect it into AcceptVotes!
2019/04/23 20:12:44.072378 [1;35m[INF][m GID 50, [countAcceptedVote] end
2019/04/23 20:12:44.072408 [1;35m[INF][m GID 50, [ProcessVote] end
2019/04/23 20:12:44.072440 [1;35m[INF][m GID 50, [BroadcastMessage] msg: acc_vote
2019/04/23 20:12:44.072472 [1;35m[INF][m GID 50, [acceptProposal] send acc_vote msg: 4ee4e5108b170c24677d09313a3b5cd01473dd42777550eb7ff78516fc2cdeef
2019/04/23 20:12:44.076188 [1;35m[INF][m GID 50, [OnVoteArrived] Signer: 0353197d11802fe0cd5409f064822b896ceaa675ea596287f1e5ce009be7684f08, ProposalHash: 1cc71191483c382e1ffb54cb0a8d7a326c59786245a80612effe78c68c47344d, ReceivedTime: 2019-04-23 20:12:44.076125003 -0400 EDT m=+4.639966674, Result: true
2019/04/23 20:12:44.076322 [1;35m[INF][m GID 50, [acceptProposal] end
2019/04/23 20:12:44.076365 [1;35m[INF][m GID 50, [ProcessProposal] end
2019/04/23 20:12:44.076400 [1;35m[INF][m GID 50, [Normal][ProcessProposal] end
2019/04/23 20:12:44.076448 [1;35m[INF][m GID 50, [OnProposalArrived] Sponsor: 0295890a17feb7d5191da656089b5daad83f596edcc491f5c91d025b42955a9f25, BlockHash: 660980c13391ea4b6b636c3a01171a0c83a490cfa83dfe62a7b7e0bd11fee7f2, ReceivedTime: 2019-04-23 20:12:44.076412854 -0400 EDT m=+4.640254523, Result: false, ViewOffset: 0, ProposalHash: 1cc71191483c382e1ffb54cb0a8d7a326c59786245a80612effe78c68c47344d
2019/04/23 20:12:44.076473 [1;35m[INF][m GID 50, [OnProposalReceived] end
2019/04/23 20:12:44.084615 [1;35m[INF][m GID 50, [OnVoteReceived] started
2019/04/23 20:12:44.084657 [1;35m[INF][m GID 50, [Normal-ProcessAcceptVote] start
2019/04/23 20:12:44.084686 [1;35m[INF][m GID 50, [ProcessVote] start
2019/04/23 20:12:44.084894 [1;35m[INF][m GID 50, [countAcceptedVote] start
2019/04/23 20:12:44.084924 [1;35m[INF][m GID 50, [countAcceptedVote] Received needed sign, collect it into AcceptVotes!
2019/04/23 20:12:44.084973 [1;35m[INF][m GID 50, [countAcceptedVote] end
2019/04/23 20:12:44.085497 [1;35m[INF][m GID 50, [ProcessVote] end
2019/04/23 20:12:44.085524 [1;35m[INF][m GID 50, [Normal-ProcessAcceptVote] end
2019/04/23 20:12:44.085560 [1;35m[INF][m GID 50, [OnVoteArrived] Signer: 0295890a17feb7d5191da656089b5daad83f596edcc491f5c91d025b42955a9f25, ProposalHash: 1cc71191483c382e1ffb54cb0a8d7a326c59786245a80612effe78c68c47344d, ReceivedTime: 2019-04-23 20:12:44.085534432 -0400 EDT m=+4.649376102, Result: true
2019/04/23 20:12:44.085582 [1;35m[INF][m GID 50, [OnVoteReceived] end
2019/04/23 20:12:44.147135 [1;35m[INF][m GID 50, [OnVoteReceived] started
2019/04/23 20:12:44.147330 [1;35m[INF][m GID 50, [Normal-ProcessAcceptVote] start
2019/04/23 20:12:44.147535 [1;35m[INF][m GID 50, [ProcessVote] start
2019/04/23 20:12:44.147861 [1;35m[INF][m GID 50, [countAcceptedVote] start
2019/04/23 20:12:44.147895 [1;35m[INF][m GID 50, [countAcceptedVote] Received needed sign, collect it into AcceptVotes!
2019/04/23 20:12:44.147926 [1;35m[INF][m GID 50, [countAcceptedVote] end
2019/04/23 20:12:44.147984 [1;35m[INF][m GID 50, [ProcessVote] end
2019/04/23 20:12:44.148048 [1;35m[INF][m GID 50, [Normal-ProcessAcceptVote] end
2019/04/23 20:12:44.148088 [1;35m[INF][m GID 50, [OnVoteArrived] Signer: 0386206d1d442f5c8ddcc9ae45ab85d921b6ade3a184f43b7ccf6de02f3ca0b450, ProposalHash: 1cc71191483c382e1ffb54cb0a8d7a326c59786245a80612effe78c68c47344d, ReceivedTime: 2019-04-23 20:12:44.148064107 -0400 EDT m=+4.711905776, Result: true
2019/04/23 20:12:44.148112 [1;35m[INF][m GID 50, [OnVoteReceived] end
2019/04/23 20:12:44.148672 [1;35m[INF][m GID 50, [OnVoteReceived] started
2019/04/23 20:12:44.148833 [1;35m[INF][m GID 50, [Normal-ProcessAcceptVote] start
2019/04/23 20:12:44.148964 [1;35m[INF][m GID 50, [ProcessVote] start
2019/04/23 20:12:44.149120 [1;35m[INF][m GID 50, [countAcceptedVote] start
2019/04/23 20:12:44.149221 [1;35m[INF][m GID 50, [countAcceptedVote] Received needed sign, collect it into AcceptVotes!
2019/04/23 20:12:44.149249 [1;35m[INF][m GID 50, [countAcceptedVote] end
2019/04/23 20:12:44.149274 [1;35m[INF][m GID 50, [ProcessVote] end
2019/04/23 20:12:44.149297 [1;35m[INF][m GID 50, [Normal-ProcessAcceptVote] end
2019/04/23 20:12:44.149326 [1;35m[INF][m GID 50, [OnVoteArrived] Signer: 032e74c386af5d672cb196334f2b6ee6451d61f2257f0837ea7af340ef4dea4e1a, ProposalHash: 1cc71191483c382e1ffb54cb0a8d7a326c59786245a80612effe78c68c47344d, ReceivedTime: 2019-04-23 20:12:44.149306567 -0400 EDT m=+4.713148237, Result: true
2019/04/23 20:12:44.149347 [1;35m[INF][m GID 50, [OnVoteReceived] end
2019/04/23 20:12:44.152043 [1;35m[INF][m GID 50, [OnVoteReceived] started
2019/04/23 20:12:44.152086 [1;35m[INF][m GID 50, [Normal-ProcessAcceptVote] start
2019/04/23 20:12:44.152110 [1;35m[INF][m GID 50, [ProcessVote] start
2019/04/23 20:12:44.152368 [1;35m[INF][m GID 50, [countAcceptedVote] start
2019/04/23 20:12:44.152427 [1;35m[INF][m GID 50, [countAcceptedVote] Received needed sign, collect it into AcceptVotes!
2019/04/23 20:12:44.152492 [1;35m[INF][m GID 50, Collect majority signs, finish proposal.
2019/04/23 20:12:44.152519 [1;35m[INF][m GID 50, [FinishProposal] start
2019/04/23 20:12:44.152577 [1;35m[INF][m GID 50, [TryAppendAndBroadcastConfirmBlockMsg] append confirm.
2019/04/23 20:12:44.158583 [1;35m[INF][m GID 50, [OnConfirmReceived] listener received confirm
2019/04/23 20:12:44.158669 [1;35m[INF][m GID 50, [OnProposalFinished] Sponsor: 0295890a17feb7d5191da656089b5daad83f596edcc491f5c91d025b42955a9f25, BlockHash: 660980c13391ea4b6b636c3a01171a0c83a490cfa83dfe62a7b7e0bd11fee7f2, EndTime: 2019-04-23 20:12:44.15863074 -0400 EDT m=+4.722472425, Result: true, ViewOffset: 0, ProposalHash: 0000000000000000000000000000000000000000000000000000000000000000
2019/04/23 20:12:44.158716 [1;35m[INF][m GID 50, [FinishConsensus] start
2019/04/23 20:12:44.158763 [1;35m[INF][m GID 50, [OnConsensusFinished] EndTime: 2019-04-23 20:12:44.158731182 -0400 EDT m=+4.722572862, Height: 463
2019/04/23 20:12:44.158808 [1;35m[INF][m GID 50, Clean proposals
2019/04/23 20:12:44.158859 [1;35m[INF][m GID 50, [FinishConsensus] end
2019/04/23 20:12:44.158896 [1;35m[INF][m GID 50, [FinishProposal] end
2019/04/23 20:12:44.158924 [1;35m[INF][m GID 50, [countAcceptedVote] end
2019/04/23 20:12:44.158952 [1;35m[INF][m GID 50, [ProcessVote] end
2019/04/23 20:12:44.158977 [1;35m[INF][m GID 50, [Normal-ProcessAcceptVote] end
2019/04/23 20:12:44.159010 [1;35m[INF][m GID 50, [OnVoteArrived] Signer: 02eafcd36390b064431b82a4b2934f6d93fddfcfa4a86602b2ae32d858b8d3bcd7, ProposalHash: 1cc71191483c382e1ffb54cb0a8d7a326c59786245a80612effe78c68c47344d, ReceivedTime: 2019-04-23 20:12:44.158987845 -0400 EDT m=+4.722829516, Result: true
2019/04/23 20:12:44.159035 [1;35m[INF][m GID 50, [onDutyArbitratorChanged] not onduty
2019/04/23 20:12:44.159059 [1;35m[INF][m GID 50, [OnVoteReceived] end
2019/04/23 20:12:44.159082 [1;35m[INF][m GID 50, [OnConfirmReceived] started, hash: 660980c13391ea4b6b636c3a01171a0c83a490cfa83dfe62a7b7e0bd11fee7f2
2019/04/23 20:12:44.159107 [1;35m[INF][m GID 50, [onDutyArbitratorChanged] not onduty
2019/04/23 20:12:44.159128 [1;35m[INF][m GID 50, [OnConfirmReceived] end
2019/04/23 20:12:49.044299 [1;35m[INF][m GID 447, [OnBlockReceived] listener received block
2019/04/23 20:12:49.045187 [1;35m[INF][m GID 50, [OnBlockReceived] start
2019/04/23 20:12:49.045225 [1;35m[INF][m GID 50, [Normal][OnBlockReceived] received first unsigned block, start consensus
2019/04/23 20:12:49.045249 [1;35m[INF][m GID 50, [StartConsensus] consensus start
2019/04/23 20:12:49.045289 [1;35m[INF][m GID 50, [OnViewStarted] OnDutyArbitrator: 02eafcd36390b064431b82a4b2934f6d93fddfcfa4a86602b2ae32d858b8d3bcd7, StartTime: 2019-04-23 20:12:49.045262918 -0400 EDT m=+9.609104589, Offset: 0, Height: 463
2019/04/23 20:12:49.045312 [1;35m[INF][m GID 50, [StartConsensus] consensus end
2019/04/23 20:12:49.045336 [1;35m[INF][m GID 50, [OnConsensusStarted] StartTime: 2019-04-23 20:12:49.045320168 -0400 EDT m=+9.609161838, Height: 464
2019/04/23 20:12:49.045355 [1;35m[INF][m GID 50, [OnBlockReceived] end
2019/04/23 20:12:49.052835 [1;35m[INF][m GID 50, [OnProposalReceived] started
2019/04/23 20:12:49.052870 [1;35m[INF][m GID 50, [Normal][ProcessProposal] start
2019/04/23 20:12:49.052896 [1;35m[INF][m GID 50, [ProcessProposal] start
2019/04/23 20:12:49.053162 [1;35m[INF][m GID 50, [TryStartSpeculatingProposal] start
2019/04/23 20:12:49.053203 [1;35m[INF][m GID 50, [TryStartSpeculatingProposal] end
2019/04/23 20:12:49.053234 [1;35m[INF][m GID 50, [acceptProposal] start
2019/04/23 20:12:49.053304 [1;35m[INF][m GID 50, [ProcessVote] start
2019/04/23 20:12:49.053473 [1;35m[INF][m GID 50, [countAcceptedVote] start
2019/04/23 20:12:49.053535 [1;35m[INF][m GID 50, [countAcceptedVote] Received needed sign, collect it into AcceptVotes!
2019/04/23 20:12:49.053566 [1;35m[INF][m GID 50, [countAcceptedVote] end
2019/04/23 20:12:49.053593 [1;35m[INF][m GID 50, [ProcessVote] end
2019/04/23 20:12:49.053625 [1;35m[INF][m GID 50, [BroadcastMessage] msg: acc_vote
2019/04/23 20:12:49.053655 [1;35m[INF][m GID 50, [acceptProposal] send acc_vote msg: 79724b040dbff72cea68d7110c9318001d711146b141854516d52640de64a6f1
2019/04/23 20:12:49.053690 [1;35m[INF][m GID 50, [OnVoteArrived] Signer: 0353197d11802fe0cd5409f064822b896ceaa675ea596287f1e5ce009be7684f08, ProposalHash: 1fec5a5565712331b2fcd104e7c9625e07d6c5b5a9afa6c35e8eab0530cd229a, ReceivedTime: 2019-04-23 20:12:49.053662992 -0400 EDT m=+9.617504662, Result: true
2019/04/23 20:12:49.053717 [1;35m[INF][m GID 50, [acceptProposal] end
2019/04/23 20:12:49.053742 [1;35m[INF][m GID 50, [ProcessProposal] end
2019/04/23 20:12:49.053765 [1;35m[INF][m GID 50, [Normal][ProcessProposal] end
2019/04/23 20:12:49.053793 [1;35m[INF][m GID 50, [OnProposalArrived] Sponsor: 02eafcd36390b064431b82a4b2934f6d93fddfcfa4a86602b2ae32d858b8d3bcd7, BlockHash: fa9d0c82b77a1c57f8df702a1d10809f2bf0daec6e0ee8a20eb79576cd800cec, ReceivedTime: 2019-04-23 20:12:49.053773195 -0400 EDT m=+9.617614865, Result: false, ViewOffset: 0, ProposalHash: 1fec5a5565712331b2fcd104e7c9625e07d6c5b5a9afa6c35e8eab0530cd229a
2019/04/23 20:12:49.053813 [1;35m[INF][m GID 50, [OnProposalReceived] end
2019/04/23 20:12:49.053833 [1;35m[INF][m GID 50, [OnVoteReceived] started
2019/04/23 20:12:49.053855 [1;35m[INF][m GID 50, [Normal-ProcessAcceptVote] start
2019/04/23 20:12:49.053878 [1;35m[INF][m GID 50, [ProcessVote] start
2019/04/23 20:12:49.054048 [1;35m[INF][m GID 50, [countAcceptedVote] start
2019/04/23 20:12:49.054091 [1;35m[INF][m GID 50, [countAcceptedVote] Received needed sign, collect it into AcceptVotes!
2019/04/23 20:12:49.054116 [1;35m[INF][m GID 50, [countAcceptedVote] end
2019/04/23 20:12:49.054140 [1;35m[INF][m GID 50, [ProcessVote] end
2019/04/23 20:12:49.054162 [1;35m[INF][m GID 50, [Normal-ProcessAcceptVote] end
2019/04/23 20:12:49.054187 [1;35m[INF][m GID 50, [OnVoteArrived] Signer: 02eafcd36390b064431b82a4b2934f6d93fddfcfa4a86602b2ae32d858b8d3bcd7, ProposalHash: 1fec5a5565712331b2fcd104e7c9625e07d6c5b5a9afa6c35e8eab0530cd229a, ReceivedTime: 2019-04-23 20:12:49.054169558 -0400 EDT m=+9.618011227, Result: true
2019/04/23 20:12:49.054207 [1;35m[INF][m GID 50, [OnVoteReceived] end
2019/04/23 20:12:49.121149 [1;35m[INF][m GID 50, [OnVoteReceived] started
2019/04/23 20:12:49.121198 [1;35m[INF][m GID 50, [Normal-ProcessAcceptVote] start
2019/04/23 20:12:49.121225 [1;35m[INF][m GID 50, [ProcessVote] start
2019/04/23 20:12:49.121461 [1;35m[INF][m GID 50, [countAcceptedVote] start
2019/04/23 20:12:49.121500 [1;35m[INF][m GID 50, [countAcceptedVote] Received needed sign, collect it into AcceptVotes!
2019/04/23 20:12:49.121528 [1;35m[INF][m GID 50, [countAcceptedVote] end
2019/04/23 20:12:49.121555 [1;35m[INF][m GID 50, [ProcessVote] end
2019/04/23 20:12:49.121578 [1;35m[INF][m GID 50, [Normal-ProcessAcceptVote] end
2019/04/23 20:12:49.121623 [1;35m[INF][m GID 50, [OnVoteArrived] Signer: 0386206d1d442f5c8ddcc9ae45ab85d921b6ade3a184f43b7ccf6de02f3ca0b450, ProposalHash: 1fec5a5565712331b2fcd104e7c9625e07d6c5b5a9afa6c35e8eab0530cd229a, ReceivedTime: 2019-04-23 20:12:49.121589102 -0400 EDT m=+9.685430773, Result: true
2019/04/23 20:12:49.121644 [1;35m[INF][m GID 50, [OnVoteReceived] end
2019/04/23 20:12:49.121720 [1;35m[INF][m GID 50, [OnVoteReceived] started
2019/04/23 20:12:49.121748 [1;35m[INF][m GID 50, [Normal-ProcessAcceptVote] start
2019/04/23 20:12:49.121772 [1;35m[INF][m GID 50, [ProcessVote] start
2019/04/23 20:12:49.121946 [1;35m[INF][m GID 50, [countAcceptedVote] start
2019/04/23 20:12:49.121980 [1;35m[INF][m GID 50, [countAcceptedVote] Received needed sign, collect it into AcceptVotes!
2019/04/23 20:12:49.122006 [1;35m[INF][m GID 50, [countAcceptedVote] end
2019/04/23 20:12:49.122032 [1;35m[INF][m GID 50, [ProcessVote] end
2019/04/23 20:12:49.122054 [1;35m[INF][m GID 50, [Normal-ProcessAcceptVote] end
2019/04/23 20:12:49.122087 [1;35m[INF][m GID 50, [OnVoteArrived] Signer: 032e74c386af5d672cb196334f2b6ee6451d61f2257f0837ea7af340ef4dea4e1a, ProposalHash: 1fec5a5565712331b2fcd104e7c9625e07d6c5b5a9afa6c35e8eab0530cd229a, ReceivedTime: 2019-04-23 20:12:49.122062881 -0400 EDT m=+9.685904551, Result: true
2019/04/23 20:12:49.122122 [1;35m[INF][m GID 50, [OnVoteReceived] end
2019/04/23 20:12:49.167194 [1;35m[INF][m GID 50, [OnVoteReceived] started
2019/04/23 20:12:49.167231 [1;35m[INF][m GID 50, [Normal-ProcessAcceptVote] start
2019/04/23 20:12:49.167258 [1;35m[INF][m GID 50, [ProcessVote] start
2019/04/23 20:12:49.167418 [1;35m[INF][m GID 50, [countAcceptedVote] start
2019/04/23 20:12:49.167445 [1;35m[INF][m GID 50, [countAcceptedVote] Received needed sign, collect it into AcceptVotes!
2019/04/23 20:12:49.167471 [1;35m[INF][m GID 50, Collect majority signs, finish proposal.
2019/04/23 20:12:49.167496 [1;35m[INF][m GID 50, [FinishProposal] start
2019/04/23 20:12:49.167531 [1;35m[INF][m GID 50, [TryAppendAndBroadcastConfirmBlockMsg] append confirm.
2019/04/23 20:12:49.278589 [1;35m[INF][m GID 50, [OnConfirmReceived] listener received confirm
2019/04/23 20:12:49.278759 [1;35m[INF][m GID 50, [OnProposalFinished] Sponsor: 02eafcd36390b064431b82a4b2934f6d93fddfcfa4a86602b2ae32d858b8d3bcd7, BlockHash: fa9d0c82b77a1c57f8df702a1d10809f2bf0daec6e0ee8a20eb79576cd800cec, EndTime: 2019-04-23 20:12:49.278723349 -0400 EDT m=+9.842565020, Result: true, ViewOffset: 0, ProposalHash: 0000000000000000000000000000000000000000000000000000000000000000
2019/04/23 20:12:49.278822 [1;35m[INF][m GID 50, [FinishConsensus] start
2019/04/23 20:12:49.278865 [1;35m[INF][m GID 50, [OnConsensusFinished] EndTime: 2019-04-23 20:12:49.278837181 -0400 EDT m=+9.842678851, Height: 464
2019/04/23 20:12:49.278961 [1;35m[INF][m GID 50, Clean proposals
2019/04/23 20:12:49.278992 [1;35m[INF][m GID 50, [FinishConsensus] end
2019/04/23 20:12:49.279022 [1;35m[INF][m GID 50, [FinishProposal] end
2019/04/23 20:12:49.279048 [1;35m[INF][m GID 50, [countAcceptedVote] end
2019/04/23 20:12:49.279075 [1;35m[INF][m GID 50, [ProcessVote] end
2019/04/23 20:12:49.279097 [1;35m[INF][m GID 50, [Normal-ProcessAcceptVote] end
2019/04/23 20:12:49.279245 [1;35m[INF][m GID 50, [OnVoteArrived] Signer: 021cfade3eddd057d8ca178057a88c4654b15c1ada7ee9ab65517f00beb6977556, ProposalHash: 1fec5a5565712331b2fcd104e7c9625e07d6c5b5a9afa6c35e8eab0530cd229a, ReceivedTime: 2019-04-23 20:12:49.279221035 -0400 EDT m=+9.843062704, Result: true
2019/04/23 20:12:49.279321 [1;35m[INF][m GID 50, [onDutyArbitratorChanged] not onduty
2019/04/23 20:12:49.279360 [1;35m[INF][m GID 50, [OnVoteReceived] end
2019/04/23 20:12:49.279383 [1;35m[INF][m GID 50, [OnConfirmReceived] started, hash: fa9d0c82b77a1c57f8df702a1d10809f2bf0daec6e0ee8a20eb79576cd800cec
2019/04/23 20:12:49.279408 [1;35m[INF][m GID 50, [onDutyArbitratorChanged] not onduty
2019/04/23 20:12:49.279426 [1;35m[INF][m GID 50, [OnConfirmReceived] end
2019/04/23 20:12:59.584977 [1;35m[INF][m GID 50, [OnVoteReceived] started
2019/04/23 20:12:59.593092 [1;35m[INF][m GID 50, [Normal-ProcessAcceptVote] start
2019/04/23 20:12:59.593234 [1;35m[INF][m GID 50, [Normal-ProcessAcceptVote] end
2019/04/23 20:12:59.593304 [1;35m[INF][m GID 50, [OnVoteArrived] Signer: 0386206d1d442f5c8ddcc9ae45ab85d921b6ade3a184f43b7ccf6de02f3ca0b450, ProposalHash: d76a2d2b09488450a52f11f127946faa173762152a2c4dd8b5f8becac4280a8d, ReceivedTime: 2019-04-23 20:12:59.593247656 -0400 EDT m=+20.157089326, Result: true
2019/04/23 20:12:59.593335 [1;35m[INF][m GID 50, [OnVoteReceived] end
2019/04/23 20:12:59.593412 [1;35m[INF][m GID 50, [OnVoteReceived] started
2019/04/23 20:12:59.593442 [1;35m[INF][m GID 50, [Normal-ProcessAcceptVote] start
2019/04/23 20:12:59.593495 [1;35m[INF][m GID 50, [Normal-ProcessAcceptVote] end
2019/04/23 20:12:59.593527 [1;35m[INF][m GID 50, [OnVoteArrived] Signer: 0295890a17feb7d5191da656089b5daad83f596edcc491f5c91d025b42955a9f25, ProposalHash: d76a2d2b09488450a52f11f127946faa173762152a2c4dd8b5f8becac4280a8d, ReceivedTime: 2019-04-23 20:12:59.593507729 -0400 EDT m=+20.157349407, Result: true
2019/04/23 20:12:59.593551 [1;35m[INF][m GID 50, [OnVoteReceived] end
2019/04/23 20:12:59.593603 [1;35m[INF][m GID 50, [OnVoteReceived] started
2019/04/23 20:12:59.593628 [1;35m[INF][m GID 50, [Normal-ProcessAcceptVote] start
2019/04/23 20:12:59.593695 [1;35m[INF][m GID 50, [Normal-ProcessAcceptVote] end
2019/04/23 20:12:59.593727 [1;35m[INF][m GID 50, [OnVoteArrived] Signer: 02eafcd36390b064431b82a4b2934f6d93fddfcfa4a86602b2ae32d858b8d3bcd7, ProposalHash: d76a2d2b09488450a52f11f127946faa173762152a2c4dd8b5f8becac4280a8d, ReceivedTime: 2019-04-23 20:12:59.593707483 -0400 EDT m=+20.157549158, Result: true
2019/04/23 20:12:59.593751 [1;35m[INF][m GID 50, [OnVoteReceived] end
2019/04/23 20:12:59.605074 [1;35m[INF][m GID 50, [OnVoteReceived] started
2019/04/23 20:12:59.605292 [1;35m[INF][m GID 50, [Normal-ProcessAcceptVote] start
2019/04/23 20:12:59.605345 [1;35m[INF][m GID 50, [Normal-ProcessAcceptVote] end
2019/04/23 20:12:59.605474 [1;35m[INF][m GID 50, [OnVoteArrived] Signer: 032e74c386af5d672cb196334f2b6ee6451d61f2257f0837ea7af340ef4dea4e1a, ProposalHash: d76a2d2b09488450a52f11f127946faa173762152a2c4dd8b5f8becac4280a8d, ReceivedTime: 2019-04-23 20:12:59.605409152 -0400 EDT m=+20.169250827, Result: true
2019/04/23 20:12:59.605499 [1;35m[INF][m GID 50, [OnVoteReceived] end
2019/04/23 20:12:59.605545 [1;35m[INF][m GID 50, [OnProposalReceived] started
2019/04/23 20:12:59.605573 [1;35m[INF][m GID 50, [Normal][ProcessProposal] start
2019/04/23 20:12:59.605601 [1;35m[INF][m GID 50, [ProcessProposal] start
2019/04/23 20:12:59.605952 [1;35m[INF][m GID 50, received pending proposal
2019/04/23 20:12:59.668701 [1;35m[INF][m GID 72, [OnBlockReceived] listener received block
2019/04/23 20:12:59.668796 [1;35m[INF][m GID 50, [ProcessProposal] end
2019/04/23 20:12:59.668828 [1;35m[INF][m GID 50, [Normal][ProcessProposal] end
2019/04/23 20:12:59.668861 [1;35m[INF][m GID 50, [OnProposalArrived] Sponsor: 032e74c386af5d672cb196334f2b6ee6451d61f2257f0837ea7af340ef4dea4e1a, BlockHash: 038a2710b010b4a921a61b742d88366a615f9d0d8b8d1033505362ff363df921, ReceivedTime: 2019-04-23 20:12:59.668836957 -0400 EDT m=+20.232678628, Result: false, ViewOffset: 0, ProposalHash: d76a2d2b09488450a52f11f127946faa173762152a2c4dd8b5f8becac4280a8d
2019/04/23 20:12:59.669010 [1;35m[INF][m GID 50, [OnProposalReceived] end
2019/04/23 20:12:59.670361 [1;35m[INF][m GID 50, [OnBlockReceived] start
2019/04/23 20:12:59.670471 [1;35m[INF][m GID 50, [Normal][OnBlockReceived] received first unsigned block, start consensus
2019/04/23 20:12:59.678700 [1;35m[INF][m GID 50, [StartConsensus] consensus start
2019/04/23 20:12:59.678810 [1;35m[INF][m GID 50, [ProcessProposal] start
2019/04/23 20:12:59.679011 [1;35m[INF][m GID 50, [TryStartSpeculatingProposal] start
2019/04/23 20:12:59.679062 [1;35m[INF][m GID 50, [TryStartSpeculatingProposal] end
2019/04/23 20:12:59.679101 [1;35m[INF][m GID 50, [acceptProposal] start
2019/04/23 20:12:59.679192 [1;35m[INF][m GID 50, [ProcessVote] start
2019/04/23 20:12:59.679346 [1;35m[INF][m GID 50, [countAcceptedVote] start
2019/04/23 20:12:59.679395 [1;35m[INF][m GID 50, [countAcceptedVote] Received needed sign, collect it into AcceptVotes!
2019/04/23 20:12:59.679428 [1;35m[INF][m GID 50, [countAcceptedVote] end
2019/04/23 20:12:59.679461 [1;35m[INF][m GID 50, [ProcessVote] end
2019/04/23 20:12:59.679491 [1;35m[INF][m GID 50, [BroadcastMessage] msg: acc_vote
2019/04/23 20:12:59.679538 [1;35m[INF][m GID 50, [acceptProposal] send acc_vote msg: d73d4751f41e7124802fc70913d2cd1461423a279984d40d0e1bb5334483e59b
2019/04/23 20:12:59.679583 [1;35m[INF][m GID 50, [OnVoteArrived] Signer: 0353197d11802fe0cd5409f064822b896ceaa675ea596287f1e5ce009be7684f08, ProposalHash: d76a2d2b09488450a52f11f127946faa173762152a2c4dd8b5f8becac4280a8d, ReceivedTime: 2019-04-23 20:12:59.679548377 -0400 EDT m=+20.243390045, Result: true
2019/04/23 20:12:59.679613 [1;35m[INF][m GID 50, [acceptProposal] end
2019/04/23 20:12:59.679651 [1;35m[INF][m GID 50, [ProcessProposal] end
2019/04/23 20:12:59.679687 [1;35m[INF][m GID 50, [OnViewStarted] OnDutyArbitrator: 032e74c386af5d672cb196334f2b6ee6451d61f2257f0837ea7af340ef4dea4e1a, StartTime: 2019-04-23 20:12:59.679665363 -0400 EDT m=+20.243507032, Offset: 0, Height: 465
2019/04/23 20:12:59.679748 [1;35m[INF][m GID 50, [StartConsensus] consensus end
2019/04/23 20:12:59.679777 [1;35m[INF][m GID 50, [OnConsensusStarted] StartTime: 2019-04-23 20:12:59.67975979 -0400 EDT m=+20.243601458, Height: 465
2019/04/23 20:12:59.679799 [1;35m[INF][m GID 50, [OnBlockReceived] end
2019/04/23 20:12:59.679863 [1;35m[INF][m GID 50, [ProcessBlock] received block: 038a2710b010b4a921a61b742d88366a615f9d0d8b8d1033505362ff363df921
2019/04/23 20:12:59.679899 [1;31m[ERR][m GID 50, [OnBlock] err:  duplicate block in pool
2019/04/23 20:12:59.759199 [1;35m[INF][m GID 50, [OnVoteReceived] started
2019/04/23 20:12:59.788903 [1;35m[INF][m GID 50, [Normal-ProcessAcceptVote] start
2019/04/23 20:12:59.788939 [1;35m[INF][m GID 50, [ProcessVote] start
2019/04/23 20:12:59.789398 [1;35m[INF][m GID 50, [countAcceptedVote] start
2019/04/23 20:12:59.789436 [1;35m[INF][m GID 50, [countAcceptedVote] Received needed sign, collect it into AcceptVotes!
2019/04/23 20:12:59.789464 [1;35m[INF][m GID 50, [countAcceptedVote] end
2019/04/23 20:12:59.789490 [1;35m[INF][m GID 50, [ProcessVote] end
2019/04/23 20:12:59.790722 [1;35m[INF][m GID 50, [Normal-ProcessAcceptVote] end
2019/04/23 20:12:59.953110 [1;35m[INF][m GID 50, [OnVoteArrived] Signer: 021cfade3eddd057d8ca178057a88c4654b15c1ada7ee9ab65517f00beb6977556, ProposalHash: d76a2d2b09488450a52f11f127946faa173762152a2c4dd8b5f8becac4280a8d, ReceivedTime: 2019-04-23 20:12:59.953047591 -0400 EDT m=+20.516889273, Result: true
2019/04/23 20:12:59.953168 [1;35m[INF][m GID 50, [OnVoteReceived] end
2019/04/23 20:12:59.955206 [1;35m[INF][m GID 72, [OnConfirmReceived] listener received confirm
2019/04/23 20:12:59.955251 [1;35m[INF][m GID 72, [OnBlockReceived] listener received block
2019/04/23 20:12:59.956587 [1;35m[INF][m GID 50, [OnConfirmReceived] started, hash: 038a2710b010b4a921a61b742d88366a615f9d0d8b8d1033505362ff363df921
2019/04/23 20:12:59.956628 [1;35m[INF][m GID 50, [FinishConsensus] start
2019/04/23 20:12:59.956669 [1;35m[INF][m GID 50, [OnConsensusFinished] EndTime: 2019-04-23 20:12:59.95664258 -0400 EDT m=+20.520484250, Height: 465
2019/04/23 20:12:59.956698 [1;35m[INF][m GID 50, Clean proposals
2019/04/23 20:12:59.956727 [1;35m[INF][m GID 50, [FinishConsensus] end
2019/04/23 20:12:59.956754 [1;35m[INF][m GID 50, [onDutyArbitratorChanged] onduty
2019/04/23 20:12:59.956779 [1;35m[INF][m GID 50, [OnConfirmReceived] end
2019/04/23 20:12:59.956839 [1;35m[INF][m GID 50, [OnBlockReceived] start
2019/04/23 20:12:59.956867 [1;35m[INF][m GID 50, [onDutyArbitratorChanged] onduty
2019/04/23 20:12:59.956892 [1;35m[INF][m GID 50, [OnBlockReceived] received confirmed block
2019/04/23 20:12:59.956916 [1;35m[INF][m GID 50, [OnBlockReceived] end
2019/04/23 20:13:18.002999 [1;35m[INF][m GID 72, [OnBlockReceived] listener received block
2019/04/23 20:13:18.003076 [1;35m[INF][m GID 50, [OnBlockReceived] start
2019/04/23 20:13:18.003118 [1;35m[INF][m GID 50, [OnDuty][OnBlockReceived] received first unsigned block, start consensus
2019/04/23 20:13:18.003142 [1;35m[INF][m GID 50, [StartConsensus] consensus start
2019/04/23 20:13:18.003179 [1;35m[INF][m GID 50, [OnViewStarted] OnDutyArbitrator: 0353197d11802fe0cd5409f064822b896ceaa675ea596287f1e5ce009be7684f08, StartTime: 2019-04-23 20:13:18.003154493 -0400 EDT m=+38.566996165, Offset: 0, Height: 465
2019/04/23 20:13:18.003220 [1;35m[INF][m GID 50, [StartConsensus] consensus end
2019/04/23 20:13:18.003245 [1;35m[INF][m GID 50, [StartProposal] start
2019/04/23 20:13:18.003326 [1;35m[INF][m GID 50, [StartProposal] sponsor: [3 83 25 125 17 128 47 224 205 84 9 240 100 130 43 137 108 234 166 117 234 89 98 135 241 229 206 0 155 231 104 79 8]
2019/04/23 20:13:18.003354 [1;35m[INF][m GID 50, [StartProposal] send proposal message finished, Proposal Hash:  f036e308bd3306109439129e28c76fe98c271e89d7357120dc907a2faf3c3f6c
2019/04/23 20:13:18.003400 [1;35m[INF][m GID 50, [BroadcastMessage] msg: proposal
2019/04/23 20:13:18.003434 [1;35m[INF][m GID 50, [OnProposalArrived] Sponsor: 0353197d11802fe0cd5409f064822b896ceaa675ea596287f1e5ce009be7684f08, BlockHash: 0264226d7888685b242f3f781e6856af5e9cdccc7e740ad932e7e4a17c71fc51, ReceivedTime: 2019-04-23 20:13:18.003410637 -0400 EDT m=+38.567252311, Result: false, ViewOffset: 0, ProposalHash: f48036d6aa987c8538aa341af85c51775c0093fbe0e6272a4133bfd056c75ca8
2019/04/23 20:13:18.003458 [1;35m[INF][m GID 50, [acceptProposal] start
2019/04/23 20:13:18.003529 [1;35m[INF][m GID 50, [ProcessVote] start
2019/04/23 20:13:18.003675 [1;35m[INF][m GID 50, [countAcceptedVote] start
2019/04/23 20:13:18.003713 [1;35m[INF][m GID 50, [countAcceptedVote] Received needed sign, collect it into AcceptVotes!
2019/04/23 20:13:18.003741 [1;35m[INF][m GID 50, [countAcceptedVote] end
2019/04/23 20:13:18.003765 [1;35m[INF][m GID 50, [ProcessVote] end
2019/04/23 20:13:18.003804 [1;35m[INF][m GID 50, [BroadcastMessage] msg: acc_vote
2019/04/23 20:13:18.003861 [1;35m[INF][m GID 50, [acceptProposal] send acc_vote msg: 9019d9368dec59a968be2cfd737c67b3fe8cc92f897fe5ee438f56850eb411a7
2019/04/23 20:13:18.003896 [1;35m[INF][m GID 50, [OnVoteArrived] Signer: 0353197d11802fe0cd5409f064822b896ceaa675ea596287f1e5ce009be7684f08, ProposalHash: f48036d6aa987c8538aa341af85c51775c0093fbe0e6272a4133bfd056c75ca8, ReceivedTime: 2019-04-23 20:13:18.003873212 -0400 EDT m=+38.567714903, Result: true
2019/04/23 20:13:18.003919 [1;35m[INF][m GID 50, [acceptProposal] end
2019/04/23 20:13:18.003940 [1;35m[INF][m GID 50, [StartProposal] end
2019/04/23 20:13:18.003960 [1;35m[INF][m GID 50, [OnConsensusStarted] StartTime: 2019-04-23 20:13:18.003944652 -0400 EDT m=+38.567786325, Height: 466
2019/04/23 20:13:18.003989 [1;35m[INF][m GID 50, [OnBlockReceived] end
2019/04/23 20:13:18.085961 [1;35m[INF][m GID 50, [OnVoteReceived] started
2019/04/23 20:13:18.088094 [1;35m[INF][m GID 50, [Onduty-ProcessAcceptVote] start
2019/04/23 20:13:18.088192 [1;35m[INF][m GID 50, [OnVoteReceived] Received needed sign, collect it
2019/04/23 20:13:18.088306 [1;35m[INF][m GID 50, [ProcessVote] start
2019/04/23 20:13:18.088478 [1;35m[INF][m GID 50, [countAcceptedVote] start
2019/04/23 20:13:18.088739 [1;35m[INF][m GID 50, [countAcceptedVote] Received needed sign, collect it into AcceptVotes!
2019/04/23 20:13:18.088765 [1;35m[INF][m GID 50, [countAcceptedVote] end
2019/04/23 20:13:18.088865 [1;35m[INF][m GID 50, [ProcessVote] end
2019/04/23 20:13:18.088888 [1;35m[INF][m GID 50, [Onduty-ProcessAcceptVote] end
2019/04/23 20:13:18.088981 [1;35m[INF][m GID 50, [OnVoteArrived] Signer: 0386206d1d442f5c8ddcc9ae45ab85d921b6ade3a184f43b7ccf6de02f3ca0b450, ProposalHash: f48036d6aa987c8538aa341af85c51775c0093fbe0e6272a4133bfd056c75ca8, ReceivedTime: 2019-04-23 20:13:18.088958045 -0400 EDT m=+38.652799716, Result: true
2019/04/23 20:13:18.089070 [1;35m[INF][m GID 50, [OnVoteReceived] end
2019/04/23 20:13:18.089113 [1;35m[INF][m GID 50, [OnVoteReceived] started
2019/04/23 20:13:18.089199 [1;35m[INF][m GID 50, [Onduty-ProcessAcceptVote] start
2019/04/23 20:13:18.089286 [1;35m[INF][m GID 50, [OnVoteReceived] Received needed sign, collect it
2019/04/23 20:13:18.089310 [1;35m[INF][m GID 50, [ProcessVote] start
2019/04/23 20:13:18.089509 [1;35m[INF][m GID 50, [countAcceptedVote] start
2019/04/23 20:13:18.089887 [1;35m[INF][m GID 50, [countAcceptedVote] Received needed sign, collect it into AcceptVotes!
2019/04/23 20:13:18.089912 [1;35m[INF][m GID 50, [countAcceptedVote] end
2019/04/23 20:13:18.089935 [1;35m[INF][m GID 50, [ProcessVote] end
2019/04/23 20:13:18.089957 [1;35m[INF][m GID 50, [Onduty-ProcessAcceptVote] end
2019/04/23 20:13:18.089983 [1;35m[INF][m GID 50, [OnVoteArrived] Signer: 02eafcd36390b064431b82a4b2934f6d93fddfcfa4a86602b2ae32d858b8d3bcd7, ProposalHash: f48036d6aa987c8538aa341af85c51775c0093fbe0e6272a4133bfd056c75ca8, ReceivedTime: 2019-04-23 20:13:18.08996502 -0400 EDT m=+38.653806689, Result: true
2019/04/23 20:13:18.090007 [1;35m[INF][m GID 50, [OnVoteReceived] end
2019/04/23 20:13:18.090488 [1;35m[INF][m GID 50, [OnVoteReceived] started
2019/04/23 20:13:18.090561 [1;35m[INF][m GID 50, [Onduty-ProcessAcceptVote] start
2019/04/23 20:13:18.090588 [1;35m[INF][m GID 50, [OnVoteReceived] Received needed sign, collect it
2019/04/23 20:13:18.090612 [1;35m[INF][m GID 50, [ProcessVote] start
2019/04/23 20:13:18.090813 [1;35m[INF][m GID 50, [countAcceptedVote] start
2019/04/23 20:13:18.090846 [1;35m[INF][m GID 50, [countAcceptedVote] Received needed sign, collect it into AcceptVotes!
2019/04/23 20:13:18.090964 [1;35m[INF][m GID 50, [countAcceptedVote] end
2019/04/23 20:13:18.092815 [1;35m[INF][m GID 50, [ProcessVote] end
2019/04/23 20:13:18.094728 [1;35m[INF][m GID 50, [Onduty-ProcessAcceptVote] end
2019/04/23 20:13:18.094759 [1;35m[INF][m GID 50, [OnVoteArrived] Signer: 021cfade3eddd057d8ca178057a88c4654b15c1ada7ee9ab65517f00beb6977556, ProposalHash: f48036d6aa987c8538aa341af85c51775c0093fbe0e6272a4133bfd056c75ca8, ReceivedTime: 2019-04-23 20:13:18.094738122 -0400 EDT m=+38.658579792, Result: true
2019/04/23 20:13:18.094818 [1;35m[INF][m GID 50, [OnVoteReceived] end
2019/04/23 20:13:18.289552 [1;35m[INF][m GID 50, [OnVoteReceived] started
2019/04/23 20:13:18.289604 [1;35m[INF][m GID 50, [Onduty-ProcessAcceptVote] start
2019/04/23 20:13:18.289636 [1;35m[INF][m GID 50, [OnVoteReceived] Received needed sign, collect it
2019/04/23 20:13:18.289667 [1;35m[INF][m GID 50, [ProcessVote] start
2019/04/23 20:13:18.289860 [1;35m[INF][m GID 50, [countAcceptedVote] start
2019/04/23 20:13:18.289940 [1;35m[INF][m GID 50, [countAcceptedVote] Received needed sign, collect it into AcceptVotes!
2019/04/23 20:13:18.290002 [1;35m[INF][m GID 50, Collect majority signs, finish proposal.
2019/04/23 20:13:18.290035 [1;35m[INF][m GID 50, [FinishProposal] start
2019/04/23 20:13:18.290102 [1;35m[INF][m GID 50, [TryAppendAndBroadcastConfirmBlockMsg] append confirm.
2019/04/23 20:13:18.291744 [1;35m[INF][m GID 50, [OnConfirmReceived] listener received confirm
2019/04/23 20:13:18.291825 [1;35m[INF][m GID 50, [OnProposalFinished] Sponsor: 0353197d11802fe0cd5409f064822b896ceaa675ea596287f1e5ce009be7684f08, BlockHash: 0264226d7888685b242f3f781e6856af5e9cdccc7e740ad932e7e4a17c71fc51, EndTime: 2019-04-23 20:13:18.291788763 -0400 EDT m=+38.855630441, Result: true, ViewOffset: 0, ProposalHash: 0000000000000000000000000000000000000000000000000000000000000000
2019/04/23 20:13:18.291862 [1;35m[INF][m GID 50, [FinishConsensus] start
2019/04/23 20:13:18.291904 [1;35m[INF][m GID 50, [OnConsensusFinished] EndTime: 2019-04-23 20:13:18.291875492 -0400 EDT m=+38.855717161, Height: 466
2019/04/23 20:13:18.291939 [1;35m[INF][m GID 50, Clean proposals
2019/04/23 20:13:18.291976 [1;35m[INF][m GID 50, [FinishConsensus] end
2019/04/23 20:13:18.292008 [1;35m[INF][m GID 50, [FinishProposal] end
2019/04/23 20:13:18.292095 [1;35m[INF][m GID 50, [countAcceptedVote] end
2019/04/23 20:13:18.292126 [1;35m[INF][m GID 50, [ProcessVote] end
2019/04/23 20:13:18.292156 [1;35m[INF][m GID 50, [Onduty-ProcessAcceptVote] end
2019/04/23 20:13:18.292193 [1;35m[INF][m GID 50, [OnVoteArrived] Signer: 0295890a17feb7d5191da656089b5daad83f596edcc491f5c91d025b42955a9f25, ProposalHash: f48036d6aa987c8538aa341af85c51775c0093fbe0e6272a4133bfd056c75ca8, ReceivedTime: 2019-04-23 20:13:18.292169081 -0400 EDT m=+38.856010750, Result: true
2019/04/23 20:13:18.292222 [1;35m[INF][m GID 50, [onDutyArbitratorChanged] not onduty
2019/04/23 20:13:18.292248 [1;35m[INF][m GID 50, [OnVoteReceived] end
2019/04/23 20:13:18.292275 [1;35m[INF][m GID 50, [OnConfirmReceived] started, hash: 0264226d7888685b242f3f781e6856af5e9cdccc7e740ad932e7e4a17c71fc51
2019/04/23 20:13:18.292301 [1;35m[INF][m GID 50, [onDutyArbitratorChanged] not onduty
2019/04/23 20:13:18.292325 [1;35m[INF][m GID 50, [OnConfirmReceived] end
2019/04/23 20:13:18.308802 [1;35m[INF][m GID 50, [OnVoteReceived] started
2019/04/23 20:13:18.308839 [1;35m[INF][m GID 50, [Normal-ProcessAcceptVote] start
2019/04/23 20:13:18.308872 [1;35m[INF][m GID 50, [Normal-ProcessAcceptVote] end
2019/04/23 20:13:18.308906 [1;35m[INF][m GID 50, [OnVoteArrived] Signer: 032e74c386af5d672cb196334f2b6ee6451d61f2257f0837ea7af340ef4dea4e1a, ProposalHash: f48036d6aa987c8538aa341af85c51775c0093fbe0e6272a4133bfd056c75ca8, ReceivedTime: 2019-04-23 20:13:18.308880954 -0400 EDT m=+38.872722623, Result: true
2019/04/23 20:13:18.308925 [1;35m[INF][m GID 50, [OnVoteReceived] end
2019/04/23 20:13:21.873251 [1;35m[INF][m GID 50, [OnVoteReceived] started
2019/04/23 20:13:21.873318 [1;35m[INF][m GID 50, [Normal-ProcessAcceptVote] start
2019/04/23 20:13:21.873350 [1;35m[INF][m GID 50, [Normal-ProcessAcceptVote] end
2019/04/23 20:13:21.873394 [1;35m[INF][m GID 50, [OnVoteArrived] Signer: 0295890a17feb7d5191da656089b5daad83f596edcc491f5c91d025b42955a9f25, ProposalHash: f611a303f19037f386954800abdb76dab67ade72a5b711e53ebabb77b5cdb3b1, ReceivedTime: 2019-04-23 20:13:21.873363928 -0400 EDT m=+42.437205599, Result: true
2019/04/23 20:13:21.875472 [1;35m[INF][m GID 50, [OnVoteReceived] end
2019/04/23 20:13:21.877630 [1;35m[INF][m GID 50, [OnProposalReceived] started
2019/04/23 20:13:21.888374 [1;35m[INF][m GID 50, [Normal][ProcessProposal] start
2019/04/23 20:13:21.888412 [1;35m[INF][m GID 50, [ProcessProposal] start
2019/04/23 20:13:21.888703 [1;35m[INF][m GID 50, received pending proposal
2019/04/23 20:13:21.891311 [1;35m[INF][m GID 50, [ProcessProposal] end
2019/04/23 20:13:21.891351 [1;35m[INF][m GID 50, [Normal][ProcessProposal] end
2019/04/23 20:13:21.891412 [1;35m[INF][m GID 50, [OnProposalArrived] Sponsor: 0386206d1d442f5c8ddcc9ae45ab85d921b6ade3a184f43b7ccf6de02f3ca0b450, BlockHash: 65602408f1f48855fa78346a3df980919694a336218c6d0d7771866be8e998e3, ReceivedTime: 2019-04-23 20:13:21.89136672 -0400 EDT m=+42.455208391, Result: false, ViewOffset: 0, ProposalHash: f611a303f19037f386954800abdb76dab67ade72a5b711e53ebabb77b5cdb3b1
2019/04/23 20:13:21.906990 [1;35m[INF][m GID 50, [OnProposalReceived] end
2019/04/23 20:13:21.920137 [1;35m[INF][m GID 50, [OnVoteReceived] started
2019/04/23 20:13:21.959248 [1;35m[INF][m GID 50, [Normal-ProcessAcceptVote] start
2019/04/23 20:13:21.960141 [1;35m[INF][m GID 50, [Normal-ProcessAcceptVote] end
2019/04/23 20:13:21.960423 [1;35m[INF][m GID 50, [OnVoteArrived] Signer: 0386206d1d442f5c8ddcc9ae45ab85d921b6ade3a184f43b7ccf6de02f3ca0b450, ProposalHash: f611a303f19037f386954800abdb76dab67ade72a5b711e53ebabb77b5cdb3b1, ReceivedTime: 2019-04-23 20:13:21.960394103 -0400 EDT m=+42.524235777, Result: true
2019/04/23 20:13:21.960553 [1;35m[INF][m GID 50, [OnVoteReceived] end
2019/04/23 20:13:21.960655 [1;35m[INF][m GID 50, [ProcessBlock] received block: 65602408f1f48855fa78346a3df980919694a336218c6d0d7771866be8e998e3
2019/04/23 20:13:21.961171 [1;35m[INF][m GID 50, [OnBlockReceived] listener received block
2019/04/23 20:13:21.963130 [1;35m[INF][m GID 50, [OnBlockReceived] start
2019/04/23 20:13:21.963191 [1;35m[INF][m GID 50, [Normal][OnBlockReceived] received first unsigned block, start consensus
2019/04/23 20:13:21.966652 [1;35m[INF][m GID 50, [StartConsensus] consensus start
2019/04/23 20:13:21.969136 [1;35m[INF][m GID 50, [ProcessProposal] start
2019/04/23 20:13:21.969519 [1;35m[INF][m GID 50, [TryStartSpeculatingProposal] start
2019/04/23 20:13:21.976789 [1;35m[INF][m GID 50, [TryStartSpeculatingProposal] end
2019/04/23 20:13:21.976833 [1;35m[INF][m GID 50, [acceptProposal] start
2019/04/23 20:13:21.976921 [1;35m[INF][m GID 50, [ProcessVote] start
2019/04/23 20:13:21.977082 [1;35m[INF][m GID 50, [countAcceptedVote] start
2019/04/23 20:13:21.977348 [1;35m[INF][m GID 50, [countAcceptedVote] Received needed sign, collect it into AcceptVotes!
2019/04/23 20:13:21.977384 [1;35m[INF][m GID 50, [countAcceptedVote] end
2019/04/23 20:13:21.977418 [1;35m[INF][m GID 50, [ProcessVote] end
2019/04/23 20:13:21.977448 [1;35m[INF][m GID 50, [BroadcastMessage] msg: acc_vote
2019/04/23 20:13:21.977484 [1;35m[INF][m GID 50, [acceptProposal] send acc_vote msg: 3e4f05a0acafd1cafbf86aa4bd7ef77a85d4337f64403123102d3cb2905e3be4
2019/04/23 20:13:21.977530 [1;35m[INF][m GID 50, [OnVoteArrived] Signer: 0353197d11802fe0cd5409f064822b896ceaa675ea596287f1e5ce009be7684f08, ProposalHash: f611a303f19037f386954800abdb76dab67ade72a5b711e53ebabb77b5cdb3b1, ReceivedTime: 2019-04-23 20:13:21.977499436 -0400 EDT m=+42.541341103, Result: true
2019/04/23 20:13:21.977564 [1;35m[INF][m GID 50, [acceptProposal] end
2019/04/23 20:13:21.977592 [1;35m[INF][m GID 50, [ProcessProposal] end
2019/04/23 20:13:21.977763 [1;35m[INF][m GID 50, [OnViewStarted] OnDutyArbitrator: 0386206d1d442f5c8ddcc9ae45ab85d921b6ade3a184f43b7ccf6de02f3ca0b450, StartTime: 2019-04-23 20:13:21.977689348 -0400 EDT m=+42.541531017, Offset: 0, Height: 467
2019/04/23 20:13:21.978699 [1;35m[INF][m GID 50, [StartConsensus] consensus end
2019/04/23 20:13:21.978732 [1;35m[INF][m GID 50, [OnConsensusStarted] StartTime: 2019-04-23 20:13:21.978714021 -0400 EDT m=+42.542555689, Height: 467
2019/04/23 20:13:21.978755 [1;35m[INF][m GID 50, [OnBlockReceived] end
2019/04/23 20:13:21.996247 [1;35m[INF][m GID 50, [OnVoteReceived] started
2019/04/23 20:13:21.996299 [1;35m[INF][m GID 50, [Normal-ProcessAcceptVote] start
2019/04/23 20:13:21.996363 [1;35m[INF][m GID 50, [ProcessVote] start
2019/04/23 20:13:21.996547 [1;35m[INF][m GID 50, [countAcceptedVote] start
2019/04/23 20:13:21.996617 [1;35m[INF][m GID 50, [countAcceptedVote] Received needed sign, collect it into AcceptVotes!
2019/04/23 20:13:21.996654 [1;35m[INF][m GID 50, [countAcceptedVote] end
2019/04/23 20:13:21.996700 [1;35m[INF][m GID 50, [ProcessVote] end
2019/04/23 20:13:21.996731 [1;35m[INF][m GID 50, [Normal-ProcessAcceptVote] end
2019/04/23 20:13:21.996807 [1;35m[INF][m GID 50, [OnVoteArrived] Signer: 021cfade3eddd057d8ca178057a88c4654b15c1ada7ee9ab65517f00beb6977556, ProposalHash: f611a303f19037f386954800abdb76dab67ade72a5b711e53ebabb77b5cdb3b1, ReceivedTime: 2019-04-23 20:13:21.996776139 -0400 EDT m=+42.560617818, Result: true
2019/04/23 20:13:21.996837 [1;35m[INF][m GID 50, [OnVoteReceived] end
2019/04/23 20:13:22.080763 [1;35m[INF][m GID 50, [OnVoteReceived] started
2019/04/23 20:13:22.080817 [1;35m[INF][m GID 50, [Normal-ProcessAcceptVote] start
2019/04/23 20:13:22.080844 [1;35m[INF][m GID 50, [ProcessVote] start
2019/04/23 20:13:22.081011 [1;35m[INF][m GID 50, [countAcceptedVote] start
2019/04/23 20:13:22.081042 [1;35m[INF][m GID 50, [countAcceptedVote] Received needed sign, collect it into AcceptVotes!
2019/04/23 20:13:22.081113 [1;35m[INF][m GID 50, [countAcceptedVote] end
2019/04/23 20:13:22.081147 [1;35m[INF][m GID 50, [ProcessVote] end
2019/04/23 20:13:22.081170 [1;35m[INF][m GID 50, [Normal-ProcessAcceptVote] end
2019/04/23 20:13:22.081201 [1;35m[INF][m GID 50, [OnVoteArrived] Signer: 02eafcd36390b064431b82a4b2934f6d93fddfcfa4a86602b2ae32d858b8d3bcd7, ProposalHash: f611a303f19037f386954800abdb76dab67ade72a5b711e53ebabb77b5cdb3b1, ReceivedTime: 2019-04-23 20:13:22.081178682 -0400 EDT m=+42.645020354, Result: true
2019/04/23 20:13:22.081222 [1;35m[INF][m GID 50, [OnVoteReceived] end
2019/04/23 20:13:22.140106 [1;35m[INF][m GID 50, [OnVoteReceived] started
2019/04/23 20:13:22.140172 [1;35m[INF][m GID 50, [Normal-ProcessAcceptVote] start
2019/04/23 20:13:22.140228 [1;35m[INF][m GID 50, [ProcessVote] start
2019/04/23 20:13:22.140447 [1;35m[INF][m GID 50, [countAcceptedVote] start
2019/04/23 20:13:22.140505 [1;35m[INF][m GID 50, [countAcceptedVote] Received needed sign, collect it into AcceptVotes!
2019/04/23 20:13:22.140535 [1;35m[INF][m GID 50, [countAcceptedVote] end
2019/04/23 20:13:22.140583 [1;35m[INF][m GID 50, [ProcessVote] end
2019/04/23 20:13:22.140610 [1;35m[INF][m GID 50, [Normal-ProcessAcceptVote] end
2019/04/23 20:13:22.140646 [1;35m[INF][m GID 50, [OnVoteArrived] Signer: 032e74c386af5d672cb196334f2b6ee6451d61f2257f0837ea7af340ef4dea4e1a, ProposalHash: f611a303f19037f386954800abdb76dab67ade72a5b711e53ebabb77b5cdb3b1, ReceivedTime: 2019-04-23 20:13:22.140622103 -0400 EDT m=+42.704463772, Result: true
2019/04/23 20:13:22.140704 [1;35m[INF][m GID 50, [OnVoteReceived] end
2019/04/23 20:13:22.362841 [1;35m[INF][m GID 72, [UpdatePeers] peers: 6  height:  467
2019/04/23 20:13:22.362931 [1;35m[INF][m GID 72, peer[ 0353197d11802fe0cd5409f064822b896ceaa675ea596287f1e5ce009be7684f08 ] addr: 127.0.0.1:10216  pid: 0353197d11802fe0cd5409f064822b896ceaa675ea596287f1e5ce009be7684f08
2019/04/23 20:13:22.362984 [1;35m[INF][m GID 72, peer[ 021cfade3eddd057d8ca178057a88c4654b15c1ada7ee9ab65517f00beb6977556 ] addr:   pid: 021cfade3eddd057d8ca178057a88c4654b15c1ada7ee9ab65517f00beb6977556
2019/04/23 20:13:22.363059 [1;35m[INF][m GID 72, peer[ 0295890a17feb7d5191da656089b5daad83f596edcc491f5c91d025b42955a9f25 ] addr:   pid: 0295890a17feb7d5191da656089b5daad83f596edcc491f5c91d025b42955a9f25
2019/04/23 20:13:22.363165 [1;35m[INF][m GID 72, peer[ 032e74c386af5d672cb196334f2b6ee6451d61f2257f0837ea7af340ef4dea4e1a ] addr: 127.0.0.1:10316  pid: 032e74c386af5d672cb196334f2b6ee6451d61f2257f0837ea7af340ef4dea4e1a
2019/04/23 20:13:22.363271 [1;35m[INF][m GID 72, peer[ 02eafcd36390b064431b82a4b2934f6d93fddfcfa4a86602b2ae32d858b8d3bcd7 ] addr: 127.0.0.1:10416  pid: 02eafcd36390b064431b82a4b2934f6d93fddfcfa4a86602b2ae32d858b8d3bcd7
2019/04/23 20:13:22.363337 [1;35m[INF][m GID 72, peer[ 0386206d1d442f5c8ddcc9ae45ab85d921b6ade3a184f43b7ccf6de02f3ca0b450 ] addr: 127.0.0.1:10116  pid: 0386206d1d442f5c8ddcc9ae45ab85d921b6ade3a184f43b7ccf6de02f3ca0b450
2019/04/23 20:13:22.363725 [1;35m[INF][m GID 72, [OnConfirmReceived] listener received confirm
2019/04/23 20:13:22.363784 [1;35m[INF][m GID 72, [OnBlockReceived] listener received block
2019/04/23 20:13:22.364919 [1;35m[INF][m GID 50, [OnConfirmReceived] started, hash: 65602408f1f48855fa78346a3df980919694a336218c6d0d7771866be8e998e3
2019/04/23 20:13:22.364990 [1;35m[INF][m GID 50, [FinishConsensus] start
2019/04/23 20:13:22.365032 [1;35m[INF][m GID 50, [OnConsensusFinished] EndTime: 2019-04-23 20:13:22.365005086 -0400 EDT m=+42.928846766, Height: 467
2019/04/23 20:13:22.365062 [1;35m[INF][m GID 50, Clean proposals
2019/04/23 20:13:22.365086 [1;35m[INF][m GID 50, [FinishConsensus] end
2019/04/23 20:13:22.365127 [1;35m[INF][m GID 50, [onDutyArbitratorChanged] not onduty
2019/04/23 20:13:22.365152 [1;35m[INF][m GID 50, [OnConfirmReceived] end
2019/04/23 20:13:22.365176 [1;35m[INF][m GID 50, [OnBlockReceived] start
2019/04/23 20:13:22.365204 [1;35m[INF][m GID 50, [onDutyArbitratorChanged] not onduty
2019/04/23 20:13:22.365224 [1;35m[INF][m GID 50, [OnBlockReceived] received confirmed block
2019/04/23 20:13:22.365260 [1;35m[INF][m GID 50, [OnBlockReceived] end
2019/04/23 20:13:28.032399 [1;35m[INF][m GID 50, [OnVoteReceived] started
2019/04/23 20:13:28.032476 [1;35m[INF][m GID 50, [Normal-ProcessAcceptVote] start
2019/04/23 20:13:28.032537 [1;35m[INF][m GID 50, [Normal-ProcessAcceptVote] end
2019/04/23 20:13:28.032603 [1;35m[INF][m GID 50, [OnVoteArrived] Signer: 021cfade3eddd057d8ca178057a88c4654b15c1ada7ee9ab65517f00beb6977556, ProposalHash: cbf0948116a58c438246f0a39bae701016430bb4ed6df4e92db6d4d7f63e03ee, ReceivedTime: 2019-04-23 20:13:28.032553157 -0400 EDT m=+48.596394837, Result: true
2019/04/23 20:13:28.032638 [1;35m[INF][m GID 50, [OnVoteReceived] end
2019/04/23 20:13:28.032689 [1;35m[INF][m GID 50, [OnProposalReceived] started
2019/04/23 20:13:28.032724 [1;35m[INF][m GID 50, [Normal][ProcessProposal] start
2019/04/23 20:13:28.032793 [1;35m[INF][m GID 50, [ProcessProposal] start
2019/04/23 20:13:28.033251 [1;35m[INF][m GID 50, received pending proposal
2019/04/23 20:13:28.033319 [1;35m[INF][m GID 50, [ProcessProposal] end
2019/04/23 20:13:28.033380 [1;35m[INF][m GID 50, [Normal][ProcessProposal] end
2019/04/23 20:13:28.033600 [1;35m[INF][m GID 50, [OnProposalArrived] Sponsor: 021cfade3eddd057d8ca178057a88c4654b15c1ada7ee9ab65517f00beb6977556, BlockHash: 5af7e545f4d64722d96a35cc41b0e3b97532a2f56cebf0094d829b7f120605db, ReceivedTime: 2019-04-23 20:13:28.033422872 -0400 EDT m=+48.597264550, Result: false, ViewOffset: 0, ProposalHash: cbf0948116a58c438246f0a39bae701016430bb4ed6df4e92db6d4d7f63e03ee
2019/04/23 20:13:28.033645 [1;35m[INF][m GID 50, [OnProposalReceived] end
2019/04/23 20:13:28.041697 [1;35m[INF][m GID 72, [OnBlockReceived] listener received block
2019/04/23 20:13:28.041816 [1;35m[INF][m GID 50, [OnBlockReceived] start
2019/04/23 20:13:28.041870 [1;35m[INF][m GID 50, [Normal][OnBlockReceived] received first unsigned block, start consensus
2019/04/23 20:13:28.041896 [1;35m[INF][m GID 50, [StartConsensus] consensus start
2019/04/23 20:13:28.041954 [1;35m[INF][m GID 50, [ProcessProposal] start
2019/04/23 20:13:28.042245 [1;35m[INF][m GID 50, [TryStartSpeculatingProposal] start
2019/04/23 20:13:28.042352 [1;35m[INF][m GID 50, [TryStartSpeculatingProposal] end
2019/04/23 20:13:28.042408 [1;35m[INF][m GID 50, [acceptProposal] start
2019/04/23 20:13:28.042483 [1;35m[INF][m GID 50, [ProcessVote] start
2019/04/23 20:13:28.042660 [1;35m[INF][m GID 50, [countAcceptedVote] start
2019/04/23 20:13:28.042723 [1;35m[INF][m GID 50, [countAcceptedVote] Received needed sign, collect it into AcceptVotes!
2019/04/23 20:13:28.042756 [1;35m[INF][m GID 50, [countAcceptedVote] end
2019/04/23 20:13:28.055832 [1;35m[INF][m GID 50, [ProcessVote] end
2019/04/23 20:13:28.055910 [1;35m[INF][m GID 50, [BroadcastMessage] msg: acc_vote
2019/04/23 20:13:28.055947 [1;35m[INF][m GID 50, [acceptProposal] send acc_vote msg: 3189e9630efc51eae876a4c2e1b006caca5508585d6b95d7dbd0d5c8446b547d
2019/04/23 20:13:28.055999 [1;35m[INF][m GID 50, [OnVoteArrived] Signer: 0353197d11802fe0cd5409f064822b896ceaa675ea596287f1e5ce009be7684f08, ProposalHash: cbf0948116a58c438246f0a39bae701016430bb4ed6df4e92db6d4d7f63e03ee, ReceivedTime: 2019-04-23 20:13:28.055956179 -0400 EDT m=+48.619797851, Result: true
2019/04/23 20:13:28.056032 [1;35m[INF][m GID 50, [acceptProposal] end
2019/04/23 20:13:28.056059 [1;35m[INF][m GID 50, [ProcessProposal] end
2019/04/23 20:13:28.056090 [1;35m[INF][m GID 50, [OnViewStarted] OnDutyArbitrator: 021cfade3eddd057d8ca178057a88c4654b15c1ada7ee9ab65517f00beb6977556, StartTime: 2019-04-23 20:13:28.056069372 -0400 EDT m=+48.619911043, Offset: 0, Height: 468
2019/04/23 20:13:28.056112 [1;35m[INF][m GID 50, [StartConsensus] consensus end
2019/04/23 20:13:28.056136 [1;35m[INF][m GID 50, [OnConsensusStarted] StartTime: 2019-04-23 20:13:28.05611963 -0400 EDT m=+48.619961303, Height: 468
2019/04/23 20:13:28.056153 [1;35m[INF][m GID 50, [OnBlockReceived] end
2019/04/23 20:13:28.071291 [1;35m[INF][m GID 50, [ProcessBlock] received block: 5af7e545f4d64722d96a35cc41b0e3b97532a2f56cebf0094d829b7f120605db
2019/04/23 20:13:28.071361 [1;31m[ERR][m GID 50, [OnBlock] err:  duplicate block in pool
2019/04/23 20:13:28.101175 [1;35m[INF][m GID 50, [OnVoteReceived] started
2019/04/23 20:13:28.101359 [1;35m[INF][m GID 50, [Normal-ProcessAcceptVote] start
2019/04/23 20:13:28.101586 [1;35m[INF][m GID 50, [ProcessVote] start
2019/04/23 20:13:28.111038 [1;35m[INF][m GID 50, [countAcceptedVote] start
2019/04/23 20:13:28.111402 [1;35m[INF][m GID 50, [countAcceptedVote] Received needed sign, collect it into AcceptVotes!
2019/04/23 20:13:28.111766 [1;35m[INF][m GID 50, [countAcceptedVote] end
2019/04/23 20:13:28.111959 [1;35m[INF][m GID 50, [ProcessVote] end
2019/04/23 20:13:28.112152 [1;35m[INF][m GID 50, [Normal-ProcessAcceptVote] end
2019/04/23 20:13:28.112479 [1;35m[INF][m GID 50, [OnVoteArrived] Signer: 0295890a17feb7d5191da656089b5daad83f596edcc491f5c91d025b42955a9f25, ProposalHash: cbf0948116a58c438246f0a39bae701016430bb4ed6df4e92db6d4d7f63e03ee, ReceivedTime: 2019-04-23 20:13:28.112431801 -0400 EDT m=+48.676273483, Result: true
2019/04/23 20:13:28.114411 [1;35m[INF][m GID 50, [OnVoteReceived] end
2019/04/23 20:13:28.117682 [1;35m[INF][m GID 50, [OnVoteReceived] started
2019/04/23 20:13:28.150148 [1;35m[INF][m GID 50, [Normal-ProcessAcceptVote] start
2019/04/23 20:13:28.150884 [1;35m[INF][m GID 50, [ProcessVote] start
2019/04/23 20:13:28.151262 [1;35m[INF][m GID 50, [countAcceptedVote] start
2019/04/23 20:13:28.154778 [1;35m[INF][m GID 50, [countAcceptedVote] Received needed sign, collect it into AcceptVotes!
2019/04/23 20:13:28.156141 [1;35m[INF][m GID 50, [countAcceptedVote] end
2019/04/23 20:13:28.156227 [1;35m[INF][m GID 50, [ProcessVote] end
2019/04/23 20:13:28.156311 [1;35m[INF][m GID 50, [Normal-ProcessAcceptVote] end
2019/04/23 20:13:28.156390 [1;35m[INF][m GID 50, [OnVoteArrived] Signer: 0386206d1d442f5c8ddcc9ae45ab85d921b6ade3a184f43b7ccf6de02f3ca0b450, ProposalHash: cbf0948116a58c438246f0a39bae701016430bb4ed6df4e92db6d4d7f63e03ee, ReceivedTime: 2019-04-23 20:13:28.156355291 -0400 EDT m=+48.720196977, Result: true
2019/04/23 20:13:28.156422 [1;35m[INF][m GID 50, [OnVoteReceived] end
2019/04/23 20:13:28.156517 [1;35m[INF][m GID 50, [OnVoteReceived] started
2019/04/23 20:13:28.156586 [1;35m[INF][m GID 50, [Normal-ProcessAcceptVote] start
2019/04/23 20:13:28.156633 [1;35m[INF][m GID 50, [ProcessVote] start
2019/04/23 20:13:28.156893 [1;35m[INF][m GID 50, [countAcceptedVote] start
2019/04/23 20:13:28.156966 [1;35m[INF][m GID 50, [countAcceptedVote] Received needed sign, collect it into AcceptVotes!
2019/04/23 20:13:28.157004 [1;35m[INF][m GID 50, [countAcceptedVote] end
2019/04/23 20:13:28.157061 [1;35m[INF][m GID 50, [ProcessVote] end
2019/04/23 20:13:28.157098 [1;35m[INF][m GID 50, [Normal-ProcessAcceptVote] end
2019/04/23 20:13:28.157173 [1;35m[INF][m GID 50, [OnVoteArrived] Signer: 02eafcd36390b064431b82a4b2934f6d93fddfcfa4a86602b2ae32d858b8d3bcd7, ProposalHash: cbf0948116a58c438246f0a39bae701016430bb4ed6df4e92db6d4d7f63e03ee, ReceivedTime: 2019-04-23 20:13:28.157141105 -0400 EDT m=+48.720982783, Result: true
2019/04/23 20:13:28.157206 [1;35m[INF][m GID 50, [OnVoteReceived] end
2019/04/23 20:13:28.302434 [1;35m[INF][m GID 72, [OnConfirmReceived] listener received confirm
2019/04/23 20:13:28.302503 [1;35m[INF][m GID 72, [OnBlockReceived] listener received block
2019/04/23 20:13:28.321381 [1;35m[INF][m GID 50, [OnConfirmReceived] started, hash: 5af7e545f4d64722d96a35cc41b0e3b97532a2f56cebf0094d829b7f120605db
2019/04/23 20:13:28.322214 [1;35m[INF][m GID 50, [FinishConsensus] start
2019/04/23 20:13:28.322253 [1;35m[INF][m GID 50, [OnConsensusFinished] EndTime: 2019-04-23 20:13:28.322225434 -0400 EDT m=+48.886067101, Height: 468
2019/04/23 20:13:28.322277 [1;35m[INF][m GID 50, Clean proposals
2019/04/23 20:13:28.322303 [1;35m[INF][m GID 50, [FinishConsensus] end
2019/04/23 20:13:28.322324 [1;35m[INF][m GID 50, [onDutyArbitratorChanged] not onduty
2019/04/23 20:13:28.322345 [1;35m[INF][m GID 50, [OnConfirmReceived] end
2019/04/23 20:13:28.322365 [1;35m[INF][m GID 50, [OnBlockReceived] start
2019/04/23 20:13:28.322388 [1;35m[INF][m GID 50, [onDutyArbitratorChanged] not onduty
2019/04/23 20:13:28.322406 [1;35m[INF][m GID 50, [OnBlockReceived] received confirmed block
2019/04/23 20:13:28.322424 [1;35m[INF][m GID 50, [OnBlockReceived] end
2019/04/23 20:13:28.373371 [1;35m[INF][m GID 50, [OnVoteReceived] started
2019/04/23 20:13:28.379894 [1;35m[INF][m GID 50, [Normal-ProcessAcceptVote] start
2019/04/23 20:13:28.379992 [1;35m[INF][m GID 50, [Normal-ProcessAcceptVote] end
2019/04/23 20:13:28.380029 [1;35m[INF][m GID 50, [OnVoteArrived] Signer: 032e74c386af5d672cb196334f2b6ee6451d61f2257f0837ea7af340ef4dea4e1a, ProposalHash: cbf0948116a58c438246f0a39bae701016430bb4ed6df4e92db6d4d7f63e03ee, ReceivedTime: 2019-04-23 20:13:28.380005074 -0400 EDT m=+48.943846744, Result: true
2019/04/23 20:13:28.380103 [1;35m[INF][m GID 50, [OnVoteReceived] end
2019/04/23 20:13:32.579336 [1;35m[INF][m GID 72, [OnBlockReceived] listener received block
2019/04/23 20:13:32.579495 [1;35m[INF][m GID 50, [OnBlockReceived] start
2019/04/23 20:13:32.579527 [1;35m[INF][m GID 50, [Normal][OnBlockReceived] received first unsigned block, start consensus
2019/04/23 20:13:32.579550 [1;35m[INF][m GID 50, [StartConsensus] consensus start
2019/04/23 20:13:32.579587 [1;35m[INF][m GID 50, [OnViewStarted] OnDutyArbitrator: 0295890a17feb7d5191da656089b5daad83f596edcc491f5c91d025b42955a9f25, StartTime: 2019-04-23 20:13:32.579563357 -0400 EDT m=+53.143405026, Offset: 0, Height: 468
2019/04/23 20:13:32.579619 [1;35m[INF][m GID 50, [StartConsensus] consensus end
2019/04/23 20:13:32.579644 [1;35m[INF][m GID 50, [OnConsensusStarted] StartTime: 2019-04-23 20:13:32.579627777 -0400 EDT m=+53.143469446, Height: 469
2019/04/23 20:13:32.579662 [1;35m[INF][m GID 50, [OnBlockReceived] end
2019/04/23 20:13:32.601968 [1;35m[INF][m GID 50, [OnProposalReceived] started
2019/04/23 20:13:32.613389 [1;35m[INF][m GID 50, [Normal][ProcessProposal] start
2019/04/23 20:13:32.615364 [1;35m[INF][m GID 50, [ProcessProposal] start
2019/04/23 20:13:32.615602 [1;35m[INF][m GID 50, [TryStartSpeculatingProposal] start
2019/04/23 20:13:32.616393 [1;35m[INF][m GID 50, [TryStartSpeculatingProposal] end
2019/04/23 20:13:32.616432 [1;35m[INF][m GID 50, [acceptProposal] start
2019/04/23 20:13:32.653384 [1;35m[INF][m GID 50, [ProcessVote] start
2019/04/23 20:13:32.653623 [1;35m[INF][m GID 50, [countAcceptedVote] start
2019/04/23 20:13:32.653689 [1;35m[INF][m GID 50, [countAcceptedVote] Received needed sign, collect it into AcceptVotes!
2019/04/23 20:13:32.653751 [1;35m[INF][m GID 50, [countAcceptedVote] end
2019/04/23 20:13:32.653812 [1;35m[INF][m GID 50, [ProcessVote] end
2019/04/23 20:13:32.653845 [1;35m[INF][m GID 50, [BroadcastMessage] msg: acc_vote
2019/04/23 20:13:32.653905 [1;35m[INF][m GID 50, [acceptProposal] send acc_vote msg: 6e92a5483758366fbdf336b86d5f803416734feb4c01cd1fcdf2a41250934c50
2019/04/23 20:13:32.653947 [1;35m[INF][m GID 50, [OnVoteArrived] Signer: 0353197d11802fe0cd5409f064822b896ceaa675ea596287f1e5ce009be7684f08, ProposalHash: f3dab3e0950ecf4b57ed4a80d97e689180036858ee8307b45ac4ff80143102f3, ReceivedTime: 2019-04-23 20:13:32.653918005 -0400 EDT m=+53.217759682, Result: true
2019/04/23 20:13:32.654004 [1;35m[INF][m GID 50, [acceptProposal] end
2019/04/23 20:13:32.654034 [1;35m[INF][m GID 50, [ProcessProposal] end
2019/04/23 20:13:32.654062 [1;35m[INF][m GID 50, [Normal][ProcessProposal] end
2019/04/23 20:13:32.665678 [1;35m[INF][m GID 50, [OnProposalArrived] Sponsor: 0295890a17feb7d5191da656089b5daad83f596edcc491f5c91d025b42955a9f25, BlockHash: 5ae6a086a81d42e033ed29c78acb3f8cb9074a08abde0d632f35c531dc4d1949, ReceivedTime: 2019-04-23 20:13:32.654070929 -0400 EDT m=+53.217912600, Result: false, ViewOffset: 0, ProposalHash: f3dab3e0950ecf4b57ed4a80d97e689180036858ee8307b45ac4ff80143102f3
2019/04/23 20:13:32.665752 [1;35m[INF][m GID 50, [OnProposalReceived] end
2019/04/23 20:13:32.665812 [1;35m[INF][m GID 50, [OnVoteReceived] started
2019/04/23 20:13:32.665872 [1;35m[INF][m GID 50, [Normal-ProcessAcceptVote] start
2019/04/23 20:13:32.665933 [1;35m[INF][m GID 50, [ProcessVote] start
2019/04/23 20:13:32.666111 [1;35m[INF][m GID 50, [countAcceptedVote] start
2019/04/23 20:13:32.695363 [1;35m[INF][m GID 50, [countAcceptedVote] Received needed sign, collect it into AcceptVotes!
2019/04/23 20:13:32.695441 [1;35m[INF][m GID 50, [countAcceptedVote] end
2019/04/23 20:13:32.695475 [1;35m[INF][m GID 50, [ProcessVote] end
2019/04/23 20:13:32.695499 [1;35m[INF][m GID 50, [Normal-ProcessAcceptVote] end
2019/04/23 20:13:32.695533 [1;35m[INF][m GID 50, [OnVoteArrived] Signer: 0295890a17feb7d5191da656089b5daad83f596edcc491f5c91d025b42955a9f25, ProposalHash: f3dab3e0950ecf4b57ed4a80d97e689180036858ee8307b45ac4ff80143102f3, ReceivedTime: 2019-04-23 20:13:32.695508615 -0400 EDT m=+53.259350289, Result: true
2019/04/23 20:13:32.695553 [1;35m[INF][m GID 50, [OnVoteReceived] end
2019/04/23 20:13:32.695575 [1;35m[INF][m GID 50, [OnVoteReceived] started
2019/04/23 20:13:32.695597 [1;35m[INF][m GID 50, [Normal-ProcessAcceptVote] start
2019/04/23 20:13:32.695620 [1;35m[INF][m GID 50, [ProcessVote] start
2019/04/23 20:13:32.695779 [1;35m[INF][m GID 50, [countAcceptedVote] start
2019/04/23 20:13:32.695805 [1;35m[INF][m GID 50, [countAcceptedVote] Received needed sign, collect it into AcceptVotes!
2019/04/23 20:13:32.695830 [1;35m[INF][m GID 50, [countAcceptedVote] end
2019/04/23 20:13:32.695853 [1;35m[INF][m GID 50, [ProcessVote] end
2019/04/23 20:13:32.695884 [1;35m[INF][m GID 50, [Normal-ProcessAcceptVote] end
2019/04/23 20:13:32.695909 [1;35m[INF][m GID 50, [OnVoteArrived] Signer: 0386206d1d442f5c8ddcc9ae45ab85d921b6ade3a184f43b7ccf6de02f3ca0b450, ProposalHash: f3dab3e0950ecf4b57ed4a80d97e689180036858ee8307b45ac4ff80143102f3, ReceivedTime: 2019-04-23 20:13:32.695892001 -0400 EDT m=+53.259733670, Result: true
2019/04/23 20:13:32.695929 [1;35m[INF][m GID 50, [OnVoteReceived] end
2019/04/23 20:13:32.695948 [1;35m[INF][m GID 50, [OnVoteReceived] started
2019/04/23 20:13:32.695969 [1;35m[INF][m GID 50, [Normal-ProcessAcceptVote] start
2019/04/23 20:13:32.695992 [1;35m[INF][m GID 50, [ProcessVote] start
2019/04/23 20:13:32.696182 [1;35m[INF][m GID 50, [countAcceptedVote] start
2019/04/23 20:13:32.696219 [1;35m[INF][m GID 50, [countAcceptedVote] Received needed sign, collect it into AcceptVotes!
2019/04/23 20:13:32.696245 [1;35m[INF][m GID 50, [countAcceptedVote] end
2019/04/23 20:13:32.696268 [1;35m[INF][m GID 50, [ProcessVote] end
2019/04/23 20:13:32.696290 [1;35m[INF][m GID 50, [Normal-ProcessAcceptVote] end
2019/04/23 20:13:32.696317 [1;35m[INF][m GID 50, [OnVoteArrived] Signer: 02eafcd36390b064431b82a4b2934f6d93fddfcfa4a86602b2ae32d858b8d3bcd7, ProposalHash: f3dab3e0950ecf4b57ed4a80d97e689180036858ee8307b45ac4ff80143102f3, ReceivedTime: 2019-04-23 20:13:32.69629845 -0400 EDT m=+53.260140119, Result: true
2019/04/23 20:13:32.696344 [1;35m[INF][m GID 50, [OnVoteReceived] end
2019/04/23 20:13:32.696599 [1;35m[INF][m GID 50, [OnVoteReceived] started
2019/04/23 20:13:32.696626 [1;35m[INF][m GID 50, [Normal-ProcessAcceptVote] start
2019/04/23 20:13:32.696650 [1;35m[INF][m GID 50, [ProcessVote] start
2019/04/23 20:13:32.696796 [1;35m[INF][m GID 50, [countAcceptedVote] start
2019/04/23 20:13:32.696822 [1;35m[INF][m GID 50, [countAcceptedVote] Received needed sign, collect it into AcceptVotes!
2019/04/23 20:13:32.696846 [1;35m[INF][m GID 50, Collect majority signs, finish proposal.
2019/04/23 20:13:32.696871 [1;35m[INF][m GID 50, [FinishProposal] start
2019/04/23 20:13:32.696906 [1;35m[INF][m GID 50, [TryAppendAndBroadcastConfirmBlockMsg] append confirm.
2019/04/23 20:13:32.760807 [1;35m[INF][m GID 50, [OnConfirmReceived] listener received confirm
2019/04/23 20:13:32.760896 [1;35m[INF][m GID 50, [OnProposalFinished] Sponsor: 0295890a17feb7d5191da656089b5daad83f596edcc491f5c91d025b42955a9f25, BlockHash: 5ae6a086a81d42e033ed29c78acb3f8cb9074a08abde0d632f35c531dc4d1949, EndTime: 2019-04-23 20:13:32.760857945 -0400 EDT m=+53.324699619, Result: true, ViewOffset: 0, ProposalHash: 0000000000000000000000000000000000000000000000000000000000000000
2019/04/23 20:13:32.760935 [1;35m[INF][m GID 50, [FinishConsensus] start
2019/04/23 20:13:32.761006 [1;35m[INF][m GID 50, [OnConsensusFinished] EndTime: 2019-04-23 20:13:32.760948308 -0400 EDT m=+53.324789978, Height: 469
2019/04/23 20:13:32.761046 [1;35m[INF][m GID 50, Clean proposals
2019/04/23 20:13:32.761102 [1;35m[INF][m GID 50, [FinishConsensus] end
2019/04/23 20:13:32.761139 [1;35m[INF][m GID 50, [FinishProposal] end
2019/04/23 20:13:32.761197 [1;35m[INF][m GID 50, [countAcceptedVote] end
2019/04/23 20:13:32.761232 [1;35m[INF][m GID 50, [ProcessVote] end
2019/04/23 20:13:32.761281 [1;35m[INF][m GID 50, [Normal-ProcessAcceptVote] end
2019/04/23 20:13:32.761322 [1;35m[INF][m GID 50, [OnVoteArrived] Signer: 021cfade3eddd057d8ca178057a88c4654b15c1ada7ee9ab65517f00beb6977556, ProposalHash: f3dab3e0950ecf4b57ed4a80d97e689180036858ee8307b45ac4ff80143102f3, ReceivedTime: 2019-04-23 20:13:32.76129859 -0400 EDT m=+53.325140260, Result: true
2019/04/23 20:13:32.761382 [1;35m[INF][m GID 50, [onDutyArbitratorChanged] not onduty
2019/04/23 20:13:32.761412 [1;35m[INF][m GID 50, [OnVoteReceived] end
2019/04/23 20:13:32.761440 [1;35m[INF][m GID 50, [OnConfirmReceived] started, hash: 5ae6a086a81d42e033ed29c78acb3f8cb9074a08abde0d632f35c531dc4d1949
2019/04/23 20:13:32.761493 [1;35m[INF][m GID 50, [onDutyArbitratorChanged] not onduty
2019/04/23 20:13:32.761539 [1;35m[INF][m GID 50, [OnConfirmReceived] end
2019/04/23 20:13:32.761590 [1;35m[INF][m GID 50, [OnVoteReceived] started
2019/04/23 20:13:32.761624 [1;35m[INF][m GID 50, [Normal-ProcessAcceptVote] start
2019/04/23 20:13:32.761680 [1;35m[INF][m GID 50, [Normal-ProcessAcceptVote] end
2019/04/23 20:13:32.761719 [1;35m[INF][m GID 50, [OnVoteArrived] Signer: 032e74c386af5d672cb196334f2b6ee6451d61f2257f0837ea7af340ef4dea4e1a, ProposalHash: f3dab3e0950ecf4b57ed4a80d97e689180036858ee8307b45ac4ff80143102f3, ReceivedTime: 2019-04-23 20:13:32.761696278 -0400 EDT m=+53.325537947, Result: true
2019/04/23 20:13:32.761782 [1;35m[INF][m GID 50, [OnVoteReceived] end
2019/04/23 20:13:34.003021 [1;35m[INF][m GID 72, [OnBlockReceived] listener received block
2019/04/23 20:13:34.003116 [1;35m[INF][m GID 50, [OnBlockReceived] start
2019/04/23 20:13:34.003146 [1;35m[INF][m GID 50, [Normal][OnBlockReceived] received first unsigned block, start consensus
2019/04/23 20:13:34.003183 [1;35m[INF][m GID 50, [StartConsensus] consensus start
2019/04/23 20:13:34.003223 [1;35m[INF][m GID 50, [OnViewStarted] OnDutyArbitrator: 02eafcd36390b064431b82a4b2934f6d93fddfcfa4a86602b2ae32d858b8d3bcd7, StartTime: 2019-04-23 20:13:34.003197834 -0400 EDT m=+54.567039505, Offset: 0, Height: 469
2019/04/23 20:13:34.003246 [1;35m[INF][m GID 50, [StartConsensus] consensus end
2019/04/23 20:13:34.003266 [1;35m[INF][m GID 50, [OnConsensusStarted] StartTime: 2019-04-23 20:13:34.003250391 -0400 EDT m=+54.567092061, Height: 470
2019/04/23 20:13:34.003295 [1;35m[INF][m GID 50, [OnBlockReceived] end
2019/04/23 20:13:34.097907 [1;35m[INF][m GID 50, [OnProposalReceived] started
2019/04/23 20:13:34.097962 [1;35m[INF][m GID 50, [Normal][ProcessProposal] start
2019/04/23 20:13:34.097997 [1;35m[INF][m GID 50, [ProcessProposal] start
2019/04/23 20:13:34.098955 [1;35m[INF][m GID 50, [TryStartSpeculatingProposal] start
2019/04/23 20:13:34.099001 [1;35m[INF][m GID 50, [TryStartSpeculatingProposal] end
2019/04/23 20:13:34.099041 [1;35m[INF][m GID 50, [acceptProposal] start
2019/04/23 20:13:34.099129 [1;35m[INF][m GID 50, [ProcessVote] start
2019/04/23 20:13:34.099343 [1;35m[INF][m GID 50, [countAcceptedVote] start
2019/04/23 20:13:34.099384 [1;35m[INF][m GID 50, [countAcceptedVote] Received needed sign, collect it into AcceptVotes!
2019/04/23 20:13:34.099421 [1;35m[INF][m GID 50, [countAcceptedVote] end
2019/04/23 20:13:34.099456 [1;35m[INF][m GID 50, [ProcessVote] end
2019/04/23 20:13:34.099490 [1;35m[INF][m GID 50, [BroadcastMessage] msg: acc_vote
2019/04/23 20:13:34.099529 [1;35m[INF][m GID 50, [acceptProposal] send acc_vote msg: 22df54c9916b21b5bf948db1688304f20e2264a4cfa6d58aa6574b8f1343f79b
2019/04/23 20:13:34.099577 [1;35m[INF][m GID 50, [OnVoteArrived] Signer: 0353197d11802fe0cd5409f064822b896ceaa675ea596287f1e5ce009be7684f08, ProposalHash: bbe3fb7c7e833a4d6e5e18fdf82721876edadd82e75bcd23845d1bf380254380, ReceivedTime: 2019-04-23 20:13:34.099542737 -0400 EDT m=+54.663384406, Result: true
2019/04/23 20:13:34.099612 [1;35m[INF][m GID 50, [acceptProposal] end
2019/04/23 20:13:34.099644 [1;35m[INF][m GID 50, [ProcessProposal] end
2019/04/23 20:13:34.099675 [1;35m[INF][m GID 50, [Normal][ProcessProposal] end
2019/04/23 20:13:34.099717 [1;35m[INF][m GID 50, [OnProposalArrived] Sponsor: 02eafcd36390b064431b82a4b2934f6d93fddfcfa4a86602b2ae32d858b8d3bcd7, BlockHash: 40e287f229f3eb2184aba6344f29d656be9fd004ad5af9c7a734ae008eecebad, ReceivedTime: 2019-04-23 20:13:34.099688346 -0400 EDT m=+54.663530018, Result: false, ViewOffset: 0, ProposalHash: bbe3fb7c7e833a4d6e5e18fdf82721876edadd82e75bcd23845d1bf380254380
2019/04/23 20:13:34.099745 [1;35m[INF][m GID 50, [OnProposalReceived] end
2019/04/23 20:13:34.099771 [1;35m[INF][m GID 50, [OnVoteReceived] started
2019/04/23 20:13:34.099801 [1;35m[INF][m GID 50, [Normal-ProcessAcceptVote] start
2019/04/23 20:13:34.099832 [1;35m[INF][m GID 50, [ProcessVote] start
2019/04/23 20:13:34.099991 [1;35m[INF][m GID 50, [countAcceptedVote] start
2019/04/23 20:13:34.100034 [1;35m[INF][m GID 50, [countAcceptedVote] Received needed sign, collect it into AcceptVotes!
2019/04/23 20:13:34.100066 [1;35m[INF][m GID 50, [countAcceptedVote] end
2019/04/23 20:13:34.100163 [1;35m[INF][m GID 50, [ProcessVote] end
2019/04/23 20:13:34.100198 [1;35m[INF][m GID 50, [Normal-ProcessAcceptVote] end
2019/04/23 20:13:34.100235 [1;35m[INF][m GID 50, [OnVoteArrived] Signer: 02eafcd36390b064431b82a4b2934f6d93fddfcfa4a86602b2ae32d858b8d3bcd7, ProposalHash: bbe3fb7c7e833a4d6e5e18fdf82721876edadd82e75bcd23845d1bf380254380, ReceivedTime: 2019-04-23 20:13:34.10021143 -0400 EDT m=+54.664053099, Result: true
2019/04/23 20:13:34.100262 [1;35m[INF][m GID 50, [OnVoteReceived] end
2019/04/23 20:13:34.203268 [1;35m[INF][m GID 50, [OnVoteReceived] started
2019/04/23 20:13:34.203316 [1;35m[INF][m GID 50, [Normal-ProcessAcceptVote] start
2019/04/23 20:13:34.203342 [1;35m[INF][m GID 50, [ProcessVote] start
2019/04/23 20:13:34.203514 [1;35m[INF][m GID 50, [countAcceptedVote] start
2019/04/23 20:13:34.203603 [1;35m[INF][m GID 50, [countAcceptedVote] Received needed sign, collect it into AcceptVotes!
2019/04/23 20:13:34.203634 [1;35m[INF][m GID 50, [countAcceptedVote] end
2019/04/23 20:13:34.203678 [1;35m[INF][m GID 50, [ProcessVote] end
2019/04/23 20:13:34.203704 [1;35m[INF][m GID 50, [Normal-ProcessAcceptVote] end
2019/04/23 20:13:34.203735 [1;35m[INF][m GID 50, [OnVoteArrived] Signer: 032e74c386af5d672cb196334f2b6ee6451d61f2257f0837ea7af340ef4dea4e1a, ProposalHash: bbe3fb7c7e833a4d6e5e18fdf82721876edadd82e75bcd23845d1bf380254380, ReceivedTime: 2019-04-23 20:13:34.203711842 -0400 EDT m=+54.767553512, Result: true
2019/04/23 20:13:34.203782 [1;35m[INF][m GID 50, [OnVoteReceived] end
2019/04/23 20:13:34.220653 [1;35m[INF][m GID 50, [OnVoteReceived] started
2019/04/23 20:13:34.220714 [1;35m[INF][m GID 50, [Normal-ProcessAcceptVote] start
2019/04/23 20:13:34.220745 [1;35m[INF][m GID 50, [ProcessVote] start
2019/04/23 20:13:34.220927 [1;35m[INF][m GID 50, [countAcceptedVote] start
2019/04/23 20:13:34.221263 [1;35m[INF][m GID 50, [countAcceptedVote] Received needed sign, collect it into AcceptVotes!
2019/04/23 20:13:34.221295 [1;35m[INF][m GID 50, [countAcceptedVote] end
2019/04/23 20:13:34.221323 [1;35m[INF][m GID 50, [ProcessVote] end
2019/04/23 20:13:34.221347 [1;35m[INF][m GID 50, [Normal-ProcessAcceptVote] end
2019/04/23 20:13:34.221384 [1;35m[INF][m GID 50, [OnVoteArrived] Signer: 021cfade3eddd057d8ca178057a88c4654b15c1ada7ee9ab65517f00beb6977556, ProposalHash: bbe3fb7c7e833a4d6e5e18fdf82721876edadd82e75bcd23845d1bf380254380, ReceivedTime: 2019-04-23 20:13:34.221356056 -0400 EDT m=+54.785197725, Result: true
2019/04/23 20:13:34.221405 [1;35m[INF][m GID 50, [OnVoteReceived] end
2019/04/23 20:13:34.221429 [1;35m[INF][m GID 50, [OnVoteReceived] started
2019/04/23 20:13:34.221452 [1;35m[INF][m GID 50, [Normal-ProcessAcceptVote] start
2019/04/23 20:13:34.221479 [1;35m[INF][m GID 50, [ProcessVote] start
2019/04/23 20:13:34.221628 [1;35m[INF][m GID 50, [countAcceptedVote] start
2019/04/23 20:13:34.221660 [1;35m[INF][m GID 50, [countAcceptedVote] Received needed sign, collect it into AcceptVotes!
2019/04/23 20:13:34.221686 [1;35m[INF][m GID 50, Collect majority signs, finish proposal.
2019/04/23 20:13:34.221715 [1;35m[INF][m GID 50, [FinishProposal] start
2019/04/23 20:13:34.221755 [1;35m[INF][m GID 50, [TryAppendAndBroadcastConfirmBlockMsg] append confirm.
2019/04/23 20:13:34.257040 [1;35m[INF][m GID 50, [OnConfirmReceived] listener received confirm
2019/04/23 20:13:34.257119 [1;35m[INF][m GID 50, [OnProposalFinished] Sponsor: 02eafcd36390b064431b82a4b2934f6d93fddfcfa4a86602b2ae32d858b8d3bcd7, BlockHash: 40e287f229f3eb2184aba6344f29d656be9fd004ad5af9c7a734ae008eecebad, EndTime: 2019-04-23 20:13:34.257081199 -0400 EDT m=+54.820922870, Result: true, ViewOffset: 0, ProposalHash: 0000000000000000000000000000000000000000000000000000000000000000
2019/04/23 20:13:34.257176 [1;35m[INF][m GID 50, [FinishConsensus] start
2019/04/23 20:13:34.257213 [1;35m[INF][m GID 50, [OnConsensusFinished] EndTime: 2019-04-23 20:13:34.257187968 -0400 EDT m=+54.821029638, Height: 470
2019/04/23 20:13:34.257270 [1;35m[INF][m GID 50, Clean proposals
2019/04/23 20:13:34.257302 [1;35m[INF][m GID 50, [FinishConsensus] end
2019/04/23 20:13:34.257337 [1;35m[INF][m GID 50, [FinishProposal] end
2019/04/23 20:13:34.257388 [1;35m[INF][m GID 50, [countAcceptedVote] end
2019/04/23 20:13:34.257415 [1;35m[INF][m GID 50, [ProcessVote] end
2019/04/23 20:13:34.257437 [1;35m[INF][m GID 50, [Normal-ProcessAcceptVote] end
2019/04/23 20:13:34.257487 [1;35m[INF][m GID 50, [OnVoteArrived] Signer: 0386206d1d442f5c8ddcc9ae45ab85d921b6ade3a184f43b7ccf6de02f3ca0b450, ProposalHash: bbe3fb7c7e833a4d6e5e18fdf82721876edadd82e75bcd23845d1bf380254380, ReceivedTime: 2019-04-23 20:13:34.257444702 -0400 EDT m=+54.821286371, Result: true
2019/04/23 20:13:34.257513 [1;35m[INF][m GID 50, [onDutyArbitratorChanged] not onduty
2019/04/23 20:13:34.257531 [1;35m[INF][m GID 50, [OnVoteReceived] end
2019/04/23 20:13:34.257574 [1;35m[INF][m GID 50, [OnConfirmReceived] started, hash: 40e287f229f3eb2184aba6344f29d656be9fd004ad5af9c7a734ae008eecebad
2019/04/23 20:13:34.257597 [1;35m[INF][m GID 50, [onDutyArbitratorChanged] not onduty
2019/04/23 20:13:34.257637 [1;35m[INF][m GID 50, [OnConfirmReceived] end
2019/04/23 20:13:34.301493 [1;35m[INF][m GID 50, [OnVoteReceived] started
2019/04/23 20:13:34.301538 [1;35m[INF][m GID 50, [Normal-ProcessAcceptVote] start
2019/04/23 20:13:34.301569 [1;35m[INF][m GID 50, [Normal-ProcessAcceptVote] end
2019/04/23 20:13:34.301612 [1;35m[INF][m GID 50, [OnVoteArrived] Signer: 0295890a17feb7d5191da656089b5daad83f596edcc491f5c91d025b42955a9f25, ProposalHash: bbe3fb7c7e833a4d6e5e18fdf82721876edadd82e75bcd23845d1bf380254380, ReceivedTime: 2019-04-23 20:13:34.301582453 -0400 EDT m=+54.865424124, Result: true
2019/04/23 20:13:34.301639 [1;35m[INF][m GID 50, [OnVoteReceived] end
2019/04/23 20:13:40.852714 [1;35m[INF][m GID 447, [OnBlockReceived] listener received block
2019/04/23 20:13:40.853120 [1;35m[INF][m GID 50, [OnBlockReceived] start
2019/04/23 20:13:40.939896 [1;35m[INF][m GID 50, [Normal][OnBlockReceived] received first unsigned block, start consensus
2019/04/23 20:13:40.939955 [1;35m[INF][m GID 50, [StartConsensus] consensus start
2019/04/23 20:13:40.940055 [1;35m[INF][m GID 50, [OnViewStarted] OnDutyArbitrator: 032e74c386af5d672cb196334f2b6ee6451d61f2257f0837ea7af340ef4dea4e1a, StartTime: 2019-04-23 20:13:40.94002595 -0400 EDT m=+61.503867621, Offset: 0, Height: 470
2019/04/23 20:13:40.940115 [1;35m[INF][m GID 50, [StartConsensus] consensus end
2019/04/23 20:13:40.940146 [1;35m[INF][m GID 50, [OnConsensusStarted] StartTime: 2019-04-23 20:13:40.940128519 -0400 EDT m=+61.503970207, Height: 471
2019/04/23 20:13:40.940195 [1;35m[INF][m GID 50, [OnBlockReceived] end
2019/04/23 20:13:40.961865 [1;35m[INF][m GID 50, [OnProposalReceived] started
2019/04/23 20:13:40.961913 [1;35m[INF][m GID 50, [Normal][ProcessProposal] start
2019/04/23 20:13:40.961942 [1;35m[INF][m GID 50, [ProcessProposal] start
2019/04/23 20:13:40.962156 [1;35m[INF][m GID 50, [TryStartSpeculatingProposal] start
2019/04/23 20:13:40.962186 [1;35m[INF][m GID 50, [TryStartSpeculatingProposal] end
2019/04/23 20:13:40.962221 [1;35m[INF][m GID 50, [acceptProposal] start
2019/04/23 20:13:40.962315 [1;35m[INF][m GID 50, [ProcessVote] start
2019/04/23 20:13:40.962486 [1;35m[INF][m GID 50, [countAcceptedVote] start
2019/04/23 20:13:40.962523 [1;35m[INF][m GID 50, [countAcceptedVote] Received needed sign, collect it into AcceptVotes!
2019/04/23 20:13:40.962553 [1;35m[INF][m GID 50, [countAcceptedVote] end
2019/04/23 20:13:40.962581 [1;35m[INF][m GID 50, [ProcessVote] end
2019/04/23 20:13:40.962611 [1;35m[INF][m GID 50, [BroadcastMessage] msg: acc_vote
2019/04/23 20:13:40.962645 [1;35m[INF][m GID 50, [acceptProposal] send acc_vote msg: d463012594c761f6db2da654662b45f9ba254e95a46791aa4367196ba699bf57
2019/04/23 20:13:40.962683 [1;35m[INF][m GID 50, [OnVoteArrived] Signer: 0353197d11802fe0cd5409f064822b896ceaa675ea596287f1e5ce009be7684f08, ProposalHash: de2eafbab373ea7c26357b51035f54075336c4b480768f6ce523bbd0903db693, ReceivedTime: 2019-04-23 20:13:40.962653569 -0400 EDT m=+61.526495241, Result: true
2019/04/23 20:13:40.962738 [1;35m[INF][m GID 50, [acceptProposal] end
2019/04/23 20:13:40.962766 [1;35m[INF][m GID 50, [ProcessProposal] end
2019/04/23 20:13:40.962793 [1;35m[INF][m GID 50, [Normal][ProcessProposal] end
2019/04/23 20:13:40.962825 [1;35m[INF][m GID 50, [OnProposalArrived] Sponsor: 032e74c386af5d672cb196334f2b6ee6451d61f2257f0837ea7af340ef4dea4e1a, BlockHash: a2b751961f9ed6a5038ae660c224533c561109075cd181a5f97131fb371f8d0a, ReceivedTime: 2019-04-23 20:13:40.962801374 -0400 EDT m=+61.526643044, Result: false, ViewOffset: 0, ProposalHash: de2eafbab373ea7c26357b51035f54075336c4b480768f6ce523bbd0903db693
2019/04/23 20:13:40.962849 [1;35m[INF][m GID 50, [OnProposalReceived] end
2019/04/23 20:13:40.969778 [1;35m[INF][m GID 50, [OnVoteReceived] started
2019/04/23 20:13:40.969868 [1;35m[INF][m GID 50, [Normal-ProcessAcceptVote] start
2019/04/23 20:13:40.969897 [1;35m[INF][m GID 50, [ProcessVote] start
2019/04/23 20:13:40.970101 [1;35m[INF][m GID 50, [countAcceptedVote] start
2019/04/23 20:13:40.970134 [1;35m[INF][m GID 50, [countAcceptedVote] Received needed sign, collect it into AcceptVotes!
2019/04/23 20:13:40.970162 [1;35m[INF][m GID 50, [countAcceptedVote] end
2019/04/23 20:13:40.970190 [1;35m[INF][m GID 50, [ProcessVote] end
2019/04/23 20:13:40.970213 [1;35m[INF][m GID 50, [Normal-ProcessAcceptVote] end
2019/04/23 20:13:40.970253 [1;35m[INF][m GID 50, [OnVoteArrived] Signer: 032e74c386af5d672cb196334f2b6ee6451d61f2257f0837ea7af340ef4dea4e1a, ProposalHash: de2eafbab373ea7c26357b51035f54075336c4b480768f6ce523bbd0903db693, ReceivedTime: 2019-04-23 20:13:40.970221851 -0400 EDT m=+61.534063521, Result: true
2019/04/23 20:13:40.970274 [1;35m[INF][m GID 50, [OnVoteReceived] end
2019/04/23 20:13:40.998963 [1;35m[INF][m GID 50, [OnVoteReceived] started
2019/04/23 20:13:40.999026 [1;35m[INF][m GID 50, [Normal-ProcessAcceptVote] start
2019/04/23 20:13:40.999054 [1;35m[INF][m GID 50, [ProcessVote] start
2019/04/23 20:13:40.999222 [1;35m[INF][m GID 50, [countAcceptedVote] start
2019/04/23 20:13:40.999255 [1;35m[INF][m GID 50, [countAcceptedVote] Received needed sign, collect it into AcceptVotes!
2019/04/23 20:13:40.999280 [1;35m[INF][m GID 50, [countAcceptedVote] end
2019/04/23 20:13:40.999307 [1;35m[INF][m GID 50, [ProcessVote] end
2019/04/23 20:13:40.999330 [1;35m[INF][m GID 50, [Normal-ProcessAcceptVote] end
2019/04/23 20:13:40.999365 [1;35m[INF][m GID 50, [OnVoteArrived] Signer: 02eafcd36390b064431b82a4b2934f6d93fddfcfa4a86602b2ae32d858b8d3bcd7, ProposalHash: de2eafbab373ea7c26357b51035f54075336c4b480768f6ce523bbd0903db693, ReceivedTime: 2019-04-23 20:13:40.999337865 -0400 EDT m=+61.563179534, Result: true
2019/04/23 20:13:40.999385 [1;35m[INF][m GID 50, [OnVoteReceived] end
