2019/05/09 23:50:09.546912 [1;35m[INF][m GID 1, Init wallet.
2019/05/09 23:50:09.587203 [1;35m[INF][m GID 1, Arbiter version:  
2019/05/09 23:50:09.590761 [1;35m[INF][m GID 1, 1. Init chain utxo cache.
2019/05/09 23:50:09.744976 [1;35m[INF][m GID 1, 2. Init finished transaction cache.
2019/05/09 23:50:09.849170 [1;35m[INF][m GID 1, 3. Start arbitrator P2P networks.
2019/05/09 23:50:09.849449 [1;35m[INF][m GID 1, 4. Init configurations.
2019/05/09 23:50:09.858485 [1;35m[INF][m GID 1, [arbitrator] Main chain height:  2
2019/05/09 23:50:09.909480 [1;35m[INF][m GID 1, 5. Start arbitrator spv module.
2019/05/09 23:50:09.983156 [1;35m[INF][m GID 1, [StartSpvModule] register auxpow listener: EW9pvJJrQLCwQTSWsZwYn8S5gTaG6Ku7dx
2019/05/09 23:50:09.983470 [1;35m[INF][m GID 1, [StartSpvModule] register dposit listener: XKUh4GLhFJiqAMTF6HyWQrV9pK9HcGUdfJ
2019/05/09 23:50:09.983676 [1;35m[INF][m GID 1, [StartSpvModule] register auxpow listener: EMvdwQJZ1i8bmMjFm1DydbNegTKtEyzVet
2019/05/09 23:50:09.983875 [1;35m[INF][m GID 1, [StartSpvModule] register dposit listener: XVfmhjxGxBKgzYxyXCJTb6YmaRfWPVunj4
2019/05/09 23:50:09.984093 [1;35m[INF][m GID 1, 6. Start arbitrator group monitor.
2019/05/09 23:50:09.984198 [1;35m[INF][m GID 1, 7. Start servers.
2019/05/09 23:50:09.984305 [1;35m[INF][m GID 1, 8. Start check and remove cross chain transactions from db.
2019/05/09 23:50:09.984421 [1;35m[INF][m GID 1, 9. Start side chain account divide.
2019/05/09 23:50:09.984970 [1;35m[INF][m GID 91, Check and remove cross chain transactions from dbcache finished
2019/05/09 23:50:12.944895 [1;35m[INF][m GID 34, currentHeight: 0  chainHeight: 1
2019/05/09 23:50:12.949387 [1;35m[INF][m GID 34,  [SyncSideChain] Side chain [ XKUh4GLhFJiqAMTF6HyWQrV9pK9HcGUdfJ ] height:  1
2019/05/09 23:50:30.138181 [1;35m[INF][m GID 34, currentHeight: 1  chainHeight: 2
2019/05/09 23:50:30.150082 [1;35m[INF][m GID 34,  [SyncSideChain] Side chain [ XKUh4GLhFJiqAMTF6HyWQrV9pK9HcGUdfJ ] height:  2
2019/05/09 23:50:34.283033 [1;35m[INF][m GID 89, [arbitrator] Main chain height:  3
2019/05/09 23:50:59.639839 [1;35m[INF][m GID 34, currentHeight: 2  chainHeight: 3
2019/05/09 23:50:59.647161 [1;35m[INF][m GID 34,  [SyncSideChain] Side chain [ XKUh4GLhFJiqAMTF6HyWQrV9pK9HcGUdfJ ] height:  3
2019/05/09 23:50:59.745283 [1;35m[INF][m GID 89, [arbitrator] Main chain height:  4
2019/05/09 23:51:06.817015 [1;35m[INF][m GID 34, currentHeight: 3  chainHeight: 4
2019/05/09 23:51:06.821578 [1;35m[INF][m GID 34,  [SyncSideChain] Side chain [ XKUh4GLhFJiqAMTF6HyWQrV9pK9HcGUdfJ ] height:  4
2019/05/09 23:51:09.985731 [1;35m[INF][m GID 91, Check and remove cross chain transactions from dbcache finished
2019/05/09 23:51:09.991973 [1;35m[INF][m GID 92, Warning side chain mining account:  EW9pvJJrQLCwQTSWsZwYn8S5gTaG6Ku7dx: 0 EMvdwQJZ1i8bmMjFm1DydbNegTKtEyzVet: 0 
2019/05/09 23:51:20.935683 [1;35m[INF][m GID 34, currentHeight: 4  chainHeight: 5
2019/05/09 23:51:20.941541 [1;35m[INF][m GID 34,  [SyncSideChain] Side chain [ XKUh4GLhFJiqAMTF6HyWQrV9pK9HcGUdfJ ] height:  5
2019/05/09 23:51:24.982259 [1;35m[INF][m GID 35, currentHeight: 0  chainHeight: 1
2019/05/09 23:51:24.987022 [1;35m[INF][m GID 35,  [SyncSideChain] Side chain [ XVfmhjxGxBKgzYxyXCJTb6YmaRfWPVunj4 ] height:  1
2019/05/09 23:51:26.065934 [1;35m[INF][m GID 34, currentHeight: 5  chainHeight: 6
2019/05/09 23:51:26.091132 [1;35m[INF][m GID 34,  [SyncSideChain] Side chain [ XKUh4GLhFJiqAMTF6HyWQrV9pK9HcGUdfJ ] height:  6
2019/05/09 23:51:26.123731 [1;35m[INF][m GID 89, [arbitrator] Main chain height:  5
2019/05/09 23:51:31.307799 [1;35m[INF][m GID 89, [arbitrator] Main chain height:  6
2019/05/09 23:51:32.241815 [1;35m[INF][m GID 34, currentHeight: 6  chainHeight: 7
2019/05/09 23:51:32.273538 [1;35m[INF][m GID 34,  [SyncSideChain] Side chain [ XKUh4GLhFJiqAMTF6HyWQrV9pK9HcGUdfJ ] height:  7
2019/05/09 23:51:38.460417 [1;35m[INF][m GID 89, [arbitrator] Main chain height:  7
2019/05/09 23:51:45.519603 [1;35m[INF][m GID 89, [arbitrator] Main chain height:  8
2019/05/09 23:51:46.531635 [1;35m[INF][m GID 89, [arbitrator] Main chain height:  9
2019/05/09 23:51:47.526231 [1;35m[INF][m GID 34, currentHeight: 7  chainHeight: 8
2019/05/09 23:51:47.621547 [1;35m[INF][m GID 34,  [SyncSideChain] Side chain [ XKUh4GLhFJiqAMTF6HyWQrV9pK9HcGUdfJ ] height:  8
2019/05/09 23:51:48.414070 [1;35m[INF][m GID 35, currentHeight: 1  chainHeight: 2
2019/05/09 23:51:48.430074 [1;35m[INF][m GID 35,  [SyncSideChain] Side chain [ XVfmhjxGxBKgzYxyXCJTb6YmaRfWPVunj4 ] height:  2
2019/05/09 23:51:48.631590 [1;35m[INF][m GID 34, currentHeight: 8  chainHeight: 9
2019/05/09 23:51:48.641329 [1;35m[INF][m GID 34,  [SyncSideChain] Side chain [ XKUh4GLhFJiqAMTF6HyWQrV9pK9HcGUdfJ ] height:  9
2019/05/09 23:51:50.651808 [1;35m[INF][m GID 89, [arbitrator] Main chain height:  10
2019/05/09 23:51:52.716565 [1;35m[INF][m GID 89, [arbitrator] Main chain height:  11
2019/05/09 23:51:54.738164 [1;35m[INF][m GID 89, [arbitrator] Main chain height:  12
2019/05/09 23:51:54.751495 [1;35m[INF][m GID 34, currentHeight: 9  chainHeight: 10
2019/05/09 23:51:54.804207 [1;35m[INF][m GID 34,  [SyncSideChain] Side chain [ XKUh4GLhFJiqAMTF6HyWQrV9pK9HcGUdfJ ] height:  10
2019/05/09 23:52:00.791483 [1;35m[INF][m GID 89, [arbitrator] Main chain height:  13
2019/05/09 23:52:06.988911 [1;35m[INF][m GID 34, currentHeight: 10  chainHeight: 11
2019/05/09 23:52:06.992208 [1;35m[INF][m GID 34,  [SyncSideChain] Side chain [ XKUh4GLhFJiqAMTF6HyWQrV9pK9HcGUdfJ ] height:  11
2019/05/09 23:52:09.986148 [1;35m[INF][m GID 91, Check and remove cross chain transactions from dbcache finished
2019/05/09 23:52:09.999450 [1;35m[INF][m GID 92, Warning side chain mining account:  EW9pvJJrQLCwQTSWsZwYn8S5gTaG6Ku7dx: 0 EMvdwQJZ1i8bmMjFm1DydbNegTKtEyzVet: 0 
2019/05/09 23:52:21.089042 [1;35m[INF][m GID 89, [arbitrator] Main chain height:  14
2019/05/09 23:52:25.166559 [1;35m[INF][m GID 34, currentHeight: 11  chainHeight: 12
2019/05/09 23:52:25.170868 [1;35m[INF][m GID 34,  [SyncSideChain] Side chain [ XKUh4GLhFJiqAMTF6HyWQrV9pK9HcGUdfJ ] height:  12
2019/05/09 23:52:27.198453 [1;35m[INF][m GID 34, currentHeight: 12  chainHeight: 13
2019/05/09 23:52:27.206032 [1;35m[INF][m GID 34,  [SyncSideChain] Side chain [ XKUh4GLhFJiqAMTF6HyWQrV9pK9HcGUdfJ ] height:  13
2019/05/09 23:52:27.990913 [1;35m[INF][m GID 35, currentHeight: 2  chainHeight: 3
2019/05/09 23:52:28.017899 [1;35m[INF][m GID 35,  [SyncSideChain] Side chain [ XVfmhjxGxBKgzYxyXCJTb6YmaRfWPVunj4 ] height:  3
2019/05/09 23:52:35.486631 [1;35m[INF][m GID 89, [arbitrator] Main chain height:  15
2019/05/09 23:52:47.305389 [1;35m[INF][m GID 35, currentHeight: 3  chainHeight: 4
2019/05/09 23:52:47.316475 [1;35m[INF][m GID 35,  [SyncSideChain] Side chain [ XVfmhjxGxBKgzYxyXCJTb6YmaRfWPVunj4 ] height:  4
2019/05/09 23:52:53.484992 [1;35m[INF][m GID 34, currentHeight: 13  chainHeight: 14
2019/05/09 23:52:53.489151 [1;35m[INF][m GID 34,  [SyncSideChain] Side chain [ XKUh4GLhFJiqAMTF6HyWQrV9pK9HcGUdfJ ] height:  14
2019/05/09 23:52:54.861100 [1;35m[INF][m GID 89, [arbitrator] Main chain height:  16
2019/05/09 23:53:02.776594 [1;35m[INF][m GID 34, currentHeight: 14  chainHeight: 15
2019/05/09 23:53:02.783159 [1;35m[INF][m GID 34,  [SyncSideChain] Side chain [ XKUh4GLhFJiqAMTF6HyWQrV9pK9HcGUdfJ ] height:  15
2019/05/09 23:53:03.499582 [1;35m[INF][m GID 35, currentHeight: 4  chainHeight: 5
2019/05/09 23:53:03.503676 [1;35m[INF][m GID 35,  [SyncSideChain] Side chain [ XVfmhjxGxBKgzYxyXCJTb6YmaRfWPVunj4 ] height:  5
2019/05/09 23:53:06.529281 [1;35m[INF][m GID 35, currentHeight: 5  chainHeight: 6
2019/05/09 23:53:06.546240 [1;35m[INF][m GID 35,  [SyncSideChain] Side chain [ XVfmhjxGxBKgzYxyXCJTb6YmaRfWPVunj4 ] height:  6
2019/05/09 23:53:09.987084 [1;35m[INF][m GID 91, Check and remove cross chain transactions from dbcache finished
2019/05/09 23:53:10.026133 [1;35m[INF][m GID 92, Warning side chain mining account:  EW9pvJJrQLCwQTSWsZwYn8S5gTaG6Ku7dx: 0 EMvdwQJZ1i8bmMjFm1DydbNegTKtEyzVet: 0 
2019/05/09 23:53:14.833903 [1;35m[INF][m GID 34, currentHeight: 15  chainHeight: 16
2019/05/09 23:53:14.849457 [1;35m[INF][m GID 34,  [SyncSideChain] Side chain [ XKUh4GLhFJiqAMTF6HyWQrV9pK9HcGUdfJ ] height:  16
2019/05/09 23:53:17.099353 [1;35m[INF][m GID 89, [arbitrator] Main chain height:  17
2019/05/09 23:53:32.300314 [1;35m[INF][m GID 89, [arbitrator] Main chain height:  18
2019/05/09 23:53:40.418679 [1;35m[INF][m GID 89, [arbitrator] Main chain height:  19
2019/05/09 23:53:43.062849 [1;35m[INF][m GID 35, currentHeight: 6  chainHeight: 7
2019/05/09 23:53:43.079107 [1;35m[INF][m GID 35,  [SyncSideChain] Side chain [ XVfmhjxGxBKgzYxyXCJTb6YmaRfWPVunj4 ] height:  7
2019/05/09 23:53:47.587908 [1;35m[INF][m GID 89, [arbitrator] Main chain height:  20
2019/05/09 23:53:50.115525 [1;35m[INF][m GID 35, currentHeight: 7  chainHeight: 8
2019/05/09 23:53:50.120270 [1;35m[INF][m GID 35,  [SyncSideChain] Side chain [ XVfmhjxGxBKgzYxyXCJTb6YmaRfWPVunj4 ] height:  8
2019/05/09 23:53:59.359321 [1;35m[INF][m GID 35, currentHeight: 8  chainHeight: 9
2019/05/09 23:53:59.387889 [1;35m[INF][m GID 35,  [SyncSideChain] Side chain [ XVfmhjxGxBKgzYxyXCJTb6YmaRfWPVunj4 ] height:  9
2019/05/09 23:54:01.370364 [1;35m[INF][m GID 34, currentHeight: 16  chainHeight: 17
2019/05/09 23:54:01.388024 [1;35m[INF][m GID 34,  [SyncSideChain] Side chain [ XKUh4GLhFJiqAMTF6HyWQrV9pK9HcGUdfJ ] height:  17
2019/05/09 23:54:02.780873 [1;35m[INF][m GID 89, [arbitrator] Main chain height:  21
2019/05/09 23:54:05.459189 [1;35m[INF][m GID 35, currentHeight: 9  chainHeight: 10
2019/05/09 23:54:05.481273 [1;35m[INF][m GID 35,  [SyncSideChain] Side chain [ XVfmhjxGxBKgzYxyXCJTb6YmaRfWPVunj4 ] height:  10
2019/05/09 23:54:06.897281 [1;35m[INF][m GID 89, [arbitrator] Main chain height:  22
2019/05/09 23:54:09.561110 [1;35m[INF][m GID 34, currentHeight: 17  chainHeight: 18
2019/05/09 23:54:09.682047 [1;35m[INF][m GID 34,  [SyncSideChain] Side chain [ XKUh4GLhFJiqAMTF6HyWQrV9pK9HcGUdfJ ] height:  18
2019/05/09 23:54:09.987956 [1;35m[INF][m GID 91, Check and remove cross chain transactions from dbcache finished
2019/05/09 23:54:10.130982 [1;35m[INF][m GID 92, Warning side chain mining account:  EW9pvJJrQLCwQTSWsZwYn8S5gTaG6Ku7dx: 0 EMvdwQJZ1i8bmMjFm1DydbNegTKtEyzVet: 0 
2019/05/09 23:54:15.879512 [1;35m[INF][m GID 34, currentHeight: 18  chainHeight: 19
2019/05/09 23:54:15.894287 [1;35m[INF][m GID 34,  [SyncSideChain] Side chain [ XKUh4GLhFJiqAMTF6HyWQrV9pK9HcGUdfJ ] height:  19
2019/05/09 23:54:20.817902 [1;35m[INF][m GID 35, currentHeight: 10  chainHeight: 12
2019/05/09 23:54:20.832992 [1;35m[INF][m GID 35,  [SyncSideChain] Side chain [ XVfmhjxGxBKgzYxyXCJTb6YmaRfWPVunj4 ] height:  12
2019/05/09 23:54:25.867746 [1;35m[INF][m GID 35, currentHeight: 12  chainHeight: 13
2019/05/09 23:54:25.885114 [1;35m[INF][m GID 35,  [SyncSideChain] Side chain [ XVfmhjxGxBKgzYxyXCJTb6YmaRfWPVunj4 ] height:  13
2019/05/09 23:54:29.008659 [1;35m[INF][m GID 34, currentHeight: 19  chainHeight: 20
2019/05/09 23:54:29.013233 [1;35m[INF][m GID 34,  [SyncSideChain] Side chain [ XKUh4GLhFJiqAMTF6HyWQrV9pK9HcGUdfJ ] height:  20
2019/05/09 23:54:36.238308 [1;35m[INF][m GID 34, currentHeight: 20  chainHeight: 21
2019/05/09 23:54:36.245168 [1;35m[INF][m GID 34,  [SyncSideChain] Side chain [ XKUh4GLhFJiqAMTF6HyWQrV9pK9HcGUdfJ ] height:  21
2019/05/09 23:54:43.576779 [1;35m[INF][m GID 89, [arbitrator] Main chain height:  23
2019/05/09 23:54:45.649301 [1;35m[INF][m GID 89, [arbitrator] Main chain height:  24
2019/05/09 23:54:55.442859 [1;35m[INF][m GID 35, currentHeight: 13  chainHeight: 14
2019/05/09 23:54:55.448185 [1;35m[INF][m GID 35,  [SyncSideChain] Side chain [ XVfmhjxGxBKgzYxyXCJTb6YmaRfWPVunj4 ] height:  14
2019/05/09 23:54:56.447041 [1;35m[INF][m GID 34, currentHeight: 21  chainHeight: 22
2019/05/09 23:54:56.456265 [1;35m[INF][m GID 35, currentHeight: 14  chainHeight: 15
2019/05/09 23:54:56.462486 [1;35m[INF][m GID 35,  [SyncSideChain] Side chain [ XVfmhjxGxBKgzYxyXCJTb6YmaRfWPVunj4 ] height:  15
2019/05/09 23:54:56.480413 [1;35m[INF][m GID 34,  [SyncSideChain] Side chain [ XKUh4GLhFJiqAMTF6HyWQrV9pK9HcGUdfJ ] height:  22
2019/05/09 23:55:01.958920 [1;35m[INF][m GID 89, [arbitrator] Main chain height:  25
2019/05/09 23:55:04.565188 [1;35m[INF][m GID 35, currentHeight: 15  chainHeight: 16
2019/05/09 23:55:04.580666 [1;35m[INF][m GID 35,  [SyncSideChain] Side chain [ XVfmhjxGxBKgzYxyXCJTb6YmaRfWPVunj4 ] height:  16
2019/05/09 23:55:09.996694 [1;35m[INF][m GID 91, Check and remove cross chain transactions from dbcache finished
2019/05/09 23:55:10.251004 [1;35m[INF][m GID 92, Warning side chain mining account:  EW9pvJJrQLCwQTSWsZwYn8S5gTaG6Ku7dx: 0 EMvdwQJZ1i8bmMjFm1DydbNegTKtEyzVet: 0 
2019/05/09 23:55:11.743099 [1;35m[INF][m GID 34, currentHeight: 22  chainHeight: 23
2019/05/09 23:55:11.750504 [1;35m[INF][m GID 34,  [SyncSideChain] Side chain [ XKUh4GLhFJiqAMTF6HyWQrV9pK9HcGUdfJ ] height:  23
2019/05/09 23:55:16.458537 [1;35m[INF][m GID 89, [arbitrator] Main chain height:  26
2019/05/09 23:55:18.769764 [1;35m[INF][m GID 34, currentHeight: 23  chainHeight: 24
2019/05/09 23:55:18.773645 [1;35m[INF][m GID 34,  [SyncSideChain] Side chain [ XKUh4GLhFJiqAMTF6HyWQrV9pK9HcGUdfJ ] height:  24
2019/05/09 23:55:22.577847 [1;35m[INF][m GID 89, [arbitrator] Main chain height:  27
2019/05/09 23:55:34.821786 [1;35m[INF][m GID 35, currentHeight: 16  chainHeight: 17
2019/05/09 23:55:34.825567 [1;35m[INF][m GID 35,  [SyncSideChain] Side chain [ XVfmhjxGxBKgzYxyXCJTb6YmaRfWPVunj4 ] height:  17
2019/05/09 23:55:39.848256 [1;35m[INF][m GID 89, [arbitrator] Main chain height:  28
2019/05/09 23:55:43.910194 [1;35m[INF][m GID 89, [arbitrator] Main chain height:  29
2019/05/09 23:55:51.974808 [1;35m[INF][m GID 35, currentHeight: 17  chainHeight: 18
2019/05/09 23:55:51.984661 [1;35m[INF][m GID 35,  [SyncSideChain] Side chain [ XVfmhjxGxBKgzYxyXCJTb6YmaRfWPVunj4 ] height:  18
2019/05/09 23:55:52.109406 [1;35m[INF][m GID 89, [arbitrator] Main chain height:  30
2019/05/09 23:55:59.165542 [1;35m[INF][m GID 89, [arbitrator] Main chain height:  31
2019/05/09 23:56:09.997964 [1;35m[INF][m GID 91, Check and remove cross chain transactions from dbcache finished
2019/05/09 23:56:10.298710 [1;35m[INF][m GID 92, Warning side chain mining account:  EW9pvJJrQLCwQTSWsZwYn8S5gTaG6Ku7dx: 0 EMvdwQJZ1i8bmMjFm1DydbNegTKtEyzVet: 0 
2019/05/09 23:56:10.416803 [1;35m[INF][m GID 89, [arbitrator] Main chain height:  33
2019/05/09 23:56:14.500535 [1;35m[INF][m GID 89, [arbitrator] Main chain height:  34
2019/05/09 23:56:15.523304 [1;35m[INF][m GID 89, [arbitrator] Main chain height:  35
2019/05/09 23:56:23.665250 [1;35m[INF][m GID 89, [arbitrator] Main chain height:  36
2019/05/09 23:56:26.705762 [1;35m[INF][m GID 89, [arbitrator] Main chain height:  37
2019/05/09 23:56:33.911983 [1;35m[INF][m GID 89, [arbitrator] Main chain height:  38
2019/05/09 23:56:41.004346 [1;35m[INF][m GID 89, [arbitrator] Main chain height:  39
2019/05/09 23:56:46.114269 [1;35m[INF][m GID 89, [arbitrator] Main chain height:  40
2019/05/09 23:56:50.959859 [1;35m[INF][m GID 34, currentHeight: 24  chainHeight: 25
2019/05/09 23:56:50.965526 [1;35m[INF][m GID 34,  [SyncSideChain] Side chain [ XKUh4GLhFJiqAMTF6HyWQrV9pK9HcGUdfJ ] height:  25
2019/05/09 23:56:58.287478 [1;35m[INF][m GID 89, [arbitrator] Main chain height:  41
2019/05/09 23:57:02.103721 [1;35m[INF][m GID 34, currentHeight: 25  chainHeight: 26
2019/05/09 23:57:02.127486 [1;35m[INF][m GID 34,  [SyncSideChain] Side chain [ XKUh4GLhFJiqAMTF6HyWQrV9pK9HcGUdfJ ] height:  26
2019/05/09 23:57:10.001866 [1;35m[INF][m GID 91, Check and remove cross chain transactions from dbcache finished
2019/05/09 23:57:10.313729 [1;35m[INF][m GID 92, Warning side chain mining account:  EW9pvJJrQLCwQTSWsZwYn8S5gTaG6Ku7dx: 0 EMvdwQJZ1i8bmMjFm1DydbNegTKtEyzVet: 0 
2019/05/09 23:57:11.536177 [1;35m[INF][m GID 89, [arbitrator] Main chain height:  42
2019/05/09 23:57:24.831656 [1;35m[INF][m GID 89, [arbitrator] Main chain height:  43
2019/05/09 23:57:27.594874 [1;35m[INF][m GID 34, currentHeight: 26  chainHeight: 28
2019/05/09 23:57:27.628655 [1;35m[INF][m GID 34,  [SyncSideChain] Side chain [ XKUh4GLhFJiqAMTF6HyWQrV9pK9HcGUdfJ ] height:  28
2019/05/09 23:57:27.866893 [1;35m[INF][m GID 89, [arbitrator] Main chain height:  44
2019/05/09 23:57:30.691996 [1;35m[INF][m GID 34, currentHeight: 28  chainHeight: 29
2019/05/09 23:57:30.702741 [1;35m[INF][m GID 34,  [SyncSideChain] Side chain [ XKUh4GLhFJiqAMTF6HyWQrV9pK9HcGUdfJ ] height:  29
2019/05/09 23:57:31.717029 [1;35m[INF][m GID 34, currentHeight: 29  chainHeight: 30
2019/05/09 23:57:31.720479 [1;35m[INF][m GID 34,  [SyncSideChain] Side chain [ XKUh4GLhFJiqAMTF6HyWQrV9pK9HcGUdfJ ] height:  30
2019/05/09 23:57:33.958948 [1;35m[INF][m GID 89, [arbitrator] Main chain height:  45
2019/05/09 23:57:38.843426 [1;35m[INF][m GID 34, currentHeight: 30  chainHeight: 31
2019/05/09 23:57:38.857422 [1;35m[INF][m GID 34,  [SyncSideChain] Side chain [ XKUh4GLhFJiqAMTF6HyWQrV9pK9HcGUdfJ ] height:  31
2019/05/09 23:57:58.588778 [1;35m[INF][m GID 89, [arbitrator] Main chain height:  46
2019/05/09 23:58:01.040942 [1;35m[INF][m GID 34, currentHeight: 31  chainHeight: 32
2019/05/09 23:58:01.045152 [1;35m[INF][m GID 34,  [SyncSideChain] Side chain [ XKUh4GLhFJiqAMTF6HyWQrV9pK9HcGUdfJ ] height:  32
2019/05/09 23:58:02.702095 [1;35m[INF][m GID 89, [arbitrator] Main chain height:  47
2019/05/09 23:58:07.828206 [1;35m[INF][m GID 89, [arbitrator] Main chain height:  48
2019/05/09 23:58:10.002426 [1;35m[INF][m GID 91, Check and remove cross chain transactions from dbcache finished
2019/05/09 23:58:10.386977 [1;35m[INF][m GID 92, Warning side chain mining account:  EW9pvJJrQLCwQTSWsZwYn8S5gTaG6Ku7dx: 0 EMvdwQJZ1i8bmMjFm1DydbNegTKtEyzVet: 0 
2019/05/09 23:58:12.410201 [1;35m[INF][m GID 35, currentHeight: 18  chainHeight: 19
2019/05/09 23:58:12.430234 [1;35m[INF][m GID 35,  [SyncSideChain] Side chain [ XVfmhjxGxBKgzYxyXCJTb6YmaRfWPVunj4 ] height:  19
2019/05/09 23:58:19.912044 [1;35m[INF][m GID 89, [arbitrator] Main chain height:  49
2019/05/09 23:58:25.621384 [1;35m[INF][m GID 35, currentHeight: 19  chainHeight: 20
2019/05/09 23:58:25.627362 [1;35m[INF][m GID 35,  [SyncSideChain] Side chain [ XVfmhjxGxBKgzYxyXCJTb6YmaRfWPVunj4 ] height:  20
2019/05/09 23:58:39.199077 [1;35m[INF][m GID 89, [arbitrator] Main chain height:  50
2019/05/09 23:58:44.228243 [1;35m[INF][m GID 89, [arbitrator] Main chain height:  51
2019/05/09 23:58:55.608873 [1;35m[INF][m GID 34, currentHeight: 32  chainHeight: 33
2019/05/09 23:58:55.637927 [1;35m[INF][m GID 34,  [SyncSideChain] Side chain [ XKUh4GLhFJiqAMTF6HyWQrV9pK9HcGUdfJ ] height:  33
2019/05/09 23:58:59.340737 [1;35m[INF][m GID 89, [arbitrator] Main chain height:  52
2019/05/09 23:59:03.483677 [1;35m[INF][m GID 89, [arbitrator] Main chain height:  53
2019/05/09 23:59:05.574458 [1;35m[INF][m GID 89, [arbitrator] Main chain height:  54
2019/05/09 23:59:08.784122 [1;35m[INF][m GID 34, currentHeight: 33  chainHeight: 34
2019/05/09 23:59:08.788688 [1;35m[INF][m GID 34,  [SyncSideChain] Side chain [ XKUh4GLhFJiqAMTF6HyWQrV9pK9HcGUdfJ ] height:  34
2019/05/09 23:59:10.003985 [1;35m[INF][m GID 91, Check and remove cross chain transactions from dbcache finished
2019/05/09 23:59:10.121213 [1;35m[INF][m GID 35, currentHeight: 20  chainHeight: 21
2019/05/09 23:59:10.128808 [1;35m[INF][m GID 35,  [SyncSideChain] Side chain [ XVfmhjxGxBKgzYxyXCJTb6YmaRfWPVunj4 ] height:  21
2019/05/09 23:59:10.421514 [1;35m[INF][m GID 92, Warning side chain mining account:  EW9pvJJrQLCwQTSWsZwYn8S5gTaG6Ku7dx: 0 EMvdwQJZ1i8bmMjFm1DydbNegTKtEyzVet: 0 
2019/05/09 23:59:11.636849 [1;35m[INF][m GID 89, [arbitrator] Main chain height:  55
2019/05/09 23:59:18.803294 [1;35m[INF][m GID 89, [arbitrator] Main chain height:  56
2019/05/09 23:59:21.947730 [1;35m[INF][m GID 34, currentHeight: 34  chainHeight: 35
2019/05/09 23:59:21.952229 [1;35m[INF][m GID 34,  [SyncSideChain] Side chain [ XKUh4GLhFJiqAMTF6HyWQrV9pK9HcGUdfJ ] height:  35
2019/05/09 23:59:40.003771 [1;35m[INF][m GID 89, [arbitrator] Main chain height:  57
2019/05/09 23:59:41.071200 [1;35m[INF][m GID 89, [arbitrator] Main chain height:  58
2019/05/09 23:59:43.097732 [1;35m[INF][m GID 34, currentHeight: 35  chainHeight: 36
2019/05/09 23:59:43.127506 [1;35m[INF][m GID 34,  [SyncSideChain] Side chain [ XKUh4GLhFJiqAMTF6HyWQrV9pK9HcGUdfJ ] height:  36
2019/05/09 23:59:47.147558 [1;35m[INF][m GID 34, currentHeight: 36  chainHeight: 37
2019/05/09 23:59:47.153558 [1;35m[INF][m GID 34,  [SyncSideChain] Side chain [ XKUh4GLhFJiqAMTF6HyWQrV9pK9HcGUdfJ ] height:  37
2019/05/10 00:00:01.258470 [1;35m[INF][m GID 89, [arbitrator] Main chain height:  59
2019/05/10 00:00:08.377797 [1;35m[INF][m GID 34, currentHeight: 37  chainHeight: 38
2019/05/10 00:00:08.560515 [1;35m[INF][m GID 34,  [SyncSideChain] Side chain [ XKUh4GLhFJiqAMTF6HyWQrV9pK9HcGUdfJ ] height:  38
2019/05/10 00:00:10.004650 [1;35m[INF][m GID 91, Check and remove cross chain transactions from dbcache finished
2019/05/10 00:00:10.422616 [1;35m[INF][m GID 92, Warning side chain mining account:  EW9pvJJrQLCwQTSWsZwYn8S5gTaG6Ku7dx: 0 EMvdwQJZ1i8bmMjFm1DydbNegTKtEyzVet: 0 
2019/05/10 00:00:19.606341 [1;35m[INF][m GID 89, [arbitrator] Main chain height:  60
2019/05/10 00:00:26.320932 [1;35m[INF][m GID 35, currentHeight: 21  chainHeight: 22
2019/05/10 00:00:26.556827 [1;35m[INF][m GID 35,  [SyncSideChain] Side chain [ XVfmhjxGxBKgzYxyXCJTb6YmaRfWPVunj4 ] height:  22
2019/05/10 00:00:31.044295 [1;35m[INF][m GID 34, currentHeight: 38  chainHeight: 39
2019/05/10 00:00:31.060111 [1;35m[INF][m GID 34,  [SyncSideChain] Side chain [ XKUh4GLhFJiqAMTF6HyWQrV9pK9HcGUdfJ ] height:  39
2019/05/10 00:00:44.241745 [1;35m[INF][m GID 34, currentHeight: 39  chainHeight: 40
2019/05/10 00:00:44.268185 [1;35m[INF][m GID 34,  [SyncSideChain] Side chain [ XKUh4GLhFJiqAMTF6HyWQrV9pK9HcGUdfJ ] height:  40
2019/05/10 00:00:46.279614 [1;35m[INF][m GID 34, currentHeight: 40  chainHeight: 41
2019/05/10 00:00:46.285191 [1;35m[INF][m GID 34,  [SyncSideChain] Side chain [ XKUh4GLhFJiqAMTF6HyWQrV9pK9HcGUdfJ ] height:  41
2019/05/10 00:00:48.071238 [1;35m[INF][m GID 89, [arbitrator] Main chain height:  61
2019/05/10 00:00:57.130930 [1;35m[INF][m GID 89, [arbitrator] Main chain height:  62
2019/05/10 00:00:58.415810 [1;35m[INF][m GID 34, currentHeight: 41  chainHeight: 42
2019/05/10 00:00:58.422815 [1;35m[INF][m GID 34,  [SyncSideChain] Side chain [ XKUh4GLhFJiqAMTF6HyWQrV9pK9HcGUdfJ ] height:  42
2019/05/10 00:01:05.461975 [1;35m[INF][m GID 34, currentHeight: 42  chainHeight: 43
2019/05/10 00:01:05.466704 [1;35m[INF][m GID 34,  [SyncSideChain] Side chain [ XKUh4GLhFJiqAMTF6HyWQrV9pK9HcGUdfJ ] height:  43
2019/05/10 00:01:07.000995 [1;35m[INF][m GID 35, currentHeight: 22  chainHeight: 23
2019/05/10 00:01:07.017588 [1;35m[INF][m GID 35,  [SyncSideChain] Side chain [ XVfmhjxGxBKgzYxyXCJTb6YmaRfWPVunj4 ] height:  23
2019/05/10 00:01:07.498621 [1;35m[INF][m GID 34, currentHeight: 43  chainHeight: 44
2019/05/10 00:01:07.511665 [1;35m[INF][m GID 34,  [SyncSideChain] Side chain [ XKUh4GLhFJiqAMTF6HyWQrV9pK9HcGUdfJ ] height:  44
2019/05/10 00:01:08.330955 [1;35m[INF][m GID 89, [arbitrator] Main chain height:  63
2019/05/10 00:01:10.006664 [1;35m[INF][m GID 91, Check and remove cross chain transactions from dbcache finished
2019/05/10 00:01:10.426170 [1;35m[INF][m GID 92, Warning side chain mining account:  EW9pvJJrQLCwQTSWsZwYn8S5gTaG6Ku7dx: 0 EMvdwQJZ1i8bmMjFm1DydbNegTKtEyzVet: 0 
2019/05/10 00:01:13.403315 [1;35m[INF][m GID 89, [arbitrator] Main chain height:  64
2019/05/10 00:01:16.673556 [1;35m[INF][m GID 34, currentHeight: 44  chainHeight: 45
2019/05/10 00:01:16.701204 [1;35m[INF][m GID 34,  [SyncSideChain] Side chain [ XKUh4GLhFJiqAMTF6HyWQrV9pK9HcGUdfJ ] height:  45
2019/05/10 00:01:33.971265 [1;35m[INF][m GID 34, currentHeight: 45  chainHeight: 46
2019/05/10 00:01:33.986314 [1;35m[INF][m GID 34,  [SyncSideChain] Side chain [ XKUh4GLhFJiqAMTF6HyWQrV9pK9HcGUdfJ ] height:  46
2019/05/10 00:01:40.775166 [1;35m[INF][m GID 89, [arbitrator] Main chain height:  65
2019/05/10 00:01:42.390206 [1;35m[INF][m GID 35, currentHeight: 23  chainHeight: 24
2019/05/10 00:01:42.403734 [1;35m[INF][m GID 35,  [SyncSideChain] Side chain [ XVfmhjxGxBKgzYxyXCJTb6YmaRfWPVunj4 ] height:  24
2019/05/10 00:01:45.037178 [1;35m[INF][m GID 34, currentHeight: 46  chainHeight: 47
2019/05/10 00:01:45.049691 [1;35m[INF][m GID 34,  [SyncSideChain] Side chain [ XKUh4GLhFJiqAMTF6HyWQrV9pK9HcGUdfJ ] height:  47
2019/05/10 00:01:48.060420 [1;35m[INF][m GID 34, currentHeight: 47  chainHeight: 48
2019/05/10 00:01:48.065459 [1;35m[INF][m GID 34,  [SyncSideChain] Side chain [ XKUh4GLhFJiqAMTF6HyWQrV9pK9HcGUdfJ ] height:  48
2019/05/10 00:01:51.950166 [1;35m[INF][m GID 89, [arbitrator] Main chain height:  66
2019/05/10 00:02:03.061660 [1;35m[INF][m GID 89, [arbitrator] Main chain height:  67
2019/05/10 00:02:06.084319 [1;35m[INF][m GID 89, [arbitrator] Main chain height:  68
2019/05/10 00:02:08.093455 [1;35m[INF][m GID 89, [arbitrator] Main chain height:  69
2019/05/10 00:02:10.008115 [1;35m[INF][m GID 91, Check and remove cross chain transactions from dbcache finished
2019/05/10 00:02:10.444262 [1;35m[INF][m GID 92, Warning side chain mining account:  EW9pvJJrQLCwQTSWsZwYn8S5gTaG6Ku7dx: 0 EMvdwQJZ1i8bmMjFm1DydbNegTKtEyzVet: 0 
2019/05/10 00:02:22.481730 [1;35m[INF][m GID 34, currentHeight: 48  chainHeight: 49
2019/05/10 00:02:22.485305 [1;35m[INF][m GID 34,  [SyncSideChain] Side chain [ XKUh4GLhFJiqAMTF6HyWQrV9pK9HcGUdfJ ] height:  49
2019/05/10 00:02:29.430357 [1;35m[INF][m GID 89, [arbitrator] Main chain height:  70
2019/05/10 00:02:37.735779 [1;35m[INF][m GID 34, currentHeight: 49  chainHeight: 50
2019/05/10 00:02:37.740101 [1;35m[INF][m GID 34,  [SyncSideChain] Side chain [ XKUh4GLhFJiqAMTF6HyWQrV9pK9HcGUdfJ ] height:  50
2019/05/10 00:02:42.837156 [1;35m[INF][m GID 34, currentHeight: 50  chainHeight: 51
2019/05/10 00:02:42.840836 [1;35m[INF][m GID 34,  [SyncSideChain] Side chain [ XKUh4GLhFJiqAMTF6HyWQrV9pK9HcGUdfJ ] height:  51
2019/05/10 00:02:48.951392 [1;35m[INF][m GID 34, currentHeight: 51  chainHeight: 52
2019/05/10 00:02:49.048034 [1;35m[INF][m GID 34,  [SyncSideChain] Side chain [ XKUh4GLhFJiqAMTF6HyWQrV9pK9HcGUdfJ ] height:  52
2019/05/10 00:02:50.850759 [1;35m[INF][m GID 89, [arbitrator] Main chain height:  71
2019/05/10 00:02:55.885315 [1;35m[INF][m GID 89, [arbitrator] Main chain height:  72
2019/05/10 00:02:57.139985 [1;35m[INF][m GID 34, currentHeight: 52  chainHeight: 53
2019/05/10 00:02:57.154260 [1;35m[INF][m GID 34,  [SyncSideChain] Side chain [ XKUh4GLhFJiqAMTF6HyWQrV9pK9HcGUdfJ ] height:  53
2019/05/10 00:03:01.977685 [1;35m[INF][m GID 89, [arbitrator] Main chain height:  73
2019/05/10 00:03:05.259464 [1;35m[INF][m GID 34, currentHeight: 53  chainHeight: 54
2019/05/10 00:03:05.273730 [1;35m[INF][m GID 34,  [SyncSideChain] Side chain [ XKUh4GLhFJiqAMTF6HyWQrV9pK9HcGUdfJ ] height:  54
2019/05/10 00:03:08.059794 [1;35m[INF][m GID 89, [arbitrator] Main chain height:  74
2019/05/10 00:03:09.560582 [1;35m[INF][m GID 35, currentHeight: 24  chainHeight: 25
2019/05/10 00:03:09.589581 [1;35m[INF][m GID 35,  [SyncSideChain] Side chain [ XVfmhjxGxBKgzYxyXCJTb6YmaRfWPVunj4 ] height:  25
2019/05/10 00:03:10.009143 [1;35m[INF][m GID 91, Check and remove cross chain transactions from dbcache finished
2019/05/10 00:03:10.451397 [1;35m[INF][m GID 92, Warning side chain mining account:  EW9pvJJrQLCwQTSWsZwYn8S5gTaG6Ku7dx: 0 EMvdwQJZ1i8bmMjFm1DydbNegTKtEyzVet: 0 
2019/05/10 00:03:11.089438 [1;35m[INF][m GID 89, [arbitrator] Main chain height:  75
2019/05/10 00:03:13.132515 [1;35m[INF][m GID 89, [arbitrator] Main chain height:  76
2019/05/10 00:03:13.610328 [1;35m[INF][m GID 35, currentHeight: 25  chainHeight: 26
2019/05/10 00:03:13.620734 [1;35m[INF][m GID 35,  [SyncSideChain] Side chain [ XVfmhjxGxBKgzYxyXCJTb6YmaRfWPVunj4 ] height:  26
2019/05/10 00:03:21.260131 [1;35m[INF][m GID 89, [arbitrator] Main chain height:  77
2019/05/10 00:03:22.455230 [1;35m[INF][m GID 34, currentHeight: 54  chainHeight: 55
2019/05/10 00:03:22.551604 [1;35m[INF][m GID 34,  [SyncSideChain] Side chain [ XKUh4GLhFJiqAMTF6HyWQrV9pK9HcGUdfJ ] height:  55
2019/05/10 00:03:31.651052 [1;35m[INF][m GID 89, [arbitrator] Main chain height:  78
2019/05/10 00:03:31.989705 [1;35m[INF][m GID 35, currentHeight: 26  chainHeight: 27
2019/05/10 00:03:32.035353 [1;35m[INF][m GID 35,  [SyncSideChain] Side chain [ XVfmhjxGxBKgzYxyXCJTb6YmaRfWPVunj4 ] height:  27
2019/05/10 00:03:49.940512 [1;35m[INF][m GID 89, [arbitrator] Main chain height:  79
2019/05/10 00:04:02.542402 [1;35m[INF][m GID 34, currentHeight: 55  chainHeight: 56
2019/05/10 00:04:02.549488 [1;35m[INF][m GID 34,  [SyncSideChain] Side chain [ XKUh4GLhFJiqAMTF6HyWQrV9pK9HcGUdfJ ] height:  56
2019/05/10 00:04:06.112238 [1;35m[INF][m GID 89, [arbitrator] Main chain height:  80
2019/05/10 00:04:10.010147 [1;35m[INF][m GID 91, Check and remove cross chain transactions from dbcache finished
2019/05/10 00:04:10.189932 [1;35m[INF][m GID 89, [arbitrator] Main chain height:  81
2019/05/10 00:04:10.458653 [1;35m[INF][m GID 92, Warning side chain mining account:  EW9pvJJrQLCwQTSWsZwYn8S5gTaG6Ku7dx: 0 EMvdwQJZ1i8bmMjFm1DydbNegTKtEyzVet: 0 
2019/05/10 00:04:13.660845 [1;35m[INF][m GID 34, currentHeight: 56  chainHeight: 57
2019/05/10 00:04:13.664719 [1;35m[INF][m GID 34,  [SyncSideChain] Side chain [ XKUh4GLhFJiqAMTF6HyWQrV9pK9HcGUdfJ ] height:  57
2019/05/10 00:04:22.295218 [1;35m[INF][m GID 89, [arbitrator] Main chain height:  82
2019/05/10 00:04:25.353799 [1;35m[INF][m GID 89, [arbitrator] Main chain height:  83
2019/05/10 00:04:31.867119 [1;35m[INF][m GID 34, currentHeight: 57  chainHeight: 58
2019/05/10 00:04:31.881207 [1;35m[INF][m GID 34,  [SyncSideChain] Side chain [ XKUh4GLhFJiqAMTF6HyWQrV9pK9HcGUdfJ ] height:  58
2019/05/10 00:04:33.949400 [1;35m[INF][m GID 34, currentHeight: 58  chainHeight: 59
2019/05/10 00:04:33.982789 [1;35m[INF][m GID 34,  [SyncSideChain] Side chain [ XKUh4GLhFJiqAMTF6HyWQrV9pK9HcGUdfJ ] height:  59
2019/05/10 00:04:37.523587 [1;35m[INF][m GID 89, [arbitrator] Main chain height:  84
2019/05/10 00:04:41.613059 [1;35m[INF][m GID 89, [arbitrator] Main chain height:  85
2019/05/10 00:04:46.113483 [1;35m[INF][m GID 34, currentHeight: 59  chainHeight: 60
2019/05/10 00:04:46.225903 [1;35m[INF][m GID 34,  [SyncSideChain] Side chain [ XKUh4GLhFJiqAMTF6HyWQrV9pK9HcGUdfJ ] height:  60
2019/05/10 00:04:51.756635 [1;35m[INF][m GID 89, [arbitrator] Main chain height:  86
2019/05/10 00:04:58.818083 [1;35m[INF][m GID 89, [arbitrator] Main chain height:  87
2019/05/10 00:05:09.931394 [1;35m[INF][m GID 89, [arbitrator] Main chain height:  88
2019/05/10 00:05:10.011345 [1;35m[INF][m GID 91, Check and remove cross chain transactions from dbcache finished
2019/05/10 00:05:10.489751 [1;35m[INF][m GID 92, Warning side chain mining account:  EW9pvJJrQLCwQTSWsZwYn8S5gTaG6Ku7dx: 0 EMvdwQJZ1i8bmMjFm1DydbNegTKtEyzVet: 0 
2019/05/10 00:05:15.974024 [1;35m[INF][m GID 89, [arbitrator] Main chain height:  89
2019/05/10 00:05:16.474584 [1;35m[INF][m GID 34, currentHeight: 60  chainHeight: 61
2019/05/10 00:05:16.510692 [1;35m[INF][m GID 34,  [SyncSideChain] Side chain [ XKUh4GLhFJiqAMTF6HyWQrV9pK9HcGUdfJ ] height:  61
2019/05/10 00:05:27.706802 [1;35m[INF][m GID 34, currentHeight: 61  chainHeight: 62
2019/05/10 00:05:27.728819 [1;35m[INF][m GID 34,  [SyncSideChain] Side chain [ XKUh4GLhFJiqAMTF6HyWQrV9pK9HcGUdfJ ] height:  62
2019/05/10 00:05:39.299989 [1;35m[INF][m GID 89, [arbitrator] Main chain height:  90
2019/05/10 00:05:42.929371 [1;35m[INF][m GID 34, currentHeight: 62  chainHeight: 63
2019/05/10 00:05:42.935925 [1;35m[INF][m GID 34,  [SyncSideChain] Side chain [ XKUh4GLhFJiqAMTF6HyWQrV9pK9HcGUdfJ ] height:  63
2019/05/10 00:05:59.171825 [1;35m[INF][m GID 34, currentHeight: 63  chainHeight: 64
2019/05/10 00:05:59.208160 [1;35m[INF][m GID 34,  [SyncSideChain] Side chain [ XKUh4GLhFJiqAMTF6HyWQrV9pK9HcGUdfJ ] height:  64
2019/05/10 00:06:00.586026 [1;35m[INF][m GID 89, [arbitrator] Main chain height:  91
2019/05/10 00:06:01.971526 [1;35m[INF][m GID 35, currentHeight: 27  chainHeight: 28
2019/05/10 00:06:02.005843 [1;35m[INF][m GID 35,  [SyncSideChain] Side chain [ XVfmhjxGxBKgzYxyXCJTb6YmaRfWPVunj4 ] height:  28
2019/05/10 00:06:04.019092 [1;35m[INF][m GID 35, currentHeight: 28  chainHeight: 29
2019/05/10 00:06:04.032094 [1;35m[INF][m GID 35,  [SyncSideChain] Side chain [ XVfmhjxGxBKgzYxyXCJTb6YmaRfWPVunj4 ] height:  29
2019/05/10 00:06:10.012327 [1;35m[INF][m GID 91, Check and remove cross chain transactions from dbcache finished
2019/05/10 00:06:10.533029 [1;35m[INF][m GID 92, Warning side chain mining account:  EW9pvJJrQLCwQTSWsZwYn8S5gTaG6Ku7dx: 0 EMvdwQJZ1i8bmMjFm1DydbNegTKtEyzVet: 0 
2019/05/10 00:06:12.303432 [1;35m[INF][m GID 34, currentHeight: 64  chainHeight: 65
2019/05/10 00:06:12.307035 [1;35m[INF][m GID 34,  [SyncSideChain] Side chain [ XKUh4GLhFJiqAMTF6HyWQrV9pK9HcGUdfJ ] height:  65
2019/05/10 00:06:15.314156 [1;35m[INF][m GID 35, currentHeight: 29  chainHeight: 30
2019/05/10 00:06:15.324028 [1;35m[INF][m GID 35,  [SyncSideChain] Side chain [ XVfmhjxGxBKgzYxyXCJTb6YmaRfWPVunj4 ] height:  30
2019/05/10 00:06:25.056913 [1;35m[INF][m GID 89, [arbitrator] Main chain height:  92
2019/05/10 00:06:31.119750 [1;35m[INF][m GID 89, [arbitrator] Main chain height:  93
2019/05/10 00:06:33.593790 [1;35m[INF][m GID 34, currentHeight: 65  chainHeight: 66
2019/05/10 00:06:33.599627 [1;35m[INF][m GID 34,  [SyncSideChain] Side chain [ XKUh4GLhFJiqAMTF6HyWQrV9pK9HcGUdfJ ] height:  66
2019/05/10 00:06:36.199465 [1;35m[INF][m GID 89, [arbitrator] Main chain height:  94
2019/05/10 00:06:43.244395 [1;35m[INF][m GID 89, [SyncFromMainNode] rpc get current height failed
2019/05/10 00:06:43.244590 [1;31m[ERR][m GID 89, Arbitrator group sync error:  Post http://ela-mainchain-crc-4:10014: dial tcp 172.25.0.10:10014: connect: connection refused
2019/05/10 00:06:44.253068 [1;35m[INF][m GID 89, [SyncFromMainNode] rpc get current height failed
2019/05/10 00:06:44.253234 [1;31m[ERR][m GID 89, Arbitrator group sync error:  Post http://ela-mainchain-crc-4:10014: dial tcp 172.25.0.10:10014: connect: connection refused
2019/05/10 00:06:45.263381 [1;35m[INF][m GID 89, [SyncFromMainNode] rpc get current height failed
2019/05/10 00:06:45.263480 [1;31m[ERR][m GID 89, Arbitrator group sync error:  Post http://ela-mainchain-crc-4:10014: dial tcp 172.25.0.10:10014: connect: connection refused
2019/05/10 00:06:46.528712 [1;35m[INF][m GID 89, [SyncFromMainNode] rpc get current height failed
2019/05/10 00:06:46.528796 [1;31m[ERR][m GID 89, Arbitrator group sync error:  Post http://ela-mainchain-crc-4:10014: dial tcp: lookup ela-mainchain-crc-4 on 127.0.0.11:53: no such host
2019/05/10 00:06:50.604814 [1;35m[INF][m GID 89, [SyncFromMainNode] rpc get current height failed
2019/05/10 00:06:50.605078 [1;31m[ERR][m GID 89, Arbitrator group sync error:  Post http://ela-mainchain-crc-4:10014: dial tcp 172.25.0.11:10014: connect: no route to host
2019/05/10 00:06:51.625073 [1;35m[INF][m GID 89, [SyncFromMainNode] rpc get current height failed
2019/05/10 00:06:51.625324 [1;31m[ERR][m GID 89, Arbitrator group sync error:  Post http://ela-mainchain-crc-4:10014: dial tcp 172.25.0.11:10014: connect: connection refused
2019/05/10 00:06:52.632105 [1;35m[INF][m GID 89, [SyncFromMainNode] rpc get current height failed
2019/05/10 00:06:52.632232 [1;31m[ERR][m GID 89, Arbitrator group sync error:  Post http://ela-mainchain-crc-4:10014: dial tcp 172.25.0.11:10014: connect: connection refused
2019/05/10 00:06:53.634750 [1;35m[INF][m GID 89, [SyncFromMainNode] rpc get current height failed
2019/05/10 00:06:53.634888 [1;31m[ERR][m GID 89, Arbitrator group sync error:  Post http://ela-mainchain-crc-4:10014: dial tcp 172.25.0.11:10014: connect: connection refused
2019/05/10 00:07:04.795265 [1;35m[INF][m GID 89, [arbitrator] Main chain height:  95
