2019/04/23 14:50:15.883271 [1;35m[INF][m GID 1, Init wallet.
2019/04/23 14:50:16.016299 [1;35m[INF][m GID 1, Arbiter version:  v0.1.0-6-g758e
2019/04/23 14:50:16.045204 [1;35m[INF][m GID 1, 1. Init chain utxo cache.
2019/04/23 14:50:16.173736 [1;35m[INF][m GID 1, 2. Init finished transaction cache.
2019/04/23 14:50:16.226997 [1;35m[INF][m GID 1, 3. Start arbitrator P2P networks.
2019/04/23 14:50:16.227370 [1;35m[INF][m GID 1, 4. Init configurations.
2019/04/23 14:50:16.246009 [1;35m[INF][m GID 1, [arbitrator] Main chain height:  17
2019/04/23 14:50:16.259935 [1;35m[INF][m GID 1, 5. Start arbitrator spv module.
2019/04/23 14:50:16.260066 [1;35m[INF][m GID 1, [StartSpvModule] new spv service: &{elastos_arbiter/data/spv 20190131 ENqDYUYURsHpp1wQ8LBdTLba4JhEvSDXEw [127.0.0.1:10415] 10415 1 3 <nil>}
2019/04/23 14:50:16.289788 [1;35m[INF][m GID 1, [StartSpvModule] register auxpow listener: EW9pvJJrQLCwQTSWsZwYn8S5gTaG6Ku7dx
2019/04/23 14:50:16.289876 [1;35m[INF][m GID 1, [StartSpvModule] register dposit listener: XKUh4GLhFJiqAMTF6HyWQrV9pK9HcGUdfJ
2019/04/23 14:50:16.289939 [1;35m[INF][m GID 1, 6. Start arbitrator group monitor.
2019/04/23 14:50:16.289956 [1;35m[INF][m GID 1, 7. Start servers.
2019/04/23 14:50:16.289969 [1;35m[INF][m GID 1, 8. Start check and remove cross chain transactions from db.
2019/04/23 14:50:16.289984 [1;35m[INF][m GID 1, 9. Start side chain account divide.
2019/04/23 14:50:16.290342 [1;35m[INF][m GID 91, Check and remove cross chain transactions from dbcache finished
2019/04/23 14:50:16.304059 [1;35m[INF][m GID 38, currentHeight: 0  chainHeight: 3
2019/04/23 14:50:16.314720 [1;35m[INF][m GID 38,  [SyncSideChain] Side chain [ XKUh4GLhFJiqAMTF6HyWQrV9pK9HcGUdfJ ] height:  3
2019/04/23 14:50:30.401505 [1;35m[INF][m GID 89, [arbitrator] Main chain height:  18
2019/04/23 14:50:32.458161 [1;35m[INF][m GID 89, [arbitrator] Main chain height:  19
2019/04/23 14:50:44.650045 [1;35m[INF][m GID 89, [arbitrator] Main chain height:  20
2019/04/23 14:50:47.581054 [1;35m[INF][m GID 38, currentHeight: 3  chainHeight: 4
2019/04/23 14:50:47.595960 [1;35m[INF][m GID 38,  [SyncSideChain] Side chain [ XKUh4GLhFJiqAMTF6HyWQrV9pK9HcGUdfJ ] height:  4
2019/04/23 14:50:54.828775 [1;35m[INF][m GID 89, [arbitrator] Main chain height:  21
2019/04/23 14:50:56.863017 [1;35m[INF][m GID 89, [arbitrator] Main chain height:  22
2019/04/23 14:50:59.953446 [1;35m[INF][m GID 89, [arbitrator] Main chain height:  23
2019/04/23 14:51:00.665231 [1;35m[INF][m GID 38, currentHeight: 4  chainHeight: 5
2019/04/23 14:51:00.676978 [1;35m[INF][m GID 38,  [SyncSideChain] Side chain [ XKUh4GLhFJiqAMTF6HyWQrV9pK9HcGUdfJ ] height:  5
2019/04/23 14:51:03.701345 [1;35m[INF][m GID 38, currentHeight: 5  chainHeight: 6
2019/04/23 14:51:03.706926 [1;35m[INF][m GID 38,  [SyncSideChain] Side chain [ XKUh4GLhFJiqAMTF6HyWQrV9pK9HcGUdfJ ] height:  6
2019/04/23 14:51:04.709818 [1;35m[INF][m GID 38, currentHeight: 6  chainHeight: 7
2019/04/23 14:51:04.713738 [1;32m[DBG][m GID 38, github.com/elastos/Elastos.ELA.Arbiter/rpc.GetWithdrawTransactionByHeight jsonrpc.go:178 [GetWithdrawTransactionByHeight] len transactions: 0 transactions: []
2019/04/23 14:51:04.718470 [1;35m[INF][m GID 38,  [SyncSideChain] Side chain [ XKUh4GLhFJiqAMTF6HyWQrV9pK9HcGUdfJ ] height:  7
2019/04/23 14:51:05.752162 [1;35m[INF][m GID 38, currentHeight: 7  chainHeight: 8
2019/04/23 14:51:05.752708 [1;32m[DBG][m GID 38, github.com/elastos/Elastos.ELA.Arbiter/rpc.GetWithdrawTransactionByHeight jsonrpc.go:178 [GetWithdrawTransactionByHeight] len transactions: 0 transactions: []
2019/04/23 14:51:05.755344 [1;35m[INF][m GID 38,  [SyncSideChain] Side chain [ XKUh4GLhFJiqAMTF6HyWQrV9pK9HcGUdfJ ] height:  8
2019/04/23 14:51:14.369342 [1;35m[INF][m GID 89, [arbitrator] Main chain height:  24
2019/04/23 14:51:16.290693 [1;35m[INF][m GID 91, Check and remove cross chain transactions from dbcache finished
2019/04/23 14:51:16.305756 [1;35m[INF][m GID 92, Warning side chain mining account:  EW9pvJJrQLCwQTSWsZwYn8S5gTaG6Ku7dx: 0 
2019/04/23 14:51:19.788978 [1;35m[INF][m GID 38, currentHeight: 8  chainHeight: 9
2019/04/23 14:51:19.789230 [1;32m[DBG][m GID 38, github.com/elastos/Elastos.ELA.Arbiter/rpc.GetWithdrawTransactionByHeight jsonrpc.go:178 [GetWithdrawTransactionByHeight] len transactions: 0 transactions: []
2019/04/23 14:51:19.796834 [1;35m[INF][m GID 38,  [SyncSideChain] Side chain [ XKUh4GLhFJiqAMTF6HyWQrV9pK9HcGUdfJ ] height:  9
2019/04/23 14:51:20.505772 [1;35m[INF][m GID 89, [arbitrator] Main chain height:  25
2019/04/23 14:51:22.533708 [1;35m[INF][m GID 89, [arbitrator] Main chain height:  26
2019/04/23 14:51:25.626383 [1;35m[INF][m GID 89, [arbitrator] Main chain height:  27
2019/04/23 14:51:31.665473 [1;35m[INF][m GID 89, [arbitrator] Main chain height:  28
2019/04/23 14:51:36.814790 [1;35m[INF][m GID 89, [arbitrator] Main chain height:  29
2019/04/23 14:51:39.014636 [1;35m[INF][m GID 38, currentHeight: 9  chainHeight: 10
2019/04/23 14:51:39.015180 [1;32m[DBG][m GID 38, github.com/elastos/Elastos.ELA.Arbiter/rpc.GetWithdrawTransactionByHeight jsonrpc.go:178 [GetWithdrawTransactionByHeight] len transactions: 0 transactions: []
2019/04/23 14:51:39.018096 [1;35m[INF][m GID 38,  [SyncSideChain] Side chain [ XKUh4GLhFJiqAMTF6HyWQrV9pK9HcGUdfJ ] height:  10
2019/04/23 14:51:39.876400 [1;35m[INF][m GID 89, [arbitrator] Main chain height:  30
2019/04/23 14:51:40.924964 [1;35m[INF][m GID 89, [arbitrator] Main chain height:  31
2019/04/23 14:51:44.982982 [1;35m[INF][m GID 89, [arbitrator] Main chain height:  32
2019/04/23 14:51:46.041060 [1;35m[INF][m GID 89, [arbitrator] Main chain height:  33
2019/04/23 14:51:48.109451 [1;35m[INF][m GID 89, [arbitrator] Main chain height:  34
2019/04/23 14:51:50.098551 [1;35m[INF][m GID 38, currentHeight: 10  chainHeight: 11
2019/04/23 14:51:50.098789 [1;32m[DBG][m GID 38, github.com/elastos/Elastos.ELA.Arbiter/rpc.GetWithdrawTransactionByHeight jsonrpc.go:178 [GetWithdrawTransactionByHeight] len transactions: 0 transactions: []
2019/04/23 14:51:50.102781 [1;35m[INF][m GID 38,  [SyncSideChain] Side chain [ XKUh4GLhFJiqAMTF6HyWQrV9pK9HcGUdfJ ] height:  11
2019/04/23 14:51:51.189710 [1;35m[INF][m GID 89, [arbitrator] Main chain height:  35
2019/04/23 14:51:56.247167 [1;35m[INF][m GID 89, [arbitrator] Main chain height:  36
2019/04/23 14:51:59.298357 [1;35m[INF][m GID 89, [arbitrator] Main chain height:  37
2019/04/23 14:52:02.365504 [1;35m[INF][m GID 89, [arbitrator] Main chain height:  39
2019/04/23 14:52:06.216238 [1;35m[INF][m GID 38, currentHeight: 11  chainHeight: 12
2019/04/23 14:52:06.216471 [1;32m[DBG][m GID 38, github.com/elastos/Elastos.ELA.Arbiter/rpc.GetWithdrawTransactionByHeight jsonrpc.go:178 [GetWithdrawTransactionByHeight] len transactions: 0 transactions: []
2019/04/23 14:52:06.219459 [1;35m[INF][m GID 38,  [SyncSideChain] Side chain [ XKUh4GLhFJiqAMTF6HyWQrV9pK9HcGUdfJ ] height:  12
2019/04/23 14:52:14.528300 [1;35m[INF][m GID 89, [arbitrator] Main chain height:  40
2019/04/23 14:52:16.290932 [1;35m[INF][m GID 91, Check and remove cross chain transactions from dbcache finished
2019/04/23 14:52:16.355977 [1;35m[INF][m GID 92, Warning side chain mining account:  EW9pvJJrQLCwQTSWsZwYn8S5gTaG6Ku7dx: 0 
2019/04/23 14:52:27.405020 [1;35m[INF][m GID 38, currentHeight: 12  chainHeight: 13
2019/04/23 14:52:27.409351 [1;32m[DBG][m GID 38, github.com/elastos/Elastos.ELA.Arbiter/rpc.GetWithdrawTransactionByHeight jsonrpc.go:178 [GetWithdrawTransactionByHeight] len transactions: 0 transactions: []
2019/04/23 14:52:27.415244 [1;35m[INF][m GID 38,  [SyncSideChain] Side chain [ XKUh4GLhFJiqAMTF6HyWQrV9pK9HcGUdfJ ] height:  13
2019/04/23 14:52:31.456652 [1;35m[INF][m GID 38, currentHeight: 13  chainHeight: 14
2019/04/23 14:52:31.463944 [1;32m[DBG][m GID 38, github.com/elastos/Elastos.ELA.Arbiter/rpc.GetWithdrawTransactionByHeight jsonrpc.go:178 [GetWithdrawTransactionByHeight] len transactions: 0 transactions: []
2019/04/23 14:52:31.466472 [1;35m[INF][m GID 38,  [SyncSideChain] Side chain [ XKUh4GLhFJiqAMTF6HyWQrV9pK9HcGUdfJ ] height:  14
2019/04/23 14:52:35.077664 [1;35m[INF][m GID 89, [arbitrator] Main chain height:  41
2019/04/23 14:52:46.383985 [1;35m[INF][m GID 89, [arbitrator] Main chain height:  42
2019/04/23 14:52:56.784591 [1;35m[INF][m GID 89, [arbitrator] Main chain height:  43
2019/04/23 14:52:59.852323 [1;35m[INF][m GID 89, [arbitrator] Main chain height:  44
2019/04/23 14:53:01.879707 [1;35m[INF][m GID 89, [arbitrator] Main chain height:  45
2019/04/23 14:53:06.842923 [1;35m[INF][m GID 38, currentHeight: 14  chainHeight: 15
2019/04/23 14:53:06.843531 [1;32m[DBG][m GID 38, github.com/elastos/Elastos.ELA.Arbiter/rpc.GetWithdrawTransactionByHeight jsonrpc.go:178 [GetWithdrawTransactionByHeight] len transactions: 0 transactions: []
2019/04/23 14:53:06.847366 [1;35m[INF][m GID 38,  [SyncSideChain] Side chain [ XKUh4GLhFJiqAMTF6HyWQrV9pK9HcGUdfJ ] height:  15
2019/04/23 14:53:08.179518 [1;35m[INF][m GID 89, [arbitrator] Main chain height:  46
2019/04/23 14:53:09.856579 [1;35m[INF][m GID 38, currentHeight: 15  chainHeight: 16
2019/04/23 14:53:09.866271 [1;32m[DBG][m GID 38, github.com/elastos/Elastos.ELA.Arbiter/rpc.GetWithdrawTransactionByHeight jsonrpc.go:178 [GetWithdrawTransactionByHeight] len transactions: 0 transactions: []
2019/04/23 14:53:09.869415 [1;35m[INF][m GID 38,  [SyncSideChain] Side chain [ XKUh4GLhFJiqAMTF6HyWQrV9pK9HcGUdfJ ] height:  16
2019/04/23 14:53:13.224132 [1;35m[INF][m GID 89, [arbitrator] Main chain height:  47
2019/04/23 14:53:16.292060 [1;35m[INF][m GID 91, Check and remove cross chain transactions from dbcache finished
2019/04/23 14:53:16.383986 [1;35m[INF][m GID 92, Warning side chain mining account:  EW9pvJJrQLCwQTSWsZwYn8S5gTaG6Ku7dx: 0 
2019/04/23 14:53:18.942827 [1;35m[INF][m GID 38, currentHeight: 16  chainHeight: 17
2019/04/23 14:53:18.963395 [1;32m[DBG][m GID 38, github.com/elastos/Elastos.ELA.Arbiter/rpc.GetWithdrawTransactionByHeight jsonrpc.go:178 [GetWithdrawTransactionByHeight] len transactions: 0 transactions: []
2019/04/23 14:53:18.981315 [1;35m[INF][m GID 38,  [SyncSideChain] Side chain [ XKUh4GLhFJiqAMTF6HyWQrV9pK9HcGUdfJ ] height:  17
2019/04/23 14:53:20.268235 [1;35m[INF][m GID 89, [arbitrator] Main chain height:  48
2019/04/23 14:53:33.619166 [1;35m[INF][m GID 89, [arbitrator] Main chain height:  49
2019/04/23 14:53:35.760790 [1;35m[INF][m GID 89, [arbitrator] Main chain height:  50
2019/04/23 14:53:40.976227 [1;35m[INF][m GID 89, [arbitrator] Main chain height:  51
2019/04/23 14:53:46.235208 [1;35m[INF][m GID 38, currentHeight: 17  chainHeight: 18
2019/04/23 14:53:46.236699 [1;32m[DBG][m GID 38, github.com/elastos/Elastos.ELA.Arbiter/rpc.GetWithdrawTransactionByHeight jsonrpc.go:178 [GetWithdrawTransactionByHeight] len transactions: 0 transactions: []
2019/04/23 14:53:46.239529 [1;35m[INF][m GID 38,  [SyncSideChain] Side chain [ XKUh4GLhFJiqAMTF6HyWQrV9pK9HcGUdfJ ] height:  18
2019/04/23 14:53:47.042952 [1;35m[INF][m GID 89, [arbitrator] Main chain height:  52
2019/04/23 14:53:50.129668 [1;35m[INF][m GID 89, [arbitrator] Main chain height:  53
2019/04/23 14:53:54.279174 [1;35m[INF][m GID 89, [arbitrator] Main chain height:  54
2019/04/23 14:53:57.392945 [1;35m[INF][m GID 38, currentHeight: 18  chainHeight: 19
2019/04/23 14:53:57.393340 [1;32m[DBG][m GID 38, github.com/elastos/Elastos.ELA.Arbiter/rpc.GetWithdrawTransactionByHeight jsonrpc.go:178 [GetWithdrawTransactionByHeight] len transactions: 0 transactions: []
2019/04/23 14:53:57.395934 [1;35m[INF][m GID 38,  [SyncSideChain] Side chain [ XKUh4GLhFJiqAMTF6HyWQrV9pK9HcGUdfJ ] height:  19
2019/04/23 14:53:59.394043 [1;35m[INF][m GID 89, [arbitrator] Main chain height:  55
2019/04/23 14:54:04.576923 [1;35m[INF][m GID 89, [arbitrator] Main chain height:  56
2019/04/23 14:54:05.479681 [1;35m[INF][m GID 38, currentHeight: 19  chainHeight: 20
2019/04/23 14:54:05.480019 [1;32m[DBG][m GID 38, github.com/elastos/Elastos.ELA.Arbiter/rpc.GetWithdrawTransactionByHeight jsonrpc.go:178 [GetWithdrawTransactionByHeight] len transactions: 0 transactions: []
2019/04/23 14:54:05.483581 [1;35m[INF][m GID 38,  [SyncSideChain] Side chain [ XKUh4GLhFJiqAMTF6HyWQrV9pK9HcGUdfJ ] height:  20
2019/04/23 14:54:05.607749 [1;35m[INF][m GID 89, [arbitrator] Main chain height:  57
2019/04/23 14:54:11.777626 [1;35m[INF][m GID 89, [arbitrator] Main chain height:  58
2019/04/23 14:54:16.295210 [1;35m[INF][m GID 91, Check and remove cross chain transactions from dbcache finished
2019/04/23 14:54:16.404182 [1;35m[INF][m GID 92, Warning side chain mining account:  EW9pvJJrQLCwQTSWsZwYn8S5gTaG6Ku7dx: 0 
2019/04/23 14:54:17.591093 [1;35m[INF][m GID 38, currentHeight: 20  chainHeight: 21
2019/04/23 14:54:17.591629 [1;32m[DBG][m GID 38, github.com/elastos/Elastos.ELA.Arbiter/rpc.GetWithdrawTransactionByHeight jsonrpc.go:178 [GetWithdrawTransactionByHeight] len transactions: 0 transactions: []
2019/04/23 14:54:17.595464 [1;35m[INF][m GID 38,  [SyncSideChain] Side chain [ XKUh4GLhFJiqAMTF6HyWQrV9pK9HcGUdfJ ] height:  21
2019/04/23 14:54:27.667628 [1;35m[INF][m GID 38, currentHeight: 21  chainHeight: 22
2019/04/23 14:54:27.672900 [1;32m[DBG][m GID 38, github.com/elastos/Elastos.ELA.Arbiter/rpc.GetWithdrawTransactionByHeight jsonrpc.go:178 [GetWithdrawTransactionByHeight] len transactions: 0 transactions: []
2019/04/23 14:54:27.711460 [1;35m[INF][m GID 38,  [SyncSideChain] Side chain [ XKUh4GLhFJiqAMTF6HyWQrV9pK9HcGUdfJ ] height:  22
2019/04/23 14:54:33.301007 [1;35m[INF][m GID 89, [arbitrator] Main chain height:  59
2019/04/23 14:54:34.788693 [1;35m[INF][m GID 38, currentHeight: 22  chainHeight: 23
2019/04/23 14:54:34.808834 [1;32m[DBG][m GID 38, github.com/elastos/Elastos.ELA.Arbiter/rpc.GetWithdrawTransactionByHeight jsonrpc.go:178 [GetWithdrawTransactionByHeight] len transactions: 0 transactions: []
2019/04/23 14:54:34.833872 [1;35m[INF][m GID 38,  [SyncSideChain] Side chain [ XKUh4GLhFJiqAMTF6HyWQrV9pK9HcGUdfJ ] height:  23
2019/04/23 14:54:36.839448 [1;35m[INF][m GID 38, currentHeight: 23  chainHeight: 24
2019/04/23 14:54:36.841030 [1;32m[DBG][m GID 38, github.com/elastos/Elastos.ELA.Arbiter/rpc.GetWithdrawTransactionByHeight jsonrpc.go:178 [GetWithdrawTransactionByHeight] len transactions: 0 transactions: []
2019/04/23 14:54:36.845599 [1;35m[INF][m GID 38,  [SyncSideChain] Side chain [ XKUh4GLhFJiqAMTF6HyWQrV9pK9HcGUdfJ ] height:  24
2019/04/23 14:54:37.406175 [1;35m[INF][m GID 89, [arbitrator] Main chain height:  60
2019/04/23 14:54:42.477274 [1;35m[INF][m GID 89, [arbitrator] Main chain height:  61
2019/04/23 14:54:47.638551 [1;35m[INF][m GID 89, [arbitrator] Main chain height:  62
2019/04/23 14:54:56.936181 [1;35m[INF][m GID 89, [arbitrator] Main chain height:  63
2019/04/23 14:54:57.973153 [1;35m[INF][m GID 89, [arbitrator] Main chain height:  64
2019/04/23 14:55:00.060160 [1;35m[INF][m GID 38, currentHeight: 24  chainHeight: 25
2019/04/23 14:55:00.060552 [1;32m[DBG][m GID 38, github.com/elastos/Elastos.ELA.Arbiter/rpc.GetWithdrawTransactionByHeight jsonrpc.go:178 [GetWithdrawTransactionByHeight] len transactions: 0 transactions: []
2019/04/23 14:55:00.063444 [1;35m[INF][m GID 38,  [SyncSideChain] Side chain [ XKUh4GLhFJiqAMTF6HyWQrV9pK9HcGUdfJ ] height:  25
2019/04/23 14:55:05.317902 [1;35m[INF][m GID 89, [arbitrator] Main chain height:  65
2019/04/23 14:55:15.385541 [1;35m[INF][m GID 38, currentHeight: 25  chainHeight: 26
2019/04/23 14:55:15.392025 [1;32m[DBG][m GID 38, github.com/elastos/Elastos.ELA.Arbiter/rpc.GetWithdrawTransactionByHeight jsonrpc.go:178 [GetWithdrawTransactionByHeight] len transactions: 0 transactions: []
2019/04/23 14:55:15.397098 [1;35m[INF][m GID 38,  [SyncSideChain] Side chain [ XKUh4GLhFJiqAMTF6HyWQrV9pK9HcGUdfJ ] height:  26
2019/04/23 14:55:15.490474 [1;35m[INF][m GID 89, [arbitrator] Main chain height:  66
2019/04/23 14:55:16.296403 [1;35m[INF][m GID 91, Check and remove cross chain transactions from dbcache finished
2019/04/23 14:55:16.405490 [1;35m[INF][m GID 92, Warning side chain mining account:  EW9pvJJrQLCwQTSWsZwYn8S5gTaG6Ku7dx: 0 
2019/04/23 14:55:18.547862 [1;35m[INF][m GID 89, [arbitrator] Main chain height:  67
2019/04/23 14:55:20.705072 [1;35m[INF][m GID 89, [arbitrator] Main chain height:  68
2019/04/23 14:55:23.921543 [1;35m[INF][m GID 89, [arbitrator] Main chain height:  69
2019/04/23 14:55:26.054209 [1;35m[INF][m GID 89, [arbitrator] Main chain height:  70
2019/04/23 14:55:29.141765 [1;35m[INF][m GID 89, [arbitrator] Main chain height:  71
2019/04/23 14:55:31.575222 [1;35m[INF][m GID 38, currentHeight: 26  chainHeight: 27
2019/04/23 14:55:31.575483 [1;32m[DBG][m GID 38, github.com/elastos/Elastos.ELA.Arbiter/rpc.GetWithdrawTransactionByHeight jsonrpc.go:178 [GetWithdrawTransactionByHeight] len transactions: 0 transactions: []
2019/04/23 14:55:31.585905 [1;35m[INF][m GID 38,  [SyncSideChain] Side chain [ XKUh4GLhFJiqAMTF6HyWQrV9pK9HcGUdfJ ] height:  27
2019/04/23 14:55:44.465022 [1;35m[INF][m GID 89, [arbitrator] Main chain height:  72
2019/04/23 14:55:47.587512 [1;35m[INF][m GID 89, [arbitrator] Main chain height:  73
2019/04/23 14:56:00.933798 [1;35m[INF][m GID 89, [arbitrator] Main chain height:  74
2019/04/23 14:56:05.045142 [1;35m[INF][m GID 89, [arbitrator] Main chain height:  75
2019/04/23 14:56:07.136037 [1;35m[INF][m GID 38, currentHeight: 27  chainHeight: 29
2019/04/23 14:56:07.139271 [1;32m[DBG][m GID 38, github.com/elastos/Elastos.ELA.Arbiter/rpc.GetWithdrawTransactionByHeight jsonrpc.go:178 [GetWithdrawTransactionByHeight] len transactions: 0 transactions: []
2019/04/23 14:56:07.145007 [1;32m[DBG][m GID 38, github.com/elastos/Elastos.ELA.Arbiter/rpc.GetWithdrawTransactionByHeight jsonrpc.go:178 [GetWithdrawTransactionByHeight] len transactions: 0 transactions: []
2019/04/23 14:56:07.170813 [1;35m[INF][m GID 38,  [SyncSideChain] Side chain [ XKUh4GLhFJiqAMTF6HyWQrV9pK9HcGUdfJ ] height:  29
2019/04/23 14:56:08.129662 [1;35m[INF][m GID 89, [arbitrator] Main chain height:  76
2019/04/23 14:56:11.184530 [1;35m[INF][m GID 89, [arbitrator] Main chain height:  77
2019/04/23 14:56:14.213772 [1;35m[INF][m GID 38, currentHeight: 29  chainHeight: 30
2019/04/23 14:56:14.215162 [1;32m[DBG][m GID 38, github.com/elastos/Elastos.ELA.Arbiter/rpc.GetWithdrawTransactionByHeight jsonrpc.go:178 [GetWithdrawTransactionByHeight] len transactions: 0 transactions: []
2019/04/23 14:56:14.219687 [1;35m[INF][m GID 38,  [SyncSideChain] Side chain [ XKUh4GLhFJiqAMTF6HyWQrV9pK9HcGUdfJ ] height:  30
2019/04/23 14:56:16.221722 [1;35m[INF][m GID 38, currentHeight: 30  chainHeight: 31
2019/04/23 14:56:16.221995 [1;32m[DBG][m GID 38, github.com/elastos/Elastos.ELA.Arbiter/rpc.GetWithdrawTransactionByHeight jsonrpc.go:178 [GetWithdrawTransactionByHeight] len transactions: 0 transactions: []
2019/04/23 14:56:16.224707 [1;35m[INF][m GID 38,  [SyncSideChain] Side chain [ XKUh4GLhFJiqAMTF6HyWQrV9pK9HcGUdfJ ] height:  31
2019/04/23 14:56:16.241488 [1;35m[INF][m GID 89, [arbitrator] Main chain height:  78
2019/04/23 14:56:16.297622 [1;35m[INF][m GID 91, Check and remove cross chain transactions from dbcache finished
2019/04/23 14:56:16.413464 [1;35m[INF][m GID 92, Warning side chain mining account:  EW9pvJJrQLCwQTSWsZwYn8S5gTaG6Ku7dx: 0 
2019/04/23 14:56:20.367519 [1;35m[INF][m GID 89, [arbitrator] Main chain height:  79
2019/04/23 14:56:23.574544 [1;35m[INF][m GID 89, [arbitrator] Main chain height:  80
2019/04/23 14:56:26.443378 [1;35m[INF][m GID 38, currentHeight: 31  chainHeight: 32
2019/04/23 14:56:26.443629 [1;32m[DBG][m GID 38, github.com/elastos/Elastos.ELA.Arbiter/rpc.GetWithdrawTransactionByHeight jsonrpc.go:178 [GetWithdrawTransactionByHeight] len transactions: 0 transactions: []
2019/04/23 14:56:26.470227 [1;35m[INF][m GID 38,  [SyncSideChain] Side chain [ XKUh4GLhFJiqAMTF6HyWQrV9pK9HcGUdfJ ] height:  32
2019/04/23 14:56:33.552691 [1;35m[INF][m GID 38, currentHeight: 32  chainHeight: 33
2019/04/23 14:56:33.557219 [1;32m[DBG][m GID 38, github.com/elastos/Elastos.ELA.Arbiter/rpc.GetWithdrawTransactionByHeight jsonrpc.go:178 [GetWithdrawTransactionByHeight] len transactions: 0 transactions: []
2019/04/23 14:56:33.569998 [1;35m[INF][m GID 38,  [SyncSideChain] Side chain [ XKUh4GLhFJiqAMTF6HyWQrV9pK9HcGUdfJ ] height:  33
2019/04/23 14:56:41.618213 [1;35m[INF][m GID 38, currentHeight: 33  chainHeight: 34
2019/04/23 14:56:41.626800 [1;32m[DBG][m GID 38, github.com/elastos/Elastos.ELA.Arbiter/rpc.GetWithdrawTransactionByHeight jsonrpc.go:178 [GetWithdrawTransactionByHeight] len transactions: 0 transactions: []
2019/04/23 14:56:41.644237 [1;35m[INF][m GID 38,  [SyncSideChain] Side chain [ XKUh4GLhFJiqAMTF6HyWQrV9pK9HcGUdfJ ] height:  34
2019/04/23 14:56:44.061101 [1;35m[INF][m GID 89, [arbitrator] Main chain height:  81
2019/04/23 14:56:45.666828 [1;35m[INF][m GID 38, currentHeight: 34  chainHeight: 35
2019/04/23 14:56:45.668008 [1;32m[DBG][m GID 38, github.com/elastos/Elastos.ELA.Arbiter/rpc.GetWithdrawTransactionByHeight jsonrpc.go:178 [GetWithdrawTransactionByHeight] len transactions: 0 transactions: []
2019/04/23 14:56:45.684082 [1;35m[INF][m GID 38,  [SyncSideChain] Side chain [ XKUh4GLhFJiqAMTF6HyWQrV9pK9HcGUdfJ ] height:  35
2019/04/23 14:56:48.137327 [1;35m[INF][m GID 89, [arbitrator] Main chain height:  82
2019/04/23 14:56:52.249157 [1;35m[INF][m GID 89, [arbitrator] Main chain height:  83
2019/04/23 14:56:54.781455 [1;35m[INF][m GID 38, currentHeight: 35  chainHeight: 36
2019/04/23 14:56:54.781998 [1;32m[DBG][m GID 38, github.com/elastos/Elastos.ELA.Arbiter/rpc.GetWithdrawTransactionByHeight jsonrpc.go:178 [GetWithdrawTransactionByHeight] len transactions: 0 transactions: []
2019/04/23 14:56:54.800230 [1;35m[INF][m GID 38,  [SyncSideChain] Side chain [ XKUh4GLhFJiqAMTF6HyWQrV9pK9HcGUdfJ ] height:  36
2019/04/23 14:56:56.293624 [1;35m[INF][m GID 89, [arbitrator] Main chain height:  84
2019/04/23 14:57:01.350258 [1;35m[INF][m GID 89, [arbitrator] Main chain height:  85
2019/04/23 14:57:02.390576 [1;35m[INF][m GID 89, [arbitrator] Main chain height:  86
2019/04/23 14:57:06.408890 [1;35m[INF][m GID 89, [arbitrator] Main chain height:  87
2019/04/23 14:57:14.984635 [1;35m[INF][m GID 38, currentHeight: 36  chainHeight: 37
2019/04/23 14:57:14.984889 [1;32m[DBG][m GID 38, github.com/elastos/Elastos.ELA.Arbiter/rpc.GetWithdrawTransactionByHeight jsonrpc.go:178 [GetWithdrawTransactionByHeight] len transactions: 0 transactions: []
2019/04/23 14:57:14.989620 [1;35m[INF][m GID 38,  [SyncSideChain] Side chain [ XKUh4GLhFJiqAMTF6HyWQrV9pK9HcGUdfJ ] height:  37
2019/04/23 14:57:16.299784 [1;35m[INF][m GID 91, Check and remove cross chain transactions from dbcache finished
2019/04/23 14:57:16.437197 [1;35m[INF][m GID 92, Warning side chain mining account:  EW9pvJJrQLCwQTSWsZwYn8S5gTaG6Ku7dx: 0 
2019/04/23 14:57:17.723607 [1;35m[INF][m GID 89, [arbitrator] Main chain height:  88
2019/04/23 14:57:18.994045 [1;35m[INF][m GID 38, currentHeight: 37  chainHeight: 38
2019/04/23 14:57:18.994426 [1;32m[DBG][m GID 38, github.com/elastos/Elastos.ELA.Arbiter/rpc.GetWithdrawTransactionByHeight jsonrpc.go:178 [GetWithdrawTransactionByHeight] len transactions: 0 transactions: []
2019/04/23 14:57:19.001559 [1;35m[INF][m GID 38,  [SyncSideChain] Side chain [ XKUh4GLhFJiqAMTF6HyWQrV9pK9HcGUdfJ ] height:  38
2019/04/23 14:57:22.967421 [1;35m[INF][m GID 89, [arbitrator] Main chain height:  89
2019/04/23 14:57:24.099463 [1;35m[INF][m GID 89, [arbitrator] Main chain height:  90
2019/04/23 14:57:27.076255 [1;35m[INF][m GID 38, currentHeight: 38  chainHeight: 39
2019/04/23 14:57:27.088201 [1;32m[DBG][m GID 38, github.com/elastos/Elastos.ELA.Arbiter/rpc.GetWithdrawTransactionByHeight jsonrpc.go:178 [GetWithdrawTransactionByHeight] len transactions: 0 transactions: []
2019/04/23 14:57:27.093966 [1;35m[INF][m GID 38,  [SyncSideChain] Side chain [ XKUh4GLhFJiqAMTF6HyWQrV9pK9HcGUdfJ ] height:  39
2019/04/23 14:57:29.204205 [1;35m[INF][m GID 89, [arbitrator] Main chain height:  91
2019/04/23 14:57:36.329182 [1;35m[INF][m GID 89, [arbitrator] Main chain height:  92
2019/04/23 14:57:38.209741 [1;35m[INF][m GID 38, currentHeight: 39  chainHeight: 40
2019/04/23 14:57:38.210056 [1;32m[DBG][m GID 38, github.com/elastos/Elastos.ELA.Arbiter/rpc.GetWithdrawTransactionByHeight jsonrpc.go:178 [GetWithdrawTransactionByHeight] len transactions: 0 transactions: []
2019/04/23 14:57:38.213159 [1;35m[INF][m GID 38,  [SyncSideChain] Side chain [ XKUh4GLhFJiqAMTF6HyWQrV9pK9HcGUdfJ ] height:  40
2019/04/23 14:57:42.238276 [1;35m[INF][m GID 38, currentHeight: 40  chainHeight: 41
2019/04/23 14:57:42.238482 [1;32m[DBG][m GID 38, github.com/elastos/Elastos.ELA.Arbiter/rpc.GetWithdrawTransactionByHeight jsonrpc.go:178 [GetWithdrawTransactionByHeight] len transactions: 0 transactions: []
2019/04/23 14:57:42.241312 [1;35m[INF][m GID 38,  [SyncSideChain] Side chain [ XKUh4GLhFJiqAMTF6HyWQrV9pK9HcGUdfJ ] height:  41
2019/04/23 14:57:42.526744 [1;35m[INF][m GID 89, [arbitrator] Main chain height:  93
2019/04/23 14:57:45.264625 [1;35m[INF][m GID 38, currentHeight: 41  chainHeight: 42
2019/04/23 14:57:45.267984 [1;32m[DBG][m GID 38, github.com/elastos/Elastos.ELA.Arbiter/rpc.GetWithdrawTransactionByHeight jsonrpc.go:178 [GetWithdrawTransactionByHeight] len transactions: 0 transactions: []
2019/04/23 14:57:45.307970 [1;35m[INF][m GID 38,  [SyncSideChain] Side chain [ XKUh4GLhFJiqAMTF6HyWQrV9pK9HcGUdfJ ] height:  42
2019/04/23 14:57:51.725961 [1;35m[INF][m GID 89, [arbitrator] Main chain height:  94
2019/04/23 14:57:52.409762 [1;35m[INF][m GID 38, currentHeight: 42  chainHeight: 43
2019/04/23 14:57:52.410028 [1;32m[DBG][m GID 38, github.com/elastos/Elastos.ELA.Arbiter/rpc.GetWithdrawTransactionByHeight jsonrpc.go:178 [GetWithdrawTransactionByHeight] len transactions: 0 transactions: []
2019/04/23 14:57:52.413021 [1;35m[INF][m GID 38,  [SyncSideChain] Side chain [ XKUh4GLhFJiqAMTF6HyWQrV9pK9HcGUdfJ ] height:  43
2019/04/23 14:57:57.781538 [1;35m[INF][m GID 89, [arbitrator] Main chain height:  95
2019/04/23 14:58:04.912730 [1;35m[INF][m GID 89, [arbitrator] Main chain height:  96
2019/04/23 14:58:10.609756 [1;35m[INF][m GID 38, currentHeight: 43  chainHeight: 44
2019/04/23 14:58:10.612084 [1;32m[DBG][m GID 38, github.com/elastos/Elastos.ELA.Arbiter/rpc.GetWithdrawTransactionByHeight jsonrpc.go:178 [GetWithdrawTransactionByHeight] len transactions: 0 transactions: []
2019/04/23 14:58:10.615214 [1;35m[INF][m GID 38,  [SyncSideChain] Side chain [ XKUh4GLhFJiqAMTF6HyWQrV9pK9HcGUdfJ ] height:  44
2019/04/23 14:58:11.009304 [1;35m[INF][m GID 89, [arbitrator] Main chain height:  97
2019/04/23 14:58:14.666853 [1;35m[INF][m GID 38, currentHeight: 44  chainHeight: 45
2019/04/23 14:58:14.670575 [1;32m[DBG][m GID 38, github.com/elastos/Elastos.ELA.Arbiter/rpc.GetWithdrawTransactionByHeight jsonrpc.go:178 [GetWithdrawTransactionByHeight] len transactions: 0 transactions: []
2019/04/23 14:58:14.730137 [1;35m[INF][m GID 38,  [SyncSideChain] Side chain [ XKUh4GLhFJiqAMTF6HyWQrV9pK9HcGUdfJ ] height:  45
2019/04/23 14:58:16.300532 [1;35m[INF][m GID 91, Check and remove cross chain transactions from dbcache finished
2019/04/23 14:58:16.455832 [1;35m[INF][m GID 92, Warning side chain mining account:  EW9pvJJrQLCwQTSWsZwYn8S5gTaG6Ku7dx: 0 
2019/04/23 14:58:23.144725 [1;35m[INF][m GID 89, [arbitrator] Main chain height:  98
2019/04/23 14:58:26.221300 [1;35m[INF][m GID 89, [arbitrator] Main chain height:  99
2019/04/23 14:58:27.813629 [1;35m[INF][m GID 38, currentHeight: 45  chainHeight: 46
2019/04/23 14:58:27.819566 [1;32m[DBG][m GID 38, github.com/elastos/Elastos.ELA.Arbiter/rpc.GetWithdrawTransactionByHeight jsonrpc.go:178 [GetWithdrawTransactionByHeight] len transactions: 0 transactions: []
2019/04/23 14:58:27.822538 [1;35m[INF][m GID 38,  [SyncSideChain] Side chain [ XKUh4GLhFJiqAMTF6HyWQrV9pK9HcGUdfJ ] height:  46
2019/04/23 14:58:33.505709 [1;35m[INF][m GID 89, [arbitrator] Main chain height:  100
2019/04/23 14:58:35.867358 [1;35m[INF][m GID 38, currentHeight: 46  chainHeight: 47
2019/04/23 14:58:35.873475 [1;32m[DBG][m GID 38, github.com/elastos/Elastos.ELA.Arbiter/rpc.GetWithdrawTransactionByHeight jsonrpc.go:178 [GetWithdrawTransactionByHeight] len transactions: 0 transactions: []
2019/04/23 14:58:35.887144 [1;35m[INF][m GID 38,  [SyncSideChain] Side chain [ XKUh4GLhFJiqAMTF6HyWQrV9pK9HcGUdfJ ] height:  47
2019/04/23 14:58:36.655731 [1;35m[INF][m GID 89, [arbitrator] Main chain height:  101
2019/04/23 14:58:40.940957 [1;35m[INF][m GID 38, currentHeight: 47  chainHeight: 48
2019/04/23 14:58:40.941166 [1;32m[DBG][m GID 38, github.com/elastos/Elastos.ELA.Arbiter/rpc.GetWithdrawTransactionByHeight jsonrpc.go:178 [GetWithdrawTransactionByHeight] len transactions: 0 transactions: []
2019/04/23 14:58:40.944636 [1;35m[INF][m GID 38,  [SyncSideChain] Side chain [ XKUh4GLhFJiqAMTF6HyWQrV9pK9HcGUdfJ ] height:  48
2019/04/23 14:58:45.882046 [1;35m[INF][m GID 89, [arbitrator] Main chain height:  102
2019/04/23 14:58:48.072475 [1;35m[INF][m GID 38, currentHeight: 48  chainHeight: 49
2019/04/23 14:58:48.072938 [1;32m[DBG][m GID 38, github.com/elastos/Elastos.ELA.Arbiter/rpc.GetWithdrawTransactionByHeight jsonrpc.go:178 [GetWithdrawTransactionByHeight] len transactions: 0 transactions: []
2019/04/23 14:58:48.084650 [1;35m[INF][m GID 38,  [SyncSideChain] Side chain [ XKUh4GLhFJiqAMTF6HyWQrV9pK9HcGUdfJ ] height:  49
2019/04/23 14:58:51.172897 [1;35m[INF][m GID 89, [arbitrator] Main chain height:  103
2019/04/23 14:58:53.165771 [1;35m[INF][m GID 38, currentHeight: 49  chainHeight: 50
2019/04/23 14:58:53.196229 [1;32m[DBG][m GID 38, github.com/elastos/Elastos.ELA.Arbiter/rpc.GetWithdrawTransactionByHeight jsonrpc.go:178 [GetWithdrawTransactionByHeight] len transactions: 0 transactions: []
2019/04/23 14:58:53.229278 [1;35m[INF][m GID 38,  [SyncSideChain] Side chain [ XKUh4GLhFJiqAMTF6HyWQrV9pK9HcGUdfJ ] height:  50
2019/04/23 14:58:58.363315 [1;35m[INF][m GID 89, [arbitrator] Main chain height:  104
2019/04/23 14:59:06.440751 [1;35m[INF][m GID 38, currentHeight: 50  chainHeight: 51
2019/04/23 14:59:06.448835 [1;32m[DBG][m GID 38, github.com/elastos/Elastos.ELA.Arbiter/rpc.GetWithdrawTransactionByHeight jsonrpc.go:178 [GetWithdrawTransactionByHeight] len transactions: 0 transactions: []
2019/04/23 14:59:06.468034 [1;35m[INF][m GID 38,  [SyncSideChain] Side chain [ XKUh4GLhFJiqAMTF6HyWQrV9pK9HcGUdfJ ] height:  51
2019/04/23 14:59:06.522877 [1;35m[INF][m GID 89, [arbitrator] Main chain height:  105
2019/04/23 14:59:12.620752 [1;35m[INF][m GID 89, [arbitrator] Main chain height:  106
2019/04/23 14:59:16.300903 [1;35m[INF][m GID 91, Check and remove cross chain transactions from dbcache finished
2019/04/23 14:59:16.479756 [1;35m[INF][m GID 92, Warning side chain mining account:  EW9pvJJrQLCwQTSWsZwYn8S5gTaG6Ku7dx: 0 
2019/04/23 14:59:17.688116 [1;35m[INF][m GID 89, [arbitrator] Main chain height:  107
2019/04/23 14:59:19.600104 [1;35m[INF][m GID 38, currentHeight: 51  chainHeight: 52
2019/04/23 14:59:19.600517 [1;32m[DBG][m GID 38, github.com/elastos/Elastos.ELA.Arbiter/rpc.GetWithdrawTransactionByHeight jsonrpc.go:178 [GetWithdrawTransactionByHeight] len transactions: 0 transactions: []
2019/04/23 14:59:19.617935 [1;35m[INF][m GID 38,  [SyncSideChain] Side chain [ XKUh4GLhFJiqAMTF6HyWQrV9pK9HcGUdfJ ] height:  52
2019/04/23 14:59:31.867139 [1;35m[INF][m GID 89, [arbitrator] Main chain height:  108
2019/04/23 14:59:32.793340 [1;35m[INF][m GID 38, currentHeight: 52  chainHeight: 53
2019/04/23 14:59:32.800170 [1;32m[DBG][m GID 38, github.com/elastos/Elastos.ELA.Arbiter/rpc.GetWithdrawTransactionByHeight jsonrpc.go:178 [GetWithdrawTransactionByHeight] len transactions: 0 transactions: []
2019/04/23 14:59:32.806493 [1;35m[INF][m GID 38,  [SyncSideChain] Side chain [ XKUh4GLhFJiqAMTF6HyWQrV9pK9HcGUdfJ ] height:  53
2019/04/23 14:59:39.818803 [1;35m[INF][m GID 38, currentHeight: 53  chainHeight: 54
2019/04/23 14:59:39.819092 [1;32m[DBG][m GID 38, github.com/elastos/Elastos.ELA.Arbiter/rpc.GetWithdrawTransactionByHeight jsonrpc.go:178 [GetWithdrawTransactionByHeight] len transactions: 0 transactions: []
2019/04/23 14:59:39.837205 [1;35m[INF][m GID 38,  [SyncSideChain] Side chain [ XKUh4GLhFJiqAMTF6HyWQrV9pK9HcGUdfJ ] height:  54
2019/04/23 14:59:52.439267 [1;35m[INF][m GID 89, [arbitrator] Main chain height:  109
2019/04/23 14:59:55.953775 [1;35m[INF][m GID 38, currentHeight: 54  chainHeight: 55
2019/04/23 14:59:55.954057 [1;32m[DBG][m GID 38, github.com/elastos/Elastos.ELA.Arbiter/rpc.GetWithdrawTransactionByHeight jsonrpc.go:178 [GetWithdrawTransactionByHeight] len transactions: 0 transactions: []
2019/04/23 14:59:55.965025 [1;35m[INF][m GID 38,  [SyncSideChain] Side chain [ XKUh4GLhFJiqAMTF6HyWQrV9pK9HcGUdfJ ] height:  55
2019/04/23 15:00:02.603360 [1;35m[INF][m GID 89, [arbitrator] Main chain height:  110
2019/04/23 15:00:08.741705 [1;35m[INF][m GID 89, [arbitrator] Main chain height:  111
2019/04/23 15:00:16.301325 [1;35m[INF][m GID 91, Check and remove cross chain transactions from dbcache finished
2019/04/23 15:00:16.562209 [1;35m[INF][m GID 92, Warning side chain mining account:  EW9pvJJrQLCwQTSWsZwYn8S5gTaG6Ku7dx: 0 
2019/04/23 15:00:22.235706 [1;35m[INF][m GID 38, currentHeight: 55  chainHeight: 56
2019/04/23 15:00:22.235964 [1;32m[DBG][m GID 38, github.com/elastos/Elastos.ELA.Arbiter/rpc.GetWithdrawTransactionByHeight jsonrpc.go:178 [GetWithdrawTransactionByHeight] len transactions: 0 transactions: []
2019/04/23 15:00:22.251976 [1;35m[INF][m GID 38,  [SyncSideChain] Side chain [ XKUh4GLhFJiqAMTF6HyWQrV9pK9HcGUdfJ ] height:  56
2019/04/23 15:00:25.153041 [1;35m[INF][m GID 89, [arbitrator] Main chain height:  112
2019/04/23 15:00:28.328803 [1;35m[INF][m GID 38, currentHeight: 56  chainHeight: 57
2019/04/23 15:00:28.343626 [1;32m[DBG][m GID 38, github.com/elastos/Elastos.ELA.Arbiter/rpc.GetWithdrawTransactionByHeight jsonrpc.go:178 [GetWithdrawTransactionByHeight] len transactions: 0 transactions: []
2019/04/23 15:00:28.356516 [1;35m[INF][m GID 38,  [SyncSideChain] Side chain [ XKUh4GLhFJiqAMTF6HyWQrV9pK9HcGUdfJ ] height:  57
2019/04/23 15:00:37.301943 [1;35m[INF][m GID 89, [arbitrator] Main chain height:  113
2019/04/23 15:00:38.396350 [1;35m[INF][m GID 38, currentHeight: 57  chainHeight: 58
2019/04/23 15:00:38.396689 [1;32m[DBG][m GID 38, github.com/elastos/Elastos.ELA.Arbiter/rpc.GetWithdrawTransactionByHeight jsonrpc.go:178 [GetWithdrawTransactionByHeight] len transactions: 0 transactions: []
2019/04/23 15:00:38.402789 [1;35m[INF][m GID 38,  [SyncSideChain] Side chain [ XKUh4GLhFJiqAMTF6HyWQrV9pK9HcGUdfJ ] height:  58
2019/04/23 15:00:41.370854 [1;35m[INF][m GID 89, [arbitrator] Main chain height:  114
2019/04/23 15:00:41.456655 [1;35m[INF][m GID 38, currentHeight: 58  chainHeight: 59
2019/04/23 15:00:41.477149 [1;32m[DBG][m GID 38, github.com/elastos/Elastos.ELA.Arbiter/rpc.GetWithdrawTransactionByHeight jsonrpc.go:178 [GetWithdrawTransactionByHeight] len transactions: 0 transactions: []
2019/04/23 15:00:41.481430 [1;35m[INF][m GID 38,  [SyncSideChain] Side chain [ XKUh4GLhFJiqAMTF6HyWQrV9pK9HcGUdfJ ] height:  59
2019/04/23 15:00:51.768828 [1;35m[INF][m GID 89, [arbitrator] Main chain height:  115
2019/04/23 15:01:03.711815 [1;35m[INF][m GID 38, currentHeight: 59  chainHeight: 60
2019/04/23 15:01:03.717989 [1;32m[DBG][m GID 38, github.com/elastos/Elastos.ELA.Arbiter/rpc.GetWithdrawTransactionByHeight jsonrpc.go:178 [GetWithdrawTransactionByHeight] len transactions: 0 transactions: []
2019/04/23 15:01:03.736926 [1;35m[INF][m GID 38,  [SyncSideChain] Side chain [ XKUh4GLhFJiqAMTF6HyWQrV9pK9HcGUdfJ ] height:  60
2019/04/23 15:01:09.124043 [1;35m[INF][m GID 89, [arbitrator] Main chain height:  116
2019/04/23 15:01:15.270015 [1;35m[INF][m GID 89, [arbitrator] Main chain height:  117
2019/04/23 15:01:16.302417 [1;35m[INF][m GID 91, Check and remove cross chain transactions from dbcache finished
2019/04/23 15:01:16.577064 [1;35m[INF][m GID 92, Warning side chain mining account:  EW9pvJJrQLCwQTSWsZwYn8S5gTaG6Ku7dx: 0 
2019/04/23 15:01:19.338825 [1;35m[INF][m GID 89, [arbitrator] Main chain height:  118
2019/04/23 15:01:22.382914 [1;35m[INF][m GID 89, [arbitrator] Main chain height:  119
2019/04/23 15:01:28.607229 [1;35m[INF][m GID 89, [arbitrator] Main chain height:  120
2019/04/23 15:01:32.753949 [1;35m[INF][m GID 89, [arbitrator] Main chain height:  121
2019/04/23 15:01:37.102963 [1;35m[INF][m GID 38, currentHeight: 60  chainHeight: 61
2019/04/23 15:01:37.104505 [1;32m[DBG][m GID 38, github.com/elastos/Elastos.ELA.Arbiter/rpc.GetWithdrawTransactionByHeight jsonrpc.go:178 [GetWithdrawTransactionByHeight] len transactions: 0 transactions: []
2019/04/23 15:01:37.119355 [1;35m[INF][m GID 38,  [SyncSideChain] Side chain [ XKUh4GLhFJiqAMTF6HyWQrV9pK9HcGUdfJ ] height:  61
2019/04/23 15:01:38.878396 [1;35m[INF][m GID 89, [arbitrator] Main chain height:  122
2019/04/23 15:01:45.078033 [1;35m[INF][m GID 89, [arbitrator] Main chain height:  123
2019/04/23 15:01:48.101401 [1;35m[INF][m GID 89, [arbitrator] Main chain height:  124
2019/04/23 15:01:52.196036 [1;35m[INF][m GID 89, [arbitrator] Main chain height:  125
2019/04/23 15:01:55.308723 [1;35m[INF][m GID 38, currentHeight: 61  chainHeight: 62
2019/04/23 15:01:55.309027 [1;32m[DBG][m GID 38, github.com/elastos/Elastos.ELA.Arbiter/rpc.GetWithdrawTransactionByHeight jsonrpc.go:178 [GetWithdrawTransactionByHeight] len transactions: 0 transactions: []
2019/04/23 15:01:55.319826 [1;35m[INF][m GID 38,  [SyncSideChain] Side chain [ XKUh4GLhFJiqAMTF6HyWQrV9pK9HcGUdfJ ] height:  62
2019/04/23 15:02:03.455392 [1;35m[INF][m GID 89, [arbitrator] Main chain height:  126
2019/04/23 15:02:09.562938 [1;35m[INF][m GID 89, [arbitrator] Main chain height:  127
2019/04/23 15:02:10.511562 [1;35m[INF][m GID 38, currentHeight: 62  chainHeight: 63
2019/04/23 15:02:10.511938 [1;32m[DBG][m GID 38, github.com/elastos/Elastos.ELA.Arbiter/rpc.GetWithdrawTransactionByHeight jsonrpc.go:178 [GetWithdrawTransactionByHeight] len transactions: 0 transactions: []
2019/04/23 15:02:10.515254 [1;35m[INF][m GID 38,  [SyncSideChain] Side chain [ XKUh4GLhFJiqAMTF6HyWQrV9pK9HcGUdfJ ] height:  63
2019/04/23 15:02:12.631394 [1;35m[INF][m GID 89, [arbitrator] Main chain height:  128
2019/04/23 15:02:16.302867 [1;35m[INF][m GID 91, Check and remove cross chain transactions from dbcache finished
2019/04/23 15:02:16.578528 [1;35m[INF][m GID 92, Warning side chain mining account:  EW9pvJJrQLCwQTSWsZwYn8S5gTaG6Ku7dx: 0 
2019/04/23 15:02:18.782055 [1;35m[INF][m GID 89, [arbitrator] Main chain height:  129
2019/04/23 15:02:19.559051 [1;35m[INF][m GID 38, currentHeight: 63  chainHeight: 64
2019/04/23 15:02:19.569585 [1;32m[DBG][m GID 38, github.com/elastos/Elastos.ELA.Arbiter/rpc.GetWithdrawTransactionByHeight jsonrpc.go:178 [GetWithdrawTransactionByHeight] len transactions: 0 transactions: []
2019/04/23 15:02:19.590017 [1;35m[INF][m GID 38,  [SyncSideChain] Side chain [ XKUh4GLhFJiqAMTF6HyWQrV9pK9HcGUdfJ ] height:  64
2019/04/23 15:02:20.596809 [1;35m[INF][m GID 38, currentHeight: 64  chainHeight: 65
2019/04/23 15:02:20.597437 [1;32m[DBG][m GID 38, github.com/elastos/Elastos.ELA.Arbiter/rpc.GetWithdrawTransactionByHeight jsonrpc.go:178 [GetWithdrawTransactionByHeight] len transactions: 0 transactions: []
2019/04/23 15:02:20.603958 [1;35m[INF][m GID 38,  [SyncSideChain] Side chain [ XKUh4GLhFJiqAMTF6HyWQrV9pK9HcGUdfJ ] height:  65
2019/04/23 15:02:29.695536 [1;35m[INF][m GID 38, currentHeight: 65  chainHeight: 66
2019/04/23 15:02:29.695941 [1;32m[DBG][m GID 38, github.com/elastos/Elastos.ELA.Arbiter/rpc.GetWithdrawTransactionByHeight jsonrpc.go:178 [GetWithdrawTransactionByHeight] len transactions: 0 transactions: []
2019/04/23 15:02:29.706923 [1;35m[INF][m GID 38,  [SyncSideChain] Side chain [ XKUh4GLhFJiqAMTF6HyWQrV9pK9HcGUdfJ ] height:  66
2019/04/23 15:02:34.728088 [1;35m[INF][m GID 38, currentHeight: 66  chainHeight: 67
2019/04/23 15:02:34.728659 [1;32m[DBG][m GID 38, github.com/elastos/Elastos.ELA.Arbiter/rpc.GetWithdrawTransactionByHeight jsonrpc.go:178 [GetWithdrawTransactionByHeight] len transactions: 0 transactions: []
2019/04/23 15:02:34.736742 [1;35m[INF][m GID 38,  [SyncSideChain] Side chain [ XKUh4GLhFJiqAMTF6HyWQrV9pK9HcGUdfJ ] height:  67
2019/04/23 15:02:37.018838 [1;35m[INF][m GID 89, [arbitrator] Main chain height:  130
2019/04/23 15:02:45.204102 [1;35m[INF][m GID 89, [arbitrator] Main chain height:  131
2019/04/23 15:02:48.252915 [1;35m[INF][m GID 89, [arbitrator] Main chain height:  132
2019/04/23 15:02:52.340177 [1;35m[INF][m GID 89, [arbitrator] Main chain height:  133
2019/04/23 15:02:52.922525 [1;35m[INF][m GID 38, currentHeight: 67  chainHeight: 68
2019/04/23 15:02:52.923019 [1;32m[DBG][m GID 38, github.com/elastos/Elastos.ELA.Arbiter/rpc.GetWithdrawTransactionByHeight jsonrpc.go:178 [GetWithdrawTransactionByHeight] len transactions: 0 transactions: []
2019/04/23 15:02:52.937733 [1;35m[INF][m GID 38,  [SyncSideChain] Side chain [ XKUh4GLhFJiqAMTF6HyWQrV9pK9HcGUdfJ ] height:  68
2019/04/23 15:02:58.490662 [1;35m[INF][m GID 89, [arbitrator] Main chain height:  134
2019/04/23 15:03:07.609858 [1;32m[DBG][m GID 89, github.com/elastos/Elastos.ELA.Arbiter/rpc.Call jsonrpc.go:349 POST requset err: Post http://127.0.0.1:10414: dial tcp 127.0.0.1:10414: connect: connection refused
2019/04/23 15:03:07.609921 [1;35m[INF][m GID 89, [SyncFromMainNode] rpc get current height failed
2019/04/23 15:03:07.609955 [1;31m[ERR][m GID 89, Arbitrator group sync error:  Post http://127.0.0.1:10414: dial tcp 127.0.0.1:10414: connect: connection refused
2019/04/23 15:03:08.610580 [1;32m[DBG][m GID 89, github.com/elastos/Elastos.ELA.Arbiter/rpc.Call jsonrpc.go:349 POST requset err: Post http://127.0.0.1:10414: dial tcp 127.0.0.1:10414: connect: connection refused
2019/04/23 15:03:08.610661 [1;35m[INF][m GID 89, [SyncFromMainNode] rpc get current height failed
2019/04/23 15:03:08.610915 [1;31m[ERR][m GID 89, Arbitrator group sync error:  Post http://127.0.0.1:10414: dial tcp 127.0.0.1:10414: connect: connection refused
2019/04/23 15:03:09.612211 [1;32m[DBG][m GID 89, github.com/elastos/Elastos.ELA.Arbiter/rpc.Call jsonrpc.go:349 POST requset err: Post http://127.0.0.1:10414: dial tcp 127.0.0.1:10414: connect: connection refused
2019/04/23 15:03:09.612356 [1;35m[INF][m GID 89, [SyncFromMainNode] rpc get current height failed
2019/04/23 15:03:09.612460 [1;31m[ERR][m GID 89, Arbitrator group sync error:  Post http://127.0.0.1:10414: dial tcp 127.0.0.1:10414: connect: connection refused
2019/04/23 15:03:10.613616 [1;32m[DBG][m GID 89, github.com/elastos/Elastos.ELA.Arbiter/rpc.Call jsonrpc.go:349 POST requset err: Post http://127.0.0.1:10414: dial tcp 127.0.0.1:10414: connect: connection refused
2019/04/23 15:03:10.613653 [1;35m[INF][m GID 89, [SyncFromMainNode] rpc get current height failed
2019/04/23 15:03:10.613696 [1;31m[ERR][m GID 89, Arbitrator group sync error:  Post http://127.0.0.1:10414: dial tcp 127.0.0.1:10414: connect: connection refused
2019/04/23 15:03:11.062264 [1;32m[DBG][m GID 38, github.com/elastos/Elastos.ELA.Arbiter/rpc.Call jsonrpc.go:349 POST requset err: Post http://127.0.0.1:10334: dial tcp 127.0.0.1:10334: connect: connection refused
2019/04/23 15:03:11.614537 [1;32m[DBG][m GID 89, github.com/elastos/Elastos.ELA.Arbiter/rpc.Call jsonrpc.go:349 POST requset err: Post http://127.0.0.1:10414: dial tcp 127.0.0.1:10414: connect: connection refused
2019/04/23 15:03:11.614575 [1;35m[INF][m GID 89, [SyncFromMainNode] rpc get current height failed
2019/04/23 15:03:11.614592 [1;31m[ERR][m GID 89, Arbitrator group sync error:  Post http://127.0.0.1:10414: dial tcp 127.0.0.1:10414: connect: connection refused
2019/04/23 15:03:12.065221 [1;32m[DBG][m GID 38, github.com/elastos/Elastos.ELA.Arbiter/rpc.Call jsonrpc.go:349 POST requset err: Post http://127.0.0.1:10334: dial tcp 127.0.0.1:10334: connect: connection refused
2019/04/23 15:03:12.615634 [1;32m[DBG][m GID 89, github.com/elastos/Elastos.ELA.Arbiter/rpc.Call jsonrpc.go:349 POST requset err: Post http://127.0.0.1:10414: dial tcp 127.0.0.1:10414: connect: connection refused
2019/04/23 15:03:12.615833 [1;35m[INF][m GID 89, [SyncFromMainNode] rpc get current height failed
2019/04/23 15:03:12.616765 [1;31m[ERR][m GID 89, Arbitrator group sync error:  Post http://127.0.0.1:10414: dial tcp 127.0.0.1:10414: connect: connection refused
2019/04/23 15:03:13.066221 [1;32m[DBG][m GID 38, github.com/elastos/Elastos.ELA.Arbiter/rpc.Call jsonrpc.go:349 POST requset err: Post http://127.0.0.1:10334: dial tcp 127.0.0.1:10334: connect: connection refused
2019/04/23 15:03:13.617524 [1;32m[DBG][m GID 89, github.com/elastos/Elastos.ELA.Arbiter/rpc.Call jsonrpc.go:349 POST requset err: Post http://127.0.0.1:10414: dial tcp 127.0.0.1:10414: connect: connection refused
2019/04/23 15:03:13.617565 [1;35m[INF][m GID 89, [SyncFromMainNode] rpc get current height failed
2019/04/23 15:03:13.617580 [1;31m[ERR][m GID 89, Arbitrator group sync error:  Post http://127.0.0.1:10414: dial tcp 127.0.0.1:10414: connect: connection refused
2019/04/23 15:03:14.070156 [1;32m[DBG][m GID 38, github.com/elastos/Elastos.ELA.Arbiter/rpc.Call jsonrpc.go:349 POST requset err: Post http://127.0.0.1:10334: dial tcp 127.0.0.1:10334: connect: connection refused
2019/04/23 15:03:14.618354 [1;32m[DBG][m GID 89, github.com/elastos/Elastos.ELA.Arbiter/rpc.Call jsonrpc.go:349 POST requset err: Post http://127.0.0.1:10414: dial tcp 127.0.0.1:10414: connect: connection refused
2019/04/23 15:03:14.618467 [1;35m[INF][m GID 89, [SyncFromMainNode] rpc get current height failed
2019/04/23 15:03:14.618529 [1;31m[ERR][m GID 89, Arbitrator group sync error:  Post http://127.0.0.1:10414: dial tcp 127.0.0.1:10414: connect: connection refused
2019/04/23 15:03:15.071601 [1;32m[DBG][m GID 38, github.com/elastos/Elastos.ELA.Arbiter/rpc.Call jsonrpc.go:349 POST requset err: Post http://127.0.0.1:10334: dial tcp 127.0.0.1:10334: connect: connection refused
2019/04/23 15:03:15.619723 [1;32m[DBG][m GID 89, github.com/elastos/Elastos.ELA.Arbiter/rpc.Call jsonrpc.go:349 POST requset err: Post http://127.0.0.1:10414: dial tcp 127.0.0.1:10414: connect: connection refused
2019/04/23 15:03:15.619765 [1;35m[INF][m GID 89, [SyncFromMainNode] rpc get current height failed
2019/04/23 15:03:15.619781 [1;31m[ERR][m GID 89, Arbitrator group sync error:  Post http://127.0.0.1:10414: dial tcp 127.0.0.1:10414: connect: connection refused
2019/04/23 15:03:16.072357 [1;32m[DBG][m GID 38, github.com/elastos/Elastos.ELA.Arbiter/rpc.Call jsonrpc.go:349 POST requset err: Post http://127.0.0.1:10334: dial tcp 127.0.0.1:10334: connect: connection refused
