2019/04/24 03:41:07.850313 [1;35m[INF][m GID 1, Init wallet.
2019/04/24 03:41:07.962884 [1;35m[INF][m GID 1, Arbiter version:  
2019/04/24 03:41:07.963462 [1;35m[INF][m GID 1, 1. Init chain utxo cache.
2019/04/24 03:41:08.003527 [1;35m[INF][m GID 1, 2. Init finished transaction cache.
2019/04/24 03:41:08.027437 [1;35m[INF][m GID 1, 3. Start arbitrator P2P networks.
2019/04/24 03:41:08.030266 [1;35m[INF][m GID 1, 4. Init configurations.
2019/04/24 03:41:08.110005 [1;35m[INF][m GID 1, [arbitrator] Main chain height:  507
2019/04/24 03:41:08.128166 [1;35m[INF][m GID 1, 5. Start arbitrator spv module.
2019/04/24 03:41:08.128375 [1;35m[INF][m GID 1, [StartSpvModule] new spv service: &{elastos_arbiter/data/spv 20190131 ENqDYUYURsHpp1wQ8LBdTLba4JhEvSDXEw [ela-mainchain-crc-4:10415] 10415 1 3 <nil>}
2019/04/24 03:41:08.216088 [1;35m[INF][m GID 1, [StartSpvModule] register auxpow listener: EW9pvJJrQLCwQTSWsZwYn8S5gTaG6Ku7dx
2019/04/24 03:41:08.216438 [1;35m[INF][m GID 1, [StartSpvModule] register dposit listener: XKUh4GLhFJiqAMTF6HyWQrV9pK9HcGUdfJ
2019/04/24 03:41:08.216732 [1;35m[INF][m GID 1, [StartSpvModule] register auxpow listener: EMvdwQJZ1i8bmMjFm1DydbNegTKtEyzVet
2019/04/24 03:41:08.225861 [1;35m[INF][m GID 1, [StartSpvModule] register dposit listener: XVfmhjxGxBKgzYxyXCJTb6YmaRfWPVunj4
2019/04/24 03:41:08.226038 [1;35m[INF][m GID 1, 6. Start arbitrator group monitor.
2019/04/24 03:41:08.226061 [1;35m[INF][m GID 1, 7. Start servers.
2019/04/24 03:41:08.226079 [1;35m[INF][m GID 1, 8. Start check and remove cross chain transactions from db.
2019/04/24 03:41:08.226095 [1;35m[INF][m GID 1, 9. Start side chain account divide.
2019/04/24 03:41:08.226509 [1;35m[INF][m GID 115, Check and remove cross chain transactions from dbcache finished
2019/04/24 03:41:13.610936 [1;35m[INF][m GID 97, [arbitrator] Main chain height:  508
2019/04/24 03:41:18.354673 [1;35m[INF][m GID 57, currentHeight: 46  chainHeight: 47
2019/04/24 03:41:18.379347 [1;32m[DBG][m GID 57, github.com/elastos/Elastos.ELA.Arbiter/rpc.GetWithdrawTransactionByHeight jsonrpc.go:178 [GetWithdrawTransactionByHeight] len transactions: 0 transactions: []
2019/04/24 03:41:18.392657 [1;35m[INF][m GID 57,  [SyncSideChain] Side chain [ XVfmhjxGxBKgzYxyXCJTb6YmaRfWPVunj4 ] height:  47
2019/04/24 03:41:27.477935 [1;35m[INF][m GID 57, currentHeight: 47  chainHeight: 48
2019/04/24 03:41:27.479806 [1;32m[DBG][m GID 57, github.com/elastos/Elastos.ELA.Arbiter/rpc.GetWithdrawTransactionByHeight jsonrpc.go:178 [GetWithdrawTransactionByHeight] len transactions: 0 transactions: []
2019/04/24 03:41:27.494735 [1;35m[INF][m GID 57,  [SyncSideChain] Side chain [ XVfmhjxGxBKgzYxyXCJTb6YmaRfWPVunj4 ] height:  48
2019/04/24 03:41:38.128032 [1;35m[INF][m GID 97, [arbitrator] Main chain height:  509
2019/04/24 03:41:40.537228 [1;35m[INF][m GID 56, currentHeight: 283  chainHeight: 284
2019/04/24 03:41:40.549554 [1;32m[DBG][m GID 56, github.com/elastos/Elastos.ELA.Arbiter/rpc.GetWithdrawTransactionByHeight jsonrpc.go:178 [GetWithdrawTransactionByHeight] len transactions: 0 transactions: []
2019/04/24 03:41:40.561601 [1;35m[INF][m GID 56,  [SyncSideChain] Side chain [ XKUh4GLhFJiqAMTF6HyWQrV9pK9HcGUdfJ ] height:  284
2019/04/24 03:41:42.158775 [1;35m[INF][m GID 97, [arbitrator] Main chain height:  510
2019/04/24 03:41:56.189120 [1;35m[INF][m GID 57, currentHeight: 48  chainHeight: 49
2019/04/24 03:41:56.191789 [1;32m[DBG][m GID 57, github.com/elastos/Elastos.ELA.Arbiter/rpc.GetWithdrawTransactionByHeight jsonrpc.go:178 [GetWithdrawTransactionByHeight] len transactions: 0 transactions: []
2019/04/24 03:41:56.196548 [1;35m[INF][m GID 57,  [SyncSideChain] Side chain [ XVfmhjxGxBKgzYxyXCJTb6YmaRfWPVunj4 ] height:  49
2019/04/24 03:42:01.672108 [1;35m[INF][m GID 97, [arbitrator] Main chain height:  511
2019/04/24 03:42:01.676078 [1;35m[INF][m GID 97, [OnDutyArbitratorChanged] I am on duty of main
2019/04/24 03:42:01.676296 [1;35m[INF][m GID 97, [SyncMainChainCachedTxs] start
2019/04/24 03:42:01.684008 [1;35m[INF][m GID 97, [SyncMainChainCachedTxs] end
2019/04/24 03:42:01.684179 [1;33m[WRN][m GID 97, [SyncMainChainCachedTxs] No main chain tx in dbcache
2019/04/24 03:42:01.685343 [1;35m[INF][m GID 455, [OnDutyChanged] Start side chain mining: genesis address [ XVfmhjxGxBKgzYxyXCJTb6YmaRfWPVunj4 ]
2019/04/24 03:42:01.685711 [1;35m[INF][m GID 455, [sideChainPowTransfer] start
2019/04/24 03:42:01.685968 [1;35m[INF][m GID 454, [OnDutyChanged] Start side chain mining: genesis address [ XKUh4GLhFJiqAMTF6HyWQrV9pK9HcGUdfJ ]
2019/04/24 03:42:01.686035 [1;35m[INF][m GID 454, [sideChainPowTransfer] start
2019/04/24 03:42:01.686834 [1;35m[INF][m GID 452, [SendCachedWithdrawTxs] start
2019/04/24 03:42:01.686872 [1;35m[INF][m GID 453, [SendCachedWithdrawTxs] start
2019/04/24 03:42:01.687791 [1;35m[INF][m GID 452, No cached withdraw transaction need to send
2019/04/24 03:42:01.687902 [1;35m[INF][m GID 452, [SendCachedWithdrawTxs] end
2019/04/24 03:42:01.687962 [1;35m[INF][m GID 453, No cached withdraw transaction need to send
2019/04/24 03:42:01.688033 [1;35m[INF][m GID 453, [SendCachedWithdrawTxs] end
2019/04/24 03:42:01.698305 [1;35m[INF][m GID 454, sideGenesisHash: a3c455a90843db2acd22554f2768a8d4233fafbf8dd549e6b261c2786993be56 sideBlockHash: 1f50b6af5ee5058221b3087422720570473a3bcccfd2337c74ac19f955339c96
2019/04/24 03:42:01.698999 [1;33m[WRN][m GID 454, [sideChainPowTransfer] create transaction failed: [Wallet], Available token is not enough
2019/04/24 03:42:01.707499 [1;35m[INF][m GID 455, sideGenesisHash: 0e739a2b87774ef2266a3cabc79a8e1201732fe409cfe50bd4125efb1d1169b5 sideBlockHash: fe9bc69d96c50cd1cee21318e42e9645df30732212f3ce52c4230c6823c2334b
2019/04/24 03:42:01.719102 [1;33m[WRN][m GID 455, [sideChainPowTransfer] create transaction failed: [Wallet], Available token is not enough
2019/04/24 03:42:08.276586 [1;35m[INF][m GID 115, Check and remove cross chain transactions from dbcache finished
2019/04/24 03:42:08.864616 [1;35m[INF][m GID 116, Warning side chain mining account:  EW9pvJJrQLCwQTSWsZwYn8S5gTaG6Ku7dx: 0 EMvdwQJZ1i8bmMjFm1DydbNegTKtEyzVet: 0 
2019/04/24 03:42:09.078227 [1;32m[DBG][m GID 116, github.com/elastos/Elastos.ELA.Arbiter/sideauxpow.divideTransfer autodivide.go:89 Divide transaction successfully signed:  1 1
2019/04/24 03:42:12.800326 [1;35m[INF][m GID 57, currentHeight: 49  chainHeight: 51
2019/04/24 03:42:12.821300 [1;32m[DBG][m GID 57, github.com/elastos/Elastos.ELA.Arbiter/rpc.GetWithdrawTransactionByHeight jsonrpc.go:178 [GetWithdrawTransactionByHeight] len transactions: 0 transactions: []
2019/04/24 03:42:12.822037 [1;32m[DBG][m GID 57, github.com/elastos/Elastos.ELA.Arbiter/rpc.GetWithdrawTransactionByHeight jsonrpc.go:178 [GetWithdrawTransactionByHeight] len transactions: 0 transactions: []
2019/04/24 03:42:12.838650 [1;35m[INF][m GID 57,  [SyncSideChain] Side chain [ XVfmhjxGxBKgzYxyXCJTb6YmaRfWPVunj4 ] height:  51
2019/04/24 03:42:12.838694 [1;35m[INF][m GID 57, [OnDutyChanged] Start side chain mining: genesis address [ XVfmhjxGxBKgzYxyXCJTb6YmaRfWPVunj4 ]
2019/04/24 03:42:12.839005 [1;35m[INF][m GID 57, [sideChainPowTransfer] start
2019/04/24 03:42:12.887207 [1;35m[INF][m GID 57, sideGenesisHash: 0e739a2b87774ef2266a3cabc79a8e1201732fe409cfe50bd4125efb1d1169b5 sideBlockHash: 51f3b2c67747b944dbaad7d3c6e2ac3fb4e82753352c22738ac3d22b4648880b
2019/04/24 03:42:12.898210 [1;33m[WRN][m GID 57, [sideChainPowTransfer] create transaction failed: [Wallet], Available token is not enough
2019/04/24 03:42:12.898385 [1;35m[INF][m GID 57, [SyncSideChain] Start side chain mining, genesis address: [ XVfmhjxGxBKgzYxyXCJTb6YmaRfWPVunj4 ]
2019/04/24 03:42:18.564254 [1;35m[INF][m GID 56, currentHeight: 284  chainHeight: 285
2019/04/24 03:42:18.578147 [1;32m[DBG][m GID 56, github.com/elastos/Elastos.ELA.Arbiter/rpc.GetWithdrawTransactionByHeight jsonrpc.go:178 [GetWithdrawTransactionByHeight] len transactions: 0 transactions: []
2019/04/24 03:42:18.581212 [1;35m[INF][m GID 56,  [SyncSideChain] Side chain [ XKUh4GLhFJiqAMTF6HyWQrV9pK9HcGUdfJ ] height:  285
2019/04/24 03:42:18.581319 [1;35m[INF][m GID 56, [OnDutyChanged] Start side chain mining: genesis address [ XKUh4GLhFJiqAMTF6HyWQrV9pK9HcGUdfJ ]
2019/04/24 03:42:18.581368 [1;35m[INF][m GID 56, [sideChainPowTransfer] start
2019/04/24 03:42:18.599818 [1;35m[INF][m GID 56, sideGenesisHash: a3c455a90843db2acd22554f2768a8d4233fafbf8dd549e6b261c2786993be56 sideBlockHash: e10978275bea9042b1411992fb9b762b7c6bd52679b29a3cd83345e33604e5ca
2019/04/24 03:42:18.604864 [1;33m[WRN][m GID 56, [sideChainPowTransfer] create transaction failed: [Wallet], Available token is not enough
2019/04/24 03:42:18.604959 [1;35m[INF][m GID 56, [SyncSideChain] Start side chain mining, genesis address: [ XKUh4GLhFJiqAMTF6HyWQrV9pK9HcGUdfJ ]
2019/04/24 03:42:37.491213 [1;35m[INF][m GID 97, [arbitrator] Main chain height:  512
2019/04/24 03:42:37.831634 [1;35m[INF][m GID 97, [OnDutyArbitratorChanged] I became not on duty of main
2019/04/24 03:42:54.498423 [1;35m[INF][m GID 56, currentHeight: 285  chainHeight: 286
2019/04/24 03:42:54.601666 [1;32m[DBG][m GID 56, github.com/elastos/Elastos.ELA.Arbiter/rpc.GetWithdrawTransactionByHeight jsonrpc.go:178 [GetWithdrawTransactionByHeight] len transactions: 0 transactions: []
2019/04/24 03:42:54.639861 [1;35m[INF][m GID 56,  [SyncSideChain] Side chain [ XKUh4GLhFJiqAMTF6HyWQrV9pK9HcGUdfJ ] height:  286
2019/04/24 03:42:58.280024 [1;35m[INF][m GID 97, [arbitrator] Main chain height:  513
2019/04/24 03:43:03.464781 [1;35m[INF][m GID 97, [arbitrator] Main chain height:  514
2019/04/24 03:43:08.319454 [1;35m[INF][m GID 115, Check and remove cross chain transactions from dbcache finished
2019/04/24 03:43:09.511032 [1;35m[INF][m GID 116, Warning side chain mining account:  EW9pvJJrQLCwQTSWsZwYn8S5gTaG6Ku7dx: 0 EMvdwQJZ1i8bmMjFm1DydbNegTKtEyzVet: 0 
2019/04/24 03:43:09.713375 [1;32m[DBG][m GID 116, github.com/elastos/Elastos.ELA.Arbiter/sideauxpow.divideTransfer autodivide.go:89 Divide transaction successfully signed:  1 1
2019/04/24 03:43:12.736766 [1;35m[INF][m GID 97, [arbitrator] Main chain height:  515
2019/04/24 03:43:25.137065 [1;35m[INF][m GID 97, [arbitrator] Main chain height:  516
2019/04/24 03:43:31.295315 [1;35m[INF][m GID 97, [arbitrator] Main chain height:  517
2019/04/24 03:43:31.301486 [1;35m[INF][m GID 97, [OnDutyArbitratorChanged] I am on duty of main
2019/04/24 03:43:31.302167 [1;35m[INF][m GID 97, [SyncMainChainCachedTxs] start
2019/04/24 03:43:31.302465 [1;35m[INF][m GID 97, [SyncMainChainCachedTxs] end
2019/04/24 03:43:31.302580 [1;33m[WRN][m GID 97, [SyncMainChainCachedTxs] No main chain tx in dbcache
2019/04/24 03:43:31.302733 [1;35m[INF][m GID 816, [SendCachedWithdrawTxs] start
2019/04/24 03:43:31.302902 [1;35m[INF][m GID 834, [OnDutyChanged] Start side chain mining: genesis address [ XVfmhjxGxBKgzYxyXCJTb6YmaRfWPVunj4 ]
2019/04/24 03:43:31.303053 [1;35m[INF][m GID 815, [SendCachedWithdrawTxs] start
2019/04/24 03:43:31.303215 [1;35m[INF][m GID 817, [OnDutyChanged] Start side chain mining: genesis address [ XKUh4GLhFJiqAMTF6HyWQrV9pK9HcGUdfJ ]
2019/04/24 03:43:31.303240 [1;35m[INF][m GID 817, [sideChainPowTransfer] start
2019/04/24 03:43:31.303575 [1;35m[INF][m GID 834, [sideChainPowTransfer] start
2019/04/24 03:43:31.303985 [1;35m[INF][m GID 816, No cached withdraw transaction need to send
2019/04/24 03:43:31.304030 [1;35m[INF][m GID 816, [SendCachedWithdrawTxs] end
2019/04/24 03:43:31.304205 [1;35m[INF][m GID 815, No cached withdraw transaction need to send
2019/04/24 03:43:31.304301 [1;35m[INF][m GID 815, [SendCachedWithdrawTxs] end
2019/04/24 03:43:31.308979 [1;35m[INF][m GID 817, sideGenesisHash: a3c455a90843db2acd22554f2768a8d4233fafbf8dd549e6b261c2786993be56 sideBlockHash: 48e2581a699bc3bec201f35fb2fa9d5c9751aac9b245398d7704ed7013748b76
2019/04/24 03:43:31.310247 [1;33m[WRN][m GID 817, [sideChainPowTransfer] create transaction failed: [Wallet], Available token is not enough
2019/04/24 03:43:31.331358 [1;35m[INF][m GID 834, sideGenesisHash: 0e739a2b87774ef2266a3cabc79a8e1201732fe409cfe50bd4125efb1d1169b5 sideBlockHash: d406438443b3105cb46d0eb33374ca92005e00f2fac70d61a4d1261d7cf39e60
2019/04/24 03:43:31.334549 [1;33m[WRN][m GID 834, [sideChainPowTransfer] create transaction failed: [Wallet], Available token is not enough
2019/04/24 03:43:38.621452 [1;35m[INF][m GID 97, [arbitrator] Main chain height:  518
2019/04/24 03:43:38.639738 [1;35m[INF][m GID 97, [OnDutyArbitratorChanged] I became not on duty of main
2019/04/24 03:43:39.392631 [1;35m[INF][m GID 57, currentHeight: 51  chainHeight: 52
2019/04/24 03:43:39.661775 [1;32m[DBG][m GID 57, github.com/elastos/Elastos.ELA.Arbiter/rpc.GetWithdrawTransactionByHeight jsonrpc.go:178 [GetWithdrawTransactionByHeight] len transactions: 0 transactions: []
2019/04/24 03:43:39.852366 [1;35m[INF][m GID 57,  [SyncSideChain] Side chain [ XVfmhjxGxBKgzYxyXCJTb6YmaRfWPVunj4 ] height:  52
2019/04/24 03:43:50.000602 [1;35m[INF][m GID 97, [arbitrator] Main chain height:  519
2019/04/24 03:44:00.962682 [1;35m[INF][m GID 56, currentHeight: 286  chainHeight: 287
2019/04/24 03:44:00.964919 [1;32m[DBG][m GID 56, github.com/elastos/Elastos.ELA.Arbiter/rpc.GetWithdrawTransactionByHeight jsonrpc.go:178 [GetWithdrawTransactionByHeight] len transactions: 0 transactions: []
2019/04/24 03:44:00.969646 [1;35m[INF][m GID 56,  [SyncSideChain] Side chain [ XKUh4GLhFJiqAMTF6HyWQrV9pK9HcGUdfJ ] height:  287
2019/04/24 03:44:08.320064 [1;35m[INF][m GID 115, Check and remove cross chain transactions from dbcache finished
2019/04/24 03:44:09.480902 [1;35m[INF][m GID 57, currentHeight: 52  chainHeight: 53
2019/04/24 03:44:09.481420 [1;32m[DBG][m GID 57, github.com/elastos/Elastos.ELA.Arbiter/rpc.GetWithdrawTransactionByHeight jsonrpc.go:178 [GetWithdrawTransactionByHeight] len transactions: 0 transactions: []
2019/04/24 03:44:09.484303 [1;35m[INF][m GID 57,  [SyncSideChain] Side chain [ XVfmhjxGxBKgzYxyXCJTb6YmaRfWPVunj4 ] height:  53
2019/04/24 03:44:09.818046 [1;35m[INF][m GID 116, Warning side chain mining account:  EW9pvJJrQLCwQTSWsZwYn8S5gTaG6Ku7dx: 0 EMvdwQJZ1i8bmMjFm1DydbNegTKtEyzVet: 0 
2019/04/24 03:44:09.903181 [1;32m[DBG][m GID 116, github.com/elastos/Elastos.ELA.Arbiter/sideauxpow.divideTransfer autodivide.go:89 Divide transaction successfully signed:  1 1
2019/04/24 03:44:12.478941 [1;35m[INF][m GID 97, [arbitrator] Main chain height:  520
2019/04/24 03:44:16.167548 [1;35m[INF][m GID 56, currentHeight: 287  chainHeight: 288
2019/04/24 03:44:16.173481 [1;32m[DBG][m GID 56, github.com/elastos/Elastos.ELA.Arbiter/rpc.GetWithdrawTransactionByHeight jsonrpc.go:178 [GetWithdrawTransactionByHeight] len transactions: 0 transactions: []
2019/04/24 03:44:16.183718 [1;35m[INF][m GID 56,  [SyncSideChain] Side chain [ XKUh4GLhFJiqAMTF6HyWQrV9pK9HcGUdfJ ] height:  288
2019/04/24 03:44:16.683110 [1;35m[INF][m GID 97, [arbitrator] Main chain height:  521
2019/04/24 03:44:20.737684 [1;35m[INF][m GID 57, currentHeight: 53  chainHeight: 54
2019/04/24 03:44:20.755940 [1;32m[DBG][m GID 57, github.com/elastos/Elastos.ELA.Arbiter/rpc.GetWithdrawTransactionByHeight jsonrpc.go:178 [GetWithdrawTransactionByHeight] len transactions: 0 transactions: []
2019/04/24 03:44:20.778935 [1;35m[INF][m GID 57,  [SyncSideChain] Side chain [ XVfmhjxGxBKgzYxyXCJTb6YmaRfWPVunj4 ] height:  54
2019/04/24 03:44:24.295743 [1;35m[INF][m GID 56, currentHeight: 288  chainHeight: 289
2019/04/24 03:44:24.313268 [1;32m[DBG][m GID 56, github.com/elastos/Elastos.ELA.Arbiter/rpc.GetWithdrawTransactionByHeight jsonrpc.go:178 [GetWithdrawTransactionByHeight] len transactions: 0 transactions: []
2019/04/24 03:44:24.318076 [1;35m[INF][m GID 56,  [SyncSideChain] Side chain [ XKUh4GLhFJiqAMTF6HyWQrV9pK9HcGUdfJ ] height:  289
2019/04/24 03:44:29.019233 [1;35m[INF][m GID 97, [arbitrator] Main chain height:  522
2019/04/24 03:44:38.429709 [1;35m[INF][m GID 97, [arbitrator] Main chain height:  523
2019/04/24 03:44:38.460497 [1;35m[INF][m GID 97, [OnDutyArbitratorChanged] I am on duty of main
2019/04/24 03:44:38.460584 [1;35m[INF][m GID 97, [SyncMainChainCachedTxs] start
2019/04/24 03:44:38.460725 [1;35m[INF][m GID 97, [SyncMainChainCachedTxs] end
2019/04/24 03:44:38.460773 [1;33m[WRN][m GID 97, [SyncMainChainCachedTxs] No main chain tx in dbcache
2019/04/24 03:44:38.460819 [1;35m[INF][m GID 1119, [OnDutyChanged] Start side chain mining: genesis address [ XVfmhjxGxBKgzYxyXCJTb6YmaRfWPVunj4 ]
2019/04/24 03:44:38.460852 [1;35m[INF][m GID 1119, [sideChainPowTransfer] start
2019/04/24 03:44:38.460955 [1;35m[INF][m GID 1117, [SendCachedWithdrawTxs] start
2019/04/24 03:44:38.461003 [1;35m[INF][m GID 1118, [OnDutyChanged] Start side chain mining: genesis address [ XKUh4GLhFJiqAMTF6HyWQrV9pK9HcGUdfJ ]
2019/04/24 03:44:38.461115 [1;35m[INF][m GID 1118, [sideChainPowTransfer] start
2019/04/24 03:44:38.461020 [1;35m[INF][m GID 1116, [SendCachedWithdrawTxs] start
2019/04/24 03:44:38.461482 [1;35m[INF][m GID 1117, No cached withdraw transaction need to send
2019/04/24 03:44:38.461597 [1;35m[INF][m GID 1117, [SendCachedWithdrawTxs] end
2019/04/24 03:44:38.461597 [1;35m[INF][m GID 1116, No cached withdraw transaction need to send
2019/04/24 03:44:38.461707 [1;35m[INF][m GID 1116, [SendCachedWithdrawTxs] end
2019/04/24 03:44:38.486354 [1;35m[INF][m GID 1118, sideGenesisHash: a3c455a90843db2acd22554f2768a8d4233fafbf8dd549e6b261c2786993be56 sideBlockHash: 4c1de8acb95adec2ecd4f6814cecc5827043acd1b4904d34e01a5f263a0e3524
2019/04/24 03:44:38.492606 [1;33m[WRN][m GID 1118, [sideChainPowTransfer] create transaction failed: [Wallet], Available token is not enough
2019/04/24 03:44:38.558634 [1;35m[INF][m GID 1119, sideGenesisHash: 0e739a2b87774ef2266a3cabc79a8e1201732fe409cfe50bd4125efb1d1169b5 sideBlockHash: 87d01b144569b280ae072d48c62e9573de1d162728aac48b33af9c442b3f1849
2019/04/24 03:44:38.636265 [1;33m[WRN][m GID 1119, [sideChainPowTransfer] create transaction failed: [Wallet], Available token is not enough
2019/04/24 03:44:49.572508 [1;35m[INF][m GID 57, currentHeight: 54  chainHeight: 55
2019/04/24 03:44:49.586087 [1;32m[DBG][m GID 57, github.com/elastos/Elastos.ELA.Arbiter/rpc.GetWithdrawTransactionByHeight jsonrpc.go:178 [GetWithdrawTransactionByHeight] len transactions: 0 transactions: []
2019/04/24 03:44:49.589461 [1;35m[INF][m GID 57,  [SyncSideChain] Side chain [ XVfmhjxGxBKgzYxyXCJTb6YmaRfWPVunj4 ] height:  55
2019/04/24 03:44:49.589611 [1;35m[INF][m GID 57, [OnDutyChanged] Start side chain mining: genesis address [ XVfmhjxGxBKgzYxyXCJTb6YmaRfWPVunj4 ]
2019/04/24 03:44:49.589727 [1;35m[INF][m GID 57, [sideChainPowTransfer] start
2019/04/24 03:44:49.590527 [1;35m[INF][m GID 57, sideGenesisHash: 0e739a2b87774ef2266a3cabc79a8e1201732fe409cfe50bd4125efb1d1169b5 sideBlockHash: 01f5e99cd0a99835550352df55bac79997cf83ca62c744217e92363b46106b8c
2019/04/24 03:44:49.591616 [1;33m[WRN][m GID 57, [sideChainPowTransfer] create transaction failed: [Wallet], Available token is not enough
2019/04/24 03:44:49.591650 [1;35m[INF][m GID 57, [SyncSideChain] Start side chain mining, genesis address: [ XVfmhjxGxBKgzYxyXCJTb6YmaRfWPVunj4 ]
2019/04/24 03:44:51.023550 [1;35m[INF][m GID 56, currentHeight: 289  chainHeight: 290
2019/04/24 03:44:51.024049 [1;32m[DBG][m GID 56, github.com/elastos/Elastos.ELA.Arbiter/rpc.GetWithdrawTransactionByHeight jsonrpc.go:178 [GetWithdrawTransactionByHeight] len transactions: 0 transactions: []
2019/04/24 03:44:51.028367 [1;35m[INF][m GID 56,  [SyncSideChain] Side chain [ XKUh4GLhFJiqAMTF6HyWQrV9pK9HcGUdfJ ] height:  290
2019/04/24 03:44:51.028450 [1;35m[INF][m GID 56, [OnDutyChanged] Start side chain mining: genesis address [ XKUh4GLhFJiqAMTF6HyWQrV9pK9HcGUdfJ ]
2019/04/24 03:44:51.028488 [1;35m[INF][m GID 56, [sideChainPowTransfer] start
2019/04/24 03:44:51.029109 [1;35m[INF][m GID 56, sideGenesisHash: a3c455a90843db2acd22554f2768a8d4233fafbf8dd549e6b261c2786993be56 sideBlockHash: 7d343b98ad0feda2c969598ddbdc77f0f6672568e9e40cafef6df9ff8820fc5e
2019/04/24 03:44:51.029691 [1;33m[WRN][m GID 56, [sideChainPowTransfer] create transaction failed: [Wallet], Available token is not enough
2019/04/24 03:44:51.029844 [1;35m[INF][m GID 56, [SyncSideChain] Start side chain mining, genesis address: [ XKUh4GLhFJiqAMTF6HyWQrV9pK9HcGUdfJ ]
2019/04/24 03:45:04.391091 [1;35m[INF][m GID 56, currentHeight: 290  chainHeight: 291
2019/04/24 03:45:04.403709 [1;32m[DBG][m GID 56, github.com/elastos/Elastos.ELA.Arbiter/rpc.GetWithdrawTransactionByHeight jsonrpc.go:178 [GetWithdrawTransactionByHeight] len transactions: 0 transactions: []
2019/04/24 03:45:04.521187 [1;35m[INF][m GID 56,  [SyncSideChain] Side chain [ XKUh4GLhFJiqAMTF6HyWQrV9pK9HcGUdfJ ] height:  291
2019/04/24 03:45:04.521282 [1;35m[INF][m GID 56, [OnDutyChanged] Start side chain mining: genesis address [ XKUh4GLhFJiqAMTF6HyWQrV9pK9HcGUdfJ ]
2019/04/24 03:45:04.521437 [1;35m[INF][m GID 56, [sideChainPowTransfer] start
2019/04/24 03:45:04.602163 [1;35m[INF][m GID 56, sideGenesisHash: a3c455a90843db2acd22554f2768a8d4233fafbf8dd549e6b261c2786993be56 sideBlockHash: 2384064df05b4816fe3aa4e3928717237e60722c3c4f1cc466cb650546c21fa9
2019/04/24 03:45:04.656831 [1;33m[WRN][m GID 56, [sideChainPowTransfer] create transaction failed: [Wallet], Available token is not enough
2019/04/24 03:45:04.656907 [1;35m[INF][m GID 56, [SyncSideChain] Start side chain mining, genesis address: [ XKUh4GLhFJiqAMTF6HyWQrV9pK9HcGUdfJ ]
