2019/05/08 17:53:41.380306 [1;35m[INF][m GID 1, Init wallet.
2019/05/08 17:53:41.418356 [1;35m[INF][m GID 1, Arbiter version:  
2019/05/08 17:53:41.418961 [1;35m[INF][m GID 1, 1. Init chain utxo cache.
2019/05/08 17:53:41.532708 [1;35m[INF][m GID 1, 2. Init finished transaction cache.
2019/05/08 17:53:41.589102 [1;35m[INF][m GID 1, 3. Start arbitrator P2P networks.
2019/05/08 17:53:41.589584 [1;35m[INF][m GID 1, 4. Init configurations.
2019/05/08 17:53:41.591447 [1;35m[INF][m GID 44, currentHeight: 0  chainHeight: 1
2019/05/08 17:53:41.600408 [1;35m[INF][m GID 1, [arbitrator] Main chain height:  1
2019/05/08 17:53:41.607923 [1;35m[INF][m GID 44,  [SyncSideChain] Side chain [ XVfmhjxGxBKgzYxyXCJTb6YmaRfWPVunj4 ] height:  1
2019/05/08 17:53:41.616349 [1;35m[INF][m GID 1, 5. Start arbitrator spv module.
2019/05/08 17:53:41.660248 [1;35m[INF][m GID 1, [StartSpvModule] register auxpow listener: EW9pvJJrQLCwQTSWsZwYn8S5gTaG6Ku7dx
2019/05/08 17:53:41.660548 [1;35m[INF][m GID 1, [StartSpvModule] register dposit listener: XKUh4GLhFJiqAMTF6HyWQrV9pK9HcGUdfJ
2019/05/08 17:53:41.660685 [1;35m[INF][m GID 1, [StartSpvModule] register auxpow listener: EMvdwQJZ1i8bmMjFm1DydbNegTKtEyzVet
2019/05/08 17:53:41.660818 [1;35m[INF][m GID 1, [StartSpvModule] register dposit listener: XVfmhjxGxBKgzYxyXCJTb6YmaRfWPVunj4
2019/05/08 17:53:41.660970 [1;35m[INF][m GID 1, 6. Start arbitrator group monitor.
2019/05/08 17:53:41.660988 [1;35m[INF][m GID 1, 7. Start servers.
2019/05/08 17:53:41.661422 [1;35m[INF][m GID 1, 8. Start check and remove cross chain transactions from db.
2019/05/08 17:53:41.661438 [1;35m[INF][m GID 1, 9. Start side chain account divide.
2019/05/08 17:53:41.661727 [1;35m[INF][m GID 77, Check and remove cross chain transactions from dbcache finished
2019/05/08 17:53:44.700916 [1;35m[INF][m GID 91, [arbitrator] Main chain height:  2
2019/05/08 17:53:52.812363 [1;35m[INF][m GID 91, [arbitrator] Main chain height:  3
2019/05/08 17:53:55.881754 [1;35m[INF][m GID 91, [arbitrator] Main chain height:  4
2019/05/08 17:53:58.888235 [1;35m[INF][m GID 43, currentHeight: 0  chainHeight: 1
2019/05/08 17:53:58.891669 [1;35m[INF][m GID 43,  [SyncSideChain] Side chain [ XKUh4GLhFJiqAMTF6HyWQrV9pK9HcGUdfJ ] height:  1
2019/05/08 17:54:09.093552 [1;35m[INF][m GID 91, [arbitrator] Main chain height:  5
2019/05/08 17:54:11.201343 [1;35m[INF][m GID 43, currentHeight: 1  chainHeight: 2
2019/05/08 17:54:11.245373 [1;35m[INF][m GID 43,  [SyncSideChain] Side chain [ XKUh4GLhFJiqAMTF6HyWQrV9pK9HcGUdfJ ] height:  2
2019/05/08 17:54:26.372456 [1;35m[INF][m GID 91, [arbitrator] Main chain height:  6
2019/05/08 17:54:29.502744 [1;35m[INF][m GID 91, [arbitrator] Main chain height:  7
2019/05/08 17:54:30.376065 [1;35m[INF][m GID 43, currentHeight: 2  chainHeight: 3
2019/05/08 17:54:30.389125 [1;35m[INF][m GID 43,  [SyncSideChain] Side chain [ XKUh4GLhFJiqAMTF6HyWQrV9pK9HcGUdfJ ] height:  3
2019/05/08 17:54:33.405330 [1;35m[INF][m GID 43, currentHeight: 3  chainHeight: 4
2019/05/08 17:54:33.410404 [1;35m[INF][m GID 43,  [SyncSideChain] Side chain [ XKUh4GLhFJiqAMTF6HyWQrV9pK9HcGUdfJ ] height:  4
2019/05/08 17:54:35.589957 [1;35m[INF][m GID 91, [arbitrator] Main chain height:  8
2019/05/08 17:54:40.627641 [1;35m[INF][m GID 91, [arbitrator] Main chain height:  9
2019/05/08 17:54:41.662234 [1;35m[INF][m GID 77, Check and remove cross chain transactions from dbcache finished
2019/05/08 17:54:41.663718 [1;35m[INF][m GID 78, Warning side chain mining account:  EW9pvJJrQLCwQTSWsZwYn8S5gTaG6Ku7dx: 0 EMvdwQJZ1i8bmMjFm1DydbNegTKtEyzVet: 0 
2019/05/08 17:54:45.568426 [1;35m[INF][m GID 44, currentHeight: 1  chainHeight: 2
2019/05/08 17:54:45.572240 [1;35m[INF][m GID 44,  [SyncSideChain] Side chain [ XVfmhjxGxBKgzYxyXCJTb6YmaRfWPVunj4 ] height:  2
2019/05/08 17:54:45.637527 [1;35m[INF][m GID 43, currentHeight: 4  chainHeight: 5
2019/05/08 17:54:45.641021 [1;35m[INF][m GID 43,  [SyncSideChain] Side chain [ XKUh4GLhFJiqAMTF6HyWQrV9pK9HcGUdfJ ] height:  5
2019/05/08 17:54:46.733885 [1;35m[INF][m GID 91, [arbitrator] Main chain height:  10
2019/05/08 17:54:50.797032 [1;35m[INF][m GID 91, [arbitrator] Main chain height:  11
2019/05/08 17:54:52.817818 [1;35m[INF][m GID 91, [arbitrator] Main chain height:  12
2019/05/08 17:55:21.149112 [1;35m[INF][m GID 43, currentHeight: 5  chainHeight: 6
2019/05/08 17:55:21.180895 [1;35m[INF][m GID 43,  [SyncSideChain] Side chain [ XKUh4GLhFJiqAMTF6HyWQrV9pK9HcGUdfJ ] height:  6
2019/05/08 17:55:25.012949 [1;35m[INF][m GID 44, currentHeight: 2  chainHeight: 3
2019/05/08 17:55:25.017433 [1;35m[INF][m GID 44,  [SyncSideChain] Side chain [ XVfmhjxGxBKgzYxyXCJTb6YmaRfWPVunj4 ] height:  3
2019/05/08 17:55:31.047344 [1;35m[INF][m GID 44, currentHeight: 3  chainHeight: 4
2019/05/08 17:55:31.054021 [1;35m[INF][m GID 44,  [SyncSideChain] Side chain [ XVfmhjxGxBKgzYxyXCJTb6YmaRfWPVunj4 ] height:  4
2019/05/08 17:55:33.338606 [1;35m[INF][m GID 91, [arbitrator] Main chain height:  13
2019/05/08 17:55:34.317919 [1;35m[INF][m GID 43, currentHeight: 6  chainHeight: 7
2019/05/08 17:55:34.338862 [1;35m[INF][m GID 43,  [SyncSideChain] Side chain [ XKUh4GLhFJiqAMTF6HyWQrV9pK9HcGUdfJ ] height:  7
2019/05/08 17:55:36.483202 [1;35m[INF][m GID 91, [arbitrator] Main chain height:  14
2019/05/08 17:55:39.386510 [1;35m[INF][m GID 43, currentHeight: 7  chainHeight: 8
2019/05/08 17:55:39.392099 [1;35m[INF][m GID 43,  [SyncSideChain] Side chain [ XKUh4GLhFJiqAMTF6HyWQrV9pK9HcGUdfJ ] height:  8
2019/05/08 17:55:41.662604 [1;35m[INF][m GID 77, Check and remove cross chain transactions from dbcache finished
2019/05/08 17:55:41.670614 [1;35m[INF][m GID 78, Warning side chain mining account:  EW9pvJJrQLCwQTSWsZwYn8S5gTaG6Ku7dx: 0 EMvdwQJZ1i8bmMjFm1DydbNegTKtEyzVet: 0 
2019/05/08 17:55:44.460005 [1;35m[INF][m GID 43, currentHeight: 8  chainHeight: 9
2019/05/08 17:55:44.495825 [1;35m[INF][m GID 43,  [SyncSideChain] Side chain [ XKUh4GLhFJiqAMTF6HyWQrV9pK9HcGUdfJ ] height:  9
2019/05/08 17:55:46.615436 [1;35m[INF][m GID 91, [arbitrator] Main chain height:  15
2019/05/08 17:55:52.656659 [1;35m[INF][m GID 43, currentHeight: 9  chainHeight: 10
2019/05/08 17:55:52.660415 [1;35m[INF][m GID 43,  [SyncSideChain] Side chain [ XKUh4GLhFJiqAMTF6HyWQrV9pK9HcGUdfJ ] height:  10
2019/05/08 17:56:02.721831 [1;35m[INF][m GID 43, currentHeight: 10  chainHeight: 11
2019/05/08 17:56:02.765119 [1;35m[INF][m GID 43,  [SyncSideChain] Side chain [ XKUh4GLhFJiqAMTF6HyWQrV9pK9HcGUdfJ ] height:  11
2019/05/08 17:56:08.911344 [1;35m[INF][m GID 43, currentHeight: 11  chainHeight: 12
2019/05/08 17:56:08.914725 [1;35m[INF][m GID 43,  [SyncSideChain] Side chain [ XKUh4GLhFJiqAMTF6HyWQrV9pK9HcGUdfJ ] height:  12
2019/05/08 17:56:21.156165 [1;35m[INF][m GID 91, [arbitrator] Main chain height:  16
2019/05/08 17:56:26.761756 [1;35m[INF][m GID 44, currentHeight: 4  chainHeight: 6
2019/05/08 17:56:26.765466 [1;35m[INF][m GID 44,  [SyncSideChain] Side chain [ XVfmhjxGxBKgzYxyXCJTb6YmaRfWPVunj4 ] height:  6
2019/05/08 17:56:27.779180 [1;35m[INF][m GID 44, currentHeight: 6  chainHeight: 7
2019/05/08 17:56:27.783040 [1;35m[INF][m GID 44,  [SyncSideChain] Side chain [ XVfmhjxGxBKgzYxyXCJTb6YmaRfWPVunj4 ] height:  7
2019/05/08 17:56:40.242093 [1;35m[INF][m GID 43, currentHeight: 12  chainHeight: 13
2019/05/08 17:56:40.247423 [1;35m[INF][m GID 43,  [SyncSideChain] Side chain [ XKUh4GLhFJiqAMTF6HyWQrV9pK9HcGUdfJ ] height:  13
2019/05/08 17:56:40.935156 [1;35m[INF][m GID 44, currentHeight: 7  chainHeight: 8
2019/05/08 17:56:40.953236 [1;35m[INF][m GID 44,  [SyncSideChain] Side chain [ XVfmhjxGxBKgzYxyXCJTb6YmaRfWPVunj4 ] height:  8
2019/05/08 17:56:41.663143 [1;35m[INF][m GID 77, Check and remove cross chain transactions from dbcache finished
2019/05/08 17:56:41.713479 [1;35m[INF][m GID 78, Warning side chain mining account:  EW9pvJJrQLCwQTSWsZwYn8S5gTaG6Ku7dx: 0 EMvdwQJZ1i8bmMjFm1DydbNegTKtEyzVet: 0 
2019/05/08 17:56:42.408800 [1;35m[INF][m GID 91, [arbitrator] Main chain height:  17
2019/05/08 17:56:50.535955 [1;35m[INF][m GID 91, [arbitrator] Main chain height:  18
2019/05/08 17:56:53.352897 [1;35m[INF][m GID 43, currentHeight: 13  chainHeight: 14
2019/05/08 17:56:53.358431 [1;35m[INF][m GID 43,  [SyncSideChain] Side chain [ XKUh4GLhFJiqAMTF6HyWQrV9pK9HcGUdfJ ] height:  14
2019/05/08 17:56:55.659077 [1;35m[INF][m GID 91, [arbitrator] Main chain height:  19
2019/05/08 17:57:02.138837 [1;35m[INF][m GID 44, currentHeight: 8  chainHeight: 9
2019/05/08 17:57:02.142509 [1;35m[INF][m GID 44,  [SyncSideChain] Side chain [ XVfmhjxGxBKgzYxyXCJTb6YmaRfWPVunj4 ] height:  9
2019/05/08 17:57:17.555895 [1;35m[INF][m GID 43, currentHeight: 14  chainHeight: 15
2019/05/08 17:57:17.564894 [1;35m[INF][m GID 43,  [SyncSideChain] Side chain [ XKUh4GLhFJiqAMTF6HyWQrV9pK9HcGUdfJ ] height:  15
2019/05/08 17:57:37.771703 [1;35m[INF][m GID 43, currentHeight: 15  chainHeight: 16
2019/05/08 17:57:37.780071 [1;35m[INF][m GID 43,  [SyncSideChain] Side chain [ XKUh4GLhFJiqAMTF6HyWQrV9pK9HcGUdfJ ] height:  16
2019/05/08 17:57:39.395630 [1;35m[INF][m GID 91, [arbitrator] Main chain height:  20
2019/05/08 17:57:41.668475 [1;35m[INF][m GID 77, Check and remove cross chain transactions from dbcache finished
2019/05/08 17:57:41.716016 [1;35m[INF][m GID 78, Warning side chain mining account:  EW9pvJJrQLCwQTSWsZwYn8S5gTaG6Ku7dx: 0 EMvdwQJZ1i8bmMjFm1DydbNegTKtEyzVet: 0 
2019/05/08 17:57:43.523165 [1;35m[INF][m GID 91, [arbitrator] Main chain height:  21
2019/05/08 17:57:45.620566 [1;35m[INF][m GID 44, currentHeight: 9  chainHeight: 10
2019/05/08 17:57:45.631672 [1;35m[INF][m GID 44,  [SyncSideChain] Side chain [ XVfmhjxGxBKgzYxyXCJTb6YmaRfWPVunj4 ] height:  10
2019/05/08 17:58:01.896673 [1;35m[INF][m GID 91, [arbitrator] Main chain height:  22
2019/05/08 17:58:02.213959 [1;35m[INF][m GID 43, currentHeight: 16  chainHeight: 17
2019/05/08 17:58:02.219876 [1;35m[INF][m GID 43,  [SyncSideChain] Side chain [ XKUh4GLhFJiqAMTF6HyWQrV9pK9HcGUdfJ ] height:  17
2019/05/08 17:58:03.842645 [1;35m[INF][m GID 44, currentHeight: 10  chainHeight: 11
2019/05/08 17:58:03.846247 [1;35m[INF][m GID 44,  [SyncSideChain] Side chain [ XVfmhjxGxBKgzYxyXCJTb6YmaRfWPVunj4 ] height:  11
2019/05/08 17:58:04.294035 [1;35m[INF][m GID 43, currentHeight: 17  chainHeight: 18
2019/05/08 17:58:04.304359 [1;35m[INF][m GID 43,  [SyncSideChain] Side chain [ XKUh4GLhFJiqAMTF6HyWQrV9pK9HcGUdfJ ] height:  18
2019/05/08 17:58:08.898061 [1;35m[INF][m GID 44, currentHeight: 11  chainHeight: 12
2019/05/08 17:58:08.902172 [1;35m[INF][m GID 44,  [SyncSideChain] Side chain [ XVfmhjxGxBKgzYxyXCJTb6YmaRfWPVunj4 ] height:  12
2019/05/08 17:58:09.016172 [1;35m[INF][m GID 91, [arbitrator] Main chain height:  23
2019/05/08 17:58:11.379277 [1;35m[INF][m GID 43, currentHeight: 18  chainHeight: 19
2019/05/08 17:58:11.392047 [1;35m[INF][m GID 43,  [SyncSideChain] Side chain [ XKUh4GLhFJiqAMTF6HyWQrV9pK9HcGUdfJ ] height:  19
2019/05/08 17:58:15.142895 [1;35m[INF][m GID 91, [arbitrator] Main chain height:  24
2019/05/08 17:58:18.172114 [1;35m[INF][m GID 91, [arbitrator] Main chain height:  25
2019/05/08 17:58:21.196917 [1;35m[INF][m GID 91, [arbitrator] Main chain height:  26
2019/05/08 17:58:23.106515 [1;35m[INF][m GID 44, currentHeight: 12  chainHeight: 13
2019/05/08 17:58:23.126729 [1;35m[INF][m GID 44,  [SyncSideChain] Side chain [ XVfmhjxGxBKgzYxyXCJTb6YmaRfWPVunj4 ] height:  13
2019/05/08 17:58:25.217664 [1;35m[INF][m GID 91, [arbitrator] Main chain height:  27
2019/05/08 17:58:29.631689 [1;35m[INF][m GID 43, currentHeight: 19  chainHeight: 20
2019/05/08 17:58:29.644897 [1;35m[INF][m GID 43,  [SyncSideChain] Side chain [ XKUh4GLhFJiqAMTF6HyWQrV9pK9HcGUdfJ ] height:  20
2019/05/08 17:58:32.379906 [1;35m[INF][m GID 91, [arbitrator] Main chain height:  28
2019/05/08 17:58:35.328257 [1;35m[INF][m GID 44, currentHeight: 13  chainHeight: 14
2019/05/08 17:58:35.332785 [1;35m[INF][m GID 44,  [SyncSideChain] Side chain [ XVfmhjxGxBKgzYxyXCJTb6YmaRfWPVunj4 ] height:  14
2019/05/08 17:58:35.432504 [1;35m[INF][m GID 91, [arbitrator] Main chain height:  29
2019/05/08 17:58:41.669070 [1;35m[INF][m GID 77, Check and remove cross chain transactions from dbcache finished
2019/05/08 17:58:41.812300 [1;35m[INF][m GID 78, Warning side chain mining account:  EW9pvJJrQLCwQTSWsZwYn8S5gTaG6Ku7dx: 0 EMvdwQJZ1i8bmMjFm1DydbNegTKtEyzVet: 0 
2019/05/08 17:58:42.626399 [1;35m[INF][m GID 91, [SyncFromMainNode] rpc get current height failed
2019/05/08 17:58:42.626467 [1;31m[ERR][m GID 91, Arbitrator group sync error:  Post http://ela-mainchain-crc-4:10014: dial tcp 172.28.0.5:10014: connect: connection refused
2019/05/08 17:58:43.637374 [1;35m[INF][m GID 91, [SyncFromMainNode] rpc get current height failed
2019/05/08 17:58:43.637414 [1;31m[ERR][m GID 91, Arbitrator group sync error:  Post http://ela-mainchain-crc-4:10014: dial tcp 172.28.0.5:10014: connect: connection refused
2019/05/08 17:58:44.638579 [1;35m[INF][m GID 91, [SyncFromMainNode] rpc get current height failed
2019/05/08 17:58:44.638715 [1;31m[ERR][m GID 91, Arbitrator group sync error:  Post http://ela-mainchain-crc-4:10014: dial tcp 172.28.0.5:10014: connect: connection refused
2019/05/08 17:58:45.648815 [1;35m[INF][m GID 91, [SyncFromMainNode] rpc get current height failed
2019/05/08 17:58:45.649831 [1;31m[ERR][m GID 91, Arbitrator group sync error:  Post http://ela-mainchain-crc-4:10014: dial tcp 172.28.0.5:10014: connect: connection refused
2019/05/08 17:58:46.685067 [1;35m[INF][m GID 91, [SyncFromMainNode] rpc get current height failed
2019/05/08 17:58:46.685133 [1;31m[ERR][m GID 91, Arbitrator group sync error:  Post http://ela-mainchain-crc-4:10014: dial tcp: lookup ela-mainchain-crc-4 on 127.0.0.11:53: no such host
2019/05/08 17:58:50.739854 [1;35m[INF][m GID 91, [SyncFromMainNode] rpc get current height failed
2019/05/08 17:58:50.739981 [1;31m[ERR][m GID 91, Arbitrator group sync error:  Post http://ela-mainchain-crc-4:10014: dial tcp 172.28.0.4:10014: connect: no route to host
2019/05/08 17:58:53.811660 [1;35m[INF][m GID 91, [SyncFromMainNode] rpc get current height failed
2019/05/08 17:58:53.811757 [1;31m[ERR][m GID 91, Arbitrator group sync error:  Post http://ela-mainchain-crc-4:10014: dial tcp 172.28.0.4:10014: connect: no route to host
2019/05/08 17:58:54.139466 [1;35m[INF][m GID 43, currentHeight: 20  chainHeight: 21
2019/05/08 17:58:54.221474 [1;35m[INF][m GID 43,  [SyncSideChain] Side chain [ XKUh4GLhFJiqAMTF6HyWQrV9pK9HcGUdfJ ] height:  21
2019/05/08 17:58:54.818099 [1;35m[INF][m GID 91, [SyncFromMainNode] rpc get current height failed
2019/05/08 17:58:54.818201 [1;31m[ERR][m GID 91, Arbitrator group sync error:  Post http://ela-mainchain-crc-4:10014: dial tcp 172.28.0.4:10014: connect: connection refused
2019/05/08 17:58:55.843940 [1;35m[INF][m GID 91, [arbitrator] Main chain height:  30
