2019-09-18 17:29:45.769 [INF] ELAD /go/src/github.com/elastos/Elastos.ELA.SideChain.Token/main.go:58: Node version: 
2019-09-18 17:29:45.769 [INF] ELAD /go/src/github.com/elastos/Elastos.ELA.SideChain.Token/main.go:59: go version go1.12.9 linux/amd64
2019-09-18 17:29:45.769 [INF] ELAD /go/src/github.com/elastos/Elastos.ELA.SideChain.Token/main.go:64: 1. BlockChain init
2019-09-18 17:29:45.795 [INF] ELAD /go/src/github.com/elastos/Elastos.ELA.SideChain.Token/main.go:73: 2. SPV module init
2019-09-18 17:29:45.869 [INF] SPVS /go/src/github.com/elastos/Elastos.ELA.SideChain.Token/vendor/github.com/elastos/Elastos.ELA.SPV/sdk/service.go:464: SPV service started...
2019-09-18 17:29:45.870 [INF] ELAD /go/src/github.com/elastos/Elastos.ELA.SideChain.Token/main.go:137: 3. Start the P2P networks
2019-09-18 17:29:45.872 [INF] ELAD /go/src/github.com/elastos/Elastos.ELA.SideChain.Token/main.go:160: 4. --Initialize pow service
2019-09-18 17:29:45.872 [INF] ELAD /go/src/github.com/elastos/Elastos.ELA.SideChain.Token/main.go:177: Start POW Services
2019-09-18 17:29:45.872 [INF] ELAD /go/src/github.com/elastos/Elastos.ELA.SideChain.Token/main.go:181: 5. --Start the RPC service
2019-09-18 17:29:45.872 [INF] MINR /go/src/github.com/elastos/Elastos.ELA.SideChain.Token/vendor/github.com/elastos/Elastos.ELA.SideChain/pow/pow.go:299: <================POW Mining==============>

2019-09-18 17:29:45.872 [INF] MINR /go/src/github.com/elastos/Elastos.ELA.SideChain.Token/vendor/github.com/elastos/Elastos.ELA.SideChain/pow/pow.go:423: difficulty:  520095999
2019-09-18 17:29:45.873 [INF] STAT: -> 22 []
2019-09-18 17:29:45.887 [INF] SPVS /go/src/github.com/elastos/Elastos.ELA.SideChain.Token/vendor/github.com/elastos/Elastos.ELA.SPV/sync/manager.go:244: New valid peer 172.19.0.6:20338 (outbound)
2019-09-18 17:29:52.927 [INF] SPVS /go/src/github.com/elastos/Elastos.ELA.SideChain.Token/vendor/github.com/elastos/Elastos.ELA.SPV/sync/manager.go:244: New valid peer 172.19.0.8:20338 (outbound)
2019-09-18 17:29:53.969 [INF] SPVS /go/src/github.com/elastos/Elastos.ELA.SideChain.Token/vendor/github.com/elastos/Elastos.ELA.SPV/sync/manager.go:244: New valid peer 172.19.0.3:20338 (outbound)
2019-09-18 17:29:53.969 [INF] SPVS /go/src/github.com/elastos/Elastos.ELA.SideChain.Token/vendor/github.com/elastos/Elastos.ELA.SPV/sync/manager.go:244: New valid peer 172.19.0.7:20338 (outbound)
2019-09-18 17:29:53.969 [INF] SPVS /go/src/github.com/elastos/Elastos.ELA.SideChain.Token/vendor/github.com/elastos/Elastos.ELA.SPV/sync/manager.go:244: New valid peer 172.19.0.9:20338 (outbound)
2019-09-18 17:29:58.091 [INF] MINR /go/src/github.com/elastos/Elastos.ELA.SideChain.Token/vendor/github.com/elastos/Elastos.ELA.SideChain/pow/pow.go:423: difficulty:  520095999
2019-09-18 17:29:59.711 [INF] SPVS /go/src/github.com/elastos/Elastos.ELA.SideChain.Token/vendor/github.com/elastos/Elastos.ELA.SPV/sync/manager.go:419: Received block 6192371fcc70683dd0aade2dacbedd33049d211854f6b5073f12cd81d71b06da at height 47
2019-09-18 17:30:05.010 [INF] BCDB /go/src/github.com/elastos/Elastos.ELA.SideChain.Token/vendor/github.com/elastos/Elastos.ELA.SideChain/blockchain/blockchain.go:1032: current height ->  23
2019-09-18 17:30:05.010 [INF] MINR /go/src/github.com/elastos/Elastos.ELA.SideChain.Token/vendor/github.com/elastos/Elastos.ELA.SideChain/pow/pow.go:299: <================POW Mining==============>

2019-09-18 17:30:05.010 [INF] MINR /go/src/github.com/elastos/Elastos.ELA.SideChain.Token/vendor/github.com/elastos/Elastos.ELA.SideChain/pow/pow.go:423: difficulty:  520095999
2019-09-18 17:30:05.938 [INF] MINR /go/src/github.com/elastos/Elastos.ELA.SideChain.Token/vendor/github.com/elastos/Elastos.ELA.SideChain/pow/pow.go:423: difficulty:  520095999
2019-09-18 17:30:24.391 [INF] SPVS /go/src/github.com/elastos/Elastos.ELA.SideChain.Token/vendor/github.com/elastos/Elastos.ELA.SPV/sync/manager.go:419: Received block c2c577fd0770330f6dc90a041c967ad3d70238d63b920998a02a1d851ca8a255 at height 48
2019-09-18 17:30:24.428 [INF] MINR /go/src/github.com/elastos/Elastos.ELA.SideChain.Token/vendor/github.com/elastos/Elastos.ELA.SideChain/pow/pow.go:423: difficulty:  520095999
2019-09-18 17:30:27.592 [INF] SPVS /go/src/github.com/elastos/Elastos.ELA.SideChain.Token/vendor/github.com/elastos/Elastos.ELA.SPV/sync/manager.go:419: Received block 1ac020bd710ed7bd3851e8e1989f5c569130a03b710b3d97bbfa9bca0259201f at height 49
2019-09-18 17:30:30.480 [INF] SPVS /go/src/github.com/elastos/Elastos.ELA.SideChain.Token/vendor/github.com/elastos/Elastos.ELA.SPV/sync/manager.go:419: Received block dbaef23a6483257b34ee268f0ed581cc806381ef28e42808accabb38f466bac5 at height 50
2019-09-18 17:30:31.152 [INF] BCDB /go/src/github.com/elastos/Elastos.ELA.SideChain.Token/vendor/github.com/elastos/Elastos.ELA.SideChain/blockchain/blockchain.go:1032: current height ->  24
2019-09-18 17:30:31.152 [INF] MINR /go/src/github.com/elastos/Elastos.ELA.SideChain.Token/vendor/github.com/elastos/Elastos.ELA.SideChain/pow/pow.go:299: <================POW Mining==============>

2019-09-18 17:30:31.152 [INF] MINR /go/src/github.com/elastos/Elastos.ELA.SideChain.Token/vendor/github.com/elastos/Elastos.ELA.SideChain/pow/pow.go:423: difficulty:  520095999
2019-09-18 17:30:31.239 [INF] MINR /go/src/github.com/elastos/Elastos.ELA.SideChain.Token/vendor/github.com/elastos/Elastos.ELA.SideChain/pow/pow.go:423: difficulty:  520095999
2019-09-18 17:30:32.299 [INF] SPVS /go/src/github.com/elastos/Elastos.ELA.SideChain.Token/vendor/github.com/elastos/Elastos.ELA.SPV/sync/manager.go:419: Received block 22a55a37455870685c61c4adea6b9a573e4f288d15791a5b775e36ab78b5db59 at height 51
2019-09-18 17:30:34.119 [INF] BCDB /go/src/github.com/elastos/Elastos.ELA.SideChain.Token/vendor/github.com/elastos/Elastos.ELA.SideChain/blockchain/blockchain.go:1032: current height ->  25
2019-09-18 17:30:34.119 [INF] MINR /go/src/github.com/elastos/Elastos.ELA.SideChain.Token/vendor/github.com/elastos/Elastos.ELA.SideChain/pow/pow.go:299: <================POW Mining==============>

2019-09-18 17:30:34.119 [INF] MINR /go/src/github.com/elastos/Elastos.ELA.SideChain.Token/vendor/github.com/elastos/Elastos.ELA.SideChain/pow/pow.go:423: difficulty:  520095999
2019-09-18 17:30:34.262 [INF] MINR /go/src/github.com/elastos/Elastos.ELA.SideChain.Token/vendor/github.com/elastos/Elastos.ELA.SideChain/pow/pow.go:423: difficulty:  520095999
2019-09-18 17:30:42.582 [INF] BCDB /go/src/github.com/elastos/Elastos.ELA.SideChain.Token/vendor/github.com/elastos/Elastos.ELA.SideChain/blockchain/blockchain.go:1032: current height ->  26
2019-09-18 17:30:42.582 [INF] MINR /go/src/github.com/elastos/Elastos.ELA.SideChain.Token/vendor/github.com/elastos/Elastos.ELA.SideChain/pow/pow.go:299: <================POW Mining==============>

2019-09-18 17:30:42.582 [INF] MINR /go/src/github.com/elastos/Elastos.ELA.SideChain.Token/vendor/github.com/elastos/Elastos.ELA.SideChain/pow/pow.go:423: difficulty:  520095999
2019-09-18 17:30:43.318 [INF] MINR /go/src/github.com/elastos/Elastos.ELA.SideChain.Token/vendor/github.com/elastos/Elastos.ELA.SideChain/pow/pow.go:423: difficulty:  520095999
2019-09-18 17:30:45.872 [INF] STAT: -> 26 []
2019-09-18 17:30:51.237 [INF] BCDB /go/src/github.com/elastos/Elastos.ELA.SideChain.Token/vendor/github.com/elastos/Elastos.ELA.SideChain/blockchain/blockchain.go:1032: current height ->  27
2019-09-18 17:30:51.237 [INF] MINR /go/src/github.com/elastos/Elastos.ELA.SideChain.Token/vendor/github.com/elastos/Elastos.ELA.SideChain/pow/pow.go:299: <================POW Mining==============>

2019-09-18 17:30:51.245 [INF] MINR /go/src/github.com/elastos/Elastos.ELA.SideChain.Token/vendor/github.com/elastos/Elastos.ELA.SideChain/pow/pow.go:423: difficulty:  520095999
2019-09-18 17:30:51.403 [INF] MINR /go/src/github.com/elastos/Elastos.ELA.SideChain.Token/vendor/github.com/elastos/Elastos.ELA.SideChain/pow/pow.go:423: difficulty:  520095999
2019-09-18 17:30:55.449 [INF] SPVS /go/src/github.com/elastos/Elastos.ELA.SideChain.Token/vendor/github.com/elastos/Elastos.ELA.SPV/sync/manager.go:419: Received block b456181d8596fde68d5679ae01e99f08b246be61d66117ca522981a448daa0a1 at height 52
2019-09-18 17:30:59.972 [INF] BCDB /go/src/github.com/elastos/Elastos.ELA.SideChain.Token/vendor/github.com/elastos/Elastos.ELA.SideChain/blockchain/blockchain.go:1032: current height ->  28
2019-09-18 17:30:59.972 [INF] MINR /go/src/github.com/elastos/Elastos.ELA.SideChain.Token/vendor/github.com/elastos/Elastos.ELA.SideChain/pow/pow.go:299: <================POW Mining==============>

2019-09-18 17:30:59.972 [INF] MINR /go/src/github.com/elastos/Elastos.ELA.SideChain.Token/vendor/github.com/elastos/Elastos.ELA.SideChain/pow/pow.go:423: difficulty:  520095999
2019-09-18 17:31:00.198 [INF] SPVS /go/src/github.com/elastos/Elastos.ELA.SideChain.Token/vendor/github.com/elastos/Elastos.ELA.SPV/sync/manager.go:419: Received block ad96d2fba59458ff24baa48110e5afc3d132524469201dc2f8b17359676db3b2 at height 53
2019-09-18 17:31:00.597 [INF] MINR /go/src/github.com/elastos/Elastos.ELA.SideChain.Token/vendor/github.com/elastos/Elastos.ELA.SideChain/pow/pow.go:423: difficulty:  520095999
2019-09-18 17:31:01.156 [INF] SPVS /go/src/github.com/elastos/Elastos.ELA.SideChain.Token/vendor/github.com/elastos/Elastos.ELA.SPV/sync/manager.go:419: Received block 5af5f47d6020293b55ba2eb7746fd024b00cdca0f236cde87460978a8dd6e94f at height 54
2019-09-18 17:31:11.494 [INF] BCDB /go/src/github.com/elastos/Elastos.ELA.SideChain.Token/vendor/github.com/elastos/Elastos.ELA.SideChain/blockchain/blockchain.go:1032: current height ->  29
2019-09-18 17:31:11.494 [INF] MINR /go/src/github.com/elastos/Elastos.ELA.SideChain.Token/vendor/github.com/elastos/Elastos.ELA.SideChain/pow/pow.go:299: <================POW Mining==============>

2019-09-18 17:31:11.494 [INF] MINR /go/src/github.com/elastos/Elastos.ELA.SideChain.Token/vendor/github.com/elastos/Elastos.ELA.SideChain/pow/pow.go:423: difficulty:  520095999
2019-09-18 17:31:11.729 [INF] MINR /go/src/github.com/elastos/Elastos.ELA.SideChain.Token/vendor/github.com/elastos/Elastos.ELA.SideChain/pow/pow.go:423: difficulty:  520095999
2019-09-18 17:31:14.682 [INF] SPVS /go/src/github.com/elastos/Elastos.ELA.SideChain.Token/vendor/github.com/elastos/Elastos.ELA.SPV/sync/manager.go:419: Received block 2e9589733adedcbdae3ca91f7bd5e105d4f3f7fe97a9d668b66abac54baf6e77 at height 55
2019-09-18 17:31:15.521 [INF] SPVS /go/src/github.com/elastos/Elastos.ELA.SideChain.Token/vendor/github.com/elastos/Elastos.ELA.SPV/sync/manager.go:419: Received block 2ec6dafa24b0bca158e33f862499dd63981c0c46cc2d1a7103eb89ef7f151b5c at height 56
2019-09-18 17:31:21.352 [INF] BCDB /go/src/github.com/elastos/Elastos.ELA.SideChain.Token/vendor/github.com/elastos/Elastos.ELA.SideChain/blockchain/blockchain.go:1032: current height ->  30
2019-09-18 17:31:21.352 [INF] MINR /go/src/github.com/elastos/Elastos.ELA.SideChain.Token/vendor/github.com/elastos/Elastos.ELA.SideChain/pow/pow.go:299: <================POW Mining==============>

2019-09-18 17:31:21.352 [INF] MINR /go/src/github.com/elastos/Elastos.ELA.SideChain.Token/vendor/github.com/elastos/Elastos.ELA.SideChain/pow/pow.go:423: difficulty:  520095999
2019-09-18 17:31:21.828 [INF] MINR /go/src/github.com/elastos/Elastos.ELA.SideChain.Token/vendor/github.com/elastos/Elastos.ELA.SideChain/pow/pow.go:423: difficulty:  520095999
2019-09-18 17:31:23.963 [INF] SPVS /go/src/github.com/elastos/Elastos.ELA.SideChain.Token/vendor/github.com/elastos/Elastos.ELA.SPV/sync/manager.go:419: Received block cde7b9b0ab8c98d5ebe7ca022a484527b59fdf820475acb0976875c19d7d9bbd at height 57
2019-09-18 17:31:23.977 [INF] BCDB /go/src/github.com/elastos/Elastos.ELA.SideChain.Token/vendor/github.com/elastos/Elastos.ELA.SideChain/blockchain/blockchain.go:1032: current height ->  31
2019-09-18 17:31:23.977 [INF] MINR /go/src/github.com/elastos/Elastos.ELA.SideChain.Token/vendor/github.com/elastos/Elastos.ELA.SideChain/pow/pow.go:299: <================POW Mining==============>

2019-09-18 17:31:23.977 [INF] MINR /go/src/github.com/elastos/Elastos.ELA.SideChain.Token/vendor/github.com/elastos/Elastos.ELA.SideChain/pow/pow.go:423: difficulty:  520095999
2019-09-18 17:31:24.852 [INF] MINR /go/src/github.com/elastos/Elastos.ELA.SideChain.Token/vendor/github.com/elastos/Elastos.ELA.SideChain/pow/pow.go:423: difficulty:  520095999
2019-09-18 17:31:27.322 [INF] SPVS /go/src/github.com/elastos/Elastos.ELA.SideChain.Token/vendor/github.com/elastos/Elastos.ELA.SPV/sync/manager.go:419: Received block 46a499f3aaa45f8005147a6d53a55f6c91c2c13d12d08934f625caa459242e27 at height 58
2019-09-18 17:31:30.482 [INF] SPVS /go/src/github.com/elastos/Elastos.ELA.SideChain.Token/vendor/github.com/elastos/Elastos.ELA.SPV/sync/manager.go:419: Received block 8d73c537d495467d58e930e4e0f056339c5e30916233cccb32a0fbc1ae7ac33d at height 59
2019-09-18 17:31:30.928 [INF] MINR /go/src/github.com/elastos/Elastos.ELA.SideChain.Token/vendor/github.com/elastos/Elastos.ELA.SideChain/pow/pow.go:423: difficulty:  520095999
2019-09-18 17:31:42.747 [INF] BCDB /go/src/github.com/elastos/Elastos.ELA.SideChain.Token/vendor/github.com/elastos/Elastos.ELA.SideChain/blockchain/blockchain.go:1032: current height ->  32
2019-09-18 17:31:42.747 [INF] MINR /go/src/github.com/elastos/Elastos.ELA.SideChain.Token/vendor/github.com/elastos/Elastos.ELA.SideChain/pow/pow.go:299: <================POW Mining==============>

2019-09-18 17:31:42.747 [INF] MINR /go/src/github.com/elastos/Elastos.ELA.SideChain.Token/vendor/github.com/elastos/Elastos.ELA.SideChain/pow/pow.go:423: difficulty:  520095999
2019-09-18 17:31:42.823 [INF] MINR /go/src/github.com/elastos/Elastos.ELA.SideChain.Token/vendor/github.com/elastos/Elastos.ELA.SideChain/pow/pow.go:423: difficulty:  520095999
2019-09-18 17:31:44.109 [INF] SPVS /go/src/github.com/elastos/Elastos.ELA.SideChain.Token/vendor/github.com/elastos/Elastos.ELA.SPV/sync/manager.go:419: Received block 6b3a8d9a83f3cc91d0a14f9e97ab7eba811b7d7af1cccd39e3567d1ef7a383d4 at height 60
2019-09-18 17:31:45.872 [INF] STAT: -> 32 []
2019-09-18 17:31:45.984 [INF] SPVS /go/src/github.com/elastos/Elastos.ELA.SideChain.Token/vendor/github.com/elastos/Elastos.ELA.SPV/sync/manager.go:419: Received block 7ebf95fb5b7638e9a3baee17e4b4ec3190f881086f13dad884a6e4581fce03cd at height 61
2019-09-18 17:31:47.233 [INF] SPVS /go/src/github.com/elastos/Elastos.ELA.SideChain.Token/vendor/github.com/elastos/Elastos.ELA.SPV/sync/manager.go:419: Received block 0f1f371e7116cc8805edf97d7480f4fc10eecaa454bacfa00ba968342e6d8637 at height 62
2019-09-18 17:31:48.256 [INF] MINR /go/src/github.com/elastos/Elastos.ELA.SideChain.Token/vendor/github.com/elastos/Elastos.ELA.SideChain/pow/pow.go:423: difficulty:  520095999
2019-09-18 17:31:54.158 [INF] SPVS /go/src/github.com/elastos/Elastos.ELA.SideChain.Token/vendor/github.com/elastos/Elastos.ELA.SPV/sync/manager.go:419: Received block 704b060f9ca7c7cd45426d04a881faa96fa31b774a380172c7182884cffbe7fc at height 63
2019-09-18 17:31:55.137 [INF] MINR /go/src/github.com/elastos/Elastos.ELA.SideChain.Token/vendor/github.com/elastos/Elastos.ELA.SideChain/pow/pow.go:423: difficulty:  520095999
2019-09-18 17:31:55.727 [INF] SPVS /go/src/github.com/elastos/Elastos.ELA.SideChain.Token/vendor/github.com/elastos/Elastos.ELA.SPV/sync/manager.go:419: Received block f8c538b2822d45ba8166f539bcda41ce6d078ca1a5dc0522f312213088dcfdf7 at height 64
2019-09-18 17:31:57.348 [INF] SPVS /go/src/github.com/elastos/Elastos.ELA.SideChain.Token/vendor/github.com/elastos/Elastos.ELA.SPV/sync/manager.go:419: Received block f99681c2668f008ae7f4968c35e7765f458365c8bf3166707f4099ba32c64c62 at height 65
2019-09-18 17:31:57.775 [INF] SPVS /go/src/github.com/elastos/Elastos.ELA.SideChain.Token/vendor/github.com/elastos/Elastos.ELA.SPV/sync/manager.go:419: Received block 68463830f7a8ee71c82404115487b505670ee8cd8ed9009218016bb249900491 at height 66
2019-09-18 17:32:00.300 [INF] BCDB /go/src/github.com/elastos/Elastos.ELA.SideChain.Token/vendor/github.com/elastos/Elastos.ELA.SideChain/blockchain/blockchain.go:1032: current height ->  33
2019-09-18 17:32:00.300 [INF] MINR /go/src/github.com/elastos/Elastos.ELA.SideChain.Token/vendor/github.com/elastos/Elastos.ELA.SideChain/pow/pow.go:299: <================POW Mining==============>

2019-09-18 17:32:00.300 [INF] MINR /go/src/github.com/elastos/Elastos.ELA.SideChain.Token/vendor/github.com/elastos/Elastos.ELA.SideChain/pow/pow.go:423: difficulty:  520095999
2019-09-18 17:32:00.587 [INF] BCDB /go/src/github.com/elastos/Elastos.ELA.SideChain.Token/vendor/github.com/elastos/Elastos.ELA.SideChain/blockchain/blockchain.go:1032: current height ->  34
2019-09-18 17:32:00.587 [INF] MINR /go/src/github.com/elastos/Elastos.ELA.SideChain.Token/vendor/github.com/elastos/Elastos.ELA.SideChain/pow/pow.go:299: <================POW Mining==============>

2019-09-18 17:32:00.587 [INF] MINR /go/src/github.com/elastos/Elastos.ELA.SideChain.Token/vendor/github.com/elastos/Elastos.ELA.SideChain/pow/pow.go:423: difficulty:  520095999
2019-09-18 17:32:01.114 [INF] MINR /go/src/github.com/elastos/Elastos.ELA.SideChain.Token/vendor/github.com/elastos/Elastos.ELA.SideChain/pow/pow.go:423: difficulty:  520095999
2019-09-18 17:32:15.575 [INF] SPVS /go/src/github.com/elastos/Elastos.ELA.SideChain.Token/vendor/github.com/elastos/Elastos.ELA.SPV/sync/manager.go:419: Received block fefa6bb7ccec8c7ea117f35e5e3510fe8f8fa68d60393e2df72d9d49b1135ac3 at height 67
2019-09-18 17:32:16.289 [INF] MINR /go/src/github.com/elastos/Elastos.ELA.SideChain.Token/vendor/github.com/elastos/Elastos.ELA.SideChain/pow/pow.go:423: difficulty:  520095999
2019-09-18 17:32:18.595 [INF] SPVS /go/src/github.com/elastos/Elastos.ELA.SideChain.Token/vendor/github.com/elastos/Elastos.ELA.SPV/sync/manager.go:419: Received block 093cc5b5af4f7f2e9e35bac0c94dcd9b78bb35c60115a2b313be618104d52612 at height 68
2019-09-18 17:32:26.586 [INF] BCDB /go/src/github.com/elastos/Elastos.ELA.SideChain.Token/vendor/github.com/elastos/Elastos.ELA.SideChain/blockchain/blockchain.go:1032: current height ->  35
2019-09-18 17:32:26.586 [INF] MINR /go/src/github.com/elastos/Elastos.ELA.SideChain.Token/vendor/github.com/elastos/Elastos.ELA.SideChain/pow/pow.go:299: <================POW Mining==============>

2019-09-18 17:32:26.588 [INF] MINR /go/src/github.com/elastos/Elastos.ELA.SideChain.Token/vendor/github.com/elastos/Elastos.ELA.SideChain/pow/pow.go:423: difficulty:  520095999
2019-09-18 17:32:27.259 [INF] MINR /go/src/github.com/elastos/Elastos.ELA.SideChain.Token/vendor/github.com/elastos/Elastos.ELA.SideChain/pow/pow.go:423: difficulty:  520095999
2019-09-18 17:32:27.709 [INF] SPVS /go/src/github.com/elastos/Elastos.ELA.SideChain.Token/vendor/github.com/elastos/Elastos.ELA.SPV/sync/manager.go:419: Received block 3ff394c7e614788cf9b7aa68c7abdef7327b32572c339d37d9ec8430b977be64 at height 69
2019-09-18 17:32:30.144 [WRN] SRVR /go/src/github.com/elastos/Elastos.ELA.SideChain.Token/vendor/github.com/elastos/Elastos.ELA.SideChain/server/server.go:796: Server shutting down
2019-09-18 17:32:30.144 [WRN] SRVR /go/src/github.com/elastos/Elastos.ELA.SideChain.Token/vendor/github.com/elastos/Elastos.ELA/p2p/server/server.go:952: server shutting down
2019-09-18 17:32:30.144 [WRN] SRVR /go/src/github.com/elastos/Elastos.ELA.SideChain.Token/vendor/github.com/elastos/Elastos.ELA/p2p/server/server.go:952: server shutting down
2019-09-18 17:32:30.144 [INF] SPVS /go/src/github.com/elastos/Elastos.ELA.SideChain.Token/vendor/github.com/elastos/Elastos.ELA.SPV/sync/manager.go:734: Sync manager shutting down
2019-09-18 17:32:30.144 [ERR] ELAD /go/src/github.com/elastos/Elastos.ELA.SideChain.Token/main.go:209: Start HttpJsonRpc server failed, http: Server closed
2019-09-18 17:32:30.144 [INF] SYNC /go/src/github.com/elastos/Elastos.ELA.SideChain.Token/vendor/github.com/elastos/Elastos.ELA.SideChain/netsync/manager.go:785: Sync manager shutting down
2019-09-18 17:32:30.145 [INF] SPVS /go/src/github.com/elastos/Elastos.ELA.SideChain.Token/vendor/github.com/elastos/Elastos.ELA.SPV/sdk/service.go:481: SPV service stopped...
