2019-09-18 20:41:04.100 [INF] ELAD /go/src/github.com/elastos/Elastos.ELA.SideChain.Token/main.go:58: Node version: 
2019-09-18 20:41:04.101 [INF] ELAD /go/src/github.com/elastos/Elastos.ELA.SideChain.Token/main.go:59: go version go1.12.9 linux/amd64
2019-09-18 20:41:04.101 [INF] ELAD /go/src/github.com/elastos/Elastos.ELA.SideChain.Token/main.go:64: 1. BlockChain init
2019-09-18 20:41:04.180 [INF] ELAD /go/src/github.com/elastos/Elastos.ELA.SideChain.Token/main.go:73: 2. SPV module init
2019-09-18 20:41:04.263 [INF] SPVS /go/src/github.com/elastos/Elastos.ELA.SideChain.Token/vendor/github.com/elastos/Elastos.ELA.SPV/sdk/service.go:464: SPV service started...
2019-09-18 20:41:04.310 [INF] ELAD /go/src/github.com/elastos/Elastos.ELA.SideChain.Token/main.go:137: 3. Start the P2P networks
2019-09-18 20:41:04.316 [INF] ELAD /go/src/github.com/elastos/Elastos.ELA.SideChain.Token/main.go:160: 4. --Initialize pow service
2019-09-18 20:41:04.316 [INF] ELAD /go/src/github.com/elastos/Elastos.ELA.SideChain.Token/main.go:177: Start POW Services
2019-09-18 20:41:04.316 [INF] ELAD /go/src/github.com/elastos/Elastos.ELA.SideChain.Token/main.go:181: 5. --Start the RPC service
2019-09-18 20:41:04.316 [INF] MINR /go/src/github.com/elastos/Elastos.ELA.SideChain.Token/vendor/github.com/elastos/Elastos.ELA.SideChain/pow/pow.go:299: <================POW Mining==============>

2019-09-18 20:41:04.316 [INF] MINR /go/src/github.com/elastos/Elastos.ELA.SideChain.Token/vendor/github.com/elastos/Elastos.ELA.SideChain/pow/pow.go:423: difficulty:  520095999
2019-09-18 20:41:04.316 [INF] STAT: -> 257 []
2019-09-18 20:41:10.115 [INF] BCDB /go/src/github.com/elastos/Elastos.ELA.SideChain.Token/vendor/github.com/elastos/Elastos.ELA.SideChain/blockchain/blockchain.go:1032: current height ->  258
2019-09-18 20:41:10.115 [INF] MINR /go/src/github.com/elastos/Elastos.ELA.SideChain.Token/vendor/github.com/elastos/Elastos.ELA.SideChain/pow/pow.go:299: <================POW Mining==============>

2019-09-18 20:41:10.116 [INF] MINR /go/src/github.com/elastos/Elastos.ELA.SideChain.Token/vendor/github.com/elastos/Elastos.ELA.SideChain/pow/pow.go:423: difficulty:  520095999
2019-09-18 20:41:10.373 [INF] SPVS /go/src/github.com/elastos/Elastos.ELA.SideChain.Token/vendor/github.com/elastos/Elastos.ELA.SPV/sync/manager.go:244: New valid peer 172.21.0.2:20338 (outbound)
2019-09-18 20:41:10.374 [INF] SPVS /go/src/github.com/elastos/Elastos.ELA.SideChain.Token/vendor/github.com/elastos/Elastos.ELA.SPV/sync/manager.go:244: New valid peer 172.21.0.5:20338 (outbound)
2019-09-18 20:41:11.404 [INF] SPVS /go/src/github.com/elastos/Elastos.ELA.SideChain.Token/vendor/github.com/elastos/Elastos.ELA.SPV/sync/manager.go:244: New valid peer 172.21.0.3:20338 (outbound)
2019-09-18 20:41:12.450 [INF] SPVS /go/src/github.com/elastos/Elastos.ELA.SideChain.Token/vendor/github.com/elastos/Elastos.ELA.SPV/sync/manager.go:244: New valid peer 172.21.0.8:20338 (outbound)
2019-09-18 20:41:12.653 [INF] MINR /go/src/github.com/elastos/Elastos.ELA.SideChain.Token/vendor/github.com/elastos/Elastos.ELA.SideChain/pow/pow.go:423: difficulty:  520095999
2019-09-18 20:41:22.626 [INF] SPVS /go/src/github.com/elastos/Elastos.ELA.SideChain.Token/vendor/github.com/elastos/Elastos.ELA.SPV/sync/manager.go:419: Received block 3b822d0bf0a9f1198a6474342136fba54bd0ca5a9ed5e7cb392a7d3a588b9e9a at height 419
2019-09-18 20:41:22.758 [INF] MINR /go/src/github.com/elastos/Elastos.ELA.SideChain.Token/vendor/github.com/elastos/Elastos.ELA.SideChain/pow/pow.go:423: difficulty:  520095999
2019-09-18 20:41:22.981 [INF] BCDB /go/src/github.com/elastos/Elastos.ELA.SideChain.Token/vendor/github.com/elastos/Elastos.ELA.SideChain/blockchain/blockchain.go:1032: current height ->  259
2019-09-18 20:41:22.981 [INF] MINR /go/src/github.com/elastos/Elastos.ELA.SideChain.Token/vendor/github.com/elastos/Elastos.ELA.SideChain/pow/pow.go:299: <================POW Mining==============>

2019-09-18 20:41:22.981 [INF] MINR /go/src/github.com/elastos/Elastos.ELA.SideChain.Token/vendor/github.com/elastos/Elastos.ELA.SideChain/pow/pow.go:423: difficulty:  520095999
2019-09-18 20:41:23.453 [INF] SPVS /go/src/github.com/elastos/Elastos.ELA.SideChain.Token/vendor/github.com/elastos/Elastos.ELA.SPV/sync/manager.go:244: New valid peer 172.21.0.6:20338 (outbound)
2019-09-18 20:41:23.545 [INF] MINR /go/src/github.com/elastos/Elastos.ELA.SideChain.Token/vendor/github.com/elastos/Elastos.ELA.SideChain/pow/pow.go:423: difficulty:  520095999
2019-09-18 20:41:33.509 [INF] BCDB /go/src/github.com/elastos/Elastos.ELA.SideChain.Token/vendor/github.com/elastos/Elastos.ELA.SideChain/blockchain/blockchain.go:1032: current height ->  260
2019-09-18 20:41:33.509 [INF] MINR /go/src/github.com/elastos/Elastos.ELA.SideChain.Token/vendor/github.com/elastos/Elastos.ELA.SideChain/pow/pow.go:299: <================POW Mining==============>

2019-09-18 20:41:33.510 [INF] MINR /go/src/github.com/elastos/Elastos.ELA.SideChain.Token/vendor/github.com/elastos/Elastos.ELA.SideChain/pow/pow.go:423: difficulty:  520095999
2019-09-18 20:41:33.599 [INF] MINR /go/src/github.com/elastos/Elastos.ELA.SideChain.Token/vendor/github.com/elastos/Elastos.ELA.SideChain/pow/pow.go:423: difficulty:  520095999
2019-09-18 20:41:37.017 [INF] BCDB /go/src/github.com/elastos/Elastos.ELA.SideChain.Token/vendor/github.com/elastos/Elastos.ELA.SideChain/blockchain/blockchain.go:1032: current height ->  261
2019-09-18 20:41:37.019 [INF] MINR /go/src/github.com/elastos/Elastos.ELA.SideChain.Token/vendor/github.com/elastos/Elastos.ELA.SideChain/pow/pow.go:299: <================POW Mining==============>

2019-09-18 20:41:37.020 [INF] MINR /go/src/github.com/elastos/Elastos.ELA.SideChain.Token/vendor/github.com/elastos/Elastos.ELA.SideChain/pow/pow.go:423: difficulty:  520095999
2019-09-18 20:41:37.678 [INF] MINR /go/src/github.com/elastos/Elastos.ELA.SideChain.Token/vendor/github.com/elastos/Elastos.ELA.SideChain/pow/pow.go:423: difficulty:  520095999
2019-09-18 20:41:49.168 [INF] SPVS /go/src/github.com/elastos/Elastos.ELA.SideChain.Token/vendor/github.com/elastos/Elastos.ELA.SPV/sync/manager.go:419: Received block 58b069bf77890d601d409d914dca7faab88190ddbc5e8304956b4007a424e99c at height 420
2019-09-18 20:41:49.322 [INF] MINR /go/src/github.com/elastos/Elastos.ELA.SideChain.Token/vendor/github.com/elastos/Elastos.ELA.SideChain/pow/pow.go:423: difficulty:  520095999
2019-09-18 20:41:53.311 [INF] BCDB /go/src/github.com/elastos/Elastos.ELA.SideChain.Token/vendor/github.com/elastos/Elastos.ELA.SideChain/blockchain/blockchain.go:1032: current height ->  262
2019-09-18 20:41:53.311 [INF] MINR /go/src/github.com/elastos/Elastos.ELA.SideChain.Token/vendor/github.com/elastos/Elastos.ELA.SideChain/pow/pow.go:299: <================POW Mining==============>

2019-09-18 20:41:53.311 [INF] MINR /go/src/github.com/elastos/Elastos.ELA.SideChain.Token/vendor/github.com/elastos/Elastos.ELA.SideChain/pow/pow.go:423: difficulty:  520095999
2019-09-18 20:41:53.516 [INF] BCDB /go/src/github.com/elastos/Elastos.ELA.SideChain.Token/vendor/github.com/elastos/Elastos.ELA.SideChain/blockchain/blockchain.go:1032: current height ->  263
2019-09-18 20:41:53.516 [INF] MINR /go/src/github.com/elastos/Elastos.ELA.SideChain.Token/vendor/github.com/elastos/Elastos.ELA.SideChain/pow/pow.go:299: <================POW Mining==============>

2019-09-18 20:41:53.516 [INF] MINR /go/src/github.com/elastos/Elastos.ELA.SideChain.Token/vendor/github.com/elastos/Elastos.ELA.SideChain/pow/pow.go:423: difficulty:  520095999
2019-09-18 20:41:54.114 [INF] MINR /go/src/github.com/elastos/Elastos.ELA.SideChain.Token/vendor/github.com/elastos/Elastos.ELA.SideChain/pow/pow.go:423: difficulty:  520095999
2019-09-18 20:42:02.152 [INF] BCDB /go/src/github.com/elastos/Elastos.ELA.SideChain.Token/vendor/github.com/elastos/Elastos.ELA.SideChain/blockchain/blockchain.go:1032: current height ->  264
2019-09-18 20:42:02.152 [INF] MINR /go/src/github.com/elastos/Elastos.ELA.SideChain.Token/vendor/github.com/elastos/Elastos.ELA.SideChain/pow/pow.go:299: <================POW Mining==============>

2019-09-18 20:42:02.153 [INF] MINR /go/src/github.com/elastos/Elastos.ELA.SideChain.Token/vendor/github.com/elastos/Elastos.ELA.SideChain/pow/pow.go:423: difficulty:  520095999
2019-09-18 20:42:03.153 [INF] MINR /go/src/github.com/elastos/Elastos.ELA.SideChain.Token/vendor/github.com/elastos/Elastos.ELA.SideChain/pow/pow.go:423: difficulty:  520095999
2019-09-18 20:42:04.317 [INF] STAT: -> 264 []
2019-09-18 20:42:04.765 [INF] SPVS /go/src/github.com/elastos/Elastos.ELA.SideChain.Token/vendor/github.com/elastos/Elastos.ELA.SPV/sync/manager.go:419: Received block 32ec8a3b371252513951763fa8a100a62e80325d543d6ed21f50ec4f3efccb84 at height 421
2019-09-18 20:42:14.882 [WRN] SRVR /go/src/github.com/elastos/Elastos.ELA.SideChain.Token/vendor/github.com/elastos/Elastos.ELA.SideChain/server/server.go:796: Server shutting down
2019-09-18 20:42:14.882 [WRN] SRVR /go/src/github.com/elastos/Elastos.ELA.SideChain.Token/vendor/github.com/elastos/Elastos.ELA/p2p/server/server.go:952: server shutting down
2019-09-18 20:42:14.882 [WRN] SRVR /go/src/github.com/elastos/Elastos.ELA.SideChain.Token/vendor/github.com/elastos/Elastos.ELA/p2p/server/server.go:952: server shutting down
2019-09-18 20:42:14.882 [ERR] ELAD /go/src/github.com/elastos/Elastos.ELA.SideChain.Token/main.go:209: Start HttpJsonRpc server failed, http: Server closed
2019-09-18 20:42:14.882 [INF] SPVS /go/src/github.com/elastos/Elastos.ELA.SideChain.Token/vendor/github.com/elastos/Elastos.ELA.SPV/sync/manager.go:734: Sync manager shutting down
2019-09-18 20:42:14.882 [INF] SYNC /go/src/github.com/elastos/Elastos.ELA.SideChain.Token/vendor/github.com/elastos/Elastos.ELA.SideChain/netsync/manager.go:785: Sync manager shutting down
2019-09-18 20:42:14.882 [INF] SPVS /go/src/github.com/elastos/Elastos.ELA.SideChain.Token/vendor/github.com/elastos/Elastos.ELA.SPV/sdk/service.go:481: SPV service stopped...
