2019-09-18 20:45:19.354 [INF] ELAD /go/src/github.com/elastos/Elastos.ELA.SideChain.ID/main.go:58: Node version: 
2019-09-18 20:45:19.356 [INF] ELAD /go/src/github.com/elastos/Elastos.ELA.SideChain.ID/main.go:59: go version go1.12.9 linux/amd64
2019-09-18 20:45:19.356 [INF] ELAD /go/src/github.com/elastos/Elastos.ELA.SideChain.ID/main.go:64: 1. BlockChain init
2019-09-18 20:45:19.420 [INF] ELAD /go/src/github.com/elastos/Elastos.ELA.SideChain.ID/main.go:73: 2. SPV module init
2019-09-18 20:45:19.515 [INF] SPVS /go/src/github.com/elastos/Elastos.ELA.SideChain.ID/vendor/github.com/elastos/Elastos.ELA.SPV/sdk/service.go:464: SPV service started...
2019-09-18 20:45:19.557 [INF] SPVS /go/src/github.com/elastos/Elastos.ELA.SideChain.ID/vendor/github.com/elastos/Elastos.ELA.SPV/sync/manager.go:244: New valid peer 172.22.0.2:20338 (outbound)
2019-09-18 20:45:19.559 [INF] SPVS /go/src/github.com/elastos/Elastos.ELA.SideChain.ID/vendor/github.com/elastos/Elastos.ELA.SPV/sync/manager.go:244: New valid peer 172.22.0.3:20338 (outbound)
2019-09-18 20:45:19.592 [INF] SPVS /go/src/github.com/elastos/Elastos.ELA.SideChain.ID/vendor/github.com/elastos/Elastos.ELA.SPV/sync/manager.go:244: New valid peer 172.22.0.4:20338 (outbound)
2019-09-18 20:45:19.592 [INF] SPVS /go/src/github.com/elastos/Elastos.ELA.SideChain.ID/vendor/github.com/elastos/Elastos.ELA.SPV/sync/manager.go:244: New valid peer 172.22.0.10:20338 (outbound)
2019-09-18 20:45:19.593 [INF] ELAD /go/src/github.com/elastos/Elastos.ELA.SideChain.ID/main.go:128: 3. Start the P2P networks
2019-09-18 20:45:19.593 [INF] ELAD /go/src/github.com/elastos/Elastos.ELA.SideChain.ID/main.go:143: 4. --Initialize pow service
2019-09-18 20:45:19.593 [INF] ELAD /go/src/github.com/elastos/Elastos.ELA.SideChain.ID/main.go:160: Start POW Services
2019-09-18 20:45:19.593 [INF] ELAD /go/src/github.com/elastos/Elastos.ELA.SideChain.ID/main.go:164: 5. --Start the RPC service
2019-09-18 20:45:19.594 [INF] MINR /go/src/github.com/elastos/Elastos.ELA.SideChain.ID/vendor/github.com/elastos/Elastos.ELA.SideChain/pow/pow.go:298: <================POW Mining==============>

2019-09-18 20:45:19.594 [INF] MINR /go/src/github.com/elastos/Elastos.ELA.SideChain.ID/vendor/github.com/elastos/Elastos.ELA.SideChain/pow/pow.go:422: difficulty:  520095999
2019-09-18 20:45:22.428 [INF] MINR /go/src/github.com/elastos/Elastos.ELA.SideChain.ID/vendor/github.com/elastos/Elastos.ELA.SideChain/pow/pow.go:422: difficulty:  520095999
2019-09-18 20:45:22.729 [INF] BCDB /go/src/github.com/elastos/Elastos.ELA.SideChain.ID/vendor/github.com/elastos/Elastos.ELA.SideChain/blockchain/blockchain.go:1065: current height ->  215
2019-09-18 20:45:22.729 [INF] MINR /go/src/github.com/elastos/Elastos.ELA.SideChain.ID/vendor/github.com/elastos/Elastos.ELA.SideChain/pow/pow.go:298: <================POW Mining==============>

2019-09-18 20:45:22.729 [INF] MINR /go/src/github.com/elastos/Elastos.ELA.SideChain.ID/vendor/github.com/elastos/Elastos.ELA.SideChain/pow/pow.go:422: difficulty:  520095999
2019-09-18 20:45:23.420 [INF] MINR /go/src/github.com/elastos/Elastos.ELA.SideChain.ID/vendor/github.com/elastos/Elastos.ELA.SideChain/pow/pow.go:422: difficulty:  520095999
2019-09-18 20:45:24.571 [INF] SPVS /go/src/github.com/elastos/Elastos.ELA.SideChain.ID/vendor/github.com/elastos/Elastos.ELA.SPV/sync/manager.go:244: New valid peer 172.22.0.5:20338 (outbound)
2019-09-18 20:45:29.366 [INF] SPVS /go/src/github.com/elastos/Elastos.ELA.SideChain.ID/vendor/github.com/elastos/Elastos.ELA.SPV/sync/manager.go:419: Received block 6f1630a97f19e3590f98fa7d7321cd5b1c042a8401380a7e6a48f5ceb9a4a16f at height 422
2019-09-18 20:45:29.815 [INF] MINR /go/src/github.com/elastos/Elastos.ELA.SideChain.ID/vendor/github.com/elastos/Elastos.ELA.SideChain/pow/pow.go:422: difficulty:  520095999
2019-09-18 20:45:40.387 [INF] BCDB /go/src/github.com/elastos/Elastos.ELA.SideChain.ID/vendor/github.com/elastos/Elastos.ELA.SideChain/blockchain/blockchain.go:1065: current height ->  216
2019-09-18 20:45:40.391 [INF] MINR /go/src/github.com/elastos/Elastos.ELA.SideChain.ID/vendor/github.com/elastos/Elastos.ELA.SideChain/pow/pow.go:298: <================POW Mining==============>

2019-09-18 20:45:40.393 [INF] MINR /go/src/github.com/elastos/Elastos.ELA.SideChain.ID/vendor/github.com/elastos/Elastos.ELA.SideChain/pow/pow.go:422: difficulty:  520095999
2019-09-18 20:45:40.786 [INF] MINR /go/src/github.com/elastos/Elastos.ELA.SideChain.ID/vendor/github.com/elastos/Elastos.ELA.SideChain/pow/pow.go:422: difficulty:  520095999
2019-09-18 20:45:44.745 [INF] BCDB /go/src/github.com/elastos/Elastos.ELA.SideChain.ID/vendor/github.com/elastos/Elastos.ELA.SideChain/blockchain/blockchain.go:1065: current height ->  217
2019-09-18 20:45:44.745 [INF] MINR /go/src/github.com/elastos/Elastos.ELA.SideChain.ID/vendor/github.com/elastos/Elastos.ELA.SideChain/pow/pow.go:298: <================POW Mining==============>

2019-09-18 20:45:44.746 [INF] MINR /go/src/github.com/elastos/Elastos.ELA.SideChain.ID/vendor/github.com/elastos/Elastos.ELA.SideChain/pow/pow.go:422: difficulty:  520095999
2019-09-18 20:45:44.857 [INF] MINR /go/src/github.com/elastos/Elastos.ELA.SideChain.ID/vendor/github.com/elastos/Elastos.ELA.SideChain/pow/pow.go:422: difficulty:  520095999
2019-09-18 20:45:46.204 [INF] BCDB /go/src/github.com/elastos/Elastos.ELA.SideChain.ID/vendor/github.com/elastos/Elastos.ELA.SideChain/blockchain/blockchain.go:1065: current height ->  218
2019-09-18 20:45:46.204 [INF] MINR /go/src/github.com/elastos/Elastos.ELA.SideChain.ID/vendor/github.com/elastos/Elastos.ELA.SideChain/pow/pow.go:298: <================POW Mining==============>

2019-09-18 20:45:46.204 [INF] MINR /go/src/github.com/elastos/Elastos.ELA.SideChain.ID/vendor/github.com/elastos/Elastos.ELA.SideChain/pow/pow.go:422: difficulty:  520095999
2019-09-18 20:45:46.905 [INF] MINR /go/src/github.com/elastos/Elastos.ELA.SideChain.ID/vendor/github.com/elastos/Elastos.ELA.SideChain/pow/pow.go:422: difficulty:  520095999
2019-09-18 20:45:51.605 [INF] SPVS /go/src/github.com/elastos/Elastos.ELA.SideChain.ID/vendor/github.com/elastos/Elastos.ELA.SPV/sync/manager.go:419: Received block 3ce527d1e75bf96acfe2d03ed42d2d46fdc2384cda9c90960d85a686485d2119 at height 423
2019-09-18 20:45:57.091 [INF] BCDB /go/src/github.com/elastos/Elastos.ELA.SideChain.ID/vendor/github.com/elastos/Elastos.ELA.SideChain/blockchain/blockchain.go:1065: current height ->  219
2019-09-18 20:45:57.091 [INF] MINR /go/src/github.com/elastos/Elastos.ELA.SideChain.ID/vendor/github.com/elastos/Elastos.ELA.SideChain/pow/pow.go:298: <================POW Mining==============>

2019-09-18 20:45:57.091 [INF] MINR /go/src/github.com/elastos/Elastos.ELA.SideChain.ID/vendor/github.com/elastos/Elastos.ELA.SideChain/pow/pow.go:422: difficulty:  520095999
2019-09-18 20:45:57.326 [INF] BCDB /go/src/github.com/elastos/Elastos.ELA.SideChain.ID/vendor/github.com/elastos/Elastos.ELA.SideChain/blockchain/blockchain.go:1065: current height ->  220
2019-09-18 20:45:57.326 [INF] MINR /go/src/github.com/elastos/Elastos.ELA.SideChain.ID/vendor/github.com/elastos/Elastos.ELA.SideChain/pow/pow.go:298: <================POW Mining==============>

2019-09-18 20:45:57.326 [INF] MINR /go/src/github.com/elastos/Elastos.ELA.SideChain.ID/vendor/github.com/elastos/Elastos.ELA.SideChain/pow/pow.go:422: difficulty:  520095999
2019-09-18 20:45:57.871 [INF] MINR /go/src/github.com/elastos/Elastos.ELA.SideChain.ID/vendor/github.com/elastos/Elastos.ELA.SideChain/pow/pow.go:422: difficulty:  520095999
2019-09-18 20:46:00.409 [INF] SPVS /go/src/github.com/elastos/Elastos.ELA.SideChain.ID/vendor/github.com/elastos/Elastos.ELA.SPV/sync/manager.go:419: Received block da76274e3567a0a7984acde18ae07bf8670826ede1a96087dbeea4c5d2aed18c at height 424
2019-09-18 20:46:08.969 [INF] BCDB /go/src/github.com/elastos/Elastos.ELA.SideChain.ID/vendor/github.com/elastos/Elastos.ELA.SideChain/blockchain/blockchain.go:1065: current height ->  221
2019-09-18 20:46:08.969 [INF] MINR /go/src/github.com/elastos/Elastos.ELA.SideChain.ID/vendor/github.com/elastos/Elastos.ELA.SideChain/pow/pow.go:298: <================POW Mining==============>

2019-09-18 20:46:08.971 [INF] MINR /go/src/github.com/elastos/Elastos.ELA.SideChain.ID/vendor/github.com/elastos/Elastos.ELA.SideChain/pow/pow.go:422: difficulty:  520095999
2019-09-18 20:46:09.003 [INF] MINR /go/src/github.com/elastos/Elastos.ELA.SideChain.ID/vendor/github.com/elastos/Elastos.ELA.SideChain/pow/pow.go:422: difficulty:  520095999
2019-09-18 20:46:15.148 [INF] SPVS /go/src/github.com/elastos/Elastos.ELA.SideChain.ID/vendor/github.com/elastos/Elastos.ELA.SPV/sync/manager.go:419: Received block 9843c10f5c3f032a0095c210705e538b50472769068263f694d2a10883ca1864 at height 425
2019-09-18 20:46:15.936 [INF] MINR /go/src/github.com/elastos/Elastos.ELA.SideChain.ID/vendor/github.com/elastos/Elastos.ELA.SideChain/pow/pow.go:422: difficulty:  520095999
2019-09-18 20:46:19.597 [INF] STAT: -> 221 []
2019-09-18 20:46:19.878 [INF] SPVS /go/src/github.com/elastos/Elastos.ELA.SideChain.ID/vendor/github.com/elastos/Elastos.ELA.SPV/sync/manager.go:419: Received block a88d7fe83efa4a00347163e3375f0258502d6a8680d9406aa18957a0eafb669a at height 426
2019-09-18 20:46:30.744 [INF] SPVS /go/src/github.com/elastos/Elastos.ELA.SideChain.ID/vendor/github.com/elastos/Elastos.ELA.SPV/sync/manager.go:419: Received block 7291be0eda59e3e7305bfc45a2cf1edada42aa99743092ab890e39f19998d00e at height 427
2019-09-18 20:46:31.115 [INF] MINR /go/src/github.com/elastos/Elastos.ELA.SideChain.ID/vendor/github.com/elastos/Elastos.ELA.SideChain/pow/pow.go:422: difficulty:  520095999
2019-09-18 20:46:35.542 [INF] SPVS /go/src/github.com/elastos/Elastos.ELA.SideChain.ID/vendor/github.com/elastos/Elastos.ELA.SPV/sync/manager.go:419: Received block d51ddeba386537306c41b2ceea77192c258ef75ff529159aa4658987db320d7c at height 428
2019-09-18 20:46:44.244 [INF] SPVS /go/src/github.com/elastos/Elastos.ELA.SideChain.ID/vendor/github.com/elastos/Elastos.ELA.SPV/sync/manager.go:419: Received block ca0c9f5def0140c8cdc0482287ac8c513b4d795d448d81aaaeb84a49f1d73595 at height 429
2019-09-18 20:46:44.257 [INF] MINR /go/src/github.com/elastos/Elastos.ELA.SideChain.ID/vendor/github.com/elastos/Elastos.ELA.SideChain/pow/pow.go:422: difficulty:  520095999
2019-09-18 20:46:52.711 [INF] SPVS /go/src/github.com/elastos/Elastos.ELA.SideChain.ID/vendor/github.com/elastos/Elastos.ELA.SPV/sync/manager.go:419: Received block 44b65887d335675367eb6c62c50e9cf5c656fb23f5e2b8ad716612e04361e79c at height 430
2019-09-18 20:46:52.714 [INF] BCDB /go/src/github.com/elastos/Elastos.ELA.SideChain.ID/vendor/github.com/elastos/Elastos.ELA.SideChain/blockchain/blockchain.go:1065: current height ->  222
2019-09-18 20:46:52.714 [INF] MINR /go/src/github.com/elastos/Elastos.ELA.SideChain.ID/vendor/github.com/elastos/Elastos.ELA.SideChain/pow/pow.go:298: <================POW Mining==============>

2019-09-18 20:46:52.716 [INF] MINR /go/src/github.com/elastos/Elastos.ELA.SideChain.ID/vendor/github.com/elastos/Elastos.ELA.SideChain/pow/pow.go:422: difficulty:  520095999
2019-09-18 20:46:53.661 [INF] MINR /go/src/github.com/elastos/Elastos.ELA.SideChain.ID/vendor/github.com/elastos/Elastos.ELA.SideChain/pow/pow.go:422: difficulty:  520095999
2019-09-18 20:46:55.289 [INF] BCDB /go/src/github.com/elastos/Elastos.ELA.SideChain.ID/vendor/github.com/elastos/Elastos.ELA.SideChain/blockchain/blockchain.go:1065: current height ->  223
2019-09-18 20:46:55.289 [INF] MINR /go/src/github.com/elastos/Elastos.ELA.SideChain.ID/vendor/github.com/elastos/Elastos.ELA.SideChain/pow/pow.go:298: <================POW Mining==============>

2019-09-18 20:46:55.290 [INF] MINR /go/src/github.com/elastos/Elastos.ELA.SideChain.ID/vendor/github.com/elastos/Elastos.ELA.SideChain/pow/pow.go:422: difficulty:  520095999
2019-09-18 20:46:55.406 [INF] MINR /go/src/github.com/elastos/Elastos.ELA.SideChain.ID/vendor/github.com/elastos/Elastos.ELA.SideChain/pow/pow.go:422: difficulty:  520095999
2019-09-18 20:46:57.486 [INF] BCDB /go/src/github.com/elastos/Elastos.ELA.SideChain.ID/vendor/github.com/elastos/Elastos.ELA.SideChain/blockchain/blockchain.go:1065: current height ->  224
2019-09-18 20:46:57.486 [INF] MINR /go/src/github.com/elastos/Elastos.ELA.SideChain.ID/vendor/github.com/elastos/Elastos.ELA.SideChain/pow/pow.go:298: <================POW Mining==============>

2019-09-18 20:46:57.486 [INF] MINR /go/src/github.com/elastos/Elastos.ELA.SideChain.ID/vendor/github.com/elastos/Elastos.ELA.SideChain/pow/pow.go:422: difficulty:  520095999
2019-09-18 20:46:58.479 [INF] MINR /go/src/github.com/elastos/Elastos.ELA.SideChain.ID/vendor/github.com/elastos/Elastos.ELA.SideChain/pow/pow.go:422: difficulty:  520095999
2019-09-18 20:47:02.287 [INF] BCDB /go/src/github.com/elastos/Elastos.ELA.SideChain.ID/vendor/github.com/elastos/Elastos.ELA.SideChain/blockchain/blockchain.go:1065: current height ->  225
2019-09-18 20:47:02.290 [INF] MINR /go/src/github.com/elastos/Elastos.ELA.SideChain.ID/vendor/github.com/elastos/Elastos.ELA.SideChain/pow/pow.go:298: <================POW Mining==============>

2019-09-18 20:47:02.290 [INF] MINR /go/src/github.com/elastos/Elastos.ELA.SideChain.ID/vendor/github.com/elastos/Elastos.ELA.SideChain/pow/pow.go:422: difficulty:  520095999
2019-09-18 20:47:02.562 [INF] MINR /go/src/github.com/elastos/Elastos.ELA.SideChain.ID/vendor/github.com/elastos/Elastos.ELA.SideChain/pow/pow.go:422: difficulty:  520095999
2019-09-18 20:47:08.467 [INF] BCDB /go/src/github.com/elastos/Elastos.ELA.SideChain.ID/vendor/github.com/elastos/Elastos.ELA.SideChain/blockchain/blockchain.go:1065: current height ->  226
2019-09-18 20:47:08.467 [INF] MINR /go/src/github.com/elastos/Elastos.ELA.SideChain.ID/vendor/github.com/elastos/Elastos.ELA.SideChain/pow/pow.go:298: <================POW Mining==============>

2019-09-18 20:47:08.481 [INF] MINR /go/src/github.com/elastos/Elastos.ELA.SideChain.ID/vendor/github.com/elastos/Elastos.ELA.SideChain/pow/pow.go:422: difficulty:  520095999
2019-09-18 20:47:08.522 [INF] BCDB /go/src/github.com/elastos/Elastos.ELA.SideChain.ID/vendor/github.com/elastos/Elastos.ELA.SideChain/blockchain/blockchain.go:1065: current height ->  227
2019-09-18 20:47:08.523 [INF] MINR /go/src/github.com/elastos/Elastos.ELA.SideChain.ID/vendor/github.com/elastos/Elastos.ELA.SideChain/pow/pow.go:298: <================POW Mining==============>

2019-09-18 20:47:08.523 [INF] MINR /go/src/github.com/elastos/Elastos.ELA.SideChain.ID/vendor/github.com/elastos/Elastos.ELA.SideChain/pow/pow.go:422: difficulty:  520095999
2019-09-18 20:47:08.634 [INF] BCDB /go/src/github.com/elastos/Elastos.ELA.SideChain.ID/vendor/github.com/elastos/Elastos.ELA.SideChain/blockchain/blockchain.go:1065: current height ->  228
2019-09-18 20:47:08.640 [INF] MINR /go/src/github.com/elastos/Elastos.ELA.SideChain.ID/vendor/github.com/elastos/Elastos.ELA.SideChain/pow/pow.go:298: <================POW Mining==============>

2019-09-18 20:47:08.640 [INF] MINR /go/src/github.com/elastos/Elastos.ELA.SideChain.ID/vendor/github.com/elastos/Elastos.ELA.SideChain/pow/pow.go:422: difficulty:  520095999
2019-09-18 20:47:08.693 [INF] MINR /go/src/github.com/elastos/Elastos.ELA.SideChain.ID/vendor/github.com/elastos/Elastos.ELA.SideChain/pow/pow.go:422: difficulty:  520095999
2019-09-18 20:47:09.232 [INF] SPVS /go/src/github.com/elastos/Elastos.ELA.SideChain.ID/vendor/github.com/elastos/Elastos.ELA.SPV/sync/manager.go:419: Received block c4984b6ec34318ba50d4bf31932411ae17d4a81bde2deb41fe5c90df25f1afaf at height 431
2019-09-18 20:47:16.732 [INF] SPVS /go/src/github.com/elastos/Elastos.ELA.SideChain.ID/vendor/github.com/elastos/Elastos.ELA.SPV/sync/manager.go:419: Received block 744fb5affddfd46cb065a0979b0a54ebe43f7393875021450dccfcbf03b8db5a at height 432
2019-09-18 20:47:17.003 [INF] MINR /go/src/github.com/elastos/Elastos.ELA.SideChain.ID/vendor/github.com/elastos/Elastos.ELA.SideChain/pow/pow.go:422: difficulty:  520095999
2019-09-18 20:47:19.597 [INF] STAT: -> 228 []
2019-09-18 20:47:21.742 [INF] SPVS /go/src/github.com/elastos/Elastos.ELA.SideChain.ID/vendor/github.com/elastos/Elastos.ELA.SPV/sync/manager.go:419: Received block b5af03a9336b551dd0c0104260ef3150d395e05b547b68c20429ee7b556c33c8 at height 433
2019-09-18 20:47:24.486 [INF] SPVS /go/src/github.com/elastos/Elastos.ELA.SideChain.ID/vendor/github.com/elastos/Elastos.ELA.SPV/sync/manager.go:419: Received block 704f3dc7c0ab872abd2f5f5a029f58179101a0fd0a59f120038b1bf0844dbdc1 at height 434
2019-09-18 20:47:25.105 [INF] MINR /go/src/github.com/elastos/Elastos.ELA.SideChain.ID/vendor/github.com/elastos/Elastos.ELA.SideChain/pow/pow.go:422: difficulty:  520095999
2019-09-18 20:47:36.290 [INF] SPVS /go/src/github.com/elastos/Elastos.ELA.SideChain.ID/vendor/github.com/elastos/Elastos.ELA.SPV/sync/manager.go:419: Received block a5f28161e59ea89ac505d74cf5946d8e3dc7f16f904e255864e497a6ac4fcd4d at height 435
2019-09-18 20:47:36.777 [INF] MINR /go/src/github.com/elastos/Elastos.ELA.SideChain.ID/vendor/github.com/elastos/Elastos.ELA.SideChain/pow/pow.go:422: difficulty:  520095999
2019-09-18 20:47:40.774 [INF] SPVS /go/src/github.com/elastos/Elastos.ELA.SideChain.ID/vendor/github.com/elastos/Elastos.ELA.SPV/sync/manager.go:419: Received block 86c7362de7ddb807867a2e4576f9a58279f268950da2a74b6c121a0385768af0 at height 436
2019-09-18 20:47:53.057 [INF] BCDB /go/src/github.com/elastos/Elastos.ELA.SideChain.ID/vendor/github.com/elastos/Elastos.ELA.SideChain/blockchain/blockchain.go:1065: current height ->  229
2019-09-18 20:47:53.057 [INF] MINR /go/src/github.com/elastos/Elastos.ELA.SideChain.ID/vendor/github.com/elastos/Elastos.ELA.SideChain/pow/pow.go:298: <================POW Mining==============>

2019-09-18 20:47:53.059 [INF] MINR /go/src/github.com/elastos/Elastos.ELA.SideChain.ID/vendor/github.com/elastos/Elastos.ELA.SideChain/pow/pow.go:422: difficulty:  520095999
2019-09-18 20:47:53.987 [INF] MINR /go/src/github.com/elastos/Elastos.ELA.SideChain.ID/vendor/github.com/elastos/Elastos.ELA.SideChain/pow/pow.go:422: difficulty:  520095999
2019-09-18 20:47:54.032 [INF] BCDB /go/src/github.com/elastos/Elastos.ELA.SideChain.ID/vendor/github.com/elastos/Elastos.ELA.SideChain/blockchain/blockchain.go:1065: current height ->  230
2019-09-18 20:47:54.032 [INF] MINR /go/src/github.com/elastos/Elastos.ELA.SideChain.ID/vendor/github.com/elastos/Elastos.ELA.SideChain/pow/pow.go:298: <================POW Mining==============>

2019-09-18 20:47:54.032 [INF] MINR /go/src/github.com/elastos/Elastos.ELA.SideChain.ID/vendor/github.com/elastos/Elastos.ELA.SideChain/pow/pow.go:422: difficulty:  520095999
2019-09-18 20:47:54.998 [INF] MINR /go/src/github.com/elastos/Elastos.ELA.SideChain.ID/vendor/github.com/elastos/Elastos.ELA.SideChain/pow/pow.go:422: difficulty:  520095999
2019-09-18 20:48:06.453 [INF] SPVS /go/src/github.com/elastos/Elastos.ELA.SideChain.ID/vendor/github.com/elastos/Elastos.ELA.SPV/sync/manager.go:419: Received block 332ab66210adc2d2359c21deecb8664bf551dbbe569a804e1ca52387cf65e5bf at height 437
2019-09-18 20:48:07.072 [INF] MINR /go/src/github.com/elastos/Elastos.ELA.SideChain.ID/vendor/github.com/elastos/Elastos.ELA.SideChain/pow/pow.go:422: difficulty:  520095999
2019-09-18 20:48:07.189 [INF] BCDB /go/src/github.com/elastos/Elastos.ELA.SideChain.ID/vendor/github.com/elastos/Elastos.ELA.SideChain/blockchain/blockchain.go:1065: current height ->  231
2019-09-18 20:48:07.190 [INF] MINR /go/src/github.com/elastos/Elastos.ELA.SideChain.ID/vendor/github.com/elastos/Elastos.ELA.SideChain/pow/pow.go:298: <================POW Mining==============>

2019-09-18 20:48:07.190 [INF] MINR /go/src/github.com/elastos/Elastos.ELA.SideChain.ID/vendor/github.com/elastos/Elastos.ELA.SideChain/pow/pow.go:422: difficulty:  520095999
2019-09-18 20:48:08.146 [INF] MINR /go/src/github.com/elastos/Elastos.ELA.SideChain.ID/vendor/github.com/elastos/Elastos.ELA.SideChain/pow/pow.go:422: difficulty:  520095999
2019-09-18 20:48:16.678 [INF] BCDB /go/src/github.com/elastos/Elastos.ELA.SideChain.ID/vendor/github.com/elastos/Elastos.ELA.SideChain/blockchain/blockchain.go:1065: current height ->  232
2019-09-18 20:48:16.678 [INF] MINR /go/src/github.com/elastos/Elastos.ELA.SideChain.ID/vendor/github.com/elastos/Elastos.ELA.SideChain/pow/pow.go:298: <================POW Mining==============>

2019-09-18 20:48:16.678 [INF] MINR /go/src/github.com/elastos/Elastos.ELA.SideChain.ID/vendor/github.com/elastos/Elastos.ELA.SideChain/pow/pow.go:422: difficulty:  520095999
2019-09-18 20:48:17.229 [INF] MINR /go/src/github.com/elastos/Elastos.ELA.SideChain.ID/vendor/github.com/elastos/Elastos.ELA.SideChain/pow/pow.go:422: difficulty:  520095999
2019-09-18 20:48:19.594 [INF] STAT: -> 232 []
2019-09-18 20:48:22.354 [INF] SPVS /go/src/github.com/elastos/Elastos.ELA.SideChain.ID/vendor/github.com/elastos/Elastos.ELA.SPV/sync/manager.go:419: Received block 1689d71f51d2c8e754678018a33186b4ee5f096bf7a1a2380de3b0980cd0c4e4 at height 438
2019-09-18 20:48:24.469 [INF] SPVS /go/src/github.com/elastos/Elastos.ELA.SideChain.ID/vendor/github.com/elastos/Elastos.ELA.SPV/sync/manager.go:419: Received block 613f4a434532221cb7de8d64edf2f059aa0bd9cb38f1a33aec331e1b4f41373f at height 439
2019-09-18 20:48:25.254 [INF] MINR /go/src/github.com/elastos/Elastos.ELA.SideChain.ID/vendor/github.com/elastos/Elastos.ELA.SideChain/pow/pow.go:422: difficulty:  520095999
2019-09-18 20:48:32.032 [INF] BCDB /go/src/github.com/elastos/Elastos.ELA.SideChain.ID/vendor/github.com/elastos/Elastos.ELA.SideChain/blockchain/blockchain.go:1065: current height ->  233
2019-09-18 20:48:32.032 [INF] MINR /go/src/github.com/elastos/Elastos.ELA.SideChain.ID/vendor/github.com/elastos/Elastos.ELA.SideChain/pow/pow.go:298: <================POW Mining==============>

2019-09-18 20:48:32.032 [INF] MINR /go/src/github.com/elastos/Elastos.ELA.SideChain.ID/vendor/github.com/elastos/Elastos.ELA.SideChain/pow/pow.go:422: difficulty:  520095999
2019-09-18 20:48:32.333 [INF] MINR /go/src/github.com/elastos/Elastos.ELA.SideChain.ID/vendor/github.com/elastos/Elastos.ELA.SideChain/pow/pow.go:422: difficulty:  520095999
2019-09-18 20:48:35.515 [INF] SPVS /go/src/github.com/elastos/Elastos.ELA.SideChain.ID/vendor/github.com/elastos/Elastos.ELA.SPV/sync/manager.go:419: Received block a05f3e619d88b37f0cede6dd940ac205068e6e31d581388b39c0057592c1382c at height 440
2019-09-18 20:48:41.873 [INF] SPVS /go/src/github.com/elastos/Elastos.ELA.SideChain.ID/vendor/github.com/elastos/Elastos.ELA.SPV/sync/manager.go:419: Received block 36641aef56a54bce1fa40ded1bd116c4a74ec3219f6cdd6974f3106603aa4b11 at height 441
2019-09-18 20:48:42.405 [INF] MINR /go/src/github.com/elastos/Elastos.ELA.SideChain.ID/vendor/github.com/elastos/Elastos.ELA.SideChain/pow/pow.go:422: difficulty:  520095999
2019-09-18 20:48:54.995 [INF] SPVS /go/src/github.com/elastos/Elastos.ELA.SideChain.ID/vendor/github.com/elastos/Elastos.ELA.SPV/sync/manager.go:419: Received block d58c3c21dc1f1c73cc61c7de5c7f3d5729b06ebe8bb7d9893ca90a639f6092bd at height 442
2019-09-18 20:48:55.832 [INF] MINR /go/src/github.com/elastos/Elastos.ELA.SideChain.ID/vendor/github.com/elastos/Elastos.ELA.SideChain/pow/pow.go:422: difficulty:  520095999
2019-09-18 20:49:00.924 [INF] SPVS /go/src/github.com/elastos/Elastos.ELA.SideChain.ID/vendor/github.com/elastos/Elastos.ELA.SPV/sync/manager.go:419: Received block 6bc23cad8c73374ee689e2b032c734d5eef2b60b44ff9c5d3c51cd73bede5b07 at height 443
2019-09-18 20:49:01.651 [INF] MINR /go/src/github.com/elastos/Elastos.ELA.SideChain.ID/vendor/github.com/elastos/Elastos.ELA.SideChain/pow/pow.go:422: difficulty:  520095999
2019-09-18 20:49:13.181 [INF] SPVS /go/src/github.com/elastos/Elastos.ELA.SideChain.ID/vendor/github.com/elastos/Elastos.ELA.SPV/sync/manager.go:419: Received block 2827d642a04743c442a14511f68a264e4d399175a6dbeb7b57278f4896b2f044 at height 444
2019-09-18 20:49:13.934 [INF] MINR /go/src/github.com/elastos/Elastos.ELA.SideChain.ID/vendor/github.com/elastos/Elastos.ELA.SideChain/pow/pow.go:422: difficulty:  520095999
2019-09-18 20:49:18.380 [INF] SPVS /go/src/github.com/elastos/Elastos.ELA.SideChain.ID/vendor/github.com/elastos/Elastos.ELA.SPV/sync/manager.go:419: Received block c793abf5408c67aaf6987bdb8bb6b505d4d0fb2799d3e4ff72177f6d1eb7708d at height 445
2019-09-18 20:49:19.600 [INF] STAT: -> 233 []
2019-09-18 20:49:21.193 [INF] BCDB /go/src/github.com/elastos/Elastos.ELA.SideChain.ID/vendor/github.com/elastos/Elastos.ELA.SideChain/blockchain/blockchain.go:1065: current height ->  234
2019-09-18 20:49:21.193 [INF] MINR /go/src/github.com/elastos/Elastos.ELA.SideChain.ID/vendor/github.com/elastos/Elastos.ELA.SideChain/pow/pow.go:298: <================POW Mining==============>

2019-09-18 20:49:21.193 [INF] MINR /go/src/github.com/elastos/Elastos.ELA.SideChain.ID/vendor/github.com/elastos/Elastos.ELA.SideChain/pow/pow.go:422: difficulty:  520095999
2019-09-18 20:49:21.679 [INF] MINR /go/src/github.com/elastos/Elastos.ELA.SideChain.ID/vendor/github.com/elastos/Elastos.ELA.SideChain/pow/pow.go:422: difficulty:  520095999
2019-09-18 20:49:26.344 [INF] SPVS /go/src/github.com/elastos/Elastos.ELA.SideChain.ID/vendor/github.com/elastos/Elastos.ELA.SPV/sync/manager.go:419: Received block e3183a83255b22efc05413c832cec5d6c53b4e5e65184859992b506c12811342 at height 446
2019-09-18 20:49:27.046 [INF] MINR /go/src/github.com/elastos/Elastos.ELA.SideChain.ID/vendor/github.com/elastos/Elastos.ELA.SideChain/pow/pow.go:422: difficulty:  520095999
2019-09-18 20:49:35.089 [INF] SPVS /go/src/github.com/elastos/Elastos.ELA.SideChain.ID/vendor/github.com/elastos/Elastos.ELA.SPV/sync/manager.go:419: Received block 1bc4919eaf410a8f5eb14308bc72e341dae4a83638c04a711759f41f52320812 at height 447
2019-09-18 20:49:35.108 [INF] MINR /go/src/github.com/elastos/Elastos.ELA.SideChain.ID/vendor/github.com/elastos/Elastos.ELA.SideChain/pow/pow.go:422: difficulty:  520095999
2019-09-18 20:49:35.265 [INF] BCDB /go/src/github.com/elastos/Elastos.ELA.SideChain.ID/vendor/github.com/elastos/Elastos.ELA.SideChain/blockchain/blockchain.go:1065: current height ->  235
2019-09-18 20:49:35.265 [INF] MINR /go/src/github.com/elastos/Elastos.ELA.SideChain.ID/vendor/github.com/elastos/Elastos.ELA.SideChain/pow/pow.go:298: <================POW Mining==============>

2019-09-18 20:49:35.271 [INF] MINR /go/src/github.com/elastos/Elastos.ELA.SideChain.ID/vendor/github.com/elastos/Elastos.ELA.SideChain/pow/pow.go:422: difficulty:  520095999
2019-09-18 20:49:35.819 [INF] MINR /go/src/github.com/elastos/Elastos.ELA.SideChain.ID/vendor/github.com/elastos/Elastos.ELA.SideChain/pow/pow.go:422: difficulty:  520095999
2019-09-18 20:49:36.789 [INF] BCDB /go/src/github.com/elastos/Elastos.ELA.SideChain.ID/vendor/github.com/elastos/Elastos.ELA.SideChain/blockchain/blockchain.go:1065: current height ->  236
2019-09-18 20:49:36.789 [INF] MINR /go/src/github.com/elastos/Elastos.ELA.SideChain.ID/vendor/github.com/elastos/Elastos.ELA.SideChain/pow/pow.go:298: <================POW Mining==============>

2019-09-18 20:49:36.802 [INF] MINR /go/src/github.com/elastos/Elastos.ELA.SideChain.ID/vendor/github.com/elastos/Elastos.ELA.SideChain/pow/pow.go:422: difficulty:  520095999
2019-09-18 20:49:36.840 [INF] MINR /go/src/github.com/elastos/Elastos.ELA.SideChain.ID/vendor/github.com/elastos/Elastos.ELA.SideChain/pow/pow.go:422: difficulty:  520095999
2019-09-18 20:49:37.968 [INF] SPVS /go/src/github.com/elastos/Elastos.ELA.SideChain.ID/vendor/github.com/elastos/Elastos.ELA.SPV/sync/manager.go:419: Received block b4ea0fa4b088e66d6e123510ef955516229b55f616ef38dbffce0f673e4bfca9 at height 448
2019-09-18 20:49:38.217 [INF] BCDB /go/src/github.com/elastos/Elastos.ELA.SideChain.ID/vendor/github.com/elastos/Elastos.ELA.SideChain/blockchain/blockchain.go:1065: current height ->  237
2019-09-18 20:49:38.217 [INF] MINR /go/src/github.com/elastos/Elastos.ELA.SideChain.ID/vendor/github.com/elastos/Elastos.ELA.SideChain/pow/pow.go:298: <================POW Mining==============>

2019-09-18 20:49:38.217 [INF] MINR /go/src/github.com/elastos/Elastos.ELA.SideChain.ID/vendor/github.com/elastos/Elastos.ELA.SideChain/pow/pow.go:422: difficulty:  520095999
2019-09-18 20:49:38.861 [INF] MINR /go/src/github.com/elastos/Elastos.ELA.SideChain.ID/vendor/github.com/elastos/Elastos.ELA.SideChain/pow/pow.go:422: difficulty:  520095999
2019-09-18 20:49:39.137 [INF] BCDB /go/src/github.com/elastos/Elastos.ELA.SideChain.ID/vendor/github.com/elastos/Elastos.ELA.SideChain/blockchain/blockchain.go:1065: current height ->  238
2019-09-18 20:49:39.137 [INF] MINR /go/src/github.com/elastos/Elastos.ELA.SideChain.ID/vendor/github.com/elastos/Elastos.ELA.SideChain/pow/pow.go:298: <================POW Mining==============>

2019-09-18 20:49:39.137 [INF] MINR /go/src/github.com/elastos/Elastos.ELA.SideChain.ID/vendor/github.com/elastos/Elastos.ELA.SideChain/pow/pow.go:422: difficulty:  520095999
2019-09-18 20:49:39.878 [INF] MINR /go/src/github.com/elastos/Elastos.ELA.SideChain.ID/vendor/github.com/elastos/Elastos.ELA.SideChain/pow/pow.go:422: difficulty:  520095999
2019-09-18 20:49:41.660 [INF] BCDB /go/src/github.com/elastos/Elastos.ELA.SideChain.ID/vendor/github.com/elastos/Elastos.ELA.SideChain/blockchain/blockchain.go:1065: current height ->  239
2019-09-18 20:49:41.660 [INF] MINR /go/src/github.com/elastos/Elastos.ELA.SideChain.ID/vendor/github.com/elastos/Elastos.ELA.SideChain/pow/pow.go:298: <================POW Mining==============>

2019-09-18 20:49:41.665 [INF] MINR /go/src/github.com/elastos/Elastos.ELA.SideChain.ID/vendor/github.com/elastos/Elastos.ELA.SideChain/pow/pow.go:422: difficulty:  520095999
2019-09-18 20:49:41.918 [INF] MINR /go/src/github.com/elastos/Elastos.ELA.SideChain.ID/vendor/github.com/elastos/Elastos.ELA.SideChain/pow/pow.go:422: difficulty:  520095999
2019-09-18 20:49:47.474 [INF] SPVS /go/src/github.com/elastos/Elastos.ELA.SideChain.ID/vendor/github.com/elastos/Elastos.ELA.SPV/sync/manager.go:419: Received block cb4118a9b5dcae078e8fb8acf10c7ed216d05351a108961bf73691fbeaafdbe6 at height 449
2019-09-18 20:49:48.267 [INF] MINR /go/src/github.com/elastos/Elastos.ELA.SideChain.ID/vendor/github.com/elastos/Elastos.ELA.SideChain/pow/pow.go:422: difficulty:  520095999
2019-09-18 20:50:01.019 [INF] BCDB /go/src/github.com/elastos/Elastos.ELA.SideChain.ID/vendor/github.com/elastos/Elastos.ELA.SideChain/blockchain/blockchain.go:1065: current height ->  240
2019-09-18 20:50:01.019 [INF] MINR /go/src/github.com/elastos/Elastos.ELA.SideChain.ID/vendor/github.com/elastos/Elastos.ELA.SideChain/pow/pow.go:298: <================POW Mining==============>

2019-09-18 20:50:01.019 [INF] MINR /go/src/github.com/elastos/Elastos.ELA.SideChain.ID/vendor/github.com/elastos/Elastos.ELA.SideChain/pow/pow.go:422: difficulty:  520095999
2019-09-18 20:50:01.100 [INF] MINR /go/src/github.com/elastos/Elastos.ELA.SideChain.ID/vendor/github.com/elastos/Elastos.ELA.SideChain/pow/pow.go:422: difficulty:  520095999
2019-09-18 20:50:04.443 [INF] SPVS /go/src/github.com/elastos/Elastos.ELA.SideChain.ID/vendor/github.com/elastos/Elastos.ELA.SPV/sync/manager.go:419: Received block bd0a40e45a35dddb7e859a90d4a46b04b2c3662d29bcb3c92ac6ae87d2036c05 at height 450
2019-09-18 20:50:13.827 [INF] SPVS /go/src/github.com/elastos/Elastos.ELA.SideChain.ID/vendor/github.com/elastos/Elastos.ELA.SPV/sync/manager.go:419: Received block 79984a70594a30342c3abae77d273f8753b393f2d8ba81aaed57fc8f72cf9113 at height 451
2019-09-18 20:50:14.500 [INF] MINR /go/src/github.com/elastos/Elastos.ELA.SideChain.ID/vendor/github.com/elastos/Elastos.ELA.SideChain/pow/pow.go:422: difficulty:  520095999
2019-09-18 20:50:19.598 [INF] STAT: -> 240 []
2019-09-18 20:50:27.678 [INF] SPVS /go/src/github.com/elastos/Elastos.ELA.SideChain.ID/vendor/github.com/elastos/Elastos.ELA.SPV/sync/manager.go:419: Received block 39f828f38d77bee8cbc04d3a71e97c22d7b4a01f541ca43a40ea8293f7ac4414 at height 452
2019-09-18 20:50:28.545 [INF] MINR /go/src/github.com/elastos/Elastos.ELA.SideChain.ID/vendor/github.com/elastos/Elastos.ELA.SideChain/pow/pow.go:422: difficulty:  520095999
2019-09-18 20:50:30.052 [INF] SPVS /go/src/github.com/elastos/Elastos.ELA.SideChain.ID/vendor/github.com/elastos/Elastos.ELA.SPV/sync/manager.go:419: Received block e9180aa3dab309f8893aecb009dfe67e97c608e1bd8a5c8bb3d9fdfb3698a264 at height 453
2019-09-18 20:50:34.797 [INF] SPVS /go/src/github.com/elastos/Elastos.ELA.SideChain.ID/vendor/github.com/elastos/Elastos.ELA.SPV/sync/manager.go:419: Received block ac42df4bf6266089b854a80206d9aca8a61831b04832a9aeca6957738cd3e2e5 at height 454
2019-09-18 20:50:35.609 [INF] MINR /go/src/github.com/elastos/Elastos.ELA.SideChain.ID/vendor/github.com/elastos/Elastos.ELA.SideChain/pow/pow.go:422: difficulty:  520095999
2019-09-18 20:50:43.673 [INF] SPVS /go/src/github.com/elastos/Elastos.ELA.SideChain.ID/vendor/github.com/elastos/Elastos.ELA.SPV/sync/manager.go:419: Received block 1bbee0432c4de13787ec5b2ef329527fc6a5becd2a44d9883d0f00784404740a at height 455
2019-09-18 20:50:43.731 [INF] MINR /go/src/github.com/elastos/Elastos.ELA.SideChain.ID/vendor/github.com/elastos/Elastos.ELA.SideChain/pow/pow.go:422: difficulty:  520095999
2019-09-18 20:50:51.378 [INF] SPVS /go/src/github.com/elastos/Elastos.ELA.SideChain.ID/vendor/github.com/elastos/Elastos.ELA.SPV/sync/manager.go:419: Received block 83b27fb8ae6b836f94667b4d74e38b469033e56ac07670e6a8bfe91781a16ebf at height 456
2019-09-18 20:50:51.602 [INF] BCDB /go/src/github.com/elastos/Elastos.ELA.SideChain.ID/vendor/github.com/elastos/Elastos.ELA.SideChain/blockchain/blockchain.go:1065: current height ->  241
2019-09-18 20:50:51.602 [INF] MINR /go/src/github.com/elastos/Elastos.ELA.SideChain.ID/vendor/github.com/elastos/Elastos.ELA.SideChain/pow/pow.go:298: <================POW Mining==============>

2019-09-18 20:50:51.602 [INF] MINR /go/src/github.com/elastos/Elastos.ELA.SideChain.ID/vendor/github.com/elastos/Elastos.ELA.SideChain/pow/pow.go:422: difficulty:  520095999
2019-09-18 20:50:51.640 [INF] MINR /go/src/github.com/elastos/Elastos.ELA.SideChain.ID/vendor/github.com/elastos/Elastos.ELA.SideChain/pow/pow.go:422: difficulty:  520095999
2019-09-18 20:50:54.631 [INF] BCDB /go/src/github.com/elastos/Elastos.ELA.SideChain.ID/vendor/github.com/elastos/Elastos.ELA.SideChain/blockchain/blockchain.go:1065: current height ->  242
2019-09-18 20:50:54.647 [INF] MINR /go/src/github.com/elastos/Elastos.ELA.SideChain.ID/vendor/github.com/elastos/Elastos.ELA.SideChain/pow/pow.go:298: <================POW Mining==============>

2019-09-18 20:50:54.647 [INF] MINR /go/src/github.com/elastos/Elastos.ELA.SideChain.ID/vendor/github.com/elastos/Elastos.ELA.SideChain/pow/pow.go:422: difficulty:  520095999
2019-09-18 20:50:55.403 [INF] MINR /go/src/github.com/elastos/Elastos.ELA.SideChain.ID/vendor/github.com/elastos/Elastos.ELA.SideChain/pow/pow.go:422: difficulty:  520095999
2019-09-18 20:50:58.066 [INF] SPVS /go/src/github.com/elastos/Elastos.ELA.SideChain.ID/vendor/github.com/elastos/Elastos.ELA.SPV/sync/manager.go:419: Received block 7b8a5cb891041101a6de7b7d2ac2c873557a0aac24515fbf6ad6a6214a263a7e at height 457
2019-09-18 20:51:00.661 [INF] SPVS /go/src/github.com/elastos/Elastos.ELA.SideChain.ID/vendor/github.com/elastos/Elastos.ELA.SPV/sync/manager.go:419: Received block b6c379121008abb6c7fd105cc3dffc0b5d6e7be3703e1b4887258d082e87a409 at height 458
2019-09-18 20:51:05.518 [INF] BCDB /go/src/github.com/elastos/Elastos.ELA.SideChain.ID/vendor/github.com/elastos/Elastos.ELA.SideChain/blockchain/blockchain.go:1065: current height ->  243
2019-09-18 20:51:05.518 [INF] MINR /go/src/github.com/elastos/Elastos.ELA.SideChain.ID/vendor/github.com/elastos/Elastos.ELA.SideChain/pow/pow.go:298: <================POW Mining==============>

2019-09-18 20:51:05.518 [INF] MINR /go/src/github.com/elastos/Elastos.ELA.SideChain.ID/vendor/github.com/elastos/Elastos.ELA.SideChain/pow/pow.go:422: difficulty:  520095999
2019-09-18 20:51:06.504 [INF] MINR /go/src/github.com/elastos/Elastos.ELA.SideChain.ID/vendor/github.com/elastos/Elastos.ELA.SideChain/pow/pow.go:422: difficulty:  520095999
2019-09-18 20:51:19.594 [INF] STAT: -> 243 []
2019-09-18 20:51:20.752 [INF] SPVS /go/src/github.com/elastos/Elastos.ELA.SideChain.ID/vendor/github.com/elastos/Elastos.ELA.SPV/sync/manager.go:419: Received block ea5c1af59b8d9e720953fdd1e6beb7f8a2d80974c1a384bf15be4ff1defcdd09 at height 459
2019-09-18 20:51:21.070 [INF] MINR /go/src/github.com/elastos/Elastos.ELA.SideChain.ID/vendor/github.com/elastos/Elastos.ELA.SideChain/pow/pow.go:422: difficulty:  520095999
2019-09-18 20:51:24.962 [INF] SPVS /go/src/github.com/elastos/Elastos.ELA.SideChain.ID/vendor/github.com/elastos/Elastos.ELA.SPV/sync/manager.go:419: Received block d18c2b28f78bc3ccd7b2e633cb6cd9b11f729b7368e365898c73a71bc0f92dc7 at height 460
2019-09-18 20:51:29.626 [INF] SPVS /go/src/github.com/elastos/Elastos.ELA.SideChain.ID/vendor/github.com/elastos/Elastos.ELA.SPV/sync/manager.go:419: Received block b70d9aff942b3e6756535d2c9257d6f245567dd7325e1c23deb99a8fbcabd14b at height 461
2019-09-18 20:51:30.134 [INF] MINR /go/src/github.com/elastos/Elastos.ELA.SideChain.ID/vendor/github.com/elastos/Elastos.ELA.SideChain/pow/pow.go:422: difficulty:  520095999
2019-09-18 20:51:31.992 [INF] BCDB /go/src/github.com/elastos/Elastos.ELA.SideChain.ID/vendor/github.com/elastos/Elastos.ELA.SideChain/blockchain/blockchain.go:1065: current height ->  244
2019-09-18 20:51:31.992 [INF] MINR /go/src/github.com/elastos/Elastos.ELA.SideChain.ID/vendor/github.com/elastos/Elastos.ELA.SideChain/pow/pow.go:298: <================POW Mining==============>

2019-09-18 20:51:31.993 [INF] MINR /go/src/github.com/elastos/Elastos.ELA.SideChain.ID/vendor/github.com/elastos/Elastos.ELA.SideChain/pow/pow.go:422: difficulty:  520095999
2019-09-18 20:51:33.018 [INF] MINR /go/src/github.com/elastos/Elastos.ELA.SideChain.ID/vendor/github.com/elastos/Elastos.ELA.SideChain/pow/pow.go:422: difficulty:  520095999
2019-09-18 20:51:38.162 [INF] SPVS /go/src/github.com/elastos/Elastos.ELA.SideChain.ID/vendor/github.com/elastos/Elastos.ELA.SPV/sync/manager.go:419: Received block 6bb8c73f010f4fbc111ea224e68d54bae5c018a298d1fe32bbb2e1cafa9a55fb at height 462
2019-09-18 20:51:50.535 [INF] SPVS /go/src/github.com/elastos/Elastos.ELA.SideChain.ID/vendor/github.com/elastos/Elastos.ELA.SPV/sync/manager.go:419: Received block fb30403156c10c8f78defeb7d945bfff596eff0a9e502b706f212bd0092deecf at height 463
2019-09-18 20:51:51.444 [INF] MINR /go/src/github.com/elastos/Elastos.ELA.SideChain.ID/vendor/github.com/elastos/Elastos.ELA.SideChain/pow/pow.go:422: difficulty:  520095999
2019-09-18 20:52:01.209 [INF] SPVS /go/src/github.com/elastos/Elastos.ELA.SideChain.ID/vendor/github.com/elastos/Elastos.ELA.SPV/sync/manager.go:419: Received block e43754f9ba155972685db03953f3a269b88d7f5ef3efceba5dee0113c856d6d0 at height 464
2019-09-18 20:52:01.508 [INF] MINR /go/src/github.com/elastos/Elastos.ELA.SideChain.ID/vendor/github.com/elastos/Elastos.ELA.SideChain/pow/pow.go:422: difficulty:  520095999
2019-09-18 20:52:17.712 [INF] SPVS /go/src/github.com/elastos/Elastos.ELA.SideChain.ID/vendor/github.com/elastos/Elastos.ELA.SPV/sync/manager.go:419: Received block 59cf922c133902cc5a8f5e325b69718af5d84b906ebe692b2a6565a1dcaaaad4 at height 465
2019-09-18 20:52:17.720 [INF] MINR /go/src/github.com/elastos/Elastos.ELA.SideChain.ID/vendor/github.com/elastos/Elastos.ELA.SideChain/pow/pow.go:422: difficulty:  520095999
2019-09-18 20:52:19.594 [INF] STAT: -> 244 []
2019-09-18 20:52:20.815 [INF] BCDB /go/src/github.com/elastos/Elastos.ELA.SideChain.ID/vendor/github.com/elastos/Elastos.ELA.SideChain/blockchain/blockchain.go:1065: current height ->  245
2019-09-18 20:52:20.815 [INF] MINR /go/src/github.com/elastos/Elastos.ELA.SideChain.ID/vendor/github.com/elastos/Elastos.ELA.SideChain/pow/pow.go:298: <================POW Mining==============>

2019-09-18 20:52:20.815 [INF] MINR /go/src/github.com/elastos/Elastos.ELA.SideChain.ID/vendor/github.com/elastos/Elastos.ELA.SideChain/pow/pow.go:422: difficulty:  520095999
2019-09-18 20:52:21.348 [INF] MINR /go/src/github.com/elastos/Elastos.ELA.SideChain.ID/vendor/github.com/elastos/Elastos.ELA.SideChain/pow/pow.go:422: difficulty:  520095999
2019-09-18 20:52:29.275 [INF] SPVS /go/src/github.com/elastos/Elastos.ELA.SideChain.ID/vendor/github.com/elastos/Elastos.ELA.SPV/sync/manager.go:419: Received block e66b603d454ac1a40042c78c189b68e9604035d1dedfac4cbc3e5e58108f2e35 at height 466
2019-09-18 20:52:29.748 [INF] MINR /go/src/github.com/elastos/Elastos.ELA.SideChain.ID/vendor/github.com/elastos/Elastos.ELA.SideChain/pow/pow.go:422: difficulty:  520095999
2019-09-18 20:52:41.452 [INF] BCDB /go/src/github.com/elastos/Elastos.ELA.SideChain.ID/vendor/github.com/elastos/Elastos.ELA.SideChain/blockchain/blockchain.go:1065: current height ->  246
2019-09-18 20:52:41.452 [INF] MINR /go/src/github.com/elastos/Elastos.ELA.SideChain.ID/vendor/github.com/elastos/Elastos.ELA.SideChain/pow/pow.go:298: <================POW Mining==============>

2019-09-18 20:52:41.455 [INF] MINR /go/src/github.com/elastos/Elastos.ELA.SideChain.ID/vendor/github.com/elastos/Elastos.ELA.SideChain/pow/pow.go:422: difficulty:  520095999
2019-09-18 20:52:41.673 [INF] BCDB /go/src/github.com/elastos/Elastos.ELA.SideChain.ID/vendor/github.com/elastos/Elastos.ELA.SideChain/blockchain/blockchain.go:1065: current height ->  247
2019-09-18 20:52:41.674 [INF] MINR /go/src/github.com/elastos/Elastos.ELA.SideChain.ID/vendor/github.com/elastos/Elastos.ELA.SideChain/pow/pow.go:298: <================POW Mining==============>

2019-09-18 20:52:41.674 [INF] MINR /go/src/github.com/elastos/Elastos.ELA.SideChain.ID/vendor/github.com/elastos/Elastos.ELA.SideChain/pow/pow.go:422: difficulty:  520095999
2019-09-18 20:52:42.092 [INF] MINR /go/src/github.com/elastos/Elastos.ELA.SideChain.ID/vendor/github.com/elastos/Elastos.ELA.SideChain/pow/pow.go:422: difficulty:  520095999
2019-09-18 20:52:46.171 [INF] SPVS /go/src/github.com/elastos/Elastos.ELA.SideChain.ID/vendor/github.com/elastos/Elastos.ELA.SPV/sync/manager.go:419: Received block df37dd3dc2429613d14135970ac150d14c6f6c0ab6aa48446e579743bc0b46a7 at height 467
2019-09-18 20:52:47.701 [INF] BCDB /go/src/github.com/elastos/Elastos.ELA.SideChain.ID/vendor/github.com/elastos/Elastos.ELA.SideChain/blockchain/blockchain.go:1065: current height ->  248
2019-09-18 20:52:47.701 [INF] MINR /go/src/github.com/elastos/Elastos.ELA.SideChain.ID/vendor/github.com/elastos/Elastos.ELA.SideChain/pow/pow.go:298: <================POW Mining==============>

2019-09-18 20:52:47.701 [INF] MINR /go/src/github.com/elastos/Elastos.ELA.SideChain.ID/vendor/github.com/elastos/Elastos.ELA.SideChain/pow/pow.go:422: difficulty:  520095999
2019-09-18 20:52:48.596 [INF] MINR /go/src/github.com/elastos/Elastos.ELA.SideChain.ID/vendor/github.com/elastos/Elastos.ELA.SideChain/pow/pow.go:422: difficulty:  520095999
2019-09-18 20:52:50.219 [INF] BCDB /go/src/github.com/elastos/Elastos.ELA.SideChain.ID/vendor/github.com/elastos/Elastos.ELA.SideChain/blockchain/blockchain.go:1065: current height ->  249
2019-09-18 20:52:50.219 [INF] MINR /go/src/github.com/elastos/Elastos.ELA.SideChain.ID/vendor/github.com/elastos/Elastos.ELA.SideChain/pow/pow.go:298: <================POW Mining==============>

2019-09-18 20:52:50.219 [INF] MINR /go/src/github.com/elastos/Elastos.ELA.SideChain.ID/vendor/github.com/elastos/Elastos.ELA.SideChain/pow/pow.go:422: difficulty:  520095999
2019-09-18 20:52:50.639 [INF] MINR /go/src/github.com/elastos/Elastos.ELA.SideChain.ID/vendor/github.com/elastos/Elastos.ELA.SideChain/pow/pow.go:422: difficulty:  520095999
2019-09-18 20:52:51.468 [INF] SPVS /go/src/github.com/elastos/Elastos.ELA.SideChain.ID/vendor/github.com/elastos/Elastos.ELA.SPV/sync/manager.go:419: Received block f643dfab72dcae432a984ab9f2ecaa92a47387317a90eef652e01ed8c2c969f6 at height 468
2019-09-18 20:52:56.735 [INF] BCDB /go/src/github.com/elastos/Elastos.ELA.SideChain.ID/vendor/github.com/elastos/Elastos.ELA.SideChain/blockchain/blockchain.go:1065: current height ->  250
2019-09-18 20:52:56.735 [INF] MINR /go/src/github.com/elastos/Elastos.ELA.SideChain.ID/vendor/github.com/elastos/Elastos.ELA.SideChain/pow/pow.go:298: <================POW Mining==============>

2019-09-18 20:52:56.736 [INF] MINR /go/src/github.com/elastos/Elastos.ELA.SideChain.ID/vendor/github.com/elastos/Elastos.ELA.SideChain/pow/pow.go:422: difficulty:  520095999
2019-09-18 20:52:57.218 [INF] MINR /go/src/github.com/elastos/Elastos.ELA.SideChain.ID/vendor/github.com/elastos/Elastos.ELA.SideChain/pow/pow.go:422: difficulty:  520095999
2019-09-18 20:52:59.556 [INF] SPVS /go/src/github.com/elastos/Elastos.ELA.SideChain.ID/vendor/github.com/elastos/Elastos.ELA.SPV/sync/manager.go:419: Received block 73d43a9aa0125acd8937556d62ba2ed5df0c94843dd2e38a274f2cfe269e333c at height 469
2019-09-18 20:53:04.562 [INF] BCDB /go/src/github.com/elastos/Elastos.ELA.SideChain.ID/vendor/github.com/elastos/Elastos.ELA.SideChain/blockchain/blockchain.go:1065: current height ->  251
2019-09-18 20:53:04.569 [INF] MINR /go/src/github.com/elastos/Elastos.ELA.SideChain.ID/vendor/github.com/elastos/Elastos.ELA.SideChain/pow/pow.go:298: <================POW Mining==============>

2019-09-18 20:53:04.570 [INF] MINR /go/src/github.com/elastos/Elastos.ELA.SideChain.ID/vendor/github.com/elastos/Elastos.ELA.SideChain/pow/pow.go:422: difficulty:  520095999
2019-09-18 20:53:04.768 [INF] MINR /go/src/github.com/elastos/Elastos.ELA.SideChain.ID/vendor/github.com/elastos/Elastos.ELA.SideChain/pow/pow.go:422: difficulty:  520095999
2019-09-18 20:53:19.594 [INF] STAT: -> 251 []
2019-09-18 20:53:21.414 [INF] BCDB /go/src/github.com/elastos/Elastos.ELA.SideChain.ID/vendor/github.com/elastos/Elastos.ELA.SideChain/blockchain/blockchain.go:1065: current height ->  252
2019-09-18 20:53:21.418 [INF] MINR /go/src/github.com/elastos/Elastos.ELA.SideChain.ID/vendor/github.com/elastos/Elastos.ELA.SideChain/pow/pow.go:298: <================POW Mining==============>

2019-09-18 20:53:21.418 [INF] MINR /go/src/github.com/elastos/Elastos.ELA.SideChain.ID/vendor/github.com/elastos/Elastos.ELA.SideChain/pow/pow.go:422: difficulty:  520095999
2019-09-18 20:53:21.929 [INF] MINR /go/src/github.com/elastos/Elastos.ELA.SideChain.ID/vendor/github.com/elastos/Elastos.ELA.SideChain/pow/pow.go:422: difficulty:  520095999
2019-09-18 20:53:24.414 [INF] SPVS /go/src/github.com/elastos/Elastos.ELA.SideChain.ID/vendor/github.com/elastos/Elastos.ELA.SPV/sync/manager.go:419: Received block 0f6cc5b3252494f92c937a8f35d85c7434eb6fc852b6f62b7491b19fcc783be9 at height 470
