2019/05/10 00:39:54.885984 [1;35m[INF][m GID 1, Init wallet.
2019/05/10 00:39:54.944925 [1;35m[INF][m GID 1, Arbiter version:  
2019/05/10 00:39:54.953949 [1;35m[INF][m GID 1, 1. Init chain utxo cache.
2019/05/10 00:39:55.007331 [1;35m[INF][m GID 1, 2. Init finished transaction cache.
2019/05/10 00:39:55.008283 [1;35m[INF][m GID 1, 3. Start arbitrator P2P networks.
2019/05/10 00:39:55.009121 [1;35m[INF][m GID 1, 4. Init configurations.
2019/05/10 00:39:55.011546 [1;35m[INF][m GID 42, currentHeight: 476  chainHeight: 477
2019/05/10 00:39:55.024494 [1;35m[INF][m GID 1, 5. Start arbitrator spv module.
2019/05/10 00:39:55.060764 [1;35m[INF][m GID 42,  [SyncSideChain] Side chain [ XKUh4GLhFJiqAMTF6HyWQrV9pK9HcGUdfJ ] height:  477
2019/05/10 00:39:55.129593 [1;35m[INF][m GID 1, [StartSpvModule] register auxpow listener: ENTmN8H9WEQjiR5aZyHHSErUDb24PtgeKf
2019/05/10 00:39:55.130076 [1;35m[INF][m GID 1, [StartSpvModule] register dposit listener: XKUh4GLhFJiqAMTF6HyWQrV9pK9HcGUdfJ
2019/05/10 00:39:55.130271 [1;35m[INF][m GID 1, [StartSpvModule] register auxpow listener: EHnxz2oRXehfAy5QrCH7gqZtUZQPx7hprH
2019/05/10 00:39:55.130449 [1;35m[INF][m GID 1, [StartSpvModule] register dposit listener: XVfmhjxGxBKgzYxyXCJTb6YmaRfWPVunj4
2019/05/10 00:39:55.130593 [1;35m[INF][m GID 1, 6. Start arbitrator group monitor.
2019/05/10 00:39:55.130659 [1;35m[INF][m GID 1, 7. Start servers.
2019/05/10 00:39:55.130704 [1;35m[INF][m GID 1, 8. Start check and remove cross chain transactions from db.
2019/05/10 00:39:55.130787 [1;35m[INF][m GID 1, 9. Start side chain account divide.
2019/05/10 00:39:55.131103 [1;35m[INF][m GID 88, Check and remove cross chain transactions from dbcache finished
2019/05/10 00:40:03.088319 [1;35m[INF][m GID 43, currentHeight: 70  chainHeight: 71
2019/05/10 00:40:03.100536 [1;35m[INF][m GID 43,  [SyncSideChain] Side chain [ XVfmhjxGxBKgzYxyXCJTb6YmaRfWPVunj4 ] height:  71
2019/05/10 00:40:04.212787 [1;35m[INF][m GID 42, currentHeight: 477  chainHeight: 478
2019/05/10 00:40:04.234281 [1;35m[INF][m GID 42,  [SyncSideChain] Side chain [ XKUh4GLhFJiqAMTF6HyWQrV9pK9HcGUdfJ ] height:  478
2019/05/10 00:40:24.255838 [1;35m[INF][m GID 43, currentHeight: 71  chainHeight: 72
2019/05/10 00:40:24.320510 [1;35m[INF][m GID 43,  [SyncSideChain] Side chain [ XVfmhjxGxBKgzYxyXCJTb6YmaRfWPVunj4 ] height:  72
2019/05/10 00:40:26.342487 [1;35m[INF][m GID 43, currentHeight: 72  chainHeight: 73
2019/05/10 00:40:26.411009 [1;35m[INF][m GID 43,  [SyncSideChain] Side chain [ XVfmhjxGxBKgzYxyXCJTb6YmaRfWPVunj4 ] height:  73
2019/05/10 00:40:51.330855 [1;35m[INF][m GID 42, currentHeight: 478  chainHeight: 479
2019/05/10 00:40:51.334384 [1;35m[INF][m GID 42,  [SyncSideChain] Side chain [ XKUh4GLhFJiqAMTF6HyWQrV9pK9HcGUdfJ ] height:  479
2019/05/10 00:40:55.139526 [1;35m[INF][m GID 88, Check and remove cross chain transactions from dbcache finished
2019/05/10 00:40:55.281486 [1;35m[INF][m GID 89, Warning side chain mining account:  ENTmN8H9WEQjiR5aZyHHSErUDb24PtgeKf: 0 EHnxz2oRXehfAy5QrCH7gqZtUZQPx7hprH: 0 
