2019/04/24 03:41:10.362511 [1;35m[INF][m GID 1, Init wallet.
2019/04/24 03:41:10.466037 [1;35m[INF][m GID 1, Arbiter version:  
2019/04/24 03:41:10.468463 [1;35m[INF][m GID 1, 1. Init chain utxo cache.
2019/04/24 03:41:10.504925 [1;35m[INF][m GID 1, 2. Init finished transaction cache.
2019/04/24 03:41:10.559095 [1;35m[INF][m GID 1, 3. Start arbitrator P2P networks.
2019/04/24 03:41:10.650194 [1;35m[INF][m GID 1, 4. Init configurations.
2019/04/24 03:41:10.691733 [1;35m[INF][m GID 70, currentHeight: 44  chainHeight: 46
2019/04/24 03:41:10.716527 [1;35m[INF][m GID 1, [arbitrator] Main chain height:  507
2019/04/24 03:41:10.721843 [1;32m[DBG][m GID 70, github.com/elastos/Elastos.ELA.Arbiter/rpc.GetWithdrawTransactionByHeight jsonrpc.go:178 [GetWithdrawTransactionByHeight] len transactions: 0 transactions: []
2019/04/24 03:41:10.851765 [1;32m[DBG][m GID 70, github.com/elastos/Elastos.ELA.Arbiter/rpc.GetWithdrawTransactionByHeight jsonrpc.go:178 [GetWithdrawTransactionByHeight] len transactions: 0 transactions: []
2019/04/24 03:41:10.865830 [1;35m[INF][m GID 70,  [SyncSideChain] Side chain [ XVfmhjxGxBKgzYxyXCJTb6YmaRfWPVunj4 ] height:  46
2019/04/24 03:41:10.942633 [1;35m[INF][m GID 1, [OnDutyArbitratorChanged] I am on duty of main
2019/04/24 03:41:10.942714 [1;35m[INF][m GID 1, [SyncMainChainCachedTxs] start
2019/04/24 03:41:10.942832 [1;35m[INF][m GID 1, [SyncMainChainCachedTxs] end
2019/04/24 03:41:10.942852 [1;33m[WRN][m GID 1, [SyncMainChainCachedTxs] No main chain tx in dbcache
2019/04/24 03:41:10.942871 [1;35m[INF][m GID 1, 5. Start arbitrator spv module.
2019/04/24 03:41:10.942894 [1;35m[INF][m GID 1, [StartSpvModule] new spv service: &{elastos_arbiter/data/spv 20190131 ENqDYUYURsHpp1wQ8LBdTLba4JhEvSDXEw [ela-mainchain-crc-2:10215] 10215 1 3 <nil>}
2019/04/24 03:41:10.943085 [1;35m[INF][m GID 103, [SendCachedWithdrawTxs] start
2019/04/24 03:41:10.943158 [1;35m[INF][m GID 103, No cached withdraw transaction need to send
2019/04/24 03:41:10.943172 [1;35m[INF][m GID 103, [SendCachedWithdrawTxs] end
2019/04/24 03:41:10.943186 [1;35m[INF][m GID 102, [SendCachedWithdrawTxs] start
2019/04/24 03:41:10.943228 [1;35m[INF][m GID 102, No cached withdraw transaction need to send
2019/04/24 03:41:10.943241 [1;35m[INF][m GID 102, [SendCachedWithdrawTxs] end
2019/04/24 03:41:10.943253 [1;35m[INF][m GID 104, [OnDutyChanged] Start side chain mining: genesis address [ XVfmhjxGxBKgzYxyXCJTb6YmaRfWPVunj4 ]
2019/04/24 03:41:10.943269 [1;35m[INF][m GID 104, [sideChainPowTransfer] start
2019/04/24 03:41:10.943433 [1;35m[INF][m GID 105, [OnDutyChanged] Start side chain mining: genesis address [ XKUh4GLhFJiqAMTF6HyWQrV9pK9HcGUdfJ ]
2019/04/24 03:41:10.943514 [1;35m[INF][m GID 105, [sideChainPowTransfer] start
2019/04/24 03:41:11.029818 [1;35m[INF][m GID 105, sideGenesisHash: a3c455a90843db2acd22554f2768a8d4233fafbf8dd549e6b261c2786993be56 sideBlockHash: e1c3a205bafaea566c83d3610d3f485303ac7ba4380b312ac1dc1f145dde2d9e
2019/04/24 03:41:11.053370 [1;35m[INF][m GID 104, sideGenesisHash: 0e739a2b87774ef2266a3cabc79a8e1201732fe409cfe50bd4125efb1d1169b5 sideBlockHash: 1a84950b590c75dc00b99ab4d905c0d6876a53f29fd7ff570d8774fbd4301c9d
2019/04/24 03:41:11.154721 [1;35m[INF][m GID 1, [StartSpvModule] register auxpow listener: ENTmN8H9WEQjiR5aZyHHSErUDb24PtgeKf
2019/04/24 03:41:11.155010 [1;35m[INF][m GID 1, [StartSpvModule] register dposit listener: XKUh4GLhFJiqAMTF6HyWQrV9pK9HcGUdfJ
2019/04/24 03:41:11.155303 [1;35m[INF][m GID 1, [StartSpvModule] register auxpow listener: EHnxz2oRXehfAy5QrCH7gqZtUZQPx7hprH
2019/04/24 03:41:11.155535 [1;35m[INF][m GID 1, [StartSpvModule] register dposit listener: XVfmhjxGxBKgzYxyXCJTb6YmaRfWPVunj4
2019/04/24 03:41:11.155746 [1;35m[INF][m GID 1, 6. Start arbitrator group monitor.
2019/04/24 03:41:11.156042 [1;35m[INF][m GID 1, 7. Start servers.
2019/04/24 03:41:11.156146 [1;35m[INF][m GID 1, 8. Start check and remove cross chain transactions from db.
2019/04/24 03:41:11.156166 [1;35m[INF][m GID 1, 9. Start side chain account divide.
2019/04/24 03:41:11.171004 [1;33m[WRN][m GID 104, [sideChainPowTransfer] create transaction failed: [Wallet], Available token is not enough
2019/04/24 03:41:11.172085 [1;35m[INF][m GID 143, Check and remove cross chain transactions from dbcache finished
2019/04/24 03:41:11.316884 [1;33m[WRN][m GID 105, [sideChainPowTransfer] create transaction failed: [Wallet], Available token is not enough
2019/04/24 03:41:13.289350 [1;35m[INF][m GID 141, [arbitrator] Main chain height:  508
2019/04/24 03:41:13.332621 [1;35m[INF][m GID 141, [OnDutyArbitratorChanged] I became not on duty of main
2019/04/24 03:41:18.965709 [1;35m[INF][m GID 70, currentHeight: 46  chainHeight: 47
2019/04/24 03:41:18.972163 [1;32m[DBG][m GID 70, github.com/elastos/Elastos.ELA.Arbiter/rpc.GetWithdrawTransactionByHeight jsonrpc.go:178 [GetWithdrawTransactionByHeight] len transactions: 0 transactions: []
2019/04/24 03:41:19.005589 [1;35m[INF][m GID 70,  [SyncSideChain] Side chain [ XVfmhjxGxBKgzYxyXCJTb6YmaRfWPVunj4 ] height:  47
2019/04/24 03:41:27.188822 [1;35m[INF][m GID 70, currentHeight: 47  chainHeight: 48
2019/04/24 03:41:27.204783 [1;32m[DBG][m GID 70, github.com/elastos/Elastos.ELA.Arbiter/rpc.GetWithdrawTransactionByHeight jsonrpc.go:178 [GetWithdrawTransactionByHeight] len transactions: 0 transactions: []
2019/04/24 03:41:27.233415 [1;35m[INF][m GID 70,  [SyncSideChain] Side chain [ XVfmhjxGxBKgzYxyXCJTb6YmaRfWPVunj4 ] height:  48
2019/04/24 03:41:38.026817 [1;35m[INF][m GID 141, [arbitrator] Main chain height:  509
2019/04/24 03:41:40.337854 [1;35m[INF][m GID 69, currentHeight: 283  chainHeight: 284
2019/04/24 03:41:40.341852 [1;32m[DBG][m GID 69, github.com/elastos/Elastos.ELA.Arbiter/rpc.GetWithdrawTransactionByHeight jsonrpc.go:178 [GetWithdrawTransactionByHeight] len transactions: 0 transactions: []
2019/04/24 03:41:40.345560 [1;35m[INF][m GID 69,  [SyncSideChain] Side chain [ XKUh4GLhFJiqAMTF6HyWQrV9pK9HcGUdfJ ] height:  284
2019/04/24 03:41:42.080902 [1;35m[INF][m GID 141, [arbitrator] Main chain height:  510
2019/04/24 03:41:55.568287 [1;35m[INF][m GID 70, currentHeight: 48  chainHeight: 49
2019/04/24 03:41:55.582277 [1;32m[DBG][m GID 70, github.com/elastos/Elastos.ELA.Arbiter/rpc.GetWithdrawTransactionByHeight jsonrpc.go:178 [GetWithdrawTransactionByHeight] len transactions: 0 transactions: []
2019/04/24 03:41:55.587040 [1;35m[INF][m GID 70,  [SyncSideChain] Side chain [ XVfmhjxGxBKgzYxyXCJTb6YmaRfWPVunj4 ] height:  49
2019/04/24 03:42:01.436870 [1;35m[INF][m GID 141, [arbitrator] Main chain height:  511
2019/04/24 03:42:11.247036 [1;35m[INF][m GID 143, Check and remove cross chain transactions from dbcache finished
2019/04/24 03:42:11.619290 [1;35m[INF][m GID 144, Warning side chain mining account:  ENTmN8H9WEQjiR5aZyHHSErUDb24PtgeKf: 0 EHnxz2oRXehfAy5QrCH7gqZtUZQPx7hprH: 0 
2019/04/24 03:42:11.712576 [1;32m[DBG][m GID 144, github.com/elastos/Elastos.ELA.Arbiter/sideauxpow.divideTransfer autodivide.go:89 Divide transaction successfully signed:  1 1
2019/04/24 03:42:13.065984 [1;35m[INF][m GID 70, currentHeight: 49  chainHeight: 51
2019/04/24 03:42:13.079059 [1;32m[DBG][m GID 70, github.com/elastos/Elastos.ELA.Arbiter/rpc.GetWithdrawTransactionByHeight jsonrpc.go:178 [GetWithdrawTransactionByHeight] len transactions: 0 transactions: []
2019/04/24 03:42:13.085592 [1;32m[DBG][m GID 70, github.com/elastos/Elastos.ELA.Arbiter/rpc.GetWithdrawTransactionByHeight jsonrpc.go:178 [GetWithdrawTransactionByHeight] len transactions: 0 transactions: []
2019/04/24 03:42:13.098271 [1;35m[INF][m GID 70,  [SyncSideChain] Side chain [ XVfmhjxGxBKgzYxyXCJTb6YmaRfWPVunj4 ] height:  51
2019/04/24 03:42:18.241687 [1;35m[INF][m GID 69, currentHeight: 284  chainHeight: 285
2019/04/24 03:42:18.242055 [1;32m[DBG][m GID 69, github.com/elastos/Elastos.ELA.Arbiter/rpc.GetWithdrawTransactionByHeight jsonrpc.go:178 [GetWithdrawTransactionByHeight] len transactions: 0 transactions: []
2019/04/24 03:42:18.248027 [1;35m[INF][m GID 69,  [SyncSideChain] Side chain [ XKUh4GLhFJiqAMTF6HyWQrV9pK9HcGUdfJ ] height:  285
2019/04/24 03:42:37.974008 [1;35m[INF][m GID 141, [arbitrator] Main chain height:  512
2019/04/24 03:42:54.314386 [1;35m[INF][m GID 69, currentHeight: 285  chainHeight: 286
2019/04/24 03:42:54.333695 [1;32m[DBG][m GID 69, github.com/elastos/Elastos.ELA.Arbiter/rpc.GetWithdrawTransactionByHeight jsonrpc.go:178 [GetWithdrawTransactionByHeight] len transactions: 0 transactions: []
2019/04/24 03:42:54.339729 [1;35m[INF][m GID 69,  [SyncSideChain] Side chain [ XKUh4GLhFJiqAMTF6HyWQrV9pK9HcGUdfJ ] height:  286
2019/04/24 03:42:58.541196 [1;35m[INF][m GID 141, [arbitrator] Main chain height:  513
2019/04/24 03:42:58.643642 [1;35m[INF][m GID 141, [OnDutyArbitratorChanged] I am on duty of main
2019/04/24 03:42:58.643771 [1;35m[INF][m GID 141, [SyncMainChainCachedTxs] start
2019/04/24 03:42:58.670030 [1;35m[INF][m GID 141, [SyncMainChainCachedTxs] end
2019/04/24 03:42:58.670125 [1;33m[WRN][m GID 141, [SyncMainChainCachedTxs] No main chain tx in dbcache
2019/04/24 03:42:58.670182 [1;35m[INF][m GID 666, [OnDutyChanged] Start side chain mining: genesis address [ XVfmhjxGxBKgzYxyXCJTb6YmaRfWPVunj4 ]
2019/04/24 03:42:58.670244 [1;35m[INF][m GID 666, [sideChainPowTransfer] start
2019/04/24 03:42:58.670387 [1;35m[INF][m GID 664, [SendCachedWithdrawTxs] start
2019/04/24 03:42:58.670514 [1;35m[INF][m GID 664, No cached withdraw transaction need to send
2019/04/24 03:42:58.671090 [1;35m[INF][m GID 664, [SendCachedWithdrawTxs] end
2019/04/24 03:42:58.671119 [1;35m[INF][m GID 663, [SendCachedWithdrawTxs] start
2019/04/24 03:42:58.671240 [1;35m[INF][m GID 663, No cached withdraw transaction need to send
2019/04/24 03:42:58.671308 [1;35m[INF][m GID 663, [SendCachedWithdrawTxs] end
2019/04/24 03:42:58.671608 [1;35m[INF][m GID 665, [OnDutyChanged] Start side chain mining: genesis address [ XKUh4GLhFJiqAMTF6HyWQrV9pK9HcGUdfJ ]
2019/04/24 03:42:58.671734 [1;35m[INF][m GID 665, [sideChainPowTransfer] start
2019/04/24 03:42:58.706246 [1;35m[INF][m GID 665, sideGenesisHash: a3c455a90843db2acd22554f2768a8d4233fafbf8dd549e6b261c2786993be56 sideBlockHash: 2df17db53008621bed508c27b959bcc16058491fb61fd7bfaa655aa33b3872c8
2019/04/24 03:42:58.732936 [1;35m[INF][m GID 666, sideGenesisHash: 0e739a2b87774ef2266a3cabc79a8e1201732fe409cfe50bd4125efb1d1169b5 sideBlockHash: c53b9c113662a163daf223e98fbbd2a350ace0ebb3677e39dd8319859dab4082
2019/04/24 03:42:58.771917 [1;33m[WRN][m GID 666, [sideChainPowTransfer] create transaction failed: [Wallet], Available token is not enough
2019/04/24 03:42:58.778187 [1;33m[WRN][m GID 665, [sideChainPowTransfer] create transaction failed: [Wallet], Available token is not enough
2019/04/24 03:43:03.918477 [1;35m[INF][m GID 141, [arbitrator] Main chain height:  514
2019/04/24 03:43:03.993211 [1;35m[INF][m GID 141, [OnDutyArbitratorChanged] I became not on duty of main
2019/04/24 03:43:11.254251 [1;35m[INF][m GID 143, Check and remove cross chain transactions from dbcache finished
2019/04/24 03:43:11.773164 [1;35m[INF][m GID 144, Warning side chain mining account:  ENTmN8H9WEQjiR5aZyHHSErUDb24PtgeKf: 0 EHnxz2oRXehfAy5QrCH7gqZtUZQPx7hprH: 0 
2019/04/24 03:43:11.976863 [1;32m[DBG][m GID 144, github.com/elastos/Elastos.ELA.Arbiter/sideauxpow.divideTransfer autodivide.go:89 Divide transaction successfully signed:  1 1
2019/04/24 03:43:12.133282 [1;35m[INF][m GID 141, [arbitrator] Main chain height:  515
2019/04/24 03:43:24.464790 [1;35m[INF][m GID 141, [arbitrator] Main chain height:  516
2019/04/24 03:43:31.763843 [1;35m[INF][m GID 141, [arbitrator] Main chain height:  517
2019/04/24 03:43:39.041256 [1;35m[INF][m GID 141, [arbitrator] Main chain height:  518
2019/04/24 03:43:39.485717 [1;35m[INF][m GID 70, currentHeight: 51  chainHeight: 52
2019/04/24 03:43:39.553599 [1;32m[DBG][m GID 70, github.com/elastos/Elastos.ELA.Arbiter/rpc.GetWithdrawTransactionByHeight jsonrpc.go:178 [GetWithdrawTransactionByHeight] len transactions: 0 transactions: []
2019/04/24 03:43:39.558957 [1;35m[INF][m GID 70,  [SyncSideChain] Side chain [ XVfmhjxGxBKgzYxyXCJTb6YmaRfWPVunj4 ] height:  52
2019/04/24 03:43:50.374717 [1;35m[INF][m GID 141, [arbitrator] Main chain height:  519
2019/04/24 03:43:50.392019 [1;35m[INF][m GID 141, [OnDutyArbitratorChanged] I am on duty of main
2019/04/24 03:43:50.392256 [1;35m[INF][m GID 141, [SyncMainChainCachedTxs] start
2019/04/24 03:43:50.392461 [1;35m[INF][m GID 141, [SyncMainChainCachedTxs] end
2019/04/24 03:43:50.392647 [1;33m[WRN][m GID 141, [SyncMainChainCachedTxs] No main chain tx in dbcache
2019/04/24 03:43:50.392786 [1;35m[INF][m GID 886, [OnDutyChanged] Start side chain mining: genesis address [ XVfmhjxGxBKgzYxyXCJTb6YmaRfWPVunj4 ]
2019/04/24 03:43:50.392924 [1;35m[INF][m GID 886, [sideChainPowTransfer] start
2019/04/24 03:43:50.393152 [1;35m[INF][m GID 885, [OnDutyChanged] Start side chain mining: genesis address [ XKUh4GLhFJiqAMTF6HyWQrV9pK9HcGUdfJ ]
2019/04/24 03:43:50.393252 [1;35m[INF][m GID 885, [sideChainPowTransfer] start
2019/04/24 03:43:50.393480 [1;35m[INF][m GID 883, [SendCachedWithdrawTxs] start
2019/04/24 03:43:50.393632 [1;35m[INF][m GID 883, No cached withdraw transaction need to send
2019/04/24 03:43:50.393767 [1;35m[INF][m GID 883, [SendCachedWithdrawTxs] end
2019/04/24 03:43:50.392793 [1;35m[INF][m GID 884, [SendCachedWithdrawTxs] start
2019/04/24 03:43:50.395472 [1;35m[INF][m GID 884, No cached withdraw transaction need to send
2019/04/24 03:43:50.395536 [1;35m[INF][m GID 884, [SendCachedWithdrawTxs] end
2019/04/24 03:43:50.403426 [1;35m[INF][m GID 885, sideGenesisHash: a3c455a90843db2acd22554f2768a8d4233fafbf8dd549e6b261c2786993be56 sideBlockHash: f7d78f4f7a29b43423144c6c2d3d8cf27fc837ec988d21b31f1e7d57fef1b2f1
2019/04/24 03:43:50.406760 [1;35m[INF][m GID 886, sideGenesisHash: 0e739a2b87774ef2266a3cabc79a8e1201732fe409cfe50bd4125efb1d1169b5 sideBlockHash: 5745edd330ea67f2c99641d7c6b06ec4f97285a34dda2e017c2ea08213316d5f
2019/04/24 03:43:50.408183 [1;33m[WRN][m GID 885, [sideChainPowTransfer] create transaction failed: [Wallet], Available token is not enough
2019/04/24 03:43:50.420026 [1;33m[WRN][m GID 886, [sideChainPowTransfer] create transaction failed: [Wallet], Available token is not enough
2019/04/24 03:44:00.641390 [1;35m[INF][m GID 69, currentHeight: 286  chainHeight: 287
2019/04/24 03:44:00.658147 [1;32m[DBG][m GID 69, github.com/elastos/Elastos.ELA.Arbiter/rpc.GetWithdrawTransactionByHeight jsonrpc.go:178 [GetWithdrawTransactionByHeight] len transactions: 0 transactions: []
2019/04/24 03:44:00.673963 [1;35m[INF][m GID 69,  [SyncSideChain] Side chain [ XKUh4GLhFJiqAMTF6HyWQrV9pK9HcGUdfJ ] height:  287
2019/04/24 03:44:00.676704 [1;35m[INF][m GID 69, [OnDutyChanged] Start side chain mining: genesis address [ XKUh4GLhFJiqAMTF6HyWQrV9pK9HcGUdfJ ]
2019/04/24 03:44:00.676730 [1;35m[INF][m GID 69, [sideChainPowTransfer] start
2019/04/24 03:44:00.682445 [1;35m[INF][m GID 69, sideGenesisHash: a3c455a90843db2acd22554f2768a8d4233fafbf8dd549e6b261c2786993be56 sideBlockHash: 1112234dc8817879452dda39270037c74717eac2f99600f70ea15a077cd59c92
2019/04/24 03:44:00.689230 [1;33m[WRN][m GID 69, [sideChainPowTransfer] create transaction failed: [Wallet], Available token is not enough
2019/04/24 03:44:00.689309 [1;35m[INF][m GID 69, [SyncSideChain] Start side chain mining, genesis address: [ XKUh4GLhFJiqAMTF6HyWQrV9pK9HcGUdfJ ]
2019/04/24 03:44:08.895879 [1;35m[INF][m GID 70, currentHeight: 52  chainHeight: 53
2019/04/24 03:44:08.900179 [1;32m[DBG][m GID 70, github.com/elastos/Elastos.ELA.Arbiter/rpc.GetWithdrawTransactionByHeight jsonrpc.go:178 [GetWithdrawTransactionByHeight] len transactions: 0 transactions: []
2019/04/24 03:44:08.906898 [1;35m[INF][m GID 70,  [SyncSideChain] Side chain [ XVfmhjxGxBKgzYxyXCJTb6YmaRfWPVunj4 ] height:  53
2019/04/24 03:44:08.907106 [1;35m[INF][m GID 70, [OnDutyChanged] Start side chain mining: genesis address [ XVfmhjxGxBKgzYxyXCJTb6YmaRfWPVunj4 ]
2019/04/24 03:44:08.907220 [1;35m[INF][m GID 70, [sideChainPowTransfer] start
2019/04/24 03:44:08.918119 [1;35m[INF][m GID 70, sideGenesisHash: 0e739a2b87774ef2266a3cabc79a8e1201732fe409cfe50bd4125efb1d1169b5 sideBlockHash: 887f84f02bc3644005139f66c79079b5bfa71a993432d470220eb74b1dca98ba
2019/04/24 03:44:08.924278 [1;33m[WRN][m GID 70, [sideChainPowTransfer] create transaction failed: [Wallet], Available token is not enough
2019/04/24 03:44:08.924392 [1;35m[INF][m GID 70, [SyncSideChain] Start side chain mining, genesis address: [ XVfmhjxGxBKgzYxyXCJTb6YmaRfWPVunj4 ]
2019/04/24 03:44:11.255236 [1;35m[INF][m GID 143, Check and remove cross chain transactions from dbcache finished
2019/04/24 03:44:12.292471 [1;35m[INF][m GID 144, Warning side chain mining account:  ENTmN8H9WEQjiR5aZyHHSErUDb24PtgeKf: 0 EHnxz2oRXehfAy5QrCH7gqZtUZQPx7hprH: 0 
2019/04/24 03:44:12.429615 [1;32m[DBG][m GID 144, github.com/elastos/Elastos.ELA.Arbiter/sideauxpow.divideTransfer autodivide.go:89 Divide transaction successfully signed:  1 1
2019/04/24 03:44:12.706124 [1;35m[INF][m GID 141, [arbitrator] Main chain height:  520
2019/04/24 03:44:12.728430 [1;35m[INF][m GID 141, [OnDutyArbitratorChanged] I became not on duty of main
2019/04/24 03:44:16.787882 [1;35m[INF][m GID 141, [arbitrator] Main chain height:  521
2019/04/24 03:44:16.896535 [1;35m[INF][m GID 69, currentHeight: 287  chainHeight: 288
2019/04/24 03:44:16.897530 [1;32m[DBG][m GID 69, github.com/elastos/Elastos.ELA.Arbiter/rpc.GetWithdrawTransactionByHeight jsonrpc.go:178 [GetWithdrawTransactionByHeight] len transactions: 0 transactions: []
2019/04/24 03:44:16.900816 [1;35m[INF][m GID 69,  [SyncSideChain] Side chain [ XKUh4GLhFJiqAMTF6HyWQrV9pK9HcGUdfJ ] height:  288
2019/04/24 03:44:21.165915 [1;35m[INF][m GID 70, currentHeight: 53  chainHeight: 54
2019/04/24 03:44:21.171292 [1;32m[DBG][m GID 70, github.com/elastos/Elastos.ELA.Arbiter/rpc.GetWithdrawTransactionByHeight jsonrpc.go:178 [GetWithdrawTransactionByHeight] len transactions: 0 transactions: []
2019/04/24 03:44:21.178435 [1;35m[INF][m GID 70,  [SyncSideChain] Side chain [ XVfmhjxGxBKgzYxyXCJTb6YmaRfWPVunj4 ] height:  54
2019/04/24 03:44:24.004573 [1;35m[INF][m GID 69, currentHeight: 288  chainHeight: 289
2019/04/24 03:44:24.029010 [1;32m[DBG][m GID 69, github.com/elastos/Elastos.ELA.Arbiter/rpc.GetWithdrawTransactionByHeight jsonrpc.go:178 [GetWithdrawTransactionByHeight] len transactions: 0 transactions: []
2019/04/24 03:44:24.033690 [1;35m[INF][m GID 69,  [SyncSideChain] Side chain [ XKUh4GLhFJiqAMTF6HyWQrV9pK9HcGUdfJ ] height:  289
2019/04/24 03:44:29.086814 [1;35m[INF][m GID 141, [arbitrator] Main chain height:  522
2019/04/24 03:44:38.375655 [1;35m[INF][m GID 141, [arbitrator] Main chain height:  523
2019/04/24 03:44:49.677311 [1;35m[INF][m GID 70, currentHeight: 54  chainHeight: 55
2019/04/24 03:44:49.684970 [1;32m[DBG][m GID 70, github.com/elastos/Elastos.ELA.Arbiter/rpc.GetWithdrawTransactionByHeight jsonrpc.go:178 [GetWithdrawTransactionByHeight] len transactions: 0 transactions: []
2019/04/24 03:44:49.698448 [1;35m[INF][m GID 70,  [SyncSideChain] Side chain [ XVfmhjxGxBKgzYxyXCJTb6YmaRfWPVunj4 ] height:  55
2019/04/24 03:44:50.523679 [1;35m[INF][m GID 69, currentHeight: 289  chainHeight: 290
2019/04/24 03:44:50.544995 [1;32m[DBG][m GID 69, github.com/elastos/Elastos.ELA.Arbiter/rpc.GetWithdrawTransactionByHeight jsonrpc.go:178 [GetWithdrawTransactionByHeight] len transactions: 0 transactions: []
2019/04/24 03:44:50.581103 [1;35m[INF][m GID 69,  [SyncSideChain] Side chain [ XKUh4GLhFJiqAMTF6HyWQrV9pK9HcGUdfJ ] height:  290
2019/04/24 03:45:04.007430 [1;35m[INF][m GID 69, currentHeight: 290  chainHeight: 291
2019/04/24 03:45:04.042032 [1;32m[DBG][m GID 69, github.com/elastos/Elastos.ELA.Arbiter/rpc.GetWithdrawTransactionByHeight jsonrpc.go:178 [GetWithdrawTransactionByHeight] len transactions: 0 transactions: []
2019/04/24 03:45:04.151874 [1;35m[INF][m GID 69,  [SyncSideChain] Side chain [ XKUh4GLhFJiqAMTF6HyWQrV9pK9HcGUdfJ ] height:  291
