2019/05/09 23:50:07.692289 [1;35m[INF][m GID 1, Init wallet.
2019/05/09 23:50:07.728967 [1;35m[INF][m GID 1, Arbiter version:  
2019/05/09 23:50:07.737983 [1;35m[INF][m GID 1, 1. Init chain utxo cache.
2019/05/09 23:50:07.955274 [1;35m[INF][m GID 1, 2. Init finished transaction cache.
2019/05/09 23:50:08.054839 [1;35m[INF][m GID 1, 3. Start arbitrator P2P networks.
2019/05/09 23:50:08.055274 [1;35m[INF][m GID 1, 4. Init configurations.
2019/05/09 23:50:08.114039 [1;35m[INF][m GID 1, [arbitrator] Main chain height:  2
2019/05/09 23:50:08.137704 [1;35m[INF][m GID 1, 5. Start arbitrator spv module.
2019/05/09 23:50:08.200011 [1;35m[INF][m GID 1, [StartSpvModule] register auxpow listener: ENTmN8H9WEQjiR5aZyHHSErUDb24PtgeKf
2019/05/09 23:50:08.200244 [1;35m[INF][m GID 1, [StartSpvModule] register dposit listener: XKUh4GLhFJiqAMTF6HyWQrV9pK9HcGUdfJ
2019/05/09 23:50:08.200363 [1;35m[INF][m GID 1, [StartSpvModule] register auxpow listener: EHnxz2oRXehfAy5QrCH7gqZtUZQPx7hprH
2019/05/09 23:50:08.200484 [1;35m[INF][m GID 1, [StartSpvModule] register dposit listener: XVfmhjxGxBKgzYxyXCJTb6YmaRfWPVunj4
2019/05/09 23:50:08.200609 [1;35m[INF][m GID 1, 6. Start arbitrator group monitor.
2019/05/09 23:50:08.200655 [1;35m[INF][m GID 1, 7. Start servers.
2019/05/09 23:50:08.200676 [1;35m[INF][m GID 1, 8. Start check and remove cross chain transactions from db.
2019/05/09 23:50:08.200688 [1;35m[INF][m GID 1, 9. Start side chain account divide.
2019/05/09 23:50:08.201340 [1;35m[INF][m GID 93, Check and remove cross chain transactions from dbcache finished
2019/05/09 23:50:12.203733 [1;35m[INF][m GID 36, currentHeight: 0  chainHeight: 1
2019/05/09 23:50:12.244918 [1;35m[INF][m GID 36,  [SyncSideChain] Side chain [ XKUh4GLhFJiqAMTF6HyWQrV9pK9HcGUdfJ ] height:  1
2019/05/09 23:50:30.515312 [1;35m[INF][m GID 36, currentHeight: 1  chainHeight: 2
2019/05/09 23:50:30.520622 [1;35m[INF][m GID 36,  [SyncSideChain] Side chain [ XKUh4GLhFJiqAMTF6HyWQrV9pK9HcGUdfJ ] height:  2
2019/05/09 23:50:34.647960 [1;35m[INF][m GID 91, [arbitrator] Main chain height:  3
2019/05/09 23:50:58.974308 [1;35m[INF][m GID 36, currentHeight: 2  chainHeight: 3
2019/05/09 23:50:58.977545 [1;35m[INF][m GID 36,  [SyncSideChain] Side chain [ XKUh4GLhFJiqAMTF6HyWQrV9pK9HcGUdfJ ] height:  3
2019/05/09 23:50:59.922701 [1;35m[INF][m GID 91, [arbitrator] Main chain height:  4
2019/05/09 23:51:07.100348 [1;35m[INF][m GID 36, currentHeight: 3  chainHeight: 4
2019/05/09 23:51:07.152727 [1;35m[INF][m GID 36,  [SyncSideChain] Side chain [ XKUh4GLhFJiqAMTF6HyWQrV9pK9HcGUdfJ ] height:  4
2019/05/09 23:51:08.201614 [1;35m[INF][m GID 93, Check and remove cross chain transactions from dbcache finished
2019/05/09 23:51:08.209982 [1;35m[INF][m GID 94, Warning side chain mining account:  ENTmN8H9WEQjiR5aZyHHSErUDb24PtgeKf: 0 EHnxz2oRXehfAy5QrCH7gqZtUZQPx7hprH: 0 
2019/05/09 23:51:09.316343 [1;35m[INF][m GID 37, currentHeight: 0  chainHeight: 1
2019/05/09 23:51:09.327548 [1;35m[INF][m GID 37,  [SyncSideChain] Side chain [ XVfmhjxGxBKgzYxyXCJTb6YmaRfWPVunj4 ] height:  1
2019/05/09 23:51:20.558173 [1;35m[INF][m GID 36, currentHeight: 4  chainHeight: 5
2019/05/09 23:51:20.563509 [1;35m[INF][m GID 36,  [SyncSideChain] Side chain [ XKUh4GLhFJiqAMTF6HyWQrV9pK9HcGUdfJ ] height:  5
2019/05/09 23:51:21.527211 [1;35m[INF][m GID 37, currentHeight: 1  chainHeight: 2
2019/05/09 23:51:21.541807 [1;35m[INF][m GID 37,  [SyncSideChain] Side chain [ XVfmhjxGxBKgzYxyXCJTb6YmaRfWPVunj4 ] height:  2
2019/05/09 23:51:25.267989 [1;35m[INF][m GID 91, [arbitrator] Main chain height:  5
2019/05/09 23:51:26.656202 [1;35m[INF][m GID 36, currentHeight: 5  chainHeight: 6
2019/05/09 23:51:26.659856 [1;35m[INF][m GID 36,  [SyncSideChain] Side chain [ XKUh4GLhFJiqAMTF6HyWQrV9pK9HcGUdfJ ] height:  6
2019/05/09 23:51:31.453989 [1;35m[INF][m GID 91, [arbitrator] Main chain height:  6
2019/05/09 23:51:31.796952 [1;35m[INF][m GID 36, currentHeight: 6  chainHeight: 7
2019/05/09 23:51:31.813333 [1;35m[INF][m GID 36,  [SyncSideChain] Side chain [ XKUh4GLhFJiqAMTF6HyWQrV9pK9HcGUdfJ ] height:  7
2019/05/09 23:51:35.731353 [1;35m[INF][m GID 37, currentHeight: 2  chainHeight: 3
2019/05/09 23:51:35.735456 [1;35m[INF][m GID 37,  [SyncSideChain] Side chain [ XVfmhjxGxBKgzYxyXCJTb6YmaRfWPVunj4 ] height:  3
2019/05/09 23:51:38.507415 [1;35m[INF][m GID 91, [arbitrator] Main chain height:  7
2019/05/09 23:51:45.615736 [1;35m[INF][m GID 91, [arbitrator] Main chain height:  8
2019/05/09 23:51:46.627109 [1;35m[INF][m GID 91, [arbitrator] Main chain height:  9
2019/05/09 23:51:48.022457 [1;35m[INF][m GID 36, currentHeight: 7  chainHeight: 8
2019/05/09 23:51:48.034811 [1;35m[INF][m GID 36,  [SyncSideChain] Side chain [ XKUh4GLhFJiqAMTF6HyWQrV9pK9HcGUdfJ ] height:  8
2019/05/09 23:51:49.035815 [1;35m[INF][m GID 36, currentHeight: 8  chainHeight: 9
2019/05/09 23:51:49.039327 [1;35m[INF][m GID 36,  [SyncSideChain] Side chain [ XKUh4GLhFJiqAMTF6HyWQrV9pK9HcGUdfJ ] height:  9
2019/05/09 23:51:50.728116 [1;35m[INF][m GID 91, [arbitrator] Main chain height:  10
2019/05/09 23:51:52.777637 [1;35m[INF][m GID 91, [arbitrator] Main chain height:  11
2019/05/09 23:51:54.790185 [1;35m[INF][m GID 91, [arbitrator] Main chain height:  12
2019/05/09 23:51:55.113832 [1;35m[INF][m GID 36, currentHeight: 9  chainHeight: 10
2019/05/09 23:51:55.119675 [1;35m[INF][m GID 36,  [SyncSideChain] Side chain [ XKUh4GLhFJiqAMTF6HyWQrV9pK9HcGUdfJ ] height:  10
2019/05/09 23:52:00.871025 [1;35m[INF][m GID 91, [arbitrator] Main chain height:  13
2019/05/09 23:52:06.282661 [1;35m[INF][m GID 36, currentHeight: 10  chainHeight: 11
2019/05/09 23:52:06.286064 [1;35m[INF][m GID 36,  [SyncSideChain] Side chain [ XKUh4GLhFJiqAMTF6HyWQrV9pK9HcGUdfJ ] height:  11
2019/05/09 23:52:08.202344 [1;35m[INF][m GID 93, Check and remove cross chain transactions from dbcache finished
2019/05/09 23:52:08.218482 [1;35m[INF][m GID 94, Warning side chain mining account:  ENTmN8H9WEQjiR5aZyHHSErUDb24PtgeKf: 0 EHnxz2oRXehfAy5QrCH7gqZtUZQPx7hprH: 0 
2019/05/09 23:52:21.275267 [1;35m[INF][m GID 91, [arbitrator] Main chain height:  14
2019/05/09 23:52:25.596877 [1;35m[INF][m GID 36, currentHeight: 11  chainHeight: 12
2019/05/09 23:52:25.648539 [1;35m[INF][m GID 36,  [SyncSideChain] Side chain [ XKUh4GLhFJiqAMTF6HyWQrV9pK9HcGUdfJ ] height:  12
2019/05/09 23:52:26.650507 [1;35m[INF][m GID 36, currentHeight: 12  chainHeight: 13
2019/05/09 23:52:26.653914 [1;35m[INF][m GID 36,  [SyncSideChain] Side chain [ XKUh4GLhFJiqAMTF6HyWQrV9pK9HcGUdfJ ] height:  13
2019/05/09 23:52:35.545158 [1;35m[INF][m GID 91, [arbitrator] Main chain height:  15
2019/05/09 23:52:36.384537 [1;35m[INF][m GID 37, currentHeight: 3  chainHeight: 4
2019/05/09 23:52:36.394613 [1;35m[INF][m GID 37,  [SyncSideChain] Side chain [ XVfmhjxGxBKgzYxyXCJTb6YmaRfWPVunj4 ] height:  4
2019/05/09 23:52:53.051839 [1;35m[INF][m GID 36, currentHeight: 13  chainHeight: 14
2019/05/09 23:52:53.074987 [1;35m[INF][m GID 36,  [SyncSideChain] Side chain [ XKUh4GLhFJiqAMTF6HyWQrV9pK9HcGUdfJ ] height:  14
2019/05/09 23:52:54.815170 [1;35m[INF][m GID 91, [arbitrator] Main chain height:  16
2019/05/09 23:53:03.188447 [1;35m[INF][m GID 36, currentHeight: 14  chainHeight: 15
2019/05/09 23:53:03.200778 [1;35m[INF][m GID 36,  [SyncSideChain] Side chain [ XKUh4GLhFJiqAMTF6HyWQrV9pK9HcGUdfJ ] height:  15
2019/05/09 23:53:08.203788 [1;35m[INF][m GID 93, Check and remove cross chain transactions from dbcache finished
2019/05/09 23:53:08.268903 [1;35m[INF][m GID 94, Warning side chain mining account:  ENTmN8H9WEQjiR5aZyHHSErUDb24PtgeKf: 0 EHnxz2oRXehfAy5QrCH7gqZtUZQPx7hprH: 0 
2019/05/09 23:53:15.391706 [1;35m[INF][m GID 36, currentHeight: 15  chainHeight: 16
2019/05/09 23:53:15.400761 [1;35m[INF][m GID 36,  [SyncSideChain] Side chain [ XKUh4GLhFJiqAMTF6HyWQrV9pK9HcGUdfJ ] height:  16
2019/05/09 23:53:17.095289 [1;35m[INF][m GID 91, [arbitrator] Main chain height:  17
2019/05/09 23:53:31.039424 [1;35m[INF][m GID 37, currentHeight: 4  chainHeight: 5
2019/05/09 23:53:31.050076 [1;35m[INF][m GID 37,  [SyncSideChain] Side chain [ XVfmhjxGxBKgzYxyXCJTb6YmaRfWPVunj4 ] height:  5
2019/05/09 23:53:32.339313 [1;35m[INF][m GID 91, [arbitrator] Main chain height:  18
2019/05/09 23:53:33.078224 [1;35m[INF][m GID 37, currentHeight: 5  chainHeight: 6
2019/05/09 23:53:33.081699 [1;35m[INF][m GID 37,  [SyncSideChain] Side chain [ XVfmhjxGxBKgzYxyXCJTb6YmaRfWPVunj4 ] height:  6
2019/05/09 23:53:40.443730 [1;35m[INF][m GID 91, [arbitrator] Main chain height:  19
2019/05/09 23:53:45.291283 [1;35m[INF][m GID 37, currentHeight: 6  chainHeight: 7
2019/05/09 23:53:45.294436 [1;35m[INF][m GID 37,  [SyncSideChain] Side chain [ XVfmhjxGxBKgzYxyXCJTb6YmaRfWPVunj4 ] height:  7
2019/05/09 23:53:47.563377 [1;35m[INF][m GID 91, [arbitrator] Main chain height:  20
2019/05/09 23:54:01.105303 [1;35m[INF][m GID 36, currentHeight: 16  chainHeight: 17
2019/05/09 23:54:01.113180 [1;35m[INF][m GID 36,  [SyncSideChain] Side chain [ XKUh4GLhFJiqAMTF6HyWQrV9pK9HcGUdfJ ] height:  17
2019/05/09 23:54:02.827056 [1;35m[INF][m GID 91, [arbitrator] Main chain height:  21
2019/05/09 23:54:06.886408 [1;35m[INF][m GID 91, [arbitrator] Main chain height:  22
2019/05/09 23:54:08.212464 [1;35m[INF][m GID 93, Check and remove cross chain transactions from dbcache finished
2019/05/09 23:54:08.334752 [1;35m[INF][m GID 94, Warning side chain mining account:  ENTmN8H9WEQjiR5aZyHHSErUDb24PtgeKf: 0 EHnxz2oRXehfAy5QrCH7gqZtUZQPx7hprH: 0 
2019/05/09 23:54:09.287716 [1;35m[INF][m GID 36, currentHeight: 17  chainHeight: 18
2019/05/09 23:54:09.294938 [1;35m[INF][m GID 36,  [SyncSideChain] Side chain [ XKUh4GLhFJiqAMTF6HyWQrV9pK9HcGUdfJ ] height:  18
2019/05/09 23:54:16.521802 [1;35m[INF][m GID 36, currentHeight: 18  chainHeight: 19
2019/05/09 23:54:16.531614 [1;35m[INF][m GID 36,  [SyncSideChain] Side chain [ XKUh4GLhFJiqAMTF6HyWQrV9pK9HcGUdfJ ] height:  19
2019/05/09 23:54:26.906880 [1;35m[INF][m GID 37, currentHeight: 7  chainHeight: 8
2019/05/09 23:54:26.919660 [1;35m[INF][m GID 37,  [SyncSideChain] Side chain [ XVfmhjxGxBKgzYxyXCJTb6YmaRfWPVunj4 ] height:  8
2019/05/09 23:54:29.826716 [1;35m[INF][m GID 36, currentHeight: 19  chainHeight: 20
2019/05/09 23:54:29.830955 [1;35m[INF][m GID 36,  [SyncSideChain] Side chain [ XKUh4GLhFJiqAMTF6HyWQrV9pK9HcGUdfJ ] height:  20
2019/05/09 23:54:35.934348 [1;35m[INF][m GID 36, currentHeight: 20  chainHeight: 21
2019/05/09 23:54:35.946244 [1;35m[INF][m GID 36,  [SyncSideChain] Side chain [ XKUh4GLhFJiqAMTF6HyWQrV9pK9HcGUdfJ ] height:  21
2019/05/09 23:54:43.472178 [1;35m[INF][m GID 91, [arbitrator] Main chain height:  23
2019/05/09 23:54:46.564440 [1;35m[INF][m GID 91, [arbitrator] Main chain height:  24
2019/05/09 23:54:56.279391 [1;35m[INF][m GID 36, currentHeight: 21  chainHeight: 22
2019/05/09 23:54:56.307366 [1;35m[INF][m GID 36,  [SyncSideChain] Side chain [ XKUh4GLhFJiqAMTF6HyWQrV9pK9HcGUdfJ ] height:  22
2019/05/09 23:55:02.002196 [1;35m[INF][m GID 91, [arbitrator] Main chain height:  25
2019/05/09 23:55:08.212878 [1;35m[INF][m GID 93, Check and remove cross chain transactions from dbcache finished
2019/05/09 23:55:08.508958 [1;35m[INF][m GID 94, Warning side chain mining account:  ENTmN8H9WEQjiR5aZyHHSErUDb24PtgeKf: 0 EHnxz2oRXehfAy5QrCH7gqZtUZQPx7hprH: 0 
2019/05/09 23:55:11.564458 [1;35m[INF][m GID 36, currentHeight: 22  chainHeight: 23
2019/05/09 23:55:11.572503 [1;35m[INF][m GID 36,  [SyncSideChain] Side chain [ XKUh4GLhFJiqAMTF6HyWQrV9pK9HcGUdfJ ] height:  23
2019/05/09 23:55:16.166083 [1;35m[INF][m GID 91, [arbitrator] Main chain height:  26
2019/05/09 23:55:19.656346 [1;35m[INF][m GID 36, currentHeight: 23  chainHeight: 24
2019/05/09 23:55:19.676628 [1;35m[INF][m GID 36,  [SyncSideChain] Side chain [ XKUh4GLhFJiqAMTF6HyWQrV9pK9HcGUdfJ ] height:  24
2019/05/09 23:55:23.384269 [1;35m[INF][m GID 91, [arbitrator] Main chain height:  27
2019/05/09 23:55:39.680749 [1;35m[INF][m GID 91, [arbitrator] Main chain height:  28
2019/05/09 23:55:43.703269 [1;35m[INF][m GID 91, [arbitrator] Main chain height:  29
2019/05/09 23:55:51.844392 [1;35m[INF][m GID 91, [arbitrator] Main chain height:  30
2019/05/09 23:55:58.940512 [1;35m[INF][m GID 91, [arbitrator] Main chain height:  31
2019/05/09 23:56:08.213652 [1;35m[INF][m GID 93, Check and remove cross chain transactions from dbcache finished
2019/05/09 23:56:08.549891 [1;35m[INF][m GID 94, Warning side chain mining account:  ENTmN8H9WEQjiR5aZyHHSErUDb24PtgeKf: 0 EHnxz2oRXehfAy5QrCH7gqZtUZQPx7hprH: 0 
2019/05/09 23:56:10.069615 [1;35m[INF][m GID 91, [arbitrator] Main chain height:  32
2019/05/09 23:56:11.073626 [1;35m[INF][m GID 91, [arbitrator] Main chain height:  33
2019/05/09 23:56:14.179316 [1;35m[INF][m GID 91, [arbitrator] Main chain height:  34
2019/05/09 23:56:15.185719 [1;35m[INF][m GID 91, [arbitrator] Main chain height:  35
2019/05/09 23:56:23.308167 [1;35m[INF][m GID 91, [arbitrator] Main chain height:  36
2019/05/09 23:56:27.388660 [1;35m[INF][m GID 91, [arbitrator] Main chain height:  37
2019/05/09 23:56:33.584875 [1;35m[INF][m GID 91, [arbitrator] Main chain height:  38
2019/05/09 23:56:40.712514 [1;35m[INF][m GID 91, [arbitrator] Main chain height:  39
2019/05/09 23:56:45.739047 [1;35m[INF][m GID 37, currentHeight: 8  chainHeight: 9
2019/05/09 23:56:45.747128 [1;35m[INF][m GID 37,  [SyncSideChain] Side chain [ XVfmhjxGxBKgzYxyXCJTb6YmaRfWPVunj4 ] height:  9
2019/05/09 23:56:46.825887 [1;35m[INF][m GID 91, [arbitrator] Main chain height:  40
2019/05/09 23:56:50.078448 [1;35m[INF][m GID 36, currentHeight: 24  chainHeight: 25
2019/05/09 23:56:50.084161 [1;35m[INF][m GID 36,  [SyncSideChain] Side chain [ XKUh4GLhFJiqAMTF6HyWQrV9pK9HcGUdfJ ] height:  25
2019/05/09 23:56:58.014711 [1;35m[INF][m GID 91, [arbitrator] Main chain height:  41
2019/05/09 23:57:02.126189 [1;35m[INF][m GID 36, currentHeight: 25  chainHeight: 26
2019/05/09 23:57:02.145453 [1;35m[INF][m GID 36,  [SyncSideChain] Side chain [ XKUh4GLhFJiqAMTF6HyWQrV9pK9HcGUdfJ ] height:  26
2019/05/09 23:57:08.215398 [1;35m[INF][m GID 93, Check and remove cross chain transactions from dbcache finished
2019/05/09 23:57:08.601250 [1;35m[INF][m GID 94, Warning side chain mining account:  ENTmN8H9WEQjiR5aZyHHSErUDb24PtgeKf: 0 EHnxz2oRXehfAy5QrCH7gqZtUZQPx7hprH: 0 
2019/05/09 23:57:12.302383 [1;35m[INF][m GID 91, [arbitrator] Main chain height:  42
2019/05/09 23:57:24.452058 [1;35m[INF][m GID 91, [arbitrator] Main chain height:  43
2019/05/09 23:57:27.400282 [1;35m[INF][m GID 36, currentHeight: 26  chainHeight: 28
2019/05/09 23:57:27.406200 [1;35m[INF][m GID 36,  [SyncSideChain] Side chain [ XKUh4GLhFJiqAMTF6HyWQrV9pK9HcGUdfJ ] height:  28
2019/05/09 23:57:28.476518 [1;35m[INF][m GID 91, [arbitrator] Main chain height:  44
2019/05/09 23:57:30.449356 [1;35m[INF][m GID 36, currentHeight: 28  chainHeight: 29
2019/05/09 23:57:30.453182 [1;35m[INF][m GID 36,  [SyncSideChain] Side chain [ XKUh4GLhFJiqAMTF6HyWQrV9pK9HcGUdfJ ] height:  29
2019/05/09 23:57:31.454420 [1;35m[INF][m GID 36, currentHeight: 29  chainHeight: 30
2019/05/09 23:57:31.461138 [1;35m[INF][m GID 36,  [SyncSideChain] Side chain [ XKUh4GLhFJiqAMTF6HyWQrV9pK9HcGUdfJ ] height:  30
2019/05/09 23:57:34.581428 [1;35m[INF][m GID 91, [arbitrator] Main chain height:  45
2019/05/09 23:57:39.586217 [1;35m[INF][m GID 36, currentHeight: 30  chainHeight: 31
2019/05/09 23:57:39.591088 [1;35m[INF][m GID 36,  [SyncSideChain] Side chain [ XKUh4GLhFJiqAMTF6HyWQrV9pK9HcGUdfJ ] height:  31
2019/05/09 23:57:58.034481 [1;35m[INF][m GID 91, [arbitrator] Main chain height:  46
2019/05/09 23:58:00.987992 [1;35m[INF][m GID 36, currentHeight: 31  chainHeight: 32
2019/05/09 23:58:01.011533 [1;35m[INF][m GID 36,  [SyncSideChain] Side chain [ XKUh4GLhFJiqAMTF6HyWQrV9pK9HcGUdfJ ] height:  32
2019/05/09 23:58:02.084540 [1;35m[INF][m GID 91, [arbitrator] Main chain height:  47
2019/05/09 23:58:08.139597 [1;35m[INF][m GID 91, [arbitrator] Main chain height:  48
2019/05/09 23:58:08.216267 [1;35m[INF][m GID 93, Check and remove cross chain transactions from dbcache finished
2019/05/09 23:58:08.614676 [1;35m[INF][m GID 94, Warning side chain mining account:  ENTmN8H9WEQjiR5aZyHHSErUDb24PtgeKf: 0 EHnxz2oRXehfAy5QrCH7gqZtUZQPx7hprH: 0 
2019/05/09 23:58:08.891487 [1;35m[INF][m GID 37, currentHeight: 9  chainHeight: 10
2019/05/09 23:58:08.902087 [1;35m[INF][m GID 37,  [SyncSideChain] Side chain [ XVfmhjxGxBKgzYxyXCJTb6YmaRfWPVunj4 ] height:  10
2019/05/09 23:58:20.372721 [1;35m[INF][m GID 91, [arbitrator] Main chain height:  49
2019/05/09 23:58:38.665674 [1;35m[INF][m GID 91, [arbitrator] Main chain height:  50
2019/05/09 23:58:44.709878 [1;35m[INF][m GID 91, [arbitrator] Main chain height:  51
2019/05/09 23:58:55.558296 [1;35m[INF][m GID 36, currentHeight: 32  chainHeight: 33
2019/05/09 23:58:55.561690 [1;35m[INF][m GID 36,  [SyncSideChain] Side chain [ XKUh4GLhFJiqAMTF6HyWQrV9pK9HcGUdfJ ] height:  33
2019/05/09 23:58:59.956960 [1;35m[INF][m GID 91, [arbitrator] Main chain height:  52
2019/05/09 23:59:02.627644 [1;35m[INF][m GID 37, currentHeight: 10  chainHeight: 11
2019/05/09 23:59:02.645527 [1;35m[INF][m GID 37,  [SyncSideChain] Side chain [ XVfmhjxGxBKgzYxyXCJTb6YmaRfWPVunj4 ] height:  11
2019/05/09 23:59:03.008450 [1;35m[INF][m GID 91, [arbitrator] Main chain height:  53
2019/05/09 23:59:05.088206 [1;35m[INF][m GID 91, [arbitrator] Main chain height:  54
2019/05/09 23:59:08.216918 [1;35m[INF][m GID 93, Check and remove cross chain transactions from dbcache finished
2019/05/09 23:59:08.629363 [1;35m[INF][m GID 94, Warning side chain mining account:  ENTmN8H9WEQjiR5aZyHHSErUDb24PtgeKf: 0 EHnxz2oRXehfAy5QrCH7gqZtUZQPx7hprH: 0 
2019/05/09 23:59:08.838211 [1;35m[INF][m GID 36, currentHeight: 33  chainHeight: 34
2019/05/09 23:59:08.842403 [1;35m[INF][m GID 36,  [SyncSideChain] Side chain [ XKUh4GLhFJiqAMTF6HyWQrV9pK9HcGUdfJ ] height:  34
2019/05/09 23:59:12.175518 [1;35m[INF][m GID 91, [arbitrator] Main chain height:  55
2019/05/09 23:59:18.288059 [1;35m[INF][m GID 91, [arbitrator] Main chain height:  56
2019/05/09 23:59:22.007933 [1;35m[INF][m GID 36, currentHeight: 34  chainHeight: 35
2019/05/09 23:59:22.020451 [1;35m[INF][m GID 36,  [SyncSideChain] Side chain [ XKUh4GLhFJiqAMTF6HyWQrV9pK9HcGUdfJ ] height:  35
2019/05/09 23:59:39.691042 [1;35m[INF][m GID 91, [arbitrator] Main chain height:  57
2019/05/09 23:59:40.712195 [1;35m[INF][m GID 91, [arbitrator] Main chain height:  58
2019/05/09 23:59:42.355371 [1;35m[INF][m GID 36, currentHeight: 35  chainHeight: 36
2019/05/09 23:59:42.395043 [1;35m[INF][m GID 36,  [SyncSideChain] Side chain [ XKUh4GLhFJiqAMTF6HyWQrV9pK9HcGUdfJ ] height:  36
2019/05/09 23:59:47.506194 [1;35m[INF][m GID 36, currentHeight: 36  chainHeight: 37
2019/05/09 23:59:47.515489 [1;35m[INF][m GID 36,  [SyncSideChain] Side chain [ XKUh4GLhFJiqAMTF6HyWQrV9pK9HcGUdfJ ] height:  37
2019/05/10 00:00:01.987187 [1;35m[INF][m GID 91, [arbitrator] Main chain height:  59
2019/05/10 00:00:07.835906 [1;35m[INF][m GID 36, currentHeight: 37  chainHeight: 38
2019/05/10 00:00:07.839936 [1;35m[INF][m GID 36,  [SyncSideChain] Side chain [ XKUh4GLhFJiqAMTF6HyWQrV9pK9HcGUdfJ ] height:  38
2019/05/10 00:00:08.220109 [1;35m[INF][m GID 93, Check and remove cross chain transactions from dbcache finished
2019/05/10 00:00:08.663320 [1;35m[INF][m GID 94, Warning side chain mining account:  ENTmN8H9WEQjiR5aZyHHSErUDb24PtgeKf: 0 EHnxz2oRXehfAy5QrCH7gqZtUZQPx7hprH: 0 
2019/05/10 00:00:19.233219 [1;35m[INF][m GID 91, [arbitrator] Main chain height:  60
2019/05/10 00:00:29.925554 [1;35m[INF][m GID 37, currentHeight: 11  chainHeight: 12
2019/05/10 00:00:29.938548 [1;35m[INF][m GID 37,  [SyncSideChain] Side chain [ XVfmhjxGxBKgzYxyXCJTb6YmaRfWPVunj4 ] height:  12
2019/05/10 00:00:31.131807 [1;35m[INF][m GID 36, currentHeight: 38  chainHeight: 39
2019/05/10 00:00:31.135315 [1;35m[INF][m GID 36,  [SyncSideChain] Side chain [ XKUh4GLhFJiqAMTF6HyWQrV9pK9HcGUdfJ ] height:  39
2019/05/10 00:00:44.325550 [1;35m[INF][m GID 36, currentHeight: 39  chainHeight: 40
2019/05/10 00:00:44.329041 [1;35m[INF][m GID 36,  [SyncSideChain] Side chain [ XKUh4GLhFJiqAMTF6HyWQrV9pK9HcGUdfJ ] height:  40
2019/05/10 00:00:46.368681 [1;35m[INF][m GID 36, currentHeight: 40  chainHeight: 41
2019/05/10 00:00:46.380407 [1;35m[INF][m GID 36,  [SyncSideChain] Side chain [ XKUh4GLhFJiqAMTF6HyWQrV9pK9HcGUdfJ ] height:  41
2019/05/10 00:00:48.822065 [1;35m[INF][m GID 91, [arbitrator] Main chain height:  61
2019/05/10 00:00:56.892267 [1;35m[INF][m GID 91, [arbitrator] Main chain height:  62
2019/05/10 00:00:58.515022 [1;35m[INF][m GID 36, currentHeight: 41  chainHeight: 42
2019/05/10 00:00:58.547935 [1;35m[INF][m GID 36,  [SyncSideChain] Side chain [ XKUh4GLhFJiqAMTF6HyWQrV9pK9HcGUdfJ ] height:  42
2019/05/10 00:01:05.648162 [1;35m[INF][m GID 36, currentHeight: 42  chainHeight: 43
2019/05/10 00:01:05.679936 [1;35m[INF][m GID 36,  [SyncSideChain] Side chain [ XKUh4GLhFJiqAMTF6HyWQrV9pK9HcGUdfJ ] height:  43
2019/05/10 00:01:06.742341 [1;35m[INF][m GID 36, currentHeight: 43  chainHeight: 44
2019/05/10 00:01:06.749734 [1;35m[INF][m GID 36,  [SyncSideChain] Side chain [ XKUh4GLhFJiqAMTF6HyWQrV9pK9HcGUdfJ ] height:  44
2019/05/10 00:01:08.019254 [1;35m[INF][m GID 91, [arbitrator] Main chain height:  63
2019/05/10 00:01:08.220582 [1;35m[INF][m GID 93, Check and remove cross chain transactions from dbcache finished
2019/05/10 00:01:08.702837 [1;35m[INF][m GID 94, Warning side chain mining account:  ENTmN8H9WEQjiR5aZyHHSErUDb24PtgeKf: 0 EHnxz2oRXehfAy5QrCH7gqZtUZQPx7hprH: 0 
2019/05/10 00:01:14.223498 [1;35m[INF][m GID 91, [arbitrator] Main chain height:  64
2019/05/10 00:01:16.711717 [1;35m[INF][m GID 37, currentHeight: 12  chainHeight: 13
2019/05/10 00:01:16.715823 [1;35m[INF][m GID 37,  [SyncSideChain] Side chain [ XVfmhjxGxBKgzYxyXCJTb6YmaRfWPVunj4 ] height:  13
2019/05/10 00:01:16.857425 [1;35m[INF][m GID 36, currentHeight: 44  chainHeight: 45
2019/05/10 00:01:16.861887 [1;35m[INF][m GID 36,  [SyncSideChain] Side chain [ XKUh4GLhFJiqAMTF6HyWQrV9pK9HcGUdfJ ] height:  45
2019/05/10 00:01:33.044264 [1;35m[INF][m GID 37, currentHeight: 13  chainHeight: 14
2019/05/10 00:01:33.049150 [1;35m[INF][m GID 37,  [SyncSideChain] Side chain [ XVfmhjxGxBKgzYxyXCJTb6YmaRfWPVunj4 ] height:  14
2019/05/10 00:01:34.126255 [1;35m[INF][m GID 36, currentHeight: 45  chainHeight: 46
2019/05/10 00:01:34.139119 [1;35m[INF][m GID 36,  [SyncSideChain] Side chain [ XKUh4GLhFJiqAMTF6HyWQrV9pK9HcGUdfJ ] height:  46
2019/05/10 00:01:40.716296 [1;35m[INF][m GID 91, [arbitrator] Main chain height:  65
2019/05/10 00:01:45.300692 [1;35m[INF][m GID 36, currentHeight: 46  chainHeight: 47
2019/05/10 00:01:45.306770 [1;35m[INF][m GID 36,  [SyncSideChain] Side chain [ XKUh4GLhFJiqAMTF6HyWQrV9pK9HcGUdfJ ] height:  47
2019/05/10 00:01:48.340570 [1;35m[INF][m GID 36, currentHeight: 47  chainHeight: 48
2019/05/10 00:01:48.344236 [1;35m[INF][m GID 36,  [SyncSideChain] Side chain [ XKUh4GLhFJiqAMTF6HyWQrV9pK9HcGUdfJ ] height:  48
2019/05/10 00:01:51.961384 [1;35m[INF][m GID 91, [arbitrator] Main chain height:  66
2019/05/10 00:02:03.224101 [1;35m[INF][m GID 91, [arbitrator] Main chain height:  67
2019/05/10 00:02:06.234001 [1;35m[INF][m GID 91, [arbitrator] Main chain height:  68
2019/05/10 00:02:08.221111 [1;35m[INF][m GID 93, Check and remove cross chain transactions from dbcache finished
2019/05/10 00:02:08.322245 [1;35m[INF][m GID 91, [arbitrator] Main chain height:  69
2019/05/10 00:02:08.706675 [1;35m[INF][m GID 94, Warning side chain mining account:  ENTmN8H9WEQjiR5aZyHHSErUDb24PtgeKf: 0 EHnxz2oRXehfAy5QrCH7gqZtUZQPx7hprH: 0 
2019/05/10 00:02:21.701322 [1;35m[INF][m GID 36, currentHeight: 48  chainHeight: 49
2019/05/10 00:02:21.709509 [1;35m[INF][m GID 36,  [SyncSideChain] Side chain [ XKUh4GLhFJiqAMTF6HyWQrV9pK9HcGUdfJ ] height:  49
2019/05/10 00:02:29.736250 [1;35m[INF][m GID 91, [arbitrator] Main chain height:  70
2019/05/10 00:02:38.000944 [1;35m[INF][m GID 36, currentHeight: 49  chainHeight: 50
2019/05/10 00:02:38.005885 [1;35m[INF][m GID 36,  [SyncSideChain] Side chain [ XKUh4GLhFJiqAMTF6HyWQrV9pK9HcGUdfJ ] height:  50
2019/05/10 00:02:43.074832 [1;35m[INF][m GID 36, currentHeight: 50  chainHeight: 51
2019/05/10 00:02:43.090664 [1;35m[INF][m GID 36,  [SyncSideChain] Side chain [ XKUh4GLhFJiqAMTF6HyWQrV9pK9HcGUdfJ ] height:  51
2019/05/10 00:02:49.163379 [1;35m[INF][m GID 36, currentHeight: 51  chainHeight: 52
2019/05/10 00:02:49.185393 [1;35m[INF][m GID 36,  [SyncSideChain] Side chain [ XKUh4GLhFJiqAMTF6HyWQrV9pK9HcGUdfJ ] height:  52
2019/05/10 00:02:50.165255 [1;35m[INF][m GID 37, currentHeight: 14  chainHeight: 15
2019/05/10 00:02:50.172307 [1;35m[INF][m GID 37,  [SyncSideChain] Side chain [ XVfmhjxGxBKgzYxyXCJTb6YmaRfWPVunj4 ] height:  15
2019/05/10 00:02:51.068913 [1;35m[INF][m GID 91, [arbitrator] Main chain height:  71
2019/05/10 00:02:56.148140 [1;35m[INF][m GID 91, [arbitrator] Main chain height:  72
2019/05/10 00:02:57.219194 [1;35m[INF][m GID 36, currentHeight: 52  chainHeight: 53
2019/05/10 00:02:57.223299 [1;35m[INF][m GID 36,  [SyncSideChain] Side chain [ XKUh4GLhFJiqAMTF6HyWQrV9pK9HcGUdfJ ] height:  53
2019/05/10 00:03:01.272316 [1;35m[INF][m GID 37, currentHeight: 15  chainHeight: 16
2019/05/10 00:03:01.275703 [1;35m[INF][m GID 37,  [SyncSideChain] Side chain [ XVfmhjxGxBKgzYxyXCJTb6YmaRfWPVunj4 ] height:  16
2019/05/10 00:03:02.227577 [1;35m[INF][m GID 91, [arbitrator] Main chain height:  73
2019/05/10 00:03:05.273110 [1;35m[INF][m GID 36, currentHeight: 53  chainHeight: 54
2019/05/10 00:03:05.284354 [1;35m[INF][m GID 36,  [SyncSideChain] Side chain [ XKUh4GLhFJiqAMTF6HyWQrV9pK9HcGUdfJ ] height:  54
2019/05/10 00:03:06.297751 [1;35m[INF][m GID 37, currentHeight: 16  chainHeight: 17
2019/05/10 00:03:06.301711 [1;35m[INF][m GID 37,  [SyncSideChain] Side chain [ XVfmhjxGxBKgzYxyXCJTb6YmaRfWPVunj4 ] height:  17
2019/05/10 00:03:08.222729 [1;35m[INF][m GID 93, Check and remove cross chain transactions from dbcache finished
2019/05/10 00:03:08.442842 [1;35m[INF][m GID 91, [arbitrator] Main chain height:  74
2019/05/10 00:03:08.708151 [1;35m[INF][m GID 94, Warning side chain mining account:  ENTmN8H9WEQjiR5aZyHHSErUDb24PtgeKf: 0 EHnxz2oRXehfAy5QrCH7gqZtUZQPx7hprH: 0 
2019/05/10 00:03:11.618087 [1;35m[INF][m GID 91, [arbitrator] Main chain height:  75
2019/05/10 00:03:12.640790 [1;35m[INF][m GID 91, [arbitrator] Main chain height:  76
2019/05/10 00:03:20.538909 [1;35m[INF][m GID 37, currentHeight: 17  chainHeight: 18
2019/05/10 00:03:20.589406 [1;35m[INF][m GID 37,  [SyncSideChain] Side chain [ XVfmhjxGxBKgzYxyXCJTb6YmaRfWPVunj4 ] height:  18
2019/05/10 00:03:21.761029 [1;35m[INF][m GID 91, [arbitrator] Main chain height:  77
2019/05/10 00:03:22.567661 [1;35m[INF][m GID 36, currentHeight: 54  chainHeight: 55
2019/05/10 00:03:22.618668 [1;35m[INF][m GID 36,  [SyncSideChain] Side chain [ XKUh4GLhFJiqAMTF6HyWQrV9pK9HcGUdfJ ] height:  55
2019/05/10 00:03:27.710141 [1;35m[INF][m GID 37, currentHeight: 18  chainHeight: 19
2019/05/10 00:03:27.732382 [1;35m[INF][m GID 37,  [SyncSideChain] Side chain [ XVfmhjxGxBKgzYxyXCJTb6YmaRfWPVunj4 ] height:  19
2019/05/10 00:03:31.329061 [1;35m[INF][m GID 91, [arbitrator] Main chain height:  78
2019/05/10 00:03:50.738501 [1;35m[INF][m GID 91, [arbitrator] Main chain height:  79
2019/05/10 00:04:02.514665 [1;35m[INF][m GID 36, currentHeight: 55  chainHeight: 56
2019/05/10 00:04:02.518363 [1;35m[INF][m GID 36,  [SyncSideChain] Side chain [ XKUh4GLhFJiqAMTF6HyWQrV9pK9HcGUdfJ ] height:  56
2019/05/10 00:04:06.001209 [1;35m[INF][m GID 91, [arbitrator] Main chain height:  80
2019/05/10 00:04:08.226026 [1;35m[INF][m GID 93, Check and remove cross chain transactions from dbcache finished
2019/05/10 00:04:08.767824 [1;35m[INF][m GID 94, Warning side chain mining account:  ENTmN8H9WEQjiR5aZyHHSErUDb24PtgeKf: 0 EHnxz2oRXehfAy5QrCH7gqZtUZQPx7hprH: 0 
2019/05/10 00:04:11.099229 [1;35m[INF][m GID 91, [arbitrator] Main chain height:  81
2019/05/10 00:04:13.648921 [1;35m[INF][m GID 36, currentHeight: 56  chainHeight: 57
2019/05/10 00:04:13.654180 [1;35m[INF][m GID 36,  [SyncSideChain] Side chain [ XKUh4GLhFJiqAMTF6HyWQrV9pK9HcGUdfJ ] height:  57
2019/05/10 00:04:22.310419 [1;35m[INF][m GID 91, [arbitrator] Main chain height:  82
2019/05/10 00:04:25.331297 [1;35m[INF][m GID 91, [arbitrator] Main chain height:  83
2019/05/10 00:04:31.876914 [1;35m[INF][m GID 36, currentHeight: 57  chainHeight: 58
2019/05/10 00:04:31.924479 [1;35m[INF][m GID 36,  [SyncSideChain] Side chain [ XKUh4GLhFJiqAMTF6HyWQrV9pK9HcGUdfJ ] height:  58
2019/05/10 00:04:33.946311 [1;35m[INF][m GID 36, currentHeight: 58  chainHeight: 59
2019/05/10 00:04:34.023718 [1;35m[INF][m GID 36,  [SyncSideChain] Side chain [ XKUh4GLhFJiqAMTF6HyWQrV9pK9HcGUdfJ ] height:  59
2019/05/10 00:04:37.550419 [1;35m[INF][m GID 91, [arbitrator] Main chain height:  84
2019/05/10 00:04:41.624875 [1;35m[INF][m GID 91, [arbitrator] Main chain height:  85
2019/05/10 00:04:46.203586 [1;35m[INF][m GID 36, currentHeight: 59  chainHeight: 60
2019/05/10 00:04:46.240797 [1;35m[INF][m GID 36,  [SyncSideChain] Side chain [ XKUh4GLhFJiqAMTF6HyWQrV9pK9HcGUdfJ ] height:  60
2019/05/10 00:04:51.776746 [1;35m[INF][m GID 91, [arbitrator] Main chain height:  86
2019/05/10 00:04:59.011929 [1;35m[INF][m GID 91, [arbitrator] Main chain height:  87
2019/05/10 00:05:07.250719 [1;35m[INF][m GID 37, currentHeight: 19  chainHeight: 20
2019/05/10 00:05:07.276870 [1;35m[INF][m GID 37,  [SyncSideChain] Side chain [ XVfmhjxGxBKgzYxyXCJTb6YmaRfWPVunj4 ] height:  20
2019/05/10 00:05:08.227396 [1;35m[INF][m GID 93, Check and remove cross chain transactions from dbcache finished
2019/05/10 00:05:08.808865 [1;35m[INF][m GID 94, Warning side chain mining account:  ENTmN8H9WEQjiR5aZyHHSErUDb24PtgeKf: 0 EHnxz2oRXehfAy5QrCH7gqZtUZQPx7hprH: 0 
2019/05/10 00:05:10.181244 [1;35m[INF][m GID 91, [arbitrator] Main chain height:  88
2019/05/10 00:05:11.329936 [1;35m[INF][m GID 37, currentHeight: 20  chainHeight: 21
2019/05/10 00:05:11.335975 [1;35m[INF][m GID 37,  [SyncSideChain] Side chain [ XVfmhjxGxBKgzYxyXCJTb6YmaRfWPVunj4 ] height:  21
2019/05/10 00:05:16.309238 [1;35m[INF][m GID 91, [arbitrator] Main chain height:  89
2019/05/10 00:05:16.554857 [1;35m[INF][m GID 36, currentHeight: 60  chainHeight: 61
2019/05/10 00:05:16.559579 [1;35m[INF][m GID 36,  [SyncSideChain] Side chain [ XKUh4GLhFJiqAMTF6HyWQrV9pK9HcGUdfJ ] height:  61
2019/05/10 00:05:27.710487 [1;35m[INF][m GID 36, currentHeight: 61  chainHeight: 62
2019/05/10 00:05:27.755005 [1;35m[INF][m GID 36,  [SyncSideChain] Side chain [ XKUh4GLhFJiqAMTF6HyWQrV9pK9HcGUdfJ ] height:  62
2019/05/10 00:05:39.690438 [1;35m[INF][m GID 91, [arbitrator] Main chain height:  90
2019/05/10 00:05:43.063201 [1;35m[INF][m GID 36, currentHeight: 62  chainHeight: 63
2019/05/10 00:05:43.076902 [1;35m[INF][m GID 36,  [SyncSideChain] Side chain [ XKUh4GLhFJiqAMTF6HyWQrV9pK9HcGUdfJ ] height:  63
2019/05/10 00:05:57.096728 [1;35m[INF][m GID 37, currentHeight: 21  chainHeight: 22
2019/05/10 00:05:57.101538 [1;35m[INF][m GID 37,  [SyncSideChain] Side chain [ XVfmhjxGxBKgzYxyXCJTb6YmaRfWPVunj4 ] height:  22
2019/05/10 00:05:59.325590 [1;35m[INF][m GID 36, currentHeight: 63  chainHeight: 64
2019/05/10 00:05:59.372298 [1;35m[INF][m GID 36,  [SyncSideChain] Side chain [ XKUh4GLhFJiqAMTF6HyWQrV9pK9HcGUdfJ ] height:  64
2019/05/10 00:05:59.954683 [1;35m[INF][m GID 91, [arbitrator] Main chain height:  91
2019/05/10 00:06:08.228565 [1;35m[INF][m GID 93, Check and remove cross chain transactions from dbcache finished
2019/05/10 00:06:08.819772 [1;35m[INF][m GID 94, Warning side chain mining account:  ENTmN8H9WEQjiR5aZyHHSErUDb24PtgeKf: 0 EHnxz2oRXehfAy5QrCH7gqZtUZQPx7hprH: 0 
2019/05/10 00:06:12.319986 [1;35m[INF][m GID 37, currentHeight: 22  chainHeight: 23
2019/05/10 00:06:12.323429 [1;35m[INF][m GID 37,  [SyncSideChain] Side chain [ XVfmhjxGxBKgzYxyXCJTb6YmaRfWPVunj4 ] height:  23
2019/05/10 00:06:12.553402 [1;35m[INF][m GID 36, currentHeight: 64  chainHeight: 65
2019/05/10 00:06:12.556877 [1;35m[INF][m GID 36,  [SyncSideChain] Side chain [ XKUh4GLhFJiqAMTF6HyWQrV9pK9HcGUdfJ ] height:  65
2019/05/10 00:06:20.385080 [1;35m[INF][m GID 37, currentHeight: 23  chainHeight: 24
2019/05/10 00:06:20.397888 [1;35m[INF][m GID 37,  [SyncSideChain] Side chain [ XVfmhjxGxBKgzYxyXCJTb6YmaRfWPVunj4 ] height:  24
2019/05/10 00:06:25.200813 [1;35m[INF][m GID 91, [arbitrator] Main chain height:  92
2019/05/10 00:06:31.241632 [1;35m[INF][m GID 91, [arbitrator] Main chain height:  93
2019/05/10 00:06:33.797741 [1;35m[INF][m GID 36, currentHeight: 65  chainHeight: 66
2019/05/10 00:06:33.827447 [1;35m[INF][m GID 36,  [SyncSideChain] Side chain [ XKUh4GLhFJiqAMTF6HyWQrV9pK9HcGUdfJ ] height:  66
2019/05/10 00:06:36.290419 [1;35m[INF][m GID 91, [arbitrator] Main chain height:  94
2019/05/10 00:06:42.535013 [1;35m[INF][m GID 91, [SyncFromMainNode] rpc get current height failed
2019/05/10 00:06:42.535912 [1;31m[ERR][m GID 91, Arbitrator group sync error:  Post http://ela-mainchain-crc-2:10014: dial tcp 172.25.0.4:10014: connect: connection refused
2019/05/10 00:06:43.539633 [1;35m[INF][m GID 91, [SyncFromMainNode] rpc get current height failed
2019/05/10 00:06:43.539795 [1;31m[ERR][m GID 91, Arbitrator group sync error:  Post http://ela-mainchain-crc-2:10014: dial tcp 172.25.0.4:10014: connect: connection refused
2019/05/10 00:06:44.549610 [1;35m[INF][m GID 91, [SyncFromMainNode] rpc get current height failed
2019/05/10 00:06:44.549692 [1;31m[ERR][m GID 91, Arbitrator group sync error:  Post http://ela-mainchain-crc-2:10014: dial tcp 172.25.0.4:10014: connect: connection refused
2019/05/10 00:06:45.565922 [1;35m[INF][m GID 91, [SyncFromMainNode] rpc get current height failed
2019/05/10 00:06:45.565975 [1;31m[ERR][m GID 91, Arbitrator group sync error:  Post http://ela-mainchain-crc-2:10014: dial tcp: lookup ela-mainchain-crc-2 on 127.0.0.11:53: no such host
2019/05/10 00:06:49.646877 [1;35m[INF][m GID 91, [SyncFromMainNode] rpc get current height failed
2019/05/10 00:06:49.647164 [1;31m[ERR][m GID 91, Arbitrator group sync error:  Post http://ela-mainchain-crc-2:10014: dial tcp 172.25.0.7:10014: connect: no route to host
2019/05/10 00:06:51.689042 [1;35m[INF][m GID 91, [SyncFromMainNode] rpc get current height failed
2019/05/10 00:06:51.737484 [1;31m[ERR][m GID 91, Arbitrator group sync error:  Post http://ela-mainchain-crc-2:10014: dial tcp 172.25.0.7:10014: connect: connection refused
2019/05/10 00:07:04.983140 [1;35m[INF][m GID 91, [arbitrator] Main chain height:  95
