2019/03/28 20:42:07.301506 [1;35m[INF][m GID 1, Init wallet.
2019/03/28 20:42:07.308677 [1;35m[INF][m GID 1, Arbiter version:  a033
2019/03/28 20:42:07.308716 [1;35m[INF][m GID 1, 1. Init chain utxo cache.
2019/03/28 20:42:07.339726 [1;35m[INF][m GID 1, 2. Init finished transaction cache.
2019/03/28 20:42:07.340238 [1;35m[INF][m GID 1, 3. Start arbitrator P2P networks.
2019/03/28 20:42:07.342156 [1;35m[INF][m GID 1, 4. Init configurations.
2019/03/28 20:42:07.344463 [1;35m[INF][m GID 39, currentHeight: 33  chainHeight: 37
2019/03/28 20:42:07.354592 [1;35m[INF][m GID 1, [arbitrator] Main chain height:  220
2019/03/28 20:42:07.355551 [1;35m[INF][m GID 1, [processBlock] block height: 217 current height: 217
2019/03/28 20:42:07.355957 [1;35m[INF][m GID 1, Side chain [ XKUh4GLhFJiqAMTF6HyWQrV9pK9HcGUdfJ ] SetLastUsedUtxoHeight  217
2019/03/28 20:42:07.356609 [1;35m[INF][m GID 1, [processBlock] block height: 218 current height: 218
2019/03/28 20:42:07.356892 [1;35m[INF][m GID 1, Side chain [ XKUh4GLhFJiqAMTF6HyWQrV9pK9HcGUdfJ ] SetLastUsedUtxoHeight  218
2019/03/28 20:42:07.358355 [1;35m[INF][m GID 1, [processBlock] block height: 219 current height: 219
2019/03/28 20:42:07.358624 [1;35m[INF][m GID 1, Side chain [ XKUh4GLhFJiqAMTF6HyWQrV9pK9HcGUdfJ ] SetLastUsedUtxoHeight  219
2019/03/28 20:42:07.359807 [1;35m[INF][m GID 1, [processBlock] block height: 220 current height: 220
2019/03/28 20:42:07.360075 [1;35m[INF][m GID 1, Side chain [ XKUh4GLhFJiqAMTF6HyWQrV9pK9HcGUdfJ ] SetLastUsedUtxoHeight  220
2019/03/28 20:42:07.367096 [1;35m[INF][m GID 1, 5. Start arbitrator spv module.
2019/03/28 20:42:07.367175 [1;35m[INF][m GID 1, [StartSpvModule] new spv service: &{elastos_arbiter/data/spv 7630401 ENqDYUYURsHpp1wQ8LBdTLba4JhEvSDXEw [127.0.0.1:20338 127.0.0.1:21338 127.0.0.1:22338] 20338 1 100 <nil>}
2019/03/28 20:42:07.402899 [1;35m[INF][m GID 39,  [SyncSideChain] Side chain [ XKUh4GLhFJiqAMTF6HyWQrV9pK9HcGUdfJ ] height:  37
2019/03/28 20:42:07.450997 [1;35m[INF][m GID 1, [StartSpvModule] register auxpow listener: ENG8Htd1wmmdeLMqivVgE5aeGHNjutQxhx
2019/03/28 20:42:07.451091 [1;35m[INF][m GID 1, [StartSpvModule] register dposit listener: XKUh4GLhFJiqAMTF6HyWQrV9pK9HcGUdfJ
2019/03/28 20:42:07.451161 [1;35m[INF][m GID 1, 6. Start arbitrator group monitor.
2019/03/28 20:42:07.451178 [1;35m[INF][m GID 1, 7. Start servers.
2019/03/28 20:42:07.451192 [1;35m[INF][m GID 1, 8. Start check and remove cross chain transactions from db.
2019/03/28 20:42:07.451216 [1;35m[INF][m GID 1, 9. Start side chain account divide.
2019/03/28 20:42:07.451585 [1;35m[INF][m GID 119, Check and remove cross chain transactions from dbcache finished
2019/03/28 20:42:10.465427 [1;35m[INF][m GID 117, [arbitrator] Main chain height:  221
2019/03/28 20:42:10.466991 [1;35m[INF][m GID 117, [processBlock] block height: 221 current height: 221
2019/03/28 20:42:10.467219 [1;35m[INF][m GID 117, Side chain [ XKUh4GLhFJiqAMTF6HyWQrV9pK9HcGUdfJ ] SetLastUsedUtxoHeight  221
2019/03/28 20:42:14.417478 [1;35m[INF][m GID 39, currentHeight: 37  chainHeight: 38
2019/03/28 20:42:14.422776 [1;35m[INF][m GID 39,  [SyncSideChain] Side chain [ XKUh4GLhFJiqAMTF6HyWQrV9pK9HcGUdfJ ] height:  38
2019/03/28 20:42:14.500557 [1;35m[INF][m GID 117, [arbitrator] Main chain height:  222
2019/03/28 20:42:14.501389 [1;35m[INF][m GID 117, [processBlock] block height: 222 current height: 222
2019/03/28 20:42:14.501605 [1;35m[INF][m GID 117, Side chain [ XKUh4GLhFJiqAMTF6HyWQrV9pK9HcGUdfJ ] SetLastUsedUtxoHeight  222
2019/03/28 20:42:20.526070 [1;35m[INF][m GID 117, [arbitrator] Main chain height:  223
2019/03/28 20:42:20.536299 [1;35m[INF][m GID 117, [processBlock] block height: 223 current height: 223
2019/03/28 20:42:20.536611 [1;35m[INF][m GID 117, Side chain [ XKUh4GLhFJiqAMTF6HyWQrV9pK9HcGUdfJ ] SetLastUsedUtxoHeight  223
2019/03/28 20:42:22.507251 [1;35m[INF][m GID 39, currentHeight: 38  chainHeight: 39
2019/03/28 20:42:22.514660 [1;35m[INF][m GID 39,  [SyncSideChain] Side chain [ XKUh4GLhFJiqAMTF6HyWQrV9pK9HcGUdfJ ] height:  39
2019/03/28 20:42:26.519851 [1;35m[INF][m GID 39, currentHeight: 39  chainHeight: 40
2019/03/28 20:42:26.535050 [1;35m[INF][m GID 39,  [SyncSideChain] Side chain [ XKUh4GLhFJiqAMTF6HyWQrV9pK9HcGUdfJ ] height:  40
2019/03/28 20:42:28.575524 [1;35m[INF][m GID 117, [arbitrator] Main chain height:  224
2019/03/28 20:42:28.578277 [1;35m[INF][m GID 117, [processBlock] block height: 224 current height: 224
2019/03/28 20:42:28.578822 [1;35m[INF][m GID 117, Side chain [ XKUh4GLhFJiqAMTF6HyWQrV9pK9HcGUdfJ ] SetLastUsedUtxoHeight  224
2019/03/28 20:42:35.834120 [1;35m[INF][m GID 117, [arbitrator] Main chain height:  225
2019/03/28 20:42:35.834956 [1;35m[INF][m GID 117, [processBlock] block height: 225 current height: 225
2019/03/28 20:42:35.835157 [1;35m[INF][m GID 117, Side chain [ XKUh4GLhFJiqAMTF6HyWQrV9pK9HcGUdfJ ] SetLastUsedUtxoHeight  225
2019/03/28 20:42:36.825949 [1;35m[INF][m GID 39, currentHeight: 40  chainHeight: 41
2019/03/28 20:42:36.840736 [1;35m[INF][m GID 39,  [SyncSideChain] Side chain [ XKUh4GLhFJiqAMTF6HyWQrV9pK9HcGUdfJ ] height:  41
2019/03/28 20:42:37.843051 [1;35m[INF][m GID 39, currentHeight: 41  chainHeight: 42
2019/03/28 20:42:37.856123 [1;35m[INF][m GID 117, [arbitrator] Main chain height:  226
2019/03/28 20:42:37.857028 [1;35m[INF][m GID 117, [processBlock] block height: 226 current height: 226
2019/03/28 20:42:37.857972 [1;35m[INF][m GID 117, Side chain [ XKUh4GLhFJiqAMTF6HyWQrV9pK9HcGUdfJ ] SetLastUsedUtxoHeight  226
2019/03/28 20:42:37.875593 [1;35m[INF][m GID 39,  [SyncSideChain] Side chain [ XKUh4GLhFJiqAMTF6HyWQrV9pK9HcGUdfJ ] height:  42
2019/03/28 20:42:39.900301 [1;35m[INF][m GID 117, [arbitrator] Main chain height:  227
2019/03/28 20:42:39.901251 [1;35m[INF][m GID 117, [processBlock] block height: 227 current height: 227
2019/03/28 20:42:39.901500 [1;35m[INF][m GID 117, Side chain [ XKUh4GLhFJiqAMTF6HyWQrV9pK9HcGUdfJ ] SetLastUsedUtxoHeight  227
2019/03/28 20:42:42.893694 [1;35m[INF][m GID 39, currentHeight: 42  chainHeight: 43
2019/03/28 20:42:42.905300 [1;35m[INF][m GID 39,  [SyncSideChain] Side chain [ XKUh4GLhFJiqAMTF6HyWQrV9pK9HcGUdfJ ] height:  43
2019/03/28 20:42:42.919161 [1;35m[INF][m GID 117, [arbitrator] Main chain height:  228
2019/03/28 20:42:42.921531 [1;35m[INF][m GID 117, [processBlock] block height: 228 current height: 228
2019/03/28 20:42:42.921786 [1;35m[INF][m GID 117, Side chain [ XKUh4GLhFJiqAMTF6HyWQrV9pK9HcGUdfJ ] SetLastUsedUtxoHeight  228
2019/03/28 20:42:45.909184 [1;35m[INF][m GID 39, currentHeight: 43  chainHeight: 44
2019/03/28 20:42:45.926201 [1;35m[INF][m GID 39,  [SyncSideChain] Side chain [ XKUh4GLhFJiqAMTF6HyWQrV9pK9HcGUdfJ ] height:  44
2019/03/28 20:42:50.934380 [1;35m[INF][m GID 39, currentHeight: 44  chainHeight: 45
2019/03/28 20:42:50.937281 [1;35m[INF][m GID 39,  [SyncSideChain] Side chain [ XKUh4GLhFJiqAMTF6HyWQrV9pK9HcGUdfJ ] height:  45
2019/03/28 20:42:50.955404 [1;35m[INF][m GID 117, [arbitrator] Main chain height:  229
2019/03/28 20:42:50.957546 [1;35m[INF][m GID 117, [processBlock] block height: 229 current height: 229
2019/03/28 20:42:50.960270 [1;35m[INF][m GID 117, Side chain [ XKUh4GLhFJiqAMTF6HyWQrV9pK9HcGUdfJ ] SetLastUsedUtxoHeight  229
2019/03/28 20:42:52.974795 [1;35m[INF][m GID 117, [arbitrator] Main chain height:  230
2019/03/28 20:42:52.975607 [1;35m[INF][m GID 117, [processBlock] block height: 230 current height: 230
2019/03/28 20:42:52.975935 [1;35m[INF][m GID 117, Side chain [ XKUh4GLhFJiqAMTF6HyWQrV9pK9HcGUdfJ ] SetLastUsedUtxoHeight  230
2019/03/28 20:42:58.966252 [1;35m[INF][m GID 39, currentHeight: 45  chainHeight: 46
2019/03/28 20:42:58.981594 [1;35m[INF][m GID 39,  [SyncSideChain] Side chain [ XKUh4GLhFJiqAMTF6HyWQrV9pK9HcGUdfJ ] height:  46
2019/03/28 20:43:07.452817 [1;35m[INF][m GID 120, Warning side chain mining account:  ENG8Htd1wmmdeLMqivVgE5aeGHNjutQxhx: 0 
2019/03/28 20:43:07.453115 [1;35m[INF][m GID 119, Check and remove cross chain transactions from dbcache finished
2019/03/28 20:43:22.859229 [1;35m[INF][m GID 117, [arbitrator] Main chain height:  231
2019/03/28 20:43:22.880489 [1;35m[INF][m GID 117, [processBlock] block height: 231 current height: 231
2019/03/28 20:43:22.880750 [1;35m[INF][m GID 117, Side chain [ XKUh4GLhFJiqAMTF6HyWQrV9pK9HcGUdfJ ] SetLastUsedUtxoHeight  231
2019/03/28 20:43:25.894619 [1;35m[INF][m GID 117, [arbitrator] Main chain height:  232
2019/03/28 20:43:25.895331 [1;35m[INF][m GID 117, [processBlock] block height: 232 current height: 232
2019/03/28 20:43:25.895596 [1;35m[INF][m GID 117, Side chain [ XKUh4GLhFJiqAMTF6HyWQrV9pK9HcGUdfJ ] SetLastUsedUtxoHeight  232
2019/03/28 20:43:26.840584 [1;35m[INF][m GID 39, currentHeight: 46  chainHeight: 47
2019/03/28 20:43:26.845905 [1;35m[INF][m GID 39,  [SyncSideChain] Side chain [ XKUh4GLhFJiqAMTF6HyWQrV9pK9HcGUdfJ ] height:  47
2019/03/28 20:43:27.849273 [1;35m[INF][m GID 39, currentHeight: 47  chainHeight: 48
2019/03/28 20:43:27.858240 [1;35m[INF][m GID 39,  [SyncSideChain] Side chain [ XKUh4GLhFJiqAMTF6HyWQrV9pK9HcGUdfJ ] height:  48
2019/03/28 20:43:30.908511 [1;35m[INF][m GID 117, [arbitrator] Main chain height:  233
2019/03/28 20:43:30.909255 [1;35m[INF][m GID 117, [processBlock] block height: 233 current height: 233
2019/03/28 20:43:30.909507 [1;35m[INF][m GID 117, Side chain [ XKUh4GLhFJiqAMTF6HyWQrV9pK9HcGUdfJ ] SetLastUsedUtxoHeight  233
2019/03/28 20:43:36.406420 [1;35m[INF][m GID 117, [arbitrator] Main chain height:  235
2019/03/28 20:43:36.407265 [1;35m[INF][m GID 117, [processBlock] block height: 234 current height: 234
2019/03/28 20:43:36.407532 [1;35m[INF][m GID 117, Side chain [ XKUh4GLhFJiqAMTF6HyWQrV9pK9HcGUdfJ ] SetLastUsedUtxoHeight  234
2019/03/28 20:43:36.408257 [1;35m[INF][m GID 117, [processBlock] block height: 235 current height: 235
2019/03/28 20:43:36.408506 [1;35m[INF][m GID 117, Side chain [ XKUh4GLhFJiqAMTF6HyWQrV9pK9HcGUdfJ ] SetLastUsedUtxoHeight  235
2019/03/28 20:43:38.427110 [1;35m[INF][m GID 117, [arbitrator] Main chain height:  236
2019/03/28 20:43:38.427851 [1;35m[INF][m GID 117, [processBlock] block height: 236 current height: 236
2019/03/28 20:43:38.428181 [1;35m[INF][m GID 117, Side chain [ XKUh4GLhFJiqAMTF6HyWQrV9pK9HcGUdfJ ] SetLastUsedUtxoHeight  236
2019/03/28 20:43:41.466846 [1;35m[INF][m GID 117, [arbitrator] Main chain height:  237
2019/03/28 20:43:41.467554 [1;35m[INF][m GID 117, [processBlock] block height: 237 current height: 237
2019/03/28 20:43:41.467784 [1;35m[INF][m GID 117, Side chain [ XKUh4GLhFJiqAMTF6HyWQrV9pK9HcGUdfJ ] SetLastUsedUtxoHeight  237
2019/03/28 20:43:44.883040 [1;35m[INF][m GID 39, currentHeight: 48  chainHeight: 49
2019/03/28 20:43:44.890534 [1;35m[INF][m GID 39,  [SyncSideChain] Side chain [ XKUh4GLhFJiqAMTF6HyWQrV9pK9HcGUdfJ ] height:  49
2019/03/28 20:43:45.893462 [1;35m[INF][m GID 39, currentHeight: 49  chainHeight: 50
2019/03/28 20:43:45.908878 [1;35m[INF][m GID 39,  [SyncSideChain] Side chain [ XKUh4GLhFJiqAMTF6HyWQrV9pK9HcGUdfJ ] height:  50
2019/03/28 20:43:46.909665 [1;35m[INF][m GID 39, currentHeight: 50  chainHeight: 51
2019/03/28 20:43:46.913370 [1;35m[INF][m GID 39,  [SyncSideChain] Side chain [ XKUh4GLhFJiqAMTF6HyWQrV9pK9HcGUdfJ ] height:  51
2019/03/28 20:43:48.488352 [1;35m[INF][m GID 117, [arbitrator] Main chain height:  238
2019/03/28 20:43:48.489191 [1;35m[INF][m GID 117, [processBlock] block height: 238 current height: 238
2019/03/28 20:43:48.489539 [1;35m[INF][m GID 117, Side chain [ XKUh4GLhFJiqAMTF6HyWQrV9pK9HcGUdfJ ] SetLastUsedUtxoHeight  238
2019/03/28 20:43:50.925476 [1;35m[INF][m GID 39, currentHeight: 51  chainHeight: 52
2019/03/28 20:43:50.928821 [1;35m[INF][m GID 39,  [SyncSideChain] Side chain [ XKUh4GLhFJiqAMTF6HyWQrV9pK9HcGUdfJ ] height:  52
2019/03/28 20:44:02.967340 [1;35m[INF][m GID 39, currentHeight: 52  chainHeight: 53
2019/03/28 20:44:02.974819 [1;35m[INF][m GID 39,  [SyncSideChain] Side chain [ XKUh4GLhFJiqAMTF6HyWQrV9pK9HcGUdfJ ] height:  53
2019/03/28 20:44:07.453653 [1;35m[INF][m GID 119, Check and remove cross chain transactions from dbcache finished
2019/03/28 20:44:07.454210 [1;35m[INF][m GID 120, Warning side chain mining account:  ENG8Htd1wmmdeLMqivVgE5aeGHNjutQxhx: 0 
2019/03/28 20:44:22.235567 [1;35m[INF][m GID 39, currentHeight: 53  chainHeight: 54
2019/03/28 20:44:22.242757 [1;35m[INF][m GID 39,  [SyncSideChain] Side chain [ XKUh4GLhFJiqAMTF6HyWQrV9pK9HcGUdfJ ] height:  54
2019/03/28 20:44:24.253432 [1;35m[INF][m GID 39, currentHeight: 54  chainHeight: 55
2019/03/28 20:44:24.258269 [1;35m[INF][m GID 39,  [SyncSideChain] Side chain [ XKUh4GLhFJiqAMTF6HyWQrV9pK9HcGUdfJ ] height:  55
2019/03/28 20:44:37.488649 [1;35m[INF][m GID 39, currentHeight: 55  chainHeight: 56
2019/03/28 20:44:37.493648 [1;35m[INF][m GID 39,  [SyncSideChain] Side chain [ XKUh4GLhFJiqAMTF6HyWQrV9pK9HcGUdfJ ] height:  56
2019/03/28 20:44:46.534220 [1;35m[INF][m GID 39, currentHeight: 56  chainHeight: 57
2019/03/28 20:44:46.540943 [1;35m[INF][m GID 39,  [SyncSideChain] Side chain [ XKUh4GLhFJiqAMTF6HyWQrV9pK9HcGUdfJ ] height:  57
2019/03/28 20:44:48.542688 [1;35m[INF][m GID 39, currentHeight: 57  chainHeight: 58
2019/03/28 20:44:48.546868 [1;35m[INF][m GID 39,  [SyncSideChain] Side chain [ XKUh4GLhFJiqAMTF6HyWQrV9pK9HcGUdfJ ] height:  58
2019/03/28 20:44:57.936440 [1;35m[INF][m GID 117, [arbitrator] Main chain height:  239
2019/03/28 20:44:57.938202 [1;35m[INF][m GID 117, [processBlock] block height: 239 current height: 239
2019/03/28 20:44:57.938686 [1;35m[INF][m GID 117, Side chain [ XKUh4GLhFJiqAMTF6HyWQrV9pK9HcGUdfJ ] SetLastUsedUtxoHeight  239
2019/03/28 20:45:07.454081 [1;35m[INF][m GID 119, Check and remove cross chain transactions from dbcache finished
2019/03/28 20:45:07.455903 [1;35m[INF][m GID 120, Warning side chain mining account:  ENG8Htd1wmmdeLMqivVgE5aeGHNjutQxhx: 0 
2019/03/28 20:45:12.788563 [1;35m[INF][m GID 39, currentHeight: 58  chainHeight: 59
2019/03/28 20:45:12.791670 [1;35m[INF][m GID 39,  [SyncSideChain] Side chain [ XKUh4GLhFJiqAMTF6HyWQrV9pK9HcGUdfJ ] height:  59
2019/03/28 20:45:19.824093 [1;35m[INF][m GID 39, currentHeight: 59  chainHeight: 60
2019/03/28 20:45:19.827793 [1;35m[INF][m GID 39,  [SyncSideChain] Side chain [ XKUh4GLhFJiqAMTF6HyWQrV9pK9HcGUdfJ ] height:  60
2019/03/28 20:45:20.828887 [1;35m[INF][m GID 39, currentHeight: 60  chainHeight: 61
2019/03/28 20:45:20.837252 [1;35m[INF][m GID 39,  [SyncSideChain] Side chain [ XKUh4GLhFJiqAMTF6HyWQrV9pK9HcGUdfJ ] height:  61
2019/03/28 20:45:21.840303 [1;35m[INF][m GID 39, currentHeight: 61  chainHeight: 62
2019/03/28 20:45:21.844220 [1;35m[INF][m GID 39,  [SyncSideChain] Side chain [ XKUh4GLhFJiqAMTF6HyWQrV9pK9HcGUdfJ ] height:  62
2019/03/28 20:45:32.088271 [1;35m[INF][m GID 117, [arbitrator] Main chain height:  240
2019/03/28 20:45:32.090297 [1;35m[INF][m GID 117, [processBlock] block height: 240 current height: 240
2019/03/28 20:45:32.094238 [1;35m[INF][m GID 117, Side chain [ XKUh4GLhFJiqAMTF6HyWQrV9pK9HcGUdfJ ] SetLastUsedUtxoHeight  240
2019/03/28 20:45:33.876932 [1;35m[INF][m GID 39, currentHeight: 62  chainHeight: 63
2019/03/28 20:45:33.879575 [1;35m[INF][m GID 39,  [SyncSideChain] Side chain [ XKUh4GLhFJiqAMTF6HyWQrV9pK9HcGUdfJ ] height:  63
2019/03/28 20:45:41.140226 [1;35m[INF][m GID 117, [arbitrator] Main chain height:  241
2019/03/28 20:45:41.141928 [1;35m[INF][m GID 117, [processBlock] block height: 241 current height: 241
2019/03/28 20:45:41.142223 [1;35m[INF][m GID 117, Side chain [ XKUh4GLhFJiqAMTF6HyWQrV9pK9HcGUdfJ ] SetLastUsedUtxoHeight  241
2019/03/28 20:45:47.456346 [1;35m[INF][m GID 117, [arbitrator] Main chain height:  242
2019/03/28 20:45:47.457589 [1;35m[INF][m GID 117, [processBlock] block height: 242 current height: 242
2019/03/28 20:45:47.457822 [1;35m[INF][m GID 117, Side chain [ XKUh4GLhFJiqAMTF6HyWQrV9pK9HcGUdfJ ] SetLastUsedUtxoHeight  242
2019/03/28 20:45:48.919539 [1;35m[INF][m GID 39, currentHeight: 63  chainHeight: 64
2019/03/28 20:45:48.923219 [1;35m[INF][m GID 39,  [SyncSideChain] Side chain [ XKUh4GLhFJiqAMTF6HyWQrV9pK9HcGUdfJ ] height:  64
2019/03/28 20:45:50.484389 [1;35m[INF][m GID 117, [arbitrator] Main chain height:  243
2019/03/28 20:45:50.487997 [1;35m[INF][m GID 117, [processBlock] block height: 243 current height: 243
2019/03/28 20:45:50.488319 [1;35m[INF][m GID 117, Side chain [ XKUh4GLhFJiqAMTF6HyWQrV9pK9HcGUdfJ ] SetLastUsedUtxoHeight  243
2019/03/28 20:45:56.460893 [1;35m[INF][m GID 39, currentHeight: 64  chainHeight: 65
2019/03/28 20:45:56.489270 [1;35m[INF][m GID 39,  [SyncSideChain] Side chain [ XKUh4GLhFJiqAMTF6HyWQrV9pK9HcGUdfJ ] height:  65
2019/03/28 20:45:57.491604 [1;35m[INF][m GID 39, currentHeight: 65  chainHeight: 66
2019/03/28 20:45:57.500168 [1;35m[INF][m GID 39,  [SyncSideChain] Side chain [ XKUh4GLhFJiqAMTF6HyWQrV9pK9HcGUdfJ ] height:  66
2019/03/28 20:45:57.633171 [1;35m[INF][m GID 117, [arbitrator] Main chain height:  244
2019/03/28 20:45:57.633959 [1;35m[INF][m GID 117, [processBlock] block height: 244 current height: 244
2019/03/28 20:45:57.634169 [1;35m[INF][m GID 117, Side chain [ XKUh4GLhFJiqAMTF6HyWQrV9pK9HcGUdfJ ] SetLastUsedUtxoHeight  244
2019/03/28 20:46:04.735795 [1;35m[INF][m GID 117, [arbitrator] Main chain height:  245
2019/03/28 20:46:04.736682 [1;35m[INF][m GID 117, [processBlock] block height: 245 current height: 245
2019/03/28 20:46:04.736997 [1;35m[INF][m GID 117, Side chain [ XKUh4GLhFJiqAMTF6HyWQrV9pK9HcGUdfJ ] SetLastUsedUtxoHeight  245
2019/03/28 20:46:07.456551 [1;35m[INF][m GID 119, Check and remove cross chain transactions from dbcache finished
2019/03/28 20:46:10.802940 [1;35m[INF][m GID 39, currentHeight: 66  chainHeight: 67
2019/03/28 20:46:10.806589 [1;35m[INF][m GID 39,  [SyncSideChain] Side chain [ XKUh4GLhFJiqAMTF6HyWQrV9pK9HcGUdfJ ] height:  67
2019/03/28 20:46:11.813628 [1;35m[INF][m GID 117, [arbitrator] Main chain height:  246
2019/03/28 20:46:11.815100 [1;35m[INF][m GID 117, [processBlock] block height: 246 current height: 246
2019/03/28 20:46:11.815667 [1;35m[INF][m GID 117, Side chain [ XKUh4GLhFJiqAMTF6HyWQrV9pK9HcGUdfJ ] SetLastUsedUtxoHeight  246
2019/03/28 20:46:15.821792 [1;35m[INF][m GID 39, currentHeight: 67  chainHeight: 68
2019/03/28 20:46:15.828350 [1;35m[INF][m GID 39,  [SyncSideChain] Side chain [ XKUh4GLhFJiqAMTF6HyWQrV9pK9HcGUdfJ ] height:  68
2019/03/28 20:46:17.830850 [1;35m[INF][m GID 39, currentHeight: 68  chainHeight: 69
2019/03/28 20:46:17.834012 [1;35m[INF][m GID 39,  [SyncSideChain] Side chain [ XKUh4GLhFJiqAMTF6HyWQrV9pK9HcGUdfJ ] height:  69
2019/03/28 20:46:21.838730 [1;35m[INF][m GID 117, [arbitrator] Main chain height:  247
2019/03/28 20:46:21.840225 [1;35m[INF][m GID 117, [processBlock] block height: 247 current height: 247
2019/03/28 20:46:21.840552 [1;35m[INF][m GID 117, Side chain [ XKUh4GLhFJiqAMTF6HyWQrV9pK9HcGUdfJ ] SetLastUsedUtxoHeight  247
2019/03/28 20:46:24.848520 [1;35m[INF][m GID 117, [arbitrator] Main chain height:  248
2019/03/28 20:46:24.853664 [1;35m[INF][m GID 117, [processBlock] block height: 248 current height: 248
2019/03/28 20:46:24.853903 [1;35m[INF][m GID 117, Side chain [ XKUh4GLhFJiqAMTF6HyWQrV9pK9HcGUdfJ ] SetLastUsedUtxoHeight  248
2019/03/28 20:46:25.854587 [1;35m[INF][m GID 39, currentHeight: 69  chainHeight: 70
2019/03/28 20:46:25.905579 [1;35m[INF][m GID 39,  [SyncSideChain] Side chain [ XKUh4GLhFJiqAMTF6HyWQrV9pK9HcGUdfJ ] height:  70
2019/03/28 20:46:31.930395 [1;35m[INF][m GID 39, currentHeight: 70  chainHeight: 71
2019/03/28 20:46:31.933633 [1;35m[INF][m GID 39,  [SyncSideChain] Side chain [ XKUh4GLhFJiqAMTF6HyWQrV9pK9HcGUdfJ ] height:  71
2019/03/28 20:46:34.893720 [1;35m[INF][m GID 117, [arbitrator] Main chain height:  249
2019/03/28 20:46:34.894543 [1;35m[INF][m GID 117, [processBlock] block height: 249 current height: 249
2019/03/28 20:46:34.894776 [1;35m[INF][m GID 117, Side chain [ XKUh4GLhFJiqAMTF6HyWQrV9pK9HcGUdfJ ] SetLastUsedUtxoHeight  249
2019/03/28 20:46:34.941194 [1;35m[INF][m GID 39, currentHeight: 71  chainHeight: 72
2019/03/28 20:46:34.945982 [1;35m[INF][m GID 39,  [SyncSideChain] Side chain [ XKUh4GLhFJiqAMTF6HyWQrV9pK9HcGUdfJ ] height:  72
2019/03/28 20:46:37.915140 [1;35m[INF][m GID 117, [arbitrator] Main chain height:  250
2019/03/28 20:46:37.915880 [1;35m[INF][m GID 117, [processBlock] block height: 250 current height: 250
2019/03/28 20:46:37.916175 [1;35m[INF][m GID 117, Side chain [ XKUh4GLhFJiqAMTF6HyWQrV9pK9HcGUdfJ ] SetLastUsedUtxoHeight  250
2019/03/28 20:46:44.955816 [1;35m[INF][m GID 39, currentHeight: 72  chainHeight: 73
2019/03/28 20:46:44.958928 [1;35m[INF][m GID 39,  [SyncSideChain] Side chain [ XKUh4GLhFJiqAMTF6HyWQrV9pK9HcGUdfJ ] height:  73
2019/03/28 20:46:46.944002 [1;35m[INF][m GID 117, [arbitrator] Main chain height:  251
2019/03/28 20:46:46.947016 [1;35m[INF][m GID 117, [processBlock] block height: 251 current height: 251
2019/03/28 20:46:46.947285 [1;35m[INF][m GID 117, Side chain [ XKUh4GLhFJiqAMTF6HyWQrV9pK9HcGUdfJ ] SetLastUsedUtxoHeight  251
2019/03/28 20:46:46.961469 [1;35m[INF][m GID 39, currentHeight: 73  chainHeight: 74
2019/03/28 20:46:46.977299 [1;35m[INF][m GID 39,  [SyncSideChain] Side chain [ XKUh4GLhFJiqAMTF6HyWQrV9pK9HcGUdfJ ] height:  74
2019/03/28 20:46:54.961993 [1;35m[INF][m GID 117, [arbitrator] Main chain height:  252
2019/03/28 20:46:54.964944 [1;35m[INF][m GID 117, [processBlock] block height: 252 current height: 252
2019/03/28 20:46:54.965197 [1;35m[INF][m GID 117, Side chain [ XKUh4GLhFJiqAMTF6HyWQrV9pK9HcGUdfJ ] SetLastUsedUtxoHeight  252
2019/03/28 20:46:56.972666 [1;35m[INF][m GID 117, [arbitrator] Main chain height:  253
2019/03/28 20:46:56.973460 [1;35m[INF][m GID 117, [processBlock] block height: 253 current height: 253
2019/03/28 20:46:56.973735 [1;35m[INF][m GID 117, Side chain [ XKUh4GLhFJiqAMTF6HyWQrV9pK9HcGUdfJ ] SetLastUsedUtxoHeight  253
2019/03/28 20:47:00.128038 [1;35m[INF][m GID 117, [arbitrator] Main chain height:  254
2019/03/28 20:47:00.133478 [1;35m[INF][m GID 117, [processBlock] block height: 254 current height: 254
2019/03/28 20:47:00.133789 [1;35m[INF][m GID 117, Side chain [ XKUh4GLhFJiqAMTF6HyWQrV9pK9HcGUdfJ ] SetLastUsedUtxoHeight  254
2019/03/28 20:47:01.158639 [1;35m[INF][m GID 117, [arbitrator] Main chain height:  255
2019/03/28 20:47:01.163499 [1;35m[INF][m GID 117, [processBlock] block height: 255 current height: 255
2019/03/28 20:47:01.163737 [1;35m[INF][m GID 117, Side chain [ XKUh4GLhFJiqAMTF6HyWQrV9pK9HcGUdfJ ] SetLastUsedUtxoHeight  255
2019/03/28 20:47:02.427012 [1;35m[INF][m GID 39, currentHeight: 74  chainHeight: 75
2019/03/28 20:47:02.433880 [1;35m[INF][m GID 39,  [SyncSideChain] Side chain [ XKUh4GLhFJiqAMTF6HyWQrV9pK9HcGUdfJ ] height:  75
2019/03/28 20:47:07.457215 [1;35m[INF][m GID 119, Check and remove cross chain transactions from dbcache finished
2019/03/28 20:47:08.194417 [1;35m[INF][m GID 117, [arbitrator] Main chain height:  256
2019/03/28 20:47:08.195562 [1;35m[INF][m GID 117, [processBlock] block height: 256 current height: 256
2019/03/28 20:47:08.195846 [1;35m[INF][m GID 117, Side chain [ XKUh4GLhFJiqAMTF6HyWQrV9pK9HcGUdfJ ] SetLastUsedUtxoHeight  256
2019/03/28 20:47:17.227786 [1;35m[INF][m GID 117, [arbitrator] Main chain height:  257
2019/03/28 20:47:17.228452 [1;35m[INF][m GID 117, [processBlock] block height: 257 current height: 257
2019/03/28 20:47:17.228696 [1;35m[INF][m GID 117, Side chain [ XKUh4GLhFJiqAMTF6HyWQrV9pK9HcGUdfJ ] SetLastUsedUtxoHeight  257
2019/03/28 20:47:18.236411 [1;35m[INF][m GID 117, [arbitrator] Main chain height:  259
2019/03/28 20:47:18.237228 [1;35m[INF][m GID 117, [processBlock] block height: 258 current height: 258
2019/03/28 20:47:18.237832 [1;35m[INF][m GID 117, Side chain [ XKUh4GLhFJiqAMTF6HyWQrV9pK9HcGUdfJ ] SetLastUsedUtxoHeight  258
2019/03/28 20:47:18.243224 [1;35m[INF][m GID 117, [processBlock] block height: 259 current height: 259
2019/03/28 20:47:18.243784 [1;35m[INF][m GID 117, Side chain [ XKUh4GLhFJiqAMTF6HyWQrV9pK9HcGUdfJ ] SetLastUsedUtxoHeight  259
2019/03/28 20:47:18.476007 [1;35m[INF][m GID 39, currentHeight: 75  chainHeight: 77
2019/03/28 20:47:18.493510 [1;35m[INF][m GID 39,  [SyncSideChain] Side chain [ XKUh4GLhFJiqAMTF6HyWQrV9pK9HcGUdfJ ] height:  77
2019/03/28 20:47:19.254335 [1;35m[INF][m GID 117, [arbitrator] Main chain height:  260
2019/03/28 20:47:19.255438 [1;35m[INF][m GID 117, [processBlock] block height: 260 current height: 260
2019/03/28 20:47:19.255913 [1;35m[INF][m GID 117, Side chain [ XKUh4GLhFJiqAMTF6HyWQrV9pK9HcGUdfJ ] SetLastUsedUtxoHeight  260
2019/03/28 20:47:23.821940 [1;35m[INF][m GID 39, currentHeight: 77  chainHeight: 78
2019/03/28 20:47:23.826177 [1;35m[INF][m GID 39,  [SyncSideChain] Side chain [ XKUh4GLhFJiqAMTF6HyWQrV9pK9HcGUdfJ ] height:  78
2019/03/28 20:47:24.830922 [1;35m[INF][m GID 39, currentHeight: 78  chainHeight: 79
2019/03/28 20:47:24.838811 [1;35m[INF][m GID 39,  [SyncSideChain] Side chain [ XKUh4GLhFJiqAMTF6HyWQrV9pK9HcGUdfJ ] height:  79
2019/03/28 20:47:28.622385 [1;35m[INF][m GID 117, [arbitrator] Main chain height:  261
2019/03/28 20:47:28.623124 [1;35m[INF][m GID 117, [processBlock] block height: 261 current height: 261
2019/03/28 20:47:28.623403 [1;35m[INF][m GID 117, Side chain [ XKUh4GLhFJiqAMTF6HyWQrV9pK9HcGUdfJ ] SetLastUsedUtxoHeight  261
2019/03/28 20:47:31.720525 [1;35m[INF][m GID 117, [arbitrator] Main chain height:  262
2019/03/28 20:47:31.721179 [1;35m[INF][m GID 117, [processBlock] block height: 262 current height: 262
2019/03/28 20:47:31.721500 [1;35m[INF][m GID 117, Side chain [ XKUh4GLhFJiqAMTF6HyWQrV9pK9HcGUdfJ ] SetLastUsedUtxoHeight  262
2019/03/28 20:47:31.848280 [1;35m[INF][m GID 39, currentHeight: 79  chainHeight: 80
2019/03/28 20:47:31.853479 [1;35m[INF][m GID 39,  [SyncSideChain] Side chain [ XKUh4GLhFJiqAMTF6HyWQrV9pK9HcGUdfJ ] height:  80
2019/03/28 20:47:37.860983 [1;35m[INF][m GID 39, currentHeight: 80  chainHeight: 82
2019/03/28 20:47:37.867818 [1;35m[INF][m GID 39,  [SyncSideChain] Side chain [ XKUh4GLhFJiqAMTF6HyWQrV9pK9HcGUdfJ ] height:  82
2019/03/28 20:47:41.825603 [1;35m[INF][m GID 117, [arbitrator] Main chain height:  263
2019/03/28 20:47:41.826414 [1;35m[INF][m GID 117, [processBlock] block height: 263 current height: 263
2019/03/28 20:47:41.826717 [1;35m[INF][m GID 117, Side chain [ XKUh4GLhFJiqAMTF6HyWQrV9pK9HcGUdfJ ] SetLastUsedUtxoHeight  263
2019/03/28 20:47:42.841892 [1;35m[INF][m GID 117, [arbitrator] Main chain height:  264
2019/03/28 20:47:42.843966 [1;35m[INF][m GID 117, [processBlock] block height: 264 current height: 264
2019/03/28 20:47:42.844224 [1;35m[INF][m GID 117, Side chain [ XKUh4GLhFJiqAMTF6HyWQrV9pK9HcGUdfJ ] SetLastUsedUtxoHeight  264
2019/03/28 20:47:48.865201 [1;35m[INF][m GID 117, [arbitrator] Main chain height:  265
2019/03/28 20:47:48.866710 [1;35m[INF][m GID 117, [processBlock] block height: 265 current height: 265
2019/03/28 20:47:48.866950 [1;35m[INF][m GID 117, Side chain [ XKUh4GLhFJiqAMTF6HyWQrV9pK9HcGUdfJ ] SetLastUsedUtxoHeight  265
2019/03/28 20:47:51.882617 [1;35m[INF][m GID 117, [arbitrator] Main chain height:  266
2019/03/28 20:47:51.883481 [1;35m[INF][m GID 117, [processBlock] block height: 266 current height: 266
2019/03/28 20:47:51.883864 [1;35m[INF][m GID 117, Side chain [ XKUh4GLhFJiqAMTF6HyWQrV9pK9HcGUdfJ ] SetLastUsedUtxoHeight  266
2019/03/28 20:47:53.916319 [1;35m[INF][m GID 117, [arbitrator] Main chain height:  267
2019/03/28 20:47:53.917100 [1;35m[INF][m GID 117, [processBlock] block height: 267 current height: 267
2019/03/28 20:47:53.917423 [1;35m[INF][m GID 117, Side chain [ XKUh4GLhFJiqAMTF6HyWQrV9pK9HcGUdfJ ] SetLastUsedUtxoHeight  267
2019/03/28 20:47:53.937785 [1;35m[INF][m GID 39, currentHeight: 82  chainHeight: 84
2019/03/28 20:47:53.941456 [1;35m[INF][m GID 39,  [SyncSideChain] Side chain [ XKUh4GLhFJiqAMTF6HyWQrV9pK9HcGUdfJ ] height:  84
2019/03/28 20:47:56.947559 [1;35m[INF][m GID 39, currentHeight: 84  chainHeight: 85
2019/03/28 20:47:56.951256 [1;35m[INF][m GID 39,  [SyncSideChain] Side chain [ XKUh4GLhFJiqAMTF6HyWQrV9pK9HcGUdfJ ] height:  85
2019/03/28 20:47:57.939048 [1;35m[INF][m GID 117, [arbitrator] Main chain height:  268
2019/03/28 20:47:57.939907 [1;35m[INF][m GID 117, [processBlock] block height: 268 current height: 268
2019/03/28 20:47:57.940146 [1;35m[INF][m GID 117, Side chain [ XKUh4GLhFJiqAMTF6HyWQrV9pK9HcGUdfJ ] SetLastUsedUtxoHeight  268
2019/03/28 20:48:04.979320 [1;35m[INF][m GID 39, currentHeight: 85  chainHeight: 86
2019/03/28 20:48:05.007468 [1;35m[INF][m GID 39,  [SyncSideChain] Side chain [ XKUh4GLhFJiqAMTF6HyWQrV9pK9HcGUdfJ ] height:  86
2019/03/28 20:48:05.398510 [1;35m[INF][m GID 117, [arbitrator] Main chain height:  269
2019/03/28 20:48:05.402351 [1;35m[INF][m GID 117, [processBlock] block height: 269 current height: 269
2019/03/28 20:48:05.402640 [1;35m[INF][m GID 117, Side chain [ XKUh4GLhFJiqAMTF6HyWQrV9pK9HcGUdfJ ] SetLastUsedUtxoHeight  269
2019/03/28 20:48:07.457807 [1;35m[INF][m GID 119, Check and remove cross chain transactions from dbcache finished
2019/03/28 20:48:17.031121 [1;35m[INF][m GID 39, currentHeight: 86  chainHeight: 87
2019/03/28 20:48:17.033989 [1;35m[INF][m GID 39,  [SyncSideChain] Side chain [ XKUh4GLhFJiqAMTF6HyWQrV9pK9HcGUdfJ ] height:  87
2019/03/28 20:48:22.440605 [1;35m[INF][m GID 117, [arbitrator] Main chain height:  270
2019/03/28 20:48:22.441354 [1;35m[INF][m GID 117, [processBlock] block height: 270 current height: 270
2019/03/28 20:48:22.441588 [1;35m[INF][m GID 117, Side chain [ XKUh4GLhFJiqAMTF6HyWQrV9pK9HcGUdfJ ] SetLastUsedUtxoHeight  270
2019/03/28 20:48:26.659665 [1;35m[INF][m GID 117, [arbitrator] Main chain height:  271
2019/03/28 20:48:26.661236 [1;35m[INF][m GID 117, [processBlock] block height: 271 current height: 271
2019/03/28 20:48:26.661583 [1;35m[INF][m GID 117, Side chain [ XKUh4GLhFJiqAMTF6HyWQrV9pK9HcGUdfJ ] SetLastUsedUtxoHeight  271
2019/03/28 20:48:27.081924 [1;35m[INF][m GID 39, currentHeight: 87  chainHeight: 88
2019/03/28 20:48:27.084817 [1;35m[INF][m GID 39,  [SyncSideChain] Side chain [ XKUh4GLhFJiqAMTF6HyWQrV9pK9HcGUdfJ ] height:  88
2019/03/28 20:48:32.093378 [1;35m[INF][m GID 39, currentHeight: 88  chainHeight: 89
2019/03/28 20:48:32.098310 [1;35m[INF][m GID 39,  [SyncSideChain] Side chain [ XKUh4GLhFJiqAMTF6HyWQrV9pK9HcGUdfJ ] height:  89
2019/03/28 20:48:42.617601 [1;35m[INF][m GID 39, currentHeight: 89  chainHeight: 92
2019/03/28 20:48:42.625627 [1;35m[INF][m GID 39,  [SyncSideChain] Side chain [ XKUh4GLhFJiqAMTF6HyWQrV9pK9HcGUdfJ ] height:  92
2019/03/28 20:48:56.853261 [1;35m[INF][m GID 39, currentHeight: 92  chainHeight: 93
2019/03/28 20:48:56.856774 [1;35m[INF][m GID 39,  [SyncSideChain] Side chain [ XKUh4GLhFJiqAMTF6HyWQrV9pK9HcGUdfJ ] height:  93
2019/03/28 20:48:57.847121 [1;35m[INF][m GID 117, [arbitrator] Main chain height:  272
2019/03/28 20:48:57.849078 [1;35m[INF][m GID 117, [processBlock] block height: 272 current height: 272
2019/03/28 20:48:57.849288 [1;35m[INF][m GID 117, Side chain [ XKUh4GLhFJiqAMTF6HyWQrV9pK9HcGUdfJ ] SetLastUsedUtxoHeight  272
2019/03/28 20:48:57.858341 [1;35m[INF][m GID 39, currentHeight: 93  chainHeight: 96
2019/03/28 20:48:57.862247 [1;35m[INF][m GID 39,  [SyncSideChain] Side chain [ XKUh4GLhFJiqAMTF6HyWQrV9pK9HcGUdfJ ] height:  96
2019/03/28 20:49:00.864970 [1;35m[INF][m GID 39, currentHeight: 96  chainHeight: 97
2019/03/28 20:49:00.868759 [1;35m[INF][m GID 39,  [SyncSideChain] Side chain [ XKUh4GLhFJiqAMTF6HyWQrV9pK9HcGUdfJ ] height:  97
2019/03/28 20:49:06.882950 [1;35m[INF][m GID 39, currentHeight: 97  chainHeight: 98
2019/03/28 20:49:06.896111 [1;35m[INF][m GID 39,  [SyncSideChain] Side chain [ XKUh4GLhFJiqAMTF6HyWQrV9pK9HcGUdfJ ] height:  98
2019/03/28 20:49:07.458939 [1;35m[INF][m GID 119, Check and remove cross chain transactions from dbcache finished
2019/03/28 20:49:14.911921 [1;35m[INF][m GID 39, currentHeight: 98  chainHeight: 100
2019/03/28 20:49:14.915691 [1;35m[INF][m GID 39,  [SyncSideChain] Side chain [ XKUh4GLhFJiqAMTF6HyWQrV9pK9HcGUdfJ ] height:  100
2019/03/28 20:49:21.930290 [1;35m[INF][m GID 39, currentHeight: 100  chainHeight: 101
2019/03/28 20:49:21.934562 [1;35m[INF][m GID 39,  [SyncSideChain] Side chain [ XKUh4GLhFJiqAMTF6HyWQrV9pK9HcGUdfJ ] height:  101
2019/03/28 20:49:27.950660 [1;35m[INF][m GID 117, [arbitrator] Main chain height:  273
2019/03/28 20:49:27.951601 [1;35m[INF][m GID 117, [processBlock] block height: 273 current height: 273
2019/03/28 20:49:27.951910 [1;35m[INF][m GID 117, Side chain [ XKUh4GLhFJiqAMTF6HyWQrV9pK9HcGUdfJ ] SetLastUsedUtxoHeight  273
2019/03/28 20:49:28.967236 [1;35m[INF][m GID 117, [arbitrator] Main chain height:  274
2019/03/28 20:49:28.968258 [1;35m[INF][m GID 117, [processBlock] block height: 274 current height: 274
2019/03/28 20:49:28.968809 [1;35m[INF][m GID 117, Side chain [ XKUh4GLhFJiqAMTF6HyWQrV9pK9HcGUdfJ ] SetLastUsedUtxoHeight  274
2019/03/28 20:49:32.990973 [1;35m[INF][m GID 117, [arbitrator] Main chain height:  275
2019/03/28 20:49:32.991660 [1;35m[INF][m GID 117, [processBlock] block height: 275 current height: 275
2019/03/28 20:49:32.991942 [1;35m[INF][m GID 117, Side chain [ XKUh4GLhFJiqAMTF6HyWQrV9pK9HcGUdfJ ] SetLastUsedUtxoHeight  275
2019/03/28 20:49:36.379406 [1;35m[INF][m GID 117, [arbitrator] Main chain height:  276
2019/03/28 20:49:36.380152 [1;35m[INF][m GID 117, [processBlock] block height: 276 current height: 276
2019/03/28 20:49:36.380368 [1;35m[INF][m GID 117, Side chain [ XKUh4GLhFJiqAMTF6HyWQrV9pK9HcGUdfJ ] SetLastUsedUtxoHeight  276
2019/03/28 20:49:37.459521 [1;35m[INF][m GID 117, [arbitrator] Main chain height:  277
2019/03/28 20:49:37.460951 [1;35m[INF][m GID 117, [processBlock] block height: 277 current height: 277
2019/03/28 20:49:37.461176 [1;35m[INF][m GID 117, Side chain [ XKUh4GLhFJiqAMTF6HyWQrV9pK9HcGUdfJ ] SetLastUsedUtxoHeight  277
2019/03/28 20:49:41.468343 [1;35m[INF][m GID 39, currentHeight: 101  chainHeight: 102
2019/03/28 20:49:41.482597 [1;35m[INF][m GID 39,  [SyncSideChain] Side chain [ XKUh4GLhFJiqAMTF6HyWQrV9pK9HcGUdfJ ] height:  102
2019/03/28 20:49:52.560922 [1;35m[INF][m GID 117, [arbitrator] Main chain height:  278
2019/03/28 20:49:52.562263 [1;35m[INF][m GID 117, [processBlock] block height: 278 current height: 278
2019/03/28 20:49:52.562546 [1;35m[INF][m GID 117, Side chain [ XKUh4GLhFJiqAMTF6HyWQrV9pK9HcGUdfJ ] SetLastUsedUtxoHeight  278
2019/03/28 20:49:56.893906 [1;35m[INF][m GID 39, currentHeight: 102  chainHeight: 103
2019/03/28 20:49:56.897686 [1;35m[INF][m GID 39,  [SyncSideChain] Side chain [ XKUh4GLhFJiqAMTF6HyWQrV9pK9HcGUdfJ ] height:  103
2019/03/28 20:50:04.835353 [1;35m[INF][m GID 117, [arbitrator] Main chain height:  279
2019/03/28 20:50:04.842068 [1;35m[INF][m GID 117, [processBlock] block height: 279 current height: 279
2019/03/28 20:50:04.842309 [1;35m[INF][m GID 117, Side chain [ XKUh4GLhFJiqAMTF6HyWQrV9pK9HcGUdfJ ] SetLastUsedUtxoHeight  279
2019/03/28 20:50:05.927749 [1;35m[INF][m GID 39, currentHeight: 103  chainHeight: 104
2019/03/28 20:50:05.931184 [1;35m[INF][m GID 39,  [SyncSideChain] Side chain [ XKUh4GLhFJiqAMTF6HyWQrV9pK9HcGUdfJ ] height:  104
2019/03/28 20:50:07.459235 [1;35m[INF][m GID 119, Check and remove cross chain transactions from dbcache finished
2019/03/28 20:50:16.963632 [1;35m[INF][m GID 39, currentHeight: 104  chainHeight: 105
2019/03/28 20:50:16.967553 [1;35m[INF][m GID 39,  [SyncSideChain] Side chain [ XKUh4GLhFJiqAMTF6HyWQrV9pK9HcGUdfJ ] height:  105
2019/03/28 20:50:28.015771 [1;35m[INF][m GID 39, currentHeight: 105  chainHeight: 106
2019/03/28 20:50:28.024009 [1;35m[INF][m GID 39,  [SyncSideChain] Side chain [ XKUh4GLhFJiqAMTF6HyWQrV9pK9HcGUdfJ ] height:  106
2019/03/28 20:50:28.937928 [1;35m[INF][m GID 117, [arbitrator] Main chain height:  280
2019/03/28 20:50:28.938605 [1;35m[INF][m GID 117, [processBlock] block height: 280 current height: 280
2019/03/28 20:50:28.938834 [1;35m[INF][m GID 117, Side chain [ XKUh4GLhFJiqAMTF6HyWQrV9pK9HcGUdfJ ] SetLastUsedUtxoHeight  280
2019/03/28 20:50:33.957194 [1;35m[INF][m GID 117, [arbitrator] Main chain height:  281
2019/03/28 20:50:33.959593 [1;35m[INF][m GID 117, [processBlock] block height: 281 current height: 281
2019/03/28 20:50:33.959843 [1;35m[INF][m GID 117, Side chain [ XKUh4GLhFJiqAMTF6HyWQrV9pK9HcGUdfJ ] SetLastUsedUtxoHeight  281
2019/03/28 20:50:34.969134 [1;35m[INF][m GID 117, [arbitrator] Main chain height:  282
2019/03/28 20:50:34.969850 [1;35m[INF][m GID 117, [processBlock] block height: 282 current height: 282
2019/03/28 20:50:34.970193 [1;35m[INF][m GID 117, Side chain [ XKUh4GLhFJiqAMTF6HyWQrV9pK9HcGUdfJ ] SetLastUsedUtxoHeight  282
2019/03/28 20:50:37.043943 [1;35m[INF][m GID 39, currentHeight: 106  chainHeight: 107
2019/03/28 20:50:37.054914 [1;35m[INF][m GID 39,  [SyncSideChain] Side chain [ XKUh4GLhFJiqAMTF6HyWQrV9pK9HcGUdfJ ] height:  107
2019/03/28 20:50:38.055988 [1;35m[INF][m GID 39, currentHeight: 107  chainHeight: 108
2019/03/28 20:50:38.076166 [1;35m[INF][m GID 39,  [SyncSideChain] Side chain [ XKUh4GLhFJiqAMTF6HyWQrV9pK9HcGUdfJ ] height:  108
2019/03/28 20:50:38.978446 [1;35m[INF][m GID 117, [arbitrator] Main chain height:  283
2019/03/28 20:50:38.981615 [1;35m[INF][m GID 117, [processBlock] block height: 283 current height: 283
2019/03/28 20:50:38.982056 [1;35m[INF][m GID 117, Side chain [ XKUh4GLhFJiqAMTF6HyWQrV9pK9HcGUdfJ ] SetLastUsedUtxoHeight  283
2019/03/28 20:50:39.077671 [1;35m[INF][m GID 39, currentHeight: 108  chainHeight: 109
2019/03/28 20:50:39.081296 [1;35m[INF][m GID 39,  [SyncSideChain] Side chain [ XKUh4GLhFJiqAMTF6HyWQrV9pK9HcGUdfJ ] height:  109
2019/03/28 20:50:47.017674 [1;35m[INF][m GID 117, [arbitrator] Main chain height:  284
2019/03/28 20:50:47.018372 [1;35m[INF][m GID 117, [processBlock] block height: 284 current height: 284
2019/03/28 20:50:47.018590 [1;35m[INF][m GID 117, Side chain [ XKUh4GLhFJiqAMTF6HyWQrV9pK9HcGUdfJ ] SetLastUsedUtxoHeight  284
2019/03/28 20:50:48.026717 [1;35m[INF][m GID 117, [arbitrator] Main chain height:  286
2019/03/28 20:50:48.032269 [1;35m[INF][m GID 117, [processBlock] block height: 285 current height: 285
2019/03/28 20:50:48.032599 [1;35m[INF][m GID 117, Side chain [ XKUh4GLhFJiqAMTF6HyWQrV9pK9HcGUdfJ ] SetLastUsedUtxoHeight  285
2019/03/28 20:50:48.033298 [1;35m[INF][m GID 117, [processBlock] block height: 286 current height: 286
2019/03/28 20:50:48.033547 [1;35m[INF][m GID 117, Side chain [ XKUh4GLhFJiqAMTF6HyWQrV9pK9HcGUdfJ ] SetLastUsedUtxoHeight  286
2019/03/28 20:50:48.119311 [1;35m[INF][m GID 39, currentHeight: 109  chainHeight: 110
2019/03/28 20:50:48.121988 [1;35m[INF][m GID 39,  [SyncSideChain] Side chain [ XKUh4GLhFJiqAMTF6HyWQrV9pK9HcGUdfJ ] height:  110
2019/03/28 20:50:49.051381 [1;35m[INF][m GID 117, [arbitrator] Main chain height:  287
2019/03/28 20:50:49.052184 [1;35m[INF][m GID 117, [processBlock] block height: 287 current height: 287
2019/03/28 20:50:49.052550 [1;35m[INF][m GID 117, Side chain [ XKUh4GLhFJiqAMTF6HyWQrV9pK9HcGUdfJ ] SetLastUsedUtxoHeight  287
2019/03/28 20:50:58.145833 [1;35m[INF][m GID 39, currentHeight: 110  chainHeight: 111
2019/03/28 20:50:58.148545 [1;35m[INF][m GID 39,  [SyncSideChain] Side chain [ XKUh4GLhFJiqAMTF6HyWQrV9pK9HcGUdfJ ] height:  111
2019/03/28 20:51:04.118027 [1;35m[INF][m GID 117, [arbitrator] Main chain height:  288
2019/03/28 20:51:04.118943 [1;35m[INF][m GID 117, [processBlock] block height: 288 current height: 288
2019/03/28 20:51:04.119172 [1;35m[INF][m GID 117, Side chain [ XKUh4GLhFJiqAMTF6HyWQrV9pK9HcGUdfJ ] SetLastUsedUtxoHeight  288
2019/03/28 20:51:05.361833 [1;35m[INF][m GID 117, [arbitrator] Main chain height:  289
2019/03/28 20:51:05.366219 [1;35m[INF][m GID 117, [processBlock] block height: 289 current height: 289
2019/03/28 20:51:05.366557 [1;35m[INF][m GID 117, Side chain [ XKUh4GLhFJiqAMTF6HyWQrV9pK9HcGUdfJ ] SetLastUsedUtxoHeight  289
2019/03/28 20:51:07.178540 [1;35m[INF][m GID 39, currentHeight: 111  chainHeight: 112
2019/03/28 20:51:07.182901 [1;35m[INF][m GID 39,  [SyncSideChain] Side chain [ XKUh4GLhFJiqAMTF6HyWQrV9pK9HcGUdfJ ] height:  112
2019/03/28 20:51:07.459498 [1;35m[INF][m GID 119, Check and remove cross chain transactions from dbcache finished
2019/03/28 20:51:10.189356 [1;35m[INF][m GID 39, currentHeight: 112  chainHeight: 113
2019/03/28 20:51:10.193496 [1;35m[INF][m GID 39,  [SyncSideChain] Side chain [ XKUh4GLhFJiqAMTF6HyWQrV9pK9HcGUdfJ ] height:  113
2019/03/28 20:51:12.198759 [1;35m[INF][m GID 39, currentHeight: 113  chainHeight: 114
2019/03/28 20:51:12.204813 [1;35m[INF][m GID 39,  [SyncSideChain] Side chain [ XKUh4GLhFJiqAMTF6HyWQrV9pK9HcGUdfJ ] height:  114
2019/03/28 20:51:15.393504 [1;35m[INF][m GID 117, [arbitrator] Main chain height:  290
2019/03/28 20:51:15.394465 [1;35m[INF][m GID 117, [processBlock] block height: 290 current height: 290
2019/03/28 20:51:15.394762 [1;35m[INF][m GID 117, Side chain [ XKUh4GLhFJiqAMTF6HyWQrV9pK9HcGUdfJ ] SetLastUsedUtxoHeight  290
2019/03/28 20:51:20.354566 [1;35m[INF][m GID 39, currentHeight: 114  chainHeight: 115
2019/03/28 20:51:20.357634 [1;35m[INF][m GID 39,  [SyncSideChain] Side chain [ XKUh4GLhFJiqAMTF6HyWQrV9pK9HcGUdfJ ] height:  115
2019/03/28 20:51:27.371051 [1;35m[INF][m GID 39, currentHeight: 115  chainHeight: 117
2019/03/28 20:51:27.374940 [1;35m[INF][m GID 39,  [SyncSideChain] Side chain [ XKUh4GLhFJiqAMTF6HyWQrV9pK9HcGUdfJ ] height:  117
2019/03/28 20:51:32.431235 [1;35m[INF][m GID 117, [arbitrator] Main chain height:  291
2019/03/28 20:51:32.433266 [1;35m[INF][m GID 117, [processBlock] block height: 291 current height: 291
2019/03/28 20:51:32.433522 [1;35m[INF][m GID 117, Side chain [ XKUh4GLhFJiqAMTF6HyWQrV9pK9HcGUdfJ ] SetLastUsedUtxoHeight  291
2019/03/28 20:51:42.623188 [1;35m[INF][m GID 117, [arbitrator] Main chain height:  292
2019/03/28 20:51:42.624154 [1;35m[INF][m GID 117, [processBlock] block height: 292 current height: 292
2019/03/28 20:51:42.624406 [1;35m[INF][m GID 117, Side chain [ XKUh4GLhFJiqAMTF6HyWQrV9pK9HcGUdfJ ] SetLastUsedUtxoHeight  292
2019/03/28 20:51:46.821762 [1;35m[INF][m GID 117, [arbitrator] Main chain height:  293
2019/03/28 20:51:46.825503 [1;35m[INF][m GID 117, [processBlock] block height: 293 current height: 293
2019/03/28 20:51:46.836235 [1;35m[INF][m GID 117, Side chain [ XKUh4GLhFJiqAMTF6HyWQrV9pK9HcGUdfJ ] SetLastUsedUtxoHeight  293
2019/03/28 20:51:50.875904 [1;35m[INF][m GID 117, [arbitrator] Main chain height:  294
2019/03/28 20:51:50.876684 [1;35m[INF][m GID 117, [processBlock] block height: 294 current height: 294
2019/03/28 20:51:50.876912 [1;35m[INF][m GID 117, Side chain [ XKUh4GLhFJiqAMTF6HyWQrV9pK9HcGUdfJ ] SetLastUsedUtxoHeight  294
2019/03/28 20:51:52.832431 [1;35m[INF][m GID 39, currentHeight: 117  chainHeight: 118
2019/03/28 20:51:52.852154 [1;35m[INF][m GID 39,  [SyncSideChain] Side chain [ XKUh4GLhFJiqAMTF6HyWQrV9pK9HcGUdfJ ] height:  118
2019/03/28 20:51:54.865081 [1;35m[INF][m GID 39, currentHeight: 118  chainHeight: 119
2019/03/28 20:51:54.867802 [1;35m[INF][m GID 39,  [SyncSideChain] Side chain [ XKUh4GLhFJiqAMTF6HyWQrV9pK9HcGUdfJ ] height:  119
2019/03/28 20:51:57.890148 [1;35m[INF][m GID 117, [arbitrator] Main chain height:  295
2019/03/28 20:51:57.890840 [1;35m[INF][m GID 117, [processBlock] block height: 295 current height: 295
2019/03/28 20:51:57.891050 [1;35m[INF][m GID 117, Side chain [ XKUh4GLhFJiqAMTF6HyWQrV9pK9HcGUdfJ ] SetLastUsedUtxoHeight  295
2019/03/28 20:51:59.900864 [1;35m[INF][m GID 117, [arbitrator] Main chain height:  297
2019/03/28 20:51:59.901903 [1;35m[INF][m GID 117, [processBlock] block height: 296 current height: 296
2019/03/28 20:51:59.902146 [1;35m[INF][m GID 117, Side chain [ XKUh4GLhFJiqAMTF6HyWQrV9pK9HcGUdfJ ] SetLastUsedUtxoHeight  296
2019/03/28 20:51:59.903187 [1;35m[INF][m GID 117, [processBlock] block height: 297 current height: 297
2019/03/28 20:51:59.903467 [1;35m[INF][m GID 117, Side chain [ XKUh4GLhFJiqAMTF6HyWQrV9pK9HcGUdfJ ] SetLastUsedUtxoHeight  297
2019/03/28 20:52:01.877492 [1;35m[INF][m GID 39, currentHeight: 119  chainHeight: 120
2019/03/28 20:52:01.880589 [1;35m[INF][m GID 39,  [SyncSideChain] Side chain [ XKUh4GLhFJiqAMTF6HyWQrV9pK9HcGUdfJ ] height:  120
2019/03/28 20:52:06.223385 [1;35m[INF][m GID 117, [arbitrator] Main chain height:  298
2019/03/28 20:52:06.224469 [1;35m[INF][m GID 117, [processBlock] block height: 298 current height: 298
2019/03/28 20:52:06.224713 [1;35m[INF][m GID 117, Side chain [ XKUh4GLhFJiqAMTF6HyWQrV9pK9HcGUdfJ ] SetLastUsedUtxoHeight  298
2019/03/28 20:52:07.459843 [1;35m[INF][m GID 119, Check and remove cross chain transactions from dbcache finished
2019/03/28 20:52:10.906879 [1;35m[INF][m GID 39, currentHeight: 120  chainHeight: 121
2019/03/28 20:52:10.911759 [1;35m[INF][m GID 39,  [SyncSideChain] Side chain [ XKUh4GLhFJiqAMTF6HyWQrV9pK9HcGUdfJ ] height:  121
2019/03/28 20:52:14.988331 [1;35m[INF][m GID 39, currentHeight: 121  chainHeight: 122
2019/03/28 20:52:14.991610 [1;35m[INF][m GID 39,  [SyncSideChain] Side chain [ XKUh4GLhFJiqAMTF6HyWQrV9pK9HcGUdfJ ] height:  122
2019/03/28 20:52:15.325132 [1;35m[INF][m GID 117, [arbitrator] Main chain height:  299
2019/03/28 20:52:15.328274 [1;35m[INF][m GID 117, [processBlock] block height: 299 current height: 299
2019/03/28 20:52:15.328715 [1;35m[INF][m GID 117, Side chain [ XKUh4GLhFJiqAMTF6HyWQrV9pK9HcGUdfJ ] SetLastUsedUtxoHeight  299
2019/03/28 20:52:37.542743 [1;35m[INF][m GID 117, [arbitrator] Main chain height:  300
2019/03/28 20:52:37.545216 [1;35m[INF][m GID 117, [processBlock] block height: 300 current height: 300
2019/03/28 20:52:37.545507 [1;35m[INF][m GID 117, Side chain [ XKUh4GLhFJiqAMTF6HyWQrV9pK9HcGUdfJ ] SetLastUsedUtxoHeight  300
2019/03/28 20:52:51.059089 [1;35m[INF][m GID 39, currentHeight: 122  chainHeight: 125
2019/03/28 20:52:51.062809 [1;35m[INF][m GID 39,  [SyncSideChain] Side chain [ XKUh4GLhFJiqAMTF6HyWQrV9pK9HcGUdfJ ] height:  125
2019/03/28 20:52:52.070230 [1;35m[INF][m GID 39, currentHeight: 125  chainHeight: 126
2019/03/28 20:52:52.075198 [1;35m[INF][m GID 39,  [SyncSideChain] Side chain [ XKUh4GLhFJiqAMTF6HyWQrV9pK9HcGUdfJ ] height:  126
2019/03/28 20:53:01.106144 [1;35m[INF][m GID 39, currentHeight: 126  chainHeight: 127
2019/03/28 20:53:01.116532 [1;35m[INF][m GID 39,  [SyncSideChain] Side chain [ XKUh4GLhFJiqAMTF6HyWQrV9pK9HcGUdfJ ] height:  127
2019/03/28 20:53:07.460328 [1;35m[INF][m GID 119, Check and remove cross chain transactions from dbcache finished
2019/03/28 20:53:08.129711 [1;35m[INF][m GID 39, currentHeight: 127  chainHeight: 128
2019/03/28 20:53:08.132723 [1;35m[INF][m GID 39,  [SyncSideChain] Side chain [ XKUh4GLhFJiqAMTF6HyWQrV9pK9HcGUdfJ ] height:  128
2019/03/28 20:53:09.136387 [1;35m[INF][m GID 39, currentHeight: 128  chainHeight: 129
2019/03/28 20:53:09.140598 [1;35m[INF][m GID 39,  [SyncSideChain] Side chain [ XKUh4GLhFJiqAMTF6HyWQrV9pK9HcGUdfJ ] height:  129
2019/03/28 20:53:11.143325 [1;35m[INF][m GID 39, currentHeight: 129  chainHeight: 130
2019/03/28 20:53:11.146166 [1;35m[INF][m GID 39,  [SyncSideChain] Side chain [ XKUh4GLhFJiqAMTF6HyWQrV9pK9HcGUdfJ ] height:  130
2019/03/28 20:53:12.147091 [1;35m[INF][m GID 39, currentHeight: 130  chainHeight: 131
2019/03/28 20:53:12.149748 [1;35m[INF][m GID 39,  [SyncSideChain] Side chain [ XKUh4GLhFJiqAMTF6HyWQrV9pK9HcGUdfJ ] height:  131
2019/03/28 20:53:12.897194 [1;35m[INF][m GID 117, [arbitrator] Main chain height:  301
2019/03/28 20:53:12.905001 [1;35m[INF][m GID 117, [processBlock] block height: 301 current height: 301
2019/03/28 20:53:12.905255 [1;35m[INF][m GID 117, Side chain [ XKUh4GLhFJiqAMTF6HyWQrV9pK9HcGUdfJ ] SetLastUsedUtxoHeight  301
2019/03/28 20:53:18.929242 [1;35m[INF][m GID 117, [arbitrator] Main chain height:  302
2019/03/28 20:53:18.930154 [1;35m[INF][m GID 117, [processBlock] block height: 302 current height: 302
2019/03/28 20:53:18.930622 [1;35m[INF][m GID 117, Side chain [ XKUh4GLhFJiqAMTF6HyWQrV9pK9HcGUdfJ ] SetLastUsedUtxoHeight  302
2019/03/28 20:53:23.483477 [1;35m[INF][m GID 39, currentHeight: 131  chainHeight: 132
2019/03/28 20:53:23.485849 [1;35m[INF][m GID 39,  [SyncSideChain] Side chain [ XKUh4GLhFJiqAMTF6HyWQrV9pK9HcGUdfJ ] height:  132
2019/03/28 20:53:27.503972 [1;35m[INF][m GID 39, currentHeight: 132  chainHeight: 133
2019/03/28 20:53:27.510989 [1;35m[INF][m GID 39,  [SyncSideChain] Side chain [ XKUh4GLhFJiqAMTF6HyWQrV9pK9HcGUdfJ ] height:  133
2019/03/28 20:53:28.512289 [1;35m[INF][m GID 39, currentHeight: 133  chainHeight: 134
2019/03/28 20:53:28.516077 [1;35m[INF][m GID 39,  [SyncSideChain] Side chain [ XKUh4GLhFJiqAMTF6HyWQrV9pK9HcGUdfJ ] height:  134
2019/03/28 20:53:29.195103 [1;35m[INF][m GID 117, [arbitrator] Main chain height:  303
2019/03/28 20:53:29.196109 [1;35m[INF][m GID 117, [processBlock] block height: 303 current height: 303
2019/03/28 20:53:29.196399 [1;35m[INF][m GID 117, Side chain [ XKUh4GLhFJiqAMTF6HyWQrV9pK9HcGUdfJ ] SetLastUsedUtxoHeight  303
2019/03/28 20:53:31.533608 [1;35m[INF][m GID 39, currentHeight: 134  chainHeight: 135
2019/03/28 20:53:31.538261 [1;35m[INF][m GID 39,  [SyncSideChain] Side chain [ XKUh4GLhFJiqAMTF6HyWQrV9pK9HcGUdfJ ] height:  135
2019/03/28 20:53:40.829363 [1;35m[INF][m GID 39, currentHeight: 135  chainHeight: 136
2019/03/28 20:53:40.832542 [1;35m[INF][m GID 39,  [SyncSideChain] Side chain [ XKUh4GLhFJiqAMTF6HyWQrV9pK9HcGUdfJ ] height:  136
2019/03/28 20:53:43.229007 [1;35m[INF][m GID 117, [arbitrator] Main chain height:  304
2019/03/28 20:53:43.229705 [1;35m[INF][m GID 117, [processBlock] block height: 304 current height: 304
2019/03/28 20:53:43.229920 [1;35m[INF][m GID 117, Side chain [ XKUh4GLhFJiqAMTF6HyWQrV9pK9HcGUdfJ ] SetLastUsedUtxoHeight  304
2019/03/28 20:53:50.252430 [1;35m[INF][m GID 117, [arbitrator] Main chain height:  305
2019/03/28 20:53:50.253162 [1;35m[INF][m GID 117, [processBlock] block height: 305 current height: 305
2019/03/28 20:53:50.253433 [1;35m[INF][m GID 117, Side chain [ XKUh4GLhFJiqAMTF6HyWQrV9pK9HcGUdfJ ] SetLastUsedUtxoHeight  305
2019/03/28 20:53:50.853852 [1;35m[INF][m GID 39, currentHeight: 136  chainHeight: 137
2019/03/28 20:53:50.870220 [1;35m[INF][m GID 39,  [SyncSideChain] Side chain [ XKUh4GLhFJiqAMTF6HyWQrV9pK9HcGUdfJ ] height:  137
2019/03/28 20:53:53.881678 [1;35m[INF][m GID 39, currentHeight: 137  chainHeight: 138
2019/03/28 20:53:53.891513 [1;35m[INF][m GID 39,  [SyncSideChain] Side chain [ XKUh4GLhFJiqAMTF6HyWQrV9pK9HcGUdfJ ] height:  138
2019/03/28 20:54:02.829086 [1;35m[INF][m GID 117, [arbitrator] Main chain height:  306
2019/03/28 20:54:02.830293 [1;35m[INF][m GID 117, [processBlock] block height: 306 current height: 306
2019/03/28 20:54:02.830526 [1;35m[INF][m GID 117, Side chain [ XKUh4GLhFJiqAMTF6HyWQrV9pK9HcGUdfJ ] SetLastUsedUtxoHeight  306
2019/03/28 20:54:07.460804 [1;35m[INF][m GID 119, Check and remove cross chain transactions from dbcache finished
2019/03/28 20:54:10.871590 [1;35m[INF][m GID 117, [arbitrator] Main chain height:  307
2019/03/28 20:54:10.881745 [1;35m[INF][m GID 117, [processBlock] block height: 307 current height: 307
2019/03/28 20:54:10.882256 [1;35m[INF][m GID 117, Side chain [ XKUh4GLhFJiqAMTF6HyWQrV9pK9HcGUdfJ ] SetLastUsedUtxoHeight  307
2019/03/28 20:54:17.905292 [1;35m[INF][m GID 117, [arbitrator] Main chain height:  308
2019/03/28 20:54:17.906625 [1;35m[INF][m GID 117, [processBlock] block height: 308 current height: 308
2019/03/28 20:54:17.906882 [1;35m[INF][m GID 117, Side chain [ XKUh4GLhFJiqAMTF6HyWQrV9pK9HcGUdfJ ] SetLastUsedUtxoHeight  308
2019/03/28 20:54:18.925375 [1;35m[INF][m GID 117, [arbitrator] Main chain height:  309
2019/03/28 20:54:18.927416 [1;35m[INF][m GID 117, [processBlock] block height: 309 current height: 309
2019/03/28 20:54:18.927797 [1;35m[INF][m GID 117, Side chain [ XKUh4GLhFJiqAMTF6HyWQrV9pK9HcGUdfJ ] SetLastUsedUtxoHeight  309
2019/03/28 20:54:24.945296 [1;35m[INF][m GID 117, [arbitrator] Main chain height:  310
2019/03/28 20:54:24.946446 [1;35m[INF][m GID 117, [processBlock] block height: 310 current height: 310
2019/03/28 20:54:24.946739 [1;35m[INF][m GID 117, Side chain [ XKUh4GLhFJiqAMTF6HyWQrV9pK9HcGUdfJ ] SetLastUsedUtxoHeight  310
2019/03/28 20:54:30.970546 [1;35m[INF][m GID 39, currentHeight: 138  chainHeight: 139
2019/03/28 20:54:30.976349 [1;35m[INF][m GID 39,  [SyncSideChain] Side chain [ XKUh4GLhFJiqAMTF6HyWQrV9pK9HcGUdfJ ] height:  139
2019/03/28 20:54:31.978833 [1;35m[INF][m GID 39, currentHeight: 139  chainHeight: 140
2019/03/28 20:54:31.981629 [1;35m[INF][m GID 39,  [SyncSideChain] Side chain [ XKUh4GLhFJiqAMTF6HyWQrV9pK9HcGUdfJ ] height:  140
2019/03/28 20:54:34.982824 [1;35m[INF][m GID 117, [arbitrator] Main chain height:  311
2019/03/28 20:54:34.983609 [1;35m[INF][m GID 117, [processBlock] block height: 311 current height: 311
2019/03/28 20:54:34.983955 [1;35m[INF][m GID 117, Side chain [ XKUh4GLhFJiqAMTF6HyWQrV9pK9HcGUdfJ ] SetLastUsedUtxoHeight  311
2019/03/28 20:54:36.990156 [1;35m[INF][m GID 39, currentHeight: 140  chainHeight: 141
2019/03/28 20:54:36.993887 [1;35m[INF][m GID 39,  [SyncSideChain] Side chain [ XKUh4GLhFJiqAMTF6HyWQrV9pK9HcGUdfJ ] height:  141
2019/03/28 20:54:37.991724 [1;35m[INF][m GID 117, [arbitrator] Main chain height:  312
2019/03/28 20:54:37.992821 [1;35m[INF][m GID 117, [processBlock] block height: 312 current height: 312
2019/03/28 20:54:37.993248 [1;35m[INF][m GID 117, Side chain [ XKUh4GLhFJiqAMTF6HyWQrV9pK9HcGUdfJ ] SetLastUsedUtxoHeight  312
2019/03/28 20:54:40.010512 [1;35m[INF][m GID 117, [arbitrator] Main chain height:  313
2019/03/28 20:54:40.011312 [1;35m[INF][m GID 117, [processBlock] block height: 313 current height: 313
2019/03/28 20:54:40.011643 [1;35m[INF][m GID 117, Side chain [ XKUh4GLhFJiqAMTF6HyWQrV9pK9HcGUdfJ ] SetLastUsedUtxoHeight  313
2019/03/28 20:54:41.016366 [1;35m[INF][m GID 39, currentHeight: 141  chainHeight: 142
2019/03/28 20:54:41.020052 [1;35m[INF][m GID 39,  [SyncSideChain] Side chain [ XKUh4GLhFJiqAMTF6HyWQrV9pK9HcGUdfJ ] height:  142
2019/03/28 20:54:45.038289 [1;35m[INF][m GID 117, [arbitrator] Main chain height:  314
2019/03/28 20:54:45.039033 [1;35m[INF][m GID 117, [processBlock] block height: 314 current height: 314
2019/03/28 20:54:45.039269 [1;35m[INF][m GID 117, Side chain [ XKUh4GLhFJiqAMTF6HyWQrV9pK9HcGUdfJ ] SetLastUsedUtxoHeight  314
2019/03/28 20:54:47.046074 [1;35m[INF][m GID 117, [arbitrator] Main chain height:  315
2019/03/28 20:54:47.046811 [1;35m[INF][m GID 117, [processBlock] block height: 315 current height: 315
2019/03/28 20:54:47.047047 [1;35m[INF][m GID 117, Side chain [ XKUh4GLhFJiqAMTF6HyWQrV9pK9HcGUdfJ ] SetLastUsedUtxoHeight  315
2019/03/28 20:54:48.063943 [1;35m[INF][m GID 117, [arbitrator] Main chain height:  316
2019/03/28 20:54:48.064681 [1;35m[INF][m GID 117, [processBlock] block height: 316 current height: 316
2019/03/28 20:54:48.065064 [1;35m[INF][m GID 117, Side chain [ XKUh4GLhFJiqAMTF6HyWQrV9pK9HcGUdfJ ] SetLastUsedUtxoHeight  316
2019/03/28 20:54:49.037279 [1;35m[INF][m GID 39, currentHeight: 142  chainHeight: 143
2019/03/28 20:54:49.044681 [1;35m[INF][m GID 39,  [SyncSideChain] Side chain [ XKUh4GLhFJiqAMTF6HyWQrV9pK9HcGUdfJ ] height:  143
2019/03/28 20:54:55.054158 [1;35m[INF][m GID 39, currentHeight: 143  chainHeight: 144
2019/03/28 20:54:55.058198 [1;35m[INF][m GID 39,  [SyncSideChain] Side chain [ XKUh4GLhFJiqAMTF6HyWQrV9pK9HcGUdfJ ] height:  144
2019/03/28 20:54:57.069532 [1;35m[INF][m GID 39, currentHeight: 144  chainHeight: 145
2019/03/28 20:54:57.079810 [1;35m[INF][m GID 39,  [SyncSideChain] Side chain [ XKUh4GLhFJiqAMTF6HyWQrV9pK9HcGUdfJ ] height:  145
2019/03/28 20:55:06.604294 [1;35m[INF][m GID 39, currentHeight: 145  chainHeight: 146
2019/03/28 20:55:06.609453 [1;35m[INF][m GID 39,  [SyncSideChain] Side chain [ XKUh4GLhFJiqAMTF6HyWQrV9pK9HcGUdfJ ] height:  146
2019/03/28 20:55:07.461406 [1;35m[INF][m GID 119, Check and remove cross chain transactions from dbcache finished
2019/03/28 20:55:08.610919 [1;35m[INF][m GID 39, currentHeight: 146  chainHeight: 147
2019/03/28 20:55:08.614566 [1;35m[INF][m GID 39,  [SyncSideChain] Side chain [ XKUh4GLhFJiqAMTF6HyWQrV9pK9HcGUdfJ ] height:  147
2019/03/28 20:55:14.669665 [1;35m[INF][m GID 39, currentHeight: 147  chainHeight: 148
2019/03/28 20:55:14.673592 [1;35m[INF][m GID 39,  [SyncSideChain] Side chain [ XKUh4GLhFJiqAMTF6HyWQrV9pK9HcGUdfJ ] height:  148
2019/03/28 20:55:19.829744 [1;35m[INF][m GID 39, currentHeight: 148  chainHeight: 149
2019/03/28 20:55:19.834107 [1;35m[INF][m GID 39,  [SyncSideChain] Side chain [ XKUh4GLhFJiqAMTF6HyWQrV9pK9HcGUdfJ ] height:  149
2019/03/28 20:55:20.833460 [1;35m[INF][m GID 117, [arbitrator] Main chain height:  317
2019/03/28 20:55:20.835190 [1;35m[INF][m GID 117, [processBlock] block height: 317 current height: 317
2019/03/28 20:55:20.835440 [1;35m[INF][m GID 117, Side chain [ XKUh4GLhFJiqAMTF6HyWQrV9pK9HcGUdfJ ] SetLastUsedUtxoHeight  317
2019/03/28 20:55:22.855411 [1;35m[INF][m GID 117, [arbitrator] Main chain height:  318
2019/03/28 20:55:22.856218 [1;35m[INF][m GID 117, [processBlock] block height: 318 current height: 318
2019/03/28 20:55:22.856750 [1;35m[INF][m GID 117, Side chain [ XKUh4GLhFJiqAMTF6HyWQrV9pK9HcGUdfJ ] SetLastUsedUtxoHeight  318
2019/03/28 20:55:23.841937 [1;35m[INF][m GID 39, currentHeight: 149  chainHeight: 150
2019/03/28 20:55:23.854585 [1;35m[INF][m GID 39,  [SyncSideChain] Side chain [ XKUh4GLhFJiqAMTF6HyWQrV9pK9HcGUdfJ ] height:  150
2019/03/28 20:55:26.923226 [1;35m[INF][m GID 117, [arbitrator] Main chain height:  320
2019/03/28 20:55:26.924276 [1;35m[INF][m GID 117, [processBlock] block height: 319 current height: 319
2019/03/28 20:55:26.924527 [1;35m[INF][m GID 117, Side chain [ XKUh4GLhFJiqAMTF6HyWQrV9pK9HcGUdfJ ] SetLastUsedUtxoHeight  319
2019/03/28 20:55:26.926212 [1;35m[INF][m GID 117, [processBlock] block height: 320 current height: 320
2019/03/28 20:55:26.926410 [1;35m[INF][m GID 117, Side chain [ XKUh4GLhFJiqAMTF6HyWQrV9pK9HcGUdfJ ] SetLastUsedUtxoHeight  320
2019/03/28 20:55:30.951882 [1;35m[INF][m GID 117, [arbitrator] Main chain height:  321
2019/03/28 20:55:30.953022 [1;35m[INF][m GID 117, [processBlock] block height: 321 current height: 321
2019/03/28 20:55:30.953249 [1;35m[INF][m GID 117, Side chain [ XKUh4GLhFJiqAMTF6HyWQrV9pK9HcGUdfJ ] SetLastUsedUtxoHeight  321
2019/03/28 20:55:33.872172 [1;35m[INF][m GID 39, currentHeight: 150  chainHeight: 151
2019/03/28 20:55:33.876207 [1;35m[INF][m GID 39,  [SyncSideChain] Side chain [ XKUh4GLhFJiqAMTF6HyWQrV9pK9HcGUdfJ ] height:  151
2019/03/28 20:55:35.878902 [1;35m[INF][m GID 39, currentHeight: 151  chainHeight: 152
2019/03/28 20:55:35.884533 [1;35m[INF][m GID 39,  [SyncSideChain] Side chain [ XKUh4GLhFJiqAMTF6HyWQrV9pK9HcGUdfJ ] height:  152
2019/03/28 20:55:44.902215 [1;35m[INF][m GID 39, currentHeight: 152  chainHeight: 154
2019/03/28 20:55:44.907162 [1;35m[INF][m GID 39,  [SyncSideChain] Side chain [ XKUh4GLhFJiqAMTF6HyWQrV9pK9HcGUdfJ ] height:  154
2019/03/28 20:55:46.909121 [1;35m[INF][m GID 39, currentHeight: 154  chainHeight: 155
2019/03/28 20:55:46.934378 [1;35m[INF][m GID 39,  [SyncSideChain] Side chain [ XKUh4GLhFJiqAMTF6HyWQrV9pK9HcGUdfJ ] height:  155
2019/03/28 20:55:48.002047 [1;35m[INF][m GID 117, [arbitrator] Main chain height:  322
2019/03/28 20:55:48.002804 [1;35m[INF][m GID 117, [processBlock] block height: 322 current height: 322
2019/03/28 20:55:48.003064 [1;35m[INF][m GID 117, Side chain [ XKUh4GLhFJiqAMTF6HyWQrV9pK9HcGUdfJ ] SetLastUsedUtxoHeight  322
2019/03/28 20:55:53.947679 [1;35m[INF][m GID 39, currentHeight: 155  chainHeight: 156
2019/03/28 20:55:53.953155 [1;35m[INF][m GID 39,  [SyncSideChain] Side chain [ XKUh4GLhFJiqAMTF6HyWQrV9pK9HcGUdfJ ] height:  156
2019/03/28 20:55:57.321299 [1;35m[INF][m GID 117, [arbitrator] Main chain height:  323
2019/03/28 20:55:57.322386 [1;35m[INF][m GID 117, [processBlock] block height: 323 current height: 323
2019/03/28 20:55:57.322957 [1;35m[INF][m GID 117, Side chain [ XKUh4GLhFJiqAMTF6HyWQrV9pK9HcGUdfJ ] SetLastUsedUtxoHeight  323
2019/03/28 20:55:59.347994 [1;35m[INF][m GID 117, [arbitrator] Main chain height:  324
2019/03/28 20:55:59.348898 [1;35m[INF][m GID 117, [processBlock] block height: 324 current height: 324
2019/03/28 20:55:59.349111 [1;35m[INF][m GID 117, Side chain [ XKUh4GLhFJiqAMTF6HyWQrV9pK9HcGUdfJ ] SetLastUsedUtxoHeight  324
