2019/05/09 23:49:56.170163 [1;35m[INF][m GID 1, [UpdatePeers] peers: 0  height:  0
2019/05/09 23:49:56.170672 [1;35m[INF][m GID 46, Loaded 0 addresses from file 'elastos/data/dpos/peers.json'
2019/05/09 23:49:56.177196 [1;35m[INF][m GID 55, Server listening on [::]:10016
2019/05/09 23:49:56.177239 [1;35m[INF][m GID 54, Server listening on 0.0.0.0:10016
2019/05/09 23:50:26.192946 [1;35m[INF][m GID 47, [OnBadNetwork] found network bad
2019/05/09 23:50:56.204480 [1;35m[INF][m GID 47, [OnBadNetwork] found network bad
2019/05/09 23:51:26.208752 [1;35m[INF][m GID 47, [OnBadNetwork] found network bad
2019/05/09 23:51:56.223165 [1;35m[INF][m GID 47, [OnBadNetwork] found network bad
2019/05/09 23:52:26.277242 [1;35m[INF][m GID 47, [OnBadNetwork] found network bad
2019/05/09 23:52:56.277651 [1;35m[INF][m GID 47, [OnBadNetwork] found network bad
2019/05/09 23:53:26.279597 [1;35m[INF][m GID 47, [OnBadNetwork] found network bad
2019/05/09 23:53:56.293412 [1;35m[INF][m GID 47, [OnBadNetwork] found network bad
2019/05/09 23:54:26.309614 [1;35m[INF][m GID 47, [OnBadNetwork] found network bad
2019/05/09 23:54:56.319047 [1;35m[INF][m GID 47, [OnBadNetwork] found network bad
2019/05/09 23:55:26.319122 [1;35m[INF][m GID 47, [OnBadNetwork] found network bad
2019/05/09 23:55:56.354086 [1;35m[INF][m GID 47, [OnBadNetwork] found network bad
2019/05/09 23:56:26.354344 [1;35m[INF][m GID 47, [OnBadNetwork] found network bad
2019/05/09 23:56:56.355272 [1;35m[INF][m GID 47, [OnBadNetwork] found network bad
2019/05/09 23:57:26.357189 [1;35m[INF][m GID 47, [OnBadNetwork] found network bad
2019/05/09 23:57:56.397761 [1;35m[INF][m GID 47, [OnBadNetwork] found network bad
2019/05/09 23:58:26.463018 [1;35m[INF][m GID 47, [OnBadNetwork] found network bad
2019/05/09 23:58:56.477398 [1;35m[INF][m GID 47, [OnBadNetwork] found network bad
2019/05/09 23:59:26.489429 [1;35m[INF][m GID 47, [OnBadNetwork] found network bad
2019/05/09 23:59:56.507237 [1;35m[INF][m GID 47, [OnBadNetwork] found network bad
2019/05/10 00:00:26.523600 [1;35m[INF][m GID 47, [OnBadNetwork] found network bad
2019/05/10 00:00:56.530993 [1;35m[INF][m GID 47, [OnBadNetwork] found network bad
2019/05/10 00:01:26.535365 [1;35m[INF][m GID 47, [OnBadNetwork] found network bad
2019/05/10 00:01:56.535774 [1;35m[INF][m GID 47, [OnBadNetwork] found network bad
2019/05/10 00:02:26.536784 [1;35m[INF][m GID 47, [OnBadNetwork] found network bad
2019/05/10 00:02:56.539818 [1;35m[INF][m GID 47, [OnBadNetwork] found network bad
2019/05/10 00:03:26.555134 [1;35m[INF][m GID 47, [OnBadNetwork] found network bad
2019/05/10 00:03:56.568303 [1;35m[INF][m GID 47, [OnBadNetwork] found network bad
2019/05/10 00:04:26.595096 [1;35m[INF][m GID 47, [OnBadNetwork] found network bad
2019/05/10 00:04:56.595174 [1;35m[INF][m GID 47, [OnBadNetwork] found network bad
2019/05/10 00:05:26.605913 [1;35m[INF][m GID 47, [OnBadNetwork] found network bad
2019/05/10 00:05:56.617842 [1;35m[INF][m GID 47, [OnBadNetwork] found network bad
2019/05/10 00:06:26.645134 [1;35m[INF][m GID 47, [OnBadNetwork] found network bad
