2019-04-23 14:49:49.135 [INF] ELAD /home/kpachhai/dev/src/github.com/elastos/Elastos.ELA.SideChain.ID/main.go:59: Node version: v0.1.1
2019-04-23 14:49:49.170 [INF] ELAD /home/kpachhai/dev/src/github.com/elastos/Elastos.ELA.SideChain.ID/main.go:60: go version go1.11.5 linux/amd64
2019-04-23 14:49:49.171 [INF] ELAD /home/kpachhai/dev/src/github.com/elastos/Elastos.ELA.SideChain.ID/main.go:70: 1. BlockChain init
2019-04-23 14:49:49.218 [INF] ELAD /home/kpachhai/dev/src/github.com/elastos/Elastos.ELA.SideChain.ID/main.go:79: 2. SPV module init
2019-04-23 14:49:49.266 [INF] SPVS /home/kpachhai/dev/src/github.com/elastos/Elastos.ELA.SideChain.ID/vendor/github.com/elastos/Elastos.ELA.SPV/sdk/service.go:462: SPV service started...
2019-04-23 14:49:49.268 [INF] ELAD /home/kpachhai/dev/src/github.com/elastos/Elastos.ELA.SideChain.ID/main.go:136: 3. Start the P2P networks
2019-04-23 14:49:49.269 [INF] ELAD /home/kpachhai/dev/src/github.com/elastos/Elastos.ELA.SideChain.ID/main.go:145: 4. --Initialize pow service
2019-04-23 14:49:49.271 [INF] ELAD /home/kpachhai/dev/src/github.com/elastos/Elastos.ELA.SideChain.ID/main.go:161: Start POW Services
2019-04-23 14:49:49.271 [INF] ELAD /home/kpachhai/dev/src/github.com/elastos/Elastos.ELA.SideChain.ID/main.go:165: 5. --Start the RPC service
2019-04-23 14:49:49.268 [INF] SPVS /home/kpachhai/dev/src/github.com/elastos/Elastos.ELA.SideChain.ID/vendor/github.com/elastos/Elastos.ELA.SPV/sync/manager.go:238: New valid peer 127.0.0.1:10215 (outbound)
2019-04-23 14:49:49.272 [INF] SPVS /home/kpachhai/dev/src/github.com/elastos/Elastos.ELA.SideChain.ID/vendor/github.com/elastos/Elastos.ELA.SPV/sync/manager.go:192: Syncing to block height 10 from peer 127.0.0.1:10215
2019-04-23 14:49:49.272 [INF] MINR /home/kpachhai/dev/src/github.com/elastos/Elastos.ELA.SideChain.ID/vendor/github.com/elastos/Elastos.ELA.SideChain/pow/pow.go:298: <================POW Mining==============>

2019-04-23 14:49:49.272 [INF] MINR /home/kpachhai/dev/src/github.com/elastos/Elastos.ELA.SideChain.ID/vendor/github.com/elastos/Elastos.ELA.SideChain/pow/pow.go:422: difficulty:  520095999
2019-04-23 14:49:49.280 [INF] SYNC /home/kpachhai/dev/src/github.com/elastos/Elastos.ELA.SideChain.ID/vendor/github.com/elastos/Elastos.ELA.SideChain/netsync/manager.go:218: New valid peer 127.0.0.1:10235 (outbound)
2019-04-23 14:49:49.280 [INF] SYNC /home/kpachhai/dev/src/github.com/elastos/Elastos.ELA.SideChain.ID/vendor/github.com/elastos/Elastos.ELA.SideChain/netsync/manager.go:187: Syncing to block height 1 from peer 127.0.0.1:10235
2019-04-23 14:49:49.353 [INF] SYNC /home/kpachhai/dev/src/github.com/elastos/Elastos.ELA.SideChain.ID/vendor/github.com/elastos/Elastos.ELA.SideChain/netsync/manager.go:218: New valid peer 127.0.0.1:10035 (outbound)
2019-04-23 14:49:49.353 [INF] SYNC /home/kpachhai/dev/src/github.com/elastos/Elastos.ELA.SideChain.ID/vendor/github.com/elastos/Elastos.ELA.SideChain/netsync/manager.go:218: New valid peer 127.0.0.1:10135 (outbound)
2019-04-23 14:49:49.473 [INF] BCDB /home/kpachhai/dev/src/github.com/elastos/Elastos.ELA.SideChain.ID/vendor/github.com/elastos/Elastos.ELA.SideChain/blockchain/blockchain.go:1032: current height ->  1
2019-04-23 14:49:49.478 [INF] SPVS /home/kpachhai/dev/src/github.com/elastos/Elastos.ELA.SideChain.ID/vendor/github.com/elastos/Elastos.ELA.SPV/sync/manager.go:238: New valid peer 127.0.0.1:10115 (outbound)
2019-04-23 14:49:49.478 [INF] SPVS /home/kpachhai/dev/src/github.com/elastos/Elastos.ELA.SideChain.ID/vendor/github.com/elastos/Elastos.ELA.SPV/sync/manager.go:238: New valid peer 127.0.0.1:10015 (outbound)
2019-04-23 14:49:49.478 [INF] SPVS /home/kpachhai/dev/src/github.com/elastos/Elastos.ELA.SideChain.ID/vendor/github.com/elastos/Elastos.ELA.SPV/sync/manager.go:238: New valid peer 127.0.0.1:10315 (outbound)
2019-04-23 14:49:49.478 [INF] SPVS /home/kpachhai/dev/src/github.com/elastos/Elastos.ELA.SideChain.ID/vendor/github.com/elastos/Elastos.ELA.SPV/sync/manager.go:238: New valid peer 127.0.0.1:10415 (outbound)
2019-04-23 14:49:49.485 [INF] SPVS /home/kpachhai/dev/src/github.com/elastos/Elastos.ELA.SideChain.ID/vendor/github.com/elastos/Elastos.ELA.SPV/sync/manager.go:413: Received block dd9abfb82670cf9f9d9ff09ec2fb1fd8ae5df38c70dec374b616853bd725e72d at height 1
2019-04-23 14:49:49.506 [INF] SPVS /home/kpachhai/dev/src/github.com/elastos/Elastos.ELA.SideChain.ID/vendor/github.com/elastos/Elastos.ELA.SPV/sync/manager.go:413: Received block 6c00d37d637667b9427c2e45ef7b63bc78cf9ea57e5030724401509d94fdae00 at height 2
2019-04-23 14:49:49.506 [INF] SPVS /home/kpachhai/dev/src/github.com/elastos/Elastos.ELA.SideChain.ID/vendor/github.com/elastos/Elastos.ELA.SPV/sync/manager.go:413: Received block 5e86db9387670829650cb701165b1e498226989a77f02e4295155dca8762a6af at height 3
2019-04-23 14:49:49.506 [INF] SPVS /home/kpachhai/dev/src/github.com/elastos/Elastos.ELA.SideChain.ID/vendor/github.com/elastos/Elastos.ELA.SPV/sync/manager.go:413: Received block f6d115ab5e72f6b2b18b1c24d9c560589c10efdcdd1496ce63012f0f7667ff9c at height 4
2019-04-23 14:49:49.506 [INF] SPVS /home/kpachhai/dev/src/github.com/elastos/Elastos.ELA.SideChain.ID/vendor/github.com/elastos/Elastos.ELA.SPV/sync/manager.go:413: Received block ab48509905793dd18cc89582ebac80b017e28035122725ddfe726df9e35c49b0 at height 5
2019-04-23 14:49:49.525 [INF] SPVS /home/kpachhai/dev/src/github.com/elastos/Elastos.ELA.SideChain.ID/vendor/github.com/elastos/Elastos.ELA.SPV/sync/manager.go:413: Received block fcacf11c61ffa55bb9c75857d04150b0ad1aeea4e6fcc95c24840b4599a90b0a at height 6
2019-04-23 14:49:49.538 [INF] SPVS /home/kpachhai/dev/src/github.com/elastos/Elastos.ELA.SideChain.ID/vendor/github.com/elastos/Elastos.ELA.SPV/sync/manager.go:413: Received block 9c9df0357244eed39621e496007c26f178266e1d303f806c0014de2de68d418e at height 7
2019-04-23 14:49:49.538 [INF] SPVS /home/kpachhai/dev/src/github.com/elastos/Elastos.ELA.SideChain.ID/vendor/github.com/elastos/Elastos.ELA.SPV/sync/manager.go:413: Received block 750c2b6b5a9c629831a38d3a3cca03bce396f255cf49bc7db7c4c1ada6e37ffd at height 8
2019-04-23 14:49:49.574 [INF] SPVS /home/kpachhai/dev/src/github.com/elastos/Elastos.ELA.SideChain.ID/vendor/github.com/elastos/Elastos.ELA.SPV/sync/manager.go:413: Received block e1af332e973e0487237cff95ca227b018a435acd62f9d7d6dae1dae14c5b8bac at height 9
2019-04-23 14:49:49.575 [INF] SPVS /home/kpachhai/dev/src/github.com/elastos/Elastos.ELA.SideChain.ID/vendor/github.com/elastos/Elastos.ELA.SPV/sync/manager.go:413: Received block 730b171d1c783f89a0d9836fe2882b6062b13611695c482a4d128034d1354fd4 at height 10
2019-04-23 14:49:55.981 [INF] SPVS /home/kpachhai/dev/src/github.com/elastos/Elastos.ELA.SideChain.ID/vendor/github.com/elastos/Elastos.ELA.SPV/sync/manager.go:413: Received block b120d46e2bb86d6270bd07394fcc10ef3884d036252e24b3d3d947bba45ba763 at height 11
2019-04-23 14:49:57.398 [INF] SPVS /home/kpachhai/dev/src/github.com/elastos/Elastos.ELA.SideChain.ID/vendor/github.com/elastos/Elastos.ELA.SPV/sync/manager.go:413: Received block 1e9ca0265cba046ef5f0b51a3be0fd51661b8505211d13c58dd1481091f21a84 at height 12
2019-04-23 14:50:00.874 [INF] BCDB /home/kpachhai/dev/src/github.com/elastos/Elastos.ELA.SideChain.ID/vendor/github.com/elastos/Elastos.ELA.SideChain/blockchain/blockchain.go:1032: current height ->  2
2019-04-23 14:50:02.093 [INF] SPVS /home/kpachhai/dev/src/github.com/elastos/Elastos.ELA.SideChain.ID/vendor/github.com/elastos/Elastos.ELA.SPV/sync/manager.go:192: Syncing to block height 10 from peer 127.0.0.1:10215
2019-04-23 14:50:02.094 [INF] SPVS /home/kpachhai/dev/src/github.com/elastos/Elastos.ELA.SideChain.ID/vendor/github.com/elastos/Elastos.ELA.SPV/sync/manager.go:413: Received block e0aa80d1a57ebb118aeb208459d493d1a99dabbd1bd90eef94278c9937e5f454 at height 13
2019-04-23 14:50:02.094 [INF] SPVS /home/kpachhai/dev/src/github.com/elastos/Elastos.ELA.SideChain.ID/vendor/github.com/elastos/Elastos.ELA.SPV/sync/manager.go:413: Received block 31b9ca94843ad44a9a38d83f962314db19d55ca61a0a9a5f8c2168c7424930e5 at height 14
2019-04-23 14:50:02.094 [INF] SPVS /home/kpachhai/dev/src/github.com/elastos/Elastos.ELA.SideChain.ID/vendor/github.com/elastos/Elastos.ELA.SPV/sync/manager.go:413: Received block 4b39464681f3a2e68d6758f847cf2b3721341b21cf0ff5fb170723476bb990d0 at height 15
2019-04-23 14:50:04.339 [INF] MINR /home/kpachhai/dev/src/github.com/elastos/Elastos.ELA.SideChain.ID/vendor/github.com/elastos/Elastos.ELA.SideChain/pow/pow.go:298: <================POW Mining==============>

2019-04-23 14:50:04.340 [INF] MINR /home/kpachhai/dev/src/github.com/elastos/Elastos.ELA.SideChain.ID/vendor/github.com/elastos/Elastos.ELA.SideChain/pow/pow.go:422: difficulty:  520095999
2019-04-23 14:50:10.321 [INF] SPVS /home/kpachhai/dev/src/github.com/elastos/Elastos.ELA.SideChain.ID/vendor/github.com/elastos/Elastos.ELA.SPV/sync/manager.go:413: Received block 80d40230e1fe0df40ccdef3e0463cc2eb0ac4ab120d5779408b45312c83eff9b at height 16
2019-04-23 14:50:13.005 [INF] BCDB /home/kpachhai/dev/src/github.com/elastos/Elastos.ELA.SideChain.ID/vendor/github.com/elastos/Elastos.ELA.SideChain/blockchain/blockchain.go:1032: current height ->  3
2019-04-23 14:50:13.005 [INF] MINR /home/kpachhai/dev/src/github.com/elastos/Elastos.ELA.SideChain.ID/vendor/github.com/elastos/Elastos.ELA.SideChain/pow/pow.go:298: <================POW Mining==============>

2019-04-23 14:50:13.006 [INF] MINR /home/kpachhai/dev/src/github.com/elastos/Elastos.ELA.SideChain.ID/vendor/github.com/elastos/Elastos.ELA.SideChain/pow/pow.go:422: difficulty:  520095999
2019-04-23 14:50:13.747 [INF] SPVS /home/kpachhai/dev/src/github.com/elastos/Elastos.ELA.SideChain.ID/vendor/github.com/elastos/Elastos.ELA.SPV/sync/manager.go:413: Received block 11e0124c705abb5fc4b090d2512afbf73b371729dce995b86d6c589f864f9c0b at height 17
2019-04-23 14:50:29.485 [INF] SPVS /home/kpachhai/dev/src/github.com/elastos/Elastos.ELA.SideChain.ID/vendor/github.com/elastos/Elastos.ELA.SPV/sync/manager.go:274: Lost peer 127.0.0.1:10115 (outbound)
2019-04-23 14:50:29.485 [INF] SPVS /home/kpachhai/dev/src/github.com/elastos/Elastos.ELA.SideChain.ID/vendor/github.com/elastos/Elastos.ELA.SPV/sync/manager.go:274: Lost peer 127.0.0.1:10015 (outbound)
2019-04-23 14:50:30.118 [INF] SPVS /home/kpachhai/dev/src/github.com/elastos/Elastos.ELA.SideChain.ID/vendor/github.com/elastos/Elastos.ELA.SPV/sync/manager.go:413: Received block 1e2f6674845e335ba34c3c3764748564ce94a5f86242de1560a88df7af7926f8 at height 18
2019-04-23 14:50:32.304 [INF] SPVS /home/kpachhai/dev/src/github.com/elastos/Elastos.ELA.SideChain.ID/vendor/github.com/elastos/Elastos.ELA.SPV/sync/manager.go:413: Received block dc571ce25cd8983eaf8483dc51b4221d1d48c0813ef19a50c518cee10a65fd69 at height 19
2019-04-23 14:50:43.927 [INF] SPVS /home/kpachhai/dev/src/github.com/elastos/Elastos.ELA.SideChain.ID/vendor/github.com/elastos/Elastos.ELA.SPV/sync/manager.go:413: Received block a1c37c7bc8a05adfb31e59d90d5141f63104a7359534c439ebbefa855de81aed at height 20
2019-04-23 14:50:46.709 [INF] BCDB /home/kpachhai/dev/src/github.com/elastos/Elastos.ELA.SideChain.ID/vendor/github.com/elastos/Elastos.ELA.SideChain/blockchain/blockchain.go:1032: current height ->  4
2019-04-23 14:50:49.276 [INF] STAT: -> 4 [3 127.0.0.1:10235 (outbound), 3 127.0.0.1:10035 (outbound), 3 127.0.0.1:10135 (outbound)]
2019-04-23 14:50:49.345 [INF] MINR /home/kpachhai/dev/src/github.com/elastos/Elastos.ELA.SideChain.ID/vendor/github.com/elastos/Elastos.ELA.SideChain/pow/pow.go:298: <================POW Mining==============>

2019-04-23 14:50:49.346 [INF] MINR /home/kpachhai/dev/src/github.com/elastos/Elastos.ELA.SideChain.ID/vendor/github.com/elastos/Elastos.ELA.SideChain/pow/pow.go:422: difficulty:  520095999
2019-04-23 14:50:54.026 [INF] SPVS /home/kpachhai/dev/src/github.com/elastos/Elastos.ELA.SideChain.ID/vendor/github.com/elastos/Elastos.ELA.SPV/sync/manager.go:413: Received block 18c0762f62c096ef4feb436576484b12eb251cf1aa919a3b47f390babbd0acf3 at height 21
2019-04-23 14:50:56.320 [INF] SPVS /home/kpachhai/dev/src/github.com/elastos/Elastos.ELA.SideChain.ID/vendor/github.com/elastos/Elastos.ELA.SPV/sync/manager.go:413: Received block 8bd427ae91940b9f55f3ad87542ba2da7af5ef7520d5c17dbfe448eb9c34276f at height 22
2019-04-23 14:50:59.693 [INF] SPVS /home/kpachhai/dev/src/github.com/elastos/Elastos.ELA.SideChain.ID/vendor/github.com/elastos/Elastos.ELA.SPV/sync/manager.go:413: Received block e4d4cf23837c0a3d618b86d79c41c9685f0ab36f8655ac25ff2a390f4e126cc0 at height 23
2019-04-23 14:51:00.276 [INF] BCDB /home/kpachhai/dev/src/github.com/elastos/Elastos.ELA.SideChain.ID/vendor/github.com/elastos/Elastos.ELA.SideChain/blockchain/blockchain.go:1032: current height ->  5
2019-04-23 14:51:02.836 [INF] BCDB /home/kpachhai/dev/src/github.com/elastos/Elastos.ELA.SideChain.ID/vendor/github.com/elastos/Elastos.ELA.SideChain/blockchain/blockchain.go:1032: current height ->  6
2019-04-23 14:51:04.293 [INF] MINR /home/kpachhai/dev/src/github.com/elastos/Elastos.ELA.SideChain.ID/vendor/github.com/elastos/Elastos.ELA.SideChain/pow/pow.go:298: <================POW Mining==============>

2019-04-23 14:51:04.293 [INF] MINR /home/kpachhai/dev/src/github.com/elastos/Elastos.ELA.SideChain.ID/vendor/github.com/elastos/Elastos.ELA.SideChain/pow/pow.go:422: difficulty:  520095999
2019-04-23 14:51:04.341 [INF] BCDB /home/kpachhai/dev/src/github.com/elastos/Elastos.ELA.SideChain.ID/vendor/github.com/elastos/Elastos.ELA.SideChain/blockchain/blockchain.go:1032: current height ->  7
2019-04-23 14:51:04.341 [INF] MINR /home/kpachhai/dev/src/github.com/elastos/Elastos.ELA.SideChain.ID/vendor/github.com/elastos/Elastos.ELA.SideChain/pow/pow.go:298: <================POW Mining==============>

2019-04-23 14:51:04.342 [INF] MINR /home/kpachhai/dev/src/github.com/elastos/Elastos.ELA.SideChain.ID/vendor/github.com/elastos/Elastos.ELA.SideChain/pow/pow.go:422: difficulty:  520095999
2019-04-23 14:51:05.235 [INF] BCDB /home/kpachhai/dev/src/github.com/elastos/Elastos.ELA.SideChain.ID/vendor/github.com/elastos/Elastos.ELA.SideChain/blockchain/blockchain.go:1032: current height ->  8
2019-04-23 14:51:05.235 [INF] MINR /home/kpachhai/dev/src/github.com/elastos/Elastos.ELA.SideChain.ID/vendor/github.com/elastos/Elastos.ELA.SideChain/pow/pow.go:298: <================POW Mining==============>

2019-04-23 14:51:05.235 [INF] MINR /home/kpachhai/dev/src/github.com/elastos/Elastos.ELA.SideChain.ID/vendor/github.com/elastos/Elastos.ELA.SideChain/pow/pow.go:422: difficulty:  520095999
2019-04-23 14:51:13.517 [INF] SPVS /home/kpachhai/dev/src/github.com/elastos/Elastos.ELA.SideChain.ID/vendor/github.com/elastos/Elastos.ELA.SPV/sync/manager.go:413: Received block 0de7ae30f59ec37a7cfa590278d19c33dc135ffd3785b7cd0631c26e48f20502 at height 24
2019-04-23 14:51:19.354 [INF] SYNC /home/kpachhai/dev/src/github.com/elastos/Elastos.ELA.SideChain.ID/vendor/github.com/elastos/Elastos.ELA.SideChain/netsync/manager.go:248: Lost peer 127.0.0.1:10035 (outbound)
2019-04-23 14:51:19.641 [INF] BCDB /home/kpachhai/dev/src/github.com/elastos/Elastos.ELA.SideChain.ID/vendor/github.com/elastos/Elastos.ELA.SideChain/blockchain/blockchain.go:1032: current height ->  9
2019-04-23 14:51:19.877 [INF] SPVS /home/kpachhai/dev/src/github.com/elastos/Elastos.ELA.SideChain.ID/vendor/github.com/elastos/Elastos.ELA.SPV/sync/manager.go:413: Received block 5b6e35942884a5f02b533f0c5f69d53f34723f00a979c38df8ec47f01703ce99 at height 25
2019-04-23 14:51:22.515 [INF] SPVS /home/kpachhai/dev/src/github.com/elastos/Elastos.ELA.SideChain.ID/vendor/github.com/elastos/Elastos.ELA.SPV/sync/manager.go:413: Received block 7d27f4848d9e88be125a183f5571727ae73681fd51080fa15a5f02d9878ab767 at height 26
2019-04-23 14:51:25.393 [INF] SPVS /home/kpachhai/dev/src/github.com/elastos/Elastos.ELA.SideChain.ID/vendor/github.com/elastos/Elastos.ELA.SPV/sync/manager.go:413: Received block 2eb4fe2972cde5c146c79c97ed377ceffeca4c1e2a1c1612a2d9d82e7bda3438 at height 27
2019-04-23 14:51:30.863 [INF] SPVS /home/kpachhai/dev/src/github.com/elastos/Elastos.ELA.SideChain.ID/vendor/github.com/elastos/Elastos.ELA.SPV/sync/manager.go:413: Received block 2db936d5871bc975ef8fda9b368f72e01a8ea5362ee695c0d537a9168c547edc at height 28
2019-04-23 14:51:33.235 [INF] MINR /home/kpachhai/dev/src/github.com/elastos/Elastos.ELA.SideChain.ID/vendor/github.com/elastos/Elastos.ELA.SideChain/pow/pow.go:298: <================POW Mining==============>

2019-04-23 14:51:33.239 [INF] MINR /home/kpachhai/dev/src/github.com/elastos/Elastos.ELA.SideChain.ID/vendor/github.com/elastos/Elastos.ELA.SideChain/pow/pow.go:422: difficulty:  520095999
2019-04-23 14:51:36.433 [INF] SPVS /home/kpachhai/dev/src/github.com/elastos/Elastos.ELA.SideChain.ID/vendor/github.com/elastos/Elastos.ELA.SPV/sync/manager.go:413: Received block 65257c047d09670cc2550ee5bb822a8c118c16bf7a7c03c00128965c1a1409fc at height 29
2019-04-23 14:51:38.288 [INF] BCDB /home/kpachhai/dev/src/github.com/elastos/Elastos.ELA.SideChain.ID/vendor/github.com/elastos/Elastos.ELA.SideChain/blockchain/blockchain.go:1032: current height ->  10
2019-04-23 14:51:38.974 [INF] SPVS /home/kpachhai/dev/src/github.com/elastos/Elastos.ELA.SideChain.ID/vendor/github.com/elastos/Elastos.ELA.SPV/sync/manager.go:413: Received block 3acc16cf3ebdc5f954fbdf3e290f1af93b8dde442662cf21ad11795d171d6807 at height 30
2019-04-23 14:51:40.428 [INF] SPVS /home/kpachhai/dev/src/github.com/elastos/Elastos.ELA.SideChain.ID/vendor/github.com/elastos/Elastos.ELA.SPV/sync/manager.go:413: Received block e9bb1c74b52c025e4c8bf447f9050e123ec3356b6471b7d0d1f9be6ef127e215 at height 31
2019-04-23 14:51:44.152 [INF] SPVS /home/kpachhai/dev/src/github.com/elastos/Elastos.ELA.SideChain.ID/vendor/github.com/elastos/Elastos.ELA.SPV/sync/manager.go:413: Received block 3695cc147270803d07f2bb8d07c36baea38967e44b470e93bc26c0eb14af42ba at height 32
2019-04-23 14:51:45.622 [INF] SPVS /home/kpachhai/dev/src/github.com/elastos/Elastos.ELA.SideChain.ID/vendor/github.com/elastos/Elastos.ELA.SPV/sync/manager.go:413: Received block 92f98c295563290ef46bc87c4925b4dd4d1067a10f2592e930e15b87128a6eaf at height 33
2019-04-23 14:51:47.486 [INF] SPVS /home/kpachhai/dev/src/github.com/elastos/Elastos.ELA.SideChain.ID/vendor/github.com/elastos/Elastos.ELA.SPV/sync/manager.go:413: Received block 11f8086a12b20a3f4d5ca1d061ff7bea6903a6cc776b313ab365175752914d65 at height 34
2019-04-23 14:51:49.275 [INF] MINR /home/kpachhai/dev/src/github.com/elastos/Elastos.ELA.SideChain.ID/vendor/github.com/elastos/Elastos.ELA.SideChain/pow/pow.go:298: <================POW Mining==============>

2019-04-23 14:51:49.275 [INF] STAT: -> 10 [8 127.0.0.1:10235 (outbound), 8 127.0.0.1:10135 (outbound)]
2019-04-23 14:51:49.275 [INF] MINR /home/kpachhai/dev/src/github.com/elastos/Elastos.ELA.SideChain.ID/vendor/github.com/elastos/Elastos.ELA.SideChain/pow/pow.go:422: difficulty:  520095999
2019-04-23 14:51:50.086 [INF] BCDB /home/kpachhai/dev/src/github.com/elastos/Elastos.ELA.SideChain.ID/vendor/github.com/elastos/Elastos.ELA.SideChain/blockchain/blockchain.go:1032: current height ->  11
2019-04-23 14:51:50.995 [INF] SPVS /home/kpachhai/dev/src/github.com/elastos/Elastos.ELA.SideChain.ID/vendor/github.com/elastos/Elastos.ELA.SPV/sync/manager.go:413: Received block 871b5fe638e960eb6f4eb6af6f3ac9de1b731d895f19deea129a9933ae3ed233 at height 35
2019-04-23 14:51:55.784 [INF] SPVS /home/kpachhai/dev/src/github.com/elastos/Elastos.ELA.SideChain.ID/vendor/github.com/elastos/Elastos.ELA.SPV/sync/manager.go:413: Received block b9d28853d0ce248c8442427a6db81ec98c4ccd762938728797ec4adb1309ace7 at height 36
2019-04-23 14:51:58.724 [INF] SPVS /home/kpachhai/dev/src/github.com/elastos/Elastos.ELA.SideChain.ID/vendor/github.com/elastos/Elastos.ELA.SPV/sync/manager.go:413: Received block ecd28bad06b72d05edb3153a0ce7bd9ed5bedf435ab1b4fb8a5228e17668c223 at height 37
2019-04-23 14:52:02.019 [INF] SPVS /home/kpachhai/dev/src/github.com/elastos/Elastos.ELA.SideChain.ID/vendor/github.com/elastos/Elastos.ELA.SPV/sync/manager.go:413: Received block ce398b467ea3ba59d116be03bc41109ef47c925a03d28d3d8d47889c892eec3b at height 38
2019-04-23 14:52:02.254 [INF] SPVS /home/kpachhai/dev/src/github.com/elastos/Elastos.ELA.SideChain.ID/vendor/github.com/elastos/Elastos.ELA.SPV/sync/manager.go:413: Received block 2372781be5b999c3943b405f822681944c3aabc1feb9f2eb85b889f8a663f556 at height 39
2019-04-23 14:52:04.274 [INF] MINR /home/kpachhai/dev/src/github.com/elastos/Elastos.ELA.SideChain.ID/vendor/github.com/elastos/Elastos.ELA.SideChain/pow/pow.go:298: <================POW Mining==============>

2019-04-23 14:52:04.274 [INF] MINR /home/kpachhai/dev/src/github.com/elastos/Elastos.ELA.SideChain.ID/vendor/github.com/elastos/Elastos.ELA.SideChain/pow/pow.go:422: difficulty:  520095999
2019-04-23 14:52:06.101 [INF] BCDB /home/kpachhai/dev/src/github.com/elastos/Elastos.ELA.SideChain.ID/vendor/github.com/elastos/Elastos.ELA.SideChain/blockchain/blockchain.go:1032: current height ->  12
2019-04-23 14:52:13.868 [INF] SPVS /home/kpachhai/dev/src/github.com/elastos/Elastos.ELA.SideChain.ID/vendor/github.com/elastos/Elastos.ELA.SPV/sync/manager.go:413: Received block 14764f81ed1d34a8afbdc248a555d048d76eacfc40b8b30c6437d760a002dd5d at height 40
2019-04-23 14:52:14.297 [INF] MINR /home/kpachhai/dev/src/github.com/elastos/Elastos.ELA.SideChain.ID/vendor/github.com/elastos/Elastos.ELA.SideChain/pow/pow.go:298: <================POW Mining==============>

2019-04-23 14:52:14.297 [INF] MINR /home/kpachhai/dev/src/github.com/elastos/Elastos.ELA.SideChain.ID/vendor/github.com/elastos/Elastos.ELA.SideChain/pow/pow.go:422: difficulty:  520095999
2019-04-23 14:52:26.407 [INF] BCDB /home/kpachhai/dev/src/github.com/elastos/Elastos.ELA.SideChain.ID/vendor/github.com/elastos/Elastos.ELA.SideChain/blockchain/blockchain.go:1032: current height ->  13
2019-04-23 14:52:30.556 [INF] BCDB /home/kpachhai/dev/src/github.com/elastos/Elastos.ELA.SideChain.ID/vendor/github.com/elastos/Elastos.ELA.SideChain/blockchain/blockchain.go:1032: current height ->  14
2019-04-23 14:52:34.285 [INF] MINR /home/kpachhai/dev/src/github.com/elastos/Elastos.ELA.SideChain.ID/vendor/github.com/elastos/Elastos.ELA.SideChain/pow/pow.go:298: <================POW Mining==============>

2019-04-23 14:52:34.286 [INF] MINR /home/kpachhai/dev/src/github.com/elastos/Elastos.ELA.SideChain.ID/vendor/github.com/elastos/Elastos.ELA.SideChain/pow/pow.go:422: difficulty:  520095999
2019-04-23 14:52:34.785 [INF] SPVS /home/kpachhai/dev/src/github.com/elastos/Elastos.ELA.SideChain.ID/vendor/github.com/elastos/Elastos.ELA.SPV/sync/manager.go:413: Received block f8ef1e6602cde08c10596057373640b2a62aa056744818e619ed2931190844e0 at height 41
2019-04-23 14:52:46.276 [INF] SPVS /home/kpachhai/dev/src/github.com/elastos/Elastos.ELA.SideChain.ID/vendor/github.com/elastos/Elastos.ELA.SPV/sync/manager.go:413: Received block 2cf802705e95d4d0da7a88ce1758fc14d097587d07aa7bc91163e85eccd793fd at height 42
2019-04-23 14:52:49.274 [INF] STAT: -> 14 [12 127.0.0.1:10135 (outbound), 12 127.0.0.1:10235 (outbound)]
2019-04-23 14:52:55.829 [INF] SPVS /home/kpachhai/dev/src/github.com/elastos/Elastos.ELA.SideChain.ID/vendor/github.com/elastos/Elastos.ELA.SPV/sync/manager.go:413: Received block 29f25858bb181947a6d56427b34e2b4056332e3630c62f090becd48fcd5d9b96 at height 43
2019-04-23 14:52:59.261 [INF] SPVS /home/kpachhai/dev/src/github.com/elastos/Elastos.ELA.SideChain.ID/vendor/github.com/elastos/Elastos.ELA.SPV/sync/manager.go:413: Received block 914383b652acfacc82e34b71ef901eb02504aaeda397f7c7c1e6f824263e04c4 at height 44
2019-04-23 14:53:01.213 [INF] SPVS /home/kpachhai/dev/src/github.com/elastos/Elastos.ELA.SideChain.ID/vendor/github.com/elastos/Elastos.ELA.SPV/sync/manager.go:413: Received block 0b6d80a01671d12ef75c51af04791b71096dd2d1f2311a2e897b4585a454d7c6 at height 45
2019-04-23 14:53:04.299 [INF] SYNC /home/kpachhai/dev/src/github.com/elastos/Elastos.ELA.SideChain.ID/vendor/github.com/elastos/Elastos.ELA.SideChain/netsync/manager.go:248: Lost peer 127.0.0.1:10135 (outbound)
2019-04-23 14:53:06.782 [INF] BCDB /home/kpachhai/dev/src/github.com/elastos/Elastos.ELA.SideChain.ID/vendor/github.com/elastos/Elastos.ELA.SideChain/blockchain/blockchain.go:1032: current height ->  15
2019-04-23 14:53:08.132 [INF] SPVS /home/kpachhai/dev/src/github.com/elastos/Elastos.ELA.SideChain.ID/vendor/github.com/elastos/Elastos.ELA.SPV/sync/manager.go:413: Received block cafc130f687713e52e1af0101381d383b8124aa52092a1195b3d61c42dd3bc28 at height 46
2019-04-23 14:53:09.277 [INF] BCDB /home/kpachhai/dev/src/github.com/elastos/Elastos.ELA.SideChain.ID/vendor/github.com/elastos/Elastos.ELA.SideChain/blockchain/blockchain.go:1032: current height ->  16
2019-04-23 14:53:12.753 [INF] SPVS /home/kpachhai/dev/src/github.com/elastos/Elastos.ELA.SideChain.ID/vendor/github.com/elastos/Elastos.ELA.SPV/sync/manager.go:413: Received block 3362f17ec7a0c3776b44e9439a6847df7bc25225267913a5381a225fb34e60a6 at height 47
2019-04-23 14:53:18.789 [INF] BCDB /home/kpachhai/dev/src/github.com/elastos/Elastos.ELA.SideChain.ID/vendor/github.com/elastos/Elastos.ELA.SideChain/blockchain/blockchain.go:1032: current height ->  17
2019-04-23 14:53:19.279 [INF] MINR /home/kpachhai/dev/src/github.com/elastos/Elastos.ELA.SideChain.ID/vendor/github.com/elastos/Elastos.ELA.SideChain/pow/pow.go:298: <================POW Mining==============>

2019-04-23 14:53:19.281 [INF] MINR /home/kpachhai/dev/src/github.com/elastos/Elastos.ELA.SideChain.ID/vendor/github.com/elastos/Elastos.ELA.SideChain/pow/pow.go:422: difficulty:  520095999
2019-04-23 14:53:19.874 [INF] SPVS /home/kpachhai/dev/src/github.com/elastos/Elastos.ELA.SideChain.ID/vendor/github.com/elastos/Elastos.ELA.SPV/sync/manager.go:413: Received block 6638ce1f452fe9c6357c329639d1e0a0f19b201b4e1b64277e9b1e65695ce154 at height 48
2019-04-23 14:53:32.664 [INF] SPVS /home/kpachhai/dev/src/github.com/elastos/Elastos.ELA.SideChain.ID/vendor/github.com/elastos/Elastos.ELA.SPV/sync/manager.go:413: Received block 59a60ec6f38efdcebf6aaaca31f293dd2b71215f4cccb46c4710dda089957acc at height 49
2019-04-23 14:53:34.774 [INF] SPVS /home/kpachhai/dev/src/github.com/elastos/Elastos.ELA.SideChain.ID/vendor/github.com/elastos/Elastos.ELA.SPV/sync/manager.go:413: Received block 28b7ab0df09a551b98801a04601e555e9ddf1322973b10475db315e2db8e0d30 at height 50
2019-04-23 14:53:40.796 [INF] SPVS /home/kpachhai/dev/src/github.com/elastos/Elastos.ELA.SideChain.ID/vendor/github.com/elastos/Elastos.ELA.SPV/sync/manager.go:413: Received block ccd6824459dd4ad9c865c77d4a33eaf81e313911be2a7e3d84732b2473abaa06 at height 51
2019-04-23 14:53:45.636 [INF] BCDB /home/kpachhai/dev/src/github.com/elastos/Elastos.ELA.SideChain.ID/vendor/github.com/elastos/Elastos.ELA.SideChain/blockchain/blockchain.go:1032: current height ->  18
2019-04-23 14:53:46.498 [INF] SPVS /home/kpachhai/dev/src/github.com/elastos/Elastos.ELA.SideChain.ID/vendor/github.com/elastos/Elastos.ELA.SPV/sync/manager.go:413: Received block 730c01eeec72a2f6d1ab825a0823378af4ff18c31fdb43937fa57b5032ad0c74 at height 52
2019-04-23 14:53:49.304 [INF] STAT: -> 18 [18 127.0.0.1:10235 (outbound)]
2019-04-23 14:53:49.305 [INF] MINR /home/kpachhai/dev/src/github.com/elastos/Elastos.ELA.SideChain.ID/vendor/github.com/elastos/Elastos.ELA.SideChain/pow/pow.go:298: <================POW Mining==============>

2019-04-23 14:53:49.305 [INF] MINR /home/kpachhai/dev/src/github.com/elastos/Elastos.ELA.SideChain.ID/vendor/github.com/elastos/Elastos.ELA.SideChain/pow/pow.go:422: difficulty:  520095999
2019-04-23 14:53:50.076 [INF] SPVS /home/kpachhai/dev/src/github.com/elastos/Elastos.ELA.SideChain.ID/vendor/github.com/elastos/Elastos.ELA.SPV/sync/manager.go:413: Received block a9999d5a10b55340b908b6b610cf4b95896963d559f0a3c5f374a905cf32e2ad at height 53
2019-04-23 14:53:53.937 [INF] SPVS /home/kpachhai/dev/src/github.com/elastos/Elastos.ELA.SideChain.ID/vendor/github.com/elastos/Elastos.ELA.SPV/sync/manager.go:413: Received block a46aa59252fb946275241f6647a6bb7d4c819fb9d564e5aa5f6983e8a268a2d8 at height 54
2019-04-23 14:53:56.782 [INF] BCDB /home/kpachhai/dev/src/github.com/elastos/Elastos.ELA.SideChain.ID/vendor/github.com/elastos/Elastos.ELA.SideChain/blockchain/blockchain.go:1032: current height ->  19
2019-04-23 14:53:58.645 [INF] SPVS /home/kpachhai/dev/src/github.com/elastos/Elastos.ELA.SideChain.ID/vendor/github.com/elastos/Elastos.ELA.SPV/sync/manager.go:413: Received block 7655b089ec0bd9ed1c6d7553a294d8a7ee032e652a0585b7f699deeec2d5a8a2 at height 55
2019-04-23 14:54:03.697 [INF] SPVS /home/kpachhai/dev/src/github.com/elastos/Elastos.ELA.SideChain.ID/vendor/github.com/elastos/Elastos.ELA.SPV/sync/manager.go:413: Received block b5a0c9c9a4c76b2f68e8579c09319c760766a124e2e3111138683063ec8c8890 at height 56
2019-04-23 14:54:04.292 [INF] MINR /home/kpachhai/dev/src/github.com/elastos/Elastos.ELA.SideChain.ID/vendor/github.com/elastos/Elastos.ELA.SideChain/pow/pow.go:298: <================POW Mining==============>

2019-04-23 14:54:04.293 [INF] MINR /home/kpachhai/dev/src/github.com/elastos/Elastos.ELA.SideChain.ID/vendor/github.com/elastos/Elastos.ELA.SideChain/pow/pow.go:422: difficulty:  520095999
2019-04-23 14:54:05.269 [INF] BCDB /home/kpachhai/dev/src/github.com/elastos/Elastos.ELA.SideChain.ID/vendor/github.com/elastos/Elastos.ELA.SideChain/blockchain/blockchain.go:1032: current height ->  20
2019-04-23 14:54:05.269 [INF] MINR /home/kpachhai/dev/src/github.com/elastos/Elastos.ELA.SideChain.ID/vendor/github.com/elastos/Elastos.ELA.SideChain/pow/pow.go:298: <================POW Mining==============>

2019-04-23 14:54:05.271 [INF] MINR /home/kpachhai/dev/src/github.com/elastos/Elastos.ELA.SideChain.ID/vendor/github.com/elastos/Elastos.ELA.SideChain/pow/pow.go:422: difficulty:  520095999
2019-04-23 14:54:05.380 [INF] SPVS /home/kpachhai/dev/src/github.com/elastos/Elastos.ELA.SideChain.ID/vendor/github.com/elastos/Elastos.ELA.SPV/sync/manager.go:413: Received block bdda5ac3799fa7d6e1f80d89c02be4b944964b575be60d3b91deed79e41bb53e at height 57
2019-04-23 14:54:11.657 [INF] SPVS /home/kpachhai/dev/src/github.com/elastos/Elastos.ELA.SideChain.ID/vendor/github.com/elastos/Elastos.ELA.SPV/sync/manager.go:413: Received block 51ed6f3a4efade71a07314e2ecd3c70e465b019d6c38f302322f3b66d3829723 at height 58
2019-04-23 14:54:16.884 [INF] BCDB /home/kpachhai/dev/src/github.com/elastos/Elastos.ELA.SideChain.ID/vendor/github.com/elastos/Elastos.ELA.SideChain/blockchain/blockchain.go:1032: current height ->  21
2019-04-23 14:54:19.278 [INF] MINR /home/kpachhai/dev/src/github.com/elastos/Elastos.ELA.SideChain.ID/vendor/github.com/elastos/Elastos.ELA.SideChain/pow/pow.go:298: <================POW Mining==============>

2019-04-23 14:54:19.292 [INF] MINR /home/kpachhai/dev/src/github.com/elastos/Elastos.ELA.SideChain.ID/vendor/github.com/elastos/Elastos.ELA.SideChain/pow/pow.go:422: difficulty:  520095999
2019-04-23 14:54:27.206 [INF] BCDB /home/kpachhai/dev/src/github.com/elastos/Elastos.ELA.SideChain.ID/vendor/github.com/elastos/Elastos.ELA.SideChain/blockchain/blockchain.go:1032: current height ->  22
2019-04-23 14:54:32.608 [INF] SPVS /home/kpachhai/dev/src/github.com/elastos/Elastos.ELA.SideChain.ID/vendor/github.com/elastos/Elastos.ELA.SPV/sync/manager.go:413: Received block 524c8da7090c4bd5568fa60a6970d8428b953d4e93906af6c4b8bdeacb686fd2 at height 59
2019-04-23 14:54:34.285 [INF] MINR /home/kpachhai/dev/src/github.com/elastos/Elastos.ELA.SideChain.ID/vendor/github.com/elastos/Elastos.ELA.SideChain/pow/pow.go:298: <================POW Mining==============>

2019-04-23 14:54:34.287 [INF] MINR /home/kpachhai/dev/src/github.com/elastos/Elastos.ELA.SideChain.ID/vendor/github.com/elastos/Elastos.ELA.SideChain/pow/pow.go:422: difficulty:  520095999
2019-04-23 14:54:34.781 [INF] BCDB /home/kpachhai/dev/src/github.com/elastos/Elastos.ELA.SideChain.ID/vendor/github.com/elastos/Elastos.ELA.SideChain/blockchain/blockchain.go:1032: current height ->  23
2019-04-23 14:54:36.159 [INF] BCDB /home/kpachhai/dev/src/github.com/elastos/Elastos.ELA.SideChain.ID/vendor/github.com/elastos/Elastos.ELA.SideChain/blockchain/blockchain.go:1032: current height ->  24
2019-04-23 14:54:36.814 [INF] SPVS /home/kpachhai/dev/src/github.com/elastos/Elastos.ELA.SideChain.ID/vendor/github.com/elastos/Elastos.ELA.SPV/sync/manager.go:413: Received block dac26b6de7f8eee9a7d546bf0540767a2c60a83c6e3cf5c1104cfeb9f834174b at height 60
2019-04-23 14:54:41.480 [INF] SPVS /home/kpachhai/dev/src/github.com/elastos/Elastos.ELA.SideChain.ID/vendor/github.com/elastos/Elastos.ELA.SPV/sync/manager.go:413: Received block 0a33a60e5fdb857adbb3aa46e0272a2a4c0dd731eed7b434d4536f9cac0fb5e1 at height 61
2019-04-23 14:54:47.384 [INF] SPVS /home/kpachhai/dev/src/github.com/elastos/Elastos.ELA.SideChain.ID/vendor/github.com/elastos/Elastos.ELA.SPV/sync/manager.go:413: Received block 6ca63b32b7c52b6a839e4632e8235ada897765e6b2f9cf6ebc0258c03ac7dd29 at height 62
2019-04-23 14:54:49.314 [INF] STAT: -> 24 [21 127.0.0.1:10235 (outbound)]
2019-04-23 14:54:49.316 [INF] MINR /home/kpachhai/dev/src/github.com/elastos/Elastos.ELA.SideChain.ID/vendor/github.com/elastos/Elastos.ELA.SideChain/pow/pow.go:298: <================POW Mining==============>

2019-04-23 14:54:49.319 [INF] MINR /home/kpachhai/dev/src/github.com/elastos/Elastos.ELA.SideChain.ID/vendor/github.com/elastos/Elastos.ELA.SideChain/pow/pow.go:422: difficulty:  520095999
2019-04-23 14:54:56.557 [INF] SPVS /home/kpachhai/dev/src/github.com/elastos/Elastos.ELA.SideChain.ID/vendor/github.com/elastos/Elastos.ELA.SPV/sync/manager.go:413: Received block 7ecc5ab0ecab48267109f8ffb5e71ef46d024a9cbda7fcf8530e562c2886cba0 at height 63
2019-04-23 14:54:57.446 [INF] SPVS /home/kpachhai/dev/src/github.com/elastos/Elastos.ELA.SideChain.ID/vendor/github.com/elastos/Elastos.ELA.SPV/sync/manager.go:413: Received block 864bd708efa3694ad2d36fbb4e1b98ef32fbd898127e2f03a7c59785ffe86fc2 at height 64
2019-04-23 14:54:59.532 [INF] BCDB /home/kpachhai/dev/src/github.com/elastos/Elastos.ELA.SideChain.ID/vendor/github.com/elastos/Elastos.ELA.SideChain/blockchain/blockchain.go:1032: current height ->  25
2019-04-23 14:55:04.308 [INF] MINR /home/kpachhai/dev/src/github.com/elastos/Elastos.ELA.SideChain.ID/vendor/github.com/elastos/Elastos.ELA.SideChain/pow/pow.go:298: <================POW Mining==============>

2019-04-23 14:55:04.331 [INF] MINR /home/kpachhai/dev/src/github.com/elastos/Elastos.ELA.SideChain.ID/vendor/github.com/elastos/Elastos.ELA.SideChain/pow/pow.go:422: difficulty:  520095999
2019-04-23 14:55:04.685 [INF] SPVS /home/kpachhai/dev/src/github.com/elastos/Elastos.ELA.SideChain.ID/vendor/github.com/elastos/Elastos.ELA.SPV/sync/manager.go:413: Received block 3a77743d068073e4310f4c340dd958baffb6a46ffbe6192d9972138ce851bb78 at height 65
2019-04-23 14:55:14.639 [INF] SPVS /home/kpachhai/dev/src/github.com/elastos/Elastos.ELA.SideChain.ID/vendor/github.com/elastos/Elastos.ELA.SPV/sync/manager.go:413: Received block 034f9445d3552331451df1b170d9f818a242045320506465da9e6d1f6358ee49 at height 66
2019-04-23 14:55:15.341 [INF] BCDB /home/kpachhai/dev/src/github.com/elastos/Elastos.ELA.SideChain.ID/vendor/github.com/elastos/Elastos.ELA.SideChain/blockchain/blockchain.go:1032: current height ->  26
2019-04-23 14:55:18.128 [INF] SPVS /home/kpachhai/dev/src/github.com/elastos/Elastos.ELA.SideChain.ID/vendor/github.com/elastos/Elastos.ELA.SPV/sync/manager.go:413: Received block 6e1b00419c15377a200b3f9dd25e4bcd3b94a8e94b9abdd3926f35d390b8ba47 at height 67
2019-04-23 14:55:19.272 [INF] MINR /home/kpachhai/dev/src/github.com/elastos/Elastos.ELA.SideChain.ID/vendor/github.com/elastos/Elastos.ELA.SideChain/pow/pow.go:298: <================POW Mining==============>

2019-04-23 14:55:19.304 [INF] MINR /home/kpachhai/dev/src/github.com/elastos/Elastos.ELA.SideChain.ID/vendor/github.com/elastos/Elastos.ELA.SideChain/pow/pow.go:422: difficulty:  520095999
2019-04-23 14:55:20.330 [INF] SPVS /home/kpachhai/dev/src/github.com/elastos/Elastos.ELA.SideChain.ID/vendor/github.com/elastos/Elastos.ELA.SPV/sync/manager.go:413: Received block 0eedf58f210bc902935a169c1419d5b4c611a1841c15cfac2dffdd1e82aaafa0 at height 68
2019-04-23 14:55:23.583 [INF] SPVS /home/kpachhai/dev/src/github.com/elastos/Elastos.ELA.SideChain.ID/vendor/github.com/elastos/Elastos.ELA.SPV/sync/manager.go:413: Received block df0cf61b66e67f8e30c745e3c0962603422d4f05d7899dbcaefc662118c37cfd at height 69
2019-04-23 14:55:25.888 [INF] SPVS /home/kpachhai/dev/src/github.com/elastos/Elastos.ELA.SideChain.ID/vendor/github.com/elastos/Elastos.ELA.SPV/sync/manager.go:413: Received block 0edbe0c64a040b839055f7d402c47ed4ce349f1f5e33680fd314bf452a75e9d8 at height 70
2019-04-23 14:55:28.989 [INF] SPVS /home/kpachhai/dev/src/github.com/elastos/Elastos.ELA.SideChain.ID/vendor/github.com/elastos/Elastos.ELA.SPV/sync/manager.go:413: Received block 724586814973ec383065c7f5b1c27b433f8e85ed6e8a64e76344f681fd18fd46 at height 71
2019-04-23 14:55:31.449 [INF] BCDB /home/kpachhai/dev/src/github.com/elastos/Elastos.ELA.SideChain.ID/vendor/github.com/elastos/Elastos.ELA.SideChain/blockchain/blockchain.go:1032: current height ->  27
2019-04-23 14:55:34.291 [INF] MINR /home/kpachhai/dev/src/github.com/elastos/Elastos.ELA.SideChain.ID/vendor/github.com/elastos/Elastos.ELA.SideChain/pow/pow.go:298: <================POW Mining==============>

2019-04-23 14:55:34.291 [INF] MINR /home/kpachhai/dev/src/github.com/elastos/Elastos.ELA.SideChain.ID/vendor/github.com/elastos/Elastos.ELA.SideChain/pow/pow.go:422: difficulty:  520095999
2019-04-23 14:55:44.166 [INF] SPVS /home/kpachhai/dev/src/github.com/elastos/Elastos.ELA.SideChain.ID/vendor/github.com/elastos/Elastos.ELA.SPV/sync/manager.go:413: Received block a3f2f83277442e07e79c996e1301f9dfa0a37a599038dcb10e415285f1c95fff at height 72
2019-04-23 14:55:46.679 [INF] SPVS /home/kpachhai/dev/src/github.com/elastos/Elastos.ELA.SideChain.ID/vendor/github.com/elastos/Elastos.ELA.SPV/sync/manager.go:413: Received block 3df8666b6faa189c65aaa05c1609b264b97ecd7c68405dbffbd7dfc7a63fd359 at height 73
2019-04-23 14:55:49.292 [INF] STAT: -> 27 [26 127.0.0.1:10235 (outbound)]
2019-04-23 14:56:00.482 [INF] SPVS /home/kpachhai/dev/src/github.com/elastos/Elastos.ELA.SideChain.ID/vendor/github.com/elastos/Elastos.ELA.SPV/sync/manager.go:413: Received block 8290124fe7c3ad7fdbb99506b8c95ed23a65fea8a67162709d9056b334beb5f6 at height 74
2019-04-23 14:56:04.659 [INF] SPVS /home/kpachhai/dev/src/github.com/elastos/Elastos.ELA.SideChain.ID/vendor/github.com/elastos/Elastos.ELA.SPV/sync/manager.go:413: Received block 5ffb564d0fb80b3f8c601a19eb995fc14132e4e968590edc9e26fe5698f5d8ed at height 75
2019-04-23 14:56:06.697 [INF] BCDB /home/kpachhai/dev/src/github.com/elastos/Elastos.ELA.SideChain.ID/vendor/github.com/elastos/Elastos.ELA.SideChain/blockchain/blockchain.go:1032: current height ->  28
2019-04-23 14:56:06.697 [INF] MINR /home/kpachhai/dev/src/github.com/elastos/Elastos.ELA.SideChain.ID/vendor/github.com/elastos/Elastos.ELA.SideChain/pow/pow.go:298: <================POW Mining==============>

2019-04-23 14:56:06.697 [INF] MINR /home/kpachhai/dev/src/github.com/elastos/Elastos.ELA.SideChain.ID/vendor/github.com/elastos/Elastos.ELA.SideChain/pow/pow.go:422: difficulty:  520095999
2019-04-23 14:56:07.036 [INF] BCDB /home/kpachhai/dev/src/github.com/elastos/Elastos.ELA.SideChain.ID/vendor/github.com/elastos/Elastos.ELA.SideChain/blockchain/blockchain.go:1032: current height ->  29
2019-04-23 14:56:07.041 [INF] MINR /home/kpachhai/dev/src/github.com/elastos/Elastos.ELA.SideChain.ID/vendor/github.com/elastos/Elastos.ELA.SideChain/pow/pow.go:298: <================POW Mining==============>

2019-04-23 14:56:07.042 [INF] MINR /home/kpachhai/dev/src/github.com/elastos/Elastos.ELA.SideChain.ID/vendor/github.com/elastos/Elastos.ELA.SideChain/pow/pow.go:422: difficulty:  520095999
2019-04-23 14:56:07.679 [INF] SPVS /home/kpachhai/dev/src/github.com/elastos/Elastos.ELA.SideChain.ID/vendor/github.com/elastos/Elastos.ELA.SPV/sync/manager.go:413: Received block 9fb547cbf187afbf30b8143beae05d0a48b86afa8a75a2e3886c1059c6e31f7e at height 76
2019-04-23 14:56:10.662 [INF] SPVS /home/kpachhai/dev/src/github.com/elastos/Elastos.ELA.SideChain.ID/vendor/github.com/elastos/Elastos.ELA.SPV/sync/manager.go:413: Received block 9f85fb9e6870dedf63f01e4f8d18fcdad40a9859460902468cb3e83d92166c1c at height 77
2019-04-23 14:56:13.406 [INF] BCDB /home/kpachhai/dev/src/github.com/elastos/Elastos.ELA.SideChain.ID/vendor/github.com/elastos/Elastos.ELA.SideChain/blockchain/blockchain.go:1032: current height ->  30
2019-04-23 14:56:13.415 [INF] MINR /home/kpachhai/dev/src/github.com/elastos/Elastos.ELA.SideChain.ID/vendor/github.com/elastos/Elastos.ELA.SideChain/pow/pow.go:298: <================POW Mining==============>

2019-04-23 14:56:13.416 [INF] MINR /home/kpachhai/dev/src/github.com/elastos/Elastos.ELA.SideChain.ID/vendor/github.com/elastos/Elastos.ELA.SideChain/pow/pow.go:422: difficulty:  520095999
2019-04-23 14:56:15.373 [INF] BCDB /home/kpachhai/dev/src/github.com/elastos/Elastos.ELA.SideChain.ID/vendor/github.com/elastos/Elastos.ELA.SideChain/blockchain/blockchain.go:1032: current height ->  31
2019-04-23 14:56:15.375 [INF] MINR /home/kpachhai/dev/src/github.com/elastos/Elastos.ELA.SideChain.ID/vendor/github.com/elastos/Elastos.ELA.SideChain/pow/pow.go:298: <================POW Mining==============>

2019-04-23 14:56:15.375 [INF] MINR /home/kpachhai/dev/src/github.com/elastos/Elastos.ELA.SideChain.ID/vendor/github.com/elastos/Elastos.ELA.SideChain/pow/pow.go:422: difficulty:  520095999
2019-04-23 14:56:15.837 [INF] SPVS /home/kpachhai/dev/src/github.com/elastos/Elastos.ELA.SideChain.ID/vendor/github.com/elastos/Elastos.ELA.SPV/sync/manager.go:413: Received block 87492def2cc4d55c922cee449e56e328bf88fa15fb9c9eb048f8a69d8f1a5d44 at height 78
2019-04-23 14:56:19.646 [INF] SPVS /home/kpachhai/dev/src/github.com/elastos/Elastos.ELA.SideChain.ID/vendor/github.com/elastos/Elastos.ELA.SPV/sync/manager.go:413: Received block df48e8066ce4a0c33baef55c4dccf75b203074cf48d7290dd898e1ef2017480b at height 79
2019-04-23 14:56:22.676 [INF] SPVS /home/kpachhai/dev/src/github.com/elastos/Elastos.ELA.SideChain.ID/vendor/github.com/elastos/Elastos.ELA.SPV/sync/manager.go:413: Received block d4455cd8779d0072b8cd261bfa8fbe8d54f55f24a0122d37b944007243be0363 at height 80
2019-04-23 14:56:25.971 [INF] BCDB /home/kpachhai/dev/src/github.com/elastos/Elastos.ELA.SideChain.ID/vendor/github.com/elastos/Elastos.ELA.SideChain/blockchain/blockchain.go:1032: current height ->  32
2019-04-23 14:56:33.371 [INF] BCDB /home/kpachhai/dev/src/github.com/elastos/Elastos.ELA.SideChain.ID/vendor/github.com/elastos/Elastos.ELA.SideChain/blockchain/blockchain.go:1032: current height ->  33
2019-04-23 14:56:34.289 [INF] MINR /home/kpachhai/dev/src/github.com/elastos/Elastos.ELA.SideChain.ID/vendor/github.com/elastos/Elastos.ELA.SideChain/pow/pow.go:298: <================POW Mining==============>

2019-04-23 14:56:34.290 [INF] MINR /home/kpachhai/dev/src/github.com/elastos/Elastos.ELA.SideChain.ID/vendor/github.com/elastos/Elastos.ELA.SideChain/pow/pow.go:422: difficulty:  520095999
2019-04-23 14:56:41.021 [INF] BCDB /home/kpachhai/dev/src/github.com/elastos/Elastos.ELA.SideChain.ID/vendor/github.com/elastos/Elastos.ELA.SideChain/blockchain/blockchain.go:1032: current height ->  34
2019-04-23 14:56:41.027 [INF] MINR /home/kpachhai/dev/src/github.com/elastos/Elastos.ELA.SideChain.ID/vendor/github.com/elastos/Elastos.ELA.SideChain/pow/pow.go:298: <================POW Mining==============>

2019-04-23 14:56:41.027 [INF] MINR /home/kpachhai/dev/src/github.com/elastos/Elastos.ELA.SideChain.ID/vendor/github.com/elastos/Elastos.ELA.SideChain/pow/pow.go:422: difficulty:  520095999
2019-04-23 14:56:43.470 [INF] SPVS /home/kpachhai/dev/src/github.com/elastos/Elastos.ELA.SideChain.ID/vendor/github.com/elastos/Elastos.ELA.SPV/sync/manager.go:413: Received block 00175a83d9e67faf6ba4787ed623ab72ca3a68b68c78330deb3015eebbb08b07 at height 81
2019-04-23 14:56:44.931 [INF] BCDB /home/kpachhai/dev/src/github.com/elastos/Elastos.ELA.SideChain.ID/vendor/github.com/elastos/Elastos.ELA.SideChain/blockchain/blockchain.go:1032: current height ->  35
2019-04-23 14:56:44.938 [INF] MINR /home/kpachhai/dev/src/github.com/elastos/Elastos.ELA.SideChain.ID/vendor/github.com/elastos/Elastos.ELA.SideChain/pow/pow.go:298: <================POW Mining==============>

2019-04-23 14:56:44.938 [INF] MINR /home/kpachhai/dev/src/github.com/elastos/Elastos.ELA.SideChain.ID/vendor/github.com/elastos/Elastos.ELA.SideChain/pow/pow.go:422: difficulty:  520095999
2019-04-23 14:56:48.133 [INF] SPVS /home/kpachhai/dev/src/github.com/elastos/Elastos.ELA.SideChain.ID/vendor/github.com/elastos/Elastos.ELA.SPV/sync/manager.go:413: Received block c86712826351084196a7e86d8891771e541c6877c1b323e4e47019f9222527ac at height 82
2019-04-23 14:56:49.272 [INF] STAT: -> 35 [31 127.0.0.1:10235 (outbound)]
2019-04-23 14:56:51.290 [INF] SPVS /home/kpachhai/dev/src/github.com/elastos/Elastos.ELA.SideChain.ID/vendor/github.com/elastos/Elastos.ELA.SPV/sync/manager.go:413: Received block 0a5e8aa224c75bebfa07761afa11b3ee58f8dc79166b6710264ac97a07e4af7d at height 83
2019-04-23 14:56:54.094 [INF] BCDB /home/kpachhai/dev/src/github.com/elastos/Elastos.ELA.SideChain.ID/vendor/github.com/elastos/Elastos.ELA.SideChain/blockchain/blockchain.go:1032: current height ->  36
2019-04-23 14:56:54.095 [INF] MINR /home/kpachhai/dev/src/github.com/elastos/Elastos.ELA.SideChain.ID/vendor/github.com/elastos/Elastos.ELA.SideChain/pow/pow.go:298: <================POW Mining==============>

2019-04-23 14:56:54.096 [INF] MINR /home/kpachhai/dev/src/github.com/elastos/Elastos.ELA.SideChain.ID/vendor/github.com/elastos/Elastos.ELA.SideChain/pow/pow.go:422: difficulty:  520095999
2019-04-23 14:56:55.903 [INF] SPVS /home/kpachhai/dev/src/github.com/elastos/Elastos.ELA.SideChain.ID/vendor/github.com/elastos/Elastos.ELA.SPV/sync/manager.go:413: Received block eb41c65a0374ccd5515ec101be9a2b1ca7fb99d06478d03a9e564fa17607ddba at height 84
2019-04-23 14:57:01.320 [INF] SPVS /home/kpachhai/dev/src/github.com/elastos/Elastos.ELA.SideChain.ID/vendor/github.com/elastos/Elastos.ELA.SPV/sync/manager.go:413: Received block 7eedca72dd172f901a7d9dbbdc23363c1e648522fb200ba8ebb93cd5e244b38d at height 85
2019-04-23 14:57:01.937 [INF] SPVS /home/kpachhai/dev/src/github.com/elastos/Elastos.ELA.SideChain.ID/vendor/github.com/elastos/Elastos.ELA.SPV/sync/manager.go:413: Received block b3da702f503a07c4a96a5ee4c75ee030e2ecc74519235bd5d3e402741bb7e61c at height 86
2019-04-23 14:57:05.945 [INF] SPVS /home/kpachhai/dev/src/github.com/elastos/Elastos.ELA.SideChain.ID/vendor/github.com/elastos/Elastos.ELA.SPV/sync/manager.go:413: Received block d66c1f5b53dd6ff03f7b5c30403202ac93488354edfbb441687ad2e47b3f1337 at height 87
2019-04-23 14:57:14.891 [INF] BCDB /home/kpachhai/dev/src/github.com/elastos/Elastos.ELA.SideChain.ID/vendor/github.com/elastos/Elastos.ELA.SideChain/blockchain/blockchain.go:1032: current height ->  37
2019-04-23 14:57:17.133 [INF] SPVS /home/kpachhai/dev/src/github.com/elastos/Elastos.ELA.SideChain.ID/vendor/github.com/elastos/Elastos.ELA.SPV/sync/manager.go:413: Received block a6ed93bf9558ffa0e36334a3e9fef293c0a3dea75aae5742afb5cbf65dc2480d at height 88
2019-04-23 14:57:18.358 [INF] BCDB /home/kpachhai/dev/src/github.com/elastos/Elastos.ELA.SideChain.ID/vendor/github.com/elastos/Elastos.ELA.SideChain/blockchain/blockchain.go:1032: current height ->  38
2019-04-23 14:57:19.307 [INF] MINR /home/kpachhai/dev/src/github.com/elastos/Elastos.ELA.SideChain.ID/vendor/github.com/elastos/Elastos.ELA.SideChain/pow/pow.go:298: <================POW Mining==============>

2019-04-23 14:57:19.309 [INF] MINR /home/kpachhai/dev/src/github.com/elastos/Elastos.ELA.SideChain.ID/vendor/github.com/elastos/Elastos.ELA.SideChain/pow/pow.go:422: difficulty:  520095999
2019-04-23 14:57:22.398 [INF] SPVS /home/kpachhai/dev/src/github.com/elastos/Elastos.ELA.SideChain.ID/vendor/github.com/elastos/Elastos.ELA.SPV/sync/manager.go:413: Received block bcd9e6c1ac6c72660a451943fb9422f54c406cb850b0edad63d186a387a8d326 at height 89
2019-04-23 14:57:22.999 [INF] SPVS /home/kpachhai/dev/src/github.com/elastos/Elastos.ELA.SideChain.ID/vendor/github.com/elastos/Elastos.ELA.SPV/sync/manager.go:413: Received block 1f7d7649e661f61e07b284e44ad1306a41de04c344055d8a60342afc10ccb9f3 at height 90
2019-04-23 14:57:27.055 [INF] BCDB /home/kpachhai/dev/src/github.com/elastos/Elastos.ELA.SideChain.ID/vendor/github.com/elastos/Elastos.ELA.SideChain/blockchain/blockchain.go:1032: current height ->  39
2019-04-23 14:57:28.403 [INF] SPVS /home/kpachhai/dev/src/github.com/elastos/Elastos.ELA.SideChain.ID/vendor/github.com/elastos/Elastos.ELA.SPV/sync/manager.go:413: Received block dd6544ea9f6563e05bd65d2a57506ab18d54e38ad1e8f6848134e8e272161ea9 at height 91
2019-04-23 14:57:34.299 [INF] MINR /home/kpachhai/dev/src/github.com/elastos/Elastos.ELA.SideChain.ID/vendor/github.com/elastos/Elastos.ELA.SideChain/pow/pow.go:298: <================POW Mining==============>

2019-04-23 14:57:34.299 [INF] MINR /home/kpachhai/dev/src/github.com/elastos/Elastos.ELA.SideChain.ID/vendor/github.com/elastos/Elastos.ELA.SideChain/pow/pow.go:422: difficulty:  520095999
2019-04-23 14:57:35.458 [INF] SPVS /home/kpachhai/dev/src/github.com/elastos/Elastos.ELA.SideChain.ID/vendor/github.com/elastos/Elastos.ELA.SPV/sync/manager.go:413: Received block bc663b119a390649e3828627608c5def634b444d35bb9caab5574963594eacb5 at height 92
2019-04-23 14:57:37.536 [INF] BCDB /home/kpachhai/dev/src/github.com/elastos/Elastos.ELA.SideChain.ID/vendor/github.com/elastos/Elastos.ELA.SideChain/blockchain/blockchain.go:1032: current height ->  40
2019-04-23 14:57:41.761 [INF] BCDB /home/kpachhai/dev/src/github.com/elastos/Elastos.ELA.SideChain.ID/vendor/github.com/elastos/Elastos.ELA.SideChain/blockchain/blockchain.go:1032: current height ->  41
2019-04-23 14:57:41.895 [INF] SPVS /home/kpachhai/dev/src/github.com/elastos/Elastos.ELA.SideChain.ID/vendor/github.com/elastos/Elastos.ELA.SPV/sync/manager.go:413: Received block b6570a62be0842d0d4cb509536999b09c95715fe08b78e4cafd7faa6f2381f0f at height 93
2019-04-23 14:57:44.799 [INF] BCDB /home/kpachhai/dev/src/github.com/elastos/Elastos.ELA.SideChain.ID/vendor/github.com/elastos/Elastos.ELA.SideChain/blockchain/blockchain.go:1032: current height ->  42
2019-04-23 14:57:49.301 [INF] MINR /home/kpachhai/dev/src/github.com/elastos/Elastos.ELA.SideChain.ID/vendor/github.com/elastos/Elastos.ELA.SideChain/pow/pow.go:298: <================POW Mining==============>

2019-04-23 14:57:49.301 [INF] MINR /home/kpachhai/dev/src/github.com/elastos/Elastos.ELA.SideChain.ID/vendor/github.com/elastos/Elastos.ELA.SideChain/pow/pow.go:422: difficulty:  520095999
2019-04-23 14:57:49.302 [INF] STAT: -> 42 [38 127.0.0.1:10235 (outbound)]
2019-04-23 14:57:51.168 [INF] SPVS /home/kpachhai/dev/src/github.com/elastos/Elastos.ELA.SideChain.ID/vendor/github.com/elastos/Elastos.ELA.SPV/sync/manager.go:413: Received block b2be6b12427a4262bf9c3f12f9c951d25bbf99895806fc7eb77dc532d0626f1a at height 94
2019-04-23 14:57:51.503 [INF] BCDB /home/kpachhai/dev/src/github.com/elastos/Elastos.ELA.SideChain.ID/vendor/github.com/elastos/Elastos.ELA.SideChain/blockchain/blockchain.go:1032: current height ->  43
2019-04-23 14:57:51.504 [INF] MINR /home/kpachhai/dev/src/github.com/elastos/Elastos.ELA.SideChain.ID/vendor/github.com/elastos/Elastos.ELA.SideChain/pow/pow.go:298: <================POW Mining==============>

2019-04-23 14:57:51.504 [INF] MINR /home/kpachhai/dev/src/github.com/elastos/Elastos.ELA.SideChain.ID/vendor/github.com/elastos/Elastos.ELA.SideChain/pow/pow.go:422: difficulty:  520095999
2019-04-23 14:57:56.965 [INF] SPVS /home/kpachhai/dev/src/github.com/elastos/Elastos.ELA.SideChain.ID/vendor/github.com/elastos/Elastos.ELA.SPV/sync/manager.go:413: Received block 0a30477223331321b159a38e298cd70a008e08ff82a6d72b106a57f5eda412e7 at height 95
2019-04-23 14:58:04.743 [INF] SPVS /home/kpachhai/dev/src/github.com/elastos/Elastos.ELA.SideChain.ID/vendor/github.com/elastos/Elastos.ELA.SPV/sync/manager.go:413: Received block 6ec2460faf3d52bc6fb81cc1a494065aa6d220c00acd7337e666f6ed86b51c4f at height 96
2019-04-23 14:58:09.785 [INF] BCDB /home/kpachhai/dev/src/github.com/elastos/Elastos.ELA.SideChain.ID/vendor/github.com/elastos/Elastos.ELA.SideChain/blockchain/blockchain.go:1032: current height ->  44
2019-04-23 14:58:10.629 [INF] SPVS /home/kpachhai/dev/src/github.com/elastos/Elastos.ELA.SideChain.ID/vendor/github.com/elastos/Elastos.ELA.SPV/sync/manager.go:413: Received block 9a322be1a9635e7e9376b0d68cab55f0b94878ad28580285a34cb9f34f7e8d69 at height 97
2019-04-23 14:58:14.661 [INF] BCDB /home/kpachhai/dev/src/github.com/elastos/Elastos.ELA.SideChain.ID/vendor/github.com/elastos/Elastos.ELA.SideChain/blockchain/blockchain.go:1032: current height ->  45
2019-04-23 14:58:19.297 [INF] MINR /home/kpachhai/dev/src/github.com/elastos/Elastos.ELA.SideChain.ID/vendor/github.com/elastos/Elastos.ELA.SideChain/pow/pow.go:298: <================POW Mining==============>

2019-04-23 14:58:19.298 [INF] MINR /home/kpachhai/dev/src/github.com/elastos/Elastos.ELA.SideChain.ID/vendor/github.com/elastos/Elastos.ELA.SideChain/pow/pow.go:422: difficulty:  520095999
2019-04-23 14:58:22.797 [INF] SPVS /home/kpachhai/dev/src/github.com/elastos/Elastos.ELA.SideChain.ID/vendor/github.com/elastos/Elastos.ELA.SPV/sync/manager.go:413: Received block 320c1ed97f92f116ab991d8d51d6a5c5adbabe13c93034fe79e3c3282291bad7 at height 98
2019-04-23 14:58:25.848 [INF] SPVS /home/kpachhai/dev/src/github.com/elastos/Elastos.ELA.SideChain.ID/vendor/github.com/elastos/Elastos.ELA.SPV/sync/manager.go:413: Received block e415ac47f683e15f153ca73763549458fb5b98b787b352fc199bcc43b5189727 at height 99
2019-04-23 14:58:27.514 [INF] BCDB /home/kpachhai/dev/src/github.com/elastos/Elastos.ELA.SideChain.ID/vendor/github.com/elastos/Elastos.ELA.SideChain/blockchain/blockchain.go:1032: current height ->  46
2019-04-23 14:58:28.079 [INF] MINR /home/kpachhai/dev/src/github.com/elastos/Elastos.ELA.SideChain.ID/vendor/github.com/elastos/Elastos.ELA.SideChain/pow/pow.go:298: <================POW Mining==============>

2019-04-23 14:58:28.089 [INF] MINR /home/kpachhai/dev/src/github.com/elastos/Elastos.ELA.SideChain.ID/vendor/github.com/elastos/Elastos.ELA.SideChain/pow/pow.go:422: difficulty:  520095999
2019-04-23 14:58:32.449 [INF] SPVS /home/kpachhai/dev/src/github.com/elastos/Elastos.ELA.SideChain.ID/vendor/github.com/elastos/Elastos.ELA.SPV/sync/manager.go:413: Received block 8a6d6d0677b601849b07ebcf22ed73fefe4c12d3e49bd687da16ba03375ac231 at height 100
2019-04-23 14:58:35.745 [INF] BCDB /home/kpachhai/dev/src/github.com/elastos/Elastos.ELA.SideChain.ID/vendor/github.com/elastos/Elastos.ELA.SideChain/blockchain/blockchain.go:1032: current height ->  47
2019-04-23 14:58:35.746 [INF] MINR /home/kpachhai/dev/src/github.com/elastos/Elastos.ELA.SideChain.ID/vendor/github.com/elastos/Elastos.ELA.SideChain/pow/pow.go:298: <================POW Mining==============>

2019-04-23 14:58:35.747 [INF] MINR /home/kpachhai/dev/src/github.com/elastos/Elastos.ELA.SideChain.ID/vendor/github.com/elastos/Elastos.ELA.SideChain/pow/pow.go:422: difficulty:  520095999
2019-04-23 14:58:36.640 [INF] SPVS /home/kpachhai/dev/src/github.com/elastos/Elastos.ELA.SideChain.ID/vendor/github.com/elastos/Elastos.ELA.SPV/sync/manager.go:413: Received block 370219d0b1dcc80b5627d155cf1c649028c81308df27cb9a352e593b0b4952b3 at height 101
2019-04-23 14:58:40.595 [INF] BCDB /home/kpachhai/dev/src/github.com/elastos/Elastos.ELA.SideChain.ID/vendor/github.com/elastos/Elastos.ELA.SideChain/blockchain/blockchain.go:1032: current height ->  48
2019-04-23 14:58:40.595 [INF] MINR /home/kpachhai/dev/src/github.com/elastos/Elastos.ELA.SideChain.ID/vendor/github.com/elastos/Elastos.ELA.SideChain/pow/pow.go:298: <================POW Mining==============>

2019-04-23 14:58:40.595 [INF] MINR /home/kpachhai/dev/src/github.com/elastos/Elastos.ELA.SideChain.ID/vendor/github.com/elastos/Elastos.ELA.SideChain/pow/pow.go:422: difficulty:  520095999
2019-04-23 14:58:45.333 [INF] SPVS /home/kpachhai/dev/src/github.com/elastos/Elastos.ELA.SideChain.ID/vendor/github.com/elastos/Elastos.ELA.SPV/sync/manager.go:413: Received block 334231047dfed7f969f705a7d2e6dae5aa0355af29bfd123b9476e51fad0009a at height 102
2019-04-23 14:58:47.933 [INF] BCDB /home/kpachhai/dev/src/github.com/elastos/Elastos.ELA.SideChain.ID/vendor/github.com/elastos/Elastos.ELA.SideChain/blockchain/blockchain.go:1032: current height ->  49
2019-04-23 14:58:49.272 [INF] STAT: -> 49 [45 127.0.0.1:10235 (outbound)]
2019-04-23 14:58:49.284 [INF] MINR /home/kpachhai/dev/src/github.com/elastos/Elastos.ELA.SideChain.ID/vendor/github.com/elastos/Elastos.ELA.SideChain/pow/pow.go:298: <================POW Mining==============>

2019-04-23 14:58:49.284 [INF] MINR /home/kpachhai/dev/src/github.com/elastos/Elastos.ELA.SideChain.ID/vendor/github.com/elastos/Elastos.ELA.SideChain/pow/pow.go:422: difficulty:  520095999
2019-04-23 14:58:50.691 [INF] SPVS /home/kpachhai/dev/src/github.com/elastos/Elastos.ELA.SideChain.ID/vendor/github.com/elastos/Elastos.ELA.SPV/sync/manager.go:413: Received block e80ffced05dd966bedf596d2950fa1f55105dd8bdb3634814faf805a6ae69df6 at height 103
2019-04-23 14:58:52.464 [INF] BCDB /home/kpachhai/dev/src/github.com/elastos/Elastos.ELA.SideChain.ID/vendor/github.com/elastos/Elastos.ELA.SideChain/blockchain/blockchain.go:1032: current height ->  50
2019-04-23 14:58:58.129 [INF] SPVS /home/kpachhai/dev/src/github.com/elastos/Elastos.ELA.SideChain.ID/vendor/github.com/elastos/Elastos.ELA.SPV/sync/manager.go:413: Received block 1263589a32fbd6c204bfff8c1ebe51bd37c96492ae55ac761affe320d059816c at height 104
2019-04-23 14:59:04.291 [INF] MINR /home/kpachhai/dev/src/github.com/elastos/Elastos.ELA.SideChain.ID/vendor/github.com/elastos/Elastos.ELA.SideChain/pow/pow.go:298: <================POW Mining==============>

2019-04-23 14:59:04.291 [INF] MINR /home/kpachhai/dev/src/github.com/elastos/Elastos.ELA.SideChain.ID/vendor/github.com/elastos/Elastos.ELA.SideChain/pow/pow.go:422: difficulty:  520095999
2019-04-23 14:59:06.153 [INF] BCDB /home/kpachhai/dev/src/github.com/elastos/Elastos.ELA.SideChain.ID/vendor/github.com/elastos/Elastos.ELA.SideChain/blockchain/blockchain.go:1032: current height ->  51
2019-04-23 14:59:06.161 [INF] SPVS /home/kpachhai/dev/src/github.com/elastos/Elastos.ELA.SideChain.ID/vendor/github.com/elastos/Elastos.ELA.SPV/sync/manager.go:413: Received block 9d906de973c1d8f261a4d44fb3aa7c36d2c549fd05ab9a8d57c2a0ddcd0a6864 at height 105
2019-04-23 14:59:09.277 [INF] MINR /home/kpachhai/dev/src/github.com/elastos/Elastos.ELA.SideChain.ID/vendor/github.com/elastos/Elastos.ELA.SideChain/pow/pow.go:298: <================POW Mining==============>

2019-04-23 14:59:09.277 [INF] MINR /home/kpachhai/dev/src/github.com/elastos/Elastos.ELA.SideChain.ID/vendor/github.com/elastos/Elastos.ELA.SideChain/pow/pow.go:422: difficulty:  520095999
2019-04-23 14:59:11.579 [INF] SPVS /home/kpachhai/dev/src/github.com/elastos/Elastos.ELA.SideChain.ID/vendor/github.com/elastos/Elastos.ELA.SPV/sync/manager.go:413: Received block c0a3624c7acfed776673b2fd18131c0af69f8598808bb9505e8ff2416e9b1915 at height 106
2019-04-23 14:59:16.863 [INF] SPVS /home/kpachhai/dev/src/github.com/elastos/Elastos.ELA.SideChain.ID/vendor/github.com/elastos/Elastos.ELA.SPV/sync/manager.go:413: Received block 7ed58d4f96bf540c892f420c64d39d2d200077e8d3f04f591f3c00156028654b at height 107
2019-04-23 14:59:19.029 [INF] BCDB /home/kpachhai/dev/src/github.com/elastos/Elastos.ELA.SideChain.ID/vendor/github.com/elastos/Elastos.ELA.SideChain/blockchain/blockchain.go:1032: current height ->  52
2019-04-23 14:59:19.273 [INF] MINR /home/kpachhai/dev/src/github.com/elastos/Elastos.ELA.SideChain.ID/vendor/github.com/elastos/Elastos.ELA.SideChain/pow/pow.go:298: <================POW Mining==============>

2019-04-23 14:59:19.273 [INF] MINR /home/kpachhai/dev/src/github.com/elastos/Elastos.ELA.SideChain.ID/vendor/github.com/elastos/Elastos.ELA.SideChain/pow/pow.go:422: difficulty:  520095999
2019-04-23 14:59:31.037 [INF] SPVS /home/kpachhai/dev/src/github.com/elastos/Elastos.ELA.SideChain.ID/vendor/github.com/elastos/Elastos.ELA.SPV/sync/manager.go:413: Received block 4e09fe829660e43fe33784ef527d1f667b2e12476f4201b2c8763d56d5ef2321 at height 108
2019-04-23 14:59:32.690 [INF] BCDB /home/kpachhai/dev/src/github.com/elastos/Elastos.ELA.SideChain.ID/vendor/github.com/elastos/Elastos.ELA.SideChain/blockchain/blockchain.go:1032: current height ->  53
2019-04-23 14:59:34.283 [INF] MINR /home/kpachhai/dev/src/github.com/elastos/Elastos.ELA.SideChain.ID/vendor/github.com/elastos/Elastos.ELA.SideChain/pow/pow.go:298: <================POW Mining==============>

2019-04-23 14:59:34.283 [INF] MINR /home/kpachhai/dev/src/github.com/elastos/Elastos.ELA.SideChain.ID/vendor/github.com/elastos/Elastos.ELA.SideChain/pow/pow.go:422: difficulty:  520095999
2019-04-23 14:59:39.336 [INF] BCDB /home/kpachhai/dev/src/github.com/elastos/Elastos.ELA.SideChain.ID/vendor/github.com/elastos/Elastos.ELA.SideChain/blockchain/blockchain.go:1032: current height ->  54
2019-04-23 14:59:39.336 [INF] MINR /home/kpachhai/dev/src/github.com/elastos/Elastos.ELA.SideChain.ID/vendor/github.com/elastos/Elastos.ELA.SideChain/pow/pow.go:298: <================POW Mining==============>

2019-04-23 14:59:39.336 [INF] MINR /home/kpachhai/dev/src/github.com/elastos/Elastos.ELA.SideChain.ID/vendor/github.com/elastos/Elastos.ELA.SideChain/pow/pow.go:422: difficulty:  520095999
2019-04-23 14:59:49.285 [INF] STAT: -> 54 [52 127.0.0.1:10235 (outbound)]
2019-04-23 14:59:51.954 [INF] SPVS /home/kpachhai/dev/src/github.com/elastos/Elastos.ELA.SideChain.ID/vendor/github.com/elastos/Elastos.ELA.SPV/sync/manager.go:413: Received block 28001e4af4e283de7c9b716c9e095aead4fdc3d0f68a1566f4540e2e1c643262 at height 109
2019-04-23 14:59:55.943 [INF] BCDB /home/kpachhai/dev/src/github.com/elastos/Elastos.ELA.SideChain.ID/vendor/github.com/elastos/Elastos.ELA.SideChain/blockchain/blockchain.go:1032: current height ->  55
2019-04-23 15:00:02.618 [INF] SPVS /home/kpachhai/dev/src/github.com/elastos/Elastos.ELA.SideChain.ID/vendor/github.com/elastos/Elastos.ELA.SPV/sync/manager.go:413: Received block 71eee4e75fbf50d918f4784658830a531f80029e98126d8ec613ab7f5716fe51 at height 110
2019-04-23 15:00:04.321 [INF] MINR /home/kpachhai/dev/src/github.com/elastos/Elastos.ELA.SideChain.ID/vendor/github.com/elastos/Elastos.ELA.SideChain/pow/pow.go:298: <================POW Mining==============>

2019-04-23 15:00:04.321 [INF] MINR /home/kpachhai/dev/src/github.com/elastos/Elastos.ELA.SideChain.ID/vendor/github.com/elastos/Elastos.ELA.SideChain/pow/pow.go:422: difficulty:  520095999
2019-04-23 15:00:08.170 [INF] SPVS /home/kpachhai/dev/src/github.com/elastos/Elastos.ELA.SideChain.ID/vendor/github.com/elastos/Elastos.ELA.SPV/sync/manager.go:413: Received block d6723d8d614413d6638bf98901f2215aa1dab5a2e85fb2d201d3d8023280f0cf at height 111
2019-04-23 15:00:21.411 [INF] BCDB /home/kpachhai/dev/src/github.com/elastos/Elastos.ELA.SideChain.ID/vendor/github.com/elastos/Elastos.ELA.SideChain/blockchain/blockchain.go:1032: current height ->  56
2019-04-23 15:00:21.411 [INF] MINR /home/kpachhai/dev/src/github.com/elastos/Elastos.ELA.SideChain.ID/vendor/github.com/elastos/Elastos.ELA.SideChain/pow/pow.go:298: <================POW Mining==============>

2019-04-23 15:00:21.411 [INF] MINR /home/kpachhai/dev/src/github.com/elastos/Elastos.ELA.SideChain.ID/vendor/github.com/elastos/Elastos.ELA.SideChain/pow/pow.go:422: difficulty:  520095999
2019-04-23 15:00:24.557 [INF] SPVS /home/kpachhai/dev/src/github.com/elastos/Elastos.ELA.SideChain.ID/vendor/github.com/elastos/Elastos.ELA.SPV/sync/manager.go:413: Received block 32fa7ca05fbb32b0ed41b0f62e301affc0919b2d0ba403ea8360e474d9b0defb at height 112
2019-04-23 15:00:28.013 [INF] BCDB /home/kpachhai/dev/src/github.com/elastos/Elastos.ELA.SideChain.ID/vendor/github.com/elastos/Elastos.ELA.SideChain/blockchain/blockchain.go:1032: current height ->  57
2019-04-23 15:00:34.285 [INF] MINR /home/kpachhai/dev/src/github.com/elastos/Elastos.ELA.SideChain.ID/vendor/github.com/elastos/Elastos.ELA.SideChain/pow/pow.go:298: <================POW Mining==============>

2019-04-23 15:00:34.285 [INF] MINR /home/kpachhai/dev/src/github.com/elastos/Elastos.ELA.SideChain.ID/vendor/github.com/elastos/Elastos.ELA.SideChain/pow/pow.go:422: difficulty:  520095999
2019-04-23 15:00:37.387 [INF] SPVS /home/kpachhai/dev/src/github.com/elastos/Elastos.ELA.SideChain.ID/vendor/github.com/elastos/Elastos.ELA.SPV/sync/manager.go:413: Received block 4b669cb3de97503042caa1988a9b178300ed1d7cfdbe27245c88beb8cde3a5a1 at height 113
2019-04-23 15:00:37.645 [INF] BCDB /home/kpachhai/dev/src/github.com/elastos/Elastos.ELA.SideChain.ID/vendor/github.com/elastos/Elastos.ELA.SideChain/blockchain/blockchain.go:1032: current height ->  58
2019-04-23 15:00:37.645 [INF] MINR /home/kpachhai/dev/src/github.com/elastos/Elastos.ELA.SideChain.ID/vendor/github.com/elastos/Elastos.ELA.SideChain/pow/pow.go:298: <================POW Mining==============>

2019-04-23 15:00:37.645 [INF] MINR /home/kpachhai/dev/src/github.com/elastos/Elastos.ELA.SideChain.ID/vendor/github.com/elastos/Elastos.ELA.SideChain/pow/pow.go:422: difficulty:  520095999
2019-04-23 15:00:40.525 [INF] SPVS /home/kpachhai/dev/src/github.com/elastos/Elastos.ELA.SideChain.ID/vendor/github.com/elastos/Elastos.ELA.SPV/sync/manager.go:413: Received block 7c17b2f5a1891a5be6569d46f2b4f1d5404d849302932f5ca43b8e9eae9b01cc at height 114
2019-04-23 15:00:40.965 [INF] BCDB /home/kpachhai/dev/src/github.com/elastos/Elastos.ELA.SideChain.ID/vendor/github.com/elastos/Elastos.ELA.SideChain/blockchain/blockchain.go:1032: current height ->  59
2019-04-23 15:00:49.272 [INF] STAT: -> 59 [55 127.0.0.1:10235 (outbound)]
2019-04-23 15:00:49.312 [INF] MINR /home/kpachhai/dev/src/github.com/elastos/Elastos.ELA.SideChain.ID/vendor/github.com/elastos/Elastos.ELA.SideChain/pow/pow.go:298: <================POW Mining==============>

2019-04-23 15:00:49.312 [INF] MINR /home/kpachhai/dev/src/github.com/elastos/Elastos.ELA.SideChain.ID/vendor/github.com/elastos/Elastos.ELA.SideChain/pow/pow.go:422: difficulty:  520095999
2019-04-23 15:00:50.854 [INF] SPVS /home/kpachhai/dev/src/github.com/elastos/Elastos.ELA.SideChain.ID/vendor/github.com/elastos/Elastos.ELA.SPV/sync/manager.go:413: Received block 9494227a009edc1a1310e02d838af79f8eeae6ad5892c8322fd43e7ac6cadf05 at height 115
2019-04-23 15:01:02.845 [INF] BCDB /home/kpachhai/dev/src/github.com/elastos/Elastos.ELA.SideChain.ID/vendor/github.com/elastos/Elastos.ELA.SideChain/blockchain/blockchain.go:1032: current height ->  60
2019-04-23 15:01:04.274 [INF] MINR /home/kpachhai/dev/src/github.com/elastos/Elastos.ELA.SideChain.ID/vendor/github.com/elastos/Elastos.ELA.SideChain/pow/pow.go:298: <================POW Mining==============>

2019-04-23 15:01:04.275 [INF] MINR /home/kpachhai/dev/src/github.com/elastos/Elastos.ELA.SideChain.ID/vendor/github.com/elastos/Elastos.ELA.SideChain/pow/pow.go:422: difficulty:  520095999
2019-04-23 15:01:08.219 [INF] SPVS /home/kpachhai/dev/src/github.com/elastos/Elastos.ELA.SideChain.ID/vendor/github.com/elastos/Elastos.ELA.SPV/sync/manager.go:413: Received block b327aed14544e4b377fdd6664e47fdf4ff7b473e58471f305a5b03b7de1d95cc at height 116
2019-04-23 15:01:14.518 [INF] SPVS /home/kpachhai/dev/src/github.com/elastos/Elastos.ELA.SideChain.ID/vendor/github.com/elastos/Elastos.ELA.SPV/sync/manager.go:413: Received block c6e182bbed2b14abe568c08b819be00f2f5a7ec639a1a23bcfb2314f85a38273 at height 117
2019-04-23 15:01:19.021 [INF] SPVS /home/kpachhai/dev/src/github.com/elastos/Elastos.ELA.SideChain.ID/vendor/github.com/elastos/Elastos.ELA.SPV/sync/manager.go:413: Received block 5dccec412bf0704319ed897dd8bd8c476e93517ed9f3a45b678ecc50bed9591f at height 118
2019-04-23 15:01:22.041 [INF] SPVS /home/kpachhai/dev/src/github.com/elastos/Elastos.ELA.SideChain.ID/vendor/github.com/elastos/Elastos.ELA.SPV/sync/manager.go:413: Received block 9eac5b3e7ebe9f7d2fa8f54302caa4feda4bb0e1f26b69ba6f48126172b24315 at height 119
2019-04-23 15:01:27.531 [INF] SPVS /home/kpachhai/dev/src/github.com/elastos/Elastos.ELA.SideChain.ID/vendor/github.com/elastos/Elastos.ELA.SPV/sync/manager.go:413: Received block f8f37e8271a9d178c753b05958bed017244585d21e99f1e579baa29f0084b779 at height 120
2019-04-23 15:01:32.685 [INF] SPVS /home/kpachhai/dev/src/github.com/elastos/Elastos.ELA.SideChain.ID/vendor/github.com/elastos/Elastos.ELA.SPV/sync/manager.go:413: Received block b399cd71ca23de00a4aaa1cc546423ddd9f750a05326e2ee1f1ea0133e7fd551 at height 121
2019-04-23 15:01:36.280 [INF] BCDB /home/kpachhai/dev/src/github.com/elastos/Elastos.ELA.SideChain.ID/vendor/github.com/elastos/Elastos.ELA.SideChain/blockchain/blockchain.go:1032: current height ->  61
2019-04-23 15:01:37.899 [INF] SPVS /home/kpachhai/dev/src/github.com/elastos/Elastos.ELA.SideChain.ID/vendor/github.com/elastos/Elastos.ELA.SPV/sync/manager.go:413: Received block e6afc5d4153c637818468eb89c0a6df6f5aa37abaffe6079b8b699178f4c723f at height 122
2019-04-23 15:01:44.410 [INF] SPVS /home/kpachhai/dev/src/github.com/elastos/Elastos.ELA.SideChain.ID/vendor/github.com/elastos/Elastos.ELA.SPV/sync/manager.go:413: Received block 2120486d65b6e7d87cd55f487d530a7e29a1b1772cec43c60072023010d7e49a at height 123
2019-04-23 15:01:47.380 [INF] SPVS /home/kpachhai/dev/src/github.com/elastos/Elastos.ELA.SideChain.ID/vendor/github.com/elastos/Elastos.ELA.SPV/sync/manager.go:413: Received block 5d5466bad89be0f879a50ff50a5edffed574ff4bcfae350728a9765a75c97062 at height 124
2019-04-23 15:01:49.277 [INF] STAT: -> 61 [60 127.0.0.1:10235 (outbound)]
2019-04-23 15:01:49.277 [INF] MINR /home/kpachhai/dev/src/github.com/elastos/Elastos.ELA.SideChain.ID/vendor/github.com/elastos/Elastos.ELA.SideChain/pow/pow.go:298: <================POW Mining==============>

2019-04-23 15:01:49.277 [INF] MINR /home/kpachhai/dev/src/github.com/elastos/Elastos.ELA.SideChain.ID/vendor/github.com/elastos/Elastos.ELA.SideChain/pow/pow.go:422: difficulty:  520095999
2019-04-23 15:01:52.239 [INF] SPVS /home/kpachhai/dev/src/github.com/elastos/Elastos.ELA.SideChain.ID/vendor/github.com/elastos/Elastos.ELA.SPV/sync/manager.go:413: Received block 561cfe6df4f05ffc6aaf3c1de67e70dec46eb3097b5769fa9342a0874b8d5ca1 at height 125
2019-04-23 15:01:55.143 [INF] BCDB /home/kpachhai/dev/src/github.com/elastos/Elastos.ELA.SideChain.ID/vendor/github.com/elastos/Elastos.ELA.SideChain/blockchain/blockchain.go:1032: current height ->  62
2019-04-23 15:01:55.241 [INF] MINR /home/kpachhai/dev/src/github.com/elastos/Elastos.ELA.SideChain.ID/vendor/github.com/elastos/Elastos.ELA.SideChain/pow/pow.go:298: <================POW Mining==============>

2019-04-23 15:01:55.244 [INF] MINR /home/kpachhai/dev/src/github.com/elastos/Elastos.ELA.SideChain.ID/vendor/github.com/elastos/Elastos.ELA.SideChain/pow/pow.go:422: difficulty:  520095999
2019-04-23 15:02:02.456 [INF] SPVS /home/kpachhai/dev/src/github.com/elastos/Elastos.ELA.SideChain.ID/vendor/github.com/elastos/Elastos.ELA.SPV/sync/manager.go:413: Received block a0bad0259e337167e77f6fb4a3329b698427489b4dd3ce12a5d376083631a086 at height 126
2019-04-23 15:02:08.741 [INF] SPVS /home/kpachhai/dev/src/github.com/elastos/Elastos.ELA.SideChain.ID/vendor/github.com/elastos/Elastos.ELA.SPV/sync/manager.go:413: Received block 0e8a2ee161b3842d7bfe14bd238de78ba3371e4fee77df92e392456853fbf749 at height 127
2019-04-23 15:02:10.207 [INF] BCDB /home/kpachhai/dev/src/github.com/elastos/Elastos.ELA.SideChain.ID/vendor/github.com/elastos/Elastos.ELA.SideChain/blockchain/blockchain.go:1032: current height ->  63
2019-04-23 15:02:12.594 [INF] SPVS /home/kpachhai/dev/src/github.com/elastos/Elastos.ELA.SideChain.ID/vendor/github.com/elastos/Elastos.ELA.SPV/sync/manager.go:413: Received block e602ab81a87a115e6784d804105999be9ad5ba94066e1a8ded1e9bc5c0029297 at height 128
2019-04-23 15:02:18.365 [INF] SPVS /home/kpachhai/dev/src/github.com/elastos/Elastos.ELA.SideChain.ID/vendor/github.com/elastos/Elastos.ELA.SPV/sync/manager.go:413: Received block c2bda69b211edc2c011bd37de0b3b316d391a4a0a42778ebec06c21c8bf6bf65 at height 129
2019-04-23 15:02:19.119 [INF] BCDB /home/kpachhai/dev/src/github.com/elastos/Elastos.ELA.SideChain.ID/vendor/github.com/elastos/Elastos.ELA.SideChain/blockchain/blockchain.go:1032: current height ->  64
2019-04-23 15:02:19.289 [INF] MINR /home/kpachhai/dev/src/github.com/elastos/Elastos.ELA.SideChain.ID/vendor/github.com/elastos/Elastos.ELA.SideChain/pow/pow.go:298: <================POW Mining==============>

2019-04-23 15:02:19.289 [INF] MINR /home/kpachhai/dev/src/github.com/elastos/Elastos.ELA.SideChain.ID/vendor/github.com/elastos/Elastos.ELA.SideChain/pow/pow.go:422: difficulty:  520095999
2019-04-23 15:02:19.804 [INF] BCDB /home/kpachhai/dev/src/github.com/elastos/Elastos.ELA.SideChain.ID/vendor/github.com/elastos/Elastos.ELA.SideChain/blockchain/blockchain.go:1032: current height ->  65
2019-04-23 15:02:19.804 [INF] MINR /home/kpachhai/dev/src/github.com/elastos/Elastos.ELA.SideChain.ID/vendor/github.com/elastos/Elastos.ELA.SideChain/pow/pow.go:298: <================POW Mining==============>

2019-04-23 15:02:19.804 [INF] MINR /home/kpachhai/dev/src/github.com/elastos/Elastos.ELA.SideChain.ID/vendor/github.com/elastos/Elastos.ELA.SideChain/pow/pow.go:422: difficulty:  520095999
2019-04-23 15:02:28.915 [INF] BCDB /home/kpachhai/dev/src/github.com/elastos/Elastos.ELA.SideChain.ID/vendor/github.com/elastos/Elastos.ELA.SideChain/blockchain/blockchain.go:1032: current height ->  66
2019-04-23 15:02:34.071 [INF] BCDB /home/kpachhai/dev/src/github.com/elastos/Elastos.ELA.SideChain.ID/vendor/github.com/elastos/Elastos.ELA.SideChain/blockchain/blockchain.go:1032: current height ->  67
2019-04-23 15:02:34.283 [INF] MINR /home/kpachhai/dev/src/github.com/elastos/Elastos.ELA.SideChain.ID/vendor/github.com/elastos/Elastos.ELA.SideChain/pow/pow.go:298: <================POW Mining==============>

2019-04-23 15:02:34.283 [INF] MINR /home/kpachhai/dev/src/github.com/elastos/Elastos.ELA.SideChain.ID/vendor/github.com/elastos/Elastos.ELA.SideChain/pow/pow.go:422: difficulty:  520095999
2019-04-23 15:02:36.278 [INF] SPVS /home/kpachhai/dev/src/github.com/elastos/Elastos.ELA.SideChain.ID/vendor/github.com/elastos/Elastos.ELA.SPV/sync/manager.go:413: Received block 6356c15566a4c722b55a2f10e22ffd2008866a0d44a345b42bb439154700fb1a at height 130
2019-04-23 15:02:44.860 [INF] SPVS /home/kpachhai/dev/src/github.com/elastos/Elastos.ELA.SideChain.ID/vendor/github.com/elastos/Elastos.ELA.SPV/sync/manager.go:413: Received block 9007e05490bc33bcea0fe9a0d470fab2ab5455794490f60b5507cadb60ed9cae at height 131
2019-04-23 15:02:47.748 [INF] SPVS /home/kpachhai/dev/src/github.com/elastos/Elastos.ELA.SideChain.ID/vendor/github.com/elastos/Elastos.ELA.SPV/sync/manager.go:413: Received block 1d265dac3e73ae65b97441ac74c425fab4fd1d4d5ed718a6959a7e7f6b957795 at height 132
2019-04-23 15:02:49.368 [INF] STAT: -> 67 [64 127.0.0.1:10235 (outbound)]
2019-04-23 15:02:52.269 [INF] SPVS /home/kpachhai/dev/src/github.com/elastos/Elastos.ELA.SideChain.ID/vendor/github.com/elastos/Elastos.ELA.SPV/sync/manager.go:413: Received block 826812569684112a93cee2a535ac1c9443c8b8d71b4c346db97bb789555fab8b at height 133
2019-04-23 15:02:52.743 [INF] BCDB /home/kpachhai/dev/src/github.com/elastos/Elastos.ELA.SideChain.ID/vendor/github.com/elastos/Elastos.ELA.SideChain/blockchain/blockchain.go:1032: current height ->  68
2019-04-23 15:02:57.767 [INF] SPVS /home/kpachhai/dev/src/github.com/elastos/Elastos.ELA.SideChain.ID/vendor/github.com/elastos/Elastos.ELA.SPV/sync/manager.go:413: Received block 964dd2959653188b36b63e03875b585e41c1284a140bec508005e0f8e049cd65 at height 134
2019-04-23 15:02:58.327 [INF] MINR /home/kpachhai/dev/src/github.com/elastos/Elastos.ELA.SideChain.ID/vendor/github.com/elastos/Elastos.ELA.SideChain/pow/pow.go:298: <================POW Mining==============>

2019-04-23 15:02:58.330 [INF] MINR /home/kpachhai/dev/src/github.com/elastos/Elastos.ELA.SideChain.ID/vendor/github.com/elastos/Elastos.ELA.SideChain/pow/pow.go:422: difficulty:  520095999
2019-04-23 15:03:06.462 [INF] SPVS /home/kpachhai/dev/src/github.com/elastos/Elastos.ELA.SideChain.ID/vendor/github.com/elastos/Elastos.ELA.SPV/sync/manager.go:274: Lost peer 127.0.0.1:10215 (outbound)
2019-04-23 15:03:06.463 [INF] SPVS /home/kpachhai/dev/src/github.com/elastos/Elastos.ELA.SideChain.ID/vendor/github.com/elastos/Elastos.ELA.SPV/sync/manager.go:192: Syncing to block height 134 from peer 127.0.0.1:10315
2019-04-23 15:03:07.080 [INF] SPVS /home/kpachhai/dev/src/github.com/elastos/Elastos.ELA.SideChain.ID/vendor/github.com/elastos/Elastos.ELA.SPV/sync/manager.go:274: Lost peer 127.0.0.1:10315 (outbound)
2019-04-23 15:03:07.080 [WRN] SPVS /home/kpachhai/dev/src/github.com/elastos/Elastos.ELA.SideChain.ID/vendor/github.com/elastos/Elastos.ELA.SPV/sync/manager.go:183: No sync peer candidates available
2019-04-23 15:03:07.557 [INF] SPVS /home/kpachhai/dev/src/github.com/elastos/Elastos.ELA.SideChain.ID/vendor/github.com/elastos/Elastos.ELA.SPV/sync/manager.go:274: Lost peer 127.0.0.1:10415 (outbound)
2019-04-23 15:03:09.702 [INF] SYNC /home/kpachhai/dev/src/github.com/elastos/Elastos.ELA.SideChain.ID/vendor/github.com/elastos/Elastos.ELA.SideChain/netsync/manager.go:248: Lost peer 127.0.0.1:10235 (outbound)
2019-04-23 15:03:09.709 [WRN] SYNC /home/kpachhai/dev/src/github.com/elastos/Elastos.ELA.SideChain.ID/vendor/github.com/elastos/Elastos.ELA.SideChain/netsync/manager.go:193: No sync peer candidates available
2019-04-23 15:03:10.236 [INF] BCDB /home/kpachhai/dev/src/github.com/elastos/Elastos.ELA.SideChain.ID/vendor/github.com/elastos/Elastos.ELA.SideChain/blockchain/blockchain.go:1032: current height ->  69
2019-04-23 15:03:10.237 [INF] MINR /home/kpachhai/dev/src/github.com/elastos/Elastos.ELA.SideChain.ID/vendor/github.com/elastos/Elastos.ELA.SideChain/pow/pow.go:298: <================POW Mining==============>

2019-04-23 15:03:10.238 [INF] MINR /home/kpachhai/dev/src/github.com/elastos/Elastos.ELA.SideChain.ID/vendor/github.com/elastos/Elastos.ELA.SideChain/pow/pow.go:422: difficulty:  520095999
2019-04-23 15:03:10.363 [WRN] SRVR /home/kpachhai/dev/src/github.com/elastos/Elastos.ELA.SideChain.ID/vendor/github.com/elastos/Elastos.ELA.SideChain/server/server.go:758: Server shutting down
2019-04-23 15:03:10.363 [WRN] SRVR /home/kpachhai/dev/src/github.com/elastos/Elastos.ELA.SideChain.ID/vendor/github.com/elastos/Elastos.ELA/p2p/server/server.go:955: server shutting down
2019-04-23 15:03:10.363 [WRN] SRVR /home/kpachhai/dev/src/github.com/elastos/Elastos.ELA.SideChain.ID/vendor/github.com/elastos/Elastos.ELA/p2p/server/server.go:955: server shutting down
2019-04-23 15:03:10.364 [INF] SPVS /home/kpachhai/dev/src/github.com/elastos/Elastos.ELA.SideChain.ID/vendor/github.com/elastos/Elastos.ELA.SPV/sync/manager.go:728: Sync manager shutting down
2019-04-23 15:03:10.366 [ERR] ELAD /home/kpachhai/dev/src/github.com/elastos/Elastos.ELA.SideChain.ID/main.go:204: Start HttpRESTful server failed, http: Server closed
2019-04-23 15:03:10.366 [ERR] ELAD /home/kpachhai/dev/src/github.com/elastos/Elastos.ELA.SideChain.ID/main.go:196: Start HttpJsonRpc server failed, http: Server closed
2019-04-23 15:03:10.369 [INF] SYNC /home/kpachhai/dev/src/github.com/elastos/Elastos.ELA.SideChain.ID/vendor/github.com/elastos/Elastos.ELA.SideChain/netsync/manager.go:799: Sync manager shutting down
2019-04-23 15:03:10.375 [INF] SPVS /home/kpachhai/dev/src/github.com/elastos/Elastos.ELA.SideChain.ID/vendor/github.com/elastos/Elastos.ELA.SPV/sdk/service.go:479: SPV service stopped...
