2019/04/24 03:50:01.317291 [1;35m[INF][m GID 1, Node version: 
2019/04/24 03:50:01.329504 [1;35m[INF][m GID 1, go version go1.11.5 linux/amd64
2019/04/24 03:50:01.640815 [1;35m[INF][m GID 1, Start the manager
[ ========== BLOCKCHAIN INITIALIZE STARTED ========== ]
 0 / 423    0.00% 367 / 423   86.76% 424 / 423  100.24% 0s
[ ========== BLOCKCHAIN INITIALIZE FINISHED ========== ]
2019/04/24 03:50:02.486885 [1;35m[INF][m GID 1, Start the P2P networks
2019/04/24 03:50:02.486932 [1;35m[INF][m GID 1, Start services
2019/04/24 03:50:02.559940 [1;35m[INF][m GID 61, New valid peer 172.18.0.27:43596 (inbound)
2019/04/24 03:50:03.434711 [1;35m[INF][m GID 61, New valid peer 172.18.0.2:53506 (inbound)
2019/04/24 03:50:03.435210 [1;35m[INF][m GID 61, Syncing to block height 523 from peer 172.18.0.2:53506
2019/04/24 03:50:03.736023 [1;35m[INF][m GID 61, New valid peer 172.18.0.5:32898 (inbound)
2019/04/24 03:50:07.513497 [1;35m[INF][m GID 1, Start consensus
2019/04/24 03:50:07.576457 [1;35m[INF][m GID 1, Start POW Services
2019/04/24 03:50:07.576627 [1;35m[INF][m GID 280, difficulty:  520095999
2019/04/24 03:50:07.944112 [1;35m[INF][m GID 61, New valid peer 172.18.0.2:10415 (outbound)
2019/04/24 03:50:07.944203 [1;35m[INF][m GID 61, New valid peer 172.18.0.5:10315 (outbound)
2019/04/24 03:50:12.143551 [1;35m[INF][m GID 61, New valid peer 172.18.0.8:46622 (inbound)
2019/04/24 03:50:12.234472 [1;35m[INF][m GID 61, New valid peer 172.18.0.7:53822 (inbound)
2019/04/24 03:50:12.524756 [1;35m[INF][m GID 61, New valid peer 172.18.0.3:45970 (inbound)
2019/04/24 03:50:12.645423 [1;35m[INF][m GID 280, five second countdown ends. Re-generate block.
2019/04/24 03:50:12.645595 [1;35m[INF][m GID 280, difficulty:  520095999
2019/04/24 03:50:12.846324 [1;35m[INF][m GID 61, New valid peer 172.18.0.10:50856 (inbound)
2019/04/24 03:50:14.595622 [1;35m[INF][m GID 61, New valid peer 172.18.0.14:45340 (inbound)
2019/04/24 03:50:15.034722 [1;35m[INF][m GID 61, New valid peer 172.18.0.9:53458 (inbound)
2019/04/24 03:50:15.634083 [1;33m[WRN][m GID 506, [CheckTransactionCoinbaseLock] cannot unlock coinbase transaction output
2019/04/24 03:50:15.634117 [1;33m[WRN][m GID 506, [TxPool CheckTransactionContext] failed 53e647e65de0ad4d44581e45992c83f7563ff16d9d5ed3aa4dcbb48de851797d
2019/04/24 03:50:15.634140 [1;35m[INF][m GID 506, [httpjsonrpc] VerifyTransaction failed when AppendToTxnPool. Errcode: INTERNAL ERROR, ErrIneffectiveCoinbase
2019/04/24 03:50:15.856432 [1;35m[INF][m GID 61, [ConfirmBlock] block hash: 16e7e3de68ceb5f6ab495d76c851a6e34cdc9c45b7ae68d84e661f827028d185
2019/04/24 03:50:15.856813 [1;35m[INF][m GID 61, [ConfirmBlock] block height: 524
2019/04/24 03:50:16.356269 [1;35m[INF][m GID 61, 
CURRENT ARBITERS
DUTYINDEX: 4
INDEX                                                          PUBLICKEY            NETADDRESS ONDUTY
----- ------------------------------------------------------------------ --------------------- ------
1     021cfade3eddd057d8ca178057a88c4654b15c1ada7ee9ab65517f00beb6977556                        false
2     0295890a17feb7d5191da656089b5daad83f596edcc491f5c91d025b42955a9f25                        false
3     02eafcd36390b064431b82a4b2934f6d93fddfcfa4a86602b2ae32d858b8d3bcd7 ela-mainchain-crc-4:10416  false
4     032e74c386af5d672cb196334f2b6ee6451d61f2257f0837ea7af340ef4dea4e1a ela-mainchain-crc-3:10316   true
5     0353197d11802fe0cd5409f064822b896ceaa675ea596287f1e5ce009be7684f08 ela-mainchain-crc-2:10216  false
6     0386206d1d442f5c8ddcc9ae45ab85d921b6ade3a184f43b7ccf6de02f3ca0b450 ela-mainchain-crc-1:10116  false
----- ------------------------------------------------------------------ --------------------- ------
NEXT ARBITERS
INDEX                                                          PUBLICKEY            NETADDRESS
----- ------------------------------------------------------------------ ---------------------
1     0386206d1d442f5c8ddcc9ae45ab85d921b6ade3a184f43b7ccf6de02f3ca0b450 ela-mainchain-crc-1:10116
2     0353197d11802fe0cd5409f064822b896ceaa675ea596287f1e5ce009be7684f08 ela-mainchain-crc-2:10216
3     032e74c386af5d672cb196334f2b6ee6451d61f2257f0837ea7af340ef4dea4e1a ela-mainchain-crc-3:10316
4     02eafcd36390b064431b82a4b2934f6d93fddfcfa4a86602b2ae32d858b8d3bcd7 ela-mainchain-crc-4:10416
5     021cfade3eddd057d8ca178057a88c4654b15c1ada7ee9ab65517f00beb6977556                      
6     0295890a17feb7d5191da656089b5daad83f596edcc491f5c91d025b42955a9f25                      
----- ------------------------------------------------------------------ ---------------------
CURRENT CANDIDATES
INDEX                                                          PUBLICKEY            NETADDRESS
----- ------------------------------------------------------------------ ---------------------
----- ------------------------------------------------------------------ ---------------------
NEXT CANDIDATES
INDEX                                                          PUBLICKEY            NETADDRESS
----- ------------------------------------------------------------------ ---------------------
----- ------------------------------------------------------------------ ---------------------
2019/04/24 03:50:16.356838 [1;35m[INF][m GID 61, Rejected block 16e7e3de68ceb5f6ab495d76c851a6e34cdc9c45b7ae68d84e661f827028d185 from 172.18.0.5:10315 (outbound): duplicate block in pool
2019/04/24 03:50:17.684981 [1;35m[INF][m GID 280, five second countdown ends. Re-generate block.
2019/04/24 03:50:17.704649 [1;35m[INF][m GID 61, New valid peer 172.18.0.16:57706 (inbound)
2019/04/24 03:50:17.705132 [1;35m[INF][m GID 280, difficulty:  520095999
2019/04/24 03:50:18.095972 [1;35m[INF][m GID 61, New valid peer 172.18.0.8:10115 (outbound)
2019/04/24 03:50:18.752469 [1;35m[INF][m GID 61, New valid peer 172.18.0.17:54322 (inbound)
2019/04/24 03:50:18.798877 [1;35m[INF][m GID 61, New valid peer 172.18.0.3:10515 (outbound)
2019/04/24 03:50:18.933158 [1;35m[INF][m GID 61, New valid peer 172.18.0.7:10015 (outbound)
2019/04/24 03:50:22.453892 [1;35m[INF][m GID 61, New valid peer 172.18.0.9:10615 (outbound)
2019/04/24 03:50:22.734012 [1;35m[INF][m GID 280, five second countdown ends. Re-generate block.
2019/04/24 03:50:22.734194 [1;35m[INF][m GID 280, difficulty:  520095999
2019/04/24 03:50:27.475690 [1;35m[INF][m GID 61, New valid peer 172.18.0.12:47516 (inbound)
2019/04/24 03:50:27.749352 [1;35m[INF][m GID 280, five second countdown ends. Re-generate block.
2019/04/24 03:50:27.752637 [1;35m[INF][m GID 280, difficulty:  520095999
2019/04/24 03:50:29.020163 [1;35m[INF][m GID 61, New valid peer 172.18.0.19:40564 (inbound)
2019/04/24 03:50:32.008666 [1;35m[INF][m GID 61, New valid peer 172.18.0.20:41732 (inbound)
2019/04/24 03:50:32.171922 [1;35m[INF][m GID 61, New valid peer 172.18.0.18:51830 (inbound)
2019/04/24 03:50:32.789177 [1;35m[INF][m GID 61, Lost peer 172.18.0.27:43596 (inbound)
2019/04/24 03:50:32.804687 [1;35m[INF][m GID 280, five second countdown ends. Re-generate block.
2019/04/24 03:50:32.828600 [1;35m[INF][m GID 280, difficulty:  520095999
2019/04/24 03:50:33.564171 [1;35m[INF][m GID 61, Lost peer 172.18.0.2:53506 (inbound)
2019/04/24 03:50:33.813360 [1;35m[INF][m GID 61, Syncing to block height 524 from peer 172.18.0.3:10515
2019/04/24 03:50:33.892068 [1;35m[INF][m GID 61, Lost peer 172.18.0.5:32898 (inbound)
2019/04/24 03:50:33.954561 [1;35m[INF][m GID 61, New valid peer 172.18.0.5:33588 (inbound)
2019/04/24 03:50:37.834586 [1;35m[INF][m GID 280, five second countdown ends. Re-generate block.
2019/04/24 03:50:37.839207 [1;35m[INF][m GID 280, difficulty:  520095999
2019/04/24 03:50:41.208826 [1;35m[INF][m GID 280, <================Solved Block==============>
2019/04/24 03:50:41.229178 [1;35m[INF][m GID 280, [ConfirmBlock] block hash: 286caf318cebb45b367d13505bfe0438fa481fd9cad4be32f7e2d8afc2064c75
2019/04/24 03:50:41.271092 [1;35m[INF][m GID 61, New valid peer 172.18.0.24:45306 (inbound)
2019/04/24 03:50:41.275190 [1;35m[INF][m GID 280, difficulty:  520095999
2019/04/24 03:50:41.634262 [1;35m[INF][m GID 45, [ConfirmBlock] block hash: 286caf318cebb45b367d13505bfe0438fa481fd9cad4be32f7e2d8afc2064c75
2019/04/24 03:50:41.638070 [1;35m[INF][m GID 45, [ConfirmBlock] block height: 525
2019/04/24 03:50:41.891587 [1;35m[INF][m GID 45, 
CURRENT ARBITERS
DUTYINDEX: 5
INDEX                                                          PUBLICKEY            NETADDRESS ONDUTY
----- ------------------------------------------------------------------ --------------------- ------
1     021cfade3eddd057d8ca178057a88c4654b15c1ada7ee9ab65517f00beb6977556                        false
2     0295890a17feb7d5191da656089b5daad83f596edcc491f5c91d025b42955a9f25                        false
3     02eafcd36390b064431b82a4b2934f6d93fddfcfa4a86602b2ae32d858b8d3bcd7 ela-mainchain-crc-4:10416  false
4     032e74c386af5d672cb196334f2b6ee6451d61f2257f0837ea7af340ef4dea4e1a ela-mainchain-crc-3:10316  false
5     0353197d11802fe0cd5409f064822b896ceaa675ea596287f1e5ce009be7684f08 ela-mainchain-crc-2:10216   true
6     0386206d1d442f5c8ddcc9ae45ab85d921b6ade3a184f43b7ccf6de02f3ca0b450 ela-mainchain-crc-1:10116  false
----- ------------------------------------------------------------------ --------------------- ------
NEXT ARBITERS
INDEX                                                          PUBLICKEY            NETADDRESS
----- ------------------------------------------------------------------ ---------------------
1     0386206d1d442f5c8ddcc9ae45ab85d921b6ade3a184f43b7ccf6de02f3ca0b450 ela-mainchain-crc-1:10116
2     0353197d11802fe0cd5409f064822b896ceaa675ea596287f1e5ce009be7684f08 ela-mainchain-crc-2:10216
3     032e74c386af5d672cb196334f2b6ee6451d61f2257f0837ea7af340ef4dea4e1a ela-mainchain-crc-3:10316
4     02eafcd36390b064431b82a4b2934f6d93fddfcfa4a86602b2ae32d858b8d3bcd7 ela-mainchain-crc-4:10416
5     021cfade3eddd057d8ca178057a88c4654b15c1ada7ee9ab65517f00beb6977556                      
6     0295890a17feb7d5191da656089b5daad83f596edcc491f5c91d025b42955a9f25                      
----- ------------------------------------------------------------------ ---------------------
CURRENT CANDIDATES
INDEX                                                          PUBLICKEY            NETADDRESS
----- ------------------------------------------------------------------ ---------------------
----- ------------------------------------------------------------------ ---------------------
NEXT CANDIDATES
INDEX                                                          PUBLICKEY            NETADDRESS
----- ------------------------------------------------------------------ ---------------------
----- ------------------------------------------------------------------ ---------------------
2019/04/24 03:50:42.017414 [1;35m[INF][m GID 61, [ConfirmBlock] block hash: 286caf318cebb45b367d13505bfe0438fa481fd9cad4be32f7e2d8afc2064c75
2019/04/24 03:50:42.221040 [1;35m[INF][m GID 61, [ConfirmBlock] block height: 525
2019/04/24 03:50:45.092489 [1;35m[INF][m GID 61, [ConfirmBlock] block hash: e1f923b4845aace35d2d269433e079d23f46d17c811f4d58e15b03acaab7702e
2019/04/24 03:50:45.658442 [1;35m[INF][m GID 45, [ConfirmBlock] block hash: e1f923b4845aace35d2d269433e079d23f46d17c811f4d58e15b03acaab7702e
2019/04/24 03:50:45.658490 [1;35m[INF][m GID 45, [ConfirmBlock] block height: 526
2019/04/24 03:50:46.294296 [1;35m[INF][m GID 280, five second countdown ends. Re-generate block.
2019/04/24 03:50:46.314340 [1;35m[INF][m GID 280, difficulty:  520095999
2019/04/24 03:50:51.372577 [1;35m[INF][m GID 280, five second countdown ends. Re-generate block.
2019/04/24 03:50:51.373607 [1;35m[INF][m GID 280, difficulty:  520095999
2019/04/24 03:50:53.553589 [1;35m[INF][m GID 61, New valid peer 172.18.0.2:54476 (inbound)
2019/04/24 03:50:56.015942 [1;35m[INF][m GID 61, [ConfirmBlock] block hash: 03d315c0d27a0958f26462a230c7c430f9c9687290c79dac291cd6d11d22b76c
2019/04/24 03:50:56.179462 [1;35m[INF][m GID 45, [ConfirmBlock] block hash: 03d315c0d27a0958f26462a230c7c430f9c9687290c79dac291cd6d11d22b76c
2019/04/24 03:50:56.214891 [1;35m[INF][m GID 45, [ConfirmBlock] block height: 527
2019/04/24 03:50:56.344271 [1;35m[INF][m GID 45, 
CURRENT ARBITERS
DUTYINDEX: 1
INDEX                                                          PUBLICKEY            NETADDRESS ONDUTY
----- ------------------------------------------------------------------ --------------------- ------
1     021cfade3eddd057d8ca178057a88c4654b15c1ada7ee9ab65517f00beb6977556                         true
2     0295890a17feb7d5191da656089b5daad83f596edcc491f5c91d025b42955a9f25                        false
3     02eafcd36390b064431b82a4b2934f6d93fddfcfa4a86602b2ae32d858b8d3bcd7 ela-mainchain-crc-4:10416  false
4     032e74c386af5d672cb196334f2b6ee6451d61f2257f0837ea7af340ef4dea4e1a ela-mainchain-crc-3:10316  false
5     0353197d11802fe0cd5409f064822b896ceaa675ea596287f1e5ce009be7684f08 ela-mainchain-crc-2:10216  false
6     0386206d1d442f5c8ddcc9ae45ab85d921b6ade3a184f43b7ccf6de02f3ca0b450 ela-mainchain-crc-1:10116  false
----- ------------------------------------------------------------------ --------------------- ------
NEXT ARBITERS
INDEX                                                          PUBLICKEY            NETADDRESS
----- ------------------------------------------------------------------ ---------------------
1     0386206d1d442f5c8ddcc9ae45ab85d921b6ade3a184f43b7ccf6de02f3ca0b450 ela-mainchain-crc-1:10116
2     0353197d11802fe0cd5409f064822b896ceaa675ea596287f1e5ce009be7684f08 ela-mainchain-crc-2:10216
3     032e74c386af5d672cb196334f2b6ee6451d61f2257f0837ea7af340ef4dea4e1a ela-mainchain-crc-3:10316
4     02eafcd36390b064431b82a4b2934f6d93fddfcfa4a86602b2ae32d858b8d3bcd7 ela-mainchain-crc-4:10416
5     021cfade3eddd057d8ca178057a88c4654b15c1ada7ee9ab65517f00beb6977556                      
6     0295890a17feb7d5191da656089b5daad83f596edcc491f5c91d025b42955a9f25                      
----- ------------------------------------------------------------------ ---------------------
CURRENT CANDIDATES
INDEX                                                          PUBLICKEY            NETADDRESS
----- ------------------------------------------------------------------ ---------------------
----- ------------------------------------------------------------------ ---------------------
NEXT CANDIDATES
INDEX                                                          PUBLICKEY            NETADDRESS
----- ------------------------------------------------------------------ ---------------------
----- ------------------------------------------------------------------ ---------------------
2019/04/24 03:50:56.397160 [1;35m[INF][m GID 280, five second countdown ends. Re-generate block.
2019/04/24 03:50:56.404667 [1;35m[INF][m GID 280, difficulty:  520095999
2019/04/24 03:51:01.228223 [1;35m[INF][m GID 61, [ConfirmBlock] block hash: 175e7b2b4319c6c452209a4c06d493beaef2edacf4d1cb8842a832d71b940453
2019/04/24 03:51:01.429717 [1;35m[INF][m GID 280, five second countdown ends. Re-generate block.
2019/04/24 03:51:01.438445 [1;35m[INF][m GID 280, difficulty:  520095999
2019/04/24 03:51:01.541386 [1;35m[INF][m GID 45, [ConfirmBlock] block hash: 175e7b2b4319c6c452209a4c06d493beaef2edacf4d1cb8842a832d71b940453
2019/04/24 03:51:01.583038 [1;35m[INF][m GID 45, [ConfirmBlock] block height: 528
2019/04/24 03:51:01.604430 [1;35m[INF][m GID 45, 
CURRENT ARBITERS
DUTYINDEX: 2
INDEX                                                          PUBLICKEY            NETADDRESS ONDUTY
----- ------------------------------------------------------------------ --------------------- ------
1     021cfade3eddd057d8ca178057a88c4654b15c1ada7ee9ab65517f00beb6977556                        false
2     0295890a17feb7d5191da656089b5daad83f596edcc491f5c91d025b42955a9f25                         true
3     02eafcd36390b064431b82a4b2934f6d93fddfcfa4a86602b2ae32d858b8d3bcd7 ela-mainchain-crc-4:10416  false
4     032e74c386af5d672cb196334f2b6ee6451d61f2257f0837ea7af340ef4dea4e1a ela-mainchain-crc-3:10316  false
5     0353197d11802fe0cd5409f064822b896ceaa675ea596287f1e5ce009be7684f08 ela-mainchain-crc-2:10216  false
6     0386206d1d442f5c8ddcc9ae45ab85d921b6ade3a184f43b7ccf6de02f3ca0b450 ela-mainchain-crc-1:10116  false
----- ------------------------------------------------------------------ --------------------- ------
NEXT ARBITERS
INDEX                                                          PUBLICKEY            NETADDRESS
----- ------------------------------------------------------------------ ---------------------
1     0386206d1d442f5c8ddcc9ae45ab85d921b6ade3a184f43b7ccf6de02f3ca0b450 ela-mainchain-crc-1:10116
2     0353197d11802fe0cd5409f064822b896ceaa675ea596287f1e5ce009be7684f08 ela-mainchain-crc-2:10216
3     032e74c386af5d672cb196334f2b6ee6451d61f2257f0837ea7af340ef4dea4e1a ela-mainchain-crc-3:10316
4     02eafcd36390b064431b82a4b2934f6d93fddfcfa4a86602b2ae32d858b8d3bcd7 ela-mainchain-crc-4:10416
5     021cfade3eddd057d8ca178057a88c4654b15c1ada7ee9ab65517f00beb6977556                      
6     0295890a17feb7d5191da656089b5daad83f596edcc491f5c91d025b42955a9f25                      
----- ------------------------------------------------------------------ ---------------------
CURRENT CANDIDATES
INDEX                                                          PUBLICKEY            NETADDRESS
----- ------------------------------------------------------------------ ---------------------
----- ------------------------------------------------------------------ ---------------------
NEXT CANDIDATES
INDEX                                                          PUBLICKEY            NETADDRESS
----- ------------------------------------------------------------------ ---------------------
----- ------------------------------------------------------------------ ---------------------
2019/04/24 03:51:01.655839 [1;35m[INF][m GID 61, [ConfirmBlock] block hash: 175e7b2b4319c6c452209a4c06d493beaef2edacf4d1cb8842a832d71b940453
2019/04/24 03:51:01.656430 [1;35m[INF][m GID 61, [ConfirmBlock] block height: 528
2019-04-24 03:51:02.518 [INF] STAT: -> 528 [525 172.18.0.14:45340 (inbound), 526 172.18.0.17:54322 (inbound), 528 172.18.0.20:41732 (inbound), 524 172.18.0.5:33588 (inbound), 526 172.18.0.2:54476 (inbound), 525 172.18.0.7:53822 (inbound), 525 172.18.0.10:50856 (inbound), 525 172.18.0.9:53458 (inbound), 527 172.18.0.12:47516 (inbound), 528 172.18.0.18:51830 (inbound), 523 172.18.0.24:45306 (inbound), 525 172.18.0.8:46622 (inbound), 525 172.18.0.3:45970 (inbound), 526 172.18.0.16:57706 (inbound), 527 172.18.0.19:40564 (inbound), 526 172.18.0.8:10115 (outbound), 526 172.18.0.3:10515 (outbound), 526 172.18.0.7:10015 (outbound), 526 172.18.0.9:10615 (outbound), 524 172.18.0.2:10415 (outbound), 524 172.18.0.5:10315 (outbound)]
2019/04/24 03:51:06.555679 [1;35m[INF][m GID 280, five second countdown ends. Re-generate block.
2019/04/24 03:51:06.556740 [1;35m[INF][m GID 280, difficulty:  520095999
2019/04/24 03:51:09.972814 [1;35m[INF][m GID 61, [ConfirmBlock] block hash: 740bf59ea0e66d3e53e2be8241c6f5fb218068daf5812359914fb74d220b9e58
2019/04/24 03:51:10.177633 [1;35m[INF][m GID 45, [ConfirmBlock] block hash: 740bf59ea0e66d3e53e2be8241c6f5fb218068daf5812359914fb74d220b9e58
2019/04/24 03:51:10.183171 [1;35m[INF][m GID 45, [ConfirmBlock] block height: 529
2019/04/24 03:51:10.212648 [1;35m[INF][m GID 45, 
CURRENT ARBITERS
DUTYINDEX: 3
INDEX                                                          PUBLICKEY            NETADDRESS ONDUTY
----- ------------------------------------------------------------------ --------------------- ------
1     021cfade3eddd057d8ca178057a88c4654b15c1ada7ee9ab65517f00beb6977556                        false
2     0295890a17feb7d5191da656089b5daad83f596edcc491f5c91d025b42955a9f25                        false
3     02eafcd36390b064431b82a4b2934f6d93fddfcfa4a86602b2ae32d858b8d3bcd7 ela-mainchain-crc-4:10416   true
4     032e74c386af5d672cb196334f2b6ee6451d61f2257f0837ea7af340ef4dea4e1a ela-mainchain-crc-3:10316  false
5     0353197d11802fe0cd5409f064822b896ceaa675ea596287f1e5ce009be7684f08 ela-mainchain-crc-2:10216  false
6     0386206d1d442f5c8ddcc9ae45ab85d921b6ade3a184f43b7ccf6de02f3ca0b450 ela-mainchain-crc-1:10116  false
----- ------------------------------------------------------------------ --------------------- ------
NEXT ARBITERS
INDEX                                                          PUBLICKEY            NETADDRESS
----- ------------------------------------------------------------------ ---------------------
1     0386206d1d442f5c8ddcc9ae45ab85d921b6ade3a184f43b7ccf6de02f3ca0b450 ela-mainchain-crc-1:10116
2     0353197d11802fe0cd5409f064822b896ceaa675ea596287f1e5ce009be7684f08 ela-mainchain-crc-2:10216
3     032e74c386af5d672cb196334f2b6ee6451d61f2257f0837ea7af340ef4dea4e1a ela-mainchain-crc-3:10316
4     02eafcd36390b064431b82a4b2934f6d93fddfcfa4a86602b2ae32d858b8d3bcd7 ela-mainchain-crc-4:10416
5     021cfade3eddd057d8ca178057a88c4654b15c1ada7ee9ab65517f00beb6977556                      
6     0295890a17feb7d5191da656089b5daad83f596edcc491f5c91d025b42955a9f25                      
----- ------------------------------------------------------------------ ---------------------
CURRENT CANDIDATES
INDEX                                                          PUBLICKEY            NETADDRESS
----- ------------------------------------------------------------------ ---------------------
----- ------------------------------------------------------------------ ---------------------
NEXT CANDIDATES
INDEX                                                          PUBLICKEY            NETADDRESS
----- ------------------------------------------------------------------ ---------------------
----- ------------------------------------------------------------------ ---------------------
2019/04/24 03:51:11.651146 [1;35m[INF][m GID 280, five second countdown ends. Re-generate block.
2019/04/24 03:51:11.663552 [1;35m[INF][m GID 280, difficulty:  520095999
2019/04/24 03:51:16.714352 [1;35m[INF][m GID 280, five second countdown ends. Re-generate block.
2019/04/24 03:51:16.715523 [1;35m[INF][m GID 280, difficulty:  520095999
2019/04/24 03:51:21.785331 [1;35m[INF][m GID 280, five second countdown ends. Re-generate block.
2019/04/24 03:51:21.786925 [1;35m[INF][m GID 280, difficulty:  520095999
2019/04/24 03:51:26.800250 [1;35m[INF][m GID 280, five second countdown ends. Re-generate block.
2019/04/24 03:51:26.800479 [1;35m[INF][m GID 280, difficulty:  520095999
2019/04/24 03:51:26.940268 [1;35m[INF][m GID 61, [ConfirmBlock] block hash: 6e315a599d89df8f02eb7d81f18387768eef505b4b70da3063f8149153675351
2019/04/24 03:51:27.450756 [1;35m[INF][m GID 45, [ConfirmBlock] block hash: 6e315a599d89df8f02eb7d81f18387768eef505b4b70da3063f8149153675351
2019/04/24 03:51:27.450914 [1;35m[INF][m GID 45, [ConfirmBlock] block height: 530
2019/04/24 03:51:27.451459 [1;35m[INF][m GID 45, 
CURRENT ARBITERS
DUTYINDEX: 4
INDEX                                                          PUBLICKEY            NETADDRESS ONDUTY
----- ------------------------------------------------------------------ --------------------- ------
1     021cfade3eddd057d8ca178057a88c4654b15c1ada7ee9ab65517f00beb6977556                        false
2     0295890a17feb7d5191da656089b5daad83f596edcc491f5c91d025b42955a9f25                        false
3     02eafcd36390b064431b82a4b2934f6d93fddfcfa4a86602b2ae32d858b8d3bcd7 ela-mainchain-crc-4:10416  false
4     032e74c386af5d672cb196334f2b6ee6451d61f2257f0837ea7af340ef4dea4e1a ela-mainchain-crc-3:10316   true
5     0353197d11802fe0cd5409f064822b896ceaa675ea596287f1e5ce009be7684f08 ela-mainchain-crc-2:10216  false
6     0386206d1d442f5c8ddcc9ae45ab85d921b6ade3a184f43b7ccf6de02f3ca0b450 ela-mainchain-crc-1:10116  false
----- ------------------------------------------------------------------ --------------------- ------
NEXT ARBITERS
INDEX                                                          PUBLICKEY            NETADDRESS
----- ------------------------------------------------------------------ ---------------------
1     0386206d1d442f5c8ddcc9ae45ab85d921b6ade3a184f43b7ccf6de02f3ca0b450 ela-mainchain-crc-1:10116
2     0353197d11802fe0cd5409f064822b896ceaa675ea596287f1e5ce009be7684f08 ela-mainchain-crc-2:10216
3     032e74c386af5d672cb196334f2b6ee6451d61f2257f0837ea7af340ef4dea4e1a ela-mainchain-crc-3:10316
4     02eafcd36390b064431b82a4b2934f6d93fddfcfa4a86602b2ae32d858b8d3bcd7 ela-mainchain-crc-4:10416
5     021cfade3eddd057d8ca178057a88c4654b15c1ada7ee9ab65517f00beb6977556                      
6     0295890a17feb7d5191da656089b5daad83f596edcc491f5c91d025b42955a9f25                      
----- ------------------------------------------------------------------ ---------------------
CURRENT CANDIDATES
INDEX                                                          PUBLICKEY            NETADDRESS
----- ------------------------------------------------------------------ ---------------------
----- ------------------------------------------------------------------ ---------------------
NEXT CANDIDATES
INDEX                                                          PUBLICKEY            NETADDRESS
----- ------------------------------------------------------------------ ---------------------
----- ------------------------------------------------------------------ ---------------------
2019/04/24 03:51:27.707115 [1;35m[INF][m GID 61, [ConfirmBlock] block hash: 6e315a599d89df8f02eb7d81f18387768eef505b4b70da3063f8149153675351
2019/04/24 03:51:27.712224 [1;35m[INF][m GID 61, [ConfirmBlock] block height: 530
2019/04/24 03:51:31.990342 [1;35m[INF][m GID 280, five second countdown ends. Re-generate block.
2019/04/24 03:51:31.990965 [1;35m[INF][m GID 280, difficulty:  520095999
2019/04/24 03:51:33.961772 [1;35m[INF][m GID 61, Lost peer 172.18.0.7:10015 (outbound)
2019/04/24 03:51:37.064435 [1;35m[INF][m GID 280, five second countdown ends. Re-generate block.
2019/04/24 03:51:37.070544 [1;35m[INF][m GID 280, difficulty:  520095999
2019/04/24 03:51:39.096773 [1;35m[INF][m GID 61, New valid peer 172.18.0.7:10015 (outbound)
2019/04/24 03:51:41.493607 [1;33m[WRN][m GID 1045, [CheckTransactionCoinbaseLock] cannot unlock coinbase transaction output
2019/04/24 03:51:41.493831 [1;33m[WRN][m GID 1045, [TxPool CheckTransactionContext] failed 35e2b66f0594f3da3de0da2f3d516b3092197e8928526fb565151cc9410dbf69
2019/04/24 03:51:41.493961 [1;35m[INF][m GID 1045, [httpjsonrpc] VerifyTransaction failed when AppendToTxnPool. Errcode: INTERNAL ERROR, ErrIneffectiveCoinbase
2019/04/24 03:51:42.095300 [1;35m[INF][m GID 280, five second countdown ends. Re-generate block.
2019/04/24 03:51:42.095713 [1;35m[INF][m GID 280, difficulty:  520095999
2019/04/24 03:51:42.209759 [1;35m[INF][m GID 61, Lost peer 172.18.0.8:46622 (inbound)
2019/04/24 03:51:42.311465 [1;35m[INF][m GID 61, Lost peer 172.18.0.7:53822 (inbound)
2019/04/24 03:51:44.173786 [1;35m[INF][m GID 61, [ConfirmBlock] block hash: 1de705e83694e1b47a1d073e842934cd1842089bf706f2e8c4d90fe09b9bf060
2019/04/24 03:51:44.487665 [1;35m[INF][m GID 45, [ConfirmBlock] block hash: 1de705e83694e1b47a1d073e842934cd1842089bf706f2e8c4d90fe09b9bf060
2019/04/24 03:51:44.507379 [1;35m[INF][m GID 45, [ConfirmBlock] block height: 531
2019/04/24 03:51:44.581773 [1;35m[INF][m GID 45, 
CURRENT ARBITERS
DUTYINDEX: 5
INDEX                                                          PUBLICKEY            NETADDRESS ONDUTY
----- ------------------------------------------------------------------ --------------------- ------
1     021cfade3eddd057d8ca178057a88c4654b15c1ada7ee9ab65517f00beb6977556                        false
2     0295890a17feb7d5191da656089b5daad83f596edcc491f5c91d025b42955a9f25                        false
3     02eafcd36390b064431b82a4b2934f6d93fddfcfa4a86602b2ae32d858b8d3bcd7 ela-mainchain-crc-4:10416  false
4     032e74c386af5d672cb196334f2b6ee6451d61f2257f0837ea7af340ef4dea4e1a ela-mainchain-crc-3:10316  false
5     0353197d11802fe0cd5409f064822b896ceaa675ea596287f1e5ce009be7684f08 ela-mainchain-crc-2:10216   true
6     0386206d1d442f5c8ddcc9ae45ab85d921b6ade3a184f43b7ccf6de02f3ca0b450 ela-mainchain-crc-1:10116  false
----- ------------------------------------------------------------------ --------------------- ------
NEXT ARBITERS
INDEX                                                          PUBLICKEY            NETADDRESS
----- ------------------------------------------------------------------ ---------------------
1     0386206d1d442f5c8ddcc9ae45ab85d921b6ade3a184f43b7ccf6de02f3ca0b450 ela-mainchain-crc-1:10116
2     0353197d11802fe0cd5409f064822b896ceaa675ea596287f1e5ce009be7684f08 ela-mainchain-crc-2:10216
3     032e74c386af5d672cb196334f2b6ee6451d61f2257f0837ea7af340ef4dea4e1a ela-mainchain-crc-3:10316
4     02eafcd36390b064431b82a4b2934f6d93fddfcfa4a86602b2ae32d858b8d3bcd7 ela-mainchain-crc-4:10416
5     021cfade3eddd057d8ca178057a88c4654b15c1ada7ee9ab65517f00beb6977556                      
6     0295890a17feb7d5191da656089b5daad83f596edcc491f5c91d025b42955a9f25                      
----- ------------------------------------------------------------------ ---------------------
CURRENT CANDIDATES
INDEX                                                          PUBLICKEY            NETADDRESS
----- ------------------------------------------------------------------ ---------------------
----- ------------------------------------------------------------------ ---------------------
NEXT CANDIDATES
INDEX                                                          PUBLICKEY            NETADDRESS
----- ------------------------------------------------------------------ ---------------------
----- ------------------------------------------------------------------ ---------------------
2019/04/24 03:51:44.613646 [1;35m[INF][m GID 61, [ConfirmBlock] block hash: 1de705e83694e1b47a1d073e842934cd1842089bf706f2e8c4d90fe09b9bf060
2019/04/24 03:51:44.677725 [1;35m[INF][m GID 61, [ConfirmBlock] block height: 531
2019/04/24 03:51:47.129717 [1;35m[INF][m GID 280, five second countdown ends. Re-generate block.
2019/04/24 03:51:47.130041 [1;35m[INF][m GID 280, difficulty:  520095999
2019/04/24 03:51:48.223201 [1;35m[INF][m GID 280, <================Solved Block==============>
2019/04/24 03:51:48.293275 [1;35m[INF][m GID 280, [ConfirmBlock] block hash: 9e33c681684be2f946e25ecf0a4e0ba7e89f498cf4c8f9b7389d9aa9bb1905ac
2019/04/24 03:51:48.298677 [1;35m[INF][m GID 280, difficulty:  520095999
2019/04/24 03:51:48.629470 [1;35m[INF][m GID 45, [ConfirmBlock] block hash: 9e33c681684be2f946e25ecf0a4e0ba7e89f498cf4c8f9b7389d9aa9bb1905ac
2019/04/24 03:51:48.647486 [1;35m[INF][m GID 45, [ConfirmBlock] block height: 532
2019/04/24 03:51:53.328262 [1;35m[INF][m GID 280, five second countdown ends. Re-generate block.
2019/04/24 03:51:53.328571 [1;35m[INF][m GID 280, difficulty:  520095999
2019/04/24 03:51:56.167142 [1;35m[INF][m GID 61, [ConfirmBlock] block hash: b5c8b13676da7167a6e841e387971a91dd6450825bc51ccfa533f1f8e5728bfb
2019/04/24 03:51:56.386254 [1;35m[INF][m GID 45, [ConfirmBlock] block hash: b5c8b13676da7167a6e841e387971a91dd6450825bc51ccfa533f1f8e5728bfb
2019/04/24 03:51:56.394292 [1;35m[INF][m GID 45, [ConfirmBlock] block height: 533
2019/04/24 03:51:56.504964 [1;35m[INF][m GID 45, 
CURRENT ARBITERS
DUTYINDEX: 1
INDEX                                                          PUBLICKEY            NETADDRESS ONDUTY
----- ------------------------------------------------------------------ --------------------- ------
1     021cfade3eddd057d8ca178057a88c4654b15c1ada7ee9ab65517f00beb6977556                         true
2     0295890a17feb7d5191da656089b5daad83f596edcc491f5c91d025b42955a9f25                        false
3     02eafcd36390b064431b82a4b2934f6d93fddfcfa4a86602b2ae32d858b8d3bcd7 ela-mainchain-crc-4:10416  false
4     032e74c386af5d672cb196334f2b6ee6451d61f2257f0837ea7af340ef4dea4e1a ela-mainchain-crc-3:10316  false
5     0353197d11802fe0cd5409f064822b896ceaa675ea596287f1e5ce009be7684f08 ela-mainchain-crc-2:10216  false
6     0386206d1d442f5c8ddcc9ae45ab85d921b6ade3a184f43b7ccf6de02f3ca0b450 ela-mainchain-crc-1:10116  false
----- ------------------------------------------------------------------ --------------------- ------
NEXT ARBITERS
INDEX                                                          PUBLICKEY            NETADDRESS
----- ------------------------------------------------------------------ ---------------------
1     0386206d1d442f5c8ddcc9ae45ab85d921b6ade3a184f43b7ccf6de02f3ca0b450 ela-mainchain-crc-1:10116
2     0353197d11802fe0cd5409f064822b896ceaa675ea596287f1e5ce009be7684f08 ela-mainchain-crc-2:10216
3     032e74c386af5d672cb196334f2b6ee6451d61f2257f0837ea7af340ef4dea4e1a ela-mainchain-crc-3:10316
4     02eafcd36390b064431b82a4b2934f6d93fddfcfa4a86602b2ae32d858b8d3bcd7 ela-mainchain-crc-4:10416
5     021cfade3eddd057d8ca178057a88c4654b15c1ada7ee9ab65517f00beb6977556                      
6     0295890a17feb7d5191da656089b5daad83f596edcc491f5c91d025b42955a9f25                      
----- ------------------------------------------------------------------ ---------------------
CURRENT CANDIDATES
INDEX                                                          PUBLICKEY            NETADDRESS
----- ------------------------------------------------------------------ ---------------------
----- ------------------------------------------------------------------ ---------------------
NEXT CANDIDATES
INDEX                                                          PUBLICKEY            NETADDRESS
----- ------------------------------------------------------------------ ---------------------
----- ------------------------------------------------------------------ ---------------------
2019/04/24 03:51:57.278679 [1;35m[INF][m GID 61, New valid peer 172.18.0.8:47932 (inbound)
2019/04/24 03:51:57.291032 [1;35m[INF][m GID 61, New valid peer 172.18.0.7:55154 (inbound)
2019/04/24 03:51:58.337308 [1;35m[INF][m GID 280, five second countdown ends. Re-generate block.
2019/04/24 03:51:58.337569 [1;35m[INF][m GID 280, difficulty:  520095999
2019-04-24 03:52:02.553 [INF] STAT: -> 533 [530 172.18.0.5:33588 (inbound), 532 172.18.0.2:54476 (inbound), 531 172.18.0.9:53458 (inbound), 533 172.18.0.12:47516 (inbound), 533 172.18.0.18:51830 (inbound), 530 172.18.0.10:50856 (inbound), 530 172.18.0.3:45970 (inbound), 531 172.18.0.16:57706 (inbound), 533 172.18.0.19:40564 (inbound), 530 172.18.0.24:45306 (inbound), 533 172.18.0.7:55154 (inbound), 533 172.18.0.20:41732 (inbound), 533 172.18.0.8:47932 (inbound), 530 172.18.0.14:45340 (inbound), 532 172.18.0.17:54322 (inbound), 530 172.18.0.5:10315 (outbound), 531 172.18.0.8:10115 (outbound), 532 172.18.0.3:10515 (outbound), 530 172.18.0.7:10015 (outbound), 532 172.18.0.9:10615 (outbound), 530 172.18.0.2:10415 (outbound)]
2019/04/24 03:52:03.381931 [1;35m[INF][m GID 280, five second countdown ends. Re-generate block.
2019/04/24 03:52:03.387546 [1;35m[INF][m GID 280, difficulty:  520095999
2019/04/24 03:52:04.563391 [1;35m[INF][m GID 280, <================Solved Block==============>
2019/04/24 03:52:04.563810 [1;35m[INF][m GID 280, [ConfirmBlock] block hash: 69fafbd364116a5e574cfbf8ea59f0ded0927149cb5836538d442d7b142d5dfe
2019/04/24 03:52:04.566293 [1;35m[INF][m GID 280, difficulty:  520095999
2019/04/24 03:52:04.851067 [1;35m[INF][m GID 45, [ConfirmBlock] block hash: 69fafbd364116a5e574cfbf8ea59f0ded0927149cb5836538d442d7b142d5dfe
2019/04/24 03:52:04.852818 [1;35m[INF][m GID 45, [ConfirmBlock] block height: 534
2019/04/24 03:52:04.857903 [1;35m[INF][m GID 45, 
CURRENT ARBITERS
DUTYINDEX: 2
INDEX                                                          PUBLICKEY            NETADDRESS ONDUTY
----- ------------------------------------------------------------------ --------------------- ------
1     021cfade3eddd057d8ca178057a88c4654b15c1ada7ee9ab65517f00beb6977556                        false
2     0295890a17feb7d5191da656089b5daad83f596edcc491f5c91d025b42955a9f25                         true
3     02eafcd36390b064431b82a4b2934f6d93fddfcfa4a86602b2ae32d858b8d3bcd7 ela-mainchain-crc-4:10416  false
4     032e74c386af5d672cb196334f2b6ee6451d61f2257f0837ea7af340ef4dea4e1a ela-mainchain-crc-3:10316  false
5     0353197d11802fe0cd5409f064822b896ceaa675ea596287f1e5ce009be7684f08 ela-mainchain-crc-2:10216  false
6     0386206d1d442f5c8ddcc9ae45ab85d921b6ade3a184f43b7ccf6de02f3ca0b450 ela-mainchain-crc-1:10116  false
----- ------------------------------------------------------------------ --------------------- ------
NEXT ARBITERS
INDEX                                                          PUBLICKEY            NETADDRESS
----- ------------------------------------------------------------------ ---------------------
1     0386206d1d442f5c8ddcc9ae45ab85d921b6ade3a184f43b7ccf6de02f3ca0b450 ela-mainchain-crc-1:10116
2     0353197d11802fe0cd5409f064822b896ceaa675ea596287f1e5ce009be7684f08 ela-mainchain-crc-2:10216
3     032e74c386af5d672cb196334f2b6ee6451d61f2257f0837ea7af340ef4dea4e1a ela-mainchain-crc-3:10316
4     02eafcd36390b064431b82a4b2934f6d93fddfcfa4a86602b2ae32d858b8d3bcd7 ela-mainchain-crc-4:10416
5     021cfade3eddd057d8ca178057a88c4654b15c1ada7ee9ab65517f00beb6977556                      
6     0295890a17feb7d5191da656089b5daad83f596edcc491f5c91d025b42955a9f25                      
----- ------------------------------------------------------------------ ---------------------
CURRENT CANDIDATES
INDEX                                                          PUBLICKEY            NETADDRESS
----- ------------------------------------------------------------------ ---------------------
----- ------------------------------------------------------------------ ---------------------
NEXT CANDIDATES
INDEX                                                          PUBLICKEY            NETADDRESS
----- ------------------------------------------------------------------ ---------------------
----- ------------------------------------------------------------------ ---------------------
2019/04/24 03:52:09.606191 [1;35m[INF][m GID 280, five second countdown ends. Re-generate block.
2019/04/24 03:52:09.607183 [1;35m[INF][m GID 280, difficulty:  520095999
2019/04/24 03:52:14.608936 [1;35m[INF][m GID 280, five second countdown ends. Re-generate block.
2019/04/24 03:52:14.609050 [1;35m[INF][m GID 280, difficulty:  520095999
2019/04/24 03:52:19.646094 [1;35m[INF][m GID 280, five second countdown ends. Re-generate block.
2019/04/24 03:52:19.646213 [1;35m[INF][m GID 280, difficulty:  520095999
2019/04/24 03:52:24.699888 [1;35m[INF][m GID 280, five second countdown ends. Re-generate block.
2019/04/24 03:52:24.700903 [1;35m[INF][m GID 280, difficulty:  520095999
2019/04/24 03:52:29.715828 [1;35m[INF][m GID 280, five second countdown ends. Re-generate block.
2019/04/24 03:52:29.719017 [1;35m[INF][m GID 280, difficulty:  520095999
2019/04/24 03:52:30.064580 [1;35m[INF][m GID 61, Lost peer 172.18.0.9:53458 (inbound)
2019/04/24 03:52:33.207927 [1;35m[INF][m GID 61, Lost peer 172.18.0.8:10115 (outbound)
2019/04/24 03:52:34.029484 [1;35m[INF][m GID 61, Lost peer 172.18.0.5:33588 (inbound)
2019/04/24 03:52:34.180842 [1;35m[INF][m GID 61, [ConfirmBlock] block hash: 5b559723b41822fc72d7e23b6009801b58500ae211e6335fdf7f27c50e15baec
2019/04/24 03:52:34.349338 [1;35m[INF][m GID 45, [ConfirmBlock] block hash: 5b559723b41822fc72d7e23b6009801b58500ae211e6335fdf7f27c50e15baec
2019/04/24 03:52:34.350360 [1;35m[INF][m GID 45, [ConfirmBlock] block height: 535
2019/04/24 03:52:34.466143 [1;35m[INF][m GID 45, 
CURRENT ARBITERS
DUTYINDEX: 3
INDEX                                                          PUBLICKEY            NETADDRESS ONDUTY
----- ------------------------------------------------------------------ --------------------- ------
1     021cfade3eddd057d8ca178057a88c4654b15c1ada7ee9ab65517f00beb6977556                        false
2     0295890a17feb7d5191da656089b5daad83f596edcc491f5c91d025b42955a9f25                        false
3     02eafcd36390b064431b82a4b2934f6d93fddfcfa4a86602b2ae32d858b8d3bcd7 ela-mainchain-crc-4:10416   true
4     032e74c386af5d672cb196334f2b6ee6451d61f2257f0837ea7af340ef4dea4e1a ela-mainchain-crc-3:10316  false
5     0353197d11802fe0cd5409f064822b896ceaa675ea596287f1e5ce009be7684f08 ela-mainchain-crc-2:10216  false
6     0386206d1d442f5c8ddcc9ae45ab85d921b6ade3a184f43b7ccf6de02f3ca0b450 ela-mainchain-crc-1:10116  false
----- ------------------------------------------------------------------ --------------------- ------
NEXT ARBITERS
INDEX                                                          PUBLICKEY            NETADDRESS
----- ------------------------------------------------------------------ ---------------------
1     0386206d1d442f5c8ddcc9ae45ab85d921b6ade3a184f43b7ccf6de02f3ca0b450 ela-mainchain-crc-1:10116
2     0353197d11802fe0cd5409f064822b896ceaa675ea596287f1e5ce009be7684f08 ela-mainchain-crc-2:10216
3     032e74c386af5d672cb196334f2b6ee6451d61f2257f0837ea7af340ef4dea4e1a ela-mainchain-crc-3:10316
4     02eafcd36390b064431b82a4b2934f6d93fddfcfa4a86602b2ae32d858b8d3bcd7 ela-mainchain-crc-4:10416
5     021cfade3eddd057d8ca178057a88c4654b15c1ada7ee9ab65517f00beb6977556                      
6     0295890a17feb7d5191da656089b5daad83f596edcc491f5c91d025b42955a9f25                      
----- ------------------------------------------------------------------ ---------------------
CURRENT CANDIDATES
INDEX                                                          PUBLICKEY            NETADDRESS
----- ------------------------------------------------------------------ ---------------------
----- ------------------------------------------------------------------ ---------------------
NEXT CANDIDATES
INDEX                                                          PUBLICKEY            NETADDRESS
----- ------------------------------------------------------------------ ---------------------
----- ------------------------------------------------------------------ ---------------------
2019/04/24 03:52:34.494522 [1;35m[INF][m GID 61, [ConfirmBlock] block hash: 5b559723b41822fc72d7e23b6009801b58500ae211e6335fdf7f27c50e15baec
2019/04/24 03:52:34.559419 [1;35m[INF][m GID 61, [ConfirmBlock] block height: 535
2019/04/24 03:52:34.720867 [1;35m[INF][m GID 280, five second countdown ends. Re-generate block.
2019/04/24 03:52:34.721927 [1;35m[INF][m GID 280, difficulty:  520095999
2019/04/24 03:52:35.205092 [1;35m[INF][m GID 61, New valid peer 172.18.0.9:54944 (inbound)
2019/04/24 03:52:38.312574 [1;35m[INF][m GID 61, New valid peer 172.18.0.8:10115 (outbound)
2019/04/24 03:52:38.380176 [1;35m[INF][m GID 61, [ConfirmBlock] block hash: 7fe18e7bc3083cb083ce3bcdbcb018ca8dfcaf29c9a697b23fa342b9fe51cad7
2019/04/24 03:52:38.643311 [1;35m[INF][m GID 45, [ConfirmBlock] block hash: 7fe18e7bc3083cb083ce3bcdbcb018ca8dfcaf29c9a697b23fa342b9fe51cad7
2019/04/24 03:52:38.686849 [1;35m[INF][m GID 45, [ConfirmBlock] block height: 536
2019/04/24 03:52:38.741465 [1;35m[INF][m GID 45, 
CURRENT ARBITERS
DUTYINDEX: 4
INDEX                                                          PUBLICKEY            NETADDRESS ONDUTY
----- ------------------------------------------------------------------ --------------------- ------
1     021cfade3eddd057d8ca178057a88c4654b15c1ada7ee9ab65517f00beb6977556                        false
2     0295890a17feb7d5191da656089b5daad83f596edcc491f5c91d025b42955a9f25                        false
3     02eafcd36390b064431b82a4b2934f6d93fddfcfa4a86602b2ae32d858b8d3bcd7 ela-mainchain-crc-4:10416  false
4     032e74c386af5d672cb196334f2b6ee6451d61f2257f0837ea7af340ef4dea4e1a ela-mainchain-crc-3:10316   true
5     0353197d11802fe0cd5409f064822b896ceaa675ea596287f1e5ce009be7684f08 ela-mainchain-crc-2:10216  false
6     0386206d1d442f5c8ddcc9ae45ab85d921b6ade3a184f43b7ccf6de02f3ca0b450 ela-mainchain-crc-1:10116  false
----- ------------------------------------------------------------------ --------------------- ------
NEXT ARBITERS
INDEX                                                          PUBLICKEY            NETADDRESS
----- ------------------------------------------------------------------ ---------------------
1     0386206d1d442f5c8ddcc9ae45ab85d921b6ade3a184f43b7ccf6de02f3ca0b450 ela-mainchain-crc-1:10116
2     0353197d11802fe0cd5409f064822b896ceaa675ea596287f1e5ce009be7684f08 ela-mainchain-crc-2:10216
3     032e74c386af5d672cb196334f2b6ee6451d61f2257f0837ea7af340ef4dea4e1a ela-mainchain-crc-3:10316
4     02eafcd36390b064431b82a4b2934f6d93fddfcfa4a86602b2ae32d858b8d3bcd7 ela-mainchain-crc-4:10416
5     021cfade3eddd057d8ca178057a88c4654b15c1ada7ee9ab65517f00beb6977556                      
6     0295890a17feb7d5191da656089b5daad83f596edcc491f5c91d025b42955a9f25                      
----- ------------------------------------------------------------------ ---------------------
CURRENT CANDIDATES
INDEX                                                          PUBLICKEY            NETADDRESS
----- ------------------------------------------------------------------ ---------------------
----- ------------------------------------------------------------------ ---------------------
NEXT CANDIDATES
INDEX                                                          PUBLICKEY            NETADDRESS
----- ------------------------------------------------------------------ ---------------------
----- ------------------------------------------------------------------ ---------------------
2019/04/24 03:52:38.777723 [1;35m[INF][m GID 61, [ConfirmBlock] block hash: 7fe18e7bc3083cb083ce3bcdbcb018ca8dfcaf29c9a697b23fa342b9fe51cad7
2019/04/24 03:52:38.777838 [1;35m[INF][m GID 61, [ConfirmBlock] block height: 536
2019/04/24 03:52:39.224449 [1;35m[INF][m GID 61, New valid peer 172.18.0.5:34736 (inbound)
2019/04/24 03:52:39.736098 [1;35m[INF][m GID 280, five second countdown ends. Re-generate block.
2019/04/24 03:52:39.736422 [1;35m[INF][m GID 280, difficulty:  520095999
2019/04/24 03:52:41.827183 [1;33m[WRN][m GID 1045, [CheckTransactionCoinbaseLock] cannot unlock coinbase transaction output
2019/04/24 03:52:41.870420 [1;33m[WRN][m GID 1045, [TxPool CheckTransactionContext] failed d29750353aa32dc90499b787ff3abc3522e10570f9fb598de98026e0cc5096e0
2019/04/24 03:52:41.880374 [1;35m[INF][m GID 1045, [httpjsonrpc] VerifyTransaction failed when AppendToTxnPool. Errcode: INTERNAL ERROR, ErrIneffectiveCoinbase
2019/04/24 03:52:44.751998 [1;35m[INF][m GID 280, five second countdown ends. Re-generate block.
2019/04/24 03:52:44.753300 [1;35m[INF][m GID 280, difficulty:  520095999
2019/04/24 03:52:44.844014 [1;35m[INF][m GID 61, [ConfirmBlock] block hash: 33ec3df3c29d6ed1b050c49b2c7c179979d20a6bfe37601c98d4b6c0fe2055ed
2019/04/24 03:52:45.132493 [1;35m[INF][m GID 45, [ConfirmBlock] block hash: 33ec3df3c29d6ed1b050c49b2c7c179979d20a6bfe37601c98d4b6c0fe2055ed
2019/04/24 03:52:45.133747 [1;35m[INF][m GID 45, [ConfirmBlock] block height: 537
2019/04/24 03:52:45.137384 [1;35m[INF][m GID 45, 
CURRENT ARBITERS
DUTYINDEX: 5
INDEX                                                          PUBLICKEY            NETADDRESS ONDUTY
----- ------------------------------------------------------------------ --------------------- ------
1     021cfade3eddd057d8ca178057a88c4654b15c1ada7ee9ab65517f00beb6977556                        false
2     0295890a17feb7d5191da656089b5daad83f596edcc491f5c91d025b42955a9f25                        false
3     02eafcd36390b064431b82a4b2934f6d93fddfcfa4a86602b2ae32d858b8d3bcd7 ela-mainchain-crc-4:10416  false
4     032e74c386af5d672cb196334f2b6ee6451d61f2257f0837ea7af340ef4dea4e1a ela-mainchain-crc-3:10316  false
5     0353197d11802fe0cd5409f064822b896ceaa675ea596287f1e5ce009be7684f08 ela-mainchain-crc-2:10216   true
6     0386206d1d442f5c8ddcc9ae45ab85d921b6ade3a184f43b7ccf6de02f3ca0b450 ela-mainchain-crc-1:10116  false
----- ------------------------------------------------------------------ --------------------- ------
NEXT ARBITERS
INDEX                                                          PUBLICKEY            NETADDRESS
----- ------------------------------------------------------------------ ---------------------
1     0386206d1d442f5c8ddcc9ae45ab85d921b6ade3a184f43b7ccf6de02f3ca0b450 ela-mainchain-crc-1:10116
2     0353197d11802fe0cd5409f064822b896ceaa675ea596287f1e5ce009be7684f08 ela-mainchain-crc-2:10216
3     032e74c386af5d672cb196334f2b6ee6451d61f2257f0837ea7af340ef4dea4e1a ela-mainchain-crc-3:10316
4     02eafcd36390b064431b82a4b2934f6d93fddfcfa4a86602b2ae32d858b8d3bcd7 ela-mainchain-crc-4:10416
5     021cfade3eddd057d8ca178057a88c4654b15c1ada7ee9ab65517f00beb6977556                      
6     0295890a17feb7d5191da656089b5daad83f596edcc491f5c91d025b42955a9f25                      
----- ------------------------------------------------------------------ ---------------------
CURRENT CANDIDATES
INDEX                                                          PUBLICKEY            NETADDRESS
----- ------------------------------------------------------------------ ---------------------
----- ------------------------------------------------------------------ ---------------------
NEXT CANDIDATES
INDEX                                                          PUBLICKEY            NETADDRESS
----- ------------------------------------------------------------------ ---------------------
----- ------------------------------------------------------------------ ---------------------
2019/04/24 03:52:49.869116 [1;35m[INF][m GID 280, five second countdown ends. Re-generate block.
2019/04/24 03:52:49.873577 [1;35m[INF][m GID 280, difficulty:  520095999
2019/04/24 03:52:54.884024 [1;35m[INF][m GID 280, five second countdown ends. Re-generate block.
2019/04/24 03:52:54.895538 [1;35m[INF][m GID 280, difficulty:  520095999
2019/04/24 03:52:57.896556 [1;35m[INF][m GID 280, <================Solved Block==============>
2019/04/24 03:52:57.897079 [1;35m[INF][m GID 280, [ConfirmBlock] block hash: ae9e5a13fd9207c1ff449f7743ce458fd0db5061a773aa615485fba372a4c29e
2019/04/24 03:52:57.898240 [1;35m[INF][m GID 280, difficulty:  520095999
2019/04/24 03:52:58.233494 [1;35m[INF][m GID 45, [ConfirmBlock] block hash: ae9e5a13fd9207c1ff449f7743ce458fd0db5061a773aa615485fba372a4c29e
2019/04/24 03:52:58.238071 [1;35m[INF][m GID 45, [ConfirmBlock] block height: 538
2019-04-24 03:53:02.524 [INF] STAT: -> 538 [537 172.18.0.2:54476 (inbound), 535 172.18.0.9:54944 (inbound), 536 172.18.0.10:50856 (inbound), 537 172.18.0.12:47516 (inbound), 538 172.18.0.18:51830 (inbound), 536 172.18.0.24:45306 (inbound), 537 172.18.0.7:55154 (inbound), 536 172.18.0.3:45970 (inbound), 537 172.18.0.16:57706 (inbound), 538 172.18.0.19:40564 (inbound), 536 172.18.0.14:45340 (inbound), 537 172.18.0.17:54322 (inbound), 538 172.18.0.20:41732 (inbound), 537 172.18.0.8:47932 (inbound), 536 172.18.0.5:34736 (inbound), 535 172.18.0.5:10315 (outbound), 535 172.18.0.8:10115 (outbound), 537 172.18.0.3:10515 (outbound), 536 172.18.0.7:10015 (outbound), 537 172.18.0.9:10615 (outbound), 535 172.18.0.2:10415 (outbound)]
2019/04/24 03:53:02.918037 [1;35m[INF][m GID 280, five second countdown ends. Re-generate block.
2019/04/24 03:53:02.918691 [1;35m[INF][m GID 280, difficulty:  520095999
2019/04/24 03:53:07.974470 [1;35m[INF][m GID 280, five second countdown ends. Re-generate block.
2019/04/24 03:53:07.977450 [1;35m[INF][m GID 280, difficulty:  520095999
2019/04/24 03:53:12.265487 [1;35m[INF][m GID 61, [ConfirmBlock] block hash: d576d7160af79ce8e8a2de4bb261dea5d77961fbead4c3402e009a54e5853422
2019/04/24 03:53:13.026147 [1;35m[INF][m GID 280, five second countdown ends. Re-generate block.
2019/04/24 03:53:13.027992 [1;35m[INF][m GID 280, difficulty:  520095999
2019/04/24 03:53:13.380750 [1;35m[INF][m GID 45, [ConfirmBlock] block hash: d576d7160af79ce8e8a2de4bb261dea5d77961fbead4c3402e009a54e5853422
2019/04/24 03:53:13.544969 [1;35m[INF][m GID 45, [ConfirmBlock] block height: 539
2019/04/24 03:53:13.753888 [1;35m[INF][m GID 45, 
CURRENT ARBITERS
DUTYINDEX: 1
INDEX                                                          PUBLICKEY            NETADDRESS ONDUTY
----- ------------------------------------------------------------------ --------------------- ------
1     021cfade3eddd057d8ca178057a88c4654b15c1ada7ee9ab65517f00beb6977556                         true
2     0295890a17feb7d5191da656089b5daad83f596edcc491f5c91d025b42955a9f25                        false
3     02eafcd36390b064431b82a4b2934f6d93fddfcfa4a86602b2ae32d858b8d3bcd7 ela-mainchain-crc-4:10416  false
4     032e74c386af5d672cb196334f2b6ee6451d61f2257f0837ea7af340ef4dea4e1a ela-mainchain-crc-3:10316  false
5     0353197d11802fe0cd5409f064822b896ceaa675ea596287f1e5ce009be7684f08 ela-mainchain-crc-2:10216  false
6     0386206d1d442f5c8ddcc9ae45ab85d921b6ade3a184f43b7ccf6de02f3ca0b450 ela-mainchain-crc-1:10116  false
----- ------------------------------------------------------------------ --------------------- ------
NEXT ARBITERS
INDEX                                                          PUBLICKEY            NETADDRESS
----- ------------------------------------------------------------------ ---------------------
1     02eafcd36390b064431b82a4b2934f6d93fddfcfa4a86602b2ae32d858b8d3bcd7 ela-mainchain-crc-4:10416
2     0386206d1d442f5c8ddcc9ae45ab85d921b6ade3a184f43b7ccf6de02f3ca0b450 ela-mainchain-crc-1:10116
3     0353197d11802fe0cd5409f064822b896ceaa675ea596287f1e5ce009be7684f08 ela-mainchain-crc-2:10216
4     032e74c386af5d672cb196334f2b6ee6451d61f2257f0837ea7af340ef4dea4e1a ela-mainchain-crc-3:10316
5     021cfade3eddd057d8ca178057a88c4654b15c1ada7ee9ab65517f00beb6977556                      
6     0295890a17feb7d5191da656089b5daad83f596edcc491f5c91d025b42955a9f25                      
----- ------------------------------------------------------------------ ---------------------
CURRENT CANDIDATES
INDEX                                                          PUBLICKEY            NETADDRESS
----- ------------------------------------------------------------------ ---------------------
----- ------------------------------------------------------------------ ---------------------
NEXT CANDIDATES
INDEX                                                          PUBLICKEY            NETADDRESS
----- ------------------------------------------------------------------ ---------------------
----- ------------------------------------------------------------------ ---------------------
2019/04/24 03:53:18.029080 [1;35m[INF][m GID 280, five second countdown ends. Re-generate block.
2019/04/24 03:53:18.030705 [1;35m[INF][m GID 280, difficulty:  520095999
2019/04/24 03:53:23.098334 [1;35m[INF][m GID 280, five second countdown ends. Re-generate block.
2019/04/24 03:53:23.100965 [1;35m[INF][m GID 280, difficulty:  520095999
2019/04/24 03:53:27.768766 [1;35m[INF][m GID 61, [ConfirmBlock] block hash: 38515bf77b40646b01a4ebfdb2ad4e571f378c3f5087458a4c4a2329965cd066
2019/04/24 03:53:28.160051 [1;35m[INF][m GID 280, five second countdown ends. Re-generate block.
2019/04/24 03:53:28.160667 [1;35m[INF][m GID 280, difficulty:  520095999
2019/04/24 03:53:28.422723 [1;35m[INF][m GID 45, [ConfirmBlock] block hash: 38515bf77b40646b01a4ebfdb2ad4e571f378c3f5087458a4c4a2329965cd066
2019/04/24 03:53:28.422827 [1;35m[INF][m GID 45, [ConfirmBlock] block height: 540
2019/04/24 03:53:28.524137 [1;35m[INF][m GID 45, 
CURRENT ARBITERS
DUTYINDEX: 2
INDEX                                                          PUBLICKEY            NETADDRESS ONDUTY
----- ------------------------------------------------------------------ --------------------- ------
1     021cfade3eddd057d8ca178057a88c4654b15c1ada7ee9ab65517f00beb6977556                        false
2     0295890a17feb7d5191da656089b5daad83f596edcc491f5c91d025b42955a9f25                         true
3     02eafcd36390b064431b82a4b2934f6d93fddfcfa4a86602b2ae32d858b8d3bcd7 ela-mainchain-crc-4:10416  false
4     032e74c386af5d672cb196334f2b6ee6451d61f2257f0837ea7af340ef4dea4e1a ela-mainchain-crc-3:10316  false
5     0353197d11802fe0cd5409f064822b896ceaa675ea596287f1e5ce009be7684f08 ela-mainchain-crc-2:10216  false
6     0386206d1d442f5c8ddcc9ae45ab85d921b6ade3a184f43b7ccf6de02f3ca0b450 ela-mainchain-crc-1:10116  false
----- ------------------------------------------------------------------ --------------------- ------
NEXT ARBITERS
INDEX                                                          PUBLICKEY            NETADDRESS
----- ------------------------------------------------------------------ ---------------------
1     02eafcd36390b064431b82a4b2934f6d93fddfcfa4a86602b2ae32d858b8d3bcd7 ela-mainchain-crc-4:10416
2     0386206d1d442f5c8ddcc9ae45ab85d921b6ade3a184f43b7ccf6de02f3ca0b450 ela-mainchain-crc-1:10116
3     0353197d11802fe0cd5409f064822b896ceaa675ea596287f1e5ce009be7684f08 ela-mainchain-crc-2:10216
4     032e74c386af5d672cb196334f2b6ee6451d61f2257f0837ea7af340ef4dea4e1a ela-mainchain-crc-3:10316
5     021cfade3eddd057d8ca178057a88c4654b15c1ada7ee9ab65517f00beb6977556                      
6     0295890a17feb7d5191da656089b5daad83f596edcc491f5c91d025b42955a9f25                      
----- ------------------------------------------------------------------ ---------------------
CURRENT CANDIDATES
INDEX                                                          PUBLICKEY            NETADDRESS
----- ------------------------------------------------------------------ ---------------------
----- ------------------------------------------------------------------ ---------------------
NEXT CANDIDATES
INDEX                                                          PUBLICKEY            NETADDRESS
----- ------------------------------------------------------------------ ---------------------
----- ------------------------------------------------------------------ ---------------------
2019/04/24 03:53:33.293045 [1;35m[INF][m GID 280, five second countdown ends. Re-generate block.
2019/04/24 03:53:33.293350 [1;35m[INF][m GID 280, difficulty:  520095999
2019/04/24 03:53:35.190077 [1;35m[INF][m GID 280, <================Solved Block==============>
2019/04/24 03:53:35.190312 [1;35m[INF][m GID 280, [ConfirmBlock] block hash: ab41b4f724df77abf2060adcfe1aa681fa2de2a9978c51afe42ec2c484d126ba
2019/04/24 03:53:35.223600 [1;35m[INF][m GID 280, difficulty:  520095999
2019/04/24 03:53:35.486464 [1;35m[INF][m GID 45, [ConfirmBlock] block hash: ab41b4f724df77abf2060adcfe1aa681fa2de2a9978c51afe42ec2c484d126ba
2019/04/24 03:53:35.489285 [1;35m[INF][m GID 45, [ConfirmBlock] block height: 541
2019/04/24 03:53:35.510201 [1;35m[INF][m GID 45, 
CURRENT ARBITERS
DUTYINDEX: 3
INDEX                                                          PUBLICKEY            NETADDRESS ONDUTY
----- ------------------------------------------------------------------ --------------------- ------
1     021cfade3eddd057d8ca178057a88c4654b15c1ada7ee9ab65517f00beb6977556                        false
2     0295890a17feb7d5191da656089b5daad83f596edcc491f5c91d025b42955a9f25                        false
3     02eafcd36390b064431b82a4b2934f6d93fddfcfa4a86602b2ae32d858b8d3bcd7 ela-mainchain-crc-4:10416   true
4     032e74c386af5d672cb196334f2b6ee6451d61f2257f0837ea7af340ef4dea4e1a ela-mainchain-crc-3:10316  false
5     0353197d11802fe0cd5409f064822b896ceaa675ea596287f1e5ce009be7684f08 ela-mainchain-crc-2:10216  false
6     0386206d1d442f5c8ddcc9ae45ab85d921b6ade3a184f43b7ccf6de02f3ca0b450 ela-mainchain-crc-1:10116  false
----- ------------------------------------------------------------------ --------------------- ------
NEXT ARBITERS
INDEX                                                          PUBLICKEY            NETADDRESS
----- ------------------------------------------------------------------ ---------------------
1     02eafcd36390b064431b82a4b2934f6d93fddfcfa4a86602b2ae32d858b8d3bcd7 ela-mainchain-crc-4:10416
2     0386206d1d442f5c8ddcc9ae45ab85d921b6ade3a184f43b7ccf6de02f3ca0b450 ela-mainchain-crc-1:10116
3     0353197d11802fe0cd5409f064822b896ceaa675ea596287f1e5ce009be7684f08 ela-mainchain-crc-2:10216
4     032e74c386af5d672cb196334f2b6ee6451d61f2257f0837ea7af340ef4dea4e1a ela-mainchain-crc-3:10316
5     021cfade3eddd057d8ca178057a88c4654b15c1ada7ee9ab65517f00beb6977556                      
6     0295890a17feb7d5191da656089b5daad83f596edcc491f5c91d025b42955a9f25                      
----- ------------------------------------------------------------------ ---------------------
CURRENT CANDIDATES
INDEX                                                          PUBLICKEY            NETADDRESS
----- ------------------------------------------------------------------ ---------------------
----- ------------------------------------------------------------------ ---------------------
NEXT CANDIDATES
INDEX                                                          PUBLICKEY            NETADDRESS
----- ------------------------------------------------------------------ ---------------------
----- ------------------------------------------------------------------ ---------------------
2019/04/24 03:53:40.323538 [1;35m[INF][m GID 280, five second countdown ends. Re-generate block.
2019/04/24 03:53:40.323940 [1;35m[INF][m GID 280, difficulty:  520095999
2019/04/24 03:53:42.004315 [1;33m[WRN][m GID 1045, [CheckTransactionCoinbaseLock] cannot unlock coinbase transaction output
2019/04/24 03:53:42.004545 [1;33m[WRN][m GID 1045, [TxPool CheckTransactionContext] failed da4cd43325c8a6a659c6605a70312523b7446a0425385b47862b8e88023010bc
2019/04/24 03:53:42.004648 [1;35m[INF][m GID 1045, [httpjsonrpc] VerifyTransaction failed when AppendToTxnPool. Errcode: INTERNAL ERROR, ErrIneffectiveCoinbase
2019/04/24 03:53:45.346647 [1;35m[INF][m GID 280, five second countdown ends. Re-generate block.
2019/04/24 03:53:45.347108 [1;35m[INF][m GID 280, difficulty:  520095999
2019/04/24 03:53:48.826727 [1;35m[INF][m GID 61, [ConfirmBlock] block hash: a787eb408a819984db37302adf01b4597ea1cee1cb30774fe58516f5fb98ed9b
2019/04/24 03:53:48.963833 [1;35m[INF][m GID 45, [ConfirmBlock] block hash: a787eb408a819984db37302adf01b4597ea1cee1cb30774fe58516f5fb98ed9b
2019/04/24 03:53:48.991651 [1;35m[INF][m GID 45, [ConfirmBlock] block height: 542
2019/04/24 03:53:49.012713 [1;35m[INF][m GID 45, 
CURRENT ARBITERS
DUTYINDEX: 4
INDEX                                                          PUBLICKEY            NETADDRESS ONDUTY
----- ------------------------------------------------------------------ --------------------- ------
1     021cfade3eddd057d8ca178057a88c4654b15c1ada7ee9ab65517f00beb6977556                        false
2     0295890a17feb7d5191da656089b5daad83f596edcc491f5c91d025b42955a9f25                        false
3     02eafcd36390b064431b82a4b2934f6d93fddfcfa4a86602b2ae32d858b8d3bcd7 ela-mainchain-crc-4:10416  false
4     032e74c386af5d672cb196334f2b6ee6451d61f2257f0837ea7af340ef4dea4e1a ela-mainchain-crc-3:10316   true
5     0353197d11802fe0cd5409f064822b896ceaa675ea596287f1e5ce009be7684f08 ela-mainchain-crc-2:10216  false
6     0386206d1d442f5c8ddcc9ae45ab85d921b6ade3a184f43b7ccf6de02f3ca0b450 ela-mainchain-crc-1:10116  false
----- ------------------------------------------------------------------ --------------------- ------
NEXT ARBITERS
INDEX                                                          PUBLICKEY            NETADDRESS
----- ------------------------------------------------------------------ ---------------------
1     02eafcd36390b064431b82a4b2934f6d93fddfcfa4a86602b2ae32d858b8d3bcd7 ela-mainchain-crc-4:10416
2     0386206d1d442f5c8ddcc9ae45ab85d921b6ade3a184f43b7ccf6de02f3ca0b450 ela-mainchain-crc-1:10116
3     0353197d11802fe0cd5409f064822b896ceaa675ea596287f1e5ce009be7684f08 ela-mainchain-crc-2:10216
4     032e74c386af5d672cb196334f2b6ee6451d61f2257f0837ea7af340ef4dea4e1a ela-mainchain-crc-3:10316
5     021cfade3eddd057d8ca178057a88c4654b15c1ada7ee9ab65517f00beb6977556                      
6     0295890a17feb7d5191da656089b5daad83f596edcc491f5c91d025b42955a9f25                      
----- ------------------------------------------------------------------ ---------------------
CURRENT CANDIDATES
INDEX                                                          PUBLICKEY            NETADDRESS
----- ------------------------------------------------------------------ ---------------------
----- ------------------------------------------------------------------ ---------------------
NEXT CANDIDATES
INDEX                                                          PUBLICKEY            NETADDRESS
----- ------------------------------------------------------------------ ---------------------
----- ------------------------------------------------------------------ ---------------------
2019/04/24 03:53:50.373528 [1;35m[INF][m GID 280, five second countdown ends. Re-generate block.
2019/04/24 03:53:50.376488 [1;35m[INF][m GID 280, difficulty:  520095999
