2019/04/23 14:50:14.240912 [1;35m[INF][m GID 1, Init wallet.
2019/04/23 14:50:14.314321 [1;35m[INF][m GID 1, Arbiter version:  v0.1.0-6-g758e
2019/04/23 14:50:14.337794 [1;35m[INF][m GID 1, 1. Init chain utxo cache.
2019/04/23 14:50:14.486076 [1;35m[INF][m GID 1, 2. Init finished transaction cache.
2019/04/23 14:50:14.530534 [1;35m[INF][m GID 1, 3. Start arbitrator P2P networks.
2019/04/23 14:50:14.530762 [1;35m[INF][m GID 1, 4. Init configurations.
2019/04/23 14:50:14.556612 [1;35m[INF][m GID 1, [arbitrator] Main chain height:  17
2019/04/23 14:50:14.660478 [1;35m[INF][m GID 41, currentHeight: 0  chainHeight: 3
2019/04/23 14:50:14.686972 [1;35m[INF][m GID 1, 5. Start arbitrator spv module.
2019/04/23 14:50:14.687050 [1;35m[INF][m GID 1, [StartSpvModule] new spv service: &{elastos_arbiter/data/spv 20190131 ENqDYUYURsHpp1wQ8LBdTLba4JhEvSDXEw [127.0.0.1:10315] 10315 1 3 <nil>}
2019/04/23 14:50:14.739986 [1;35m[INF][m GID 41,  [SyncSideChain] Side chain [ XKUh4GLhFJiqAMTF6HyWQrV9pK9HcGUdfJ ] height:  3
2019/04/23 14:50:14.752190 [1;35m[INF][m GID 1, [StartSpvModule] register auxpow listener: EVRoEJRyyCLXuxH6A9dx6ydXKKeovns588
2019/04/23 14:50:14.752316 [1;35m[INF][m GID 1, [StartSpvModule] register dposit listener: XKUh4GLhFJiqAMTF6HyWQrV9pK9HcGUdfJ
2019/04/23 14:50:14.752399 [1;35m[INF][m GID 1, 6. Start arbitrator group monitor.
2019/04/23 14:50:14.752706 [1;35m[INF][m GID 1, 7. Start servers.
2019/04/23 14:50:14.752727 [1;35m[INF][m GID 1, 8. Start check and remove cross chain transactions from db.
2019/04/23 14:50:14.752747 [1;35m[INF][m GID 1, 9. Start side chain account divide.
2019/04/23 14:50:14.753198 [1;35m[INF][m GID 90, Check and remove cross chain transactions from dbcache finished
2019/04/23 14:50:30.208644 [1;35m[INF][m GID 88, [arbitrator] Main chain height:  18
2019/04/23 14:50:32.367171 [1;35m[INF][m GID 88, [arbitrator] Main chain height:  19
2019/04/23 14:50:44.505302 [1;35m[INF][m GID 88, [arbitrator] Main chain height:  20
2019/04/23 14:50:47.088881 [1;35m[INF][m GID 41, currentHeight: 3  chainHeight: 4
2019/04/23 14:50:47.106086 [1;35m[INF][m GID 41,  [SyncSideChain] Side chain [ XKUh4GLhFJiqAMTF6HyWQrV9pK9HcGUdfJ ] height:  4
2019/04/23 14:50:54.698750 [1;35m[INF][m GID 88, [arbitrator] Main chain height:  21
2019/04/23 14:50:56.766161 [1;35m[INF][m GID 88, [arbitrator] Main chain height:  22
2019/04/23 14:50:59.916412 [1;35m[INF][m GID 88, [arbitrator] Main chain height:  23
2019/04/23 14:51:01.208140 [1;35m[INF][m GID 41, currentHeight: 4  chainHeight: 5
2019/04/23 14:51:01.218567 [1;35m[INF][m GID 41,  [SyncSideChain] Side chain [ XKUh4GLhFJiqAMTF6HyWQrV9pK9HcGUdfJ ] height:  5
2019/04/23 14:51:03.222751 [1;35m[INF][m GID 41, currentHeight: 5  chainHeight: 6
2019/04/23 14:51:03.234915 [1;35m[INF][m GID 41,  [SyncSideChain] Side chain [ XKUh4GLhFJiqAMTF6HyWQrV9pK9HcGUdfJ ] height:  6
2019/04/23 14:51:05.240724 [1;35m[INF][m GID 41, currentHeight: 6  chainHeight: 8
2019/04/23 14:51:05.241146 [1;32m[DBG][m GID 41, github.com/elastos/Elastos.ELA.Arbiter/rpc.GetWithdrawTransactionByHeight jsonrpc.go:178 [GetWithdrawTransactionByHeight] len transactions: 0 transactions: []
2019/04/23 14:51:05.248100 [1;32m[DBG][m GID 41, github.com/elastos/Elastos.ELA.Arbiter/rpc.GetWithdrawTransactionByHeight jsonrpc.go:178 [GetWithdrawTransactionByHeight] len transactions: 0 transactions: []
2019/04/23 14:51:05.255176 [1;35m[INF][m GID 41,  [SyncSideChain] Side chain [ XKUh4GLhFJiqAMTF6HyWQrV9pK9HcGUdfJ ] height:  8
2019/04/23 14:51:14.326140 [1;35m[INF][m GID 88, [arbitrator] Main chain height:  24
2019/04/23 14:51:14.753531 [1;35m[INF][m GID 90, Check and remove cross chain transactions from dbcache finished
2019/04/23 14:51:14.754083 [1;35m[INF][m GID 91, Warning side chain mining account:  EVRoEJRyyCLXuxH6A9dx6ydXKKeovns588: 0 
2019/04/23 14:51:20.379777 [1;35m[INF][m GID 41, currentHeight: 8  chainHeight: 9
2019/04/23 14:51:20.380083 [1;32m[DBG][m GID 41, github.com/elastos/Elastos.ELA.Arbiter/rpc.GetWithdrawTransactionByHeight jsonrpc.go:178 [GetWithdrawTransactionByHeight] len transactions: 0 transactions: []
2019/04/23 14:51:20.394338 [1;35m[INF][m GID 41,  [SyncSideChain] Side chain [ XKUh4GLhFJiqAMTF6HyWQrV9pK9HcGUdfJ ] height:  9
2019/04/23 14:51:20.438611 [1;35m[INF][m GID 88, [arbitrator] Main chain height:  25
2019/04/23 14:51:23.476319 [1;35m[INF][m GID 88, [arbitrator] Main chain height:  26
2019/04/23 14:51:25.572606 [1;35m[INF][m GID 88, [arbitrator] Main chain height:  27
2019/04/23 14:51:31.732781 [1;35m[INF][m GID 88, [arbitrator] Main chain height:  28
2019/04/23 14:51:36.989810 [1;35m[INF][m GID 88, [arbitrator] Main chain height:  29
2019/04/23 14:51:38.670394 [1;35m[INF][m GID 41, currentHeight: 9  chainHeight: 10
2019/04/23 14:51:38.678832 [1;32m[DBG][m GID 41, github.com/elastos/Elastos.ELA.Arbiter/rpc.GetWithdrawTransactionByHeight jsonrpc.go:178 [GetWithdrawTransactionByHeight] len transactions: 0 transactions: []
2019/04/23 14:51:38.685170 [1;35m[INF][m GID 41,  [SyncSideChain] Side chain [ XKUh4GLhFJiqAMTF6HyWQrV9pK9HcGUdfJ ] height:  10
2019/04/23 14:51:39.034114 [1;35m[INF][m GID 88, [arbitrator] Main chain height:  30
2019/04/23 14:51:41.049850 [1;35m[INF][m GID 88, [arbitrator] Main chain height:  31
2019/04/23 14:51:45.096002 [1;35m[INF][m GID 88, [arbitrator] Main chain height:  32
2019/04/23 14:51:46.192023 [1;35m[INF][m GID 88, [arbitrator] Main chain height:  33
2019/04/23 14:51:48.238890 [1;35m[INF][m GID 88, [arbitrator] Main chain height:  34
2019/04/23 14:51:50.875272 [1;35m[INF][m GID 41, currentHeight: 10  chainHeight: 11
2019/04/23 14:51:50.875549 [1;32m[DBG][m GID 41, github.com/elastos/Elastos.ELA.Arbiter/rpc.GetWithdrawTransactionByHeight jsonrpc.go:178 [GetWithdrawTransactionByHeight] len transactions: 0 transactions: []
2019/04/23 14:51:50.888596 [1;35m[INF][m GID 41,  [SyncSideChain] Side chain [ XKUh4GLhFJiqAMTF6HyWQrV9pK9HcGUdfJ ] height:  11
2019/04/23 14:51:51.296726 [1;35m[INF][m GID 88, [arbitrator] Main chain height:  35
2019/04/23 14:51:56.386935 [1;35m[INF][m GID 88, [arbitrator] Main chain height:  36
2019/04/23 14:51:59.462729 [1;35m[INF][m GID 88, [arbitrator] Main chain height:  37
2019/04/23 14:52:02.480481 [1;35m[INF][m GID 88, [arbitrator] Main chain height:  39
2019/04/23 14:52:06.113657 [1;35m[INF][m GID 41, currentHeight: 11  chainHeight: 12
2019/04/23 14:52:06.113966 [1;32m[DBG][m GID 41, github.com/elastos/Elastos.ELA.Arbiter/rpc.GetWithdrawTransactionByHeight jsonrpc.go:178 [GetWithdrawTransactionByHeight] len transactions: 0 transactions: []
2019/04/23 14:52:06.121828 [1;35m[INF][m GID 41,  [SyncSideChain] Side chain [ XKUh4GLhFJiqAMTF6HyWQrV9pK9HcGUdfJ ] height:  12
2019/04/23 14:52:14.755785 [1;35m[INF][m GID 90, Check and remove cross chain transactions from dbcache finished
2019/04/23 14:52:14.756510 [1;35m[INF][m GID 91, Warning side chain mining account:  EVRoEJRyyCLXuxH6A9dx6ydXKKeovns588: 0 
2019/04/23 14:52:14.765433 [1;35m[INF][m GID 88, [arbitrator] Main chain height:  40
2019/04/23 14:52:26.481452 [1;35m[INF][m GID 41, currentHeight: 12  chainHeight: 13
2019/04/23 14:52:26.481885 [1;32m[DBG][m GID 41, github.com/elastos/Elastos.ELA.Arbiter/rpc.GetWithdrawTransactionByHeight jsonrpc.go:178 [GetWithdrawTransactionByHeight] len transactions: 0 transactions: []
2019/04/23 14:52:26.484777 [1;35m[INF][m GID 41,  [SyncSideChain] Side chain [ XKUh4GLhFJiqAMTF6HyWQrV9pK9HcGUdfJ ] height:  13
2019/04/23 14:52:31.534102 [1;35m[INF][m GID 41, currentHeight: 13  chainHeight: 14
2019/04/23 14:52:31.534346 [1;32m[DBG][m GID 41, github.com/elastos/Elastos.ELA.Arbiter/rpc.GetWithdrawTransactionByHeight jsonrpc.go:178 [GetWithdrawTransactionByHeight] len transactions: 0 transactions: []
2019/04/23 14:52:31.537075 [1;35m[INF][m GID 41,  [SyncSideChain] Side chain [ XKUh4GLhFJiqAMTF6HyWQrV9pK9HcGUdfJ ] height:  14
2019/04/23 14:52:35.422043 [1;35m[INF][m GID 88, [arbitrator] Main chain height:  41
2019/04/23 14:52:46.596547 [1;35m[INF][m GID 88, [arbitrator] Main chain height:  42
2019/04/23 14:52:55.680330 [1;35m[INF][m GID 88, [arbitrator] Main chain height:  43
2019/04/23 14:52:59.701565 [1;35m[INF][m GID 88, [arbitrator] Main chain height:  44
2019/04/23 14:53:01.805139 [1;35m[INF][m GID 88, [arbitrator] Main chain height:  45
2019/04/23 14:53:07.012637 [1;35m[INF][m GID 41, currentHeight: 14  chainHeight: 15
2019/04/23 14:53:07.014278 [1;32m[DBG][m GID 41, github.com/elastos/Elastos.ELA.Arbiter/rpc.GetWithdrawTransactionByHeight jsonrpc.go:178 [GetWithdrawTransactionByHeight] len transactions: 0 transactions: []
2019/04/23 14:53:07.041753 [1;35m[INF][m GID 41,  [SyncSideChain] Side chain [ XKUh4GLhFJiqAMTF6HyWQrV9pK9HcGUdfJ ] height:  15
2019/04/23 14:53:09.000198 [1;35m[INF][m GID 88, [arbitrator] Main chain height:  46
2019/04/23 14:53:10.045429 [1;35m[INF][m GID 41, currentHeight: 15  chainHeight: 16
2019/04/23 14:53:10.045690 [1;32m[DBG][m GID 41, github.com/elastos/Elastos.ELA.Arbiter/rpc.GetWithdrawTransactionByHeight jsonrpc.go:178 [GetWithdrawTransactionByHeight] len transactions: 0 transactions: []
2019/04/23 14:53:10.048502 [1;35m[INF][m GID 41,  [SyncSideChain] Side chain [ XKUh4GLhFJiqAMTF6HyWQrV9pK9HcGUdfJ ] height:  16
2019/04/23 14:53:13.163529 [1;35m[INF][m GID 88, [arbitrator] Main chain height:  47
2019/04/23 14:53:14.756799 [1;35m[INF][m GID 90, Check and remove cross chain transactions from dbcache finished
2019/04/23 14:53:14.760997 [1;35m[INF][m GID 91, Warning side chain mining account:  EVRoEJRyyCLXuxH6A9dx6ydXKKeovns588: 0 
2019/04/23 14:53:19.083414 [1;35m[INF][m GID 41, currentHeight: 16  chainHeight: 17
2019/04/23 14:53:19.088211 [1;32m[DBG][m GID 41, github.com/elastos/Elastos.ELA.Arbiter/rpc.GetWithdrawTransactionByHeight jsonrpc.go:178 [GetWithdrawTransactionByHeight] len transactions: 0 transactions: []
2019/04/23 14:53:19.098740 [1;35m[INF][m GID 41,  [SyncSideChain] Side chain [ XKUh4GLhFJiqAMTF6HyWQrV9pK9HcGUdfJ ] height:  17
2019/04/23 14:53:20.342162 [1;35m[INF][m GID 88, [arbitrator] Main chain height:  48
2019/04/23 14:53:33.539555 [1;35m[INF][m GID 88, [arbitrator] Main chain height:  49
2019/04/23 14:53:35.606687 [1;35m[INF][m GID 88, [arbitrator] Main chain height:  50
2019/04/23 14:53:41.735551 [1;35m[INF][m GID 88, [arbitrator] Main chain height:  51
2019/04/23 14:53:46.406497 [1;35m[INF][m GID 41, currentHeight: 17  chainHeight: 18
2019/04/23 14:53:46.406909 [1;32m[DBG][m GID 41, github.com/elastos/Elastos.ELA.Arbiter/rpc.GetWithdrawTransactionByHeight jsonrpc.go:178 [GetWithdrawTransactionByHeight] len transactions: 0 transactions: []
2019/04/23 14:53:46.410581 [1;35m[INF][m GID 41,  [SyncSideChain] Side chain [ XKUh4GLhFJiqAMTF6HyWQrV9pK9HcGUdfJ ] height:  18
2019/04/23 14:53:46.954891 [1;35m[INF][m GID 88, [arbitrator] Main chain height:  52
2019/04/23 14:53:50.136746 [1;35m[INF][m GID 88, [arbitrator] Main chain height:  53
2019/04/23 14:53:54.182379 [1;35m[INF][m GID 88, [arbitrator] Main chain height:  54
2019/04/23 14:53:57.515822 [1;35m[INF][m GID 41, currentHeight: 18  chainHeight: 19
2019/04/23 14:53:57.518768 [1;32m[DBG][m GID 41, github.com/elastos/Elastos.ELA.Arbiter/rpc.GetWithdrawTransactionByHeight jsonrpc.go:178 [GetWithdrawTransactionByHeight] len transactions: 0 transactions: []
2019/04/23 14:53:57.522231 [1;35m[INF][m GID 41,  [SyncSideChain] Side chain [ XKUh4GLhFJiqAMTF6HyWQrV9pK9HcGUdfJ ] height:  19
2019/04/23 14:53:59.323077 [1;35m[INF][m GID 88, [arbitrator] Main chain height:  55
2019/04/23 14:54:04.417129 [1;35m[INF][m GID 88, [arbitrator] Main chain height:  56
2019/04/23 14:54:05.463110 [1;35m[INF][m GID 88, [arbitrator] Main chain height:  57
2019/04/23 14:54:05.633058 [1;35m[INF][m GID 41, currentHeight: 19  chainHeight: 20
2019/04/23 14:54:05.633347 [1;32m[DBG][m GID 41, github.com/elastos/Elastos.ELA.Arbiter/rpc.GetWithdrawTransactionByHeight jsonrpc.go:178 [GetWithdrawTransactionByHeight] len transactions: 0 transactions: []
2019/04/23 14:54:05.635937 [1;35m[INF][m GID 41,  [SyncSideChain] Side chain [ XKUh4GLhFJiqAMTF6HyWQrV9pK9HcGUdfJ ] height:  20
2019/04/23 14:54:12.535039 [1;35m[INF][m GID 88, [arbitrator] Main chain height:  58
2019/04/23 14:54:14.765662 [1;35m[INF][m GID 90, Check and remove cross chain transactions from dbcache finished
2019/04/23 14:54:14.790334 [1;35m[INF][m GID 91, Warning side chain mining account:  EVRoEJRyyCLXuxH6A9dx6ydXKKeovns588: 0 
2019/04/23 14:54:17.785120 [1;35m[INF][m GID 41, currentHeight: 20  chainHeight: 21
2019/04/23 14:54:17.793656 [1;32m[DBG][m GID 41, github.com/elastos/Elastos.ELA.Arbiter/rpc.GetWithdrawTransactionByHeight jsonrpc.go:178 [GetWithdrawTransactionByHeight] len transactions: 0 transactions: []
2019/04/23 14:54:17.804925 [1;35m[INF][m GID 41,  [SyncSideChain] Side chain [ XKUh4GLhFJiqAMTF6HyWQrV9pK9HcGUdfJ ] height:  21
2019/04/23 14:54:27.878886 [1;35m[INF][m GID 41, currentHeight: 21  chainHeight: 22
2019/04/23 14:54:27.879141 [1;32m[DBG][m GID 41, github.com/elastos/Elastos.ELA.Arbiter/rpc.GetWithdrawTransactionByHeight jsonrpc.go:178 [GetWithdrawTransactionByHeight] len transactions: 0 transactions: []
2019/04/23 14:54:27.897240 [1;35m[INF][m GID 41,  [SyncSideChain] Side chain [ XKUh4GLhFJiqAMTF6HyWQrV9pK9HcGUdfJ ] height:  22
2019/04/23 14:54:32.877265 [1;35m[INF][m GID 88, [arbitrator] Main chain height:  59
2019/04/23 14:54:34.916350 [1;35m[INF][m GID 41, currentHeight: 22  chainHeight: 23
2019/04/23 14:54:34.916639 [1;32m[DBG][m GID 41, github.com/elastos/Elastos.ELA.Arbiter/rpc.GetWithdrawTransactionByHeight jsonrpc.go:178 [GetWithdrawTransactionByHeight] len transactions: 0 transactions: []
2019/04/23 14:54:34.937144 [1;35m[INF][m GID 41,  [SyncSideChain] Side chain [ XKUh4GLhFJiqAMTF6HyWQrV9pK9HcGUdfJ ] height:  23
2019/04/23 14:54:36.947575 [1;35m[INF][m GID 41, currentHeight: 23  chainHeight: 24
2019/04/23 14:54:36.951176 [1;32m[DBG][m GID 41, github.com/elastos/Elastos.ELA.Arbiter/rpc.GetWithdrawTransactionByHeight jsonrpc.go:178 [GetWithdrawTransactionByHeight] len transactions: 0 transactions: []
2019/04/23 14:54:36.960163 [1;35m[INF][m GID 41,  [SyncSideChain] Side chain [ XKUh4GLhFJiqAMTF6HyWQrV9pK9HcGUdfJ ] height:  24
2019/04/23 14:54:36.974997 [1;35m[INF][m GID 88, [arbitrator] Main chain height:  60
2019/04/23 14:54:42.034074 [1;35m[INF][m GID 88, [arbitrator] Main chain height:  61
2019/04/23 14:54:48.207632 [1;35m[INF][m GID 88, [arbitrator] Main chain height:  62
2019/04/23 14:54:57.300762 [1;35m[INF][m GID 88, [arbitrator] Main chain height:  63
2019/04/23 14:54:58.674258 [1;35m[INF][m GID 88, [arbitrator] Main chain height:  64
2019/04/23 14:55:00.243828 [1;35m[INF][m GID 41, currentHeight: 24  chainHeight: 25
2019/04/23 14:55:00.250131 [1;32m[DBG][m GID 41, github.com/elastos/Elastos.ELA.Arbiter/rpc.GetWithdrawTransactionByHeight jsonrpc.go:178 [GetWithdrawTransactionByHeight] len transactions: 0 transactions: []
2019/04/23 14:55:00.263539 [1;35m[INF][m GID 41,  [SyncSideChain] Side chain [ XKUh4GLhFJiqAMTF6HyWQrV9pK9HcGUdfJ ] height:  25
2019/04/23 14:55:04.887318 [1;35m[INF][m GID 88, [arbitrator] Main chain height:  65
2019/04/23 14:55:14.766793 [1;35m[INF][m GID 90, Check and remove cross chain transactions from dbcache finished
2019/04/23 14:55:14.823642 [1;35m[INF][m GID 91, Warning side chain mining account:  EVRoEJRyyCLXuxH6A9dx6ydXKKeovns588: 0 
2019/04/23 14:55:14.988279 [1;35m[INF][m GID 88, [arbitrator] Main chain height:  66
2019/04/23 14:55:15.674256 [1;35m[INF][m GID 41, currentHeight: 25  chainHeight: 26
2019/04/23 14:55:15.674534 [1;32m[DBG][m GID 41, github.com/elastos/Elastos.ELA.Arbiter/rpc.GetWithdrawTransactionByHeight jsonrpc.go:178 [GetWithdrawTransactionByHeight] len transactions: 0 transactions: []
2019/04/23 14:55:15.678753 [1;35m[INF][m GID 41,  [SyncSideChain] Side chain [ XKUh4GLhFJiqAMTF6HyWQrV9pK9HcGUdfJ ] height:  26
2019/04/23 14:55:19.050112 [1;35m[INF][m GID 88, [arbitrator] Main chain height:  67
2019/04/23 14:55:21.072581 [1;35m[INF][m GID 88, [arbitrator] Main chain height:  68
2019/04/23 14:55:24.118414 [1;35m[INF][m GID 88, [arbitrator] Main chain height:  69
2019/04/23 14:55:26.146414 [1;35m[INF][m GID 88, [arbitrator] Main chain height:  70
2019/04/23 14:55:29.221491 [1;35m[INF][m GID 88, [arbitrator] Main chain height:  71
2019/04/23 14:55:31.840141 [1;35m[INF][m GID 41, currentHeight: 26  chainHeight: 27
2019/04/23 14:55:31.841460 [1;32m[DBG][m GID 41, github.com/elastos/Elastos.ELA.Arbiter/rpc.GetWithdrawTransactionByHeight jsonrpc.go:178 [GetWithdrawTransactionByHeight] len transactions: 0 transactions: []
2019/04/23 14:55:31.853795 [1;35m[INF][m GID 41,  [SyncSideChain] Side chain [ XKUh4GLhFJiqAMTF6HyWQrV9pK9HcGUdfJ ] height:  27
2019/04/23 14:55:44.452411 [1;35m[INF][m GID 88, [arbitrator] Main chain height:  72
2019/04/23 14:55:47.514175 [1;35m[INF][m GID 88, [arbitrator] Main chain height:  73
2019/04/23 14:56:00.695798 [1;35m[INF][m GID 88, [arbitrator] Main chain height:  74
2019/04/23 14:56:04.802039 [1;35m[INF][m GID 88, [arbitrator] Main chain height:  75
2019/04/23 14:56:07.218560 [1;35m[INF][m GID 41, currentHeight: 27  chainHeight: 29
2019/04/23 14:56:07.218961 [1;32m[DBG][m GID 41, github.com/elastos/Elastos.ELA.Arbiter/rpc.GetWithdrawTransactionByHeight jsonrpc.go:178 [GetWithdrawTransactionByHeight] len transactions: 0 transactions: []
2019/04/23 14:56:07.219681 [1;32m[DBG][m GID 41, github.com/elastos/Elastos.ELA.Arbiter/rpc.GetWithdrawTransactionByHeight jsonrpc.go:178 [GetWithdrawTransactionByHeight] len transactions: 0 transactions: []
2019/04/23 14:56:07.234710 [1;35m[INF][m GID 41,  [SyncSideChain] Side chain [ XKUh4GLhFJiqAMTF6HyWQrV9pK9HcGUdfJ ] height:  29
2019/04/23 14:56:07.912656 [1;35m[INF][m GID 88, [arbitrator] Main chain height:  76
2019/04/23 14:56:10.945710 [1;35m[INF][m GID 88, [arbitrator] Main chain height:  77
2019/04/23 14:56:14.262448 [1;35m[INF][m GID 41, currentHeight: 29  chainHeight: 30
2019/04/23 14:56:14.262888 [1;32m[DBG][m GID 41, github.com/elastos/Elastos.ELA.Arbiter/rpc.GetWithdrawTransactionByHeight jsonrpc.go:178 [GetWithdrawTransactionByHeight] len transactions: 0 transactions: []
2019/04/23 14:56:14.281660 [1;35m[INF][m GID 41,  [SyncSideChain] Side chain [ XKUh4GLhFJiqAMTF6HyWQrV9pK9HcGUdfJ ] height:  30
2019/04/23 14:56:14.767526 [1;35m[INF][m GID 90, Check and remove cross chain transactions from dbcache finished
2019/04/23 14:56:14.864311 [1;35m[INF][m GID 91, Warning side chain mining account:  EVRoEJRyyCLXuxH6A9dx6ydXKKeovns588: 0 
2019/04/23 14:56:16.078489 [1;35m[INF][m GID 88, [arbitrator] Main chain height:  78
2019/04/23 14:56:16.285941 [1;35m[INF][m GID 41, currentHeight: 30  chainHeight: 31
2019/04/23 14:56:16.286226 [1;32m[DBG][m GID 41, github.com/elastos/Elastos.ELA.Arbiter/rpc.GetWithdrawTransactionByHeight jsonrpc.go:178 [GetWithdrawTransactionByHeight] len transactions: 0 transactions: []
2019/04/23 14:56:16.288886 [1;35m[INF][m GID 41,  [SyncSideChain] Side chain [ XKUh4GLhFJiqAMTF6HyWQrV9pK9HcGUdfJ ] height:  31
2019/04/23 14:56:20.140562 [1;35m[INF][m GID 88, [arbitrator] Main chain height:  79
2019/04/23 14:56:23.216219 [1;35m[INF][m GID 88, [arbitrator] Main chain height:  80
2019/04/23 14:56:26.321947 [1;35m[INF][m GID 41, currentHeight: 31  chainHeight: 32
2019/04/23 14:56:26.345603 [1;32m[DBG][m GID 41, github.com/elastos/Elastos.ELA.Arbiter/rpc.GetWithdrawTransactionByHeight jsonrpc.go:178 [GetWithdrawTransactionByHeight] len transactions: 0 transactions: []
2019/04/23 14:56:26.349607 [1;35m[INF][m GID 41,  [SyncSideChain] Side chain [ XKUh4GLhFJiqAMTF6HyWQrV9pK9HcGUdfJ ] height:  32
2019/04/23 14:56:33.403170 [1;35m[INF][m GID 41, currentHeight: 32  chainHeight: 33
2019/04/23 14:56:33.403405 [1;32m[DBG][m GID 41, github.com/elastos/Elastos.ELA.Arbiter/rpc.GetWithdrawTransactionByHeight jsonrpc.go:178 [GetWithdrawTransactionByHeight] len transactions: 0 transactions: []
2019/04/23 14:56:33.414088 [1;35m[INF][m GID 41,  [SyncSideChain] Side chain [ XKUh4GLhFJiqAMTF6HyWQrV9pK9HcGUdfJ ] height:  33
2019/04/23 14:56:41.499781 [1;35m[INF][m GID 41, currentHeight: 33  chainHeight: 34
2019/04/23 14:56:41.500066 [1;32m[DBG][m GID 41, github.com/elastos/Elastos.ELA.Arbiter/rpc.GetWithdrawTransactionByHeight jsonrpc.go:178 [GetWithdrawTransactionByHeight] len transactions: 0 transactions: []
2019/04/23 14:56:41.512530 [1;35m[INF][m GID 41,  [SyncSideChain] Side chain [ XKUh4GLhFJiqAMTF6HyWQrV9pK9HcGUdfJ ] height:  34
2019/04/23 14:56:43.441297 [1;35m[INF][m GID 88, [arbitrator] Main chain height:  81
2019/04/23 14:56:45.529179 [1;35m[INF][m GID 41, currentHeight: 34  chainHeight: 35
2019/04/23 14:56:45.548219 [1;32m[DBG][m GID 41, github.com/elastos/Elastos.ELA.Arbiter/rpc.GetWithdrawTransactionByHeight jsonrpc.go:178 [GetWithdrawTransactionByHeight] len transactions: 0 transactions: []
2019/04/23 14:56:45.588717 [1;35m[INF][m GID 41,  [SyncSideChain] Side chain [ XKUh4GLhFJiqAMTF6HyWQrV9pK9HcGUdfJ ] height:  35
2019/04/23 14:56:48.604840 [1;35m[INF][m GID 88, [arbitrator] Main chain height:  82
2019/04/23 14:56:51.658505 [1;35m[INF][m GID 88, [arbitrator] Main chain height:  83
2019/04/23 14:56:54.681324 [1;35m[INF][m GID 41, currentHeight: 35  chainHeight: 36
2019/04/23 14:56:54.681571 [1;32m[DBG][m GID 41, github.com/elastos/Elastos.ELA.Arbiter/rpc.GetWithdrawTransactionByHeight jsonrpc.go:178 [GetWithdrawTransactionByHeight] len transactions: 0 transactions: []
2019/04/23 14:56:54.684500 [1;35m[INF][m GID 41,  [SyncSideChain] Side chain [ XKUh4GLhFJiqAMTF6HyWQrV9pK9HcGUdfJ ] height:  36
2019/04/23 14:56:56.730735 [1;35m[INF][m GID 88, [arbitrator] Main chain height:  84
2019/04/23 14:57:02.000027 [1;35m[INF][m GID 88, [arbitrator] Main chain height:  86
2019/04/23 14:57:06.098250 [1;35m[INF][m GID 88, [arbitrator] Main chain height:  87
2019/04/23 14:57:14.769976 [1;35m[INF][m GID 90, Check and remove cross chain transactions from dbcache finished
2019/04/23 14:57:14.886457 [1;35m[INF][m GID 91, Warning side chain mining account:  EVRoEJRyyCLXuxH6A9dx6ydXKKeovns588: 0 
2019/04/23 14:57:15.867471 [1;35m[INF][m GID 41, currentHeight: 36  chainHeight: 37
2019/04/23 14:57:15.880826 [1;32m[DBG][m GID 41, github.com/elastos/Elastos.ELA.Arbiter/rpc.GetWithdrawTransactionByHeight jsonrpc.go:178 [GetWithdrawTransactionByHeight] len transactions: 0 transactions: []
2019/04/23 14:57:15.884131 [1;35m[INF][m GID 41,  [SyncSideChain] Side chain [ XKUh4GLhFJiqAMTF6HyWQrV9pK9HcGUdfJ ] height:  37
2019/04/23 14:57:17.301179 [1;35m[INF][m GID 88, [arbitrator] Main chain height:  88
2019/04/23 14:57:18.887652 [1;35m[INF][m GID 41, currentHeight: 37  chainHeight: 38
2019/04/23 14:57:18.888331 [1;32m[DBG][m GID 41, github.com/elastos/Elastos.ELA.Arbiter/rpc.GetWithdrawTransactionByHeight jsonrpc.go:178 [GetWithdrawTransactionByHeight] len transactions: 0 transactions: []
2019/04/23 14:57:18.893713 [1;35m[INF][m GID 41,  [SyncSideChain] Side chain [ XKUh4GLhFJiqAMTF6HyWQrV9pK9HcGUdfJ ] height:  38
2019/04/23 14:57:23.449949 [1;35m[INF][m GID 88, [arbitrator] Main chain height:  90
2019/04/23 14:57:27.959263 [1;35m[INF][m GID 41, currentHeight: 38  chainHeight: 39
2019/04/23 14:57:27.997008 [1;32m[DBG][m GID 41, github.com/elastos/Elastos.ELA.Arbiter/rpc.GetWithdrawTransactionByHeight jsonrpc.go:178 [GetWithdrawTransactionByHeight] len transactions: 0 transactions: []
2019/04/23 14:57:28.013075 [1;35m[INF][m GID 41,  [SyncSideChain] Side chain [ XKUh4GLhFJiqAMTF6HyWQrV9pK9HcGUdfJ ] height:  39
2019/04/23 14:57:28.631151 [1;35m[INF][m GID 88, [arbitrator] Main chain height:  91
2019/04/23 14:57:35.814599 [1;35m[INF][m GID 88, [arbitrator] Main chain height:  92
2019/04/23 14:57:38.107017 [1;35m[INF][m GID 41, currentHeight: 39  chainHeight: 40
2019/04/23 14:57:38.107449 [1;32m[DBG][m GID 41, github.com/elastos/Elastos.ELA.Arbiter/rpc.GetWithdrawTransactionByHeight jsonrpc.go:178 [GetWithdrawTransactionByHeight] len transactions: 0 transactions: []
2019/04/23 14:57:38.137185 [1;35m[INF][m GID 41,  [SyncSideChain] Side chain [ XKUh4GLhFJiqAMTF6HyWQrV9pK9HcGUdfJ ] height:  40
2019/04/23 14:57:41.973407 [1;35m[INF][m GID 88, [arbitrator] Main chain height:  93
2019/04/23 14:57:42.164470 [1;35m[INF][m GID 41, currentHeight: 40  chainHeight: 41
2019/04/23 14:57:42.189314 [1;32m[DBG][m GID 41, github.com/elastos/Elastos.ELA.Arbiter/rpc.GetWithdrawTransactionByHeight jsonrpc.go:178 [GetWithdrawTransactionByHeight] len transactions: 0 transactions: []
2019/04/23 14:57:42.203017 [1;35m[INF][m GID 41,  [SyncSideChain] Side chain [ XKUh4GLhFJiqAMTF6HyWQrV9pK9HcGUdfJ ] height:  41
2019/04/23 14:57:45.226078 [1;35m[INF][m GID 41, currentHeight: 41  chainHeight: 42
2019/04/23 14:57:45.263809 [1;32m[DBG][m GID 41, github.com/elastos/Elastos.ELA.Arbiter/rpc.GetWithdrawTransactionByHeight jsonrpc.go:178 [GetWithdrawTransactionByHeight] len transactions: 0 transactions: []
2019/04/23 14:57:45.285042 [1;35m[INF][m GID 41,  [SyncSideChain] Side chain [ XKUh4GLhFJiqAMTF6HyWQrV9pK9HcGUdfJ ] height:  42
2019/04/23 14:57:52.114100 [1;35m[INF][m GID 88, [arbitrator] Main chain height:  94
2019/04/23 14:57:52.356650 [1;35m[INF][m GID 41, currentHeight: 42  chainHeight: 43
2019/04/23 14:57:52.374087 [1;32m[DBG][m GID 41, github.com/elastos/Elastos.ELA.Arbiter/rpc.GetWithdrawTransactionByHeight jsonrpc.go:178 [GetWithdrawTransactionByHeight] len transactions: 0 transactions: []
2019/04/23 14:57:52.377087 [1;35m[INF][m GID 41,  [SyncSideChain] Side chain [ XKUh4GLhFJiqAMTF6HyWQrV9pK9HcGUdfJ ] height:  43
2019/04/23 14:57:57.239382 [1;35m[INF][m GID 88, [arbitrator] Main chain height:  95
2019/04/23 14:58:05.338870 [1;35m[INF][m GID 88, [arbitrator] Main chain height:  96
2019/04/23 14:58:10.527201 [1;35m[INF][m GID 41, currentHeight: 43  chainHeight: 44
2019/04/23 14:58:10.543175 [1;32m[DBG][m GID 41, github.com/elastos/Elastos.ELA.Arbiter/rpc.GetWithdrawTransactionByHeight jsonrpc.go:178 [GetWithdrawTransactionByHeight] len transactions: 0 transactions: []
2019/04/23 14:58:10.562563 [1;35m[INF][m GID 41,  [SyncSideChain] Side chain [ XKUh4GLhFJiqAMTF6HyWQrV9pK9HcGUdfJ ] height:  44
2019/04/23 14:58:11.405966 [1;35m[INF][m GID 88, [arbitrator] Main chain height:  97
2019/04/23 14:58:14.771086 [1;35m[INF][m GID 90, Check and remove cross chain transactions from dbcache finished
2019/04/23 14:58:15.017756 [1;35m[INF][m GID 91, Warning side chain mining account:  EVRoEJRyyCLXuxH6A9dx6ydXKKeovns588: 0 
2019/04/23 14:58:15.620184 [1;35m[INF][m GID 41, currentHeight: 44  chainHeight: 45
2019/04/23 14:58:15.625273 [1;32m[DBG][m GID 41, github.com/elastos/Elastos.ELA.Arbiter/rpc.GetWithdrawTransactionByHeight jsonrpc.go:178 [GetWithdrawTransactionByHeight] len transactions: 0 transactions: []
2019/04/23 14:58:15.629760 [1;35m[INF][m GID 41,  [SyncSideChain] Side chain [ XKUh4GLhFJiqAMTF6HyWQrV9pK9HcGUdfJ ] height:  45
2019/04/23 14:58:23.512609 [1;35m[INF][m GID 88, [arbitrator] Main chain height:  98
2019/04/23 14:58:26.604558 [1;35m[INF][m GID 88, [arbitrator] Main chain height:  99
2019/04/23 14:58:27.905357 [1;35m[INF][m GID 41, currentHeight: 45  chainHeight: 46
2019/04/23 14:58:27.905680 [1;32m[DBG][m GID 41, github.com/elastos/Elastos.ELA.Arbiter/rpc.GetWithdrawTransactionByHeight jsonrpc.go:178 [GetWithdrawTransactionByHeight] len transactions: 0 transactions: []
2019/04/23 14:58:27.908947 [1;35m[INF][m GID 41,  [SyncSideChain] Side chain [ XKUh4GLhFJiqAMTF6HyWQrV9pK9HcGUdfJ ] height:  46
2019/04/23 14:58:32.753943 [1;35m[INF][m GID 88, [arbitrator] Main chain height:  100
2019/04/23 14:58:35.961599 [1;35m[INF][m GID 41, currentHeight: 46  chainHeight: 47
2019/04/23 14:58:35.976135 [1;32m[DBG][m GID 41, github.com/elastos/Elastos.ELA.Arbiter/rpc.GetWithdrawTransactionByHeight jsonrpc.go:178 [GetWithdrawTransactionByHeight] len transactions: 0 transactions: []
2019/04/23 14:58:35.989151 [1;35m[INF][m GID 41,  [SyncSideChain] Side chain [ XKUh4GLhFJiqAMTF6HyWQrV9pK9HcGUdfJ ] height:  47
2019/04/23 14:58:36.827570 [1;35m[INF][m GID 88, [arbitrator] Main chain height:  101
2019/04/23 14:58:40.997058 [1;35m[INF][m GID 41, currentHeight: 47  chainHeight: 48
2019/04/23 14:58:40.997465 [1;32m[DBG][m GID 41, github.com/elastos/Elastos.ELA.Arbiter/rpc.GetWithdrawTransactionByHeight jsonrpc.go:178 [GetWithdrawTransactionByHeight] len transactions: 0 transactions: []
2019/04/23 14:58:41.000327 [1;35m[INF][m GID 41,  [SyncSideChain] Side chain [ XKUh4GLhFJiqAMTF6HyWQrV9pK9HcGUdfJ ] height:  48
2019/04/23 14:58:45.990479 [1;35m[INF][m GID 88, [arbitrator] Main chain height:  102
2019/04/23 14:58:48.066744 [1;35m[INF][m GID 41, currentHeight: 48  chainHeight: 49
2019/04/23 14:58:48.068274 [1;32m[DBG][m GID 41, github.com/elastos/Elastos.ELA.Arbiter/rpc.GetWithdrawTransactionByHeight jsonrpc.go:178 [GetWithdrawTransactionByHeight] len transactions: 0 transactions: []
2019/04/23 14:58:48.084770 [1;35m[INF][m GID 41,  [SyncSideChain] Side chain [ XKUh4GLhFJiqAMTF6HyWQrV9pK9HcGUdfJ ] height:  49
2019/04/23 14:58:51.196403 [1;35m[INF][m GID 88, [arbitrator] Main chain height:  103
2019/04/23 14:58:53.165157 [1;35m[INF][m GID 41, currentHeight: 49  chainHeight: 50
2019/04/23 14:58:53.165903 [1;32m[DBG][m GID 41, github.com/elastos/Elastos.ELA.Arbiter/rpc.GetWithdrawTransactionByHeight jsonrpc.go:178 [GetWithdrawTransactionByHeight] len transactions: 0 transactions: []
2019/04/23 14:58:53.177804 [1;35m[INF][m GID 41,  [SyncSideChain] Side chain [ XKUh4GLhFJiqAMTF6HyWQrV9pK9HcGUdfJ ] height:  50
2019/04/23 14:58:58.291391 [1;35m[INF][m GID 88, [arbitrator] Main chain height:  104
2019/04/23 14:59:06.329214 [1;35m[INF][m GID 41, currentHeight: 50  chainHeight: 51
2019/04/23 14:59:06.329440 [1;32m[DBG][m GID 41, github.com/elastos/Elastos.ELA.Arbiter/rpc.GetWithdrawTransactionByHeight jsonrpc.go:178 [GetWithdrawTransactionByHeight] len transactions: 0 transactions: []
2019/04/23 14:59:06.333506 [1;35m[INF][m GID 41,  [SyncSideChain] Side chain [ XKUh4GLhFJiqAMTF6HyWQrV9pK9HcGUdfJ ] height:  51
2019/04/23 14:59:06.447869 [1;35m[INF][m GID 88, [arbitrator] Main chain height:  105
2019/04/23 14:59:11.588388 [1;35m[INF][m GID 88, [arbitrator] Main chain height:  106
2019/04/23 14:59:14.771535 [1;35m[INF][m GID 90, Check and remove cross chain transactions from dbcache finished
2019/04/23 14:59:15.019892 [1;35m[INF][m GID 91, Warning side chain mining account:  EVRoEJRyyCLXuxH6A9dx6ydXKKeovns588: 0 
2019/04/23 14:59:17.754397 [1;35m[INF][m GID 88, [arbitrator] Main chain height:  107
2019/04/23 14:59:19.475460 [1;35m[INF][m GID 41, currentHeight: 51  chainHeight: 52
2019/04/23 14:59:19.499350 [1;32m[DBG][m GID 41, github.com/elastos/Elastos.ELA.Arbiter/rpc.GetWithdrawTransactionByHeight jsonrpc.go:178 [GetWithdrawTransactionByHeight] len transactions: 0 transactions: []
2019/04/23 14:59:19.506894 [1;35m[INF][m GID 41,  [SyncSideChain] Side chain [ XKUh4GLhFJiqAMTF6HyWQrV9pK9HcGUdfJ ] height:  52
2019/04/23 14:59:31.254891 [1;35m[INF][m GID 88, [arbitrator] Main chain height:  108
2019/04/23 14:59:33.672577 [1;35m[INF][m GID 41, currentHeight: 52  chainHeight: 53
2019/04/23 14:59:33.687006 [1;32m[DBG][m GID 41, github.com/elastos/Elastos.ELA.Arbiter/rpc.GetWithdrawTransactionByHeight jsonrpc.go:178 [GetWithdrawTransactionByHeight] len transactions: 0 transactions: []
2019/04/23 14:59:33.690397 [1;35m[INF][m GID 41,  [SyncSideChain] Side chain [ XKUh4GLhFJiqAMTF6HyWQrV9pK9HcGUdfJ ] height:  53
2019/04/23 14:59:39.707358 [1;35m[INF][m GID 41, currentHeight: 53  chainHeight: 54
2019/04/23 14:59:39.766012 [1;32m[DBG][m GID 41, github.com/elastos/Elastos.ELA.Arbiter/rpc.GetWithdrawTransactionByHeight jsonrpc.go:178 [GetWithdrawTransactionByHeight] len transactions: 0 transactions: []
2019/04/23 14:59:39.806487 [1;35m[INF][m GID 41,  [SyncSideChain] Side chain [ XKUh4GLhFJiqAMTF6HyWQrV9pK9HcGUdfJ ] height:  54
2019/04/23 14:59:52.592364 [1;35m[INF][m GID 88, [arbitrator] Main chain height:  109
2019/04/23 14:59:56.932902 [1;35m[INF][m GID 41, currentHeight: 54  chainHeight: 55
2019/04/23 14:59:56.933281 [1;32m[DBG][m GID 41, github.com/elastos/Elastos.ELA.Arbiter/rpc.GetWithdrawTransactionByHeight jsonrpc.go:178 [GetWithdrawTransactionByHeight] len transactions: 0 transactions: []
2019/04/23 14:59:56.936461 [1;35m[INF][m GID 41,  [SyncSideChain] Side chain [ XKUh4GLhFJiqAMTF6HyWQrV9pK9HcGUdfJ ] height:  55
2019/04/23 15:00:02.896655 [1;35m[INF][m GID 88, [arbitrator] Main chain height:  110
2019/04/23 15:00:08.995957 [1;35m[INF][m GID 88, [arbitrator] Main chain height:  111
2019/04/23 15:00:14.772273 [1;35m[INF][m GID 90, Check and remove cross chain transactions from dbcache finished
2019/04/23 15:00:15.050677 [1;35m[INF][m GID 91, Warning side chain mining account:  EVRoEJRyyCLXuxH6A9dx6ydXKKeovns588: 0 
2019/04/23 15:00:22.132252 [1;35m[INF][m GID 41, currentHeight: 55  chainHeight: 56
2019/04/23 15:00:22.132535 [1;32m[DBG][m GID 41, github.com/elastos/Elastos.ELA.Arbiter/rpc.GetWithdrawTransactionByHeight jsonrpc.go:178 [GetWithdrawTransactionByHeight] len transactions: 0 transactions: []
2019/04/23 15:00:22.137703 [1;35m[INF][m GID 41,  [SyncSideChain] Side chain [ XKUh4GLhFJiqAMTF6HyWQrV9pK9HcGUdfJ ] height:  56
2019/04/23 15:00:25.292612 [1;35m[INF][m GID 88, [arbitrator] Main chain height:  112
2019/04/23 15:00:28.174056 [1;35m[INF][m GID 41, currentHeight: 56  chainHeight: 57
2019/04/23 15:00:28.174301 [1;32m[DBG][m GID 41, github.com/elastos/Elastos.ELA.Arbiter/rpc.GetWithdrawTransactionByHeight jsonrpc.go:178 [GetWithdrawTransactionByHeight] len transactions: 0 transactions: []
2019/04/23 15:00:28.182086 [1;35m[INF][m GID 41,  [SyncSideChain] Side chain [ XKUh4GLhFJiqAMTF6HyWQrV9pK9HcGUdfJ ] height:  57
2019/04/23 15:00:37.502283 [1;35m[INF][m GID 88, [arbitrator] Main chain height:  113
2019/04/23 15:00:38.224021 [1;35m[INF][m GID 41, currentHeight: 57  chainHeight: 58
2019/04/23 15:00:38.224317 [1;32m[DBG][m GID 41, github.com/elastos/Elastos.ELA.Arbiter/rpc.GetWithdrawTransactionByHeight jsonrpc.go:178 [GetWithdrawTransactionByHeight] len transactions: 0 transactions: []
2019/04/23 15:00:38.239166 [1;35m[INF][m GID 41,  [SyncSideChain] Side chain [ XKUh4GLhFJiqAMTF6HyWQrV9pK9HcGUdfJ ] height:  58
2019/04/23 15:00:40.579932 [1;35m[INF][m GID 88, [arbitrator] Main chain height:  114
2019/04/23 15:00:41.246023 [1;35m[INF][m GID 41, currentHeight: 58  chainHeight: 59
2019/04/23 15:00:41.249951 [1;32m[DBG][m GID 41, github.com/elastos/Elastos.ELA.Arbiter/rpc.GetWithdrawTransactionByHeight jsonrpc.go:178 [GetWithdrawTransactionByHeight] len transactions: 0 transactions: []
2019/04/23 15:00:41.254559 [1;35m[INF][m GID 41,  [SyncSideChain] Side chain [ XKUh4GLhFJiqAMTF6HyWQrV9pK9HcGUdfJ ] height:  59
2019/04/23 15:00:51.716653 [1;35m[INF][m GID 88, [arbitrator] Main chain height:  115
2019/04/23 15:01:03.405129 [1;35m[INF][m GID 41, currentHeight: 59  chainHeight: 60
2019/04/23 15:01:03.405486 [1;32m[DBG][m GID 41, github.com/elastos/Elastos.ELA.Arbiter/rpc.GetWithdrawTransactionByHeight jsonrpc.go:178 [GetWithdrawTransactionByHeight] len transactions: 0 transactions: []
2019/04/23 15:01:03.409406 [1;35m[INF][m GID 41,  [SyncSideChain] Side chain [ XKUh4GLhFJiqAMTF6HyWQrV9pK9HcGUdfJ ] height:  60
2019/04/23 15:01:09.062153 [1;35m[INF][m GID 88, [arbitrator] Main chain height:  116
2019/04/23 15:01:14.773210 [1;35m[INF][m GID 90, Check and remove cross chain transactions from dbcache finished
2019/04/23 15:01:15.084565 [1;35m[INF][m GID 91, Warning side chain mining account:  EVRoEJRyyCLXuxH6A9dx6ydXKKeovns588: 0 
2019/04/23 15:01:15.112798 [1;35m[INF][m GID 88, [arbitrator] Main chain height:  117
2019/04/23 15:01:19.227717 [1;35m[INF][m GID 88, [arbitrator] Main chain height:  118
2019/04/23 15:01:22.323366 [1;35m[INF][m GID 88, [arbitrator] Main chain height:  119
2019/04/23 15:01:28.428558 [1;35m[INF][m GID 88, [arbitrator] Main chain height:  120
2019/04/23 15:01:33.508248 [1;35m[INF][m GID 88, [arbitrator] Main chain height:  121
2019/04/23 15:01:36.730284 [1;35m[INF][m GID 41, currentHeight: 60  chainHeight: 61
2019/04/23 15:01:36.730877 [1;32m[DBG][m GID 41, github.com/elastos/Elastos.ELA.Arbiter/rpc.GetWithdrawTransactionByHeight jsonrpc.go:178 [GetWithdrawTransactionByHeight] len transactions: 0 transactions: []
2019/04/23 15:01:36.744131 [1;35m[INF][m GID 41,  [SyncSideChain] Side chain [ XKUh4GLhFJiqAMTF6HyWQrV9pK9HcGUdfJ ] height:  61
2019/04/23 15:01:38.582089 [1;35m[INF][m GID 88, [arbitrator] Main chain height:  122
2019/04/23 15:01:44.684885 [1;35m[INF][m GID 88, [arbitrator] Main chain height:  123
2019/04/23 15:01:47.791601 [1;35m[INF][m GID 88, [arbitrator] Main chain height:  124
2019/04/23 15:01:52.851551 [1;35m[INF][m GID 88, [arbitrator] Main chain height:  125
2019/04/23 15:01:56.081097 [1;35m[INF][m GID 41, currentHeight: 61  chainHeight: 62
2019/04/23 15:01:56.085650 [1;32m[DBG][m GID 41, github.com/elastos/Elastos.ELA.Arbiter/rpc.GetWithdrawTransactionByHeight jsonrpc.go:178 [GetWithdrawTransactionByHeight] len transactions: 0 transactions: []
2019/04/23 15:01:56.091702 [1;35m[INF][m GID 41,  [SyncSideChain] Side chain [ XKUh4GLhFJiqAMTF6HyWQrV9pK9HcGUdfJ ] height:  62
2019/04/23 15:02:02.993785 [1;35m[INF][m GID 88, [arbitrator] Main chain height:  126
2019/04/23 15:02:09.137191 [1;35m[INF][m GID 88, [arbitrator] Main chain height:  127
2019/04/23 15:02:10.281222 [1;35m[INF][m GID 41, currentHeight: 62  chainHeight: 63
2019/04/23 15:02:10.282273 [1;32m[DBG][m GID 41, github.com/elastos/Elastos.ELA.Arbiter/rpc.GetWithdrawTransactionByHeight jsonrpc.go:178 [GetWithdrawTransactionByHeight] len transactions: 0 transactions: []
2019/04/23 15:02:10.294974 [1;35m[INF][m GID 41,  [SyncSideChain] Side chain [ XKUh4GLhFJiqAMTF6HyWQrV9pK9HcGUdfJ ] height:  63
2019/04/23 15:02:13.174055 [1;35m[INF][m GID 88, [arbitrator] Main chain height:  128
2019/04/23 15:02:14.774109 [1;35m[INF][m GID 90, Check and remove cross chain transactions from dbcache finished
2019/04/23 15:02:15.096824 [1;35m[INF][m GID 91, Warning side chain mining account:  EVRoEJRyyCLXuxH6A9dx6ydXKKeovns588: 0 
2019/04/23 15:02:18.292252 [1;35m[INF][m GID 88, [arbitrator] Main chain height:  129
2019/04/23 15:02:19.485992 [1;35m[INF][m GID 41, currentHeight: 63  chainHeight: 64
2019/04/23 15:02:19.486231 [1;32m[DBG][m GID 41, github.com/elastos/Elastos.ELA.Arbiter/rpc.GetWithdrawTransactionByHeight jsonrpc.go:178 [GetWithdrawTransactionByHeight] len transactions: 0 transactions: []
2019/04/23 15:02:19.498822 [1;35m[INF][m GID 41,  [SyncSideChain] Side chain [ XKUh4GLhFJiqAMTF6HyWQrV9pK9HcGUdfJ ] height:  64
2019/04/23 15:02:20.500116 [1;35m[INF][m GID 41, currentHeight: 64  chainHeight: 65
2019/04/23 15:02:20.516496 [1;32m[DBG][m GID 41, github.com/elastos/Elastos.ELA.Arbiter/rpc.GetWithdrawTransactionByHeight jsonrpc.go:178 [GetWithdrawTransactionByHeight] len transactions: 0 transactions: []
2019/04/23 15:02:20.529242 [1;35m[INF][m GID 41,  [SyncSideChain] Side chain [ XKUh4GLhFJiqAMTF6HyWQrV9pK9HcGUdfJ ] height:  65
2019/04/23 15:02:29.621725 [1;35m[INF][m GID 41, currentHeight: 65  chainHeight: 66
2019/04/23 15:02:29.622280 [1;32m[DBG][m GID 41, github.com/elastos/Elastos.ELA.Arbiter/rpc.GetWithdrawTransactionByHeight jsonrpc.go:178 [GetWithdrawTransactionByHeight] len transactions: 0 transactions: []
2019/04/23 15:02:29.634016 [1;35m[INF][m GID 41,  [SyncSideChain] Side chain [ XKUh4GLhFJiqAMTF6HyWQrV9pK9HcGUdfJ ] height:  66
2019/04/23 15:02:34.648887 [1;35m[INF][m GID 41, currentHeight: 66  chainHeight: 67
2019/04/23 15:02:34.649410 [1;32m[DBG][m GID 41, github.com/elastos/Elastos.ELA.Arbiter/rpc.GetWithdrawTransactionByHeight jsonrpc.go:178 [GetWithdrawTransactionByHeight] len transactions: 0 transactions: []
2019/04/23 15:02:34.661683 [1;35m[INF][m GID 41,  [SyncSideChain] Side chain [ XKUh4GLhFJiqAMTF6HyWQrV9pK9HcGUdfJ ] height:  67
2019/04/23 15:02:36.646467 [1;35m[INF][m GID 88, [arbitrator] Main chain height:  130
2019/04/23 15:02:45.969590 [1;35m[INF][m GID 88, [arbitrator] Main chain height:  131
2019/04/23 15:02:48.017614 [1;35m[INF][m GID 88, [arbitrator] Main chain height:  132
2019/04/23 15:02:52.895617 [1;35m[INF][m GID 41, currentHeight: 67  chainHeight: 68
2019/04/23 15:02:52.899896 [1;32m[DBG][m GID 41, github.com/elastos/Elastos.ELA.Arbiter/rpc.GetWithdrawTransactionByHeight jsonrpc.go:178 [GetWithdrawTransactionByHeight] len transactions: 0 transactions: []
2019/04/23 15:02:52.946639 [1;35m[INF][m GID 41,  [SyncSideChain] Side chain [ XKUh4GLhFJiqAMTF6HyWQrV9pK9HcGUdfJ ] height:  68
2019/04/23 15:02:53.142083 [1;35m[INF][m GID 88, [arbitrator] Main chain height:  133
2019/04/23 15:02:58.276529 [1;35m[INF][m GID 88, [arbitrator] Main chain height:  134
2019/04/23 15:03:07.387435 [1;32m[DBG][m GID 88, github.com/elastos/Elastos.ELA.Arbiter/rpc.Call jsonrpc.go:349 POST requset err: Post http://127.0.0.1:10314: dial tcp 127.0.0.1:10314: connect: connection refused
2019/04/23 15:03:07.387500 [1;35m[INF][m GID 88, [SyncFromMainNode] rpc get current height failed
2019/04/23 15:03:07.387539 [1;31m[ERR][m GID 88, Arbitrator group sync error:  Post http://127.0.0.1:10314: dial tcp 127.0.0.1:10314: connect: connection refused
2019/04/23 15:03:08.388012 [1;32m[DBG][m GID 88, github.com/elastos/Elastos.ELA.Arbiter/rpc.Call jsonrpc.go:349 POST requset err: Post http://127.0.0.1:10314: dial tcp 127.0.0.1:10314: connect: connection refused
2019/04/23 15:03:08.388056 [1;35m[INF][m GID 88, [SyncFromMainNode] rpc get current height failed
2019/04/23 15:03:08.388074 [1;31m[ERR][m GID 88, Arbitrator group sync error:  Post http://127.0.0.1:10314: dial tcp 127.0.0.1:10314: connect: connection refused
2019/04/23 15:03:09.388793 [1;32m[DBG][m GID 88, github.com/elastos/Elastos.ELA.Arbiter/rpc.Call jsonrpc.go:349 POST requset err: Post http://127.0.0.1:10314: dial tcp 127.0.0.1:10314: connect: connection refused
2019/04/23 15:03:09.388866 [1;35m[INF][m GID 88, [SyncFromMainNode] rpc get current height failed
2019/04/23 15:03:09.388888 [1;31m[ERR][m GID 88, Arbitrator group sync error:  Post http://127.0.0.1:10314: dial tcp 127.0.0.1:10314: connect: connection refused
2019/04/23 15:03:10.078941 [1;32m[DBG][m GID 41, github.com/elastos/Elastos.ELA.Arbiter/rpc.Call jsonrpc.go:349 POST requset err: Post http://127.0.0.1:10234: dial tcp 127.0.0.1:10234: connect: connection refused
2019/04/23 15:03:10.394210 [1;32m[DBG][m GID 88, github.com/elastos/Elastos.ELA.Arbiter/rpc.Call jsonrpc.go:349 POST requset err: Post http://127.0.0.1:10314: dial tcp 127.0.0.1:10314: connect: connection refused
2019/04/23 15:03:10.394271 [1;35m[INF][m GID 88, [SyncFromMainNode] rpc get current height failed
2019/04/23 15:03:10.394292 [1;31m[ERR][m GID 88, Arbitrator group sync error:  Post http://127.0.0.1:10314: dial tcp 127.0.0.1:10314: connect: connection refused
2019/04/23 15:03:11.080898 [1;32m[DBG][m GID 41, github.com/elastos/Elastos.ELA.Arbiter/rpc.Call jsonrpc.go:349 POST requset err: Post http://127.0.0.1:10234: dial tcp 127.0.0.1:10234: connect: connection refused
2019/04/23 15:03:11.394757 [1;32m[DBG][m GID 88, github.com/elastos/Elastos.ELA.Arbiter/rpc.Call jsonrpc.go:349 POST requset err: Post http://127.0.0.1:10314: dial tcp 127.0.0.1:10314: connect: connection refused
2019/04/23 15:03:11.394816 [1;35m[INF][m GID 88, [SyncFromMainNode] rpc get current height failed
2019/04/23 15:03:11.395092 [1;31m[ERR][m GID 88, Arbitrator group sync error:  Post http://127.0.0.1:10314: dial tcp 127.0.0.1:10314: connect: connection refused
2019/04/23 15:03:12.082043 [1;32m[DBG][m GID 41, github.com/elastos/Elastos.ELA.Arbiter/rpc.Call jsonrpc.go:349 POST requset err: Post http://127.0.0.1:10234: dial tcp 127.0.0.1:10234: connect: connection refused
2019/04/23 15:03:12.399711 [1;32m[DBG][m GID 88, github.com/elastos/Elastos.ELA.Arbiter/rpc.Call jsonrpc.go:349 POST requset err: Post http://127.0.0.1:10314: dial tcp 127.0.0.1:10314: connect: connection refused
2019/04/23 15:03:12.399767 [1;35m[INF][m GID 88, [SyncFromMainNode] rpc get current height failed
2019/04/23 15:03:12.399829 [1;31m[ERR][m GID 88, Arbitrator group sync error:  Post http://127.0.0.1:10314: dial tcp 127.0.0.1:10314: connect: connection refused
2019/04/23 15:03:13.082638 [1;32m[DBG][m GID 41, github.com/elastos/Elastos.ELA.Arbiter/rpc.Call jsonrpc.go:349 POST requset err: Post http://127.0.0.1:10234: dial tcp 127.0.0.1:10234: connect: connection refused
2019/04/23 15:03:13.429699 [1;32m[DBG][m GID 88, github.com/elastos/Elastos.ELA.Arbiter/rpc.Call jsonrpc.go:349 POST requset err: Post http://127.0.0.1:10314: dial tcp 127.0.0.1:10314: connect: connection refused
2019/04/23 15:03:13.429757 [1;35m[INF][m GID 88, [SyncFromMainNode] rpc get current height failed
2019/04/23 15:03:13.429777 [1;31m[ERR][m GID 88, Arbitrator group sync error:  Post http://127.0.0.1:10314: dial tcp 127.0.0.1:10314: connect: connection refused
2019/04/23 15:03:14.083533 [1;32m[DBG][m GID 41, github.com/elastos/Elastos.ELA.Arbiter/rpc.Call jsonrpc.go:349 POST requset err: Post http://127.0.0.1:10234: dial tcp 127.0.0.1:10234: connect: connection refused
2019/04/23 15:03:14.431200 [1;32m[DBG][m GID 88, github.com/elastos/Elastos.ELA.Arbiter/rpc.Call jsonrpc.go:349 POST requset err: Post http://127.0.0.1:10314: dial tcp 127.0.0.1:10314: connect: connection refused
2019/04/23 15:03:14.431257 [1;35m[INF][m GID 88, [SyncFromMainNode] rpc get current height failed
2019/04/23 15:03:14.431545 [1;31m[ERR][m GID 88, Arbitrator group sync error:  Post http://127.0.0.1:10314: dial tcp 127.0.0.1:10314: connect: connection refused
2019/04/23 15:03:14.776328 [1;35m[INF][m GID 90, Check and remove cross chain transactions from dbcache finished
2019/04/23 15:03:15.084575 [1;32m[DBG][m GID 41, github.com/elastos/Elastos.ELA.Arbiter/rpc.Call jsonrpc.go:349 POST requset err: Post http://127.0.0.1:10234: dial tcp 127.0.0.1:10234: connect: connection refused
2019/04/23 15:03:15.098310 [1;32m[DBG][m GID 91, github.com/elastos/Elastos.ELA.Arbiter/rpc.Call jsonrpc.go:349 POST requset err: Post http://127.0.0.1:10314: dial tcp 127.0.0.1:10314: connect: connection refused
2019/04/23 15:03:15.098355 [1;31m[ERR][m GID 91, Check side chain pow err get EVRoEJRyyCLXuxH6A9dx6ydXKKeovns588 UTXOs failed
2019/04/23 15:03:15.432254 [1;32m[DBG][m GID 88, github.com/elastos/Elastos.ELA.Arbiter/rpc.Call jsonrpc.go:349 POST requset err: Post http://127.0.0.1:10314: dial tcp 127.0.0.1:10314: connect: connection refused
2019/04/23 15:03:15.432311 [1;35m[INF][m GID 88, [SyncFromMainNode] rpc get current height failed
2019/04/23 15:03:15.432572 [1;31m[ERR][m GID 88, Arbitrator group sync error:  Post http://127.0.0.1:10314: dial tcp 127.0.0.1:10314: connect: connection refused
