2019/04/23 20:06:04.208350 [1;35m[INF][m GID 1, Init wallet.
2019/04/23 20:06:04.335453 [1;35m[INF][m GID 1, Arbiter version:  v0.1.0-6-g758e
2019/04/23 20:06:04.335571 [1;35m[INF][m GID 1, 1. Init chain utxo cache.
2019/04/23 20:06:04.352617 [1;35m[INF][m GID 1, 2. Init finished transaction cache.
2019/04/23 20:06:04.353008 [1;35m[INF][m GID 1, 3. Start arbitrator P2P networks.
2019/04/23 20:06:04.353568 [1;35m[INF][m GID 1, 4. Init configurations.
2019/04/23 20:06:04.361512 [1;32m[DBG][m GID 44, github.com/elastos/Elastos.ELA.Arbiter/rpc.Call jsonrpc.go:349 POST requset err: Post http://ela-sidechain-token-1:10244: dial tcp: lookup ela-sidechain-token-1: Temporary failure in name resolution
2019/04/23 20:06:04.367325 [1;35m[INF][m GID 1, [arbitrator] Main chain height:  439
2019/04/23 20:06:04.387380 [1;35m[INF][m GID 1, 5. Start arbitrator spv module.
2019/04/23 20:06:04.387457 [1;35m[INF][m GID 1, [StartSpvModule] new spv service: &{elastos_arbiter/data/spv 20190131 ENqDYUYURsHpp1wQ8LBdTLba4JhEvSDXEw [127.0.0.1:10315] 10315 1 3 <nil>}
2019/04/23 20:06:04.444510 [1;35m[INF][m GID 1, [StartSpvModule] register auxpow listener: EVRoEJRyyCLXuxH6A9dx6ydXKKeovns588
2019/04/23 20:06:04.444639 [1;35m[INF][m GID 1, [StartSpvModule] register dposit listener: XKUh4GLhFJiqAMTF6HyWQrV9pK9HcGUdfJ
2019/04/23 20:06:04.444744 [1;35m[INF][m GID 1, [StartSpvModule] register auxpow listener: EWtumTsffyujjR8epevdM1iKBxSzHnkvQS
2019/04/23 20:06:04.444849 [1;35m[INF][m GID 1, [StartSpvModule] register dposit listener: XVfmhjxGxBKgzYxyXCJTb6YmaRfWPVunj4
2019/04/23 20:06:04.444952 [1;35m[INF][m GID 1, 6. Start arbitrator group monitor.
2019/04/23 20:06:04.444990 [1;35m[INF][m GID 1, 7. Start servers.
2019/04/23 20:06:04.445009 [1;35m[INF][m GID 1, 8. Start check and remove cross chain transactions from db.
2019/04/23 20:06:04.445036 [1;35m[INF][m GID 1, 9. Start side chain account divide.
2019/04/23 20:06:04.445470 [1;35m[INF][m GID 97, Check and remove cross chain transactions from dbcache finished
2019/04/23 20:06:05.363262 [1;32m[DBG][m GID 44, github.com/elastos/Elastos.ELA.Arbiter/rpc.Call jsonrpc.go:349 POST requset err: Post http://ela-sidechain-token-1:10244: dial tcp: lookup ela-sidechain-token-1: Temporary failure in name resolution
2019/04/23 20:06:06.364793 [1;32m[DBG][m GID 44, github.com/elastos/Elastos.ELA.Arbiter/rpc.Call jsonrpc.go:349 POST requset err: Post http://ela-sidechain-token-1:10244: dial tcp: lookup ela-sidechain-token-1: Temporary failure in name resolution
2019/04/23 20:06:06.389016 [1;35m[INF][m GID 43, currentHeight: 245  chainHeight: 246
2019/04/23 20:06:06.404254 [1;32m[DBG][m GID 43, github.com/elastos/Elastos.ELA.Arbiter/rpc.GetWithdrawTransactionByHeight jsonrpc.go:178 [GetWithdrawTransactionByHeight] len transactions: 0 transactions: []
2019/04/23 20:06:06.439446 [1;35m[INF][m GID 43,  [SyncSideChain] Side chain [ XKUh4GLhFJiqAMTF6HyWQrV9pK9HcGUdfJ ] height:  246
2019/04/23 20:06:07.369893 [1;32m[DBG][m GID 44, github.com/elastos/Elastos.ELA.Arbiter/rpc.Call jsonrpc.go:349 POST requset err: Post http://ela-sidechain-token-1:10244: dial tcp: lookup ela-sidechain-token-1: Temporary failure in name resolution
2019/04/23 20:06:08.372352 [1;32m[DBG][m GID 44, github.com/elastos/Elastos.ELA.Arbiter/rpc.Call jsonrpc.go:349 POST requset err: Post http://ela-sidechain-token-1:10244: dial tcp: lookup ela-sidechain-token-1: Temporary failure in name resolution
2019/04/23 20:06:09.392112 [1;32m[DBG][m GID 44, github.com/elastos/Elastos.ELA.Arbiter/rpc.Call jsonrpc.go:349 POST requset err: Post http://ela-sidechain-token-1:10244: dial tcp: lookup ela-sidechain-token-1: Temporary failure in name resolution
2019/04/23 20:06:10.393291 [1;32m[DBG][m GID 44, github.com/elastos/Elastos.ELA.Arbiter/rpc.Call jsonrpc.go:349 POST requset err: Post http://ela-sidechain-token-1:10244: dial tcp: lookup ela-sidechain-token-1: Temporary failure in name resolution
2019/04/23 20:06:11.394290 [1;32m[DBG][m GID 44, github.com/elastos/Elastos.ELA.Arbiter/rpc.Call jsonrpc.go:349 POST requset err: Post http://ela-sidechain-token-1:10244: dial tcp: lookup ela-sidechain-token-1: Temporary failure in name resolution
2019/04/23 20:06:12.395367 [1;32m[DBG][m GID 44, github.com/elastos/Elastos.ELA.Arbiter/rpc.Call jsonrpc.go:349 POST requset err: Post http://ela-sidechain-token-1:10244: dial tcp: lookup ela-sidechain-token-1: Temporary failure in name resolution
2019/04/23 20:06:13.402774 [1;32m[DBG][m GID 44, github.com/elastos/Elastos.ELA.Arbiter/rpc.Call jsonrpc.go:349 POST requset err: Post http://ela-sidechain-token-1:10244: dial tcp: lookup ela-sidechain-token-1: Temporary failure in name resolution
2019/04/23 20:06:14.404041 [1;32m[DBG][m GID 44, github.com/elastos/Elastos.ELA.Arbiter/rpc.Call jsonrpc.go:349 POST requset err: Post http://ela-sidechain-token-1:10244: dial tcp: lookup ela-sidechain-token-1: Temporary failure in name resolution
2019/04/23 20:06:15.407021 [1;32m[DBG][m GID 44, github.com/elastos/Elastos.ELA.Arbiter/rpc.Call jsonrpc.go:349 POST requset err: Post http://ela-sidechain-token-1:10244: dial tcp: lookup ela-sidechain-token-1: Temporary failure in name resolution
2019/04/23 20:06:16.409164 [1;32m[DBG][m GID 44, github.com/elastos/Elastos.ELA.Arbiter/rpc.Call jsonrpc.go:349 POST requset err: Post http://ela-sidechain-token-1:10244: dial tcp: lookup ela-sidechain-token-1: Temporary failure in name resolution
2019/04/23 20:06:17.410133 [1;32m[DBG][m GID 44, github.com/elastos/Elastos.ELA.Arbiter/rpc.Call jsonrpc.go:349 POST requset err: Post http://ela-sidechain-token-1:10244: dial tcp: lookup ela-sidechain-token-1: Temporary failure in name resolution
2019/04/23 20:06:18.411399 [1;32m[DBG][m GID 44, github.com/elastos/Elastos.ELA.Arbiter/rpc.Call jsonrpc.go:349 POST requset err: Post http://ela-sidechain-token-1:10244: dial tcp: lookup ela-sidechain-token-1: Temporary failure in name resolution
2019/04/23 20:06:19.413138 [1;32m[DBG][m GID 44, github.com/elastos/Elastos.ELA.Arbiter/rpc.Call jsonrpc.go:349 POST requset err: Post http://ela-sidechain-token-1:10244: dial tcp: lookup ela-sidechain-token-1: Temporary failure in name resolution
2019/04/23 20:06:20.414192 [1;32m[DBG][m GID 44, github.com/elastos/Elastos.ELA.Arbiter/rpc.Call jsonrpc.go:349 POST requset err: Post http://ela-sidechain-token-1:10244: dial tcp: lookup ela-sidechain-token-1: Temporary failure in name resolution
2019/04/23 20:06:21.415833 [1;32m[DBG][m GID 44, github.com/elastos/Elastos.ELA.Arbiter/rpc.Call jsonrpc.go:349 POST requset err: Post http://ela-sidechain-token-1:10244: dial tcp: lookup ela-sidechain-token-1: Temporary failure in name resolution
2019/04/23 20:06:22.416784 [1;32m[DBG][m GID 44, github.com/elastos/Elastos.ELA.Arbiter/rpc.Call jsonrpc.go:349 POST requset err: Post http://ela-sidechain-token-1:10244: dial tcp: lookup ela-sidechain-token-1: Temporary failure in name resolution
2019/04/23 20:06:23.418046 [1;32m[DBG][m GID 44, github.com/elastos/Elastos.ELA.Arbiter/rpc.Call jsonrpc.go:349 POST requset err: Post http://ela-sidechain-token-1:10244: dial tcp: lookup ela-sidechain-token-1: Temporary failure in name resolution
2019/04/23 20:06:24.419594 [1;32m[DBG][m GID 44, github.com/elastos/Elastos.ELA.Arbiter/rpc.Call jsonrpc.go:349 POST requset err: Post http://ela-sidechain-token-1:10244: dial tcp: lookup ela-sidechain-token-1: Temporary failure in name resolution
2019/04/23 20:06:25.420977 [1;32m[DBG][m GID 44, github.com/elastos/Elastos.ELA.Arbiter/rpc.Call jsonrpc.go:349 POST requset err: Post http://ela-sidechain-token-1:10244: dial tcp: lookup ela-sidechain-token-1: Temporary failure in name resolution
2019/04/23 20:06:26.422345 [1;32m[DBG][m GID 44, github.com/elastos/Elastos.ELA.Arbiter/rpc.Call jsonrpc.go:349 POST requset err: Post http://ela-sidechain-token-1:10244: dial tcp: lookup ela-sidechain-token-1: Temporary failure in name resolution
2019/04/23 20:06:27.424063 [1;32m[DBG][m GID 44, github.com/elastos/Elastos.ELA.Arbiter/rpc.Call jsonrpc.go:349 POST requset err: Post http://ela-sidechain-token-1:10244: dial tcp: lookup ela-sidechain-token-1: Temporary failure in name resolution
2019/04/23 20:06:28.425000 [1;32m[DBG][m GID 44, github.com/elastos/Elastos.ELA.Arbiter/rpc.Call jsonrpc.go:349 POST requset err: Post http://ela-sidechain-token-1:10244: dial tcp: lookup ela-sidechain-token-1: Temporary failure in name resolution
2019/04/23 20:06:28.962381 [1;35m[INF][m GID 95, [arbitrator] Main chain height:  440
2019/04/23 20:06:28.974383 [1;35m[INF][m GID 95, [OnDutyArbitratorChanged] I am on duty of main
2019/04/23 20:06:28.974436 [1;35m[INF][m GID 95, [SyncMainChainCachedTxs] start
2019/04/23 20:06:28.974871 [1;35m[INF][m GID 95, [SyncMainChainCachedTxs] end
2019/04/23 20:06:28.975054 [1;33m[WRN][m GID 95, [SyncMainChainCachedTxs] No main chain tx in dbcache
2019/04/23 20:06:28.975146 [1;35m[INF][m GID 377, [OnDutyChanged] Start side chain mining: genesis address [ XVfmhjxGxBKgzYxyXCJTb6YmaRfWPVunj4 ]
2019/04/23 20:06:28.975280 [1;35m[INF][m GID 377, [sideChainPowTransfer] start
2019/04/23 20:06:28.975165 [1;35m[INF][m GID 375, [SendCachedWithdrawTxs] start
2019/04/23 20:06:28.975503 [1;35m[INF][m GID 375, No cached withdraw transaction need to send
2019/04/23 20:06:28.975524 [1;35m[INF][m GID 375, [SendCachedWithdrawTxs] end
2019/04/23 20:06:28.975176 [1;35m[INF][m GID 374, [SendCachedWithdrawTxs] start
2019/04/23 20:06:28.975599 [1;35m[INF][m GID 374, No cached withdraw transaction need to send
2019/04/23 20:06:28.975620 [1;35m[INF][m GID 374, [SendCachedWithdrawTxs] end
2019/04/23 20:06:28.975189 [1;35m[INF][m GID 376, [OnDutyChanged] Start side chain mining: genesis address [ XKUh4GLhFJiqAMTF6HyWQrV9pK9HcGUdfJ ]
2019/04/23 20:06:28.975649 [1;35m[INF][m GID 376, [sideChainPowTransfer] start
2019/04/23 20:06:28.976362 [1;32m[DBG][m GID 377, github.com/elastos/Elastos.ELA.Arbiter/rpc.Call jsonrpc.go:349 POST requset err: Post http://ela-sidechain-token-1:10244: dial tcp: lookup ela-sidechain-token-1: Temporary failure in name resolution
2019/04/23 20:06:28.976398 [1;31m[ERR][m GID 377, [sideChainPowTransfer] create aux block failed: Post http://ela-sidechain-token-1:10244: dial tcp: lookup ela-sidechain-token-1: Temporary failure in name resolution
2019/04/23 20:06:28.976421 [1;33m[WRN][m GID 377, Post http://ela-sidechain-token-1:10244: dial tcp: lookup ela-sidechain-token-1: Temporary failure in name resolution
2019/04/23 20:06:28.988722 [1;35m[INF][m GID 376, sideGenesisHash: a3c455a90843db2acd22554f2768a8d4233fafbf8dd549e6b261c2786993be56 sideBlockHash: eb65d4af2c1affe28ee9dfba9fcd80d9a9aad21715d7cfc389876896e7602576
2019/04/23 20:06:29.055023 [1;33m[WRN][m GID 376, [sideChainPowTransfer] create transaction failed: [Wallet], Available token is not enough
2019/04/23 20:06:29.426274 [1;32m[DBG][m GID 44, github.com/elastos/Elastos.ELA.Arbiter/rpc.Call jsonrpc.go:349 POST requset err: Post http://ela-sidechain-token-1:10244: dial tcp: lookup ela-sidechain-token-1: Temporary failure in name resolution
2019/04/23 20:06:30.427179 [1;32m[DBG][m GID 44, github.com/elastos/Elastos.ELA.Arbiter/rpc.Call jsonrpc.go:349 POST requset err: Post http://ela-sidechain-token-1:10244: dial tcp: lookup ela-sidechain-token-1: Temporary failure in name resolution
2019/04/23 20:06:31.428627 [1;32m[DBG][m GID 44, github.com/elastos/Elastos.ELA.Arbiter/rpc.Call jsonrpc.go:349 POST requset err: Post http://ela-sidechain-token-1:10244: dial tcp: lookup ela-sidechain-token-1: Temporary failure in name resolution
2019/04/23 20:06:32.429920 [1;32m[DBG][m GID 44, github.com/elastos/Elastos.ELA.Arbiter/rpc.Call jsonrpc.go:349 POST requset err: Post http://ela-sidechain-token-1:10244: dial tcp: lookup ela-sidechain-token-1: Temporary failure in name resolution
2019/04/23 20:06:33.002806 [1;35m[INF][m GID 43, currentHeight: 246  chainHeight: 247
2019/04/23 20:06:33.009869 [1;32m[DBG][m GID 43, github.com/elastos/Elastos.ELA.Arbiter/rpc.GetWithdrawTransactionByHeight jsonrpc.go:178 [GetWithdrawTransactionByHeight] len transactions: 0 transactions: []
2019/04/23 20:06:33.014487 [1;35m[INF][m GID 43,  [SyncSideChain] Side chain [ XKUh4GLhFJiqAMTF6HyWQrV9pK9HcGUdfJ ] height:  247
2019/04/23 20:06:33.014551 [1;35m[INF][m GID 43, [OnDutyChanged] Start side chain mining: genesis address [ XKUh4GLhFJiqAMTF6HyWQrV9pK9HcGUdfJ ]
2019/04/23 20:06:33.014621 [1;35m[INF][m GID 43, [sideChainPowTransfer] start
2019/04/23 20:06:33.020032 [1;35m[INF][m GID 43, sideGenesisHash: a3c455a90843db2acd22554f2768a8d4233fafbf8dd549e6b261c2786993be56 sideBlockHash: 73f523a821709d9861406b454dcfa4f7f9010c0e7ca22efca9963b3d1ae9d2c9
2019/04/23 20:06:33.033891 [1;33m[WRN][m GID 43, [sideChainPowTransfer] create transaction failed: [Wallet], Available token is not enough
2019/04/23 20:06:33.033934 [1;35m[INF][m GID 43, [SyncSideChain] Start side chain mining, genesis address: [ XKUh4GLhFJiqAMTF6HyWQrV9pK9HcGUdfJ ]
2019/04/23 20:06:33.430735 [1;32m[DBG][m GID 44, github.com/elastos/Elastos.ELA.Arbiter/rpc.Call jsonrpc.go:349 POST requset err: Post http://ela-sidechain-token-1:10244: dial tcp: lookup ela-sidechain-token-1: Temporary failure in name resolution
2019/04/23 20:06:34.432227 [1;32m[DBG][m GID 44, github.com/elastos/Elastos.ELA.Arbiter/rpc.Call jsonrpc.go:349 POST requset err: Post http://ela-sidechain-token-1:10244: dial tcp: lookup ela-sidechain-token-1: Temporary failure in name resolution
2019/04/23 20:06:35.433037 [1;32m[DBG][m GID 44, github.com/elastos/Elastos.ELA.Arbiter/rpc.Call jsonrpc.go:349 POST requset err: Post http://ela-sidechain-token-1:10244: dial tcp: lookup ela-sidechain-token-1: Temporary failure in name resolution
2019/04/23 20:06:36.434174 [1;32m[DBG][m GID 44, github.com/elastos/Elastos.ELA.Arbiter/rpc.Call jsonrpc.go:349 POST requset err: Post http://ela-sidechain-token-1:10244: dial tcp: lookup ela-sidechain-token-1: Temporary failure in name resolution
2019/04/23 20:06:37.435431 [1;32m[DBG][m GID 44, github.com/elastos/Elastos.ELA.Arbiter/rpc.Call jsonrpc.go:349 POST requset err: Post http://ela-sidechain-token-1:10244: dial tcp: lookup ela-sidechain-token-1: Temporary failure in name resolution
2019/04/23 20:06:38.436691 [1;32m[DBG][m GID 44, github.com/elastos/Elastos.ELA.Arbiter/rpc.Call jsonrpc.go:349 POST requset err: Post http://ela-sidechain-token-1:10244: dial tcp: lookup ela-sidechain-token-1: Temporary failure in name resolution
2019/04/23 20:06:39.117340 [1;35m[INF][m GID 95, [arbitrator] Main chain height:  441
2019/04/23 20:06:39.165544 [1;35m[INF][m GID 95, [OnDutyArbitratorChanged] I became not on duty of main
2019/04/23 20:06:39.440173 [1;32m[DBG][m GID 44, github.com/elastos/Elastos.ELA.Arbiter/rpc.Call jsonrpc.go:349 POST requset err: Post http://ela-sidechain-token-1:10244: dial tcp: lookup ela-sidechain-token-1: Temporary failure in name resolution
2019/04/23 20:06:40.441111 [1;32m[DBG][m GID 44, github.com/elastos/Elastos.ELA.Arbiter/rpc.Call jsonrpc.go:349 POST requset err: Post http://ela-sidechain-token-1:10244: dial tcp: lookup ela-sidechain-token-1: Temporary failure in name resolution
2019/04/23 20:06:41.442330 [1;32m[DBG][m GID 44, github.com/elastos/Elastos.ELA.Arbiter/rpc.Call jsonrpc.go:349 POST requset err: Post http://ela-sidechain-token-1:10244: dial tcp: lookup ela-sidechain-token-1: Temporary failure in name resolution
2019/04/23 20:06:42.443705 [1;32m[DBG][m GID 44, github.com/elastos/Elastos.ELA.Arbiter/rpc.Call jsonrpc.go:349 POST requset err: Post http://ela-sidechain-token-1:10244: dial tcp: lookup ela-sidechain-token-1: Temporary failure in name resolution
2019/04/23 20:06:43.444705 [1;32m[DBG][m GID 44, github.com/elastos/Elastos.ELA.Arbiter/rpc.Call jsonrpc.go:349 POST requset err: Post http://ela-sidechain-token-1:10244: dial tcp: lookup ela-sidechain-token-1: Temporary failure in name resolution
2019/04/23 20:06:44.445683 [1;32m[DBG][m GID 44, github.com/elastos/Elastos.ELA.Arbiter/rpc.Call jsonrpc.go:349 POST requset err: Post http://ela-sidechain-token-1:10244: dial tcp: lookup ela-sidechain-token-1: Temporary failure in name resolution
2019/04/23 20:06:45.446777 [1;32m[DBG][m GID 44, github.com/elastos/Elastos.ELA.Arbiter/rpc.Call jsonrpc.go:349 POST requset err: Post http://ela-sidechain-token-1:10244: dial tcp: lookup ela-sidechain-token-1: Temporary failure in name resolution
2019/04/23 20:06:46.449142 [1;32m[DBG][m GID 44, github.com/elastos/Elastos.ELA.Arbiter/rpc.Call jsonrpc.go:349 POST requset err: Post http://ela-sidechain-token-1:10244: dial tcp: lookup ela-sidechain-token-1: Temporary failure in name resolution
2019/04/23 20:06:47.156218 [1;35m[INF][m GID 43, currentHeight: 247  chainHeight: 248
2019/04/23 20:06:47.171847 [1;32m[DBG][m GID 43, github.com/elastos/Elastos.ELA.Arbiter/rpc.GetWithdrawTransactionByHeight jsonrpc.go:178 [GetWithdrawTransactionByHeight] len transactions: 0 transactions: []
2019/04/23 20:06:47.175188 [1;35m[INF][m GID 43,  [SyncSideChain] Side chain [ XKUh4GLhFJiqAMTF6HyWQrV9pK9HcGUdfJ ] height:  248
2019/04/23 20:06:47.452533 [1;32m[DBG][m GID 44, github.com/elastos/Elastos.ELA.Arbiter/rpc.Call jsonrpc.go:349 POST requset err: Post http://ela-sidechain-token-1:10244: dial tcp: lookup ela-sidechain-token-1: Temporary failure in name resolution
2019/04/23 20:06:48.453480 [1;32m[DBG][m GID 44, github.com/elastos/Elastos.ELA.Arbiter/rpc.Call jsonrpc.go:349 POST requset err: Post http://ela-sidechain-token-1:10244: dial tcp: lookup ela-sidechain-token-1: Temporary failure in name resolution
2019/04/23 20:06:49.238327 [1;35m[INF][m GID 43, currentHeight: 248  chainHeight: 249
2019/04/23 20:06:49.268383 [1;32m[DBG][m GID 43, github.com/elastos/Elastos.ELA.Arbiter/rpc.GetWithdrawTransactionByHeight jsonrpc.go:178 [GetWithdrawTransactionByHeight] len transactions: 0 transactions: []
2019/04/23 20:06:49.275194 [1;35m[INF][m GID 43,  [SyncSideChain] Side chain [ XKUh4GLhFJiqAMTF6HyWQrV9pK9HcGUdfJ ] height:  249
2019/04/23 20:06:49.298023 [1;35m[INF][m GID 95, [arbitrator] Main chain height:  442
2019/04/23 20:06:49.455214 [1;32m[DBG][m GID 44, github.com/elastos/Elastos.ELA.Arbiter/rpc.Call jsonrpc.go:349 POST requset err: Post http://ela-sidechain-token-1:10244: dial tcp: lookup ela-sidechain-token-1: Temporary failure in name resolution
2019/04/23 20:06:50.455990 [1;32m[DBG][m GID 44, github.com/elastos/Elastos.ELA.Arbiter/rpc.Call jsonrpc.go:349 POST requset err: Post http://ela-sidechain-token-1:10244: dial tcp: lookup ela-sidechain-token-1: Temporary failure in name resolution
2019/04/23 20:06:51.457227 [1;32m[DBG][m GID 44, github.com/elastos/Elastos.ELA.Arbiter/rpc.Call jsonrpc.go:349 POST requset err: Post http://ela-sidechain-token-1:10244: dial tcp: lookup ela-sidechain-token-1: Temporary failure in name resolution
2019/04/23 20:06:52.461420 [1;32m[DBG][m GID 44, github.com/elastos/Elastos.ELA.Arbiter/rpc.Call jsonrpc.go:349 POST requset err: Post http://ela-sidechain-token-1:10244: dial tcp: lookup ela-sidechain-token-1: Temporary failure in name resolution
2019/04/23 20:06:53.462650 [1;32m[DBG][m GID 44, github.com/elastos/Elastos.ELA.Arbiter/rpc.Call jsonrpc.go:349 POST requset err: Post http://ela-sidechain-token-1:10244: dial tcp: lookup ela-sidechain-token-1: Temporary failure in name resolution
2019/04/23 20:06:54.458700 [1;35m[INF][m GID 95, [arbitrator] Main chain height:  443
2019/04/23 20:06:54.463615 [1;32m[DBG][m GID 44, github.com/elastos/Elastos.ELA.Arbiter/rpc.Call jsonrpc.go:349 POST requset err: Post http://ela-sidechain-token-1:10244: dial tcp: lookup ela-sidechain-token-1: Temporary failure in name resolution
2019/04/23 20:06:55.465672 [1;32m[DBG][m GID 44, github.com/elastos/Elastos.ELA.Arbiter/rpc.Call jsonrpc.go:349 POST requset err: Post http://ela-sidechain-token-1:10244: dial tcp: lookup ela-sidechain-token-1: Temporary failure in name resolution
2019/04/23 20:06:56.469003 [1;32m[DBG][m GID 44, github.com/elastos/Elastos.ELA.Arbiter/rpc.Call jsonrpc.go:349 POST requset err: Post http://ela-sidechain-token-1:10244: dial tcp: lookup ela-sidechain-token-1: Temporary failure in name resolution
2019/04/23 20:06:57.470095 [1;32m[DBG][m GID 44, github.com/elastos/Elastos.ELA.Arbiter/rpc.Call jsonrpc.go:349 POST requset err: Post http://ela-sidechain-token-1:10244: dial tcp: lookup ela-sidechain-token-1: Temporary failure in name resolution
2019/04/23 20:06:58.471535 [1;32m[DBG][m GID 44, github.com/elastos/Elastos.ELA.Arbiter/rpc.Call jsonrpc.go:349 POST requset err: Post http://ela-sidechain-token-1:10244: dial tcp: lookup ela-sidechain-token-1: Temporary failure in name resolution
2019/04/23 20:06:59.473024 [1;32m[DBG][m GID 44, github.com/elastos/Elastos.ELA.Arbiter/rpc.Call jsonrpc.go:349 POST requset err: Post http://ela-sidechain-token-1:10244: dial tcp: lookup ela-sidechain-token-1: Temporary failure in name resolution
2019/04/23 20:07:00.474389 [1;32m[DBG][m GID 44, github.com/elastos/Elastos.ELA.Arbiter/rpc.Call jsonrpc.go:349 POST requset err: Post http://ela-sidechain-token-1:10244: dial tcp: lookup ela-sidechain-token-1: Temporary failure in name resolution
2019/04/23 20:07:01.475612 [1;32m[DBG][m GID 44, github.com/elastos/Elastos.ELA.Arbiter/rpc.Call jsonrpc.go:349 POST requset err: Post http://ela-sidechain-token-1:10244: dial tcp: lookup ela-sidechain-token-1: Temporary failure in name resolution
2019/04/23 20:07:02.477721 [1;32m[DBG][m GID 44, github.com/elastos/Elastos.ELA.Arbiter/rpc.Call jsonrpc.go:349 POST requset err: Post http://ela-sidechain-token-1:10244: dial tcp: lookup ela-sidechain-token-1: Temporary failure in name resolution
2019/04/23 20:07:03.479027 [1;32m[DBG][m GID 44, github.com/elastos/Elastos.ELA.Arbiter/rpc.Call jsonrpc.go:349 POST requset err: Post http://ela-sidechain-token-1:10244: dial tcp: lookup ela-sidechain-token-1: Temporary failure in name resolution
2019/04/23 20:07:04.446238 [1;35m[INF][m GID 97, Check and remove cross chain transactions from dbcache finished
2019/04/23 20:07:04.475037 [1;35m[INF][m GID 98, Warning side chain mining account:  EVRoEJRyyCLXuxH6A9dx6ydXKKeovns588: 0 EWtumTsffyujjR8epevdM1iKBxSzHnkvQS: 0 
2019/04/23 20:07:04.479931 [1;32m[DBG][m GID 44, github.com/elastos/Elastos.ELA.Arbiter/rpc.Call jsonrpc.go:349 POST requset err: Post http://ela-sidechain-token-1:10244: dial tcp: lookup ela-sidechain-token-1: Temporary failure in name resolution
2019/04/23 20:07:04.563244 [1;32m[DBG][m GID 98, github.com/elastos/Elastos.ELA.Arbiter/sideauxpow.divideTransfer autodivide.go:89 Divide transaction successfully signed:  1 1
2019/04/23 20:07:05.481423 [1;32m[DBG][m GID 44, github.com/elastos/Elastos.ELA.Arbiter/rpc.Call jsonrpc.go:349 POST requset err: Post http://ela-sidechain-token-1:10244: dial tcp: lookup ela-sidechain-token-1: Temporary failure in name resolution
2019/04/23 20:07:06.482190 [1;32m[DBG][m GID 44, github.com/elastos/Elastos.ELA.Arbiter/rpc.Call jsonrpc.go:349 POST requset err: Post http://ela-sidechain-token-1:10244: dial tcp: lookup ela-sidechain-token-1: Temporary failure in name resolution
2019/04/23 20:07:06.588856 [1;35m[INF][m GID 95, [arbitrator] Main chain height:  444
2019/04/23 20:07:07.483256 [1;32m[DBG][m GID 44, github.com/elastos/Elastos.ELA.Arbiter/rpc.Call jsonrpc.go:349 POST requset err: Post http://ela-sidechain-token-1:10244: dial tcp: lookup ela-sidechain-token-1: Temporary failure in name resolution
2019/04/23 20:07:08.484966 [1;32m[DBG][m GID 44, github.com/elastos/Elastos.ELA.Arbiter/rpc.Call jsonrpc.go:349 POST requset err: Post http://ela-sidechain-token-1:10244: dial tcp: lookup ela-sidechain-token-1: Temporary failure in name resolution
2019/04/23 20:07:09.486323 [1;32m[DBG][m GID 44, github.com/elastos/Elastos.ELA.Arbiter/rpc.Call jsonrpc.go:349 POST requset err: Post http://ela-sidechain-token-1:10244: dial tcp: lookup ela-sidechain-token-1: Temporary failure in name resolution
2019/04/23 20:07:10.487271 [1;32m[DBG][m GID 44, github.com/elastos/Elastos.ELA.Arbiter/rpc.Call jsonrpc.go:349 POST requset err: Post http://ela-sidechain-token-1:10244: dial tcp: lookup ela-sidechain-token-1: Temporary failure in name resolution
2019/04/23 20:07:11.488345 [1;32m[DBG][m GID 44, github.com/elastos/Elastos.ELA.Arbiter/rpc.Call jsonrpc.go:349 POST requset err: Post http://ela-sidechain-token-1:10244: dial tcp: lookup ela-sidechain-token-1: Temporary failure in name resolution
2019/04/23 20:07:11.573475 [1;35m[INF][m GID 43, currentHeight: 249  chainHeight: 250
2019/04/23 20:07:11.585750 [1;32m[DBG][m GID 43, github.com/elastos/Elastos.ELA.Arbiter/rpc.GetWithdrawTransactionByHeight jsonrpc.go:178 [GetWithdrawTransactionByHeight] len transactions: 0 transactions: []
2019/04/23 20:07:11.597526 [1;35m[INF][m GID 43,  [SyncSideChain] Side chain [ XKUh4GLhFJiqAMTF6HyWQrV9pK9HcGUdfJ ] height:  250
2019/04/23 20:07:12.489178 [1;32m[DBG][m GID 44, github.com/elastos/Elastos.ELA.Arbiter/rpc.Call jsonrpc.go:349 POST requset err: Post http://ela-sidechain-token-1:10244: dial tcp: lookup ela-sidechain-token-1: Temporary failure in name resolution
2019/04/23 20:07:13.490013 [1;32m[DBG][m GID 44, github.com/elastos/Elastos.ELA.Arbiter/rpc.Call jsonrpc.go:349 POST requset err: Post http://ela-sidechain-token-1:10244: dial tcp: lookup ela-sidechain-token-1: Temporary failure in name resolution
2019/04/23 20:07:13.732103 [1;35m[INF][m GID 95, [arbitrator] Main chain height:  445
2019/04/23 20:07:14.491542 [1;32m[DBG][m GID 44, github.com/elastos/Elastos.ELA.Arbiter/rpc.Call jsonrpc.go:349 POST requset err: Post http://ela-sidechain-token-1:10244: dial tcp: lookup ela-sidechain-token-1: Temporary failure in name resolution
2019/04/23 20:07:15.492563 [1;32m[DBG][m GID 44, github.com/elastos/Elastos.ELA.Arbiter/rpc.Call jsonrpc.go:349 POST requset err: Post http://ela-sidechain-token-1:10244: dial tcp: lookup ela-sidechain-token-1: Temporary failure in name resolution
2019/04/23 20:07:16.496905 [1;32m[DBG][m GID 44, github.com/elastos/Elastos.ELA.Arbiter/rpc.Call jsonrpc.go:349 POST requset err: Post http://ela-sidechain-token-1:10244: dial tcp: lookup ela-sidechain-token-1: Temporary failure in name resolution
2019/04/23 20:07:17.497817 [1;32m[DBG][m GID 44, github.com/elastos/Elastos.ELA.Arbiter/rpc.Call jsonrpc.go:349 POST requset err: Post http://ela-sidechain-token-1:10244: dial tcp: lookup ela-sidechain-token-1: Temporary failure in name resolution
2019/04/23 20:07:18.499191 [1;32m[DBG][m GID 44, github.com/elastos/Elastos.ELA.Arbiter/rpc.Call jsonrpc.go:349 POST requset err: Post http://ela-sidechain-token-1:10244: dial tcp: lookup ela-sidechain-token-1: Temporary failure in name resolution
2019/04/23 20:07:19.500009 [1;32m[DBG][m GID 44, github.com/elastos/Elastos.ELA.Arbiter/rpc.Call jsonrpc.go:349 POST requset err: Post http://ela-sidechain-token-1:10244: dial tcp: lookup ela-sidechain-token-1: Temporary failure in name resolution
2019/04/23 20:07:20.501456 [1;32m[DBG][m GID 44, github.com/elastos/Elastos.ELA.Arbiter/rpc.Call jsonrpc.go:349 POST requset err: Post http://ela-sidechain-token-1:10244: dial tcp: lookup ela-sidechain-token-1: Temporary failure in name resolution
2019/04/23 20:07:21.502345 [1;32m[DBG][m GID 44, github.com/elastos/Elastos.ELA.Arbiter/rpc.Call jsonrpc.go:349 POST requset err: Post http://ela-sidechain-token-1:10244: dial tcp: lookup ela-sidechain-token-1: Temporary failure in name resolution
2019/04/23 20:07:22.503506 [1;32m[DBG][m GID 44, github.com/elastos/Elastos.ELA.Arbiter/rpc.Call jsonrpc.go:349 POST requset err: Post http://ela-sidechain-token-1:10244: dial tcp: lookup ela-sidechain-token-1: Temporary failure in name resolution
2019/04/23 20:07:23.504704 [1;32m[DBG][m GID 44, github.com/elastos/Elastos.ELA.Arbiter/rpc.Call jsonrpc.go:349 POST requset err: Post http://ela-sidechain-token-1:10244: dial tcp: lookup ela-sidechain-token-1: Temporary failure in name resolution
2019/04/23 20:07:24.506157 [1;32m[DBG][m GID 44, github.com/elastos/Elastos.ELA.Arbiter/rpc.Call jsonrpc.go:349 POST requset err: Post http://ela-sidechain-token-1:10244: dial tcp: lookup ela-sidechain-token-1: Temporary failure in name resolution
2019/04/23 20:07:25.508327 [1;32m[DBG][m GID 44, github.com/elastos/Elastos.ELA.Arbiter/rpc.Call jsonrpc.go:349 POST requset err: Post http://ela-sidechain-token-1:10244: dial tcp: lookup ela-sidechain-token-1: Temporary failure in name resolution
2019/04/23 20:07:26.509432 [1;32m[DBG][m GID 44, github.com/elastos/Elastos.ELA.Arbiter/rpc.Call jsonrpc.go:349 POST requset err: Post http://ela-sidechain-token-1:10244: dial tcp: lookup ela-sidechain-token-1: Temporary failure in name resolution
2019/04/23 20:07:27.512563 [1;32m[DBG][m GID 44, github.com/elastos/Elastos.ELA.Arbiter/rpc.Call jsonrpc.go:349 POST requset err: Post http://ela-sidechain-token-1:10244: dial tcp: lookup ela-sidechain-token-1: Temporary failure in name resolution
2019/04/23 20:07:28.514047 [1;32m[DBG][m GID 44, github.com/elastos/Elastos.ELA.Arbiter/rpc.Call jsonrpc.go:349 POST requset err: Post http://ela-sidechain-token-1:10244: dial tcp: lookup ela-sidechain-token-1: Temporary failure in name resolution
2019/04/23 20:07:29.515160 [1;32m[DBG][m GID 44, github.com/elastos/Elastos.ELA.Arbiter/rpc.Call jsonrpc.go:349 POST requset err: Post http://ela-sidechain-token-1:10244: dial tcp: lookup ela-sidechain-token-1: Temporary failure in name resolution
2019/04/23 20:07:30.516286 [1;32m[DBG][m GID 44, github.com/elastos/Elastos.ELA.Arbiter/rpc.Call jsonrpc.go:349 POST requset err: Post http://ela-sidechain-token-1:10244: dial tcp: lookup ela-sidechain-token-1: Temporary failure in name resolution
2019/04/23 20:07:31.517188 [1;32m[DBG][m GID 44, github.com/elastos/Elastos.ELA.Arbiter/rpc.Call jsonrpc.go:349 POST requset err: Post http://ela-sidechain-token-1:10244: dial tcp: lookup ela-sidechain-token-1: Temporary failure in name resolution
2019/04/23 20:07:31.851860 [1;35m[INF][m GID 43, currentHeight: 250  chainHeight: 251
2019/04/23 20:07:31.866887 [1;32m[DBG][m GID 43, github.com/elastos/Elastos.ELA.Arbiter/rpc.GetWithdrawTransactionByHeight jsonrpc.go:178 [GetWithdrawTransactionByHeight] len transactions: 0 transactions: []
2019/04/23 20:07:31.871571 [1;35m[INF][m GID 43,  [SyncSideChain] Side chain [ XKUh4GLhFJiqAMTF6HyWQrV9pK9HcGUdfJ ] height:  251
2019/04/23 20:07:32.519463 [1;32m[DBG][m GID 44, github.com/elastos/Elastos.ELA.Arbiter/rpc.Call jsonrpc.go:349 POST requset err: Post http://ela-sidechain-token-1:10244: dial tcp: lookup ela-sidechain-token-1: Temporary failure in name resolution
2019/04/23 20:07:33.520295 [1;32m[DBG][m GID 44, github.com/elastos/Elastos.ELA.Arbiter/rpc.Call jsonrpc.go:349 POST requset err: Post http://ela-sidechain-token-1:10244: dial tcp: lookup ela-sidechain-token-1: Temporary failure in name resolution
2019/04/23 20:07:34.521605 [1;32m[DBG][m GID 44, github.com/elastos/Elastos.ELA.Arbiter/rpc.Call jsonrpc.go:349 POST requset err: Post http://ela-sidechain-token-1:10244: dial tcp: lookup ela-sidechain-token-1: Temporary failure in name resolution
2019/04/23 20:07:35.523669 [1;32m[DBG][m GID 44, github.com/elastos/Elastos.ELA.Arbiter/rpc.Call jsonrpc.go:349 POST requset err: Post http://ela-sidechain-token-1:10244: dial tcp: lookup ela-sidechain-token-1: Temporary failure in name resolution
2019/04/23 20:07:36.526563 [1;32m[DBG][m GID 44, github.com/elastos/Elastos.ELA.Arbiter/rpc.Call jsonrpc.go:349 POST requset err: Post http://ela-sidechain-token-1:10244: dial tcp: lookup ela-sidechain-token-1: Temporary failure in name resolution
2019/04/23 20:07:37.528014 [1;32m[DBG][m GID 44, github.com/elastos/Elastos.ELA.Arbiter/rpc.Call jsonrpc.go:349 POST requset err: Post http://ela-sidechain-token-1:10244: dial tcp: lookup ela-sidechain-token-1: Temporary failure in name resolution
2019/04/23 20:07:38.529492 [1;32m[DBG][m GID 44, github.com/elastos/Elastos.ELA.Arbiter/rpc.Call jsonrpc.go:349 POST requset err: Post http://ela-sidechain-token-1:10244: dial tcp: lookup ela-sidechain-token-1: Temporary failure in name resolution
2019/04/23 20:07:39.533182 [1;32m[DBG][m GID 44, github.com/elastos/Elastos.ELA.Arbiter/rpc.Call jsonrpc.go:349 POST requset err: Post http://ela-sidechain-token-1:10244: dial tcp: lookup ela-sidechain-token-1: Temporary failure in name resolution
2019/04/23 20:07:40.534375 [1;32m[DBG][m GID 44, github.com/elastos/Elastos.ELA.Arbiter/rpc.Call jsonrpc.go:349 POST requset err: Post http://ela-sidechain-token-1:10244: dial tcp: lookup ela-sidechain-token-1: Temporary failure in name resolution
2019/04/23 20:07:41.165077 [1;35m[INF][m GID 95, [arbitrator] Main chain height:  446
2019/04/23 20:07:41.169919 [1;35m[INF][m GID 95, [OnDutyArbitratorChanged] I am on duty of main
2019/04/23 20:07:41.169978 [1;35m[INF][m GID 95, [SyncMainChainCachedTxs] start
2019/04/23 20:07:41.170061 [1;35m[INF][m GID 95, [SyncMainChainCachedTxs] end
2019/04/23 20:07:41.170086 [1;33m[WRN][m GID 95, [SyncMainChainCachedTxs] No main chain tx in dbcache
2019/04/23 20:07:41.170113 [1;35m[INF][m GID 905, [OnDutyChanged] Start side chain mining: genesis address [ XVfmhjxGxBKgzYxyXCJTb6YmaRfWPVunj4 ]
2019/04/23 20:07:41.170139 [1;35m[INF][m GID 905, [sideChainPowTransfer] start
2019/04/23 20:07:41.170165 [1;35m[INF][m GID 903, [SendCachedWithdrawTxs] start
2019/04/23 20:07:41.170234 [1;35m[INF][m GID 903, No cached withdraw transaction need to send
2019/04/23 20:07:41.170254 [1;35m[INF][m GID 903, [SendCachedWithdrawTxs] end
2019/04/23 20:07:41.170274 [1;35m[INF][m GID 902, [SendCachedWithdrawTxs] start
2019/04/23 20:07:41.170317 [1;35m[INF][m GID 902, No cached withdraw transaction need to send
2019/04/23 20:07:41.170336 [1;35m[INF][m GID 902, [SendCachedWithdrawTxs] end
2019/04/23 20:07:41.170353 [1;35m[INF][m GID 904, [OnDutyChanged] Start side chain mining: genesis address [ XKUh4GLhFJiqAMTF6HyWQrV9pK9HcGUdfJ ]
2019/04/23 20:07:41.170373 [1;35m[INF][m GID 904, [sideChainPowTransfer] start
2019/04/23 20:07:41.171036 [1;32m[DBG][m GID 905, github.com/elastos/Elastos.ELA.Arbiter/rpc.Call jsonrpc.go:349 POST requset err: Post http://ela-sidechain-token-1:10244: dial tcp: lookup ela-sidechain-token-1: Temporary failure in name resolution
2019/04/23 20:07:41.171065 [1;31m[ERR][m GID 905, [sideChainPowTransfer] create aux block failed: Post http://ela-sidechain-token-1:10244: dial tcp: lookup ela-sidechain-token-1: Temporary failure in name resolution
2019/04/23 20:07:41.171084 [1;33m[WRN][m GID 905, Post http://ela-sidechain-token-1:10244: dial tcp: lookup ela-sidechain-token-1: Temporary failure in name resolution
2019/04/23 20:07:41.171170 [1;35m[INF][m GID 904, sideGenesisHash: a3c455a90843db2acd22554f2768a8d4233fafbf8dd549e6b261c2786993be56 sideBlockHash: e318197b6e3085e3ca53872f94e0d70ce927ae42fc0982db2dc77604c6a906ff
2019/04/23 20:07:41.172546 [1;33m[WRN][m GID 904, [sideChainPowTransfer] create transaction failed: [Wallet], Available token is not enough
2019/04/23 20:07:41.535352 [1;32m[DBG][m GID 44, github.com/elastos/Elastos.ELA.Arbiter/rpc.Call jsonrpc.go:349 POST requset err: Post http://ela-sidechain-token-1:10244: dial tcp: lookup ela-sidechain-token-1: Temporary failure in name resolution
2019/04/23 20:07:42.536223 [1;32m[DBG][m GID 44, github.com/elastos/Elastos.ELA.Arbiter/rpc.Call jsonrpc.go:349 POST requset err: Post http://ela-sidechain-token-1:10244: dial tcp: lookup ela-sidechain-token-1: Temporary failure in name resolution
2019/04/23 20:07:43.538255 [1;32m[DBG][m GID 44, github.com/elastos/Elastos.ELA.Arbiter/rpc.Call jsonrpc.go:349 POST requset err: Post http://ela-sidechain-token-1:10244: dial tcp: lookup ela-sidechain-token-1: Temporary failure in name resolution
2019/04/23 20:07:44.539900 [1;32m[DBG][m GID 44, github.com/elastos/Elastos.ELA.Arbiter/rpc.Call jsonrpc.go:349 POST requset err: Post http://ela-sidechain-token-1:10244: dial tcp: lookup ela-sidechain-token-1: Temporary failure in name resolution
2019/04/23 20:07:45.541711 [1;32m[DBG][m GID 44, github.com/elastos/Elastos.ELA.Arbiter/rpc.Call jsonrpc.go:349 POST requset err: Post http://ela-sidechain-token-1:10244: dial tcp: lookup ela-sidechain-token-1: Temporary failure in name resolution
2019/04/23 20:07:46.543056 [1;32m[DBG][m GID 44, github.com/elastos/Elastos.ELA.Arbiter/rpc.Call jsonrpc.go:349 POST requset err: Post http://ela-sidechain-token-1:10244: dial tcp: lookup ela-sidechain-token-1: Temporary failure in name resolution
2019/04/23 20:07:47.544587 [1;32m[DBG][m GID 44, github.com/elastos/Elastos.ELA.Arbiter/rpc.Call jsonrpc.go:349 POST requset err: Post http://ela-sidechain-token-1:10244: dial tcp: lookup ela-sidechain-token-1: Temporary failure in name resolution
2019/04/23 20:07:48.545555 [1;32m[DBG][m GID 44, github.com/elastos/Elastos.ELA.Arbiter/rpc.Call jsonrpc.go:349 POST requset err: Post http://ela-sidechain-token-1:10244: dial tcp: lookup ela-sidechain-token-1: Temporary failure in name resolution
2019/04/23 20:07:49.547004 [1;32m[DBG][m GID 44, github.com/elastos/Elastos.ELA.Arbiter/rpc.Call jsonrpc.go:349 POST requset err: Post http://ela-sidechain-token-1:10244: dial tcp: lookup ela-sidechain-token-1: Temporary failure in name resolution
2019/04/23 20:07:50.547729 [1;32m[DBG][m GID 44, github.com/elastos/Elastos.ELA.Arbiter/rpc.Call jsonrpc.go:349 POST requset err: Post http://ela-sidechain-token-1:10244: dial tcp: lookup ela-sidechain-token-1: Temporary failure in name resolution
2019/04/23 20:07:51.548736 [1;32m[DBG][m GID 44, github.com/elastos/Elastos.ELA.Arbiter/rpc.Call jsonrpc.go:349 POST requset err: Post http://ela-sidechain-token-1:10244: dial tcp: lookup ela-sidechain-token-1: Temporary failure in name resolution
2019/04/23 20:07:52.549839 [1;32m[DBG][m GID 44, github.com/elastos/Elastos.ELA.Arbiter/rpc.Call jsonrpc.go:349 POST requset err: Post http://ela-sidechain-token-1:10244: dial tcp: lookup ela-sidechain-token-1: Temporary failure in name resolution
2019/04/23 20:07:53.551070 [1;32m[DBG][m GID 44, github.com/elastos/Elastos.ELA.Arbiter/rpc.Call jsonrpc.go:349 POST requset err: Post http://ela-sidechain-token-1:10244: dial tcp: lookup ela-sidechain-token-1: Temporary failure in name resolution
2019/04/23 20:07:54.552011 [1;32m[DBG][m GID 44, github.com/elastos/Elastos.ELA.Arbiter/rpc.Call jsonrpc.go:349 POST requset err: Post http://ela-sidechain-token-1:10244: dial tcp: lookup ela-sidechain-token-1: Temporary failure in name resolution
2019/04/23 20:07:55.553703 [1;32m[DBG][m GID 44, github.com/elastos/Elastos.ELA.Arbiter/rpc.Call jsonrpc.go:349 POST requset err: Post http://ela-sidechain-token-1:10244: dial tcp: lookup ela-sidechain-token-1: Temporary failure in name resolution
2019/04/23 20:07:56.555474 [1;32m[DBG][m GID 44, github.com/elastos/Elastos.ELA.Arbiter/rpc.Call jsonrpc.go:349 POST requset err: Post http://ela-sidechain-token-1:10244: dial tcp: lookup ela-sidechain-token-1: Temporary failure in name resolution
2019/04/23 20:07:57.556201 [1;32m[DBG][m GID 44, github.com/elastos/Elastos.ELA.Arbiter/rpc.Call jsonrpc.go:349 POST requset err: Post http://ela-sidechain-token-1:10244: dial tcp: lookup ela-sidechain-token-1: Temporary failure in name resolution
2019/04/23 20:07:58.557201 [1;32m[DBG][m GID 44, github.com/elastos/Elastos.ELA.Arbiter/rpc.Call jsonrpc.go:349 POST requset err: Post http://ela-sidechain-token-1:10244: dial tcp: lookup ela-sidechain-token-1: Temporary failure in name resolution
2019/04/23 20:07:59.558270 [1;32m[DBG][m GID 44, github.com/elastos/Elastos.ELA.Arbiter/rpc.Call jsonrpc.go:349 POST requset err: Post http://ela-sidechain-token-1:10244: dial tcp: lookup ela-sidechain-token-1: Temporary failure in name resolution
2019/04/23 20:08:00.559087 [1;32m[DBG][m GID 44, github.com/elastos/Elastos.ELA.Arbiter/rpc.Call jsonrpc.go:349 POST requset err: Post http://ela-sidechain-token-1:10244: dial tcp: lookup ela-sidechain-token-1: Temporary failure in name resolution
2019/04/23 20:08:01.405667 [1;35m[INF][m GID 162, [Notify-Deposit] find deposit transaction and add into channel, transaction hash: 16497f376b61de4c9aeca4c6ac38ac8f22d41ae277a0d72852360768f8a2cba2
2019/04/23 20:08:01.405698 [1;35m[INF][m GID 91, [DepositListener] len tasks: 1
2019/04/23 20:08:01.405760 [1;35m[INF][m GID 91, [Notify-Process] deal with 1 transactions
2019/04/23 20:08:01.408507 [1;35m[INF][m GID 91, [Notify-Process] find deposit transaction, create and send deposit transaction, size of txs: 1
2019/04/23 20:08:01.408558 [1;35m[INF][m GID 91, [Notify-Process] tx hash[ 0 ]: 16497f376b61de4c9aeca4c6ac38ac8f22d41ae277a0d72852360768f8a2cba2
2019/04/23 20:08:01.408599 [1;35m[INF][m GID 91, [Rpc-sendtransactioninfo] Deposit transaction to side chain： 127.0.0.1 : 10234
2019/04/23 20:08:01.461052 [1;35m[INF][m GID 91, [Rpc-sendtransactioninfo] Deposit transaction finished
2019/04/23 20:08:01.461101 [1;35m[INF][m GID 91, response: {0 2.0 00a2e29d72b9a58fdb1e386d752539c95bb42790e687bc72aaadb49682027879 <nil>}
2019/04/23 20:08:01.461131 [1;35m[INF][m GID 91, Send deposit transaction succeed, move to finished db, main chain tx hash: 16497f376b61de4c9aeca4c6ac38ac8f22d41ae277a0d72852360768f8a2cba2
2019/04/23 20:08:01.461151 [1;35m[INF][m GID 91, Send deposit transaction succeed, move to finished db, side chain tx hash: 00a2e29d72b9a58fdb1e386d752539c95bb42790e687bc72aaadb49682027879
2019/04/23 20:08:01.480209 [1;35m[INF][m GID 95, [arbitrator] Main chain height:  447
2019/04/23 20:08:01.502842 [1;35m[INF][m GID 95, [OnDutyArbitratorChanged] I became not on duty of main
2019/04/23 20:08:01.560304 [1;32m[DBG][m GID 44, github.com/elastos/Elastos.ELA.Arbiter/rpc.Call jsonrpc.go:349 POST requset err: Post http://ela-sidechain-token-1:10244: dial tcp: lookup ela-sidechain-token-1: Temporary failure in name resolution
2019/04/23 20:08:02.561408 [1;32m[DBG][m GID 44, github.com/elastos/Elastos.ELA.Arbiter/rpc.Call jsonrpc.go:349 POST requset err: Post http://ela-sidechain-token-1:10244: dial tcp: lookup ela-sidechain-token-1: Temporary failure in name resolution
2019/04/23 20:08:03.562728 [1;32m[DBG][m GID 44, github.com/elastos/Elastos.ELA.Arbiter/rpc.Call jsonrpc.go:349 POST requset err: Post http://ela-sidechain-token-1:10244: dial tcp: lookup ela-sidechain-token-1: Temporary failure in name resolution
2019/04/23 20:08:04.447062 [1;35m[INF][m GID 97, Check and remove cross chain transactions from dbcache finished
2019/04/23 20:08:04.533650 [1;35m[INF][m GID 95, [arbitrator] Main chain height:  448
2019/04/23 20:08:04.563992 [1;32m[DBG][m GID 44, github.com/elastos/Elastos.ELA.Arbiter/rpc.Call jsonrpc.go:349 POST requset err: Post http://ela-sidechain-token-1:10244: dial tcp: lookup ela-sidechain-token-1: Temporary failure in name resolution
2019/04/23 20:08:04.565899 [1;35m[INF][m GID 98, Warning side chain mining account:  EVRoEJRyyCLXuxH6A9dx6ydXKKeovns588: 0 EWtumTsffyujjR8epevdM1iKBxSzHnkvQS: 0 
2019/04/23 20:08:04.570771 [1;32m[DBG][m GID 98, github.com/elastos/Elastos.ELA.Arbiter/sideauxpow.divideTransfer autodivide.go:89 Divide transaction successfully signed:  1 1
2019/04/23 20:08:05.564925 [1;32m[DBG][m GID 44, github.com/elastos/Elastos.ELA.Arbiter/rpc.Call jsonrpc.go:349 POST requset err: Post http://ela-sidechain-token-1:10244: dial tcp: lookup ela-sidechain-token-1: Temporary failure in name resolution
2019/04/23 20:08:06.566409 [1;32m[DBG][m GID 44, github.com/elastos/Elastos.ELA.Arbiter/rpc.Call jsonrpc.go:349 POST requset err: Post http://ela-sidechain-token-1:10244: dial tcp: lookup ela-sidechain-token-1: Temporary failure in name resolution
2019/04/23 20:08:07.366696 [1;35m[INF][m GID 43, currentHeight: 251  chainHeight: 252
2019/04/23 20:08:07.380378 [1;32m[DBG][m GID 43, github.com/elastos/Elastos.ELA.Arbiter/rpc.GetWithdrawTransactionByHeight jsonrpc.go:178 [GetWithdrawTransactionByHeight] len transactions: 0 transactions: []
2019/04/23 20:08:07.384103 [1;35m[INF][m GID 43,  [SyncSideChain] Side chain [ XKUh4GLhFJiqAMTF6HyWQrV9pK9HcGUdfJ ] height:  252
2019/04/23 20:08:07.567519 [1;32m[DBG][m GID 44, github.com/elastos/Elastos.ELA.Arbiter/rpc.Call jsonrpc.go:349 POST requset err: Post http://ela-sidechain-token-1:10244: dial tcp: lookup ela-sidechain-token-1: Temporary failure in name resolution
2019/04/23 20:08:08.568623 [1;32m[DBG][m GID 44, github.com/elastos/Elastos.ELA.Arbiter/rpc.Call jsonrpc.go:349 POST requset err: Post http://ela-sidechain-token-1:10244: dial tcp: lookup ela-sidechain-token-1: Temporary failure in name resolution
2019/04/23 20:08:09.570374 [1;32m[DBG][m GID 44, github.com/elastos/Elastos.ELA.Arbiter/rpc.Call jsonrpc.go:349 POST requset err: Post http://ela-sidechain-token-1:10244: dial tcp: lookup ela-sidechain-token-1: Temporary failure in name resolution
2019/04/23 20:08:10.572000 [1;32m[DBG][m GID 44, github.com/elastos/Elastos.ELA.Arbiter/rpc.Call jsonrpc.go:349 POST requset err: Post http://ela-sidechain-token-1:10244: dial tcp: lookup ela-sidechain-token-1: Temporary failure in name resolution
2019/04/23 20:08:11.573338 [1;32m[DBG][m GID 44, github.com/elastos/Elastos.ELA.Arbiter/rpc.Call jsonrpc.go:349 POST requset err: Post http://ela-sidechain-token-1:10244: dial tcp: lookup ela-sidechain-token-1: Temporary failure in name resolution
2019/04/23 20:08:11.616898 [1;35m[INF][m GID 95, [arbitrator] Main chain height:  449
2019/04/23 20:08:12.574522 [1;32m[DBG][m GID 44, github.com/elastos/Elastos.ELA.Arbiter/rpc.Call jsonrpc.go:349 POST requset err: Post http://ela-sidechain-token-1:10244: dial tcp: lookup ela-sidechain-token-1: Temporary failure in name resolution
2019/04/23 20:08:13.576110 [1;32m[DBG][m GID 44, github.com/elastos/Elastos.ELA.Arbiter/rpc.Call jsonrpc.go:349 POST requset err: Post http://ela-sidechain-token-1:10244: dial tcp: lookup ela-sidechain-token-1: Temporary failure in name resolution
2019/04/23 20:08:14.577491 [1;32m[DBG][m GID 44, github.com/elastos/Elastos.ELA.Arbiter/rpc.Call jsonrpc.go:349 POST requset err: Post http://ela-sidechain-token-1:10244: dial tcp: lookup ela-sidechain-token-1: Temporary failure in name resolution
2019/04/23 20:08:15.578301 [1;32m[DBG][m GID 44, github.com/elastos/Elastos.ELA.Arbiter/rpc.Call jsonrpc.go:349 POST requset err: Post http://ela-sidechain-token-1:10244: dial tcp: lookup ela-sidechain-token-1: Temporary failure in name resolution
2019/04/23 20:08:16.579766 [1;32m[DBG][m GID 44, github.com/elastos/Elastos.ELA.Arbiter/rpc.Call jsonrpc.go:349 POST requset err: Post http://ela-sidechain-token-1:10244: dial tcp: lookup ela-sidechain-token-1: Temporary failure in name resolution
2019/04/23 20:08:16.744154 [1;35m[INF][m GID 95, [arbitrator] Main chain height:  450
2019/04/23 20:08:17.581288 [1;32m[DBG][m GID 44, github.com/elastos/Elastos.ELA.Arbiter/rpc.Call jsonrpc.go:349 POST requset err: Post http://ela-sidechain-token-1:10244: dial tcp: lookup ela-sidechain-token-1: Temporary failure in name resolution
2019/04/23 20:08:18.582247 [1;32m[DBG][m GID 44, github.com/elastos/Elastos.ELA.Arbiter/rpc.Call jsonrpc.go:349 POST requset err: Post http://ela-sidechain-token-1:10244: dial tcp: lookup ela-sidechain-token-1: Temporary failure in name resolution
2019/04/23 20:08:19.583102 [1;32m[DBG][m GID 44, github.com/elastos/Elastos.ELA.Arbiter/rpc.Call jsonrpc.go:349 POST requset err: Post http://ela-sidechain-token-1:10244: dial tcp: lookup ela-sidechain-token-1: Temporary failure in name resolution
2019/04/23 20:08:20.584342 [1;32m[DBG][m GID 44, github.com/elastos/Elastos.ELA.Arbiter/rpc.Call jsonrpc.go:349 POST requset err: Post http://ela-sidechain-token-1:10244: dial tcp: lookup ela-sidechain-token-1: Temporary failure in name resolution
2019/04/23 20:08:21.585244 [1;32m[DBG][m GID 44, github.com/elastos/Elastos.ELA.Arbiter/rpc.Call jsonrpc.go:349 POST requset err: Post http://ela-sidechain-token-1:10244: dial tcp: lookup ela-sidechain-token-1: Temporary failure in name resolution
2019/04/23 20:08:22.586375 [1;32m[DBG][m GID 44, github.com/elastos/Elastos.ELA.Arbiter/rpc.Call jsonrpc.go:349 POST requset err: Post http://ela-sidechain-token-1:10244: dial tcp: lookup ela-sidechain-token-1: Temporary failure in name resolution
2019/04/23 20:08:22.859660 [1;35m[INF][m GID 95, [arbitrator] Main chain height:  451
2019/04/23 20:08:23.587378 [1;32m[DBG][m GID 44, github.com/elastos/Elastos.ELA.Arbiter/rpc.Call jsonrpc.go:349 POST requset err: Post http://ela-sidechain-token-1:10244: dial tcp: lookup ela-sidechain-token-1: Temporary failure in name resolution
2019/04/23 20:08:24.588573 [1;32m[DBG][m GID 44, github.com/elastos/Elastos.ELA.Arbiter/rpc.Call jsonrpc.go:349 POST requset err: Post http://ela-sidechain-token-1:10244: dial tcp: lookup ela-sidechain-token-1: Temporary failure in name resolution
2019/04/23 20:08:25.592210 [1;32m[DBG][m GID 44, github.com/elastos/Elastos.ELA.Arbiter/rpc.Call jsonrpc.go:349 POST requset err: Post http://ela-sidechain-token-1:10244: dial tcp: lookup ela-sidechain-token-1: Temporary failure in name resolution
2019/04/23 20:08:26.593083 [1;32m[DBG][m GID 44, github.com/elastos/Elastos.ELA.Arbiter/rpc.Call jsonrpc.go:349 POST requset err: Post http://ela-sidechain-token-1:10244: dial tcp: lookup ela-sidechain-token-1: Temporary failure in name resolution
2019/04/23 20:08:26.955048 [1;35m[INF][m GID 95, [arbitrator] Main chain height:  452
2019/04/23 20:08:26.960479 [1;35m[INF][m GID 95, [OnDutyArbitratorChanged] I am on duty of main
2019/04/23 20:08:26.960563 [1;35m[INF][m GID 95, [SyncMainChainCachedTxs] start
2019/04/23 20:08:26.960654 [1;35m[INF][m GID 95, [SyncMainChainCachedTxs] end
2019/04/23 20:08:26.960678 [1;33m[WRN][m GID 95, [SyncMainChainCachedTxs] No main chain tx in dbcache
2019/04/23 20:08:26.960699 [1;35m[INF][m GID 1252, [OnDutyChanged] Start side chain mining: genesis address [ XVfmhjxGxBKgzYxyXCJTb6YmaRfWPVunj4 ]
2019/04/23 20:08:26.960723 [1;35m[INF][m GID 1252, [sideChainPowTransfer] start
2019/04/23 20:08:26.961328 [1;32m[DBG][m GID 1252, github.com/elastos/Elastos.ELA.Arbiter/rpc.Call jsonrpc.go:349 POST requset err: Post http://ela-sidechain-token-1:10244: dial tcp: lookup ela-sidechain-token-1: Temporary failure in name resolution
2019/04/23 20:08:26.961360 [1;31m[ERR][m GID 1252, [sideChainPowTransfer] create aux block failed: Post http://ela-sidechain-token-1:10244: dial tcp: lookup ela-sidechain-token-1: Temporary failure in name resolution
2019/04/23 20:08:26.961379 [1;33m[WRN][m GID 1252, Post http://ela-sidechain-token-1:10244: dial tcp: lookup ela-sidechain-token-1: Temporary failure in name resolution
2019/04/23 20:08:26.961402 [1;35m[INF][m GID 1233, [SendCachedWithdrawTxs] start
2019/04/23 20:08:26.961515 [1;35m[INF][m GID 1233, No cached withdraw transaction need to send
2019/04/23 20:08:26.961545 [1;35m[INF][m GID 1233, [SendCachedWithdrawTxs] end
2019/04/23 20:08:26.961419 [1;35m[INF][m GID 1250, [SendCachedWithdrawTxs] start
2019/04/23 20:08:26.961611 [1;35m[INF][m GID 1250, No cached withdraw transaction need to send
2019/04/23 20:08:26.961659 [1;35m[INF][m GID 1250, [SendCachedWithdrawTxs] end
2019/04/23 20:08:26.961435 [1;35m[INF][m GID 1251, [OnDutyChanged] Start side chain mining: genesis address [ XKUh4GLhFJiqAMTF6HyWQrV9pK9HcGUdfJ ]
2019/04/23 20:08:26.961718 [1;35m[INF][m GID 1251, [sideChainPowTransfer] start
2019/04/23 20:08:26.962924 [1;35m[INF][m GID 1251, sideGenesisHash: a3c455a90843db2acd22554f2768a8d4233fafbf8dd549e6b261c2786993be56 sideBlockHash: 61c07b0acb3b65b2e6aff6e01bcabacff2406c4a5b265340d2b715463a86ae0a
2019/04/23 20:08:26.963523 [1;33m[WRN][m GID 1251, [sideChainPowTransfer] create transaction failed: [Wallet], Available token is not enough
2019/04/23 20:08:27.595890 [1;32m[DBG][m GID 44, github.com/elastos/Elastos.ELA.Arbiter/rpc.Call jsonrpc.go:349 POST requset err: Post http://ela-sidechain-token-1:10244: dial tcp: lookup ela-sidechain-token-1: Temporary failure in name resolution
2019/04/23 20:08:28.597290 [1;32m[DBG][m GID 44, github.com/elastos/Elastos.ELA.Arbiter/rpc.Call jsonrpc.go:349 POST requset err: Post http://ela-sidechain-token-1:10244: dial tcp: lookup ela-sidechain-token-1: Temporary failure in name resolution
2019/04/23 20:08:29.598462 [1;32m[DBG][m GID 44, github.com/elastos/Elastos.ELA.Arbiter/rpc.Call jsonrpc.go:349 POST requset err: Post http://ela-sidechain-token-1:10244: dial tcp: lookup ela-sidechain-token-1: Temporary failure in name resolution
2019/04/23 20:08:30.599300 [1;32m[DBG][m GID 44, github.com/elastos/Elastos.ELA.Arbiter/rpc.Call jsonrpc.go:349 POST requset err: Post http://ela-sidechain-token-1:10244: dial tcp: lookup ela-sidechain-token-1: Temporary failure in name resolution
2019/04/23 20:08:31.600402 [1;32m[DBG][m GID 44, github.com/elastos/Elastos.ELA.Arbiter/rpc.Call jsonrpc.go:349 POST requset err: Post http://ela-sidechain-token-1:10244: dial tcp: lookup ela-sidechain-token-1: Temporary failure in name resolution
2019/04/23 20:08:32.601885 [1;32m[DBG][m GID 44, github.com/elastos/Elastos.ELA.Arbiter/rpc.Call jsonrpc.go:349 POST requset err: Post http://ela-sidechain-token-1:10244: dial tcp: lookup ela-sidechain-token-1: Temporary failure in name resolution
2019/04/23 20:08:33.246056 [1;35m[INF][m GID 95, [arbitrator] Main chain height:  453
2019/04/23 20:08:33.258277 [1;35m[INF][m GID 95, [OnDutyArbitratorChanged] I became not on duty of main
2019/04/23 20:08:33.602710 [1;32m[DBG][m GID 44, github.com/elastos/Elastos.ELA.Arbiter/rpc.Call jsonrpc.go:349 POST requset err: Post http://ela-sidechain-token-1:10244: dial tcp: lookup ela-sidechain-token-1: Temporary failure in name resolution
2019/04/23 20:08:34.603874 [1;32m[DBG][m GID 44, github.com/elastos/Elastos.ELA.Arbiter/rpc.Call jsonrpc.go:349 POST requset err: Post http://ela-sidechain-token-1:10244: dial tcp: lookup ela-sidechain-token-1: Temporary failure in name resolution
2019/04/23 20:08:35.606872 [1;32m[DBG][m GID 44, github.com/elastos/Elastos.ELA.Arbiter/rpc.Call jsonrpc.go:349 POST requset err: Post http://ela-sidechain-token-1:10244: dial tcp: lookup ela-sidechain-token-1: Temporary failure in name resolution
2019/04/23 20:08:36.608509 [1;32m[DBG][m GID 44, github.com/elastos/Elastos.ELA.Arbiter/rpc.Call jsonrpc.go:349 POST requset err: Post http://ela-sidechain-token-1:10244: dial tcp: lookup ela-sidechain-token-1: Temporary failure in name resolution
2019/04/23 20:08:37.609200 [1;32m[DBG][m GID 44, github.com/elastos/Elastos.ELA.Arbiter/rpc.Call jsonrpc.go:349 POST requset err: Post http://ela-sidechain-token-1:10244: dial tcp: lookup ela-sidechain-token-1: Temporary failure in name resolution
2019/04/23 20:08:38.610405 [1;32m[DBG][m GID 44, github.com/elastos/Elastos.ELA.Arbiter/rpc.Call jsonrpc.go:349 POST requset err: Post http://ela-sidechain-token-1:10244: dial tcp: lookup ela-sidechain-token-1: Temporary failure in name resolution
2019/04/23 20:08:39.611689 [1;32m[DBG][m GID 44, github.com/elastos/Elastos.ELA.Arbiter/rpc.Call jsonrpc.go:349 POST requset err: Post http://ela-sidechain-token-1:10244: dial tcp: lookup ela-sidechain-token-1: Temporary failure in name resolution
2019/04/23 20:08:40.613087 [1;32m[DBG][m GID 44, github.com/elastos/Elastos.ELA.Arbiter/rpc.Call jsonrpc.go:349 POST requset err: Post http://ela-sidechain-token-1:10244: dial tcp: lookup ela-sidechain-token-1: Temporary failure in name resolution
2019/04/23 20:08:41.614761 [1;32m[DBG][m GID 44, github.com/elastos/Elastos.ELA.Arbiter/rpc.Call jsonrpc.go:349 POST requset err: Post http://ela-sidechain-token-1:10244: dial tcp: lookup ela-sidechain-token-1: Temporary failure in name resolution
2019/04/23 20:08:42.400909 [1;35m[INF][m GID 95, [arbitrator] Main chain height:  454
2019/04/23 20:08:42.616182 [1;32m[DBG][m GID 44, github.com/elastos/Elastos.ELA.Arbiter/rpc.Call jsonrpc.go:349 POST requset err: Post http://ela-sidechain-token-1:10244: dial tcp: lookup ela-sidechain-token-1: Temporary failure in name resolution
2019/04/23 20:08:43.617768 [1;32m[DBG][m GID 44, github.com/elastos/Elastos.ELA.Arbiter/rpc.Call jsonrpc.go:349 POST requset err: Post http://ela-sidechain-token-1:10244: dial tcp: lookup ela-sidechain-token-1: Temporary failure in name resolution
2019/04/23 20:08:44.618793 [1;32m[DBG][m GID 44, github.com/elastos/Elastos.ELA.Arbiter/rpc.Call jsonrpc.go:349 POST requset err: Post http://ela-sidechain-token-1:10244: dial tcp: lookup ela-sidechain-token-1: Temporary failure in name resolution
2019/04/23 20:08:45.621185 [1;32m[DBG][m GID 44, github.com/elastos/Elastos.ELA.Arbiter/rpc.Call jsonrpc.go:349 POST requset err: Post http://ela-sidechain-token-1:10244: dial tcp: lookup ela-sidechain-token-1: Temporary failure in name resolution
2019/04/23 20:08:46.466849 [1;35m[INF][m GID 95, [arbitrator] Main chain height:  455
2019/04/23 20:08:46.622305 [1;32m[DBG][m GID 44, github.com/elastos/Elastos.ELA.Arbiter/rpc.Call jsonrpc.go:349 POST requset err: Post http://ela-sidechain-token-1:10244: dial tcp: lookup ela-sidechain-token-1: Temporary failure in name resolution
2019/04/23 20:08:47.623078 [1;32m[DBG][m GID 44, github.com/elastos/Elastos.ELA.Arbiter/rpc.Call jsonrpc.go:349 POST requset err: Post http://ela-sidechain-token-1:10244: dial tcp: lookup ela-sidechain-token-1: Temporary failure in name resolution
2019/04/23 20:08:48.624071 [1;32m[DBG][m GID 44, github.com/elastos/Elastos.ELA.Arbiter/rpc.Call jsonrpc.go:349 POST requset err: Post http://ela-sidechain-token-1:10244: dial tcp: lookup ela-sidechain-token-1: Temporary failure in name resolution
2019/04/23 20:08:49.541102 [1;35m[INF][m GID 95, [arbitrator] Main chain height:  456
2019/04/23 20:08:49.624818 [1;32m[DBG][m GID 44, github.com/elastos/Elastos.ELA.Arbiter/rpc.Call jsonrpc.go:349 POST requset err: Post http://ela-sidechain-token-1:10244: dial tcp: lookup ela-sidechain-token-1: Temporary failure in name resolution
2019/04/23 20:08:50.625860 [1;32m[DBG][m GID 44, github.com/elastos/Elastos.ELA.Arbiter/rpc.Call jsonrpc.go:349 POST requset err: Post http://ela-sidechain-token-1:10244: dial tcp: lookup ela-sidechain-token-1: Temporary failure in name resolution
2019/04/23 20:08:50.906222 [1;35m[INF][m GID 43, currentHeight: 252  chainHeight: 253
2019/04/23 20:08:50.906629 [1;32m[DBG][m GID 43, github.com/elastos/Elastos.ELA.Arbiter/rpc.GetWithdrawTransactionByHeight jsonrpc.go:178 [GetWithdrawTransactionByHeight] len transactions: 0 transactions: []
2019/04/23 20:08:50.909843 [1;35m[INF][m GID 43,  [SyncSideChain] Side chain [ XKUh4GLhFJiqAMTF6HyWQrV9pK9HcGUdfJ ] height:  253
2019/04/23 20:08:51.627193 [1;32m[DBG][m GID 44, github.com/elastos/Elastos.ELA.Arbiter/rpc.Call jsonrpc.go:349 POST requset err: Post http://ela-sidechain-token-1:10244: dial tcp: lookup ela-sidechain-token-1: Temporary failure in name resolution
2019/04/23 20:08:52.628767 [1;32m[DBG][m GID 44, github.com/elastos/Elastos.ELA.Arbiter/rpc.Call jsonrpc.go:349 POST requset err: Post http://ela-sidechain-token-1:10244: dial tcp: lookup ela-sidechain-token-1: Temporary failure in name resolution
2019/04/23 20:08:53.629608 [1;32m[DBG][m GID 44, github.com/elastos/Elastos.ELA.Arbiter/rpc.Call jsonrpc.go:349 POST requset err: Post http://ela-sidechain-token-1:10244: dial tcp: lookup ela-sidechain-token-1: Temporary failure in name resolution
2019/04/23 20:08:54.630814 [1;32m[DBG][m GID 44, github.com/elastos/Elastos.ELA.Arbiter/rpc.Call jsonrpc.go:349 POST requset err: Post http://ela-sidechain-token-1:10244: dial tcp: lookup ela-sidechain-token-1: Temporary failure in name resolution
2019/04/23 20:08:55.637500 [1;32m[DBG][m GID 44, github.com/elastos/Elastos.ELA.Arbiter/rpc.Call jsonrpc.go:349 POST requset err: Post http://ela-sidechain-token-1:10244: dial tcp: lookup ela-sidechain-token-1: Temporary failure in name resolution
2019/04/23 20:08:56.601050 [1;35m[INF][m GID 95, [arbitrator] Main chain height:  457
2019/04/23 20:08:56.638713 [1;32m[DBG][m GID 44, github.com/elastos/Elastos.ELA.Arbiter/rpc.Call jsonrpc.go:349 POST requset err: Post http://ela-sidechain-token-1:10244: dial tcp: lookup ela-sidechain-token-1: Temporary failure in name resolution
2019/04/23 20:08:57.641259 [1;32m[DBG][m GID 44, github.com/elastos/Elastos.ELA.Arbiter/rpc.Call jsonrpc.go:349 POST requset err: Post http://ela-sidechain-token-1:10244: dial tcp: lookup ela-sidechain-token-1: Temporary failure in name resolution
2019/04/23 20:08:58.642205 [1;32m[DBG][m GID 44, github.com/elastos/Elastos.ELA.Arbiter/rpc.Call jsonrpc.go:349 POST requset err: Post http://ela-sidechain-token-1:10244: dial tcp: lookup ela-sidechain-token-1: Temporary failure in name resolution
2019/04/23 20:08:59.643749 [1;32m[DBG][m GID 44, github.com/elastos/Elastos.ELA.Arbiter/rpc.Call jsonrpc.go:349 POST requset err: Post http://ela-sidechain-token-1:10244: dial tcp: lookup ela-sidechain-token-1: Temporary failure in name resolution
2019/04/23 20:09:00.645313 [1;32m[DBG][m GID 44, github.com/elastos/Elastos.ELA.Arbiter/rpc.Call jsonrpc.go:349 POST requset err: Post http://ela-sidechain-token-1:10244: dial tcp: lookup ela-sidechain-token-1: Temporary failure in name resolution
2019/04/23 20:09:01.646908 [1;32m[DBG][m GID 44, github.com/elastos/Elastos.ELA.Arbiter/rpc.Call jsonrpc.go:349 POST requset err: Post http://ela-sidechain-token-1:10244: dial tcp: lookup ela-sidechain-token-1: Temporary failure in name resolution
2019/04/23 20:09:02.647739 [1;32m[DBG][m GID 44, github.com/elastos/Elastos.ELA.Arbiter/rpc.Call jsonrpc.go:349 POST requset err: Post http://ela-sidechain-token-1:10244: dial tcp: lookup ela-sidechain-token-1: Temporary failure in name resolution
2019/04/23 20:09:02.772411 [1;35m[INF][m GID 95, [arbitrator] Main chain height:  458
2019/04/23 20:09:02.837497 [1;35m[INF][m GID 95, [OnDutyArbitratorChanged] I am on duty of main
2019/04/23 20:09:02.837547 [1;35m[INF][m GID 95, [SyncMainChainCachedTxs] start
2019/04/23 20:09:02.837663 [1;35m[INF][m GID 95, [SyncMainChainCachedTxs] end
2019/04/23 20:09:02.837687 [1;33m[WRN][m GID 95, [SyncMainChainCachedTxs] No main chain tx in dbcache
2019/04/23 20:09:02.837708 [1;35m[INF][m GID 1512, [OnDutyChanged] Start side chain mining: genesis address [ XVfmhjxGxBKgzYxyXCJTb6YmaRfWPVunj4 ]
2019/04/23 20:09:02.837748 [1;35m[INF][m GID 1512, [sideChainPowTransfer] start
2019/04/23 20:09:02.838026 [1;35m[INF][m GID 1510, [SendCachedWithdrawTxs] start
2019/04/23 20:09:02.838100 [1;35m[INF][m GID 1510, No cached withdraw transaction need to send
2019/04/23 20:09:02.838119 [1;35m[INF][m GID 1510, [SendCachedWithdrawTxs] end
2019/04/23 20:09:02.838135 [1;35m[INF][m GID 1509, [SendCachedWithdrawTxs] start
2019/04/23 20:09:02.838160 [1;35m[INF][m GID 1511, [OnDutyChanged] Start side chain mining: genesis address [ XKUh4GLhFJiqAMTF6HyWQrV9pK9HcGUdfJ ]
2019/04/23 20:09:02.838201 [1;35m[INF][m GID 1509, No cached withdraw transaction need to send
2019/04/23 20:09:02.838233 [1;35m[INF][m GID 1511, [sideChainPowTransfer] start
2019/04/23 20:09:02.838600 [1;32m[DBG][m GID 1512, github.com/elastos/Elastos.ELA.Arbiter/rpc.Call jsonrpc.go:349 POST requset err: Post http://ela-sidechain-token-1:10244: dial tcp: lookup ela-sidechain-token-1: Temporary failure in name resolution
2019/04/23 20:09:02.838648 [1;31m[ERR][m GID 1512, [sideChainPowTransfer] create aux block failed: Post http://ela-sidechain-token-1:10244: dial tcp: lookup ela-sidechain-token-1: Temporary failure in name resolution
2019/04/23 20:09:02.838668 [1;33m[WRN][m GID 1512, Post http://ela-sidechain-token-1:10244: dial tcp: lookup ela-sidechain-token-1: Temporary failure in name resolution
2019/04/23 20:09:02.838706 [1;35m[INF][m GID 1509, [SendCachedWithdrawTxs] end
2019/04/23 20:09:02.840096 [1;35m[INF][m GID 1511, sideGenesisHash: a3c455a90843db2acd22554f2768a8d4233fafbf8dd549e6b261c2786993be56 sideBlockHash: 971eb971037a41b9dd4758eeda326f9f1ed85e9a2e66833b9c24039fc4a767c8
2019/04/23 20:09:02.841387 [1;33m[WRN][m GID 1511, [sideChainPowTransfer] create transaction failed: [Wallet], Available token is not enough
2019/04/23 20:09:03.648758 [1;32m[DBG][m GID 44, github.com/elastos/Elastos.ELA.Arbiter/rpc.Call jsonrpc.go:349 POST requset err: Post http://ela-sidechain-token-1:10244: dial tcp: lookup ela-sidechain-token-1: Temporary failure in name resolution
2019/04/23 20:09:04.447564 [1;35m[INF][m GID 97, Check and remove cross chain transactions from dbcache finished
2019/04/23 20:09:04.589360 [1;35m[INF][m GID 98, Warning side chain mining account:  EVRoEJRyyCLXuxH6A9dx6ydXKKeovns588: 0 EWtumTsffyujjR8epevdM1iKBxSzHnkvQS: 0 
2019/04/23 20:09:04.594907 [1;32m[DBG][m GID 98, github.com/elastos/Elastos.ELA.Arbiter/sideauxpow.divideTransfer autodivide.go:89 Divide transaction successfully signed:  1 1
2019/04/23 20:09:04.649804 [1;32m[DBG][m GID 44, github.com/elastos/Elastos.ELA.Arbiter/rpc.Call jsonrpc.go:349 POST requset err: Post http://ela-sidechain-token-1:10244: dial tcp: lookup ela-sidechain-token-1: Temporary failure in name resolution
2019/04/23 20:09:05.652248 [1;32m[DBG][m GID 44, github.com/elastos/Elastos.ELA.Arbiter/rpc.Call jsonrpc.go:349 POST requset err: Post http://ela-sidechain-token-1:10244: dial tcp: lookup ela-sidechain-token-1: Temporary failure in name resolution
2019/04/23 20:09:06.184712 [1;35m[INF][m GID 43, currentHeight: 253  chainHeight: 254
2019/04/23 20:09:06.194572 [1;32m[DBG][m GID 43, github.com/elastos/Elastos.ELA.Arbiter/rpc.GetWithdrawTransactionByHeight jsonrpc.go:178 [GetWithdrawTransactionByHeight] len transactions: 0 transactions: []
2019/04/23 20:09:06.197891 [1;35m[INF][m GID 43,  [SyncSideChain] Side chain [ XKUh4GLhFJiqAMTF6HyWQrV9pK9HcGUdfJ ] height:  254
2019/04/23 20:09:06.197949 [1;35m[INF][m GID 43, [OnDutyChanged] Start side chain mining: genesis address [ XKUh4GLhFJiqAMTF6HyWQrV9pK9HcGUdfJ ]
2019/04/23 20:09:06.197980 [1;35m[INF][m GID 43, [sideChainPowTransfer] start
2019/04/23 20:09:06.198828 [1;35m[INF][m GID 43, sideGenesisHash: a3c455a90843db2acd22554f2768a8d4233fafbf8dd549e6b261c2786993be56 sideBlockHash: d3826c84f86e31e9014715b68611871b0c02fa1bf68428dbbedb4e96d83b36f5
2019/04/23 20:09:06.199429 [1;33m[WRN][m GID 43, [sideChainPowTransfer] create transaction failed: [Wallet], Available token is not enough
2019/04/23 20:09:06.199497 [1;35m[INF][m GID 43, [SyncSideChain] Start side chain mining, genesis address: [ XKUh4GLhFJiqAMTF6HyWQrV9pK9HcGUdfJ ]
2019/04/23 20:09:06.653864 [1;32m[DBG][m GID 44, github.com/elastos/Elastos.ELA.Arbiter/rpc.Call jsonrpc.go:349 POST requset err: Post http://ela-sidechain-token-1:10244: dial tcp: lookup ela-sidechain-token-1: Temporary failure in name resolution
2019/04/23 20:09:07.654980 [1;32m[DBG][m GID 44, github.com/elastos/Elastos.ELA.Arbiter/rpc.Call jsonrpc.go:349 POST requset err: Post http://ela-sidechain-token-1:10244: dial tcp: lookup ela-sidechain-token-1: Temporary failure in name resolution
2019/04/23 20:09:07.875551 [1;35m[INF][m GID 95, [arbitrator] Main chain height:  459
2019/04/23 20:09:07.880116 [1;35m[INF][m GID 95, [OnDutyArbitratorChanged] I became not on duty of main
2019/04/23 20:09:08.655902 [1;32m[DBG][m GID 44, github.com/elastos/Elastos.ELA.Arbiter/rpc.Call jsonrpc.go:349 POST requset err: Post http://ela-sidechain-token-1:10244: dial tcp: lookup ela-sidechain-token-1: Temporary failure in name resolution
2019/04/23 20:09:09.657366 [1;32m[DBG][m GID 44, github.com/elastos/Elastos.ELA.Arbiter/rpc.Call jsonrpc.go:349 POST requset err: Post http://ela-sidechain-token-1:10244: dial tcp: lookup ela-sidechain-token-1: Temporary failure in name resolution
2019/04/23 20:09:10.659039 [1;32m[DBG][m GID 44, github.com/elastos/Elastos.ELA.Arbiter/rpc.Call jsonrpc.go:349 POST requset err: Post http://ela-sidechain-token-1:10244: dial tcp: lookup ela-sidechain-token-1: Temporary failure in name resolution
2019/04/23 20:09:11.660804 [1;32m[DBG][m GID 44, github.com/elastos/Elastos.ELA.Arbiter/rpc.Call jsonrpc.go:349 POST requset err: Post http://ela-sidechain-token-1:10244: dial tcp: lookup ela-sidechain-token-1: Temporary failure in name resolution
2019/04/23 20:09:12.662235 [1;32m[DBG][m GID 44, github.com/elastos/Elastos.ELA.Arbiter/rpc.Call jsonrpc.go:349 POST requset err: Post http://ela-sidechain-token-1:10244: dial tcp: lookup ela-sidechain-token-1: Temporary failure in name resolution
2019/04/23 20:09:13.663503 [1;32m[DBG][m GID 44, github.com/elastos/Elastos.ELA.Arbiter/rpc.Call jsonrpc.go:349 POST requset err: Post http://ela-sidechain-token-1:10244: dial tcp: lookup ela-sidechain-token-1: Temporary failure in name resolution
2019/04/23 20:09:14.666161 [1;32m[DBG][m GID 44, github.com/elastos/Elastos.ELA.Arbiter/rpc.Call jsonrpc.go:349 POST requset err: Post http://ela-sidechain-token-1:10244: dial tcp: lookup ela-sidechain-token-1: Temporary failure in name resolution
2019/04/23 20:09:14.973413 [1;35m[INF][m GID 95, [arbitrator] Main chain height:  460
2019/04/23 20:09:15.667322 [1;32m[DBG][m GID 44, github.com/elastos/Elastos.ELA.Arbiter/rpc.Call jsonrpc.go:349 POST requset err: Post http://ela-sidechain-token-1:10244: dial tcp: lookup ela-sidechain-token-1: Temporary failure in name resolution
2019/04/23 20:09:16.668479 [1;32m[DBG][m GID 44, github.com/elastos/Elastos.ELA.Arbiter/rpc.Call jsonrpc.go:349 POST requset err: Post http://ela-sidechain-token-1:10244: dial tcp: lookup ela-sidechain-token-1: Temporary failure in name resolution
2019/04/23 20:09:17.669813 [1;32m[DBG][m GID 44, github.com/elastos/Elastos.ELA.Arbiter/rpc.Call jsonrpc.go:349 POST requset err: Post http://ela-sidechain-token-1:10244: dial tcp: lookup ela-sidechain-token-1: Temporary failure in name resolution
2019/04/23 20:09:18.672869 [1;32m[DBG][m GID 44, github.com/elastos/Elastos.ELA.Arbiter/rpc.Call jsonrpc.go:349 POST requset err: Post http://ela-sidechain-token-1:10244: dial tcp: lookup ela-sidechain-token-1: Temporary failure in name resolution
2019/04/23 20:09:19.674730 [1;32m[DBG][m GID 44, github.com/elastos/Elastos.ELA.Arbiter/rpc.Call jsonrpc.go:349 POST requset err: Post http://ela-sidechain-token-1:10244: dial tcp: lookup ela-sidechain-token-1: Temporary failure in name resolution
2019/04/23 20:09:20.676022 [1;32m[DBG][m GID 44, github.com/elastos/Elastos.ELA.Arbiter/rpc.Call jsonrpc.go:349 POST requset err: Post http://ela-sidechain-token-1:10244: dial tcp: lookup ela-sidechain-token-1: Temporary failure in name resolution
2019/04/23 20:09:21.680454 [1;32m[DBG][m GID 44, github.com/elastos/Elastos.ELA.Arbiter/rpc.Call jsonrpc.go:349 POST requset err: Post http://ela-sidechain-token-1:10244: dial tcp: lookup ela-sidechain-token-1: Temporary failure in name resolution
2019/04/23 20:09:22.681214 [1;32m[DBG][m GID 44, github.com/elastos/Elastos.ELA.Arbiter/rpc.Call jsonrpc.go:349 POST requset err: Post http://ela-sidechain-token-1:10244: dial tcp: lookup ela-sidechain-token-1: Temporary failure in name resolution
2019/04/23 20:09:23.682698 [1;32m[DBG][m GID 44, github.com/elastos/Elastos.ELA.Arbiter/rpc.Call jsonrpc.go:349 POST requset err: Post http://ela-sidechain-token-1:10244: dial tcp: lookup ela-sidechain-token-1: Temporary failure in name resolution
2019/04/23 20:09:24.683765 [1;32m[DBG][m GID 44, github.com/elastos/Elastos.ELA.Arbiter/rpc.Call jsonrpc.go:349 POST requset err: Post http://ela-sidechain-token-1:10244: dial tcp: lookup ela-sidechain-token-1: Temporary failure in name resolution
2019/04/23 20:09:25.684739 [1;32m[DBG][m GID 44, github.com/elastos/Elastos.ELA.Arbiter/rpc.Call jsonrpc.go:349 POST requset err: Post http://ela-sidechain-token-1:10244: dial tcp: lookup ela-sidechain-token-1: Temporary failure in name resolution
2019/04/23 20:09:26.084411 [1;35m[INF][m GID 95, [arbitrator] Main chain height:  461
2019/04/23 20:09:26.692664 [1;32m[DBG][m GID 44, github.com/elastos/Elastos.ELA.Arbiter/rpc.Call jsonrpc.go:349 POST requset err: Post http://ela-sidechain-token-1:10244: dial tcp: lookup ela-sidechain-token-1: Temporary failure in name resolution
2019/04/23 20:09:27.120647 [1;35m[INF][m GID 95, [arbitrator] Main chain height:  462
2019/04/23 20:09:27.694878 [1;32m[DBG][m GID 44, github.com/elastos/Elastos.ELA.Arbiter/rpc.Call jsonrpc.go:349 POST requset err: Post http://ela-sidechain-token-1:10244: dial tcp: lookup ela-sidechain-token-1: Temporary failure in name resolution
2019/04/23 20:09:28.695942 [1;32m[DBG][m GID 44, github.com/elastos/Elastos.ELA.Arbiter/rpc.Call jsonrpc.go:349 POST requset err: Post http://ela-sidechain-token-1:10244: dial tcp: lookup ela-sidechain-token-1: Temporary failure in name resolution
2019/04/23 20:09:29.696754 [1;32m[DBG][m GID 44, github.com/elastos/Elastos.ELA.Arbiter/rpc.Call jsonrpc.go:349 POST requset err: Post http://ela-sidechain-token-1:10244: dial tcp: lookup ela-sidechain-token-1: Temporary failure in name resolution
2019/04/23 20:09:30.709168 [1;32m[DBG][m GID 44, github.com/elastos/Elastos.ELA.Arbiter/rpc.Call jsonrpc.go:349 POST requset err: Post http://ela-sidechain-token-1:10244: dial tcp: lookup ela-sidechain-token-1: Temporary failure in name resolution
2019/04/23 20:09:31.710099 [1;32m[DBG][m GID 44, github.com/elastos/Elastos.ELA.Arbiter/rpc.Call jsonrpc.go:349 POST requset err: Post http://ela-sidechain-token-1:10244: dial tcp: lookup ela-sidechain-token-1: Temporary failure in name resolution
2019/04/23 20:09:32.716860 [1;32m[DBG][m GID 44, github.com/elastos/Elastos.ELA.Arbiter/rpc.Call jsonrpc.go:349 POST requset err: Post http://ela-sidechain-token-1:10244: dial tcp: lookup ela-sidechain-token-1: Temporary failure in name resolution
2019/04/23 20:09:33.717938 [1;32m[DBG][m GID 44, github.com/elastos/Elastos.ELA.Arbiter/rpc.Call jsonrpc.go:349 POST requset err: Post http://ela-sidechain-token-1:10244: dial tcp: lookup ela-sidechain-token-1: Temporary failure in name resolution
2019/04/23 20:09:34.719912 [1;32m[DBG][m GID 44, github.com/elastos/Elastos.ELA.Arbiter/rpc.Call jsonrpc.go:349 POST requset err: Post http://ela-sidechain-token-1:10244: dial tcp: lookup ela-sidechain-token-1: Temporary failure in name resolution
2019/04/23 20:09:35.721166 [1;32m[DBG][m GID 44, github.com/elastos/Elastos.ELA.Arbiter/rpc.Call jsonrpc.go:349 POST requset err: Post http://ela-sidechain-token-1:10244: dial tcp: lookup ela-sidechain-token-1: Temporary failure in name resolution
2019/04/23 20:09:36.588583 [1;35m[INF][m GID 43, currentHeight: 254  chainHeight: 255
2019/04/23 20:09:36.589010 [1;32m[DBG][m GID 43, github.com/elastos/Elastos.ELA.Arbiter/rpc.GetWithdrawTransactionByHeight jsonrpc.go:178 [GetWithdrawTransactionByHeight] len transactions: 0 transactions: []
2019/04/23 20:09:36.592558 [1;35m[INF][m GID 43,  [SyncSideChain] Side chain [ XKUh4GLhFJiqAMTF6HyWQrV9pK9HcGUdfJ ] height:  255
2019/04/23 20:09:36.722496 [1;32m[DBG][m GID 44, github.com/elastos/Elastos.ELA.Arbiter/rpc.Call jsonrpc.go:349 POST requset err: Post http://ela-sidechain-token-1:10244: dial tcp: lookup ela-sidechain-token-1: Temporary failure in name resolution
2019/04/23 20:09:37.723530 [1;32m[DBG][m GID 44, github.com/elastos/Elastos.ELA.Arbiter/rpc.Call jsonrpc.go:349 POST requset err: Post http://ela-sidechain-token-1:10244: dial tcp: lookup ela-sidechain-token-1: Temporary failure in name resolution
2019/04/23 20:09:38.269125 [1;32m[DBG][m GID 95, github.com/elastos/Elastos.ELA.Arbiter/rpc.Call jsonrpc.go:349 POST requset err: Post http://127.0.0.1:10314: dial tcp 127.0.0.1:10314: connect: connection refused
2019/04/23 20:09:38.269169 [1;35m[INF][m GID 95, [SyncFromMainNode] rpc get current height failed
2019/04/23 20:09:38.269188 [1;31m[ERR][m GID 95, Arbitrator group sync error:  Post http://127.0.0.1:10314: dial tcp 127.0.0.1:10314: connect: connection refused
2019/04/23 20:09:38.728308 [1;32m[DBG][m GID 44, github.com/elastos/Elastos.ELA.Arbiter/rpc.Call jsonrpc.go:349 POST requset err: Post http://ela-sidechain-token-1:10244: dial tcp: lookup ela-sidechain-token-1: Temporary failure in name resolution
2019/04/23 20:09:39.269860 [1;32m[DBG][m GID 95, github.com/elastos/Elastos.ELA.Arbiter/rpc.Call jsonrpc.go:349 POST requset err: Post http://127.0.0.1:10314: dial tcp 127.0.0.1:10314: connect: connection refused
2019/04/23 20:09:39.269901 [1;35m[INF][m GID 95, [SyncFromMainNode] rpc get current height failed
2019/04/23 20:09:39.269933 [1;31m[ERR][m GID 95, Arbitrator group sync error:  Post http://127.0.0.1:10314: dial tcp 127.0.0.1:10314: connect: connection refused
2019/04/23 20:09:39.729888 [1;32m[DBG][m GID 44, github.com/elastos/Elastos.ELA.Arbiter/rpc.Call jsonrpc.go:349 POST requset err: Post http://ela-sidechain-token-1:10244: dial tcp: lookup ela-sidechain-token-1: Temporary failure in name resolution
2019/04/23 20:09:40.270333 [1;32m[DBG][m GID 95, github.com/elastos/Elastos.ELA.Arbiter/rpc.Call jsonrpc.go:349 POST requset err: Post http://127.0.0.1:10314: dial tcp 127.0.0.1:10314: connect: connection refused
2019/04/23 20:09:40.270392 [1;35m[INF][m GID 95, [SyncFromMainNode] rpc get current height failed
2019/04/23 20:09:40.270415 [1;31m[ERR][m GID 95, Arbitrator group sync error:  Post http://127.0.0.1:10314: dial tcp 127.0.0.1:10314: connect: connection refused
2019/04/23 20:09:40.733743 [1;32m[DBG][m GID 44, github.com/elastos/Elastos.ELA.Arbiter/rpc.Call jsonrpc.go:349 POST requset err: Post http://ela-sidechain-token-1:10244: dial tcp: lookup ela-sidechain-token-1: Temporary failure in name resolution
2019/04/23 20:09:41.270976 [1;32m[DBG][m GID 95, github.com/elastos/Elastos.ELA.Arbiter/rpc.Call jsonrpc.go:349 POST requset err: Post http://127.0.0.1:10314: dial tcp 127.0.0.1:10314: connect: connection refused
2019/04/23 20:09:41.271020 [1;35m[INF][m GID 95, [SyncFromMainNode] rpc get current height failed
2019/04/23 20:09:41.271039 [1;31m[ERR][m GID 95, Arbitrator group sync error:  Post http://127.0.0.1:10314: dial tcp 127.0.0.1:10314: connect: connection refused
2019/04/23 20:09:41.734898 [1;32m[DBG][m GID 44, github.com/elastos/Elastos.ELA.Arbiter/rpc.Call jsonrpc.go:349 POST requset err: Post http://ela-sidechain-token-1:10244: dial tcp: lookup ela-sidechain-token-1: Temporary failure in name resolution
2019/04/23 20:09:42.271869 [1;32m[DBG][m GID 95, github.com/elastos/Elastos.ELA.Arbiter/rpc.Call jsonrpc.go:349 POST requset err: Post http://127.0.0.1:10314: dial tcp 127.0.0.1:10314: connect: connection refused
2019/04/23 20:09:42.271954 [1;35m[INF][m GID 95, [SyncFromMainNode] rpc get current height failed
2019/04/23 20:09:42.272215 [1;31m[ERR][m GID 95, Arbitrator group sync error:  Post http://127.0.0.1:10314: dial tcp 127.0.0.1:10314: connect: connection refused
2019/04/23 20:09:42.735782 [1;32m[DBG][m GID 44, github.com/elastos/Elastos.ELA.Arbiter/rpc.Call jsonrpc.go:349 POST requset err: Post http://ela-sidechain-token-1:10244: dial tcp: lookup ela-sidechain-token-1: Temporary failure in name resolution
2019/04/23 20:09:43.272667 [1;32m[DBG][m GID 95, github.com/elastos/Elastos.ELA.Arbiter/rpc.Call jsonrpc.go:349 POST requset err: Post http://127.0.0.1:10314: dial tcp 127.0.0.1:10314: connect: connection refused
2019/04/23 20:09:43.272713 [1;35m[INF][m GID 95, [SyncFromMainNode] rpc get current height failed
2019/04/23 20:09:43.272732 [1;31m[ERR][m GID 95, Arbitrator group sync error:  Post http://127.0.0.1:10314: dial tcp 127.0.0.1:10314: connect: connection refused
2019/04/23 20:09:43.660010 [1;32m[DBG][m GID 43, github.com/elastos/Elastos.ELA.Arbiter/rpc.Call jsonrpc.go:349 POST requset err: Post http://127.0.0.1:10234: dial tcp 127.0.0.1:10234: connect: connection refused
2019/04/23 20:09:43.739230 [1;32m[DBG][m GID 44, github.com/elastos/Elastos.ELA.Arbiter/rpc.Call jsonrpc.go:349 POST requset err: Post http://ela-sidechain-token-1:10244: dial tcp: lookup ela-sidechain-token-1: Temporary failure in name resolution
2019/04/23 20:09:44.273513 [1;32m[DBG][m GID 95, github.com/elastos/Elastos.ELA.Arbiter/rpc.Call jsonrpc.go:349 POST requset err: Post http://127.0.0.1:10314: dial tcp 127.0.0.1:10314: connect: connection refused
2019/04/23 20:09:44.273578 [1;35m[INF][m GID 95, [SyncFromMainNode] rpc get current height failed
2019/04/23 20:09:44.273598 [1;31m[ERR][m GID 95, Arbitrator group sync error:  Post http://127.0.0.1:10314: dial tcp 127.0.0.1:10314: connect: connection refused
2019/04/23 20:09:44.661938 [1;32m[DBG][m GID 43, github.com/elastos/Elastos.ELA.Arbiter/rpc.Call jsonrpc.go:349 POST requset err: Post http://127.0.0.1:10234: dial tcp 127.0.0.1:10234: connect: connection refused
2019/04/23 20:09:44.741196 [1;32m[DBG][m GID 44, github.com/elastos/Elastos.ELA.Arbiter/rpc.Call jsonrpc.go:349 POST requset err: Post http://ela-sidechain-token-1:10244: dial tcp: lookup ela-sidechain-token-1: Temporary failure in name resolution
2019/04/23 20:09:45.274482 [1;32m[DBG][m GID 95, github.com/elastos/Elastos.ELA.Arbiter/rpc.Call jsonrpc.go:349 POST requset err: Post http://127.0.0.1:10314: dial tcp 127.0.0.1:10314: connect: connection refused
2019/04/23 20:09:45.274611 [1;35m[INF][m GID 95, [SyncFromMainNode] rpc get current height failed
2019/04/23 20:09:45.274642 [1;31m[ERR][m GID 95, Arbitrator group sync error:  Post http://127.0.0.1:10314: dial tcp 127.0.0.1:10314: connect: connection refused
2019/04/23 20:09:45.668888 [1;32m[DBG][m GID 43, github.com/elastos/Elastos.ELA.Arbiter/rpc.Call jsonrpc.go:349 POST requset err: Post http://127.0.0.1:10234: dial tcp 127.0.0.1:10234: connect: connection refused
2019/04/23 20:09:45.747826 [1;32m[DBG][m GID 44, github.com/elastos/Elastos.ELA.Arbiter/rpc.Call jsonrpc.go:349 POST requset err: Post http://ela-sidechain-token-1:10244: dial tcp: lookup ela-sidechain-token-1: Temporary failure in name resolution
2019/04/23 20:09:46.275675 [1;32m[DBG][m GID 95, github.com/elastos/Elastos.ELA.Arbiter/rpc.Call jsonrpc.go:349 POST requset err: Post http://127.0.0.1:10314: dial tcp 127.0.0.1:10314: connect: connection refused
2019/04/23 20:09:46.275737 [1;35m[INF][m GID 95, [SyncFromMainNode] rpc get current height failed
2019/04/23 20:09:46.275758 [1;31m[ERR][m GID 95, Arbitrator group sync error:  Post http://127.0.0.1:10314: dial tcp 127.0.0.1:10314: connect: connection refused
2019/04/23 20:09:46.675412 [1;32m[DBG][m GID 43, github.com/elastos/Elastos.ELA.Arbiter/rpc.Call jsonrpc.go:349 POST requset err: Post http://127.0.0.1:10234: dial tcp 127.0.0.1:10234: connect: connection refused
2019/04/23 20:09:46.749429 [1;32m[DBG][m GID 44, github.com/elastos/Elastos.ELA.Arbiter/rpc.Call jsonrpc.go:349 POST requset err: Post http://ela-sidechain-token-1:10244: dial tcp: lookup ela-sidechain-token-1: Temporary failure in name resolution
2019/04/23 20:09:47.277628 [1;32m[DBG][m GID 95, github.com/elastos/Elastos.ELA.Arbiter/rpc.Call jsonrpc.go:349 POST requset err: Post http://127.0.0.1:10314: dial tcp 127.0.0.1:10314: connect: connection refused
2019/04/23 20:09:47.277709 [1;35m[INF][m GID 95, [SyncFromMainNode] rpc get current height failed
2019/04/23 20:09:47.277748 [1;31m[ERR][m GID 95, Arbitrator group sync error:  Post http://127.0.0.1:10314: dial tcp 127.0.0.1:10314: connect: connection refused
2019/04/23 20:09:47.676927 [1;32m[DBG][m GID 43, github.com/elastos/Elastos.ELA.Arbiter/rpc.Call jsonrpc.go:349 POST requset err: Post http://127.0.0.1:10234: dial tcp 127.0.0.1:10234: connect: connection refused
2019/04/23 20:09:47.750479 [1;32m[DBG][m GID 44, github.com/elastos/Elastos.ELA.Arbiter/rpc.Call jsonrpc.go:349 POST requset err: Post http://ela-sidechain-token-1:10244: dial tcp: lookup ela-sidechain-token-1: Temporary failure in name resolution
2019/04/23 20:09:48.278842 [1;32m[DBG][m GID 95, github.com/elastos/Elastos.ELA.Arbiter/rpc.Call jsonrpc.go:349 POST requset err: Post http://127.0.0.1:10314: dial tcp 127.0.0.1:10314: connect: connection refused
2019/04/23 20:09:48.278905 [1;35m[INF][m GID 95, [SyncFromMainNode] rpc get current height failed
2019/04/23 20:09:48.278926 [1;31m[ERR][m GID 95, Arbitrator group sync error:  Post http://127.0.0.1:10314: dial tcp 127.0.0.1:10314: connect: connection refused
