2019/05/08 19:11:13.031784 [1;35m[INF][m GID 1, Init wallet.
2019/05/08 19:11:13.099904 [1;35m[INF][m GID 1, Arbiter version:  
2019/05/08 19:11:13.100964 [1;35m[INF][m GID 1, 1. Init chain utxo cache.
2019/05/08 19:11:13.128208 [1;35m[INF][m GID 1, 2. Init finished transaction cache.
2019/05/08 19:11:13.147379 [1;35m[INF][m GID 1, 3. Start arbitrator P2P networks.
2019/05/08 19:11:13.148482 [1;35m[INF][m GID 1, 4. Init configurations.
2019/05/08 19:11:13.166787 [1;35m[INF][m GID 1, [arbitrator] Main chain height:  438
2019/05/08 19:11:13.188056 [1;35m[INF][m GID 1, 5. Start arbitrator spv module.
2019/05/08 19:11:13.248513 [1;35m[INF][m GID 1, [StartSpvModule] register auxpow listener: EVRoEJRyyCLXuxH6A9dx6ydXKKeovns588
2019/05/08 19:11:13.248842 [1;35m[INF][m GID 1, [StartSpvModule] register dposit listener: XKUh4GLhFJiqAMTF6HyWQrV9pK9HcGUdfJ
2019/05/08 19:11:13.249036 [1;35m[INF][m GID 1, [StartSpvModule] register auxpow listener: EWtumTsffyujjR8epevdM1iKBxSzHnkvQS
2019/05/08 19:11:13.249213 [1;35m[INF][m GID 1, [StartSpvModule] register dposit listener: XVfmhjxGxBKgzYxyXCJTb6YmaRfWPVunj4
2019/05/08 19:11:13.249398 [1;35m[INF][m GID 1, 6. Start arbitrator group monitor.
2019/05/08 19:11:13.249692 [1;35m[INF][m GID 1, 7. Start servers.
2019/05/08 19:11:13.249869 [1;35m[INF][m GID 1, 8. Start check and remove cross chain transactions from db.
2019/05/08 19:11:13.249988 [1;35m[INF][m GID 1, 9. Start side chain account divide.
2019/05/08 19:11:13.250394 [1;35m[INF][m GID 98, Check and remove cross chain transactions from dbcache finished
2019/05/08 19:11:16.458243 [1;35m[INF][m GID 64, [arbitrator] Main chain height:  439
2019/05/08 19:11:27.727802 [1;35m[INF][m GID 64, [arbitrator] Main chain height:  440
2019/05/08 19:11:27.745358 [1;35m[INF][m GID 64, [OnDutyArbitratorChanged] I am on duty of main
2019/05/08 19:11:27.746046 [1;35m[INF][m GID 64, [SyncMainChainCachedTxs] start
2019/05/08 19:11:27.746285 [1;35m[INF][m GID 64, [SyncMainChainCachedTxs] end
2019/05/08 19:11:27.746412 [1;33m[WRN][m GID 64, [SyncMainChainCachedTxs] No main chain tx in dbcache
2019/05/08 19:11:27.746548 [1;35m[INF][m GID 185, [OnDutyChanged] Start side chain mining: genesis address [ XVfmhjxGxBKgzYxyXCJTb6YmaRfWPVunj4 ]
2019/05/08 19:11:27.746772 [1;35m[INF][m GID 185, [sideChainPowTransfer] start
2019/05/08 19:11:27.746638 [1;35m[INF][m GID 183, [SendCachedWithdrawTxs] start
2019/05/08 19:11:27.747767 [1;35m[INF][m GID 183, No cached withdraw transaction need to send
2019/05/08 19:11:27.746655 [1;35m[INF][m GID 182, [SendCachedWithdrawTxs] start
2019/05/08 19:11:27.746668 [1;35m[INF][m GID 184, [OnDutyChanged] Start side chain mining: genesis address [ XKUh4GLhFJiqAMTF6HyWQrV9pK9HcGUdfJ ]
2019/05/08 19:11:27.747945 [1;35m[INF][m GID 183, [SendCachedWithdrawTxs] end
2019/05/08 19:11:27.748091 [1;35m[INF][m GID 182, No cached withdraw transaction need to send
2019/05/08 19:11:27.748486 [1;35m[INF][m GID 182, [SendCachedWithdrawTxs] end
2019/05/08 19:11:27.748235 [1;35m[INF][m GID 184, [sideChainPowTransfer] start
2019/05/08 19:11:27.754319 [1;35m[INF][m GID 185, sideGenesisHash: 0e739a2b87774ef2266a3cabc79a8e1201732fe409cfe50bd4125efb1d1169b5 sideBlockHash: ef734efc183e4dae146c5d83f5f63f31096659600e8fbd411624f0ebfcece33e
2019/05/08 19:11:27.755292 [1;33m[WRN][m GID 185, [sideChainPowTransfer] create transaction failed: [Wallet], Available token is not enough
2019/05/08 19:11:27.831391 [1;35m[INF][m GID 184, sideGenesisHash: a3c455a90843db2acd22554f2768a8d4233fafbf8dd549e6b261c2786993be56 sideBlockHash: c855c592300cc6b690ca80e088e782015fd08463e686400ede1a054928f41bbb
2019/05/08 19:11:27.863551 [1;33m[WRN][m GID 184, [sideChainPowTransfer] create transaction failed: [Wallet], Available token is not enough
2019/05/08 19:11:29.610719 [1;35m[INF][m GID 36, currentHeight: 270  chainHeight: 271
2019/05/08 19:11:29.686719 [1;35m[INF][m GID 36,  [SyncSideChain] Side chain [ XKUh4GLhFJiqAMTF6HyWQrV9pK9HcGUdfJ ] height:  271
2019/05/08 19:11:29.687066 [1;35m[INF][m GID 36, [OnDutyChanged] Start side chain mining: genesis address [ XKUh4GLhFJiqAMTF6HyWQrV9pK9HcGUdfJ ]
2019/05/08 19:11:29.687218 [1;35m[INF][m GID 36, [sideChainPowTransfer] start
2019/05/08 19:11:29.692044 [1;35m[INF][m GID 36, sideGenesisHash: a3c455a90843db2acd22554f2768a8d4233fafbf8dd549e6b261c2786993be56 sideBlockHash: a7098ce863405f8203ad66c4615b884f922b4d3677d2ca994f314495f6527623
2019/05/08 19:11:29.718403 [1;33m[WRN][m GID 36, [sideChainPowTransfer] create transaction failed: [Wallet], Available token is not enough
2019/05/08 19:11:29.718720 [1;35m[INF][m GID 36, [SyncSideChain] Start side chain mining, genesis address: [ XKUh4GLhFJiqAMTF6HyWQrV9pK9HcGUdfJ ]
2019/05/08 19:11:33.893381 [1;35m[INF][m GID 64, [arbitrator] Main chain height:  441
2019/05/08 19:11:33.896405 [1;35m[INF][m GID 64, [OnDutyArbitratorChanged] I became not on duty of main
2019/05/08 19:11:37.843652 [1;35m[INF][m GID 36, currentHeight: 271  chainHeight: 272
2019/05/08 19:11:37.912743 [1;35m[INF][m GID 36,  [SyncSideChain] Side chain [ XKUh4GLhFJiqAMTF6HyWQrV9pK9HcGUdfJ ] height:  272
2019/05/08 19:11:42.952190 [1;35m[INF][m GID 36, currentHeight: 272  chainHeight: 273
2019/05/08 19:11:42.970543 [1;35m[INF][m GID 36,  [SyncSideChain] Side chain [ XKUh4GLhFJiqAMTF6HyWQrV9pK9HcGUdfJ ] height:  273
2019/05/08 19:11:43.984290 [1;35m[INF][m GID 64, [arbitrator] Main chain height:  442
2019/05/08 19:11:50.170244 [1;35m[INF][m GID 64, [arbitrator] Main chain height:  443
2019/05/08 19:11:59.281164 [1;35m[INF][m GID 36, currentHeight: 273  chainHeight: 274
2019/05/08 19:11:59.307803 [1;35m[INF][m GID 36,  [SyncSideChain] Side chain [ XKUh4GLhFJiqAMTF6HyWQrV9pK9HcGUdfJ ] height:  274
2019/05/08 19:12:03.375695 [1;35m[INF][m GID 64, [arbitrator] Main chain height:  444
2019/05/08 19:12:03.378135 [1;35m[INF][m GID 64, [OnDutyArbitratorChanged] I am on duty of main
2019/05/08 19:12:03.378275 [1;35m[INF][m GID 64, [SyncMainChainCachedTxs] start
2019/05/08 19:12:03.378445 [1;35m[INF][m GID 64, [SyncMainChainCachedTxs] end
2019/05/08 19:12:03.378567 [1;33m[WRN][m GID 64, [SyncMainChainCachedTxs] No main chain tx in dbcache
2019/05/08 19:12:03.378690 [1;35m[INF][m GID 278, [OnDutyChanged] Start side chain mining: genesis address [ XVfmhjxGxBKgzYxyXCJTb6YmaRfWPVunj4 ]
2019/05/08 19:12:03.378881 [1;35m[INF][m GID 278, [sideChainPowTransfer] start
2019/05/08 19:12:03.378767 [1;35m[INF][m GID 276, [SendCachedWithdrawTxs] start
2019/05/08 19:12:03.379742 [1;35m[INF][m GID 276, No cached withdraw transaction need to send
2019/05/08 19:12:03.378779 [1;35m[INF][m GID 275, [SendCachedWithdrawTxs] start
2019/05/08 19:12:03.378792 [1;35m[INF][m GID 277, [OnDutyChanged] Start side chain mining: genesis address [ XKUh4GLhFJiqAMTF6HyWQrV9pK9HcGUdfJ ]
2019/05/08 19:12:03.379906 [1;35m[INF][m GID 276, [SendCachedWithdrawTxs] end
2019/05/08 19:12:03.380042 [1;35m[INF][m GID 275, No cached withdraw transaction need to send
2019/05/08 19:12:03.380397 [1;35m[INF][m GID 275, [SendCachedWithdrawTxs] end
2019/05/08 19:12:03.380170 [1;35m[INF][m GID 277, [sideChainPowTransfer] start
2019/05/08 19:12:03.381087 [1;35m[INF][m GID 277, sideGenesisHash: a3c455a90843db2acd22554f2768a8d4233fafbf8dd549e6b261c2786993be56 sideBlockHash: 26dc759a6bf9f50768d8ef15efad161ef8813aff47837274dcc07a2a08d6f20f
2019/05/08 19:12:03.386624 [1;33m[WRN][m GID 277, [sideChainPowTransfer] create transaction failed: [Wallet], Available token is not enough
2019/05/08 19:12:03.541000 [1;35m[INF][m GID 278, sideGenesisHash: 0e739a2b87774ef2266a3cabc79a8e1201732fe409cfe50bd4125efb1d1169b5 sideBlockHash: 5b9484d233de7e6c8bc6d7accf977bac8a99fa60eebb01afd9112698dc920d8d
2019/05/08 19:12:03.557340 [1;33m[WRN][m GID 278, [sideChainPowTransfer] create transaction failed: [Wallet], Available token is not enough
2019/05/08 19:12:04.556604 [1;35m[INF][m GID 37, currentHeight: 86  chainHeight: 87
2019/05/08 19:12:04.730558 [1;35m[INF][m GID 37,  [SyncSideChain] Side chain [ XVfmhjxGxBKgzYxyXCJTb6YmaRfWPVunj4 ] height:  87
2019/05/08 19:12:04.730954 [1;35m[INF][m GID 37, [OnDutyChanged] Start side chain mining: genesis address [ XVfmhjxGxBKgzYxyXCJTb6YmaRfWPVunj4 ]
2019/05/08 19:12:04.731023 [1;35m[INF][m GID 37, [sideChainPowTransfer] start
2019/05/08 19:12:04.807648 [1;35m[INF][m GID 37, sideGenesisHash: 0e739a2b87774ef2266a3cabc79a8e1201732fe409cfe50bd4125efb1d1169b5 sideBlockHash: 79803d5a9421cf07299a3c0cb1cab304ac09f24d59b0e22ba2b36cc6d9094006
2019/05/08 19:12:04.808400 [1;33m[WRN][m GID 37, [sideChainPowTransfer] create transaction failed: [Wallet], Available token is not enough
2019/05/08 19:12:04.808658 [1;35m[INF][m GID 37, [SyncSideChain] Start side chain mining, genesis address: [ XVfmhjxGxBKgzYxyXCJTb6YmaRfWPVunj4 ]
2019/05/08 19:12:13.251340 [1;35m[INF][m GID 98, Check and remove cross chain transactions from dbcache finished
2019/05/08 19:12:13.256145 [1;35m[INF][m GID 99, Warning side chain mining account:  EVRoEJRyyCLXuxH6A9dx6ydXKKeovns588: 0 EWtumTsffyujjR8epevdM1iKBxSzHnkvQS: 0 
2019/05/08 19:12:14.625180 [1;35m[INF][m GID 64, [arbitrator] Main chain height:  445
2019/05/08 19:12:14.628345 [1;35m[INF][m GID 64, [OnDutyArbitratorChanged] I became not on duty of main
2019/05/08 19:12:16.568788 [1;35m[INF][m GID 36, currentHeight: 274  chainHeight: 275
2019/05/08 19:12:16.607922 [1;35m[INF][m GID 36,  [SyncSideChain] Side chain [ XKUh4GLhFJiqAMTF6HyWQrV9pK9HcGUdfJ ] height:  275
2019/05/08 19:12:21.672237 [1;35m[INF][m GID 64, [arbitrator] Main chain height:  446
2019/05/08 19:12:29.796543 [1;35m[INF][m GID 64, [arbitrator] Main chain height:  447
2019/05/08 19:12:33.859240 [1;35m[INF][m GID 64, [arbitrator] Main chain height:  448
2019/05/08 19:12:33.862988 [1;35m[INF][m GID 64, [OnDutyArbitratorChanged] I am on duty of main
2019/05/08 19:12:33.863135 [1;35m[INF][m GID 64, [SyncMainChainCachedTxs] start
2019/05/08 19:12:33.863299 [1;35m[INF][m GID 64, [SyncMainChainCachedTxs] end
2019/05/08 19:12:33.863396 [1;33m[WRN][m GID 64, [SyncMainChainCachedTxs] No main chain tx in dbcache
2019/05/08 19:12:33.863462 [1;35m[INF][m GID 341, [OnDutyChanged] Start side chain mining: genesis address [ XVfmhjxGxBKgzYxyXCJTb6YmaRfWPVunj4 ]
2019/05/08 19:12:33.863566 [1;35m[INF][m GID 341, [sideChainPowTransfer] start
2019/05/08 19:12:33.863754 [1;35m[INF][m GID 338, [SendCachedWithdrawTxs] start
2019/05/08 19:12:33.864276 [1;35m[INF][m GID 338, No cached withdraw transaction need to send
2019/05/08 19:12:33.864478 [1;35m[INF][m GID 338, [SendCachedWithdrawTxs] end
2019/05/08 19:12:33.864591 [1;35m[INF][m GID 339, [SendCachedWithdrawTxs] start
2019/05/08 19:12:33.864737 [1;35m[INF][m GID 339, No cached withdraw transaction need to send
2019/05/08 19:12:33.864928 [1;35m[INF][m GID 339, [SendCachedWithdrawTxs] end
2019/05/08 19:12:33.865094 [1;35m[INF][m GID 340, [OnDutyChanged] Start side chain mining: genesis address [ XKUh4GLhFJiqAMTF6HyWQrV9pK9HcGUdfJ ]
2019/05/08 19:12:33.865244 [1;35m[INF][m GID 340, [sideChainPowTransfer] start
2019/05/08 19:12:33.865561 [1;35m[INF][m GID 341, sideGenesisHash: 0e739a2b87774ef2266a3cabc79a8e1201732fe409cfe50bd4125efb1d1169b5 sideBlockHash: c6627cdd7724ed8fff87c2e0d38d3502c5c750ff173d45ff3549e8c7bd7be257
2019/05/08 19:12:33.872879 [1;33m[WRN][m GID 341, [sideChainPowTransfer] create transaction failed: [Wallet], Available token is not enough
2019/05/08 19:12:33.902716 [1;35m[INF][m GID 340, sideGenesisHash: a3c455a90843db2acd22554f2768a8d4233fafbf8dd549e6b261c2786993be56 sideBlockHash: bf931cc906ffee87d849a93973c3274d314d55b30a605e34e40e10046a438fff
2019/05/08 19:12:33.903568 [1;33m[WRN][m GID 340, [sideChainPowTransfer] create transaction failed: [Wallet], Available token is not enough
2019/05/08 19:12:37.999135 [1;35m[INF][m GID 64, [arbitrator] Main chain height:  449
2019/05/08 19:12:38.009874 [1;35m[INF][m GID 64, [OnDutyArbitratorChanged] I became not on duty of main
2019/05/08 19:12:42.617967 [1;35m[INF][m GID 37, currentHeight: 87  chainHeight: 88
2019/05/08 19:12:42.621529 [1;35m[INF][m GID 37,  [SyncSideChain] Side chain [ XVfmhjxGxBKgzYxyXCJTb6YmaRfWPVunj4 ] height:  88
2019/05/08 19:12:45.174950 [1;35m[INF][m GID 64, [arbitrator] Main chain height:  450
2019/05/08 19:12:55.214102 [1;35m[INF][m GID 36, currentHeight: 275  chainHeight: 276
2019/05/08 19:12:55.223266 [1;35m[INF][m GID 36,  [SyncSideChain] Side chain [ XKUh4GLhFJiqAMTF6HyWQrV9pK9HcGUdfJ ] height:  276
2019/05/08 19:13:02.537697 [1;35m[INF][m GID 64, [arbitrator] Main chain height:  451
2019/05/08 19:13:05.954516 [1;35m[INF][m GID 37, currentHeight: 88  chainHeight: 89
2019/05/08 19:13:06.004272 [1;35m[INF][m GID 37,  [SyncSideChain] Side chain [ XVfmhjxGxBKgzYxyXCJTb6YmaRfWPVunj4 ] height:  89
2019/05/08 19:13:12.686116 [1;35m[INF][m GID 64, [arbitrator] Main chain height:  452
2019/05/08 19:13:12.698664 [1;35m[INF][m GID 64, [OnDutyArbitratorChanged] I am on duty of main
2019/05/08 19:13:12.698795 [1;35m[INF][m GID 64, [SyncMainChainCachedTxs] start
2019/05/08 19:13:12.698971 [1;35m[INF][m GID 64, [SyncMainChainCachedTxs] end
2019/05/08 19:13:12.699093 [1;33m[WRN][m GID 64, [SyncMainChainCachedTxs] No main chain tx in dbcache
2019/05/08 19:13:12.699202 [1;35m[INF][m GID 380, [SendCachedWithdrawTxs] start
2019/05/08 19:13:12.699298 [1;35m[INF][m GID 380, No cached withdraw transaction need to send
2019/05/08 19:13:12.699326 [1;35m[INF][m GID 380, [SendCachedWithdrawTxs] end
2019/05/08 19:13:12.699346 [1;35m[INF][m GID 379, [SendCachedWithdrawTxs] start
2019/05/08 19:13:12.699395 [1;35m[INF][m GID 379, No cached withdraw transaction need to send
2019/05/08 19:13:12.699414 [1;35m[INF][m GID 379, [SendCachedWithdrawTxs] end
2019/05/08 19:13:12.699432 [1;35m[INF][m GID 381, [OnDutyChanged] Start side chain mining: genesis address [ XKUh4GLhFJiqAMTF6HyWQrV9pK9HcGUdfJ ]
2019/05/08 19:13:12.699461 [1;35m[INF][m GID 381, [sideChainPowTransfer] start
2019/05/08 19:13:12.699580 [1;35m[INF][m GID 382, [OnDutyChanged] Start side chain mining: genesis address [ XVfmhjxGxBKgzYxyXCJTb6YmaRfWPVunj4 ]
2019/05/08 19:13:12.699613 [1;35m[INF][m GID 382, [sideChainPowTransfer] start
2019/05/08 19:13:12.704548 [1;35m[INF][m GID 382, sideGenesisHash: 0e739a2b87774ef2266a3cabc79a8e1201732fe409cfe50bd4125efb1d1169b5 sideBlockHash: eb406b24def0dd4c6ebf682151726974995e033a36e030f54341961db2dc41eb
2019/05/08 19:13:12.705147 [1;33m[WRN][m GID 382, [sideChainPowTransfer] create transaction failed: [Wallet], Available token is not enough
2019/05/08 19:13:12.707701 [1;35m[INF][m GID 381, sideGenesisHash: a3c455a90843db2acd22554f2768a8d4233fafbf8dd549e6b261c2786993be56 sideBlockHash: c6d13a00897937497ac4864a4b06b2ba1bbbbf7468068ab720d35ca43d5be246
2019/05/08 19:13:12.749846 [1;33m[WRN][m GID 381, [sideChainPowTransfer] create transaction failed: [Wallet], Available token is not enough
2019/05/08 19:13:13.252542 [1;35m[INF][m GID 98, Check and remove cross chain transactions from dbcache finished
2019/05/08 19:13:13.297721 [1;35m[INF][m GID 99, Warning side chain mining account:  EVRoEJRyyCLXuxH6A9dx6ydXKKeovns588: 0 EWtumTsffyujjR8epevdM1iKBxSzHnkvQS: 0 
2019/05/08 19:13:16.456592 [1;35m[INF][m GID 36, currentHeight: 276  chainHeight: 277
2019/05/08 19:13:16.466944 [1;35m[INF][m GID 36,  [SyncSideChain] Side chain [ XKUh4GLhFJiqAMTF6HyWQrV9pK9HcGUdfJ ] height:  277
2019/05/08 19:13:16.467109 [1;35m[INF][m GID 36, [OnDutyChanged] Start side chain mining: genesis address [ XKUh4GLhFJiqAMTF6HyWQrV9pK9HcGUdfJ ]
2019/05/08 19:13:16.467227 [1;35m[INF][m GID 36, [sideChainPowTransfer] start
2019/05/08 19:13:16.516809 [1;35m[INF][m GID 36, sideGenesisHash: a3c455a90843db2acd22554f2768a8d4233fafbf8dd549e6b261c2786993be56 sideBlockHash: 570a8167b1170ef9a135416a64331ffc8269b814f951f5f3f4b2723513a0383e
2019/05/08 19:13:16.574465 [1;33m[WRN][m GID 36, [sideChainPowTransfer] create transaction failed: [Wallet], Available token is not enough
2019/05/08 19:13:16.574684 [1;35m[INF][m GID 36, [SyncSideChain] Start side chain mining, genesis address: [ XKUh4GLhFJiqAMTF6HyWQrV9pK9HcGUdfJ ]
2019/05/08 19:13:20.142661 [1;35m[INF][m GID 37, currentHeight: 89  chainHeight: 90
2019/05/08 19:13:20.192283 [1;35m[INF][m GID 37,  [SyncSideChain] Side chain [ XVfmhjxGxBKgzYxyXCJTb6YmaRfWPVunj4 ] height:  90
2019/05/08 19:13:20.192441 [1;35m[INF][m GID 37, [OnDutyChanged] Start side chain mining: genesis address [ XVfmhjxGxBKgzYxyXCJTb6YmaRfWPVunj4 ]
2019/05/08 19:13:20.192541 [1;35m[INF][m GID 37, [sideChainPowTransfer] start
2019/05/08 19:13:20.251478 [1;35m[INF][m GID 37, sideGenesisHash: 0e739a2b87774ef2266a3cabc79a8e1201732fe409cfe50bd4125efb1d1169b5 sideBlockHash: 71fbca0ac57d9a37a27139ce42c023a279a9d03e0676f18cc18723dcf1e65b90
2019/05/08 19:13:20.258003 [1;33m[WRN][m GID 37, [sideChainPowTransfer] create transaction failed: [Wallet], Available token is not enough
2019/05/08 19:13:20.258126 [1;35m[INF][m GID 37, [SyncSideChain] Start side chain mining, genesis address: [ XVfmhjxGxBKgzYxyXCJTb6YmaRfWPVunj4 ]
2019/05/08 19:13:21.620287 [1;35m[INF][m GID 36, currentHeight: 277  chainHeight: 278
2019/05/08 19:13:21.626811 [1;35m[INF][m GID 36,  [SyncSideChain] Side chain [ XKUh4GLhFJiqAMTF6HyWQrV9pK9HcGUdfJ ] height:  278
2019/05/08 19:13:21.626935 [1;35m[INF][m GID 36, [OnDutyChanged] Start side chain mining: genesis address [ XKUh4GLhFJiqAMTF6HyWQrV9pK9HcGUdfJ ]
2019/05/08 19:13:21.627040 [1;35m[INF][m GID 36, [sideChainPowTransfer] start
2019/05/08 19:13:21.635736 [1;35m[INF][m GID 36, sideGenesisHash: a3c455a90843db2acd22554f2768a8d4233fafbf8dd549e6b261c2786993be56 sideBlockHash: a50124fe1a7a473dd1b3c985103f70adf82099658b9b883299f5f4744e7b508e
2019/05/08 19:13:21.641961 [1;33m[WRN][m GID 36, [sideChainPowTransfer] create transaction failed: [Wallet], Available token is not enough
2019/05/08 19:13:21.642092 [1;35m[INF][m GID 36, [SyncSideChain] Start side chain mining, genesis address: [ XKUh4GLhFJiqAMTF6HyWQrV9pK9HcGUdfJ ]
2019/05/08 19:13:23.984703 [1;35m[INF][m GID 64, [arbitrator] Main chain height:  453
2019/05/08 19:13:23.987753 [1;35m[INF][m GID 64, [OnDutyArbitratorChanged] I became not on duty of main
2019/05/08 19:13:33.088026 [1;35m[INF][m GID 64, [arbitrator] Main chain height:  454
2019/05/08 19:13:37.124700 [1;35m[INF][m GID 64, [arbitrator] Main chain height:  455
2019/05/08 19:13:43.258420 [1;35m[INF][m GID 64, [arbitrator] Main chain height:  456
2019/05/08 19:13:43.262116 [1;35m[INF][m GID 64, [OnDutyArbitratorChanged] I am on duty of main
2019/05/08 19:13:43.262268 [1;35m[INF][m GID 64, [SyncMainChainCachedTxs] start
2019/05/08 19:13:43.262453 [1;35m[INF][m GID 64, [SyncMainChainCachedTxs] end
2019/05/08 19:13:43.262575 [1;33m[WRN][m GID 64, [SyncMainChainCachedTxs] No main chain tx in dbcache
2019/05/08 19:13:43.262703 [1;35m[INF][m GID 471, [OnDutyChanged] Start side chain mining: genesis address [ XVfmhjxGxBKgzYxyXCJTb6YmaRfWPVunj4 ]
2019/05/08 19:13:43.262870 [1;35m[INF][m GID 471, [sideChainPowTransfer] start
2019/05/08 19:13:43.262810 [1;35m[INF][m GID 469, [SendCachedWithdrawTxs] start
2019/05/08 19:13:43.263246 [1;35m[INF][m GID 469, No cached withdraw transaction need to send
2019/05/08 19:13:43.263366 [1;35m[INF][m GID 469, [SendCachedWithdrawTxs] end
2019/05/08 19:13:43.262826 [1;35m[INF][m GID 468, [SendCachedWithdrawTxs] start
2019/05/08 19:13:43.262839 [1;35m[INF][m GID 470, [OnDutyChanged] Start side chain mining: genesis address [ XKUh4GLhFJiqAMTF6HyWQrV9pK9HcGUdfJ ]
2019/05/08 19:13:43.263735 [1;35m[INF][m GID 470, [sideChainPowTransfer] start
2019/05/08 19:13:43.263918 [1;35m[INF][m GID 468, No cached withdraw transaction need to send
2019/05/08 19:13:43.264030 [1;35m[INF][m GID 468, [SendCachedWithdrawTxs] end
2019/05/08 19:13:43.265657 [1;35m[INF][m GID 471, sideGenesisHash: 0e739a2b87774ef2266a3cabc79a8e1201732fe409cfe50bd4125efb1d1169b5 sideBlockHash: f3ba2b4a6a9393493ce0429bb216727c8ff2236a094ac006622422a753ca3a90
2019/05/08 19:13:43.265925 [1;35m[INF][m GID 470, sideGenesisHash: a3c455a90843db2acd22554f2768a8d4233fafbf8dd549e6b261c2786993be56 sideBlockHash: dcd5b21f3fc4deeb2d545d3d0238109b4731435ade8527e0edfaaba0effddbdd
2019/05/08 19:13:43.266363 [1;33m[WRN][m GID 471, [sideChainPowTransfer] create transaction failed: [Wallet], Available token is not enough
2019/05/08 19:13:43.266880 [1;33m[WRN][m GID 470, [sideChainPowTransfer] create transaction failed: [Wallet], Available token is not enough
2019/05/08 19:13:55.444482 [1;35m[INF][m GID 64, [arbitrator] Main chain height:  457
2019/05/08 19:13:55.447299 [1;35m[INF][m GID 64, [OnDutyArbitratorChanged] I became not on duty of main
2019/05/08 19:14:10.759839 [1;35m[INF][m GID 64, [arbitrator] Main chain height:  458
2019/05/08 19:14:10.768724 [1;35m[INF][m GID 37, currentHeight: 90  chainHeight: 91
2019/05/08 19:14:10.782025 [1;35m[INF][m GID 37,  [SyncSideChain] Side chain [ XVfmhjxGxBKgzYxyXCJTb6YmaRfWPVunj4 ] height:  91
2019/05/08 19:14:13.253375 [1;35m[INF][m GID 98, Check and remove cross chain transactions from dbcache finished
2019/05/08 19:14:13.299854 [1;35m[INF][m GID 99, Warning side chain mining account:  EVRoEJRyyCLXuxH6A9dx6ydXKKeovns588: 0 EWtumTsffyujjR8epevdM1iKBxSzHnkvQS: 0 
2019/05/08 19:14:13.411697 [1;35m[INF][m GID 36, currentHeight: 278  chainHeight: 279
2019/05/08 19:14:13.489725 [1;35m[INF][m GID 36,  [SyncSideChain] Side chain [ XKUh4GLhFJiqAMTF6HyWQrV9pK9HcGUdfJ ] height:  279
2019/05/08 19:14:15.825018 [1;35m[INF][m GID 64, [arbitrator] Main chain height:  459
2019/05/08 19:14:21.914976 [1;35m[INF][m GID 64, [arbitrator] Main chain height:  460
2019/05/08 19:14:21.917578 [1;35m[INF][m GID 64, [OnDutyArbitratorChanged] I am on duty of main
2019/05/08 19:14:21.917805 [1;35m[INF][m GID 64, [SyncMainChainCachedTxs] start
2019/05/08 19:14:21.918001 [1;35m[INF][m GID 64, [SyncMainChainCachedTxs] end
2019/05/08 19:14:21.918156 [1;33m[WRN][m GID 64, [SyncMainChainCachedTxs] No main chain tx in dbcache
2019/05/08 19:14:21.918281 [1;35m[INF][m GID 513, [OnDutyChanged] Start side chain mining: genesis address [ XVfmhjxGxBKgzYxyXCJTb6YmaRfWPVunj4 ]
2019/05/08 19:14:21.918562 [1;35m[INF][m GID 513, [sideChainPowTransfer] start
2019/05/08 19:14:21.918337 [1;35m[INF][m GID 511, [SendCachedWithdrawTxs] start
2019/05/08 19:14:21.919187 [1;35m[INF][m GID 511, No cached withdraw transaction need to send
2019/05/08 19:14:21.919804 [1;35m[INF][m GID 511, [SendCachedWithdrawTxs] end
2019/05/08 19:14:21.918349 [1;35m[INF][m GID 510, [SendCachedWithdrawTxs] start
2019/05/08 19:14:21.918436 [1;35m[INF][m GID 512, [OnDutyChanged] Start side chain mining: genesis address [ XKUh4GLhFJiqAMTF6HyWQrV9pK9HcGUdfJ ]
2019/05/08 19:14:21.920257 [1;35m[INF][m GID 512, [sideChainPowTransfer] start
2019/05/08 19:14:21.920508 [1;35m[INF][m GID 510, No cached withdraw transaction need to send
2019/05/08 19:14:21.920621 [1;35m[INF][m GID 510, [SendCachedWithdrawTxs] end
2019/05/08 19:14:21.921114 [1;35m[INF][m GID 512, sideGenesisHash: a3c455a90843db2acd22554f2768a8d4233fafbf8dd549e6b261c2786993be56 sideBlockHash: 3e2bc3a83db5508a8ec7f38955fab0761b517efdc02347988e5a0615d36c96fd
2019/05/08 19:14:21.921706 [1;33m[WRN][m GID 512, [sideChainPowTransfer] create transaction failed: [Wallet], Available token is not enough
2019/05/08 19:14:21.929865 [1;35m[INF][m GID 513, sideGenesisHash: 0e739a2b87774ef2266a3cabc79a8e1201732fe409cfe50bd4125efb1d1169b5 sideBlockHash: d36fd17b313c127cd9fdce1c1b1ffc415058729acb703d46d7d437fb05636ac9
2019/05/08 19:14:21.930414 [1;33m[WRN][m GID 513, [sideChainPowTransfer] create transaction failed: [Wallet], Available token is not enough
2019/05/08 19:14:27.988975 [1;35m[INF][m GID 64, [arbitrator] Main chain height:  461
2019/05/08 19:14:27.998938 [1;35m[INF][m GID 64, [OnDutyArbitratorChanged] I became not on duty of main
2019/05/08 19:14:34.735286 [1;35m[INF][m GID 36, currentHeight: 279  chainHeight: 280
2019/05/08 19:14:34.745187 [1;35m[INF][m GID 36,  [SyncSideChain] Side chain [ XKUh4GLhFJiqAMTF6HyWQrV9pK9HcGUdfJ ] height:  280
2019/05/08 19:14:36.024923 [1;35m[INF][m GID 64, [arbitrator] Main chain height:  462
2019/05/08 19:14:40.125705 [1;35m[INF][m GID 64, [arbitrator] Main chain height:  463
2019/05/08 19:14:50.971830 [1;35m[INF][m GID 36, currentHeight: 280  chainHeight: 281
2019/05/08 19:14:51.005293 [1;35m[INF][m GID 36,  [SyncSideChain] Side chain [ XKUh4GLhFJiqAMTF6HyWQrV9pK9HcGUdfJ ] height:  281
2019/05/08 19:14:51.243492 [1;35m[INF][m GID 64, [arbitrator] Main chain height:  464
2019/05/08 19:14:51.246435 [1;35m[INF][m GID 64, [OnDutyArbitratorChanged] I am on duty of main
2019/05/08 19:14:51.246475 [1;35m[INF][m GID 64, [SyncMainChainCachedTxs] start
2019/05/08 19:14:51.246753 [1;35m[INF][m GID 64, [SyncMainChainCachedTxs] end
2019/05/08 19:14:51.246866 [1;33m[WRN][m GID 64, [SyncMainChainCachedTxs] No main chain tx in dbcache
2019/05/08 19:14:51.246982 [1;35m[INF][m GID 612, [OnDutyChanged] Start side chain mining: genesis address [ XVfmhjxGxBKgzYxyXCJTb6YmaRfWPVunj4 ]
2019/05/08 19:14:51.247142 [1;35m[INF][m GID 612, [sideChainPowTransfer] start
2019/05/08 19:14:51.247035 [1;35m[INF][m GID 610, [SendCachedWithdrawTxs] start
2019/05/08 19:14:51.247506 [1;35m[INF][m GID 610, No cached withdraw transaction need to send
2019/05/08 19:14:51.247615 [1;35m[INF][m GID 610, [SendCachedWithdrawTxs] end
2019/05/08 19:14:51.247101 [1;35m[INF][m GID 609, [SendCachedWithdrawTxs] start
2019/05/08 19:14:51.247875 [1;35m[INF][m GID 609, No cached withdraw transaction need to send
2019/05/08 19:14:51.247990 [1;35m[INF][m GID 609, [SendCachedWithdrawTxs] end
2019/05/08 19:14:51.247117 [1;35m[INF][m GID 611, [OnDutyChanged] Start side chain mining: genesis address [ XKUh4GLhFJiqAMTF6HyWQrV9pK9HcGUdfJ ]
2019/05/08 19:14:51.248202 [1;35m[INF][m GID 611, [sideChainPowTransfer] start
2019/05/08 19:14:51.257088 [1;35m[INF][m GID 612, sideGenesisHash: 0e739a2b87774ef2266a3cabc79a8e1201732fe409cfe50bd4125efb1d1169b5 sideBlockHash: 918baff5cb6f4d4e1b6e50bae60c7767175a5272259b3ff4c9cbb69e12de8a15
2019/05/08 19:14:51.257705 [1;33m[WRN][m GID 612, [sideChainPowTransfer] create transaction failed: [Wallet], Available token is not enough
2019/05/08 19:14:51.263866 [1;35m[INF][m GID 611, sideGenesisHash: a3c455a90843db2acd22554f2768a8d4233fafbf8dd549e6b261c2786993be56 sideBlockHash: 3eb83973995c720102956eeee2d6534159c734f9209592ddad20922f74ed65ce
2019/05/08 19:14:51.267848 [1;33m[WRN][m GID 611, [sideChainPowTransfer] create transaction failed: [Wallet], Available token is not enough
2019/05/08 19:14:56.306351 [1;35m[INF][m GID 64, [arbitrator] Main chain height:  465
2019/05/08 19:14:56.312409 [1;35m[INF][m GID 64, [OnDutyArbitratorChanged] I became not on duty of main
2019/05/08 19:15:00.266134 [1;35m[INF][m GID 36, currentHeight: 281  chainHeight: 282
2019/05/08 19:15:00.276203 [1;35m[INF][m GID 36,  [SyncSideChain] Side chain [ XKUh4GLhFJiqAMTF6HyWQrV9pK9HcGUdfJ ] height:  282
2019/05/08 19:15:01.388280 [1;35m[INF][m GID 64, [arbitrator] Main chain height:  466
2019/05/08 19:15:02.277486 [1;35m[INF][m GID 36, currentHeight: 282  chainHeight: 283
2019/05/08 19:15:02.281969 [1;35m[INF][m GID 36,  [SyncSideChain] Side chain [ XKUh4GLhFJiqAMTF6HyWQrV9pK9HcGUdfJ ] height:  283
2019/05/08 19:15:02.392587 [1;35m[INF][m GID 64, [arbitrator] Main chain height:  467
2019/05/08 19:15:03.283217 [1;35m[INF][m GID 36, currentHeight: 283  chainHeight: 284
2019/05/08 19:15:03.286619 [1;35m[INF][m GID 36,  [SyncSideChain] Side chain [ XKUh4GLhFJiqAMTF6HyWQrV9pK9HcGUdfJ ] height:  284
2019/05/08 19:15:07.509219 [1;35m[INF][m GID 64, [arbitrator] Main chain height:  468
2019/05/08 19:15:07.512254 [1;35m[INF][m GID 64, [OnDutyArbitratorChanged] I am on duty of main
2019/05/08 19:15:07.512381 [1;35m[INF][m GID 64, [SyncMainChainCachedTxs] start
2019/05/08 19:15:07.512628 [1;35m[INF][m GID 64, [SyncMainChainCachedTxs] end
2019/05/08 19:15:07.512745 [1;33m[WRN][m GID 64, [SyncMainChainCachedTxs] No main chain tx in dbcache
2019/05/08 19:15:07.512894 [1;35m[INF][m GID 645, [OnDutyChanged] Start side chain mining: genesis address [ XVfmhjxGxBKgzYxyXCJTb6YmaRfWPVunj4 ]
2019/05/08 19:15:07.513032 [1;35m[INF][m GID 645, [sideChainPowTransfer] start
2019/05/08 19:15:07.512976 [1;35m[INF][m GID 642, [SendCachedWithdrawTxs] start
2019/05/08 19:15:07.513366 [1;35m[INF][m GID 642, No cached withdraw transaction need to send
2019/05/08 19:15:07.513488 [1;35m[INF][m GID 642, [SendCachedWithdrawTxs] end
2019/05/08 19:15:07.512994 [1;35m[INF][m GID 643, [SendCachedWithdrawTxs] start
2019/05/08 19:15:07.513738 [1;35m[INF][m GID 643, No cached withdraw transaction need to send
2019/05/08 19:15:07.513857 [1;35m[INF][m GID 643, [SendCachedWithdrawTxs] end
2019/05/08 19:15:07.513002 [1;35m[INF][m GID 644, [OnDutyChanged] Start side chain mining: genesis address [ XKUh4GLhFJiqAMTF6HyWQrV9pK9HcGUdfJ ]
2019/05/08 19:15:07.514081 [1;35m[INF][m GID 644, [sideChainPowTransfer] start
2019/05/08 19:15:07.541497 [1;35m[INF][m GID 644, sideGenesisHash: a3c455a90843db2acd22554f2768a8d4233fafbf8dd549e6b261c2786993be56 sideBlockHash: 4376b90550d9744c7ad3397cb565fed2c8a888c26c1fff52a458d8339f914e20
2019/05/08 19:15:07.542247 [1;33m[WRN][m GID 644, [sideChainPowTransfer] create transaction failed: [Wallet], Available token is not enough
2019/05/08 19:15:07.546495 [1;35m[INF][m GID 645, sideGenesisHash: 0e739a2b87774ef2266a3cabc79a8e1201732fe409cfe50bd4125efb1d1169b5 sideBlockHash: ee4f5e6eda0038513bf861d7f4c61c079d3d7618b94bb90f2251b4abc3c1e94a
2019/05/08 19:15:07.546914 [1;33m[WRN][m GID 645, [sideChainPowTransfer] create transaction failed: [Wallet], Available token is not enough
2019/05/08 19:15:08.542630 [1;35m[INF][m GID 64, [arbitrator] Main chain height:  469
2019/05/08 19:15:08.545373 [1;35m[INF][m GID 64, [OnDutyArbitratorChanged] I became not on duty of main
2019/05/08 19:15:13.253854 [1;35m[INF][m GID 98, Check and remove cross chain transactions from dbcache finished
2019/05/08 19:15:13.313694 [1;35m[INF][m GID 99, Warning side chain mining account:  EVRoEJRyyCLXuxH6A9dx6ydXKKeovns588: 0 EWtumTsffyujjR8epevdM1iKBxSzHnkvQS: 0 
2019/05/08 19:15:23.476762 [1;35m[INF][m GID 36, currentHeight: 284  chainHeight: 285
2019/05/08 19:15:23.480500 [1;35m[INF][m GID 36,  [SyncSideChain] Side chain [ XKUh4GLhFJiqAMTF6HyWQrV9pK9HcGUdfJ ] height:  285
2019/05/08 19:15:25.967280 [1;35m[INF][m GID 37, currentHeight: 91  chainHeight: 92
2019/05/08 19:15:25.973239 [1;35m[INF][m GID 37,  [SyncSideChain] Side chain [ XVfmhjxGxBKgzYxyXCJTb6YmaRfWPVunj4 ] height:  92
2019/05/08 19:15:26.518872 [1;35m[INF][m GID 36, currentHeight: 285  chainHeight: 286
2019/05/08 19:15:26.654470 [1;35m[INF][m GID 36,  [SyncSideChain] Side chain [ XKUh4GLhFJiqAMTF6HyWQrV9pK9HcGUdfJ ] height:  286
2019/05/08 19:15:38.194822 [1;35m[INF][m GID 37, currentHeight: 92  chainHeight: 93
2019/05/08 19:15:38.198720 [1;35m[INF][m GID 37,  [SyncSideChain] Side chain [ XVfmhjxGxBKgzYxyXCJTb6YmaRfWPVunj4 ] height:  93
2019/05/08 19:15:40.853096 [1;35m[INF][m GID 36, currentHeight: 286  chainHeight: 287
2019/05/08 19:15:40.868337 [1;35m[INF][m GID 36,  [SyncSideChain] Side chain [ XKUh4GLhFJiqAMTF6HyWQrV9pK9HcGUdfJ ] height:  287
2019/05/08 19:15:41.032913 [1;35m[INF][m GID 64, [arbitrator] Main chain height:  470
2019/05/08 19:15:43.141959 [1;35m[INF][m GID 64, [arbitrator] Main chain height:  471
2019/05/08 19:15:46.160260 [1;35m[INF][m GID 64, [arbitrator] Main chain height:  472
2019/05/08 19:15:46.162929 [1;35m[INF][m GID 64, [OnDutyArbitratorChanged] I am on duty of main
2019/05/08 19:15:46.163067 [1;35m[INF][m GID 64, [SyncMainChainCachedTxs] start
2019/05/08 19:15:46.163239 [1;35m[INF][m GID 64, [SyncMainChainCachedTxs] end
2019/05/08 19:15:46.163366 [1;33m[WRN][m GID 64, [SyncMainChainCachedTxs] No main chain tx in dbcache
2019/05/08 19:15:46.163476 [1;35m[INF][m GID 718, [OnDutyChanged] Start side chain mining: genesis address [ XVfmhjxGxBKgzYxyXCJTb6YmaRfWPVunj4 ]
2019/05/08 19:15:46.163563 [1;35m[INF][m GID 717, [OnDutyChanged] Start side chain mining: genesis address [ XKUh4GLhFJiqAMTF6HyWQrV9pK9HcGUdfJ ]
2019/05/08 19:15:46.163673 [1;35m[INF][m GID 718, [sideChainPowTransfer] start
2019/05/08 19:15:46.163536 [1;35m[INF][m GID 716, [SendCachedWithdrawTxs] start
2019/05/08 19:15:46.163905 [1;35m[INF][m GID 717, [sideChainPowTransfer] start
2019/05/08 19:15:46.163550 [1;35m[INF][m GID 715, [SendCachedWithdrawTxs] start
2019/05/08 19:15:46.164198 [1;35m[INF][m GID 716, No cached withdraw transaction need to send
2019/05/08 19:15:46.164297 [1;35m[INF][m GID 716, [SendCachedWithdrawTxs] end
2019/05/08 19:15:46.164389 [1;35m[INF][m GID 715, No cached withdraw transaction need to send
2019/05/08 19:15:46.164464 [1;35m[INF][m GID 715, [SendCachedWithdrawTxs] end
2019/05/08 19:15:46.172002 [1;35m[INF][m GID 717, sideGenesisHash: a3c455a90843db2acd22554f2768a8d4233fafbf8dd549e6b261c2786993be56 sideBlockHash: e412d663908ad5e6326563a401f9a8c257f88eef2dd4b7a12624cde49d657a60
2019/05/08 19:15:46.177618 [1;33m[WRN][m GID 717, [sideChainPowTransfer] create transaction failed: [Wallet], Available token is not enough
2019/05/08 19:15:46.183891 [1;35m[INF][m GID 718, sideGenesisHash: 0e739a2b87774ef2266a3cabc79a8e1201732fe409cfe50bd4125efb1d1169b5 sideBlockHash: 7031fc5b335d0d63caad0dddbad860438b65cfa3eaeee6438406d2d38d044dee
2019/05/08 19:15:46.252818 [1;33m[WRN][m GID 718, [sideChainPowTransfer] create transaction failed: [Wallet], Available token is not enough
2019/05/08 19:16:01.390313 [1;35m[INF][m GID 64, [arbitrator] Main chain height:  473
2019/05/08 19:16:01.395928 [1;35m[INF][m GID 64, [OnDutyArbitratorChanged] I became not on duty of main
2019/05/08 19:16:11.191333 [1;35m[INF][m GID 36, currentHeight: 287  chainHeight: 288
2019/05/08 19:16:11.208142 [1;35m[INF][m GID 36,  [SyncSideChain] Side chain [ XKUh4GLhFJiqAMTF6HyWQrV9pK9HcGUdfJ ] height:  288
2019/05/08 19:16:12.660858 [1;35m[INF][m GID 64, [arbitrator] Main chain height:  474
2019/05/08 19:16:13.254401 [1;35m[INF][m GID 98, Check and remove cross chain transactions from dbcache finished
2019/05/08 19:16:13.360274 [1;35m[INF][m GID 99, Warning side chain mining account:  EVRoEJRyyCLXuxH6A9dx6ydXKKeovns588: 0 EWtumTsffyujjR8epevdM1iKBxSzHnkvQS: 0 
2019/05/08 19:16:24.351672 [1;35m[INF][m GID 36, currentHeight: 288  chainHeight: 289
2019/05/08 19:16:24.357298 [1;35m[INF][m GID 36,  [SyncSideChain] Side chain [ XKUh4GLhFJiqAMTF6HyWQrV9pK9HcGUdfJ ] height:  289
2019/05/08 19:16:27.967492 [1;35m[INF][m GID 64, [arbitrator] Main chain height:  475
2019/05/08 19:16:41.596209 [1;35m[INF][m GID 36, currentHeight: 289  chainHeight: 290
2019/05/08 19:16:41.600732 [1;35m[INF][m GID 36,  [SyncSideChain] Side chain [ XKUh4GLhFJiqAMTF6HyWQrV9pK9HcGUdfJ ] height:  290
2019/05/08 19:16:42.984678 [1;35m[INF][m GID 37, currentHeight: 93  chainHeight: 94
2019/05/08 19:16:42.988800 [1;35m[INF][m GID 37,  [SyncSideChain] Side chain [ XVfmhjxGxBKgzYxyXCJTb6YmaRfWPVunj4 ] height:  94
2019/05/08 19:17:00.393842 [1;35m[INF][m GID 64, [arbitrator] Main chain height:  476
2019/05/08 19:17:00.396553 [1;35m[INF][m GID 64, [OnDutyArbitratorChanged] I am on duty of main
2019/05/08 19:17:00.396674 [1;35m[INF][m GID 64, [SyncMainChainCachedTxs] start
2019/05/08 19:17:00.396845 [1;35m[INF][m GID 64, [SyncMainChainCachedTxs] end
2019/05/08 19:17:00.396966 [1;33m[WRN][m GID 64, [SyncMainChainCachedTxs] No main chain tx in dbcache
2019/05/08 19:17:00.397019 [1;35m[INF][m GID 841, [OnDutyChanged] Start side chain mining: genesis address [ XVfmhjxGxBKgzYxyXCJTb6YmaRfWPVunj4 ]
2019/05/08 19:17:00.397074 [1;35m[INF][m GID 841, [sideChainPowTransfer] start
2019/05/08 19:17:00.397137 [1;35m[INF][m GID 839, [SendCachedWithdrawTxs] start
2019/05/08 19:17:00.397215 [1;35m[INF][m GID 840, [OnDutyChanged] Start side chain mining: genesis address [ XKUh4GLhFJiqAMTF6HyWQrV9pK9HcGUdfJ ]
2019/05/08 19:17:00.397238 [1;35m[INF][m GID 840, [sideChainPowTransfer] start
2019/05/08 19:17:00.397345 [1;35m[INF][m GID 838, [SendCachedWithdrawTxs] start
2019/05/08 19:17:00.397517 [1;35m[INF][m GID 839, No cached withdraw transaction need to send
2019/05/08 19:17:00.397597 [1;35m[INF][m GID 839, [SendCachedWithdrawTxs] end
2019/05/08 19:17:00.397697 [1;35m[INF][m GID 838, No cached withdraw transaction need to send
2019/05/08 19:17:00.397762 [1;35m[INF][m GID 838, [SendCachedWithdrawTxs] end
2019/05/08 19:17:00.398793 [1;35m[INF][m GID 840, sideGenesisHash: a3c455a90843db2acd22554f2768a8d4233fafbf8dd549e6b261c2786993be56 sideBlockHash: 703dda074f46f12762826c4f8d998ee1ad221a50aa32d61f92ea3f3b655a23af
2019/05/08 19:17:00.399722 [1;33m[WRN][m GID 840, [sideChainPowTransfer] create transaction failed: [Wallet], Available token is not enough
2019/05/08 19:17:00.405527 [1;35m[INF][m GID 841, sideGenesisHash: 0e739a2b87774ef2266a3cabc79a8e1201732fe409cfe50bd4125efb1d1169b5 sideBlockHash: eacaa93ab492f1cd0480932fb6c9d1f98135e425a85b96ef80278bb68088ab1c
2019/05/08 19:17:00.408184 [1;33m[WRN][m GID 841, [sideChainPowTransfer] create transaction failed: [Wallet], Available token is not enough
2019/05/08 19:17:07.257776 [1;35m[INF][m GID 37, currentHeight: 94  chainHeight: 95
2019/05/08 19:17:07.280645 [1;35m[INF][m GID 37,  [SyncSideChain] Side chain [ XVfmhjxGxBKgzYxyXCJTb6YmaRfWPVunj4 ] height:  95
2019/05/08 19:17:07.280728 [1;35m[INF][m GID 37, [OnDutyChanged] Start side chain mining: genesis address [ XVfmhjxGxBKgzYxyXCJTb6YmaRfWPVunj4 ]
2019/05/08 19:17:07.281031 [1;35m[INF][m GID 37, [sideChainPowTransfer] start
2019/05/08 19:17:07.285831 [1;35m[INF][m GID 37, sideGenesisHash: 0e739a2b87774ef2266a3cabc79a8e1201732fe409cfe50bd4125efb1d1169b5 sideBlockHash: 5af2547bf20ae227b97ab98f434fd391064ffdf574f15071891a50dd181a1762
2019/05/08 19:17:07.303884 [1;33m[WRN][m GID 37, [sideChainPowTransfer] create transaction failed: [Wallet], Available token is not enough
2019/05/08 19:17:07.304287 [1;35m[INF][m GID 37, [SyncSideChain] Start side chain mining, genesis address: [ XVfmhjxGxBKgzYxyXCJTb6YmaRfWPVunj4 ]
2019/05/08 19:17:09.332663 [1;35m[INF][m GID 37, currentHeight: 95  chainHeight: 96
2019/05/08 19:17:09.361967 [1;35m[INF][m GID 37,  [SyncSideChain] Side chain [ XVfmhjxGxBKgzYxyXCJTb6YmaRfWPVunj4 ] height:  96
2019/05/08 19:17:09.362155 [1;35m[INF][m GID 37, [OnDutyChanged] Start side chain mining: genesis address [ XVfmhjxGxBKgzYxyXCJTb6YmaRfWPVunj4 ]
2019/05/08 19:17:09.362252 [1;35m[INF][m GID 37, [sideChainPowTransfer] start
2019/05/08 19:17:09.374255 [1;35m[INF][m GID 37, sideGenesisHash: 0e739a2b87774ef2266a3cabc79a8e1201732fe409cfe50bd4125efb1d1169b5 sideBlockHash: e89538dd69da2226c11101482c60f1db354f13d2c6affe6fd8a00ae1ea22256f
2019/05/08 19:17:09.375794 [1;33m[WRN][m GID 37, [sideChainPowTransfer] create transaction failed: [Wallet], Available token is not enough
2019/05/08 19:17:09.375945 [1;35m[INF][m GID 37, [SyncSideChain] Start side chain mining, genesis address: [ XVfmhjxGxBKgzYxyXCJTb6YmaRfWPVunj4 ]
2019/05/08 19:17:12.619954 [1;35m[INF][m GID 64, [arbitrator] Main chain height:  477
2019/05/08 19:17:12.631611 [1;35m[INF][m GID 64, [OnDutyArbitratorChanged] I became not on duty of main
2019/05/08 19:17:13.257311 [1;35m[INF][m GID 98, Check and remove cross chain transactions from dbcache finished
2019/05/08 19:17:13.384391 [1;35m[INF][m GID 99, Warning side chain mining account:  EVRoEJRyyCLXuxH6A9dx6ydXKKeovns588: 0 EWtumTsffyujjR8epevdM1iKBxSzHnkvQS: 0 
2019/05/08 19:17:19.543505 [1;35m[INF][m GID 37, currentHeight: 96  chainHeight: 97
2019/05/08 19:17:19.555837 [1;35m[INF][m GID 37,  [SyncSideChain] Side chain [ XVfmhjxGxBKgzYxyXCJTb6YmaRfWPVunj4 ] height:  97
2019/05/08 19:17:31.265078 [1;35m[INF][m GID 36, currentHeight: 290  chainHeight: 291
2019/05/08 19:17:31.273424 [1;35m[INF][m GID 36,  [SyncSideChain] Side chain [ XKUh4GLhFJiqAMTF6HyWQrV9pK9HcGUdfJ ] height:  291
2019/05/08 19:17:32.066813 [1;35m[INF][m GID 64, [arbitrator] Main chain height:  478
2019/05/08 19:17:35.281392 [1;35m[INF][m GID 36, currentHeight: 291  chainHeight: 292
2019/05/08 19:17:35.284974 [1;35m[INF][m GID 36,  [SyncSideChain] Side chain [ XKUh4GLhFJiqAMTF6HyWQrV9pK9HcGUdfJ ] height:  292
2019/05/08 19:17:38.107937 [1;35m[INF][m GID 64, [arbitrator] Main chain height:  479
2019/05/08 19:17:42.438222 [1;35m[INF][m GID 36, currentHeight: 292  chainHeight: 293
2019/05/08 19:17:42.445367 [1;35m[INF][m GID 36,  [SyncSideChain] Side chain [ XKUh4GLhFJiqAMTF6HyWQrV9pK9HcGUdfJ ] height:  293
2019/05/08 19:17:50.869238 [1;35m[INF][m GID 37, currentHeight: 97  chainHeight: 98
2019/05/08 19:17:50.878474 [1;35m[INF][m GID 37,  [SyncSideChain] Side chain [ XVfmhjxGxBKgzYxyXCJTb6YmaRfWPVunj4 ] height:  98
2019/05/08 19:17:54.361900 [1;35m[INF][m GID 64, [arbitrator] Main chain height:  480
2019/05/08 19:17:54.364453 [1;35m[INF][m GID 64, [OnDutyArbitratorChanged] I am on duty of main
2019/05/08 19:17:54.364621 [1;35m[INF][m GID 64, [SyncMainChainCachedTxs] start
2019/05/08 19:17:54.364840 [1;35m[INF][m GID 64, [SyncMainChainCachedTxs] end
2019/05/08 19:17:54.364965 [1;33m[WRN][m GID 64, [SyncMainChainCachedTxs] No main chain tx in dbcache
2019/05/08 19:17:54.365052 [1;35m[INF][m GID 949, [OnDutyChanged] Start side chain mining: genesis address [ XVfmhjxGxBKgzYxyXCJTb6YmaRfWPVunj4 ]
2019/05/08 19:17:54.365165 [1;35m[INF][m GID 949, [sideChainPowTransfer] start
2019/05/08 19:17:54.365724 [1;35m[INF][m GID 946, [SendCachedWithdrawTxs] start
2019/05/08 19:17:54.366070 [1;35m[INF][m GID 946, No cached withdraw transaction need to send
2019/05/08 19:17:54.366158 [1;35m[INF][m GID 946, [SendCachedWithdrawTxs] end
2019/05/08 19:17:54.366244 [1;35m[INF][m GID 947, [SendCachedWithdrawTxs] start
2019/05/08 19:17:54.366367 [1;35m[INF][m GID 947, No cached withdraw transaction need to send
2019/05/08 19:17:54.366452 [1;35m[INF][m GID 947, [SendCachedWithdrawTxs] end
2019/05/08 19:17:54.366534 [1;35m[INF][m GID 948, [OnDutyChanged] Start side chain mining: genesis address [ XKUh4GLhFJiqAMTF6HyWQrV9pK9HcGUdfJ ]
2019/05/08 19:17:54.366619 [1;35m[INF][m GID 948, [sideChainPowTransfer] start
2019/05/08 19:17:54.367380 [1;35m[INF][m GID 948, sideGenesisHash: a3c455a90843db2acd22554f2768a8d4233fafbf8dd549e6b261c2786993be56 sideBlockHash: 0ea471af4360027815e2c1dbc21c7b08b5b3522c43b0b87101519a371cab3f53
2019/05/08 19:17:54.378748 [1;33m[WRN][m GID 948, [sideChainPowTransfer] create transaction failed: [Wallet], Available token is not enough
2019/05/08 19:17:54.386936 [1;35m[INF][m GID 949, sideGenesisHash: 0e739a2b87774ef2266a3cabc79a8e1201732fe409cfe50bd4125efb1d1169b5 sideBlockHash: 207f2c2aa60aaed4a484285659b063c14f6fdd13b7a68c2510c6df0b454c73b5
2019/05/08 19:17:54.390255 [1;33m[WRN][m GID 949, [sideChainPowTransfer] create transaction failed: [Wallet], Available token is not enough
2019/05/08 19:17:55.980591 [1;35m[INF][m GID 37, currentHeight: 98  chainHeight: 99
2019/05/08 19:17:56.006297 [1;35m[INF][m GID 37,  [SyncSideChain] Side chain [ XVfmhjxGxBKgzYxyXCJTb6YmaRfWPVunj4 ] height:  99
2019/05/08 19:17:56.006498 [1;35m[INF][m GID 37, [OnDutyChanged] Start side chain mining: genesis address [ XVfmhjxGxBKgzYxyXCJTb6YmaRfWPVunj4 ]
2019/05/08 19:17:56.006587 [1;35m[INF][m GID 37, [sideChainPowTransfer] start
2019/05/08 19:17:56.011778 [1;35m[INF][m GID 37, sideGenesisHash: 0e739a2b87774ef2266a3cabc79a8e1201732fe409cfe50bd4125efb1d1169b5 sideBlockHash: a3938b07d8d6e4eb7dfc6d0b1736e44e5f2250eb71896345c4ebed51621e1633
2019/05/08 19:17:56.012398 [1;33m[WRN][m GID 37, [sideChainPowTransfer] create transaction failed: [Wallet], Available token is not enough
2019/05/08 19:17:56.012523 [1;35m[INF][m GID 37, [SyncSideChain] Start side chain mining, genesis address: [ XVfmhjxGxBKgzYxyXCJTb6YmaRfWPVunj4 ]
2019/05/08 19:18:00.406378 [1;35m[INF][m GID 64, [arbitrator] Main chain height:  481
2019/05/08 19:18:00.419293 [1;35m[INF][m GID 64, [OnDutyArbitratorChanged] I became not on duty of main
2019/05/08 19:18:04.507168 [1;35m[INF][m GID 64, [arbitrator] Main chain height:  482
2019/05/08 19:18:13.259507 [1;35m[INF][m GID 98, Check and remove cross chain transactions from dbcache finished
2019/05/08 19:18:13.401894 [1;35m[INF][m GID 99, Warning side chain mining account:  EVRoEJRyyCLXuxH6A9dx6ydXKKeovns588: 0 EWtumTsffyujjR8epevdM1iKBxSzHnkvQS: 0 
2019/05/08 19:18:16.767903 [1;35m[INF][m GID 64, [arbitrator] Main chain height:  483
2019/05/08 19:18:23.139532 [1;35m[INF][m GID 36, currentHeight: 293  chainHeight: 294
2019/05/08 19:18:23.143771 [1;35m[INF][m GID 36,  [SyncSideChain] Side chain [ XKUh4GLhFJiqAMTF6HyWQrV9pK9HcGUdfJ ] height:  294
2019/05/08 19:18:28.975882 [1;35m[INF][m GID 64, [arbitrator] Main chain height:  484
2019/05/08 19:18:28.978041 [1;35m[INF][m GID 64, [OnDutyArbitratorChanged] I am on duty of main
2019/05/08 19:18:28.978163 [1;35m[INF][m GID 64, [SyncMainChainCachedTxs] start
2019/05/08 19:18:28.978431 [1;35m[INF][m GID 64, [SyncMainChainCachedTxs] end
2019/05/08 19:18:28.978600 [1;33m[WRN][m GID 64, [SyncMainChainCachedTxs] No main chain tx in dbcache
2019/05/08 19:18:28.978708 [1;35m[INF][m GID 1031, [OnDutyChanged] Start side chain mining: genesis address [ XVfmhjxGxBKgzYxyXCJTb6YmaRfWPVunj4 ]
2019/05/08 19:18:28.978952 [1;35m[INF][m GID 1031, [sideChainPowTransfer] start
2019/05/08 19:18:28.978812 [1;35m[INF][m GID 1029, [SendCachedWithdrawTxs] start
2019/05/08 19:18:28.978826 [1;35m[INF][m GID 1028, [SendCachedWithdrawTxs] start
2019/05/08 19:18:28.978839 [1;35m[INF][m GID 1030, [OnDutyChanged] Start side chain mining: genesis address [ XKUh4GLhFJiqAMTF6HyWQrV9pK9HcGUdfJ ]
2019/05/08 19:18:28.979584 [1;35m[INF][m GID 1030, [sideChainPowTransfer] start
2019/05/08 19:18:28.979831 [1;35m[INF][m GID 1029, No cached withdraw transaction need to send
2019/05/08 19:18:28.980073 [1;35m[INF][m GID 1029, [SendCachedWithdrawTxs] end
2019/05/08 19:18:28.979962 [1;35m[INF][m GID 1028, No cached withdraw transaction need to send
2019/05/08 19:18:28.980345 [1;35m[INF][m GID 1028, [SendCachedWithdrawTxs] end
2019/05/08 19:18:28.984802 [1;35m[INF][m GID 1030, sideGenesisHash: a3c455a90843db2acd22554f2768a8d4233fafbf8dd549e6b261c2786993be56 sideBlockHash: 33cce2f5da357e2283e409790aaeb843cc3b2c732d89e18267d51a19ec9dd885
2019/05/08 19:18:28.985285 [1;33m[WRN][m GID 1030, [sideChainPowTransfer] create transaction failed: [Wallet], Available token is not enough
2019/05/08 19:18:29.035766 [1;35m[INF][m GID 1031, sideGenesisHash: 0e739a2b87774ef2266a3cabc79a8e1201732fe409cfe50bd4125efb1d1169b5 sideBlockHash: 6bbb1a66109b8db6fb06966cb88e648accc5c423f99e5236448d3d2313dc6922
2019/05/08 19:18:29.036301 [1;33m[WRN][m GID 1031, [sideChainPowTransfer] create transaction failed: [Wallet], Available token is not enough
