2019/04/24 03:50:02.072325 [1;35m[INF][m GID 1, Node version: 
2019/04/24 03:50:02.075432 [1;35m[INF][m GID 1, go version go1.11.5 linux/amd64
2019/04/24 03:50:02.688909 [1;35m[INF][m GID 1, Start the manager
[ ========== BLOCKCHAIN INITIALIZE STARTED ========== ]
 0 / 423    0.00% 424 / 423  100.24% 0s
[ ========== BLOCKCHAIN INITIALIZE FINISHED ========== ]
2019/04/24 03:50:03.351837 [1;35m[INF][m GID 1, Start the P2P networks
2019/04/24 03:50:03.351862 [1;35m[INF][m GID 1, Start services
2019/04/24 03:50:03.436595 [1;35m[INF][m GID 59, New valid peer 172.18.0.6:10215 (outbound)
2019/04/24 03:50:03.438173 [1;35m[INF][m GID 59, Syncing to block height 523 from peer 172.18.0.6:10215
2019/04/24 03:50:03.737042 [1;35m[INF][m GID 59, New valid peer 172.18.0.5:45184 (inbound)
2019/04/24 03:50:03.737302 [1;35m[INF][m GID 59, New valid peer 172.18.0.5:10315 (outbound)
2019/04/24 03:50:07.991787 [1;35m[INF][m GID 59, New valid peer 172.18.0.6:40040 (inbound)
2019/04/24 03:50:08.452170 [1;35m[INF][m GID 1, Start consensus
2019/04/24 03:50:08.452222 [1;35m[INF][m GID 1, Start POW Services
2019/04/24 03:50:08.495262 [1;35m[INF][m GID 325, difficulty:  520095999
2019/04/24 03:50:11.483006 [1;33m[WRN][m GID 94, [CheckTransactionCoinbaseLock] cannot unlock coinbase transaction output
2019/04/24 03:50:11.578680 [1;33m[WRN][m GID 94, [TxPool CheckTransactionContext] failed 4e745b2e4e56c9e1703cd43f3032299ce1d271530fe280ac6de1b36883ab16c9
2019/04/24 03:50:11.579552 [1;35m[INF][m GID 94, [httpjsonrpc] VerifyTransaction failed when AppendToTxnPool. Errcode: INTERNAL ERROR, ErrIneffectiveCoinbase
2019/04/24 03:50:12.117071 [1;35m[INF][m GID 59, New valid peer 172.18.0.8:34400 (inbound)
2019/04/24 03:50:12.181974 [1;35m[INF][m GID 59, New valid peer 172.18.0.7:35774 (inbound)
2019/04/24 03:50:12.512233 [1;35m[INF][m GID 59, New valid peer 172.18.0.3:60882 (inbound)
2019/04/24 03:50:12.855547 [1;35m[INF][m GID 59, New valid peer 172.18.0.10:39216 (inbound)
2019/04/24 03:50:13.513387 [1;35m[INF][m GID 325, five second countdown ends. Re-generate block.
2019/04/24 03:50:13.513528 [1;35m[INF][m GID 325, difficulty:  520095999
2019/04/24 03:50:14.502139 [1;35m[INF][m GID 59, New valid peer 172.18.0.14:39602 (inbound)
2019/04/24 03:50:14.895372 [1;35m[INF][m GID 59, [ConfirmBlock] block hash: 16e7e3de68ceb5f6ab495d76c851a6e34cdc9c45b7ae68d84e661f827028d185
2019/04/24 03:50:15.121803 [1;35m[INF][m GID 59, New valid peer 172.18.0.9:46762 (inbound)
2019/04/24 03:50:15.583205 [1;35m[INF][m GID 52, [ConfirmBlock] block hash: 16e7e3de68ceb5f6ab495d76c851a6e34cdc9c45b7ae68d84e661f827028d185
2019/04/24 03:50:15.584897 [1;35m[INF][m GID 52, [ConfirmBlock] block height: 524
2019/04/24 03:50:15.963257 [1;35m[INF][m GID 52, 
CURRENT ARBITERS
DUTYINDEX: 4
INDEX                                                          PUBLICKEY            NETADDRESS ONDUTY
----- ------------------------------------------------------------------ --------------------- ------
1     021cfade3eddd057d8ca178057a88c4654b15c1ada7ee9ab65517f00beb6977556                        false
2     0295890a17feb7d5191da656089b5daad83f596edcc491f5c91d025b42955a9f25                        false
3     02eafcd36390b064431b82a4b2934f6d93fddfcfa4a86602b2ae32d858b8d3bcd7 ela-mainchain-crc-4:10416  false
4     032e74c386af5d672cb196334f2b6ee6451d61f2257f0837ea7af340ef4dea4e1a ela-mainchain-crc-3:10316   true
5     0353197d11802fe0cd5409f064822b896ceaa675ea596287f1e5ce009be7684f08 ela-mainchain-crc-2:10216  false
6     0386206d1d442f5c8ddcc9ae45ab85d921b6ade3a184f43b7ccf6de02f3ca0b450 ela-mainchain-crc-1:10116  false
----- ------------------------------------------------------------------ --------------------- ------
NEXT ARBITERS
INDEX                                                          PUBLICKEY            NETADDRESS
----- ------------------------------------------------------------------ ---------------------
1     0386206d1d442f5c8ddcc9ae45ab85d921b6ade3a184f43b7ccf6de02f3ca0b450 ela-mainchain-crc-1:10116
2     0353197d11802fe0cd5409f064822b896ceaa675ea596287f1e5ce009be7684f08 ela-mainchain-crc-2:10216
3     032e74c386af5d672cb196334f2b6ee6451d61f2257f0837ea7af340ef4dea4e1a ela-mainchain-crc-3:10316
4     02eafcd36390b064431b82a4b2934f6d93fddfcfa4a86602b2ae32d858b8d3bcd7 ela-mainchain-crc-4:10416
5     021cfade3eddd057d8ca178057a88c4654b15c1ada7ee9ab65517f00beb6977556                      
6     0295890a17feb7d5191da656089b5daad83f596edcc491f5c91d025b42955a9f25                      
----- ------------------------------------------------------------------ ---------------------
CURRENT CANDIDATES
INDEX                                                          PUBLICKEY            NETADDRESS
----- ------------------------------------------------------------------ ---------------------
----- ------------------------------------------------------------------ ---------------------
NEXT CANDIDATES
INDEX                                                          PUBLICKEY            NETADDRESS
----- ------------------------------------------------------------------ ---------------------
----- ------------------------------------------------------------------ ---------------------
2019/04/24 03:50:15.965257 [1;35m[INF][m GID 59, [ConfirmBlock] block hash: 16e7e3de68ceb5f6ab495d76c851a6e34cdc9c45b7ae68d84e661f827028d185
2019/04/24 03:50:15.965299 [1;35m[INF][m GID 59, [ConfirmBlock] block height: 524
2019/04/24 03:50:17.703049 [1;35m[INF][m GID 59, New valid peer 172.18.0.16:44688 (inbound)
2019/04/24 03:50:18.616750 [1;35m[INF][m GID 325, five second countdown ends. Re-generate block.
2019/04/24 03:50:18.617581 [1;35m[INF][m GID 325, difficulty:  520095999
2019/04/24 03:50:18.731072 [1;35m[INF][m GID 59, New valid peer 172.18.0.17:42494 (inbound)
2019/04/24 03:50:19.160833 [1;35m[INF][m GID 59, New valid peer 172.18.0.8:10115 (outbound)
2019/04/24 03:50:19.690309 [1;35m[INF][m GID 59, New valid peer 172.18.0.3:10515 (outbound)
2019/04/24 03:50:19.720772 [1;35m[INF][m GID 59, New valid peer 172.18.0.7:10015 (outbound)
2019/04/24 03:50:22.637658 [1;35m[INF][m GID 59, New valid peer 172.18.0.9:10615 (outbound)
2019/04/24 03:50:23.621677 [1;35m[INF][m GID 325, five second countdown ends. Re-generate block.
2019/04/24 03:50:23.621855 [1;35m[INF][m GID 325, difficulty:  520095999
2019/04/24 03:50:27.290817 [1;35m[INF][m GID 59, New valid peer 172.18.0.12:58624 (inbound)
2019/04/24 03:50:28.653228 [1;35m[INF][m GID 325, five second countdown ends. Re-generate block.
2019/04/24 03:50:28.687239 [1;35m[INF][m GID 325, difficulty:  520095999
2019/04/24 03:50:29.055378 [1;35m[INF][m GID 59, New valid peer 172.18.0.19:46780 (inbound)
2019/04/24 03:50:31.843831 [1;35m[INF][m GID 59, New valid peer 172.18.0.13:38332 (inbound)
2019/04/24 03:50:32.100385 [1;35m[INF][m GID 59, New valid peer 172.18.0.20:33566 (inbound)
2019/04/24 03:50:32.176199 [1;35m[INF][m GID 59, New valid peer 172.18.0.18:34100 (inbound)
2019/04/24 03:50:33.492278 [1;35m[INF][m GID 59, Lost peer 172.18.0.6:10215 (outbound)
2019/04/24 03:50:33.779811 [1;35m[INF][m GID 325, five second countdown ends. Re-generate block.
2019/04/24 03:50:33.793941 [1;35m[INF][m GID 325, difficulty:  520095999
2019/04/24 03:50:33.799577 [1;35m[INF][m GID 59, Syncing to block height 524 from peer 172.18.0.7:10015
2019/04/24 03:50:38.812109 [1;35m[INF][m GID 325, five second countdown ends. Re-generate block.
2019/04/24 03:50:38.816904 [1;35m[INF][m GID 325, difficulty:  520095999
2019/04/24 03:50:41.309369 [1;35m[INF][m GID 59, [ConfirmBlock] block hash: 286caf318cebb45b367d13505bfe0438fa481fd9cad4be32f7e2d8afc2064c75
2019/04/24 03:50:41.811789 [1;35m[INF][m GID 52, [ConfirmBlock] block hash: 286caf318cebb45b367d13505bfe0438fa481fd9cad4be32f7e2d8afc2064c75
2019/04/24 03:50:41.844441 [1;35m[INF][m GID 52, [ConfirmBlock] block height: 525
2019/04/24 03:50:42.365151 [1;35m[INF][m GID 52, 
CURRENT ARBITERS
DUTYINDEX: 5
INDEX                                                          PUBLICKEY            NETADDRESS ONDUTY
----- ------------------------------------------------------------------ --------------------- ------
1     021cfade3eddd057d8ca178057a88c4654b15c1ada7ee9ab65517f00beb6977556                        false
2     0295890a17feb7d5191da656089b5daad83f596edcc491f5c91d025b42955a9f25                        false
3     02eafcd36390b064431b82a4b2934f6d93fddfcfa4a86602b2ae32d858b8d3bcd7 ela-mainchain-crc-4:10416  false
4     032e74c386af5d672cb196334f2b6ee6451d61f2257f0837ea7af340ef4dea4e1a ela-mainchain-crc-3:10316  false
5     0353197d11802fe0cd5409f064822b896ceaa675ea596287f1e5ce009be7684f08 ela-mainchain-crc-2:10216   true
6     0386206d1d442f5c8ddcc9ae45ab85d921b6ade3a184f43b7ccf6de02f3ca0b450 ela-mainchain-crc-1:10116  false
----- ------------------------------------------------------------------ --------------------- ------
NEXT ARBITERS
INDEX                                                          PUBLICKEY            NETADDRESS
----- ------------------------------------------------------------------ ---------------------
1     0386206d1d442f5c8ddcc9ae45ab85d921b6ade3a184f43b7ccf6de02f3ca0b450 ela-mainchain-crc-1:10116
2     0353197d11802fe0cd5409f064822b896ceaa675ea596287f1e5ce009be7684f08 ela-mainchain-crc-2:10216
3     032e74c386af5d672cb196334f2b6ee6451d61f2257f0837ea7af340ef4dea4e1a ela-mainchain-crc-3:10316
4     02eafcd36390b064431b82a4b2934f6d93fddfcfa4a86602b2ae32d858b8d3bcd7 ela-mainchain-crc-4:10416
5     021cfade3eddd057d8ca178057a88c4654b15c1ada7ee9ab65517f00beb6977556                      
6     0295890a17feb7d5191da656089b5daad83f596edcc491f5c91d025b42955a9f25                      
----- ------------------------------------------------------------------ ---------------------
CURRENT CANDIDATES
INDEX                                                          PUBLICKEY            NETADDRESS
----- ------------------------------------------------------------------ ---------------------
----- ------------------------------------------------------------------ ---------------------
NEXT CANDIDATES
INDEX                                                          PUBLICKEY            NETADDRESS
----- ------------------------------------------------------------------ ---------------------
----- ------------------------------------------------------------------ ---------------------
2019/04/24 03:50:42.414639 [1;35m[INF][m GID 59, [ConfirmBlock] block hash: 286caf318cebb45b367d13505bfe0438fa481fd9cad4be32f7e2d8afc2064c75
2019/04/24 03:50:42.445998 [1;35m[INF][m GID 59, [ConfirmBlock] block height: 525
2019/04/24 03:50:43.820159 [1;35m[INF][m GID 325, five second countdown ends. Re-generate block.
2019/04/24 03:50:43.820384 [1;35m[INF][m GID 325, difficulty:  520095999
2019/04/24 03:50:45.069394 [1;35m[INF][m GID 59, [ConfirmBlock] block hash: e1f923b4845aace35d2d269433e079d23f46d17c811f4d58e15b03acaab7702e
2019/04/24 03:50:45.687789 [1;35m[INF][m GID 52, [ConfirmBlock] block hash: e1f923b4845aace35d2d269433e079d23f46d17c811f4d58e15b03acaab7702e
2019/04/24 03:50:45.688573 [1;35m[INF][m GID 52, [ConfirmBlock] block height: 526
2019/04/24 03:50:46.094491 [1;35m[INF][m GID 59, [ConfirmBlock] block hash: e1f923b4845aace35d2d269433e079d23f46d17c811f4d58e15b03acaab7702e
2019/04/24 03:50:46.255744 [1;35m[INF][m GID 59, [ConfirmBlock] block height: 526
2019/04/24 03:50:48.902986 [1;35m[INF][m GID 325, five second countdown ends. Re-generate block.
2019/04/24 03:50:48.903776 [1;35m[INF][m GID 325, difficulty:  520095999
2019/04/24 03:50:53.553852 [1;35m[INF][m GID 59, New valid peer 172.18.0.6:10215 (outbound)
2019/04/24 03:50:53.985570 [1;35m[INF][m GID 325, five second countdown ends. Re-generate block.
2019/04/24 03:50:53.985903 [1;35m[INF][m GID 325, difficulty:  520095999
2019/04/24 03:50:56.024600 [1;35m[INF][m GID 59, [ConfirmBlock] block hash: 03d315c0d27a0958f26462a230c7c430f9c9687290c79dac291cd6d11d22b76c
2019/04/24 03:50:56.145426 [1;35m[INF][m GID 52, [ConfirmBlock] block hash: 03d315c0d27a0958f26462a230c7c430f9c9687290c79dac291cd6d11d22b76c
2019/04/24 03:50:56.157513 [1;35m[INF][m GID 52, [ConfirmBlock] block height: 527
2019/04/24 03:50:56.230618 [1;35m[INF][m GID 52, 
CURRENT ARBITERS
DUTYINDEX: 1
INDEX                                                          PUBLICKEY            NETADDRESS ONDUTY
----- ------------------------------------------------------------------ --------------------- ------
1     021cfade3eddd057d8ca178057a88c4654b15c1ada7ee9ab65517f00beb6977556                         true
2     0295890a17feb7d5191da656089b5daad83f596edcc491f5c91d025b42955a9f25                        false
3     02eafcd36390b064431b82a4b2934f6d93fddfcfa4a86602b2ae32d858b8d3bcd7 ela-mainchain-crc-4:10416  false
4     032e74c386af5d672cb196334f2b6ee6451d61f2257f0837ea7af340ef4dea4e1a ela-mainchain-crc-3:10316  false
5     0353197d11802fe0cd5409f064822b896ceaa675ea596287f1e5ce009be7684f08 ela-mainchain-crc-2:10216  false
6     0386206d1d442f5c8ddcc9ae45ab85d921b6ade3a184f43b7ccf6de02f3ca0b450 ela-mainchain-crc-1:10116  false
----- ------------------------------------------------------------------ --------------------- ------
NEXT ARBITERS
INDEX                                                          PUBLICKEY            NETADDRESS
----- ------------------------------------------------------------------ ---------------------
1     0353197d11802fe0cd5409f064822b896ceaa675ea596287f1e5ce009be7684f08 ela-mainchain-crc-2:10216
2     032e74c386af5d672cb196334f2b6ee6451d61f2257f0837ea7af340ef4dea4e1a ela-mainchain-crc-3:10316
3     02eafcd36390b064431b82a4b2934f6d93fddfcfa4a86602b2ae32d858b8d3bcd7 ela-mainchain-crc-4:10416
4     0386206d1d442f5c8ddcc9ae45ab85d921b6ade3a184f43b7ccf6de02f3ca0b450 ela-mainchain-crc-1:10116
5     021cfade3eddd057d8ca178057a88c4654b15c1ada7ee9ab65517f00beb6977556                      
6     0295890a17feb7d5191da656089b5daad83f596edcc491f5c91d025b42955a9f25                      
----- ------------------------------------------------------------------ ---------------------
CURRENT CANDIDATES
INDEX                                                          PUBLICKEY            NETADDRESS
----- ------------------------------------------------------------------ ---------------------
----- ------------------------------------------------------------------ ---------------------
NEXT CANDIDATES
INDEX                                                          PUBLICKEY            NETADDRESS
----- ------------------------------------------------------------------ ---------------------
----- ------------------------------------------------------------------ ---------------------
2019/04/24 03:50:59.014618 [1;35m[INF][m GID 325, five second countdown ends. Re-generate block.
2019/04/24 03:50:59.038284 [1;35m[INF][m GID 325, difficulty:  520095999
2019/04/24 03:51:01.250513 [1;35m[INF][m GID 59, [ConfirmBlock] block hash: 175e7b2b4319c6c452209a4c06d493beaef2edacf4d1cb8842a832d71b940453
2019/04/24 03:51:01.469659 [1;35m[INF][m GID 52, [ConfirmBlock] block hash: 175e7b2b4319c6c452209a4c06d493beaef2edacf4d1cb8842a832d71b940453
2019/04/24 03:51:01.480724 [1;35m[INF][m GID 52, [ConfirmBlock] block height: 528
2019/04/24 03:51:01.497854 [1;35m[INF][m GID 52, 
CURRENT ARBITERS
DUTYINDEX: 2
INDEX                                                          PUBLICKEY            NETADDRESS ONDUTY
----- ------------------------------------------------------------------ --------------------- ------
1     021cfade3eddd057d8ca178057a88c4654b15c1ada7ee9ab65517f00beb6977556                        false
2     0295890a17feb7d5191da656089b5daad83f596edcc491f5c91d025b42955a9f25                         true
3     02eafcd36390b064431b82a4b2934f6d93fddfcfa4a86602b2ae32d858b8d3bcd7 ela-mainchain-crc-4:10416  false
4     032e74c386af5d672cb196334f2b6ee6451d61f2257f0837ea7af340ef4dea4e1a ela-mainchain-crc-3:10316  false
5     0353197d11802fe0cd5409f064822b896ceaa675ea596287f1e5ce009be7684f08 ela-mainchain-crc-2:10216  false
6     0386206d1d442f5c8ddcc9ae45ab85d921b6ade3a184f43b7ccf6de02f3ca0b450 ela-mainchain-crc-1:10116  false
----- ------------------------------------------------------------------ --------------------- ------
NEXT ARBITERS
INDEX                                                          PUBLICKEY            NETADDRESS
----- ------------------------------------------------------------------ ---------------------
1     0353197d11802fe0cd5409f064822b896ceaa675ea596287f1e5ce009be7684f08 ela-mainchain-crc-2:10216
2     032e74c386af5d672cb196334f2b6ee6451d61f2257f0837ea7af340ef4dea4e1a ela-mainchain-crc-3:10316
3     02eafcd36390b064431b82a4b2934f6d93fddfcfa4a86602b2ae32d858b8d3bcd7 ela-mainchain-crc-4:10416
4     0386206d1d442f5c8ddcc9ae45ab85d921b6ade3a184f43b7ccf6de02f3ca0b450 ela-mainchain-crc-1:10116
5     021cfade3eddd057d8ca178057a88c4654b15c1ada7ee9ab65517f00beb6977556                      
6     0295890a17feb7d5191da656089b5daad83f596edcc491f5c91d025b42955a9f25                      
----- ------------------------------------------------------------------ ---------------------
CURRENT CANDIDATES
INDEX                                                          PUBLICKEY            NETADDRESS
----- ------------------------------------------------------------------ ---------------------
----- ------------------------------------------------------------------ ---------------------
NEXT CANDIDATES
INDEX                                                          PUBLICKEY            NETADDRESS
----- ------------------------------------------------------------------ ---------------------
----- ------------------------------------------------------------------ ---------------------
2019-04-24 03:51:03.429 [INF] STAT: -> 528 [528 172.18.0.13:38332 (inbound), 525 172.18.0.10:39216 (inbound), 525 172.18.0.14:39602 (inbound), 526 172.18.0.16:44688 (inbound), 526 172.18.0.17:42494 (inbound), 527 172.18.0.12:58624 (inbound), 528 172.18.0.20:33566 (inbound), 524 172.18.0.5:45184 (inbound), 524 172.18.0.6:40040 (inbound), 525 172.18.0.7:35774 (inbound), 525 172.18.0.9:46762 (inbound), 527 172.18.0.19:46780 (inbound), 525 172.18.0.8:34400 (inbound), 525 172.18.0.3:60882 (inbound), 528 172.18.0.18:34100 (inbound), 524 172.18.0.5:10315 (outbound), 526 172.18.0.8:10115 (outbound), 526 172.18.0.3:10515 (outbound), 526 172.18.0.7:10015 (outbound), 526 172.18.0.9:10615 (outbound), 526 172.18.0.6:10215 (outbound)]
2019/04/24 03:51:04.081279 [1;35m[INF][m GID 325, five second countdown ends. Re-generate block.
2019/04/24 03:51:04.083331 [1;35m[INF][m GID 325, difficulty:  520095999
2019/04/24 03:51:09.191519 [1;35m[INF][m GID 325, five second countdown ends. Re-generate block.
2019/04/24 03:51:09.191898 [1;35m[INF][m GID 325, difficulty:  520095999
2019/04/24 03:51:09.968164 [1;35m[INF][m GID 325, <================Solved Block==============>
2019/04/24 03:51:09.970753 [1;35m[INF][m GID 325, [ConfirmBlock] block hash: 740bf59ea0e66d3e53e2be8241c6f5fb218068daf5812359914fb74d220b9e58
2019/04/24 03:51:09.971511 [1;35m[INF][m GID 325, difficulty:  520095999
2019/04/24 03:51:10.131202 [1;35m[INF][m GID 52, [ConfirmBlock] block hash: 740bf59ea0e66d3e53e2be8241c6f5fb218068daf5812359914fb74d220b9e58
2019/04/24 03:51:10.141539 [1;35m[INF][m GID 52, [ConfirmBlock] block height: 529
2019/04/24 03:51:10.162129 [1;35m[INF][m GID 52, 
CURRENT ARBITERS
DUTYINDEX: 3
INDEX                                                          PUBLICKEY            NETADDRESS ONDUTY
----- ------------------------------------------------------------------ --------------------- ------
1     021cfade3eddd057d8ca178057a88c4654b15c1ada7ee9ab65517f00beb6977556                        false
2     0295890a17feb7d5191da656089b5daad83f596edcc491f5c91d025b42955a9f25                        false
3     02eafcd36390b064431b82a4b2934f6d93fddfcfa4a86602b2ae32d858b8d3bcd7 ela-mainchain-crc-4:10416   true
4     032e74c386af5d672cb196334f2b6ee6451d61f2257f0837ea7af340ef4dea4e1a ela-mainchain-crc-3:10316  false
5     0353197d11802fe0cd5409f064822b896ceaa675ea596287f1e5ce009be7684f08 ela-mainchain-crc-2:10216  false
6     0386206d1d442f5c8ddcc9ae45ab85d921b6ade3a184f43b7ccf6de02f3ca0b450 ela-mainchain-crc-1:10116  false
----- ------------------------------------------------------------------ --------------------- ------
NEXT ARBITERS
INDEX                                                          PUBLICKEY            NETADDRESS
----- ------------------------------------------------------------------ ---------------------
1     0353197d11802fe0cd5409f064822b896ceaa675ea596287f1e5ce009be7684f08 ela-mainchain-crc-2:10216
2     032e74c386af5d672cb196334f2b6ee6451d61f2257f0837ea7af340ef4dea4e1a ela-mainchain-crc-3:10316
3     02eafcd36390b064431b82a4b2934f6d93fddfcfa4a86602b2ae32d858b8d3bcd7 ela-mainchain-crc-4:10416
4     0386206d1d442f5c8ddcc9ae45ab85d921b6ade3a184f43b7ccf6de02f3ca0b450 ela-mainchain-crc-1:10116
5     021cfade3eddd057d8ca178057a88c4654b15c1ada7ee9ab65517f00beb6977556                      
6     0295890a17feb7d5191da656089b5daad83f596edcc491f5c91d025b42955a9f25                      
----- ------------------------------------------------------------------ ---------------------
CURRENT CANDIDATES
INDEX                                                          PUBLICKEY            NETADDRESS
----- ------------------------------------------------------------------ ---------------------
----- ------------------------------------------------------------------ ---------------------
NEXT CANDIDATES
INDEX                                                          PUBLICKEY            NETADDRESS
----- ------------------------------------------------------------------ ---------------------
----- ------------------------------------------------------------------ ---------------------
2019/04/24 03:51:14.982786 [1;35m[INF][m GID 325, five second countdown ends. Re-generate block.
2019/04/24 03:51:14.984082 [1;35m[INF][m GID 325, difficulty:  520095999
2019/04/24 03:51:20.004292 [1;35m[INF][m GID 325, five second countdown ends. Re-generate block.
2019/04/24 03:51:20.005533 [1;35m[INF][m GID 325, difficulty:  520095999
2019/04/24 03:51:25.015764 [1;35m[INF][m GID 325, five second countdown ends. Re-generate block.
2019/04/24 03:51:25.016122 [1;35m[INF][m GID 325, difficulty:  520095999
2019/04/24 03:51:27.047487 [1;35m[INF][m GID 59, [ConfirmBlock] block hash: 6e315a599d89df8f02eb7d81f18387768eef505b4b70da3063f8149153675351
2019/04/24 03:51:27.389738 [1;35m[INF][m GID 52, [ConfirmBlock] block hash: 6e315a599d89df8f02eb7d81f18387768eef505b4b70da3063f8149153675351
2019/04/24 03:51:27.390342 [1;35m[INF][m GID 52, [ConfirmBlock] block height: 530
2019/04/24 03:51:27.391052 [1;35m[INF][m GID 52, 
CURRENT ARBITERS
DUTYINDEX: 4
INDEX                                                          PUBLICKEY            NETADDRESS ONDUTY
----- ------------------------------------------------------------------ --------------------- ------
1     021cfade3eddd057d8ca178057a88c4654b15c1ada7ee9ab65517f00beb6977556                        false
2     0295890a17feb7d5191da656089b5daad83f596edcc491f5c91d025b42955a9f25                        false
3     02eafcd36390b064431b82a4b2934f6d93fddfcfa4a86602b2ae32d858b8d3bcd7 ela-mainchain-crc-4:10416  false
4     032e74c386af5d672cb196334f2b6ee6451d61f2257f0837ea7af340ef4dea4e1a ela-mainchain-crc-3:10316   true
5     0353197d11802fe0cd5409f064822b896ceaa675ea596287f1e5ce009be7684f08 ela-mainchain-crc-2:10216  false
6     0386206d1d442f5c8ddcc9ae45ab85d921b6ade3a184f43b7ccf6de02f3ca0b450 ela-mainchain-crc-1:10116  false
----- ------------------------------------------------------------------ --------------------- ------
NEXT ARBITERS
INDEX                                                          PUBLICKEY            NETADDRESS
----- ------------------------------------------------------------------ ---------------------
1     0353197d11802fe0cd5409f064822b896ceaa675ea596287f1e5ce009be7684f08 ela-mainchain-crc-2:10216
2     032e74c386af5d672cb196334f2b6ee6451d61f2257f0837ea7af340ef4dea4e1a ela-mainchain-crc-3:10316
3     02eafcd36390b064431b82a4b2934f6d93fddfcfa4a86602b2ae32d858b8d3bcd7 ela-mainchain-crc-4:10416
4     0386206d1d442f5c8ddcc9ae45ab85d921b6ade3a184f43b7ccf6de02f3ca0b450 ela-mainchain-crc-1:10116
5     021cfade3eddd057d8ca178057a88c4654b15c1ada7ee9ab65517f00beb6977556                      
6     0295890a17feb7d5191da656089b5daad83f596edcc491f5c91d025b42955a9f25                      
----- ------------------------------------------------------------------ ---------------------
CURRENT CANDIDATES
INDEX                                                          PUBLICKEY            NETADDRESS
----- ------------------------------------------------------------------ ---------------------
----- ------------------------------------------------------------------ ---------------------
NEXT CANDIDATES
INDEX                                                          PUBLICKEY            NETADDRESS
----- ------------------------------------------------------------------ ---------------------
----- ------------------------------------------------------------------ ---------------------
2019/04/24 03:51:30.033146 [1;35m[INF][m GID 325, five second countdown ends. Re-generate block.
2019/04/24 03:51:30.054525 [1;35m[INF][m GID 325, difficulty:  520095999
2019/04/24 03:51:32.059383 [1;33m[WRN][m GID 806, [CheckTransactionCoinbaseLock] cannot unlock coinbase transaction output
2019/04/24 03:51:32.065415 [1;33m[WRN][m GID 806, [TxPool CheckTransactionContext] failed f7ea86d2549e10685d5735a433128049f40a071cf1aba3029a6df8525bdd1fe7
2019/04/24 03:51:32.065570 [1;35m[INF][m GID 806, [httpjsonrpc] VerifyTransaction failed when AppendToTxnPool. Errcode: INTERNAL ERROR, ErrIneffectiveCoinbase
2019/04/24 03:51:35.117001 [1;35m[INF][m GID 325, five second countdown ends. Re-generate block.
2019/04/24 03:51:35.119463 [1;35m[INF][m GID 325, difficulty:  520095999
2019/04/24 03:51:40.148001 [1;35m[INF][m GID 325, five second countdown ends. Re-generate block.
2019/04/24 03:51:40.152640 [1;35m[INF][m GID 325, difficulty:  520095999
2019/04/24 03:51:44.172025 [1;35m[INF][m GID 59, [ConfirmBlock] block hash: 1de705e83694e1b47a1d073e842934cd1842089bf706f2e8c4d90fe09b9bf060
2019/04/24 03:51:44.547594 [1;35m[INF][m GID 52, [ConfirmBlock] block hash: 1de705e83694e1b47a1d073e842934cd1842089bf706f2e8c4d90fe09b9bf060
2019/04/24 03:51:44.550441 [1;35m[INF][m GID 52, [ConfirmBlock] block height: 531
2019/04/24 03:51:44.666610 [1;35m[INF][m GID 52, 
CURRENT ARBITERS
DUTYINDEX: 5
INDEX                                                          PUBLICKEY            NETADDRESS ONDUTY
----- ------------------------------------------------------------------ --------------------- ------
1     021cfade3eddd057d8ca178057a88c4654b15c1ada7ee9ab65517f00beb6977556                        false
2     0295890a17feb7d5191da656089b5daad83f596edcc491f5c91d025b42955a9f25                        false
3     02eafcd36390b064431b82a4b2934f6d93fddfcfa4a86602b2ae32d858b8d3bcd7 ela-mainchain-crc-4:10416  false
4     032e74c386af5d672cb196334f2b6ee6451d61f2257f0837ea7af340ef4dea4e1a ela-mainchain-crc-3:10316  false
5     0353197d11802fe0cd5409f064822b896ceaa675ea596287f1e5ce009be7684f08 ela-mainchain-crc-2:10216   true
6     0386206d1d442f5c8ddcc9ae45ab85d921b6ade3a184f43b7ccf6de02f3ca0b450 ela-mainchain-crc-1:10116  false
----- ------------------------------------------------------------------ --------------------- ------
NEXT ARBITERS
INDEX                                                          PUBLICKEY            NETADDRESS
----- ------------------------------------------------------------------ ---------------------
1     0353197d11802fe0cd5409f064822b896ceaa675ea596287f1e5ce009be7684f08 ela-mainchain-crc-2:10216
2     032e74c386af5d672cb196334f2b6ee6451d61f2257f0837ea7af340ef4dea4e1a ela-mainchain-crc-3:10316
3     02eafcd36390b064431b82a4b2934f6d93fddfcfa4a86602b2ae32d858b8d3bcd7 ela-mainchain-crc-4:10416
4     0386206d1d442f5c8ddcc9ae45ab85d921b6ade3a184f43b7ccf6de02f3ca0b450 ela-mainchain-crc-1:10116
5     021cfade3eddd057d8ca178057a88c4654b15c1ada7ee9ab65517f00beb6977556                      
6     0295890a17feb7d5191da656089b5daad83f596edcc491f5c91d025b42955a9f25                      
----- ------------------------------------------------------------------ ---------------------
CURRENT CANDIDATES
INDEX                                                          PUBLICKEY            NETADDRESS
----- ------------------------------------------------------------------ ---------------------
----- ------------------------------------------------------------------ ---------------------
NEXT CANDIDATES
INDEX                                                          PUBLICKEY            NETADDRESS
----- ------------------------------------------------------------------ ---------------------
----- ------------------------------------------------------------------ ---------------------
2019/04/24 03:51:44.704199 [1;35m[INF][m GID 59, [ConfirmBlock] block hash: 1de705e83694e1b47a1d073e842934cd1842089bf706f2e8c4d90fe09b9bf060
2019/04/24 03:51:44.787209 [1;35m[INF][m GID 59, [ConfirmBlock] block height: 531
2019/04/24 03:51:45.227145 [1;35m[INF][m GID 325, five second countdown ends. Re-generate block.
2019/04/24 03:51:45.227826 [1;35m[INF][m GID 325, difficulty:  520095999
2019/04/24 03:51:48.378914 [1;35m[INF][m GID 59, [ConfirmBlock] block hash: 9e33c681684be2f946e25ecf0a4e0ba7e89f498cf4c8f9b7389d9aa9bb1905ac
2019/04/24 03:51:48.847079 [1;35m[INF][m GID 59, [ConfirmBlock] block hash: 9e33c681684be2f946e25ecf0a4e0ba7e89f498cf4c8f9b7389d9aa9bb1905ac
2019/04/24 03:51:48.851951 [1;35m[INF][m GID 59, [ConfirmBlock] block height: 532
2019/04/24 03:51:50.314847 [1;35m[INF][m GID 325, five second countdown ends. Re-generate block.
2019/04/24 03:51:50.317654 [1;35m[INF][m GID 325, difficulty:  520095999
2019/04/24 03:51:55.364152 [1;35m[INF][m GID 325, five second countdown ends. Re-generate block.
2019/04/24 03:51:55.364397 [1;35m[INF][m GID 325, difficulty:  520095999
2019/04/24 03:51:56.160208 [1;35m[INF][m GID 59, [ConfirmBlock] block hash: b5c8b13676da7167a6e841e387971a91dd6450825bc51ccfa533f1f8e5728bfb
2019/04/24 03:51:56.384806 [1;35m[INF][m GID 52, [ConfirmBlock] block hash: b5c8b13676da7167a6e841e387971a91dd6450825bc51ccfa533f1f8e5728bfb
2019/04/24 03:51:56.385751 [1;35m[INF][m GID 52, [ConfirmBlock] block height: 533
2019/04/24 03:51:56.422002 [1;35m[INF][m GID 52, 
CURRENT ARBITERS
DUTYINDEX: 1
INDEX                                                          PUBLICKEY            NETADDRESS ONDUTY
----- ------------------------------------------------------------------ --------------------- ------
1     021cfade3eddd057d8ca178057a88c4654b15c1ada7ee9ab65517f00beb6977556                         true
2     0295890a17feb7d5191da656089b5daad83f596edcc491f5c91d025b42955a9f25                        false
3     02eafcd36390b064431b82a4b2934f6d93fddfcfa4a86602b2ae32d858b8d3bcd7 ela-mainchain-crc-4:10416  false
4     032e74c386af5d672cb196334f2b6ee6451d61f2257f0837ea7af340ef4dea4e1a ela-mainchain-crc-3:10316  false
5     0353197d11802fe0cd5409f064822b896ceaa675ea596287f1e5ce009be7684f08 ela-mainchain-crc-2:10216  false
6     0386206d1d442f5c8ddcc9ae45ab85d921b6ade3a184f43b7ccf6de02f3ca0b450 ela-mainchain-crc-1:10116  false
----- ------------------------------------------------------------------ --------------------- ------
NEXT ARBITERS
INDEX                                                          PUBLICKEY            NETADDRESS
----- ------------------------------------------------------------------ ---------------------
1     0353197d11802fe0cd5409f064822b896ceaa675ea596287f1e5ce009be7684f08 ela-mainchain-crc-2:10216
2     032e74c386af5d672cb196334f2b6ee6451d61f2257f0837ea7af340ef4dea4e1a ela-mainchain-crc-3:10316
3     02eafcd36390b064431b82a4b2934f6d93fddfcfa4a86602b2ae32d858b8d3bcd7 ela-mainchain-crc-4:10416
4     0386206d1d442f5c8ddcc9ae45ab85d921b6ade3a184f43b7ccf6de02f3ca0b450 ela-mainchain-crc-1:10116
5     021cfade3eddd057d8ca178057a88c4654b15c1ada7ee9ab65517f00beb6977556                      
6     0295890a17feb7d5191da656089b5daad83f596edcc491f5c91d025b42955a9f25                      
----- ------------------------------------------------------------------ ---------------------
CURRENT CANDIDATES
INDEX                                                          PUBLICKEY            NETADDRESS
----- ------------------------------------------------------------------ ---------------------
----- ------------------------------------------------------------------ ---------------------
NEXT CANDIDATES
INDEX                                                          PUBLICKEY            NETADDRESS
----- ------------------------------------------------------------------ ---------------------
----- ------------------------------------------------------------------ ---------------------
2019/04/24 03:52:00.372649 [1;35m[INF][m GID 325, five second countdown ends. Re-generate block.
2019/04/24 03:52:00.372917 [1;35m[INF][m GID 325, difficulty:  520095999
2019-04-24 03:52:03.430 [INF] STAT: -> 533 [530 172.18.0.10:39216 (inbound), 530 172.18.0.14:39602 (inbound), 531 172.18.0.16:44688 (inbound), 532 172.18.0.17:42494 (inbound), 533 172.18.0.12:58624 (inbound), 533 172.18.0.13:38332 (inbound), 530 172.18.0.5:45184 (inbound), 530 172.18.0.6:40040 (inbound), 530 172.18.0.7:35774 (inbound), 531 172.18.0.9:46762 (inbound), 533 172.18.0.19:46780 (inbound), 533 172.18.0.20:33566 (inbound), 530 172.18.0.8:34400 (inbound), 530 172.18.0.3:60882 (inbound), 533 172.18.0.18:34100 (inbound), 530 172.18.0.5:10315 (outbound), 532 172.18.0.6:10215 (outbound), 532 172.18.0.8:10115 (outbound), 532 172.18.0.3:10515 (outbound), 532 172.18.0.7:10015 (outbound), 532 172.18.0.9:10615 (outbound)]
2019/04/24 03:52:04.795352 [1;35m[INF][m GID 52, [ConfirmBlock] block hash: 69fafbd364116a5e574cfbf8ea59f0ded0927149cb5836538d442d7b142d5dfe
2019/04/24 03:52:04.810463 [1;35m[INF][m GID 59, Rejected block 69fafbd364116a5e574cfbf8ea59f0ded0927149cb5836538d442d7b142d5dfe from 172.18.0.3:60882 (inbound): duplicate block in pool
2019/04/24 03:52:04.993898 [1;35m[INF][m GID 59, [ConfirmBlock] block hash: 69fafbd364116a5e574cfbf8ea59f0ded0927149cb5836538d442d7b142d5dfe
2019/04/24 03:52:04.994104 [1;35m[INF][m GID 59, [ConfirmBlock] block height: 534
2019/04/24 03:52:04.997867 [1;35m[INF][m GID 59, 
CURRENT ARBITERS
DUTYINDEX: 2
INDEX                                                          PUBLICKEY            NETADDRESS ONDUTY
----- ------------------------------------------------------------------ --------------------- ------
1     021cfade3eddd057d8ca178057a88c4654b15c1ada7ee9ab65517f00beb6977556                        false
2     0295890a17feb7d5191da656089b5daad83f596edcc491f5c91d025b42955a9f25                         true
3     02eafcd36390b064431b82a4b2934f6d93fddfcfa4a86602b2ae32d858b8d3bcd7 ela-mainchain-crc-4:10416  false
4     032e74c386af5d672cb196334f2b6ee6451d61f2257f0837ea7af340ef4dea4e1a ela-mainchain-crc-3:10316  false
5     0353197d11802fe0cd5409f064822b896ceaa675ea596287f1e5ce009be7684f08 ela-mainchain-crc-2:10216  false
6     0386206d1d442f5c8ddcc9ae45ab85d921b6ade3a184f43b7ccf6de02f3ca0b450 ela-mainchain-crc-1:10116  false
----- ------------------------------------------------------------------ --------------------- ------
NEXT ARBITERS
INDEX                                                          PUBLICKEY            NETADDRESS
----- ------------------------------------------------------------------ ---------------------
1     0353197d11802fe0cd5409f064822b896ceaa675ea596287f1e5ce009be7684f08 ela-mainchain-crc-2:10216
2     032e74c386af5d672cb196334f2b6ee6451d61f2257f0837ea7af340ef4dea4e1a ela-mainchain-crc-3:10316
3     02eafcd36390b064431b82a4b2934f6d93fddfcfa4a86602b2ae32d858b8d3bcd7 ela-mainchain-crc-4:10416
4     0386206d1d442f5c8ddcc9ae45ab85d921b6ade3a184f43b7ccf6de02f3ca0b450 ela-mainchain-crc-1:10116
5     021cfade3eddd057d8ca178057a88c4654b15c1ada7ee9ab65517f00beb6977556                      
6     0295890a17feb7d5191da656089b5daad83f596edcc491f5c91d025b42955a9f25                      
----- ------------------------------------------------------------------ ---------------------
CURRENT CANDIDATES
INDEX                                                          PUBLICKEY            NETADDRESS
----- ------------------------------------------------------------------ ---------------------
----- ------------------------------------------------------------------ ---------------------
NEXT CANDIDATES
INDEX                                                          PUBLICKEY            NETADDRESS
----- ------------------------------------------------------------------ ---------------------
----- ------------------------------------------------------------------ ---------------------
2019/04/24 03:52:05.390373 [1;35m[INF][m GID 325, five second countdown ends. Re-generate block.
2019/04/24 03:52:05.390702 [1;35m[INF][m GID 325, difficulty:  520095999
2019/04/24 03:52:10.392227 [1;35m[INF][m GID 325, five second countdown ends. Re-generate block.
2019/04/24 03:52:10.395407 [1;35m[INF][m GID 325, difficulty:  520095999
2019/04/24 03:52:15.440420 [1;35m[INF][m GID 325, five second countdown ends. Re-generate block.
2019/04/24 03:52:15.443873 [1;35m[INF][m GID 325, difficulty:  520095999
2019/04/24 03:52:20.452232 [1;35m[INF][m GID 325, five second countdown ends. Re-generate block.
2019/04/24 03:52:20.465473 [1;35m[INF][m GID 325, difficulty:  520095999
2019/04/24 03:52:25.475480 [1;35m[INF][m GID 325, five second countdown ends. Re-generate block.
2019/04/24 03:52:25.475797 [1;35m[INF][m GID 325, difficulty:  520095999
2019/04/24 03:52:30.476680 [1;35m[INF][m GID 325, five second countdown ends. Re-generate block.
2019/04/24 03:52:30.477779 [1;35m[INF][m GID 325, difficulty:  520095999
2019/04/24 03:52:32.252606 [1;33m[WRN][m GID 806, [CheckTransactionCoinbaseLock] cannot unlock coinbase transaction output
2019/04/24 03:52:32.252699 [1;33m[WRN][m GID 806, [TxPool CheckTransactionContext] failed 25625e638249ff825aa89fb7220a4c72780acd13aa12af8c44f6673e3d3164e5
2019/04/24 03:52:32.253276 [1;35m[INF][m GID 806, [httpjsonrpc] VerifyTransaction failed when AppendToTxnPool. Errcode: INTERNAL ERROR, ErrIneffectiveCoinbase
2019/04/24 03:52:34.186906 [1;35m[INF][m GID 59, [ConfirmBlock] block hash: 5b559723b41822fc72d7e23b6009801b58500ae211e6335fdf7f27c50e15baec
2019/04/24 03:52:34.336559 [1;35m[INF][m GID 52, [ConfirmBlock] block hash: 5b559723b41822fc72d7e23b6009801b58500ae211e6335fdf7f27c50e15baec
2019/04/24 03:52:34.336794 [1;35m[INF][m GID 52, [ConfirmBlock] block height: 535
2019/04/24 03:52:34.346955 [1;35m[INF][m GID 52, 
CURRENT ARBITERS
DUTYINDEX: 3
INDEX                                                          PUBLICKEY            NETADDRESS ONDUTY
----- ------------------------------------------------------------------ --------------------- ------
1     021cfade3eddd057d8ca178057a88c4654b15c1ada7ee9ab65517f00beb6977556                        false
2     0295890a17feb7d5191da656089b5daad83f596edcc491f5c91d025b42955a9f25                        false
3     02eafcd36390b064431b82a4b2934f6d93fddfcfa4a86602b2ae32d858b8d3bcd7 ela-mainchain-crc-4:10416   true
4     032e74c386af5d672cb196334f2b6ee6451d61f2257f0837ea7af340ef4dea4e1a ela-mainchain-crc-3:10316  false
5     0353197d11802fe0cd5409f064822b896ceaa675ea596287f1e5ce009be7684f08 ela-mainchain-crc-2:10216  false
6     0386206d1d442f5c8ddcc9ae45ab85d921b6ade3a184f43b7ccf6de02f3ca0b450 ela-mainchain-crc-1:10116  false
----- ------------------------------------------------------------------ --------------------- ------
NEXT ARBITERS
INDEX                                                          PUBLICKEY            NETADDRESS
----- ------------------------------------------------------------------ ---------------------
1     0353197d11802fe0cd5409f064822b896ceaa675ea596287f1e5ce009be7684f08 ela-mainchain-crc-2:10216
2     032e74c386af5d672cb196334f2b6ee6451d61f2257f0837ea7af340ef4dea4e1a ela-mainchain-crc-3:10316
3     02eafcd36390b064431b82a4b2934f6d93fddfcfa4a86602b2ae32d858b8d3bcd7 ela-mainchain-crc-4:10416
4     0386206d1d442f5c8ddcc9ae45ab85d921b6ade3a184f43b7ccf6de02f3ca0b450 ela-mainchain-crc-1:10116
5     021cfade3eddd057d8ca178057a88c4654b15c1ada7ee9ab65517f00beb6977556                      
6     0295890a17feb7d5191da656089b5daad83f596edcc491f5c91d025b42955a9f25                      
----- ------------------------------------------------------------------ ---------------------
CURRENT CANDIDATES
INDEX                                                          PUBLICKEY            NETADDRESS
----- ------------------------------------------------------------------ ---------------------
----- ------------------------------------------------------------------ ---------------------
NEXT CANDIDATES
INDEX                                                          PUBLICKEY            NETADDRESS
----- ------------------------------------------------------------------ ---------------------
----- ------------------------------------------------------------------ ---------------------
2019/04/24 03:52:34.827376 [1;35m[INF][m GID 59, Lost peer 172.18.0.3:10515 (outbound)
2019/04/24 03:52:35.491455 [1;35m[INF][m GID 325, five second countdown ends. Re-generate block.
2019/04/24 03:52:35.492452 [1;35m[INF][m GID 325, difficulty:  520095999
2019/04/24 03:52:38.383076 [1;35m[INF][m GID 59, [ConfirmBlock] block hash: 7fe18e7bc3083cb083ce3bcdbcb018ca8dfcaf29c9a697b23fa342b9fe51cad7
2019/04/24 03:52:38.594052 [1;35m[INF][m GID 52, [ConfirmBlock] block hash: 7fe18e7bc3083cb083ce3bcdbcb018ca8dfcaf29c9a697b23fa342b9fe51cad7
2019/04/24 03:52:38.596982 [1;35m[INF][m GID 52, [ConfirmBlock] block height: 536
2019/04/24 03:52:38.600432 [1;35m[INF][m GID 52, 
CURRENT ARBITERS
DUTYINDEX: 4
INDEX                                                          PUBLICKEY            NETADDRESS ONDUTY
----- ------------------------------------------------------------------ --------------------- ------
1     021cfade3eddd057d8ca178057a88c4654b15c1ada7ee9ab65517f00beb6977556                        false
2     0295890a17feb7d5191da656089b5daad83f596edcc491f5c91d025b42955a9f25                        false
3     02eafcd36390b064431b82a4b2934f6d93fddfcfa4a86602b2ae32d858b8d3bcd7 ela-mainchain-crc-4:10416  false
4     032e74c386af5d672cb196334f2b6ee6451d61f2257f0837ea7af340ef4dea4e1a ela-mainchain-crc-3:10316   true
5     0353197d11802fe0cd5409f064822b896ceaa675ea596287f1e5ce009be7684f08 ela-mainchain-crc-2:10216  false
6     0386206d1d442f5c8ddcc9ae45ab85d921b6ade3a184f43b7ccf6de02f3ca0b450 ela-mainchain-crc-1:10116  false
----- ------------------------------------------------------------------ --------------------- ------
NEXT ARBITERS
INDEX                                                          PUBLICKEY            NETADDRESS
----- ------------------------------------------------------------------ ---------------------
1     0353197d11802fe0cd5409f064822b896ceaa675ea596287f1e5ce009be7684f08 ela-mainchain-crc-2:10216
2     032e74c386af5d672cb196334f2b6ee6451d61f2257f0837ea7af340ef4dea4e1a ela-mainchain-crc-3:10316
3     02eafcd36390b064431b82a4b2934f6d93fddfcfa4a86602b2ae32d858b8d3bcd7 ela-mainchain-crc-4:10416
4     0386206d1d442f5c8ddcc9ae45ab85d921b6ade3a184f43b7ccf6de02f3ca0b450 ela-mainchain-crc-1:10116
5     021cfade3eddd057d8ca178057a88c4654b15c1ada7ee9ab65517f00beb6977556                      
6     0295890a17feb7d5191da656089b5daad83f596edcc491f5c91d025b42955a9f25                      
----- ------------------------------------------------------------------ ---------------------
CURRENT CANDIDATES
INDEX                                                          PUBLICKEY            NETADDRESS
----- ------------------------------------------------------------------ ---------------------
----- ------------------------------------------------------------------ ---------------------
NEXT CANDIDATES
INDEX                                                          PUBLICKEY            NETADDRESS
----- ------------------------------------------------------------------ ---------------------
----- ------------------------------------------------------------------ ---------------------
2019/04/24 03:52:39.954977 [1;35m[INF][m GID 59, New valid peer 172.18.0.3:10515 (outbound)
2019/04/24 03:52:40.493447 [1;35m[INF][m GID 325, five second countdown ends. Re-generate block.
2019/04/24 03:52:40.499936 [1;35m[INF][m GID 325, difficulty:  520095999
2019/04/24 03:52:44.683373 [1;35m[INF][m GID 59, [ConfirmBlock] block hash: 33ec3df3c29d6ed1b050c49b2c7c179979d20a6bfe37601c98d4b6c0fe2055ed
2019/04/24 03:52:45.254533 [1;35m[INF][m GID 52, [ConfirmBlock] block hash: 33ec3df3c29d6ed1b050c49b2c7c179979d20a6bfe37601c98d4b6c0fe2055ed
2019/04/24 03:52:45.255845 [1;35m[INF][m GID 52, [ConfirmBlock] block height: 537
2019/04/24 03:52:45.257500 [1;35m[INF][m GID 52, 
CURRENT ARBITERS
DUTYINDEX: 5
INDEX                                                          PUBLICKEY            NETADDRESS ONDUTY
----- ------------------------------------------------------------------ --------------------- ------
1     021cfade3eddd057d8ca178057a88c4654b15c1ada7ee9ab65517f00beb6977556                        false
2     0295890a17feb7d5191da656089b5daad83f596edcc491f5c91d025b42955a9f25                        false
3     02eafcd36390b064431b82a4b2934f6d93fddfcfa4a86602b2ae32d858b8d3bcd7 ela-mainchain-crc-4:10416  false
4     032e74c386af5d672cb196334f2b6ee6451d61f2257f0837ea7af340ef4dea4e1a ela-mainchain-crc-3:10316  false
5     0353197d11802fe0cd5409f064822b896ceaa675ea596287f1e5ce009be7684f08 ela-mainchain-crc-2:10216   true
6     0386206d1d442f5c8ddcc9ae45ab85d921b6ade3a184f43b7ccf6de02f3ca0b450 ela-mainchain-crc-1:10116  false
----- ------------------------------------------------------------------ --------------------- ------
NEXT ARBITERS
INDEX                                                          PUBLICKEY            NETADDRESS
----- ------------------------------------------------------------------ ---------------------
1     0353197d11802fe0cd5409f064822b896ceaa675ea596287f1e5ce009be7684f08 ela-mainchain-crc-2:10216
2     032e74c386af5d672cb196334f2b6ee6451d61f2257f0837ea7af340ef4dea4e1a ela-mainchain-crc-3:10316
3     02eafcd36390b064431b82a4b2934f6d93fddfcfa4a86602b2ae32d858b8d3bcd7 ela-mainchain-crc-4:10416
4     0386206d1d442f5c8ddcc9ae45ab85d921b6ade3a184f43b7ccf6de02f3ca0b450 ela-mainchain-crc-1:10116
5     021cfade3eddd057d8ca178057a88c4654b15c1ada7ee9ab65517f00beb6977556                      
6     0295890a17feb7d5191da656089b5daad83f596edcc491f5c91d025b42955a9f25                      
----- ------------------------------------------------------------------ ---------------------
CURRENT CANDIDATES
INDEX                                                          PUBLICKEY            NETADDRESS
----- ------------------------------------------------------------------ ---------------------
----- ------------------------------------------------------------------ ---------------------
NEXT CANDIDATES
INDEX                                                          PUBLICKEY            NETADDRESS
----- ------------------------------------------------------------------ ---------------------
----- ------------------------------------------------------------------ ---------------------
2019/04/24 03:52:45.451750 [1;35m[INF][m GID 59, [ConfirmBlock] block hash: 33ec3df3c29d6ed1b050c49b2c7c179979d20a6bfe37601c98d4b6c0fe2055ed
2019/04/24 03:52:45.465019 [1;35m[INF][m GID 59, [ConfirmBlock] block height: 537
2019/04/24 03:52:45.545129 [1;35m[INF][m GID 325, five second countdown ends. Re-generate block.
2019/04/24 03:52:45.551318 [1;35m[INF][m GID 325, difficulty:  520095999
2019/04/24 03:52:50.571213 [1;35m[INF][m GID 325, five second countdown ends. Re-generate block.
2019/04/24 03:52:50.576555 [1;35m[INF][m GID 325, difficulty:  520095999
2019/04/24 03:52:55.602060 [1;35m[INF][m GID 325, five second countdown ends. Re-generate block.
2019/04/24 03:52:55.602513 [1;35m[INF][m GID 325, difficulty:  520095999
2019/04/24 03:52:58.030668 [1;35m[INF][m GID 59, [ConfirmBlock] block hash: ae9e5a13fd9207c1ff449f7743ce458fd0db5061a773aa615485fba372a4c29e
2019/04/24 03:52:58.277795 [1;35m[INF][m GID 52, [ConfirmBlock] block hash: ae9e5a13fd9207c1ff449f7743ce458fd0db5061a773aa615485fba372a4c29e
2019/04/24 03:52:58.282974 [1;35m[INF][m GID 52, [ConfirmBlock] block height: 538
2019/04/24 03:52:58.568886 [1;35m[INF][m GID 59, [ConfirmBlock] block hash: ae9e5a13fd9207c1ff449f7743ce458fd0db5061a773aa615485fba372a4c29e
2019/04/24 03:52:58.578842 [1;35m[INF][m GID 59, [ConfirmBlock] block height: 538
2019/04/24 03:53:00.673503 [1;35m[INF][m GID 325, five second countdown ends. Re-generate block.
2019/04/24 03:53:00.673775 [1;35m[INF][m GID 325, difficulty:  520095999
2019-04-24 03:53:03.486 [INF] STAT: -> 538 [536 172.18.0.8:34400 (inbound), 536 172.18.0.3:60882 (inbound), 538 172.18.0.18:34100 (inbound), 536 172.18.0.10:39216 (inbound), 536 172.18.0.14:39602 (inbound), 537 172.18.0.16:44688 (inbound), 537 172.18.0.17:42494 (inbound), 537 172.18.0.12:58624 (inbound), 538 172.18.0.13:38332 (inbound), 534 172.18.0.5:45184 (inbound), 535 172.18.0.6:40040 (inbound), 536 172.18.0.7:35774 (inbound), 536 172.18.0.9:46762 (inbound), 538 172.18.0.19:46780 (inbound), 538 172.18.0.20:33566 (inbound), 534 172.18.0.5:10315 (outbound), 537 172.18.0.8:10115 (outbound), 536 172.18.0.3:10515 (outbound), 537 172.18.0.7:10015 (outbound), 537 172.18.0.9:10615 (outbound), 537 172.18.0.6:10215 (outbound)]
2019/04/24 03:53:05.675407 [1;35m[INF][m GID 325, five second countdown ends. Re-generate block.
2019/04/24 03:53:05.676349 [1;35m[INF][m GID 325, difficulty:  520095999
2019/04/24 03:53:10.830602 [1;35m[INF][m GID 325, five second countdown ends. Re-generate block.
2019/04/24 03:53:10.886042 [1;35m[INF][m GID 325, difficulty:  520095999
2019/04/24 03:53:12.262550 [1;35m[INF][m GID 59, [ConfirmBlock] block hash: d576d7160af79ce8e8a2de4bb261dea5d77961fbead4c3402e009a54e5853422
2019/04/24 03:53:13.900890 [1;35m[INF][m GID 52, [ConfirmBlock] block hash: d576d7160af79ce8e8a2de4bb261dea5d77961fbead4c3402e009a54e5853422
2019/04/24 03:53:13.905559 [1;35m[INF][m GID 52, [ConfirmBlock] block height: 539
2019/04/24 03:53:14.086258 [1;35m[INF][m GID 52, 
CURRENT ARBITERS
DUTYINDEX: 1
INDEX                                                          PUBLICKEY            NETADDRESS ONDUTY
----- ------------------------------------------------------------------ --------------------- ------
1     021cfade3eddd057d8ca178057a88c4654b15c1ada7ee9ab65517f00beb6977556                         true
2     0295890a17feb7d5191da656089b5daad83f596edcc491f5c91d025b42955a9f25                        false
3     02eafcd36390b064431b82a4b2934f6d93fddfcfa4a86602b2ae32d858b8d3bcd7 ela-mainchain-crc-4:10416  false
4     032e74c386af5d672cb196334f2b6ee6451d61f2257f0837ea7af340ef4dea4e1a ela-mainchain-crc-3:10316  false
5     0353197d11802fe0cd5409f064822b896ceaa675ea596287f1e5ce009be7684f08 ela-mainchain-crc-2:10216  false
6     0386206d1d442f5c8ddcc9ae45ab85d921b6ade3a184f43b7ccf6de02f3ca0b450 ela-mainchain-crc-1:10116  false
----- ------------------------------------------------------------------ --------------------- ------
NEXT ARBITERS
INDEX                                                          PUBLICKEY            NETADDRESS
----- ------------------------------------------------------------------ ---------------------
1     0386206d1d442f5c8ddcc9ae45ab85d921b6ade3a184f43b7ccf6de02f3ca0b450 ela-mainchain-crc-1:10116
2     0353197d11802fe0cd5409f064822b896ceaa675ea596287f1e5ce009be7684f08 ela-mainchain-crc-2:10216
3     032e74c386af5d672cb196334f2b6ee6451d61f2257f0837ea7af340ef4dea4e1a ela-mainchain-crc-3:10316
4     02eafcd36390b064431b82a4b2934f6d93fddfcfa4a86602b2ae32d858b8d3bcd7 ela-mainchain-crc-4:10416
5     021cfade3eddd057d8ca178057a88c4654b15c1ada7ee9ab65517f00beb6977556                      
6     0295890a17feb7d5191da656089b5daad83f596edcc491f5c91d025b42955a9f25                      
----- ------------------------------------------------------------------ ---------------------
CURRENT CANDIDATES
INDEX                                                          PUBLICKEY            NETADDRESS
----- ------------------------------------------------------------------ ---------------------
----- ------------------------------------------------------------------ ---------------------
NEXT CANDIDATES
INDEX                                                          PUBLICKEY            NETADDRESS
----- ------------------------------------------------------------------ ---------------------
----- ------------------------------------------------------------------ ---------------------
2019/04/24 03:53:14.411552 [1;35m[INF][m GID 59, [ConfirmBlock] block hash: d576d7160af79ce8e8a2de4bb261dea5d77961fbead4c3402e009a54e5853422
2019/04/24 03:53:14.422212 [1;35m[INF][m GID 59, [ConfirmBlock] block height: 539
2019/04/24 03:53:15.894823 [1;35m[INF][m GID 325, five second countdown ends. Re-generate block.
2019/04/24 03:53:15.895655 [1;35m[INF][m GID 325, difficulty:  520095999
2019/04/24 03:53:20.898454 [1;35m[INF][m GID 325, five second countdown ends. Re-generate block.
2019/04/24 03:53:20.898793 [1;35m[INF][m GID 325, difficulty:  520095999
2019/04/24 03:53:25.920791 [1;35m[INF][m GID 325, five second countdown ends. Re-generate block.
2019/04/24 03:53:25.924778 [1;35m[INF][m GID 325, difficulty:  520095999
2019/04/24 03:53:27.701099 [1;35m[INF][m GID 59, [ConfirmBlock] block hash: 38515bf77b40646b01a4ebfdb2ad4e571f378c3f5087458a4c4a2329965cd066
2019/04/24 03:53:28.393659 [1;35m[INF][m GID 52, [ConfirmBlock] block hash: 38515bf77b40646b01a4ebfdb2ad4e571f378c3f5087458a4c4a2329965cd066
2019/04/24 03:53:28.403272 [1;35m[INF][m GID 52, [ConfirmBlock] block height: 540
2019/04/24 03:53:28.436940 [1;35m[INF][m GID 52, 
CURRENT ARBITERS
DUTYINDEX: 2
INDEX                                                          PUBLICKEY            NETADDRESS ONDUTY
----- ------------------------------------------------------------------ --------------------- ------
1     021cfade3eddd057d8ca178057a88c4654b15c1ada7ee9ab65517f00beb6977556                        false
2     0295890a17feb7d5191da656089b5daad83f596edcc491f5c91d025b42955a9f25                         true
3     02eafcd36390b064431b82a4b2934f6d93fddfcfa4a86602b2ae32d858b8d3bcd7 ela-mainchain-crc-4:10416  false
4     032e74c386af5d672cb196334f2b6ee6451d61f2257f0837ea7af340ef4dea4e1a ela-mainchain-crc-3:10316  false
5     0353197d11802fe0cd5409f064822b896ceaa675ea596287f1e5ce009be7684f08 ela-mainchain-crc-2:10216  false
6     0386206d1d442f5c8ddcc9ae45ab85d921b6ade3a184f43b7ccf6de02f3ca0b450 ela-mainchain-crc-1:10116  false
----- ------------------------------------------------------------------ --------------------- ------
NEXT ARBITERS
INDEX                                                          PUBLICKEY            NETADDRESS
----- ------------------------------------------------------------------ ---------------------
1     0386206d1d442f5c8ddcc9ae45ab85d921b6ade3a184f43b7ccf6de02f3ca0b450 ela-mainchain-crc-1:10116
2     0353197d11802fe0cd5409f064822b896ceaa675ea596287f1e5ce009be7684f08 ela-mainchain-crc-2:10216
3     032e74c386af5d672cb196334f2b6ee6451d61f2257f0837ea7af340ef4dea4e1a ela-mainchain-crc-3:10316
4     02eafcd36390b064431b82a4b2934f6d93fddfcfa4a86602b2ae32d858b8d3bcd7 ela-mainchain-crc-4:10416
5     021cfade3eddd057d8ca178057a88c4654b15c1ada7ee9ab65517f00beb6977556                      
6     0295890a17feb7d5191da656089b5daad83f596edcc491f5c91d025b42955a9f25                      
----- ------------------------------------------------------------------ ---------------------
CURRENT CANDIDATES
INDEX                                                          PUBLICKEY            NETADDRESS
----- ------------------------------------------------------------------ ---------------------
----- ------------------------------------------------------------------ ---------------------
NEXT CANDIDATES
INDEX                                                          PUBLICKEY            NETADDRESS
----- ------------------------------------------------------------------ ---------------------
----- ------------------------------------------------------------------ ---------------------
2019/04/24 03:53:30.938837 [1;35m[INF][m GID 325, five second countdown ends. Re-generate block.
2019/04/24 03:53:30.939339 [1;35m[INF][m GID 325, difficulty:  520095999
2019/04/24 03:53:32.383979 [1;33m[WRN][m GID 806, [CheckTransactionCoinbaseLock] cannot unlock coinbase transaction output
2019/04/24 03:53:32.408277 [1;33m[WRN][m GID 806, [TxPool CheckTransactionContext] failed e7e53da070a40859bb9df91ea0abb9922207767af6062d34e2722d5cad77b5a8
2019/04/24 03:53:32.408485 [1;35m[INF][m GID 806, [httpjsonrpc] VerifyTransaction failed when AppendToTxnPool. Errcode: INTERNAL ERROR, ErrIneffectiveCoinbase
2019/04/24 03:53:35.260830 [1;35m[INF][m GID 59, [ConfirmBlock] block hash: ab41b4f724df77abf2060adcfe1aa681fa2de2a9978c51afe42ec2c484d126ba
2019/04/24 03:53:35.655075 [1;35m[INF][m GID 59, [ConfirmBlock] block hash: ab41b4f724df77abf2060adcfe1aa681fa2de2a9978c51afe42ec2c484d126ba
2019/04/24 03:53:35.674338 [1;35m[INF][m GID 59, [ConfirmBlock] block height: 541
2019/04/24 03:53:35.675768 [1;35m[INF][m GID 59, 
CURRENT ARBITERS
DUTYINDEX: 3
INDEX                                                          PUBLICKEY            NETADDRESS ONDUTY
----- ------------------------------------------------------------------ --------------------- ------
1     021cfade3eddd057d8ca178057a88c4654b15c1ada7ee9ab65517f00beb6977556                        false
2     0295890a17feb7d5191da656089b5daad83f596edcc491f5c91d025b42955a9f25                        false
3     02eafcd36390b064431b82a4b2934f6d93fddfcfa4a86602b2ae32d858b8d3bcd7 ela-mainchain-crc-4:10416   true
4     032e74c386af5d672cb196334f2b6ee6451d61f2257f0837ea7af340ef4dea4e1a ela-mainchain-crc-3:10316  false
5     0353197d11802fe0cd5409f064822b896ceaa675ea596287f1e5ce009be7684f08 ela-mainchain-crc-2:10216  false
6     0386206d1d442f5c8ddcc9ae45ab85d921b6ade3a184f43b7ccf6de02f3ca0b450 ela-mainchain-crc-1:10116  false
----- ------------------------------------------------------------------ --------------------- ------
NEXT ARBITERS
INDEX                                                          PUBLICKEY            NETADDRESS
----- ------------------------------------------------------------------ ---------------------
1     0386206d1d442f5c8ddcc9ae45ab85d921b6ade3a184f43b7ccf6de02f3ca0b450 ela-mainchain-crc-1:10116
2     0353197d11802fe0cd5409f064822b896ceaa675ea596287f1e5ce009be7684f08 ela-mainchain-crc-2:10216
3     032e74c386af5d672cb196334f2b6ee6451d61f2257f0837ea7af340ef4dea4e1a ela-mainchain-crc-3:10316
4     02eafcd36390b064431b82a4b2934f6d93fddfcfa4a86602b2ae32d858b8d3bcd7 ela-mainchain-crc-4:10416
5     021cfade3eddd057d8ca178057a88c4654b15c1ada7ee9ab65517f00beb6977556                      
6     0295890a17feb7d5191da656089b5daad83f596edcc491f5c91d025b42955a9f25                      
----- ------------------------------------------------------------------ ---------------------
CURRENT CANDIDATES
INDEX                                                          PUBLICKEY            NETADDRESS
----- ------------------------------------------------------------------ ---------------------
----- ------------------------------------------------------------------ ---------------------
NEXT CANDIDATES
INDEX                                                          PUBLICKEY            NETADDRESS
----- ------------------------------------------------------------------ ---------------------
----- ------------------------------------------------------------------ ---------------------
2019/04/24 03:53:35.684784 [1;35m[INF][m GID 52, [ConfirmBlock] block hash: ab41b4f724df77abf2060adcfe1aa681fa2de2a9978c51afe42ec2c484d126ba
2019/04/24 03:53:35.694331 [1;35m[INF][m GID 52, [ConfirmBlock] block height: 541
2019/04/24 03:53:35.954757 [1;35m[INF][m GID 325, five second countdown ends. Re-generate block.
2019/04/24 03:53:35.956969 [1;35m[INF][m GID 325, difficulty:  520095999
2019/04/24 03:53:41.032496 [1;35m[INF][m GID 325, five second countdown ends. Re-generate block.
2019/04/24 03:53:41.033918 [1;35m[INF][m GID 325, difficulty:  520095999
2019/04/24 03:53:45.178905 [1;35m[INF][m GID 59, Lost peer 172.18.0.9:46762 (inbound)
2019/04/24 03:53:46.068697 [1;35m[INF][m GID 325, five second countdown ends. Re-generate block.
2019/04/24 03:53:46.068998 [1;35m[INF][m GID 325, difficulty:  520095999
2019/04/24 03:53:48.806935 [1;35m[INF][m GID 59, [ConfirmBlock] block hash: a787eb408a819984db37302adf01b4597ea1cee1cb30774fe58516f5fb98ed9b
2019/04/24 03:53:49.076341 [1;35m[INF][m GID 59, [ConfirmBlock] block hash: a787eb408a819984db37302adf01b4597ea1cee1cb30774fe58516f5fb98ed9b
2019/04/24 03:53:49.257439 [1;35m[INF][m GID 59, [ConfirmBlock] block height: 542
2019/04/24 03:53:49.265398 [1;35m[INF][m GID 59, 
CURRENT ARBITERS
DUTYINDEX: 4
INDEX                                                          PUBLICKEY            NETADDRESS ONDUTY
----- ------------------------------------------------------------------ --------------------- ------
1     021cfade3eddd057d8ca178057a88c4654b15c1ada7ee9ab65517f00beb6977556                        false
2     0295890a17feb7d5191da656089b5daad83f596edcc491f5c91d025b42955a9f25                        false
3     02eafcd36390b064431b82a4b2934f6d93fddfcfa4a86602b2ae32d858b8d3bcd7 ela-mainchain-crc-4:10416  false
4     032e74c386af5d672cb196334f2b6ee6451d61f2257f0837ea7af340ef4dea4e1a ela-mainchain-crc-3:10316   true
5     0353197d11802fe0cd5409f064822b896ceaa675ea596287f1e5ce009be7684f08 ela-mainchain-crc-2:10216  false
6     0386206d1d442f5c8ddcc9ae45ab85d921b6ade3a184f43b7ccf6de02f3ca0b450 ela-mainchain-crc-1:10116  false
----- ------------------------------------------------------------------ --------------------- ------
NEXT ARBITERS
INDEX                                                          PUBLICKEY            NETADDRESS
----- ------------------------------------------------------------------ ---------------------
1     0386206d1d442f5c8ddcc9ae45ab85d921b6ade3a184f43b7ccf6de02f3ca0b450 ela-mainchain-crc-1:10116
2     0353197d11802fe0cd5409f064822b896ceaa675ea596287f1e5ce009be7684f08 ela-mainchain-crc-2:10216
3     032e74c386af5d672cb196334f2b6ee6451d61f2257f0837ea7af340ef4dea4e1a ela-mainchain-crc-3:10316
4     02eafcd36390b064431b82a4b2934f6d93fddfcfa4a86602b2ae32d858b8d3bcd7 ela-mainchain-crc-4:10416
5     021cfade3eddd057d8ca178057a88c4654b15c1ada7ee9ab65517f00beb6977556                      
6     0295890a17feb7d5191da656089b5daad83f596edcc491f5c91d025b42955a9f25                      
----- ------------------------------------------------------------------ ---------------------
CURRENT CANDIDATES
INDEX                                                          PUBLICKEY            NETADDRESS
----- ------------------------------------------------------------------ ---------------------
----- ------------------------------------------------------------------ ---------------------
NEXT CANDIDATES
INDEX                                                          PUBLICKEY            NETADDRESS
----- ------------------------------------------------------------------ ---------------------
----- ------------------------------------------------------------------ ---------------------
2019/04/24 03:53:49.371560 [1;35m[INF][m GID 52, [ConfirmBlock] block hash: a787eb408a819984db37302adf01b4597ea1cee1cb30774fe58516f5fb98ed9b
2019/04/24 03:53:49.372283 [1;35m[INF][m GID 52, [ConfirmBlock] block height: 542
2019/04/24 03:53:51.092551 [1;35m[INF][m GID 325, five second countdown ends. Re-generate block.
2019/04/24 03:53:51.092943 [1;35m[INF][m GID 325, difficulty:  520095999
