2019/05/08 17:53:39.213332 [1;35m[INF][m GID 1, Init wallet.
2019/05/08 17:53:39.300361 [1;35m[INF][m GID 1, Arbiter version:  
2019/05/08 17:53:39.301565 [1;35m[INF][m GID 1, 1. Init chain utxo cache.
2019/05/08 17:53:39.420348 [1;35m[INF][m GID 1, 2. Init finished transaction cache.
2019/05/08 17:53:39.471542 [1;35m[INF][m GID 1, 3. Start arbitrator P2P networks.
2019/05/08 17:53:39.472852 [1;35m[INF][m GID 1, 4. Init configurations.
2019/05/08 17:53:39.514712 [1;35m[INF][m GID 1, [arbitrator] Main chain height:  1
2019/05/08 17:53:39.534716 [1;35m[INF][m GID 1, 5. Start arbitrator spv module.
2019/05/08 17:53:39.565024 [1;35m[INF][m GID 1, [StartSpvModule] register auxpow listener: EUBKBP6K2QtWQAjZXf3d3ZoKE3chGJX1zG
2019/05/08 17:53:39.565248 [1;35m[INF][m GID 1, [StartSpvModule] register dposit listener: XKUh4GLhFJiqAMTF6HyWQrV9pK9HcGUdfJ
2019/05/08 17:53:39.565382 [1;35m[INF][m GID 1, [StartSpvModule] register auxpow listener: EMp6bGXzME9uQNfUcKDHRRMqyVNnsrRE8J
2019/05/08 17:53:39.565562 [1;35m[INF][m GID 1, [StartSpvModule] register dposit listener: XVfmhjxGxBKgzYxyXCJTb6YmaRfWPVunj4
2019/05/08 17:53:39.565693 [1;35m[INF][m GID 1, 6. Start arbitrator group monitor.
2019/05/08 17:53:39.565774 [1;35m[INF][m GID 1, 7. Start servers.
2019/05/08 17:53:39.565853 [1;35m[INF][m GID 1, 8. Start check and remove cross chain transactions from db.
2019/05/08 17:53:39.565965 [1;35m[INF][m GID 1, 9. Start side chain account divide.
2019/05/08 17:53:39.566674 [1;35m[INF][m GID 92, Check and remove cross chain transactions from dbcache finished
2019/05/08 17:53:44.671240 [1;35m[INF][m GID 90, [arbitrator] Main chain height:  2
2019/05/08 17:53:44.674197 [1;35m[INF][m GID 90, [OnDutyArbitratorChanged] I am on duty of main
2019/05/08 17:53:44.674329 [1;35m[INF][m GID 90, [SyncMainChainCachedTxs] start
2019/05/08 17:53:44.674464 [1;35m[INF][m GID 90, [SyncMainChainCachedTxs] end
2019/05/08 17:53:44.674557 [1;33m[WRN][m GID 90, [SyncMainChainCachedTxs] No main chain tx in dbcache
2019/05/08 17:53:44.674648 [1;35m[INF][m GID 154, [OnDutyChanged] Start side chain mining: genesis address [ XKUh4GLhFJiqAMTF6HyWQrV9pK9HcGUdfJ ]
2019/05/08 17:53:44.674736 [1;35m[INF][m GID 154, [sideChainPowTransfer] start
2019/05/08 17:53:44.674868 [1;35m[INF][m GID 152, [SendCachedWithdrawTxs] start
2019/05/08 17:53:44.675211 [1;35m[INF][m GID 152, No cached withdraw transaction need to send
2019/05/08 17:53:44.675300 [1;35m[INF][m GID 152, [SendCachedWithdrawTxs] end
2019/05/08 17:53:44.674883 [1;35m[INF][m GID 151, [SendCachedWithdrawTxs] start
2019/05/08 17:53:44.675483 [1;35m[INF][m GID 151, No cached withdraw transaction need to send
2019/05/08 17:53:44.675568 [1;35m[INF][m GID 151, [SendCachedWithdrawTxs] end
2019/05/08 17:53:44.674896 [1;35m[INF][m GID 153, [OnDutyChanged] Start side chain mining: genesis address [ XVfmhjxGxBKgzYxyXCJTb6YmaRfWPVunj4 ]
2019/05/08 17:53:44.675720 [1;35m[INF][m GID 153, [sideChainPowTransfer] start
2019/05/08 17:53:44.690586 [1;35m[INF][m GID 154, sideGenesisHash: a3c455a90843db2acd22554f2768a8d4233fafbf8dd549e6b261c2786993be56 sideBlockHash: 3a26498edcf024b3e24eb63c7437cc8abbfc095ac71104f951249c08a6884e0d
2019/05/08 17:53:44.695479 [1;33m[WRN][m GID 154, [sideChainPowTransfer] create transaction failed: [Wallet], Available token is not enough
2019/05/08 17:53:44.714721 [1;35m[INF][m GID 153, sideGenesisHash: 0e739a2b87774ef2266a3cabc79a8e1201732fe409cfe50bd4125efb1d1169b5 sideBlockHash: 4d92d7b0f981df5d6b7d4bd1fc87d96129f430b9f5c2784ba40adff33af4ef35
2019/05/08 17:53:44.720974 [1;33m[WRN][m GID 153, [sideChainPowTransfer] create transaction failed: [Wallet], Available token is not enough
2019/05/08 17:53:52.747700 [1;35m[INF][m GID 90, [arbitrator] Main chain height:  3
2019/05/08 17:53:52.750880 [1;35m[INF][m GID 90, [OnDutyArbitratorChanged] I became not on duty of main
2019/05/08 17:53:55.759878 [1;35m[INF][m GID 90, [arbitrator] Main chain height:  4
2019/05/08 17:53:55.762736 [1;35m[INF][m GID 90, [OnDutyArbitratorChanged] I am on duty of main
2019/05/08 17:53:55.762871 [1;35m[INF][m GID 90, [SyncMainChainCachedTxs] start
2019/05/08 17:53:55.763011 [1;35m[INF][m GID 90, [SyncMainChainCachedTxs] end
2019/05/08 17:53:55.763141 [1;33m[WRN][m GID 90, [SyncMainChainCachedTxs] No main chain tx in dbcache
2019/05/08 17:53:55.763249 [1;35m[INF][m GID 192, [OnDutyChanged] Start side chain mining: genesis address [ XVfmhjxGxBKgzYxyXCJTb6YmaRfWPVunj4 ]
2019/05/08 17:53:55.763396 [1;35m[INF][m GID 192, [sideChainPowTransfer] start
2019/05/08 17:53:55.763344 [1;35m[INF][m GID 190, [SendCachedWithdrawTxs] start
2019/05/08 17:53:55.763728 [1;35m[INF][m GID 190, No cached withdraw transaction need to send
2019/05/08 17:53:55.763356 [1;35m[INF][m GID 189, [SendCachedWithdrawTxs] start
2019/05/08 17:53:55.763905 [1;35m[INF][m GID 190, [SendCachedWithdrawTxs] end
2019/05/08 17:53:55.763953 [1;35m[INF][m GID 189, No cached withdraw transaction need to send
2019/05/08 17:53:55.763979 [1;35m[INF][m GID 189, [SendCachedWithdrawTxs] end
2019/05/08 17:53:55.763368 [1;35m[INF][m GID 191, [OnDutyChanged] Start side chain mining: genesis address [ XKUh4GLhFJiqAMTF6HyWQrV9pK9HcGUdfJ ]
2019/05/08 17:53:55.764013 [1;35m[INF][m GID 191, [sideChainPowTransfer] start
2019/05/08 17:53:55.764602 [1;35m[INF][m GID 191, sideGenesisHash: a3c455a90843db2acd22554f2768a8d4233fafbf8dd549e6b261c2786993be56 sideBlockHash: a23650b1e8890699842411cc061545e89cf3198e2ab1ad39140ff44d1fcbec1f
2019/05/08 17:53:55.765061 [1;33m[WRN][m GID 191, [sideChainPowTransfer] create transaction failed: [Wallet], Available token is not enough
2019/05/08 17:53:55.771762 [1;35m[INF][m GID 192, sideGenesisHash: 0e739a2b87774ef2266a3cabc79a8e1201732fe409cfe50bd4125efb1d1169b5 sideBlockHash: fee023de4a162b184b1332aa2f83f0da1806c68e609190bc09ec5981547e264e
2019/05/08 17:53:55.772278 [1;33m[WRN][m GID 192, [sideChainPowTransfer] create transaction failed: [Wallet], Available token is not enough
2019/05/08 17:53:58.796486 [1;35m[INF][m GID 40, currentHeight: 0  chainHeight: 1
2019/05/08 17:53:58.799315 [1;35m[INF][m GID 40,  [SyncSideChain] Side chain [ XKUh4GLhFJiqAMTF6HyWQrV9pK9HcGUdfJ ] height:  1
2019/05/08 17:53:58.799352 [1;35m[INF][m GID 40, [OnDutyChanged] Start side chain mining: genesis address [ XKUh4GLhFJiqAMTF6HyWQrV9pK9HcGUdfJ ]
2019/05/08 17:53:58.799373 [1;35m[INF][m GID 40, [sideChainPowTransfer] start
2019/05/08 17:53:58.799885 [1;35m[INF][m GID 40, sideGenesisHash: a3c455a90843db2acd22554f2768a8d4233fafbf8dd549e6b261c2786993be56 sideBlockHash: 4f14c039130a2792d339011967985d50a4f3aa8f4288b4ac3e9b1934a37fb645
2019/05/08 17:53:58.807698 [1;33m[WRN][m GID 40, [sideChainPowTransfer] create transaction failed: [Wallet], Available token is not enough
2019/05/08 17:53:58.807830 [1;35m[INF][m GID 40, [SyncSideChain] Start side chain mining, genesis address: [ XKUh4GLhFJiqAMTF6HyWQrV9pK9HcGUdfJ ]
2019/05/08 17:54:08.928821 [1;35m[INF][m GID 90, [arbitrator] Main chain height:  5
2019/05/08 17:54:08.931726 [1;35m[INF][m GID 90, [OnDutyArbitratorChanged] I became not on duty of main
2019/05/08 17:54:10.954571 [1;35m[INF][m GID 40, currentHeight: 1  chainHeight: 2
2019/05/08 17:54:10.958998 [1;35m[INF][m GID 40,  [SyncSideChain] Side chain [ XKUh4GLhFJiqAMTF6HyWQrV9pK9HcGUdfJ ] height:  2
2019/05/08 17:54:26.060383 [1;35m[INF][m GID 90, [arbitrator] Main chain height:  6
2019/05/08 17:54:26.063363 [1;35m[INF][m GID 90, [OnDutyArbitratorChanged] I am on duty of main
2019/05/08 17:54:26.063567 [1;35m[INF][m GID 90, [SyncMainChainCachedTxs] start
2019/05/08 17:54:26.063778 [1;35m[INF][m GID 90, [SyncMainChainCachedTxs] end
2019/05/08 17:54:26.063913 [1;33m[WRN][m GID 90, [SyncMainChainCachedTxs] No main chain tx in dbcache
2019/05/08 17:54:26.064043 [1;35m[INF][m GID 201, [OnDutyChanged] Start side chain mining: genesis address [ XVfmhjxGxBKgzYxyXCJTb6YmaRfWPVunj4 ]
2019/05/08 17:54:26.064177 [1;35m[INF][m GID 201, [sideChainPowTransfer] start
2019/05/08 17:54:26.064371 [1;35m[INF][m GID 198, [SendCachedWithdrawTxs] start
2019/05/08 17:54:26.064561 [1;35m[INF][m GID 198, No cached withdraw transaction need to send
2019/05/08 17:54:26.064704 [1;35m[INF][m GID 198, [SendCachedWithdrawTxs] end
2019/05/08 17:54:26.064863 [1;35m[INF][m GID 199, [SendCachedWithdrawTxs] start
2019/05/08 17:54:26.065113 [1;35m[INF][m GID 199, No cached withdraw transaction need to send
2019/05/08 17:54:26.065378 [1;35m[INF][m GID 199, [SendCachedWithdrawTxs] end
2019/05/08 17:54:26.064871 [1;35m[INF][m GID 200, [OnDutyChanged] Start side chain mining: genesis address [ XKUh4GLhFJiqAMTF6HyWQrV9pK9HcGUdfJ ]
2019/05/08 17:54:26.065602 [1;35m[INF][m GID 200, [sideChainPowTransfer] start
2019/05/08 17:54:26.072106 [1;35m[INF][m GID 201, sideGenesisHash: 0e739a2b87774ef2266a3cabc79a8e1201732fe409cfe50bd4125efb1d1169b5 sideBlockHash: 46a9978ae06ace9911563e6889c1c0b9aad239b7dbf3fa932c86e0e8be07408f
2019/05/08 17:54:26.091649 [1;33m[WRN][m GID 201, [sideChainPowTransfer] create transaction failed: [Wallet], Available token is not enough
2019/05/08 17:54:26.092037 [1;35m[INF][m GID 200, sideGenesisHash: a3c455a90843db2acd22554f2768a8d4233fafbf8dd549e6b261c2786993be56 sideBlockHash: 229f8adc8af52f43986126efefb56cbc4d70090fcf7e21269d367b8fc16e2f73
2019/05/08 17:54:26.099854 [1;33m[WRN][m GID 200, [sideChainPowTransfer] create transaction failed: [Wallet], Available token is not enough
2019/05/08 17:54:30.117519 [1;35m[INF][m GID 90, [arbitrator] Main chain height:  7
2019/05/08 17:54:30.130094 [1;35m[INF][m GID 90, [OnDutyArbitratorChanged] I became not on duty of main
2019/05/08 17:54:30.262579 [1;35m[INF][m GID 40, currentHeight: 2  chainHeight: 3
2019/05/08 17:54:30.268033 [1;35m[INF][m GID 40,  [SyncSideChain] Side chain [ XKUh4GLhFJiqAMTF6HyWQrV9pK9HcGUdfJ ] height:  3
2019/05/08 17:54:33.336993 [1;35m[INF][m GID 40, currentHeight: 3  chainHeight: 4
2019/05/08 17:54:33.340646 [1;35m[INF][m GID 40,  [SyncSideChain] Side chain [ XKUh4GLhFJiqAMTF6HyWQrV9pK9HcGUdfJ ] height:  4
2019/05/08 17:54:35.236156 [1;35m[INF][m GID 90, [arbitrator] Main chain height:  8
2019/05/08 17:54:35.239126 [1;35m[INF][m GID 90, [OnDutyArbitratorChanged] I am on duty of main
2019/05/08 17:54:35.239281 [1;35m[INF][m GID 90, [SyncMainChainCachedTxs] start
2019/05/08 17:54:35.239438 [1;35m[INF][m GID 90, [SyncMainChainCachedTxs] end
2019/05/08 17:54:35.239542 [1;33m[WRN][m GID 90, [SyncMainChainCachedTxs] No main chain tx in dbcache
2019/05/08 17:54:35.239647 [1;35m[INF][m GID 270, [OnDutyChanged] Start side chain mining: genesis address [ XKUh4GLhFJiqAMTF6HyWQrV9pK9HcGUdfJ ]
2019/05/08 17:54:35.239754 [1;35m[INF][m GID 270, [sideChainPowTransfer] start
2019/05/08 17:54:35.239966 [1;35m[INF][m GID 267, [SendCachedWithdrawTxs] start
2019/05/08 17:54:35.240112 [1;35m[INF][m GID 267, No cached withdraw transaction need to send
2019/05/08 17:54:35.240268 [1;35m[INF][m GID 267, [SendCachedWithdrawTxs] end
2019/05/08 17:54:35.240348 [1;35m[INF][m GID 268, [SendCachedWithdrawTxs] start
2019/05/08 17:54:35.240492 [1;35m[INF][m GID 268, No cached withdraw transaction need to send
2019/05/08 17:54:35.240633 [1;35m[INF][m GID 268, [SendCachedWithdrawTxs] end
2019/05/08 17:54:35.240652 [1;35m[INF][m GID 269, [OnDutyChanged] Start side chain mining: genesis address [ XVfmhjxGxBKgzYxyXCJTb6YmaRfWPVunj4 ]
2019/05/08 17:54:35.240846 [1;35m[INF][m GID 269, [sideChainPowTransfer] start
2019/05/08 17:54:35.242331 [1;35m[INF][m GID 269, sideGenesisHash: 0e739a2b87774ef2266a3cabc79a8e1201732fe409cfe50bd4125efb1d1169b5 sideBlockHash: 11a32ee1dce1a9278c65eb205a617d95e14d812d60c2b5fd962784a06e218ef6
2019/05/08 17:54:35.243371 [1;33m[WRN][m GID 269, [sideChainPowTransfer] create transaction failed: [Wallet], Available token is not enough
2019/05/08 17:54:35.256039 [1;35m[INF][m GID 270, sideGenesisHash: a3c455a90843db2acd22554f2768a8d4233fafbf8dd549e6b261c2786993be56 sideBlockHash: 22a0f93d59268fe016393c0e1dd744a5553620c0600f5463793f6fe8feb2a6d1
2019/05/08 17:54:35.256538 [1;33m[WRN][m GID 270, [sideChainPowTransfer] create transaction failed: [Wallet], Available token is not enough
2019/05/08 17:54:39.567583 [1;35m[INF][m GID 92, Check and remove cross chain transactions from dbcache finished
2019/05/08 17:54:39.573607 [1;35m[INF][m GID 93, Warning side chain mining account:  EUBKBP6K2QtWQAjZXf3d3ZoKE3chGJX1zG: 0 EMp6bGXzME9uQNfUcKDHRRMqyVNnsrRE8J: 0 
2019/05/08 17:54:40.324290 [1;35m[INF][m GID 90, [arbitrator] Main chain height:  9
2019/05/08 17:54:40.328769 [1;35m[INF][m GID 90, [OnDutyArbitratorChanged] I became not on duty of main
2019/05/08 17:54:45.539205 [1;35m[INF][m GID 40, currentHeight: 4  chainHeight: 5
2019/05/08 17:54:45.544558 [1;35m[INF][m GID 40,  [SyncSideChain] Side chain [ XKUh4GLhFJiqAMTF6HyWQrV9pK9HcGUdfJ ] height:  5
2019/05/08 17:54:46.347003 [1;35m[INF][m GID 90, [arbitrator] Main chain height:  10
2019/05/08 17:54:46.349857 [1;35m[INF][m GID 90, [OnDutyArbitratorChanged] I am on duty of main
2019/05/08 17:54:46.350100 [1;35m[INF][m GID 90, [SyncMainChainCachedTxs] start
2019/05/08 17:54:46.350339 [1;35m[INF][m GID 90, [SyncMainChainCachedTxs] end
2019/05/08 17:54:46.350521 [1;33m[WRN][m GID 90, [SyncMainChainCachedTxs] No main chain tx in dbcache
2019/05/08 17:54:46.350736 [1;35m[INF][m GID 307, [SendCachedWithdrawTxs] start
2019/05/08 17:54:46.350950 [1;35m[INF][m GID 307, No cached withdraw transaction need to send
2019/05/08 17:54:46.351127 [1;35m[INF][m GID 307, [SendCachedWithdrawTxs] end
2019/05/08 17:54:46.351310 [1;35m[INF][m GID 306, [SendCachedWithdrawTxs] start
2019/05/08 17:54:46.351540 [1;35m[INF][m GID 306, No cached withdraw transaction need to send
2019/05/08 17:54:46.351751 [1;35m[INF][m GID 306, [SendCachedWithdrawTxs] end
2019/05/08 17:54:46.351945 [1;35m[INF][m GID 308, [OnDutyChanged] Start side chain mining: genesis address [ XKUh4GLhFJiqAMTF6HyWQrV9pK9HcGUdfJ ]
2019/05/08 17:54:46.352154 [1;35m[INF][m GID 308, [sideChainPowTransfer] start
2019/05/08 17:54:46.352444 [1;35m[INF][m GID 309, [OnDutyChanged] Start side chain mining: genesis address [ XVfmhjxGxBKgzYxyXCJTb6YmaRfWPVunj4 ]
2019/05/08 17:54:46.352620 [1;35m[INF][m GID 309, [sideChainPowTransfer] start
2019/05/08 17:54:46.352980 [1;35m[INF][m GID 308, sideGenesisHash: a3c455a90843db2acd22554f2768a8d4233fafbf8dd549e6b261c2786993be56 sideBlockHash: 9d5c1952fb1da75f92551ccf0253a324d079756cdc01e36b187f45cb33c7859b
2019/05/08 17:54:46.353741 [1;33m[WRN][m GID 308, [sideChainPowTransfer] create transaction failed: [Wallet], Available token is not enough
2019/05/08 17:54:46.354067 [1;35m[INF][m GID 309, sideGenesisHash: 0e739a2b87774ef2266a3cabc79a8e1201732fe409cfe50bd4125efb1d1169b5 sideBlockHash: 09933b7d6bc8775c18c9c0c975ed7771ebfb7d071b8799baebec85b1de4d49ee
2019/05/08 17:54:46.354611 [1;33m[WRN][m GID 309, [sideChainPowTransfer] create transaction failed: [Wallet], Available token is not enough
2019/05/08 17:54:51.406012 [1;35m[INF][m GID 90, [arbitrator] Main chain height:  11
2019/05/08 17:54:51.409031 [1;35m[INF][m GID 90, [OnDutyArbitratorChanged] I became not on duty of main
2019/05/08 17:54:52.425469 [1;35m[INF][m GID 90, [arbitrator] Main chain height:  12
2019/05/08 17:54:52.429262 [1;35m[INF][m GID 90, [OnDutyArbitratorChanged] I am on duty of main
2019/05/08 17:54:52.429328 [1;35m[INF][m GID 90, [SyncMainChainCachedTxs] start
2019/05/08 17:54:52.429406 [1;35m[INF][m GID 90, [SyncMainChainCachedTxs] end
2019/05/08 17:54:52.429615 [1;33m[WRN][m GID 90, [SyncMainChainCachedTxs] No main chain tx in dbcache
2019/05/08 17:54:52.429650 [1;35m[INF][m GID 355, [OnDutyChanged] Start side chain mining: genesis address [ XVfmhjxGxBKgzYxyXCJTb6YmaRfWPVunj4 ]
2019/05/08 17:54:52.429678 [1;35m[INF][m GID 355, [sideChainPowTransfer] start
2019/05/08 17:54:52.429750 [1;35m[INF][m GID 305, [SendCachedWithdrawTxs] start
2019/05/08 17:54:52.429771 [1;35m[INF][m GID 354, [OnDutyChanged] Start side chain mining: genesis address [ XKUh4GLhFJiqAMTF6HyWQrV9pK9HcGUdfJ ]
2019/05/08 17:54:52.429789 [1;35m[INF][m GID 354, [sideChainPowTransfer] start
2019/05/08 17:54:52.429939 [1;35m[INF][m GID 304, [SendCachedWithdrawTxs] start
2019/05/08 17:54:52.430580 [1;35m[INF][m GID 305, No cached withdraw transaction need to send
2019/05/08 17:54:52.430766 [1;35m[INF][m GID 305, [SendCachedWithdrawTxs] end
2019/05/08 17:54:52.430857 [1;35m[INF][m GID 304, No cached withdraw transaction need to send
2019/05/08 17:54:52.431024 [1;35m[INF][m GID 304, [SendCachedWithdrawTxs] end
2019/05/08 17:54:52.431229 [1;35m[INF][m GID 354, sideGenesisHash: a3c455a90843db2acd22554f2768a8d4233fafbf8dd549e6b261c2786993be56 sideBlockHash: ed0baf896aa565decc1b57cec99d4d40eabad81c0a44d611fd3f6cc617e6f67f
2019/05/08 17:54:52.431726 [1;35m[INF][m GID 355, sideGenesisHash: 0e739a2b87774ef2266a3cabc79a8e1201732fe409cfe50bd4125efb1d1169b5 sideBlockHash: 7a67597fef51e3479b83ade4b5b88d7c06a07c3655f1c8e4f8d350a6b6a71a41
2019/05/08 17:54:52.432791 [1;33m[WRN][m GID 355, [sideChainPowTransfer] create transaction failed: [Wallet], Available token is not enough
2019/05/08 17:54:52.432996 [1;33m[WRN][m GID 354, [sideChainPowTransfer] create transaction failed: [Wallet], Available token is not enough
2019/05/08 17:55:21.010843 [1;35m[INF][m GID 40, currentHeight: 5  chainHeight: 6
2019/05/08 17:55:21.017768 [1;35m[INF][m GID 40,  [SyncSideChain] Side chain [ XKUh4GLhFJiqAMTF6HyWQrV9pK9HcGUdfJ ] height:  6
2019/05/08 17:55:21.018038 [1;35m[INF][m GID 40, [OnDutyChanged] Start side chain mining: genesis address [ XKUh4GLhFJiqAMTF6HyWQrV9pK9HcGUdfJ ]
2019/05/08 17:55:21.018199 [1;35m[INF][m GID 40, [sideChainPowTransfer] start
2019/05/08 17:55:21.019183 [1;35m[INF][m GID 40, sideGenesisHash: a3c455a90843db2acd22554f2768a8d4233fafbf8dd549e6b261c2786993be56 sideBlockHash: 4835442fe0c46ac9dae3984302c4b85733f08be4a51525861b1d250e2d3aac0b
2019/05/08 17:55:21.023640 [1;33m[WRN][m GID 40, [sideChainPowTransfer] create transaction failed: [Wallet], Available token is not enough
2019/05/08 17:55:21.023860 [1;35m[INF][m GID 40, [SyncSideChain] Start side chain mining, genesis address: [ XKUh4GLhFJiqAMTF6HyWQrV9pK9HcGUdfJ ]
2019/05/08 17:55:33.127458 [1;35m[INF][m GID 90, [arbitrator] Main chain height:  13
2019/05/08 17:55:33.140210 [1;35m[INF][m GID 90, [OnDutyArbitratorChanged] I became not on duty of main
2019/05/08 17:55:34.299078 [1;35m[INF][m GID 40, currentHeight: 6  chainHeight: 7
2019/05/08 17:55:34.305432 [1;35m[INF][m GID 40,  [SyncSideChain] Side chain [ XKUh4GLhFJiqAMTF6HyWQrV9pK9HcGUdfJ ] height:  7
2019/05/08 17:55:36.175295 [1;35m[INF][m GID 90, [arbitrator] Main chain height:  14
2019/05/08 17:55:36.187328 [1;35m[INF][m GID 90, [OnDutyArbitratorChanged] I am on duty of main
2019/05/08 17:55:36.187656 [1;35m[INF][m GID 90, [SyncMainChainCachedTxs] start
2019/05/08 17:55:36.187819 [1;35m[INF][m GID 90, [SyncMainChainCachedTxs] end
2019/05/08 17:55:36.187848 [1;33m[WRN][m GID 90, [SyncMainChainCachedTxs] No main chain tx in dbcache
2019/05/08 17:55:36.187875 [1;35m[INF][m GID 435, [OnDutyChanged] Start side chain mining: genesis address [ XVfmhjxGxBKgzYxyXCJTb6YmaRfWPVunj4 ]
2019/05/08 17:55:36.187899 [1;35m[INF][m GID 435, [sideChainPowTransfer] start
2019/05/08 17:55:36.188294 [1;35m[INF][m GID 434, [OnDutyChanged] Start side chain mining: genesis address [ XKUh4GLhFJiqAMTF6HyWQrV9pK9HcGUdfJ ]
2019/05/08 17:55:36.188338 [1;35m[INF][m GID 434, [sideChainPowTransfer] start
2019/05/08 17:55:36.188419 [1;35m[INF][m GID 432, [SendCachedWithdrawTxs] start
2019/05/08 17:55:36.188501 [1;35m[INF][m GID 432, No cached withdraw transaction need to send
2019/05/08 17:55:36.188527 [1;35m[INF][m GID 432, [SendCachedWithdrawTxs] end
2019/05/08 17:55:36.188875 [1;35m[INF][m GID 433, [SendCachedWithdrawTxs] start
2019/05/08 17:55:36.219698 [1;35m[INF][m GID 433, No cached withdraw transaction need to send
2019/05/08 17:55:36.223268 [1;35m[INF][m GID 433, [SendCachedWithdrawTxs] end
2019/05/08 17:55:36.224451 [1;35m[INF][m GID 435, sideGenesisHash: 0e739a2b87774ef2266a3cabc79a8e1201732fe409cfe50bd4125efb1d1169b5 sideBlockHash: 382984d901cd0c5fcd34be8399ea86100096793fd4f6c830c3a184364d959cb7
2019/05/08 17:55:36.257888 [1;33m[WRN][m GID 435, [sideChainPowTransfer] create transaction failed: [Wallet], Available token is not enough
2019/05/08 17:55:36.266896 [1;35m[INF][m GID 434, sideGenesisHash: a3c455a90843db2acd22554f2768a8d4233fafbf8dd549e6b261c2786993be56 sideBlockHash: 9cfec570f5cb0bcb5a32842548fb11ae7d74f93a26e7fd87e72024e1c38d2806
2019/05/08 17:55:36.269936 [1;33m[WRN][m GID 434, [sideChainPowTransfer] create transaction failed: [Wallet], Available token is not enough
2019/05/08 17:55:39.349870 [1;35m[INF][m GID 40, currentHeight: 7  chainHeight: 8
2019/05/08 17:55:39.376313 [1;35m[INF][m GID 40,  [SyncSideChain] Side chain [ XKUh4GLhFJiqAMTF6HyWQrV9pK9HcGUdfJ ] height:  8
2019/05/08 17:55:39.376383 [1;35m[INF][m GID 40, [OnDutyChanged] Start side chain mining: genesis address [ XKUh4GLhFJiqAMTF6HyWQrV9pK9HcGUdfJ ]
2019/05/08 17:55:39.376412 [1;35m[INF][m GID 40, [sideChainPowTransfer] start
2019/05/08 17:55:39.380107 [1;35m[INF][m GID 40, sideGenesisHash: a3c455a90843db2acd22554f2768a8d4233fafbf8dd549e6b261c2786993be56 sideBlockHash: 08c05d8fd4939e2018fbe5d97dda3ad869e8edaed2f4062adff7af7ee4cb405f
2019/05/08 17:55:39.381933 [1;33m[WRN][m GID 40, [sideChainPowTransfer] create transaction failed: [Wallet], Available token is not enough
2019/05/08 17:55:39.382100 [1;35m[INF][m GID 40, [SyncSideChain] Start side chain mining, genesis address: [ XKUh4GLhFJiqAMTF6HyWQrV9pK9HcGUdfJ ]
2019/05/08 17:55:39.568091 [1;35m[INF][m GID 92, Check and remove cross chain transactions from dbcache finished
2019/05/08 17:55:39.596028 [1;35m[INF][m GID 93, Warning side chain mining account:  EUBKBP6K2QtWQAjZXf3d3ZoKE3chGJX1zG: 0 EMp6bGXzME9uQNfUcKDHRRMqyVNnsrRE8J: 0 
2019/05/08 17:55:44.417405 [1;35m[INF][m GID 40, currentHeight: 8  chainHeight: 9
2019/05/08 17:55:44.421350 [1;35m[INF][m GID 40,  [SyncSideChain] Side chain [ XKUh4GLhFJiqAMTF6HyWQrV9pK9HcGUdfJ ] height:  9
2019/05/08 17:55:44.421498 [1;35m[INF][m GID 40, [OnDutyChanged] Start side chain mining: genesis address [ XKUh4GLhFJiqAMTF6HyWQrV9pK9HcGUdfJ ]
2019/05/08 17:55:44.421608 [1;35m[INF][m GID 40, [sideChainPowTransfer] start
2019/05/08 17:55:44.422185 [1;35m[INF][m GID 40, sideGenesisHash: a3c455a90843db2acd22554f2768a8d4233fafbf8dd549e6b261c2786993be56 sideBlockHash: 2b8fc86b9fc3981bdc05a0ca7b6a529487202f7adc8eb851c9add97f14a9972c
2019/05/08 17:55:44.432455 [1;33m[WRN][m GID 40, [sideChainPowTransfer] create transaction failed: [Wallet], Available token is not enough
2019/05/08 17:55:44.432532 [1;35m[INF][m GID 40, [SyncSideChain] Start side chain mining, genesis address: [ XKUh4GLhFJiqAMTF6HyWQrV9pK9HcGUdfJ ]
2019/05/08 17:55:46.390427 [1;35m[INF][m GID 90, [arbitrator] Main chain height:  15
2019/05/08 17:55:46.393191 [1;35m[INF][m GID 90, [OnDutyArbitratorChanged] I became not on duty of main
2019/05/08 17:55:53.537978 [1;35m[INF][m GID 40, currentHeight: 9  chainHeight: 10
2019/05/08 17:55:53.543308 [1;35m[INF][m GID 40,  [SyncSideChain] Side chain [ XKUh4GLhFJiqAMTF6HyWQrV9pK9HcGUdfJ ] height:  10
2019/05/08 17:56:02.639108 [1;35m[INF][m GID 40, currentHeight: 10  chainHeight: 11
2019/05/08 17:56:02.642662 [1;35m[INF][m GID 40,  [SyncSideChain] Side chain [ XKUh4GLhFJiqAMTF6HyWQrV9pK9HcGUdfJ ] height:  11
2019/05/08 17:56:08.693929 [1;35m[INF][m GID 40, currentHeight: 11  chainHeight: 12
2019/05/08 17:56:08.700902 [1;35m[INF][m GID 40,  [SyncSideChain] Side chain [ XKUh4GLhFJiqAMTF6HyWQrV9pK9HcGUdfJ ] height:  12
2019/05/08 17:56:20.820104 [1;35m[INF][m GID 90, [arbitrator] Main chain height:  16
2019/05/08 17:56:20.823162 [1;35m[INF][m GID 90, [OnDutyArbitratorChanged] I am on duty of main
2019/05/08 17:56:20.823334 [1;35m[INF][m GID 90, [SyncMainChainCachedTxs] start
2019/05/08 17:56:20.823501 [1;35m[INF][m GID 90, [SyncMainChainCachedTxs] end
2019/05/08 17:56:20.823615 [1;33m[WRN][m GID 90, [SyncMainChainCachedTxs] No main chain tx in dbcache
2019/05/08 17:56:20.823766 [1;35m[INF][m GID 515, [SendCachedWithdrawTxs] start
2019/05/08 17:56:20.823831 [1;35m[INF][m GID 516, [OnDutyChanged] Start side chain mining: genesis address [ XKUh4GLhFJiqAMTF6HyWQrV9pK9HcGUdfJ ]
2019/05/08 17:56:20.823948 [1;35m[INF][m GID 516, [sideChainPowTransfer] start
2019/05/08 17:56:20.823877 [1;35m[INF][m GID 515, No cached withdraw transaction need to send
2019/05/08 17:56:20.824031 [1;35m[INF][m GID 515, [SendCachedWithdrawTxs] end
2019/05/08 17:56:20.823768 [1;35m[INF][m GID 517, [OnDutyChanged] Start side chain mining: genesis address [ XVfmhjxGxBKgzYxyXCJTb6YmaRfWPVunj4 ]
2019/05/08 17:56:20.824065 [1;35m[INF][m GID 517, [sideChainPowTransfer] start
2019/05/08 17:56:20.823891 [1;35m[INF][m GID 514, [SendCachedWithdrawTxs] start
2019/05/08 17:56:20.824222 [1;35m[INF][m GID 514, No cached withdraw transaction need to send
2019/05/08 17:56:20.824283 [1;35m[INF][m GID 514, [SendCachedWithdrawTxs] end
2019/05/08 17:56:20.826489 [1;35m[INF][m GID 517, sideGenesisHash: 0e739a2b87774ef2266a3cabc79a8e1201732fe409cfe50bd4125efb1d1169b5 sideBlockHash: d1775be4f42294408c1a8b6302a6bbd5c7de5277f50475ba5227e61c51a40e1f
2019/05/08 17:56:20.826931 [1;33m[WRN][m GID 517, [sideChainPowTransfer] create transaction failed: [Wallet], Available token is not enough
2019/05/08 17:56:20.867473 [1;35m[INF][m GID 516, sideGenesisHash: a3c455a90843db2acd22554f2768a8d4233fafbf8dd549e6b261c2786993be56 sideBlockHash: 868a0f65b6b8f0719b0d65297c798fb24e1d48bb1f6f5050f538984e9f85a6c0
2019/05/08 17:56:20.870518 [1;33m[WRN][m GID 516, [sideChainPowTransfer] create transaction failed: [Wallet], Available token is not enough
2019/05/08 17:56:33.672951 [1;35m[INF][m GID 41, currentHeight: 0  chainHeight: 1
2019/05/08 17:56:33.712156 [1;35m[INF][m GID 41,  [SyncSideChain] Side chain [ XVfmhjxGxBKgzYxyXCJTb6YmaRfWPVunj4 ] height:  1
2019/05/08 17:56:33.712200 [1;35m[INF][m GID 41, [OnDutyChanged] Start side chain mining: genesis address [ XVfmhjxGxBKgzYxyXCJTb6YmaRfWPVunj4 ]
2019/05/08 17:56:33.712221 [1;35m[INF][m GID 41, [sideChainPowTransfer] start
2019/05/08 17:56:33.712891 [1;35m[INF][m GID 41, sideGenesisHash: 0e739a2b87774ef2266a3cabc79a8e1201732fe409cfe50bd4125efb1d1169b5 sideBlockHash: 6d9171f87d6f0aa0d54afe0821bfc0828326e1acaf6148868e134cecda3a9032
2019/05/08 17:56:33.766309 [1;33m[WRN][m GID 41, [sideChainPowTransfer] create transaction failed: [Wallet], Available token is not enough
2019/05/08 17:56:33.766520 [1;35m[INF][m GID 41, [SyncSideChain] Start side chain mining, genesis address: [ XVfmhjxGxBKgzYxyXCJTb6YmaRfWPVunj4 ]
2019/05/08 17:56:34.769215 [1;35m[INF][m GID 41, currentHeight: 1  chainHeight: 2
2019/05/08 17:56:34.773118 [1;35m[INF][m GID 41,  [SyncSideChain] Side chain [ XVfmhjxGxBKgzYxyXCJTb6YmaRfWPVunj4 ] height:  2
2019/05/08 17:56:34.773260 [1;35m[INF][m GID 41, [OnDutyChanged] Start side chain mining: genesis address [ XVfmhjxGxBKgzYxyXCJTb6YmaRfWPVunj4 ]
2019/05/08 17:56:34.773376 [1;35m[INF][m GID 41, [sideChainPowTransfer] start
2019/05/08 17:56:34.779352 [1;35m[INF][m GID 41, sideGenesisHash: 0e739a2b87774ef2266a3cabc79a8e1201732fe409cfe50bd4125efb1d1169b5 sideBlockHash: de7103b27d71267e2683386a6f22f857c0a90c7ab2b86cc86566b99d10f9f346
2019/05/08 17:56:34.779831 [1;33m[WRN][m GID 41, [sideChainPowTransfer] create transaction failed: [Wallet], Available token is not enough
2019/05/08 17:56:34.779944 [1;35m[INF][m GID 41, [SyncSideChain] Start side chain mining, genesis address: [ XVfmhjxGxBKgzYxyXCJTb6YmaRfWPVunj4 ]
2019/05/08 17:56:39.568597 [1;35m[INF][m GID 92, Check and remove cross chain transactions from dbcache finished
2019/05/08 17:56:39.602752 [1;35m[INF][m GID 93, Warning side chain mining account:  EUBKBP6K2QtWQAjZXf3d3ZoKE3chGJX1zG: 0 EMp6bGXzME9uQNfUcKDHRRMqyVNnsrRE8J: 0 
2019/05/08 17:56:40.100649 [1;35m[INF][m GID 40, currentHeight: 12  chainHeight: 13
2019/05/08 17:56:40.103856 [1;35m[INF][m GID 40,  [SyncSideChain] Side chain [ XKUh4GLhFJiqAMTF6HyWQrV9pK9HcGUdfJ ] height:  13
2019/05/08 17:56:40.104012 [1;35m[INF][m GID 40, [OnDutyChanged] Start side chain mining: genesis address [ XKUh4GLhFJiqAMTF6HyWQrV9pK9HcGUdfJ ]
2019/05/08 17:56:40.104119 [1;35m[INF][m GID 40, [sideChainPowTransfer] start
2019/05/08 17:56:40.106833 [1;35m[INF][m GID 40, sideGenesisHash: a3c455a90843db2acd22554f2768a8d4233fafbf8dd549e6b261c2786993be56 sideBlockHash: b923ad4da28db7fa1da08a92140e3fc1d494d2c001da7aac15ed026d5bd1fa12
2019/05/08 17:56:40.153684 [1;33m[WRN][m GID 40, [sideChainPowTransfer] create transaction failed: [Wallet], Available token is not enough
2019/05/08 17:56:40.153763 [1;35m[INF][m GID 40, [SyncSideChain] Start side chain mining, genesis address: [ XKUh4GLhFJiqAMTF6HyWQrV9pK9HcGUdfJ ]
2019/05/08 17:56:42.163533 [1;35m[INF][m GID 90, [arbitrator] Main chain height:  17
2019/05/08 17:56:42.166475 [1;35m[INF][m GID 90, [OnDutyArbitratorChanged] I became not on duty of main
2019/05/08 17:56:50.326197 [1;35m[INF][m GID 90, [arbitrator] Main chain height:  18
2019/05/08 17:56:50.328930 [1;35m[INF][m GID 90, [OnDutyArbitratorChanged] I am on duty of main
2019/05/08 17:56:50.329107 [1;35m[INF][m GID 90, [SyncMainChainCachedTxs] start
2019/05/08 17:56:50.329276 [1;35m[INF][m GID 90, [SyncMainChainCachedTxs] end
2019/05/08 17:56:50.329385 [1;33m[WRN][m GID 90, [SyncMainChainCachedTxs] No main chain tx in dbcache
2019/05/08 17:56:50.329431 [1;35m[INF][m GID 593, [SendCachedWithdrawTxs] start
2019/05/08 17:56:50.329510 [1;35m[INF][m GID 595, [OnDutyChanged] Start side chain mining: genesis address [ XVfmhjxGxBKgzYxyXCJTb6YmaRfWPVunj4 ]
2019/05/08 17:56:50.329548 [1;35m[INF][m GID 593, No cached withdraw transaction need to send
2019/05/08 17:56:50.329570 [1;35m[INF][m GID 593, [SendCachedWithdrawTxs] end
2019/05/08 17:56:50.329609 [1;35m[INF][m GID 592, [SendCachedWithdrawTxs] start
2019/05/08 17:56:50.329633 [1;35m[INF][m GID 595, [sideChainPowTransfer] start
2019/05/08 17:56:50.329722 [1;35m[INF][m GID 594, [OnDutyChanged] Start side chain mining: genesis address [ XKUh4GLhFJiqAMTF6HyWQrV9pK9HcGUdfJ ]
2019/05/08 17:56:50.329747 [1;35m[INF][m GID 594, [sideChainPowTransfer] start
2019/05/08 17:56:50.329688 [1;35m[INF][m GID 592, No cached withdraw transaction need to send
2019/05/08 17:56:50.329883 [1;35m[INF][m GID 592, [SendCachedWithdrawTxs] end
2019/05/08 17:56:50.330466 [1;35m[INF][m GID 595, sideGenesisHash: 0e739a2b87774ef2266a3cabc79a8e1201732fe409cfe50bd4125efb1d1169b5 sideBlockHash: 2bc60c3296b281f6ff1ab19153da4ca3927537aacb9b26da0c9116a87345f6b4
2019/05/08 17:56:50.332352 [1;33m[WRN][m GID 595, [sideChainPowTransfer] create transaction failed: [Wallet], Available token is not enough
2019/05/08 17:56:50.345518 [1;35m[INF][m GID 594, sideGenesisHash: a3c455a90843db2acd22554f2768a8d4233fafbf8dd549e6b261c2786993be56 sideBlockHash: 47858531dfc23ad17ff8e5011dcf41cdc48edf3f96c67fd9cc0215e3a28256e9
2019/05/08 17:56:50.348711 [1;33m[WRN][m GID 594, [sideChainPowTransfer] create transaction failed: [Wallet], Available token is not enough
2019/05/08 17:56:53.369574 [1;35m[INF][m GID 40, currentHeight: 13  chainHeight: 14
2019/05/08 17:56:53.374027 [1;35m[INF][m GID 40,  [SyncSideChain] Side chain [ XKUh4GLhFJiqAMTF6HyWQrV9pK9HcGUdfJ ] height:  14
2019/05/08 17:56:53.374220 [1;35m[INF][m GID 40, [OnDutyChanged] Start side chain mining: genesis address [ XKUh4GLhFJiqAMTF6HyWQrV9pK9HcGUdfJ ]
2019/05/08 17:56:53.374307 [1;35m[INF][m GID 40, [sideChainPowTransfer] start
2019/05/08 17:56:53.382383 [1;35m[INF][m GID 40, sideGenesisHash: a3c455a90843db2acd22554f2768a8d4233fafbf8dd549e6b261c2786993be56 sideBlockHash: e0ac83a03d7f310838c4ee1d50eb316cff4193604bb9c0f1a3b2ec03465c2f6c
2019/05/08 17:56:53.383575 [1;33m[WRN][m GID 40, [sideChainPowTransfer] create transaction failed: [Wallet], Available token is not enough
2019/05/08 17:56:53.383624 [1;35m[INF][m GID 40, [SyncSideChain] Start side chain mining, genesis address: [ XKUh4GLhFJiqAMTF6HyWQrV9pK9HcGUdfJ ]
2019/05/08 17:56:55.377999 [1;35m[INF][m GID 90, [arbitrator] Main chain height:  19
2019/05/08 17:56:55.380269 [1;35m[INF][m GID 90, [OnDutyArbitratorChanged] I became not on duty of main
2019/05/08 17:57:17.719836 [1;35m[INF][m GID 40, currentHeight: 14  chainHeight: 15
2019/05/08 17:57:17.723274 [1;35m[INF][m GID 40,  [SyncSideChain] Side chain [ XKUh4GLhFJiqAMTF6HyWQrV9pK9HcGUdfJ ] height:  15
2019/05/08 17:57:38.032854 [1;35m[INF][m GID 40, currentHeight: 15  chainHeight: 16
2019/05/08 17:57:38.036796 [1;35m[INF][m GID 40,  [SyncSideChain] Side chain [ XKUh4GLhFJiqAMTF6HyWQrV9pK9HcGUdfJ ] height:  16
2019/05/08 17:57:39.569193 [1;35m[INF][m GID 92, Check and remove cross chain transactions from dbcache finished
2019/05/08 17:57:39.607398 [1;35m[INF][m GID 93, Warning side chain mining account:  EUBKBP6K2QtWQAjZXf3d3ZoKE3chGJX1zG: 0 EMp6bGXzME9uQNfUcKDHRRMqyVNnsrRE8J: 0 
2019/05/08 17:57:39.898004 [1;35m[INF][m GID 90, [arbitrator] Main chain height:  20
2019/05/08 17:57:39.901524 [1;35m[INF][m GID 90, [OnDutyArbitratorChanged] I am on duty of main
2019/05/08 17:57:39.901660 [1;35m[INF][m GID 90, [SyncMainChainCachedTxs] start
2019/05/08 17:57:39.901860 [1;35m[INF][m GID 90, [SyncMainChainCachedTxs] end
2019/05/08 17:57:39.901969 [1;33m[WRN][m GID 90, [SyncMainChainCachedTxs] No main chain tx in dbcache
2019/05/08 17:57:39.902075 [1;35m[INF][m GID 676, [SendCachedWithdrawTxs] start
2019/05/08 17:57:39.902203 [1;35m[INF][m GID 676, No cached withdraw transaction need to send
2019/05/08 17:57:39.902302 [1;35m[INF][m GID 676, [SendCachedWithdrawTxs] end
2019/05/08 17:57:39.902399 [1;35m[INF][m GID 675, [SendCachedWithdrawTxs] start
2019/05/08 17:57:39.902538 [1;35m[INF][m GID 675, No cached withdraw transaction need to send
2019/05/08 17:57:39.902643 [1;35m[INF][m GID 675, [SendCachedWithdrawTxs] end
2019/05/08 17:57:39.902741 [1;35m[INF][m GID 677, [OnDutyChanged] Start side chain mining: genesis address [ XVfmhjxGxBKgzYxyXCJTb6YmaRfWPVunj4 ]
2019/05/08 17:57:39.902843 [1;35m[INF][m GID 677, [sideChainPowTransfer] start
2019/05/08 17:57:39.903049 [1;35m[INF][m GID 678, [OnDutyChanged] Start side chain mining: genesis address [ XKUh4GLhFJiqAMTF6HyWQrV9pK9HcGUdfJ ]
2019/05/08 17:57:39.903161 [1;35m[INF][m GID 678, [sideChainPowTransfer] start
2019/05/08 17:57:39.903741 [1;35m[INF][m GID 678, sideGenesisHash: a3c455a90843db2acd22554f2768a8d4233fafbf8dd549e6b261c2786993be56 sideBlockHash: fe5db4f9d24936e5fd6296952c2a3c1459049c39b58b17dd36fc36979b9b3fbf
2019/05/08 17:57:39.904163 [1;33m[WRN][m GID 678, [sideChainPowTransfer] create transaction failed: [Wallet], Available token is not enough
2019/05/08 17:57:39.918197 [1;35m[INF][m GID 677, sideGenesisHash: 0e739a2b87774ef2266a3cabc79a8e1201732fe409cfe50bd4125efb1d1169b5 sideBlockHash: c44f6e90912119e915c90a1882679e3be799ba82d6a38a22eb67e1ef02599def
2019/05/08 17:57:39.918947 [1;33m[WRN][m GID 677, [sideChainPowTransfer] create transaction failed: [Wallet], Available token is not enough
2019/05/08 17:57:43.933922 [1;35m[INF][m GID 90, [arbitrator] Main chain height:  21
2019/05/08 17:57:43.946614 [1;35m[INF][m GID 90, [OnDutyArbitratorChanged] I became not on duty of main
2019/05/08 17:57:56.788456 [1;35m[INF][m GID 41, currentHeight: 2  chainHeight: 3
2019/05/08 17:57:56.797954 [1;35m[INF][m GID 41,  [SyncSideChain] Side chain [ XVfmhjxGxBKgzYxyXCJTb6YmaRfWPVunj4 ] height:  3
2019/05/08 17:58:01.356895 [1;35m[INF][m GID 90, [arbitrator] Main chain height:  22
2019/05/08 17:58:01.362997 [1;35m[INF][m GID 90, [OnDutyArbitratorChanged] I am on duty of main
2019/05/08 17:58:01.363171 [1;35m[INF][m GID 90, [SyncMainChainCachedTxs] start
2019/05/08 17:58:01.363362 [1;35m[INF][m GID 90, [SyncMainChainCachedTxs] end
2019/05/08 17:58:01.363470 [1;33m[WRN][m GID 90, [SyncMainChainCachedTxs] No main chain tx in dbcache
2019/05/08 17:58:01.363588 [1;35m[INF][m GID 708, [OnDutyChanged] Start side chain mining: genesis address [ XVfmhjxGxBKgzYxyXCJTb6YmaRfWPVunj4 ]
2019/05/08 17:58:01.363697 [1;35m[INF][m GID 708, [sideChainPowTransfer] start
2019/05/08 17:58:01.363793 [1;35m[INF][m GID 706, [SendCachedWithdrawTxs] start
2019/05/08 17:58:01.364008 [1;35m[INF][m GID 707, [OnDutyChanged] Start side chain mining: genesis address [ XKUh4GLhFJiqAMTF6HyWQrV9pK9HcGUdfJ ]
2019/05/08 17:58:01.364032 [1;35m[INF][m GID 706, No cached withdraw transaction need to send
2019/05/08 17:58:01.364129 [1;35m[INF][m GID 673, [SendCachedWithdrawTxs] start
2019/05/08 17:58:01.364243 [1;35m[INF][m GID 706, [SendCachedWithdrawTxs] end
2019/05/08 17:58:01.364108 [1;35m[INF][m GID 707, [sideChainPowTransfer] start
2019/05/08 17:58:01.364428 [1;35m[INF][m GID 673, No cached withdraw transaction need to send
2019/05/08 17:58:01.364449 [1;35m[INF][m GID 673, [SendCachedWithdrawTxs] end
2019/05/08 17:58:01.368691 [1;35m[INF][m GID 708, sideGenesisHash: 0e739a2b87774ef2266a3cabc79a8e1201732fe409cfe50bd4125efb1d1169b5 sideBlockHash: dd9e1b7efb80152ce5efe565bee23decf7ed16e577e8633acce1caf75233c2b6
2019/05/08 17:58:01.369184 [1;33m[WRN][m GID 708, [sideChainPowTransfer] create transaction failed: [Wallet], Available token is not enough
2019/05/08 17:58:01.414396 [1;35m[INF][m GID 707, sideGenesisHash: a3c455a90843db2acd22554f2768a8d4233fafbf8dd549e6b261c2786993be56 sideBlockHash: e13bdf1a46dc5a0ca5f0965091db1892882cbcf372365559d52eaaf5f03e0aee
2019/05/08 17:58:01.414964 [1;33m[WRN][m GID 707, [sideChainPowTransfer] create transaction failed: [Wallet], Available token is not enough
2019/05/08 17:58:02.323672 [1;35m[INF][m GID 40, currentHeight: 16  chainHeight: 17
2019/05/08 17:58:02.331380 [1;35m[INF][m GID 40,  [SyncSideChain] Side chain [ XKUh4GLhFJiqAMTF6HyWQrV9pK9HcGUdfJ ] height:  17
2019/05/08 17:58:02.331454 [1;35m[INF][m GID 40, [OnDutyChanged] Start side chain mining: genesis address [ XKUh4GLhFJiqAMTF6HyWQrV9pK9HcGUdfJ ]
2019/05/08 17:58:02.331482 [1;35m[INF][m GID 40, [sideChainPowTransfer] start
2019/05/08 17:58:02.332073 [1;35m[INF][m GID 40, sideGenesisHash: a3c455a90843db2acd22554f2768a8d4233fafbf8dd549e6b261c2786993be56 sideBlockHash: 03c308cc1dff9e412e1e3a46097377ca4cff780e737199f40e384d8fd071289e
2019/05/08 17:58:02.372539 [1;33m[WRN][m GID 40, [sideChainPowTransfer] create transaction failed: [Wallet], Available token is not enough
2019/05/08 17:58:02.372613 [1;35m[INF][m GID 40, [SyncSideChain] Start side chain mining, genesis address: [ XKUh4GLhFJiqAMTF6HyWQrV9pK9HcGUdfJ ]
2019/05/08 17:58:04.394945 [1;35m[INF][m GID 40, currentHeight: 17  chainHeight: 18
2019/05/08 17:58:04.416974 [1;35m[INF][m GID 40,  [SyncSideChain] Side chain [ XKUh4GLhFJiqAMTF6HyWQrV9pK9HcGUdfJ ] height:  18
2019/05/08 17:58:04.417176 [1;35m[INF][m GID 40, [OnDutyChanged] Start side chain mining: genesis address [ XKUh4GLhFJiqAMTF6HyWQrV9pK9HcGUdfJ ]
2019/05/08 17:58:04.417244 [1;35m[INF][m GID 40, [sideChainPowTransfer] start
2019/05/08 17:58:04.430284 [1;35m[INF][m GID 40, sideGenesisHash: a3c455a90843db2acd22554f2768a8d4233fafbf8dd549e6b261c2786993be56 sideBlockHash: caea8385603a2bbc7c4c25a89856231f83c2094cd4d359fac17260b2ab040b32
2019/05/08 17:58:04.488279 [1;33m[WRN][m GID 40, [sideChainPowTransfer] create transaction failed: [Wallet], Available token is not enough
2019/05/08 17:58:04.488466 [1;35m[INF][m GID 40, [SyncSideChain] Start side chain mining, genesis address: [ XKUh4GLhFJiqAMTF6HyWQrV9pK9HcGUdfJ ]
2019/05/08 17:58:09.538444 [1;35m[INF][m GID 90, [arbitrator] Main chain height:  23
2019/05/08 17:58:09.543004 [1;35m[INF][m GID 90, [OnDutyArbitratorChanged] I became not on duty of main
2019/05/08 17:58:11.585818 [1;35m[INF][m GID 40, currentHeight: 18  chainHeight: 19
2019/05/08 17:58:11.604923 [1;35m[INF][m GID 40,  [SyncSideChain] Side chain [ XKUh4GLhFJiqAMTF6HyWQrV9pK9HcGUdfJ ] height:  19
2019/05/08 17:58:14.732439 [1;35m[INF][m GID 90, [arbitrator] Main chain height:  24
2019/05/08 17:58:14.735240 [1;35m[INF][m GID 90, [OnDutyArbitratorChanged] I am on duty of main
2019/05/08 17:58:14.735380 [1;35m[INF][m GID 90, [SyncMainChainCachedTxs] start
2019/05/08 17:58:14.735558 [1;35m[INF][m GID 90, [SyncMainChainCachedTxs] end
2019/05/08 17:58:14.735714 [1;33m[WRN][m GID 90, [SyncMainChainCachedTxs] No main chain tx in dbcache
2019/05/08 17:58:14.735837 [1;35m[INF][m GID 755, [OnDutyChanged] Start side chain mining: genesis address [ XVfmhjxGxBKgzYxyXCJTb6YmaRfWPVunj4 ]
2019/05/08 17:58:14.735872 [1;35m[INF][m GID 720, [SendCachedWithdrawTxs] start
2019/05/08 17:58:14.735951 [1;35m[INF][m GID 755, [sideChainPowTransfer] start
2019/05/08 17:58:14.736021 [1;35m[INF][m GID 720, No cached withdraw transaction need to send
2019/05/08 17:58:14.736064 [1;35m[INF][m GID 720, [SendCachedWithdrawTxs] end
2019/05/08 17:58:14.736098 [1;35m[INF][m GID 754, [OnDutyChanged] Start side chain mining: genesis address [ XKUh4GLhFJiqAMTF6HyWQrV9pK9HcGUdfJ ]
2019/05/08 17:58:14.736123 [1;35m[INF][m GID 754, [sideChainPowTransfer] start
2019/05/08 17:58:14.735839 [1;35m[INF][m GID 721, [SendCachedWithdrawTxs] start
2019/05/08 17:58:14.736388 [1;35m[INF][m GID 721, No cached withdraw transaction need to send
2019/05/08 17:58:14.736415 [1;35m[INF][m GID 721, [SendCachedWithdrawTxs] end
2019/05/08 17:58:14.737001 [1;35m[INF][m GID 755, sideGenesisHash: 0e739a2b87774ef2266a3cabc79a8e1201732fe409cfe50bd4125efb1d1169b5 sideBlockHash: e8aa68e0804815d1fe593e078e6ec3328b6700120ac3adc92bca0655a4dffa94
2019/05/08 17:58:14.740910 [1;33m[WRN][m GID 755, [sideChainPowTransfer] create transaction failed: [Wallet], Available token is not enough
2019/05/08 17:58:14.758000 [1;35m[INF][m GID 754, sideGenesisHash: a3c455a90843db2acd22554f2768a8d4233fafbf8dd549e6b261c2786993be56 sideBlockHash: e180b4d6f8347af4fa9f7a99fafcfb3387718c9a3ca75302a3d6f214ce3796c2
2019/05/08 17:58:14.758806 [1;33m[WRN][m GID 754, [sideChainPowTransfer] create transaction failed: [Wallet], Available token is not enough
2019/05/08 17:58:18.765048 [1;35m[INF][m GID 90, [arbitrator] Main chain height:  25
2019/05/08 17:58:18.768396 [1;35m[INF][m GID 90, [OnDutyArbitratorChanged] I became not on duty of main
2019/05/08 17:58:20.777324 [1;35m[INF][m GID 90, [arbitrator] Main chain height:  26
2019/05/08 17:58:20.781213 [1;35m[INF][m GID 90, [OnDutyArbitratorChanged] I am on duty of main
2019/05/08 17:58:20.781258 [1;35m[INF][m GID 90, [SyncMainChainCachedTxs] start
2019/05/08 17:58:20.781442 [1;35m[INF][m GID 90, [SyncMainChainCachedTxs] end
2019/05/08 17:58:20.781503 [1;33m[WRN][m GID 90, [SyncMainChainCachedTxs] No main chain tx in dbcache
2019/05/08 17:58:20.781533 [1;35m[INF][m GID 762, [OnDutyChanged] Start side chain mining: genesis address [ XVfmhjxGxBKgzYxyXCJTb6YmaRfWPVunj4 ]
2019/05/08 17:58:20.781576 [1;35m[INF][m GID 762, [sideChainPowTransfer] start
2019/05/08 17:58:20.781703 [1;35m[INF][m GID 760, [SendCachedWithdrawTxs] start
2019/05/08 17:58:20.781859 [1;35m[INF][m GID 761, [OnDutyChanged] Start side chain mining: genesis address [ XKUh4GLhFJiqAMTF6HyWQrV9pK9HcGUdfJ ]
2019/05/08 17:58:20.781890 [1;35m[INF][m GID 761, [sideChainPowTransfer] start
2019/05/08 17:58:20.782021 [1;35m[INF][m GID 760, No cached withdraw transaction need to send
2019/05/08 17:58:20.782097 [1;35m[INF][m GID 760, [SendCachedWithdrawTxs] end
2019/05/08 17:58:20.782121 [1;35m[INF][m GID 759, [SendCachedWithdrawTxs] start
2019/05/08 17:58:20.782295 [1;35m[INF][m GID 759, No cached withdraw transaction need to send
2019/05/08 17:58:20.782370 [1;35m[INF][m GID 759, [SendCachedWithdrawTxs] end
2019/05/08 17:58:20.785164 [1;35m[INF][m GID 761, sideGenesisHash: a3c455a90843db2acd22554f2768a8d4233fafbf8dd549e6b261c2786993be56 sideBlockHash: 3b335ec3662e14a577c9fa9a9b25aeee63e7358b41e321b322dc2eb321e2b015
2019/05/08 17:58:20.785688 [1;33m[WRN][m GID 761, [sideChainPowTransfer] create transaction failed: [Wallet], Available token is not enough
2019/05/08 17:58:20.829237 [1;35m[INF][m GID 762, sideGenesisHash: 0e739a2b87774ef2266a3cabc79a8e1201732fe409cfe50bd4125efb1d1169b5 sideBlockHash: e87c71f138af9d0e08a7b7f6fb61951b21cd3e30230221cafe9c587b5668c4d6
2019/05/08 17:58:20.840861 [1;33m[WRN][m GID 762, [sideChainPowTransfer] create transaction failed: [Wallet], Available token is not enough
2019/05/08 17:58:24.887006 [1;35m[INF][m GID 90, [arbitrator] Main chain height:  27
2019/05/08 17:58:24.915112 [1;35m[INF][m GID 90, [OnDutyArbitratorChanged] I became not on duty of main
2019/05/08 17:58:29.113456 [1;35m[INF][m GID 40, currentHeight: 19  chainHeight: 20
2019/05/08 17:58:29.131920 [1;35m[INF][m GID 40,  [SyncSideChain] Side chain [ XKUh4GLhFJiqAMTF6HyWQrV9pK9HcGUdfJ ] height:  20
2019/05/08 17:58:31.955460 [1;35m[INF][m GID 90, [arbitrator] Main chain height:  28
2019/05/08 17:58:31.967870 [1;35m[INF][m GID 90, [OnDutyArbitratorChanged] I am on duty of main
2019/05/08 17:58:31.967940 [1;35m[INF][m GID 90, [SyncMainChainCachedTxs] start
2019/05/08 17:58:31.968154 [1;35m[INF][m GID 90, [SyncMainChainCachedTxs] end
2019/05/08 17:58:31.968211 [1;33m[WRN][m GID 90, [SyncMainChainCachedTxs] No main chain tx in dbcache
2019/05/08 17:58:31.968271 [1;35m[INF][m GID 782, [OnDutyChanged] Start side chain mining: genesis address [ XVfmhjxGxBKgzYxyXCJTb6YmaRfWPVunj4 ]
2019/05/08 17:58:31.968335 [1;35m[INF][m GID 782, [sideChainPowTransfer] start
2019/05/08 17:58:31.968512 [1;35m[INF][m GID 780, [SendCachedWithdrawTxs] start
2019/05/08 17:58:31.968639 [1;35m[INF][m GID 781, [OnDutyChanged] Start side chain mining: genesis address [ XKUh4GLhFJiqAMTF6HyWQrV9pK9HcGUdfJ ]
2019/05/08 17:58:31.968750 [1;35m[INF][m GID 779, [SendCachedWithdrawTxs] start
2019/05/08 17:58:31.968751 [1;35m[INF][m GID 781, [sideChainPowTransfer] start
2019/05/08 17:58:31.969253 [1;35m[INF][m GID 780, No cached withdraw transaction need to send
2019/05/08 17:58:31.969350 [1;35m[INF][m GID 780, [SendCachedWithdrawTxs] end
2019/05/08 17:58:31.969489 [1;35m[INF][m GID 779, No cached withdraw transaction need to send
2019/05/08 17:58:31.969577 [1;35m[INF][m GID 779, [SendCachedWithdrawTxs] end
2019/05/08 17:58:31.971624 [1;35m[INF][m GID 781, sideGenesisHash: a3c455a90843db2acd22554f2768a8d4233fafbf8dd549e6b261c2786993be56 sideBlockHash: 9309d3ea6db8ed3308058970ca7be5dc109b1e1a23b2c995212ac9b551a13cc5
2019/05/08 17:58:31.972302 [1;33m[WRN][m GID 781, [sideChainPowTransfer] create transaction failed: [Wallet], Available token is not enough
2019/05/08 17:58:31.982486 [1;35m[INF][m GID 782, sideGenesisHash: 0e739a2b87774ef2266a3cabc79a8e1201732fe409cfe50bd4125efb1d1169b5 sideBlockHash: 40c63b4e1d737f0cdff688833043cd17ca005584c15acc5feeadf6d9cdff8bfc
2019/05/08 17:58:31.984107 [1;33m[WRN][m GID 782, [sideChainPowTransfer] create transaction failed: [Wallet], Available token is not enough
2019/05/08 17:58:36.080482 [1;35m[INF][m GID 90, [arbitrator] Main chain height:  29
2019/05/08 17:58:36.084056 [1;35m[INF][m GID 90, [OnDutyArbitratorChanged] I became not on duty of main
2019/05/08 17:58:39.569631 [1;35m[INF][m GID 92, Check and remove cross chain transactions from dbcache finished
2019/05/08 17:58:39.675350 [1;35m[INF][m GID 93, Warning side chain mining account:  EUBKBP6K2QtWQAjZXf3d3ZoKE3chGJX1zG: 0 EMp6bGXzME9uQNfUcKDHRRMqyVNnsrRE8J: 0 
2019/05/08 17:58:42.210906 [1;35m[INF][m GID 90, [SyncFromMainNode] rpc get current height failed
2019/05/08 17:58:42.255394 [1;31m[ERR][m GID 90, Arbitrator group sync error:  Post http://ela-mainchain-dpos-1:10014: dial tcp 172.28.0.6:10014: connect: connection refused
2019/05/08 17:58:43.262928 [1;35m[INF][m GID 90, [SyncFromMainNode] rpc get current height failed
2019/05/08 17:58:43.263536 [1;31m[ERR][m GID 90, Arbitrator group sync error:  Post http://ela-mainchain-dpos-1:10014: dial tcp 172.28.0.6:10014: connect: connection refused
2019/05/08 17:58:44.275432 [1;35m[INF][m GID 90, [SyncFromMainNode] rpc get current height failed
2019/05/08 17:58:44.275555 [1;31m[ERR][m GID 90, Arbitrator group sync error:  Post http://ela-mainchain-dpos-1:10014: dial tcp 172.28.0.6:10014: connect: connection refused
2019/05/08 17:58:45.276818 [1;35m[INF][m GID 90, [SyncFromMainNode] rpc get current height failed
2019/05/08 17:58:45.276988 [1;31m[ERR][m GID 90, Arbitrator group sync error:  Post http://ela-mainchain-dpos-1:10014: dial tcp 172.28.0.6:10014: connect: connection refused
2019/05/08 17:58:46.287565 [1;35m[INF][m GID 90, [SyncFromMainNode] rpc get current height failed
2019/05/08 17:58:46.287662 [1;31m[ERR][m GID 90, Arbitrator group sync error:  Post http://ela-mainchain-dpos-1:10014: dial tcp: lookup ela-mainchain-dpos-1 on 127.0.0.11:53: no such host
2019/05/08 17:58:50.356191 [1;35m[INF][m GID 90, [SyncFromMainNode] rpc get current height failed
2019/05/08 17:58:50.356269 [1;31m[ERR][m GID 90, Arbitrator group sync error:  Post http://ela-mainchain-dpos-1:10014: dial tcp 172.28.0.6:10014: connect: connection refused
2019/05/08 17:58:51.364674 [1;35m[INF][m GID 90, [arbitrator] Main chain height:  30
2019/05/08 17:58:51.391177 [1;35m[INF][m GID 90, [OnDutyArbitratorChanged] I am on duty of main
2019/05/08 17:58:51.391368 [1;35m[INF][m GID 90, [SyncMainChainCachedTxs] start
2019/05/08 17:58:51.391498 [1;35m[INF][m GID 90, [SyncMainChainCachedTxs] end
2019/05/08 17:58:51.391532 [1;33m[WRN][m GID 90, [SyncMainChainCachedTxs] No main chain tx in dbcache
2019/05/08 17:58:51.391568 [1;35m[INF][m GID 857, [OnDutyChanged] Start side chain mining: genesis address [ XVfmhjxGxBKgzYxyXCJTb6YmaRfWPVunj4 ]
2019/05/08 17:58:51.391588 [1;35m[INF][m GID 855, [SendCachedWithdrawTxs] start
2019/05/08 17:58:51.391613 [1;35m[INF][m GID 857, [sideChainPowTransfer] start
2019/05/08 17:58:51.391666 [1;35m[INF][m GID 855, No cached withdraw transaction need to send
2019/05/08 17:58:51.391706 [1;35m[INF][m GID 855, [SendCachedWithdrawTxs] end
2019/05/08 17:58:51.391729 [1;35m[INF][m GID 854, [SendCachedWithdrawTxs] start
2019/05/08 17:58:51.391813 [1;35m[INF][m GID 854, No cached withdraw transaction need to send
2019/05/08 17:58:51.391842 [1;35m[INF][m GID 856, [OnDutyChanged] Start side chain mining: genesis address [ XKUh4GLhFJiqAMTF6HyWQrV9pK9HcGUdfJ ]
2019/05/08 17:58:51.392081 [1;35m[INF][m GID 856, [sideChainPowTransfer] start
2019/05/08 17:58:51.393692 [1;35m[INF][m GID 854, [SendCachedWithdrawTxs] end
2019/05/08 17:58:51.393919 [1;31m[ERR][m GID 857, [sideChainPowTransfer] create aux block failed: Post http://ela-sidechain-token-1:10014: dial tcp 172.28.0.11:10014: connect: connection refused
2019/05/08 17:58:51.393952 [1;33m[WRN][m GID 857, Post http://ela-sidechain-token-1:10014: dial tcp 172.28.0.11:10014: connect: connection refused
2019/05/08 17:58:51.393919 [1;31m[ERR][m GID 856, [sideChainPowTransfer] create aux block failed: Post http://ela-sidechain-did-1:10014: dial tcp 172.28.0.12:10014: connect: connection refused
2019/05/08 17:58:51.393998 [1;33m[WRN][m GID 856, Post http://ela-sidechain-did-1:10014: dial tcp 172.28.0.12:10014: connect: connection refused
