2019-04-10 15:42:35.736 [INF] ELAD /go/src/github.com/elastos/Elastos.ELA.SideChain.ID/main.go:59: Node version: 
2019-04-10 15:42:35.740 [INF] ELAD /go/src/github.com/elastos/Elastos.ELA.SideChain.ID/main.go:60: go version go1.11.5 linux/amd64
2019-04-10 15:42:35.740 [INF] ELAD /go/src/github.com/elastos/Elastos.ELA.SideChain.ID/main.go:70: 1. BlockChain init
2019-04-10 15:42:35.963 [INF] ELAD /go/src/github.com/elastos/Elastos.ELA.SideChain.ID/main.go:79: 2. SPV module init
2019-04-10 15:42:36.777 [INF] SPVS /go/src/github.com/elastos/Elastos.ELA.SideChain.ID/vendor/github.com/elastos/Elastos.ELA.SPV/sdk/service.go:450: SPV service started...
2019-04-10 15:42:36.850 [INF] SPVS /go/src/github.com/elastos/Elastos.ELA.SideChain.ID/vendor/github.com/elastos/Elastos.ELA.SPV/sync/manager.go:238: New valid peer 172.18.0.3:10128 (outbound)
2019-04-10 15:42:36.855 [INF] SPVS /go/src/github.com/elastos/Elastos.ELA.SideChain.ID/vendor/github.com/elastos/Elastos.ELA.SPV/sync/manager.go:192: Syncing to block height 307 from peer 172.18.0.3:10128
2019-04-10 15:42:36.866 [INF] SPVS /go/src/github.com/elastos/Elastos.ELA.SideChain.ID/vendor/github.com/elastos/Elastos.ELA.SPV/sync/manager.go:238: New valid peer 172.18.0.5:10028 (outbound)
2019-04-10 15:42:36.905 [INF] SPVS /go/src/github.com/elastos/Elastos.ELA.SideChain.ID/vendor/github.com/elastos/Elastos.ELA.SPV/sync/manager.go:238: New valid peer 172.18.0.7:11338 (outbound)
2019-04-10 15:42:36.906 [INF] SPVS /go/src/github.com/elastos/Elastos.ELA.SideChain.ID/vendor/github.com/elastos/Elastos.ELA.SPV/sync/manager.go:238: New valid peer 172.18.0.8:10328 (outbound)
2019-04-10 15:42:36.906 [INF] SPVS /go/src/github.com/elastos/Elastos.ELA.SideChain.ID/vendor/github.com/elastos/Elastos.ELA.SPV/sync/manager.go:238: New valid peer 172.18.0.6:10228 (outbound)
2019-04-10 15:42:36.906 [INF] SPVS /go/src/github.com/elastos/Elastos.ELA.SideChain.ID/vendor/github.com/elastos/Elastos.ELA.SPV/sync/manager.go:238: New valid peer 172.18.0.2:10338 (outbound)
2019-04-10 15:42:36.952 [INF] SPVS /go/src/github.com/elastos/Elastos.ELA.SideChain.ID/vendor/github.com/elastos/Elastos.ELA.SPV/sync/manager.go:413: Received block 3391594a2aa0a41837cd5d0740047671cccc60a4b7185296139df4d033223a52 at height 307
2019-04-10 15:42:36.955 [INF] ELAD /go/src/github.com/elastos/Elastos.ELA.SideChain.ID/main.go:136: 3. Start the P2P networks
2019-04-10 15:42:36.991 [INF] ELAD /go/src/github.com/elastos/Elastos.ELA.SideChain.ID/main.go:145: 4. --Initialize pow service
2019-04-10 15:42:37.076 [INF] ELAD /go/src/github.com/elastos/Elastos.ELA.SideChain.ID/main.go:161: Start POW Services
2019-04-10 15:42:37.076 [INF] ELAD /go/src/github.com/elastos/Elastos.ELA.SideChain.ID/main.go:165: 5. --Start the RPC service
2019-04-10 15:42:37.076 [INF] MINR /go/src/github.com/elastos/Elastos.ELA.SideChain.ID/vendor/github.com/elastos/Elastos.ELA.SideChain/pow/pow.go:298: <================POW Mining==============>

2019-04-10 15:42:37.076 [INF] MINR /go/src/github.com/elastos/Elastos.ELA.SideChain.ID/vendor/github.com/elastos/Elastos.ELA.SideChain/pow/pow.go:422: difficulty:  520095999
2019-04-10 15:42:37.629 [INF] BCDB /go/src/github.com/elastos/Elastos.ELA.SideChain.ID/vendor/github.com/elastos/Elastos.ELA.SideChain/blockchain/blockchain.go:1032: current height ->  198
2019-04-10 15:42:37.634 [INF] MINR /go/src/github.com/elastos/Elastos.ELA.SideChain.ID/vendor/github.com/elastos/Elastos.ELA.SideChain/pow/pow.go:298: <================POW Mining==============>

2019-04-10 15:42:37.634 [INF] MINR /go/src/github.com/elastos/Elastos.ELA.SideChain.ID/vendor/github.com/elastos/Elastos.ELA.SideChain/pow/pow.go:422: difficulty:  520095999
2019-04-10 15:42:41.460 [INF] SPVS /go/src/github.com/elastos/Elastos.ELA.SideChain.ID/vendor/github.com/elastos/Elastos.ELA.SPV/sync/manager.go:413: Received block 1a2722162e5aacf58294474d768ae01460bc9a58c21a6c10361c54fe8a1076e0 at height 308
2019-04-10 15:42:44.024 [INF] SYNC /go/src/github.com/elastos/Elastos.ELA.SideChain.ID/vendor/github.com/elastos/Elastos.ELA.SideChain/netsync/manager.go:218: New valid peer 172.18.0.17:46256 (inbound)
2019-04-10 15:42:44.076 [WRN] SYNC /go/src/github.com/elastos/Elastos.ELA.SideChain.ID/vendor/github.com/elastos/Elastos.ELA.SideChain/netsync/manager.go:193: No sync peer candidates available
2019-04-10 15:42:46.260 [INF] SYNC /go/src/github.com/elastos/Elastos.ELA.SideChain.ID/vendor/github.com/elastos/Elastos.ELA.SideChain/netsync/manager.go:218: New valid peer 172.18.0.15:38892 (inbound)
2019-04-10 15:42:46.260 [WRN] SYNC /go/src/github.com/elastos/Elastos.ELA.SideChain.ID/vendor/github.com/elastos/Elastos.ELA.SideChain/netsync/manager.go:193: No sync peer candidates available
2019-04-10 15:42:47.637 [INF] SPVS /go/src/github.com/elastos/Elastos.ELA.SideChain.ID/vendor/github.com/elastos/Elastos.ELA.SPV/sync/manager.go:413: Received block 2e0797dc5c010618513500cc1e7d0203c1f99164b07537885ea0df6c003bdb3b at height 309
2019-04-10 15:42:49.383 [INF] SYNC /go/src/github.com/elastos/Elastos.ELA.SideChain.ID/vendor/github.com/elastos/Elastos.ELA.SideChain/netsync/manager.go:218: New valid peer 172.18.0.19:35060 (inbound)
2019-04-10 15:42:49.399 [WRN] SYNC /go/src/github.com/elastos/Elastos.ELA.SideChain.ID/vendor/github.com/elastos/Elastos.ELA.SideChain/netsync/manager.go:193: No sync peer candidates available
2019-04-10 15:42:53.243 [INF] SPVS /go/src/github.com/elastos/Elastos.ELA.SideChain.ID/vendor/github.com/elastos/Elastos.ELA.SPV/sync/manager.go:413: Received block d646ffdfeecd01ff2f8a86aae0f08b5a1e466f9c688ed10e45f179d83b7f9728 at height 310
2019-04-10 15:42:53.745 [INF] BCDB /go/src/github.com/elastos/Elastos.ELA.SideChain.ID/vendor/github.com/elastos/Elastos.ELA.SideChain/blockchain/blockchain.go:1032: current height ->  199
2019-04-10 15:42:57.020 [INF] MINR /go/src/github.com/elastos/Elastos.ELA.SideChain.ID/vendor/github.com/elastos/Elastos.ELA.SideChain/pow/pow.go:298: <================POW Mining==============>

2019-04-10 15:42:57.049 [INF] MINR /go/src/github.com/elastos/Elastos.ELA.SideChain.ID/vendor/github.com/elastos/Elastos.ELA.SideChain/pow/pow.go:422: difficulty:  520095999
2019-04-10 15:43:05.379 [INF] BCDB /go/src/github.com/elastos/Elastos.ELA.SideChain.ID/vendor/github.com/elastos/Elastos.ELA.SideChain/blockchain/blockchain.go:1032: current height ->  200
2019-04-10 15:43:07.076 [INF] MINR /go/src/github.com/elastos/Elastos.ELA.SideChain.ID/vendor/github.com/elastos/Elastos.ELA.SideChain/pow/pow.go:298: <================POW Mining==============>

2019-04-10 15:43:07.076 [INF] MINR /go/src/github.com/elastos/Elastos.ELA.SideChain.ID/vendor/github.com/elastos/Elastos.ELA.SideChain/pow/pow.go:422: difficulty:  520095999
2019-04-10 15:43:08.880 [INF] SPVS /go/src/github.com/elastos/Elastos.ELA.SideChain.ID/vendor/github.com/elastos/Elastos.ELA.SPV/sync/manager.go:413: Received block 0646a78c9d625177755125446012fa0e0cb0a2003854cf34bafb89748b7fd6e1 at height 311
2019-04-10 15:43:09.855 [INF] MINR /go/src/github.com/elastos/Elastos.ELA.SideChain.ID/vendor/github.com/elastos/Elastos.ELA.SideChain/pow/pow.go:422: difficulty:  520095999
2019-04-10 15:43:10.537 [INF] BCDB /go/src/github.com/elastos/Elastos.ELA.SideChain.ID/vendor/github.com/elastos/Elastos.ELA.SideChain/blockchain/blockchain.go:1032: current height ->  201
2019-04-10 15:43:10.802 [INF] MINR /go/src/github.com/elastos/Elastos.ELA.SideChain.ID/vendor/github.com/elastos/Elastos.ELA.SideChain/pow/pow.go:422: difficulty:  520095999
2019-04-10 15:43:19.583 [INF] MINR /go/src/github.com/elastos/Elastos.ELA.SideChain.ID/vendor/github.com/elastos/Elastos.ELA.SideChain/pow/pow.go:298: <================POW Mining==============>

2019-04-10 15:43:19.585 [INF] MINR /go/src/github.com/elastos/Elastos.ELA.SideChain.ID/vendor/github.com/elastos/Elastos.ELA.SideChain/pow/pow.go:422: difficulty:  520095999
2019-04-10 15:43:19.892 [INF] BCDB /go/src/github.com/elastos/Elastos.ELA.SideChain.ID/vendor/github.com/elastos/Elastos.ELA.SideChain/blockchain/blockchain.go:1032: current height ->  202
2019-04-10 15:43:20.927 [INF] MINR /go/src/github.com/elastos/Elastos.ELA.SideChain.ID/vendor/github.com/elastos/Elastos.ELA.SideChain/pow/pow.go:422: difficulty:  520095999
2019-04-10 15:43:22.091 [INF] MINR /go/src/github.com/elastos/Elastos.ELA.SideChain.ID/vendor/github.com/elastos/Elastos.ELA.SideChain/pow/pow.go:298: <================POW Mining==============>

2019-04-10 15:43:22.092 [INF] MINR /go/src/github.com/elastos/Elastos.ELA.SideChain.ID/vendor/github.com/elastos/Elastos.ELA.SideChain/pow/pow.go:422: difficulty:  520095999
2019-04-10 15:43:29.160 [INF] SPVS /go/src/github.com/elastos/Elastos.ELA.SideChain.ID/vendor/github.com/elastos/Elastos.ELA.SPV/sync/manager.go:413: Received block 4b188df167bb6ce13c86890437c1b9b90c75f1f7c016b6f01bf74d7e24d9a3a4 at height 312
2019-04-10 15:43:29.664 [INF] BCDB /go/src/github.com/elastos/Elastos.ELA.SideChain.ID/vendor/github.com/elastos/Elastos.ELA.SideChain/blockchain/blockchain.go:1032: current height ->  203
2019-04-10 15:43:34.316 [INF] SPVS /go/src/github.com/elastos/Elastos.ELA.SideChain.ID/vendor/github.com/elastos/Elastos.ELA.SPV/sync/manager.go:413: Received block ef910c4f41a148873ff85032276dde4e6c2835a6e96808a96ed556066016ffcd at height 313
2019-04-10 15:43:37.077 [INF] MINR /go/src/github.com/elastos/Elastos.ELA.SideChain.ID/vendor/github.com/elastos/Elastos.ELA.SideChain/pow/pow.go:298: <================POW Mining==============>

2019-04-10 15:43:37.077 [INF] MINR /go/src/github.com/elastos/Elastos.ELA.SideChain.ID/vendor/github.com/elastos/Elastos.ELA.SideChain/pow/pow.go:422: difficulty:  520095999
2019-04-10 15:43:37.122 [INF] STAT: -> 203 [201 172.18.0.17:46256 (inbound), 201 172.18.0.15:38892 (inbound), 201 172.18.0.19:35060 (inbound)]
2019-04-10 15:43:40.233 [INF] BCDB /go/src/github.com/elastos/Elastos.ELA.SideChain.ID/vendor/github.com/elastos/Elastos.ELA.SideChain/blockchain/blockchain.go:1032: current height ->  204
2019-04-10 15:43:43.060 [INF] SPVS /go/src/github.com/elastos/Elastos.ELA.SideChain.ID/vendor/github.com/elastos/Elastos.ELA.SPV/sync/manager.go:413: Received block 53d7230b6636e65417f4ac85bb006e5c0022e84a923a7435e35705f49d0f6291 at height 314
2019-04-10 15:43:46.768 [INF] BCDB /go/src/github.com/elastos/Elastos.ELA.SideChain.ID/vendor/github.com/elastos/Elastos.ELA.SideChain/blockchain/blockchain.go:1032: current height ->  205
2019-04-10 15:43:49.181 [INF] BCDB /go/src/github.com/elastos/Elastos.ELA.SideChain.ID/vendor/github.com/elastos/Elastos.ELA.SideChain/blockchain/blockchain.go:1032: current height ->  206
2019-04-10 15:43:51.938 [INF] SPVS /go/src/github.com/elastos/Elastos.ELA.SideChain.ID/vendor/github.com/elastos/Elastos.ELA.SPV/sync/manager.go:413: Received block f44cfa70fc3aa02360bb06f1dfd26ae74a1827c07f6f7236e9ce646020ea80d4 at height 315
2019-04-10 15:43:52.001 [INF] MINR /go/src/github.com/elastos/Elastos.ELA.SideChain.ID/vendor/github.com/elastos/Elastos.ELA.SideChain/pow/pow.go:422: difficulty:  520095999
2019-04-10 15:43:52.078 [INF] MINR /go/src/github.com/elastos/Elastos.ELA.SideChain.ID/vendor/github.com/elastos/Elastos.ELA.SideChain/pow/pow.go:298: <================POW Mining==============>

2019-04-10 15:43:52.079 [INF] MINR /go/src/github.com/elastos/Elastos.ELA.SideChain.ID/vendor/github.com/elastos/Elastos.ELA.SideChain/pow/pow.go:422: difficulty:  520095999
2019-04-10 15:43:57.228 [INF] SPVS /go/src/github.com/elastos/Elastos.ELA.SideChain.ID/vendor/github.com/elastos/Elastos.ELA.SPV/sync/manager.go:413: Received block 1100469423cf2d5b33e385bc205a043d42e1967be0d542ff6713f45ce41ab11b at height 316
2019-04-10 15:44:00.167 [INF] BCDB /go/src/github.com/elastos/Elastos.ELA.SideChain.ID/vendor/github.com/elastos/Elastos.ELA.SideChain/blockchain/blockchain.go:1032: current height ->  207
2019-04-10 15:44:00.167 [INF] MINR /go/src/github.com/elastos/Elastos.ELA.SideChain.ID/vendor/github.com/elastos/Elastos.ELA.SideChain/pow/pow.go:298: <================POW Mining==============>

2019-04-10 15:44:00.167 [INF] MINR /go/src/github.com/elastos/Elastos.ELA.SideChain.ID/vendor/github.com/elastos/Elastos.ELA.SideChain/pow/pow.go:422: difficulty:  520095999
2019-04-10 15:44:04.356 [INF] SPVS /go/src/github.com/elastos/Elastos.ELA.SideChain.ID/vendor/github.com/elastos/Elastos.ELA.SPV/sync/manager.go:413: Received block 144a04628fe107d1b58ca4c4fe633f808ce03d13efd76c0cb0d1f7357cb36fdd at height 317
2019-04-10 15:44:12.552 [INF] SPVS /go/src/github.com/elastos/Elastos.ELA.SideChain.ID/vendor/github.com/elastos/Elastos.ELA.SPV/sync/manager.go:413: Received block 86da04997da74a0250feccc8c2b059a379e8de9c10fa6bb1ab458943d6a54759 at height 318
2019-04-10 15:44:16.552 [INF] SPVS /go/src/github.com/elastos/Elastos.ELA.SideChain.ID/vendor/github.com/elastos/Elastos.ELA.SPV/sync/manager.go:413: Received block 8e3717a96d751416997bc42355fb9b6d530e5d647e1ba3995bc098af40729713 at height 319
2019-04-10 15:44:17.056 [INF] BCDB /go/src/github.com/elastos/Elastos.ELA.SideChain.ID/vendor/github.com/elastos/Elastos.ELA.SideChain/blockchain/blockchain.go:1032: current height ->  208
2019-04-10 15:44:17.348 [INF] MINR /go/src/github.com/elastos/Elastos.ELA.SideChain.ID/vendor/github.com/elastos/Elastos.ELA.SideChain/pow/pow.go:422: difficulty:  520095999
2019-04-10 15:44:22.088 [INF] MINR /go/src/github.com/elastos/Elastos.ELA.SideChain.ID/vendor/github.com/elastos/Elastos.ELA.SideChain/pow/pow.go:298: <================POW Mining==============>

2019-04-10 15:44:22.088 [INF] MINR /go/src/github.com/elastos/Elastos.ELA.SideChain.ID/vendor/github.com/elastos/Elastos.ELA.SideChain/pow/pow.go:422: difficulty:  520095999
2019-04-10 15:44:22.993 [INF] SPVS /go/src/github.com/elastos/Elastos.ELA.SideChain.ID/vendor/github.com/elastos/Elastos.ELA.SPV/sync/manager.go:413: Received block c022aede06d41acdf5fcba33738df4d53b8856cb49a5ba4fe8cb8c096c869ec3 at height 320
2019-04-10 15:44:24.438 [INF] BCDB /go/src/github.com/elastos/Elastos.ELA.SideChain.ID/vendor/github.com/elastos/Elastos.ELA.SideChain/blockchain/blockchain.go:1032: current height ->  209
2019-04-10 15:44:24.438 [INF] MINR /go/src/github.com/elastos/Elastos.ELA.SideChain.ID/vendor/github.com/elastos/Elastos.ELA.SideChain/pow/pow.go:298: <================POW Mining==============>

2019-04-10 15:44:24.445 [INF] MINR /go/src/github.com/elastos/Elastos.ELA.SideChain.ID/vendor/github.com/elastos/Elastos.ELA.SideChain/pow/pow.go:422: difficulty:  520095999
2019-04-10 15:44:35.795 [INF] SPVS /go/src/github.com/elastos/Elastos.ELA.SideChain.ID/vendor/github.com/elastos/Elastos.ELA.SPV/sync/manager.go:413: Received block 03c13de1bb397d4f6e9f343b68bd5f5b2e1a13bdb5d4e87ab8d5a6cae7f6ac7e at height 321
2019-04-10 15:44:37.111 [INF] STAT: -> 209 [207 172.18.0.17:46256 (inbound), 207 172.18.0.15:38892 (inbound), 208 172.18.0.19:35060 (inbound)]
2019-04-10 15:44:39.366 [INF] BCDB /go/src/github.com/elastos/Elastos.ELA.SideChain.ID/vendor/github.com/elastos/Elastos.ELA.SideChain/blockchain/blockchain.go:1032: current height ->  210
2019-04-10 15:44:40.122 [INF] SPVS /go/src/github.com/elastos/Elastos.ELA.SideChain.ID/vendor/github.com/elastos/Elastos.ELA.SPV/sync/manager.go:413: Received block e141412a3c999efd2fe370a5d864cd753529b2b66ab3779741d0fb362f2215b3 at height 322
2019-04-10 15:44:44.583 [INF] SPVS /go/src/github.com/elastos/Elastos.ELA.SideChain.ID/vendor/github.com/elastos/Elastos.ELA.SPV/sync/manager.go:413: Received block d0f04e5a3c860c0a2eb83e875e966d4124a4c2717b51ad6a2304ae6c8dfff835 at height 323
2019-04-10 15:44:44.649 [INF] BCDB /go/src/github.com/elastos/Elastos.ELA.SideChain.ID/vendor/github.com/elastos/Elastos.ELA.SideChain/blockchain/blockchain.go:1032: current height ->  211
2019-04-10 15:44:44.716 [INF] MINR /go/src/github.com/elastos/Elastos.ELA.SideChain.ID/vendor/github.com/elastos/Elastos.ELA.SideChain/pow/pow.go:422: difficulty:  520095999
2019-04-10 15:44:48.145 [INF] SPVS /go/src/github.com/elastos/Elastos.ELA.SideChain.ID/vendor/github.com/elastos/Elastos.ELA.SPV/sync/manager.go:413: Received block 508bd596a1d7e8ec9faf0493c3a481c3ebd36a3415186b8daf7bc18cd1f774b8 at height 324
2019-04-10 15:44:50.956 [INF] BCDB /go/src/github.com/elastos/Elastos.ELA.SideChain.ID/vendor/github.com/elastos/Elastos.ELA.SideChain/blockchain/blockchain.go:1032: current height ->  212
2019-04-10 15:44:52.095 [INF] MINR /go/src/github.com/elastos/Elastos.ELA.SideChain.ID/vendor/github.com/elastos/Elastos.ELA.SideChain/pow/pow.go:298: <================POW Mining==============>

2019-04-10 15:44:52.114 [INF] MINR /go/src/github.com/elastos/Elastos.ELA.SideChain.ID/vendor/github.com/elastos/Elastos.ELA.SideChain/pow/pow.go:422: difficulty:  520095999
2019-04-10 15:44:53.983 [INF] BCDB /go/src/github.com/elastos/Elastos.ELA.SideChain.ID/vendor/github.com/elastos/Elastos.ELA.SideChain/blockchain/blockchain.go:1032: current height ->  213
2019-04-10 15:44:59.449 [INF] BCDB /go/src/github.com/elastos/Elastos.ELA.SideChain.ID/vendor/github.com/elastos/Elastos.ELA.SideChain/blockchain/blockchain.go:1032: current height ->  214
2019-04-10 15:45:06.670 [INF] SPVS /go/src/github.com/elastos/Elastos.ELA.SideChain.ID/vendor/github.com/elastos/Elastos.ELA.SPV/sync/manager.go:413: Received block 2b781155e12c75829cf855b523b4e8a5583900fbe20578d845f7f338ad91a7fd at height 325
2019-04-10 15:45:07.134 [INF] MINR /go/src/github.com/elastos/Elastos.ELA.SideChain.ID/vendor/github.com/elastos/Elastos.ELA.SideChain/pow/pow.go:298: <================POW Mining==============>

2019-04-10 15:45:07.135 [INF] MINR /go/src/github.com/elastos/Elastos.ELA.SideChain.ID/vendor/github.com/elastos/Elastos.ELA.SideChain/pow/pow.go:422: difficulty:  520095999
2019-04-10 15:45:09.631 [INF] BCDB /go/src/github.com/elastos/Elastos.ELA.SideChain.ID/vendor/github.com/elastos/Elastos.ELA.SideChain/blockchain/blockchain.go:1032: current height ->  215
2019-04-10 15:45:10.756 [INF] SPVS /go/src/github.com/elastos/Elastos.ELA.SideChain.ID/vendor/github.com/elastos/Elastos.ELA.SPV/sync/manager.go:413: Received block 510032a1b88ead93e39e75c9fcf85a5263494e3fdaa0bce4aecb83afc5f2c836 at height 326
2019-04-10 15:45:13.966 [INF] BCDB /go/src/github.com/elastos/Elastos.ELA.SideChain.ID/vendor/github.com/elastos/Elastos.ELA.SideChain/blockchain/blockchain.go:1032: current height ->  216
2019-04-10 15:45:19.294 [INF] SPVS /go/src/github.com/elastos/Elastos.ELA.SideChain.ID/vendor/github.com/elastos/Elastos.ELA.SPV/sync/manager.go:413: Received block 290c65233c63a7f28c7db8d6032466078504c6d2d20cfe69587d007a38fbf2b0 at height 327
2019-04-10 15:45:20.224 [INF] MINR /go/src/github.com/elastos/Elastos.ELA.SideChain.ID/vendor/github.com/elastos/Elastos.ELA.SideChain/pow/pow.go:422: difficulty:  520095999
2019-04-10 15:45:22.103 [INF] MINR /go/src/github.com/elastos/Elastos.ELA.SideChain.ID/vendor/github.com/elastos/Elastos.ELA.SideChain/pow/pow.go:298: <================POW Mining==============>

2019-04-10 15:45:22.103 [INF] MINR /go/src/github.com/elastos/Elastos.ELA.SideChain.ID/vendor/github.com/elastos/Elastos.ELA.SideChain/pow/pow.go:422: difficulty:  520095999
2019-04-10 15:45:25.003 [INF] SPVS /go/src/github.com/elastos/Elastos.ELA.SideChain.ID/vendor/github.com/elastos/Elastos.ELA.SPV/sync/manager.go:413: Received block d27ba9ba42871abbcf2ef1ce311fb270ff22670c198b6ba88bd5df1105afcad3 at height 328
2019-04-10 15:45:30.939 [INF] BCDB /go/src/github.com/elastos/Elastos.ELA.SideChain.ID/vendor/github.com/elastos/Elastos.ELA.SideChain/blockchain/blockchain.go:1032: current height ->  217
2019-04-10 15:45:31.350 [INF] SYNC /go/src/github.com/elastos/Elastos.ELA.SideChain.ID/vendor/github.com/elastos/Elastos.ELA.SideChain/netsync/manager.go:248: Lost peer 172.18.0.15:38892 (inbound)
2019-04-10 15:45:35.524 [INF] SPVS /go/src/github.com/elastos/Elastos.ELA.SideChain.ID/vendor/github.com/elastos/Elastos.ELA.SPV/sync/manager.go:413: Received block d78dbb1cefae812b38d8ea84d58e0d2d2faaf3b9ec3193ae78a1be1b8121ff47 at height 329
2019-04-10 15:45:36.380 [INF] SYNC /go/src/github.com/elastos/Elastos.ELA.SideChain.ID/vendor/github.com/elastos/Elastos.ELA.SideChain/netsync/manager.go:218: New valid peer 172.18.0.15:40858 (inbound)
2019-04-10 15:45:36.381 [INF] SYNC /go/src/github.com/elastos/Elastos.ELA.SideChain.ID/vendor/github.com/elastos/Elastos.ELA.SideChain/netsync/manager.go:187: Syncing to block height 217 from peer 172.18.0.15:40858
2019-04-10 15:45:37.079 [INF] MINR /go/src/github.com/elastos/Elastos.ELA.SideChain.ID/vendor/github.com/elastos/Elastos.ELA.SideChain/pow/pow.go:298: <================POW Mining==============>

2019-04-10 15:45:37.080 [INF] MINR /go/src/github.com/elastos/Elastos.ELA.SideChain.ID/vendor/github.com/elastos/Elastos.ELA.SideChain/pow/pow.go:422: difficulty:  520095999
2019-04-10 15:45:37.114 [INF] STAT: -> 217 [216 172.18.0.17:46256 (inbound), 217 172.18.0.15:40858 (inbound), 216 172.18.0.19:35060 (inbound)]
2019-04-10 15:45:38.859 [INF] BCDB /go/src/github.com/elastos/Elastos.ELA.SideChain.ID/vendor/github.com/elastos/Elastos.ELA.SideChain/blockchain/blockchain.go:1032: current height ->  218
2019-04-10 15:45:38.859 [INF] MINR /go/src/github.com/elastos/Elastos.ELA.SideChain.ID/vendor/github.com/elastos/Elastos.ELA.SideChain/pow/pow.go:298: <================POW Mining==============>

2019-04-10 15:45:38.859 [INF] MINR /go/src/github.com/elastos/Elastos.ELA.SideChain.ID/vendor/github.com/elastos/Elastos.ELA.SideChain/pow/pow.go:422: difficulty:  520095999
2019-04-10 15:45:49.385 [INF] SYNC /go/src/github.com/elastos/Elastos.ELA.SideChain.ID/vendor/github.com/elastos/Elastos.ELA.SideChain/netsync/manager.go:248: Lost peer 172.18.0.19:35060 (inbound)
2019-04-10 15:45:49.882 [INF] SPVS /go/src/github.com/elastos/Elastos.ELA.SideChain.ID/vendor/github.com/elastos/Elastos.ELA.SPV/sync/manager.go:413: Received block 1c415f8d0c60ae68a0722fb80ab60bfa88f30322758e99ef2dc81ad16c3313d0 at height 330
2019-04-10 15:45:54.396 [INF] SYNC /go/src/github.com/elastos/Elastos.ELA.SideChain.ID/vendor/github.com/elastos/Elastos.ELA.SideChain/netsync/manager.go:218: New valid peer 172.18.0.19:37150 (inbound)
2019-04-10 15:45:56.239 [INF] BCDB /go/src/github.com/elastos/Elastos.ELA.SideChain.ID/vendor/github.com/elastos/Elastos.ELA.SideChain/blockchain/blockchain.go:1032: current height ->  219
2019-04-10 15:46:05.187 [INF] SPVS /go/src/github.com/elastos/Elastos.ELA.SideChain.ID/vendor/github.com/elastos/Elastos.ELA.SPV/sync/manager.go:413: Received block d5a59eadf5d8ff7f6f6977636238b7a2edfb317e6ea76ff059a2501828b13d3d at height 331
2019-04-10 15:46:05.702 [INF] MINR /go/src/github.com/elastos/Elastos.ELA.SideChain.ID/vendor/github.com/elastos/Elastos.ELA.SideChain/pow/pow.go:422: difficulty:  520095999
2019-04-10 15:46:07.084 [INF] MINR /go/src/github.com/elastos/Elastos.ELA.SideChain.ID/vendor/github.com/elastos/Elastos.ELA.SideChain/pow/pow.go:298: <================POW Mining==============>

2019-04-10 15:46:07.085 [INF] MINR /go/src/github.com/elastos/Elastos.ELA.SideChain.ID/vendor/github.com/elastos/Elastos.ELA.SideChain/pow/pow.go:422: difficulty:  520095999
2019-04-10 15:46:09.039 [INF] BCDB /go/src/github.com/elastos/Elastos.ELA.SideChain.ID/vendor/github.com/elastos/Elastos.ELA.SideChain/blockchain/blockchain.go:1032: current height ->  220
2019-04-10 15:46:09.039 [INF] MINR /go/src/github.com/elastos/Elastos.ELA.SideChain.ID/vendor/github.com/elastos/Elastos.ELA.SideChain/pow/pow.go:298: <================POW Mining==============>

2019-04-10 15:46:09.039 [INF] MINR /go/src/github.com/elastos/Elastos.ELA.SideChain.ID/vendor/github.com/elastos/Elastos.ELA.SideChain/pow/pow.go:422: difficulty:  520095999
2019-04-10 15:46:09.743 [INF] MINR /go/src/github.com/elastos/Elastos.ELA.SideChain.ID/vendor/github.com/elastos/Elastos.ELA.SideChain/pow/pow.go:422: difficulty:  520095999
2019-04-10 15:46:09.849 [INF] SPVS /go/src/github.com/elastos/Elastos.ELA.SideChain.ID/vendor/github.com/elastos/Elastos.ELA.SPV/sync/manager.go:413: Received block b1f9031023d13ba6c04e89b16f842d9f117288cf8cd91143d310d63b9d357fef at height 332
2019-04-10 15:46:11.897 [INF] BCDB /go/src/github.com/elastos/Elastos.ELA.SideChain.ID/vendor/github.com/elastos/Elastos.ELA.SideChain/blockchain/blockchain.go:1032: current height ->  221
2019-04-10 15:46:13.093 [INF] SPVS /go/src/github.com/elastos/Elastos.ELA.SideChain.ID/vendor/github.com/elastos/Elastos.ELA.SPV/sync/manager.go:413: Received block 6a560ceec7d1fc5d7b79b0daaab6ae0b8d50b30b5b89aa0773da21e4c6552549 at height 333
2019-04-10 15:46:16.808 [INF] BCDB /go/src/github.com/elastos/Elastos.ELA.SideChain.ID/vendor/github.com/elastos/Elastos.ELA.SideChain/blockchain/blockchain.go:1032: current height ->  222
2019-04-10 15:46:22.080 [INF] MINR /go/src/github.com/elastos/Elastos.ELA.SideChain.ID/vendor/github.com/elastos/Elastos.ELA.SideChain/pow/pow.go:298: <================POW Mining==============>

2019-04-10 15:46:22.080 [INF] MINR /go/src/github.com/elastos/Elastos.ELA.SideChain.ID/vendor/github.com/elastos/Elastos.ELA.SideChain/pow/pow.go:422: difficulty:  520095999
2019-04-10 15:46:22.393 [INF] BCDB /go/src/github.com/elastos/Elastos.ELA.SideChain.ID/vendor/github.com/elastos/Elastos.ELA.SideChain/blockchain/blockchain.go:1032: current height ->  223
2019-04-10 15:46:22.396 [INF] MINR /go/src/github.com/elastos/Elastos.ELA.SideChain.ID/vendor/github.com/elastos/Elastos.ELA.SideChain/pow/pow.go:298: <================POW Mining==============>

2019-04-10 15:46:22.396 [INF] MINR /go/src/github.com/elastos/Elastos.ELA.SideChain.ID/vendor/github.com/elastos/Elastos.ELA.SideChain/pow/pow.go:422: difficulty:  520095999
2019-04-10 15:46:26.628 [INF] SPVS /go/src/github.com/elastos/Elastos.ELA.SideChain.ID/vendor/github.com/elastos/Elastos.ELA.SPV/sync/manager.go:413: Received block 127cf1fe1db9e591093b0447dbe4b230b75f690662d13d34d356bbe959e327f8 at height 334
2019-04-10 15:46:30.381 [INF] BCDB /go/src/github.com/elastos/Elastos.ELA.SideChain.ID/vendor/github.com/elastos/Elastos.ELA.SideChain/blockchain/blockchain.go:1032: current height ->  224
2019-04-10 15:46:30.395 [INF] MINR /go/src/github.com/elastos/Elastos.ELA.SideChain.ID/vendor/github.com/elastos/Elastos.ELA.SideChain/pow/pow.go:298: <================POW Mining==============>

2019-04-10 15:46:30.395 [INF] MINR /go/src/github.com/elastos/Elastos.ELA.SideChain.ID/vendor/github.com/elastos/Elastos.ELA.SideChain/pow/pow.go:422: difficulty:  520095999
2019-04-10 15:46:34.211 [INF] SPVS /go/src/github.com/elastos/Elastos.ELA.SideChain.ID/vendor/github.com/elastos/Elastos.ELA.SPV/sync/manager.go:413: Received block 97e4e331ba8604dd5a90175b80008649f4fa1f631ac24a0a344a53f3544d8366 at height 335
2019-04-10 15:46:34.924 [INF] MINR /go/src/github.com/elastos/Elastos.ELA.SideChain.ID/vendor/github.com/elastos/Elastos.ELA.SideChain/pow/pow.go:422: difficulty:  520095999
2019-04-10 15:46:37.111 [INF] STAT: -> 224 [221 172.18.0.17:46256 (inbound), 224 172.18.0.15:40858 (inbound), 223 172.18.0.19:37150 (inbound)]
2019-04-10 15:46:39.915 [INF] SPVS /go/src/github.com/elastos/Elastos.ELA.SideChain.ID/vendor/github.com/elastos/Elastos.ELA.SPV/sync/manager.go:413: Received block 05c11dc5977f8031fe256b5b03e84293a19db5eda5dc757c546107246459b6d8 at height 336
2019-04-10 15:46:42.180 [INF] SPVS /go/src/github.com/elastos/Elastos.ELA.SideChain.ID/vendor/github.com/elastos/Elastos.ELA.SPV/sync/manager.go:413: Received block 32cb9434b472a9a553139cbab13ab1337d0491e5c78f42c24b70a1afbb585214 at height 337
2019-04-10 15:46:46.158 [INF] BCDB /go/src/github.com/elastos/Elastos.ELA.SideChain.ID/vendor/github.com/elastos/Elastos.ELA.SideChain/blockchain/blockchain.go:1032: current height ->  225
2019-04-10 15:46:46.159 [INF] MINR /go/src/github.com/elastos/Elastos.ELA.SideChain.ID/vendor/github.com/elastos/Elastos.ELA.SideChain/pow/pow.go:298: <================POW Mining==============>

2019-04-10 15:46:46.159 [INF] MINR /go/src/github.com/elastos/Elastos.ELA.SideChain.ID/vendor/github.com/elastos/Elastos.ELA.SideChain/pow/pow.go:422: difficulty:  520095999
2019-04-10 15:46:54.397 [INF] SYNC /go/src/github.com/elastos/Elastos.ELA.SideChain.ID/vendor/github.com/elastos/Elastos.ELA.SideChain/netsync/manager.go:248: Lost peer 172.18.0.19:37150 (inbound)
2019-04-10 15:46:54.699 [INF] BCDB /go/src/github.com/elastos/Elastos.ELA.SideChain.ID/vendor/github.com/elastos/Elastos.ELA.SideChain/blockchain/blockchain.go:1032: current height ->  226
2019-04-10 15:46:54.699 [INF] MINR /go/src/github.com/elastos/Elastos.ELA.SideChain.ID/vendor/github.com/elastos/Elastos.ELA.SideChain/pow/pow.go:298: <================POW Mining==============>

2019-04-10 15:46:54.699 [INF] MINR /go/src/github.com/elastos/Elastos.ELA.SideChain.ID/vendor/github.com/elastos/Elastos.ELA.SideChain/pow/pow.go:422: difficulty:  520095999
2019-04-10 15:46:56.609 [INF] SPVS /go/src/github.com/elastos/Elastos.ELA.SideChain.ID/vendor/github.com/elastos/Elastos.ELA.SPV/sync/manager.go:413: Received block d60b52a6c96e4dfa304d3cfc01688226f3c822020c332e7fb11131a5d11f8e49 at height 338
2019-04-10 15:46:59.399 [INF] SYNC /go/src/github.com/elastos/Elastos.ELA.SideChain.ID/vendor/github.com/elastos/Elastos.ELA.SideChain/netsync/manager.go:218: New valid peer 172.18.0.19:37864 (inbound)
2019-04-10 15:47:03.526 [INF] SPVS /go/src/github.com/elastos/Elastos.ELA.SideChain.ID/vendor/github.com/elastos/Elastos.ELA.SPV/sync/manager.go:413: Received block 55cb91907770f95f8ab412e97dcf56df5c58c94ffbe837edb1e0779d480b6e11 at height 339
2019-04-10 15:47:03.753 [INF] BCDB /go/src/github.com/elastos/Elastos.ELA.SideChain.ID/vendor/github.com/elastos/Elastos.ELA.SideChain/blockchain/blockchain.go:1032: current height ->  227
2019-04-10 15:47:03.753 [INF] MINR /go/src/github.com/elastos/Elastos.ELA.SideChain.ID/vendor/github.com/elastos/Elastos.ELA.SideChain/pow/pow.go:298: <================POW Mining==============>

2019-04-10 15:47:03.753 [INF] MINR /go/src/github.com/elastos/Elastos.ELA.SideChain.ID/vendor/github.com/elastos/Elastos.ELA.SideChain/pow/pow.go:422: difficulty:  520095999
2019-04-10 15:47:04.429 [INF] MINR /go/src/github.com/elastos/Elastos.ELA.SideChain.ID/vendor/github.com/elastos/Elastos.ELA.SideChain/pow/pow.go:422: difficulty:  520095999
2019-04-10 15:47:05.294 [INF] BCDB /go/src/github.com/elastos/Elastos.ELA.SideChain.ID/vendor/github.com/elastos/Elastos.ELA.SideChain/blockchain/blockchain.go:1032: current height ->  228
2019-04-10 15:47:05.314 [INF] MINR /go/src/github.com/elastos/Elastos.ELA.SideChain.ID/vendor/github.com/elastos/Elastos.ELA.SideChain/pow/pow.go:422: difficulty:  520095999
2019-04-10 15:47:07.084 [INF] MINR /go/src/github.com/elastos/Elastos.ELA.SideChain.ID/vendor/github.com/elastos/Elastos.ELA.SideChain/pow/pow.go:298: <================POW Mining==============>

2019-04-10 15:47:07.085 [INF] MINR /go/src/github.com/elastos/Elastos.ELA.SideChain.ID/vendor/github.com/elastos/Elastos.ELA.SideChain/pow/pow.go:422: difficulty:  520095999
2019-04-10 15:47:11.517 [INF] BCDB /go/src/github.com/elastos/Elastos.ELA.SideChain.ID/vendor/github.com/elastos/Elastos.ELA.SideChain/blockchain/blockchain.go:1032: current height ->  229
2019-04-10 15:47:12.383 [INF] MINR /go/src/github.com/elastos/Elastos.ELA.SideChain.ID/vendor/github.com/elastos/Elastos.ELA.SideChain/pow/pow.go:422: difficulty:  520095999
2019-04-10 15:47:13.343 [INF] SPVS /go/src/github.com/elastos/Elastos.ELA.SideChain.ID/vendor/github.com/elastos/Elastos.ELA.SPV/sync/manager.go:413: Received block d86c6304861c9d5d27a4fab5cae9d8d9a61cf9c399ea72ba213f238cba6d7ed1 at height 340
2019-04-10 15:47:17.749 [INF] SPVS /go/src/github.com/elastos/Elastos.ELA.SideChain.ID/vendor/github.com/elastos/Elastos.ELA.SPV/sync/manager.go:413: Received block 24ce4c046fac745572b396805298de0c9244e6f7c5317bf4f72b07cfb1d9f60e at height 341
2019-04-10 15:47:21.660 [INF] BCDB /go/src/github.com/elastos/Elastos.ELA.SideChain.ID/vendor/github.com/elastos/Elastos.ELA.SideChain/blockchain/blockchain.go:1032: current height ->  230
2019-04-10 15:47:22.108 [INF] MINR /go/src/github.com/elastos/Elastos.ELA.SideChain.ID/vendor/github.com/elastos/Elastos.ELA.SideChain/pow/pow.go:298: <================POW Mining==============>

2019-04-10 15:47:22.109 [INF] MINR /go/src/github.com/elastos/Elastos.ELA.SideChain.ID/vendor/github.com/elastos/Elastos.ELA.SideChain/pow/pow.go:422: difficulty:  520095999
2019-04-10 15:47:28.878 [INF] BCDB /go/src/github.com/elastos/Elastos.ELA.SideChain.ID/vendor/github.com/elastos/Elastos.ELA.SideChain/blockchain/blockchain.go:1032: current height ->  231
2019-04-10 15:47:35.597 [INF] SPVS /go/src/github.com/elastos/Elastos.ELA.SideChain.ID/vendor/github.com/elastos/Elastos.ELA.SPV/sync/manager.go:413: Received block ab7af3622901406ffde2dde7362e0b8e13baa1fa6baa778f46ab1f0b953fffe2 at height 342
2019-04-10 15:47:37.083 [INF] MINR /go/src/github.com/elastos/Elastos.ELA.SideChain.ID/vendor/github.com/elastos/Elastos.ELA.SideChain/pow/pow.go:298: <================POW Mining==============>

2019-04-10 15:47:37.087 [INF] MINR /go/src/github.com/elastos/Elastos.ELA.SideChain.ID/vendor/github.com/elastos/Elastos.ELA.SideChain/pow/pow.go:422: difficulty:  520095999
2019-04-10 15:47:37.111 [INF] STAT: -> 231 [229 172.18.0.17:46256 (inbound), 231 172.18.0.15:40858 (inbound), 231 172.18.0.19:37864 (inbound)]
2019-04-10 15:47:40.359 [INF] SPVS /go/src/github.com/elastos/Elastos.ELA.SideChain.ID/vendor/github.com/elastos/Elastos.ELA.SPV/sync/manager.go:413: Received block f882575b3b39d0973d0b73513b10a635d3fccf2cceea11264486595369f9571b at height 343
2019-04-10 15:47:40.803 [INF] MINR /go/src/github.com/elastos/Elastos.ELA.SideChain.ID/vendor/github.com/elastos/Elastos.ELA.SideChain/pow/pow.go:422: difficulty:  520095999
2019-04-10 15:47:41.106 [INF] SPVS /go/src/github.com/elastos/Elastos.ELA.SideChain.ID/vendor/github.com/elastos/Elastos.ELA.SPV/sync/manager.go:413: Received block de88324d0888393f806e77678fec79e22e8174f7c4c8cb43f4c7ffe1108d3780 at height 344
2019-04-10 15:47:42.433 [INF] BCDB /go/src/github.com/elastos/Elastos.ELA.SideChain.ID/vendor/github.com/elastos/Elastos.ELA.SideChain/blockchain/blockchain.go:1032: current height ->  232
2019-04-10 15:47:43.490 [INF] MINR /go/src/github.com/elastos/Elastos.ELA.SideChain.ID/vendor/github.com/elastos/Elastos.ELA.SideChain/pow/pow.go:298: <================POW Mining==============>

2019-04-10 15:47:43.490 [INF] MINR /go/src/github.com/elastos/Elastos.ELA.SideChain.ID/vendor/github.com/elastos/Elastos.ELA.SideChain/pow/pow.go:422: difficulty:  520095999
2019-04-10 15:47:49.641 [INF] SPVS /go/src/github.com/elastos/Elastos.ELA.SideChain.ID/vendor/github.com/elastos/Elastos.ELA.SPV/sync/manager.go:413: Received block 6695d4386f2aa030d6768118efe31331938aee846f0a74ba0ec108d7bc8e5c48 at height 345
2019-04-10 15:47:52.041 [INF] SPVS /go/src/github.com/elastos/Elastos.ELA.SideChain.ID/vendor/github.com/elastos/Elastos.ELA.SPV/sync/manager.go:413: Received block 632522b3f863180bafcd60fae93c115965def7f3a94635ad503dbbdf51469742 at height 346
2019-04-10 15:48:09.465 [INF] SPVS /go/src/github.com/elastos/Elastos.ELA.SideChain.ID/vendor/github.com/elastos/Elastos.ELA.SPV/sync/manager.go:413: Received block 574daaa597b49c361f1c5db1d078299ab694b2f40621cfb875289742ff591228 at height 347
2019-04-10 15:48:10.226 [INF] MINR /go/src/github.com/elastos/Elastos.ELA.SideChain.ID/vendor/github.com/elastos/Elastos.ELA.SideChain/pow/pow.go:422: difficulty:  520095999
2019-04-10 15:48:13.880 [INF] SPVS /go/src/github.com/elastos/Elastos.ELA.SideChain.ID/vendor/github.com/elastos/Elastos.ELA.SPV/sync/manager.go:413: Received block b93c0a037cb6b5b89a384e48b30635feadff42bbca34c9246f979fca3ab4e85d at height 348
2019-04-10 15:48:14.024 [INF] SYNC /go/src/github.com/elastos/Elastos.ELA.SideChain.ID/vendor/github.com/elastos/Elastos.ELA.SideChain/netsync/manager.go:248: Lost peer 172.18.0.17:46256 (inbound)
2019-04-10 15:48:19.031 [INF] SYNC /go/src/github.com/elastos/Elastos.ELA.SideChain.ID/vendor/github.com/elastos/Elastos.ELA.SideChain/netsync/manager.go:218: New valid peer 172.18.0.17:50078 (inbound)
2019-04-10 15:48:19.926 [INF] SPVS /go/src/github.com/elastos/Elastos.ELA.SideChain.ID/vendor/github.com/elastos/Elastos.ELA.SPV/sync/manager.go:413: Received block ccc0dc945b99bd4997355f568526ae5f13efa79ea8ad3df1da72af5c3b524446 at height 349
2019-04-10 15:48:25.910 [INF] BCDB /go/src/github.com/elastos/Elastos.ELA.SideChain.ID/vendor/github.com/elastos/Elastos.ELA.SideChain/blockchain/blockchain.go:1032: current height ->  233
2019-04-10 15:48:30.600 [INF] MINR /go/src/github.com/elastos/Elastos.ELA.SideChain.ID/vendor/github.com/elastos/Elastos.ELA.SideChain/pow/pow.go:298: <================POW Mining==============>

2019-04-10 15:48:30.612 [INF] MINR /go/src/github.com/elastos/Elastos.ELA.SideChain.ID/vendor/github.com/elastos/Elastos.ELA.SideChain/pow/pow.go:422: difficulty:  520095999
2019-04-10 15:48:36.777 [INF] BCDB /go/src/github.com/elastos/Elastos.ELA.SideChain.ID/vendor/github.com/elastos/Elastos.ELA.SideChain/blockchain/blockchain.go:1032: current height ->  234
2019-04-10 15:48:36.777 [INF] MINR /go/src/github.com/elastos/Elastos.ELA.SideChain.ID/vendor/github.com/elastos/Elastos.ELA.SideChain/pow/pow.go:298: <================POW Mining==============>

2019-04-10 15:48:36.777 [INF] MINR /go/src/github.com/elastos/Elastos.ELA.SideChain.ID/vendor/github.com/elastos/Elastos.ELA.SideChain/pow/pow.go:422: difficulty:  520095999
2019-04-10 15:48:37.113 [INF] STAT: -> 234 [232 172.18.0.17:50078 (inbound), 233 172.18.0.15:40858 (inbound), 233 172.18.0.19:37864 (inbound)]
2019-04-10 15:48:47.165 [INF] SPVS /go/src/github.com/elastos/Elastos.ELA.SideChain.ID/vendor/github.com/elastos/Elastos.ELA.SPV/sync/manager.go:413: Received block a5e6f4ff8ae11f90b12c9302c76b14d39730deb34570da2c8c8258ed140c55ac at height 350
2019-04-10 15:48:49.797 [INF] SPVS /go/src/github.com/elastos/Elastos.ELA.SideChain.ID/vendor/github.com/elastos/Elastos.ELA.SPV/sync/manager.go:413: Received block cc58d6eb5b752c9604ed055eeef31f01d8091466dbac83b8e25c3c0d67e2b004 at height 351
2019-04-10 15:48:50.580 [INF] MINR /go/src/github.com/elastos/Elastos.ELA.SideChain.ID/vendor/github.com/elastos/Elastos.ELA.SideChain/pow/pow.go:422: difficulty:  520095999
2019-04-10 15:48:54.234 [INF] SPVS /go/src/github.com/elastos/Elastos.ELA.SideChain.ID/vendor/github.com/elastos/Elastos.ELA.SPV/sync/manager.go:413: Received block 4703ff12b3701fb8386776619be342d5499497b2b72871454e62cf23c9d73bd8 at height 352
2019-04-10 15:48:57.352 [INF] SPVS /go/src/github.com/elastos/Elastos.ELA.SideChain.ID/vendor/github.com/elastos/Elastos.ELA.SPV/sync/manager.go:413: Received block 9d7ebe0948ebd58a834486ad94b3ce5a81d109c3dd01c872e325593ca5e15bd2 at height 353
2019-04-10 15:49:01.784 [INF] BCDB /go/src/github.com/elastos/Elastos.ELA.SideChain.ID/vendor/github.com/elastos/Elastos.ELA.SideChain/blockchain/blockchain.go:1032: current height ->  235
2019-04-10 15:49:05.541 [INF] MINR /go/src/github.com/elastos/Elastos.ELA.SideChain.ID/vendor/github.com/elastos/Elastos.ELA.SideChain/pow/pow.go:298: <================POW Mining==============>

2019-04-10 15:49:05.556 [INF] MINR /go/src/github.com/elastos/Elastos.ELA.SideChain.ID/vendor/github.com/elastos/Elastos.ELA.SideChain/pow/pow.go:422: difficulty:  520095999
2019-04-10 15:49:06.374 [INF] BCDB /go/src/github.com/elastos/Elastos.ELA.SideChain.ID/vendor/github.com/elastos/Elastos.ELA.SideChain/blockchain/blockchain.go:1032: current height ->  236
2019-04-10 15:49:06.374 [INF] MINR /go/src/github.com/elastos/Elastos.ELA.SideChain.ID/vendor/github.com/elastos/Elastos.ELA.SideChain/pow/pow.go:298: <================POW Mining==============>

2019-04-10 15:49:06.374 [INF] MINR /go/src/github.com/elastos/Elastos.ELA.SideChain.ID/vendor/github.com/elastos/Elastos.ELA.SideChain/pow/pow.go:422: difficulty:  520095999
2019-04-10 15:49:11.062 [INF] SPVS /go/src/github.com/elastos/Elastos.ELA.SideChain.ID/vendor/github.com/elastos/Elastos.ELA.SPV/sync/manager.go:413: Received block b75fb21cf823a930141d7f338c33114fcd900b8ee06aac67f8717a839d955288 at height 354
2019-04-10 15:49:15.621 [INF] BCDB /go/src/github.com/elastos/Elastos.ELA.SideChain.ID/vendor/github.com/elastos/Elastos.ELA.SideChain/blockchain/blockchain.go:1032: current height ->  237
2019-04-10 15:49:18.765 [INF] BCDB /go/src/github.com/elastos/Elastos.ELA.SideChain.ID/vendor/github.com/elastos/Elastos.ELA.SideChain/blockchain/blockchain.go:1032: current height ->  238
2019-04-10 15:49:20.672 [INF] MINR /go/src/github.com/elastos/Elastos.ELA.SideChain.ID/vendor/github.com/elastos/Elastos.ELA.SideChain/pow/pow.go:298: <================POW Mining==============>

2019-04-10 15:49:20.672 [INF] MINR /go/src/github.com/elastos/Elastos.ELA.SideChain.ID/vendor/github.com/elastos/Elastos.ELA.SideChain/pow/pow.go:422: difficulty:  520095999
2019-04-10 15:49:20.847 [INF] SPVS /go/src/github.com/elastos/Elastos.ELA.SideChain.ID/vendor/github.com/elastos/Elastos.ELA.SPV/sync/manager.go:413: Received block bfef76a9c6019e077e6f96072503229447b977b20c1eee4ec1491f0c5b465c60 at height 355
2019-04-10 15:49:20.914 [INF] MINR /go/src/github.com/elastos/Elastos.ELA.SideChain.ID/vendor/github.com/elastos/Elastos.ELA.SideChain/pow/pow.go:422: difficulty:  520095999
2019-04-10 15:49:22.992 [INF] BCDB /go/src/github.com/elastos/Elastos.ELA.SideChain.ID/vendor/github.com/elastos/Elastos.ELA.SideChain/blockchain/blockchain.go:1032: current height ->  239
2019-04-10 15:49:23.560 [INF] MINR /go/src/github.com/elastos/Elastos.ELA.SideChain.ID/vendor/github.com/elastos/Elastos.ELA.SideChain/pow/pow.go:422: difficulty:  520095999
2019-04-10 15:49:28.001 [INF] SPVS /go/src/github.com/elastos/Elastos.ELA.SideChain.ID/vendor/github.com/elastos/Elastos.ELA.SPV/sync/manager.go:413: Received block 2b90661b50053f4e5293b9180c2612a86cb80d2982d199e8fbfd6879d43205f4 at height 356
2019-04-10 15:49:28.772 [INF] BCDB /go/src/github.com/elastos/Elastos.ELA.SideChain.ID/vendor/github.com/elastos/Elastos.ELA.SideChain/blockchain/blockchain.go:1032: current height ->  240
2019-04-10 15:49:37.085 [INF] MINR /go/src/github.com/elastos/Elastos.ELA.SideChain.ID/vendor/github.com/elastos/Elastos.ELA.SideChain/pow/pow.go:298: <================POW Mining==============>

2019-04-10 15:49:37.089 [INF] MINR /go/src/github.com/elastos/Elastos.ELA.SideChain.ID/vendor/github.com/elastos/Elastos.ELA.SideChain/pow/pow.go:422: difficulty:  520095999
2019-04-10 15:49:37.116 [INF] STAT: -> 240 [240 172.18.0.19:37864 (inbound), 238 172.18.0.17:50078 (inbound), 240 172.18.0.15:40858 (inbound)]
2019-04-10 15:49:37.769 [INF] SPVS /go/src/github.com/elastos/Elastos.ELA.SideChain.ID/vendor/github.com/elastos/Elastos.ELA.SPV/sync/manager.go:413: Received block c17d9cac7131da69d9ac00ca82f2d6ad0dcbbe427622f88a4ecc1d5153ea1dfd at height 357
2019-04-10 15:49:39.706 [INF] BCDB /go/src/github.com/elastos/Elastos.ELA.SideChain.ID/vendor/github.com/elastos/Elastos.ELA.SideChain/blockchain/blockchain.go:1032: current height ->  241
2019-04-10 15:49:39.709 [INF] MINR /go/src/github.com/elastos/Elastos.ELA.SideChain.ID/vendor/github.com/elastos/Elastos.ELA.SideChain/pow/pow.go:298: <================POW Mining==============>

2019-04-10 15:49:39.710 [INF] MINR /go/src/github.com/elastos/Elastos.ELA.SideChain.ID/vendor/github.com/elastos/Elastos.ELA.SideChain/pow/pow.go:422: difficulty:  520095999
2019-04-10 15:49:43.914 [INF] SPVS /go/src/github.com/elastos/Elastos.ELA.SideChain.ID/vendor/github.com/elastos/Elastos.ELA.SPV/sync/manager.go:413: Received block 13c4585d71bbee317f1239f642dd48b995661ecf3796d863384a80b01d0efc6b at height 358
2019-04-10 15:49:48.193 [INF] BCDB /go/src/github.com/elastos/Elastos.ELA.SideChain.ID/vendor/github.com/elastos/Elastos.ELA.SideChain/blockchain/blockchain.go:1032: current height ->  242
2019-04-10 15:49:48.193 [INF] MINR /go/src/github.com/elastos/Elastos.ELA.SideChain.ID/vendor/github.com/elastos/Elastos.ELA.SideChain/pow/pow.go:298: <================POW Mining==============>

2019-04-10 15:49:48.194 [INF] MINR /go/src/github.com/elastos/Elastos.ELA.SideChain.ID/vendor/github.com/elastos/Elastos.ELA.SideChain/pow/pow.go:422: difficulty:  520095999
2019-04-10 15:49:49.031 [INF] SPVS /go/src/github.com/elastos/Elastos.ELA.SideChain.ID/vendor/github.com/elastos/Elastos.ELA.SPV/sync/manager.go:413: Received block 526aa789e59f0951b95374672063ada52ad5f81ccab2612afe5230e5cdad0307 at height 359
2019-04-10 15:49:49.408 [INF] MINR /go/src/github.com/elastos/Elastos.ELA.SideChain.ID/vendor/github.com/elastos/Elastos.ELA.SideChain/pow/pow.go:422: difficulty:  520095999
2019-04-10 15:49:56.774 [INF] SPVS /go/src/github.com/elastos/Elastos.ELA.SideChain.ID/vendor/github.com/elastos/Elastos.ELA.SPV/sync/manager.go:413: Received block 41963c8be13a1b4bb451f09a173484937b599c8742f102bac7f884746b31bd44 at height 360
2019-04-10 15:50:04.461 [INF] BCDB /go/src/github.com/elastos/Elastos.ELA.SideChain.ID/vendor/github.com/elastos/Elastos.ELA.SideChain/blockchain/blockchain.go:1032: current height ->  243
2019-04-10 15:50:06.777 [INF] SPVS /go/src/github.com/elastos/Elastos.ELA.SideChain.ID/vendor/github.com/elastos/Elastos.ELA.SPV/sync/manager.go:413: Received block 84cc3aef91a6f3a5118228b3facc4904bce8d9daad01c8cc27b64ca805c27eca at height 361
2019-04-10 15:50:07.081 [INF] MINR /go/src/github.com/elastos/Elastos.ELA.SideChain.ID/vendor/github.com/elastos/Elastos.ELA.SideChain/pow/pow.go:298: <================POW Mining==============>

2019-04-10 15:50:07.085 [INF] MINR /go/src/github.com/elastos/Elastos.ELA.SideChain.ID/vendor/github.com/elastos/Elastos.ELA.SideChain/pow/pow.go:422: difficulty:  520095999
