2019-04-23 17:49:57.173 [INF] ELAD /home/kpachhai/dev/src/github.com/elastos/Elastos.ELA.SideChain.ID/main.go:59: Node version: v0.1.1
2019-04-23 17:49:57.175 [INF] ELAD /home/kpachhai/dev/src/github.com/elastos/Elastos.ELA.SideChain.ID/main.go:60: go version go1.11.5 linux/amd64
2019-04-23 17:49:57.175 [INF] ELAD /home/kpachhai/dev/src/github.com/elastos/Elastos.ELA.SideChain.ID/main.go:70: 1. BlockChain init
2019-04-23 17:49:57.249 [INF] ELAD /home/kpachhai/dev/src/github.com/elastos/Elastos.ELA.SideChain.ID/main.go:79: 2. SPV module init
2019-04-23 17:49:57.366 [INF] SPVS /home/kpachhai/dev/src/github.com/elastos/Elastos.ELA.SideChain.ID/vendor/github.com/elastos/Elastos.ELA.SPV/sdk/service.go:462: SPV service started...
2019-04-23 17:49:57.369 [INF] SPVS /home/kpachhai/dev/src/github.com/elastos/Elastos.ELA.SideChain.ID/vendor/github.com/elastos/Elastos.ELA.SPV/sync/manager.go:238: New valid peer 127.0.0.1:10015 (outbound)
2019-04-23 17:49:57.369 [INF] SPVS /home/kpachhai/dev/src/github.com/elastos/Elastos.ELA.SideChain.ID/vendor/github.com/elastos/Elastos.ELA.SPV/sync/manager.go:192: Syncing to block height 303 from peer 127.0.0.1:10015
2019-04-23 17:49:57.373 [INF] ELAD /home/kpachhai/dev/src/github.com/elastos/Elastos.ELA.SideChain.ID/main.go:136: 3. Start the P2P networks
2019-04-23 17:49:57.376 [INF] ELAD /home/kpachhai/dev/src/github.com/elastos/Elastos.ELA.SideChain.ID/main.go:145: 4. --Initialize pow service
2019-04-23 17:49:57.393 [INF] ELAD /home/kpachhai/dev/src/github.com/elastos/Elastos.ELA.SideChain.ID/main.go:161: Start POW Services
2019-04-23 17:49:57.393 [INF] ELAD /home/kpachhai/dev/src/github.com/elastos/Elastos.ELA.SideChain.ID/main.go:165: 5. --Start the RPC service
2019-04-23 17:49:57.392 [INF] SPVS /home/kpachhai/dev/src/github.com/elastos/Elastos.ELA.SideChain.ID/vendor/github.com/elastos/Elastos.ELA.SPV/sync/manager.go:238: New valid peer 127.0.0.1:10215 (outbound)
2019-04-23 17:49:57.414 [INF] MINR /home/kpachhai/dev/src/github.com/elastos/Elastos.ELA.SideChain.ID/vendor/github.com/elastos/Elastos.ELA.SideChain/pow/pow.go:298: <================POW Mining==============>

2019-04-23 17:49:57.414 [INF] MINR /home/kpachhai/dev/src/github.com/elastos/Elastos.ELA.SideChain.ID/vendor/github.com/elastos/Elastos.ELA.SideChain/pow/pow.go:422: difficulty:  520095999
2019-04-23 17:49:57.414 [INF] SPVS /home/kpachhai/dev/src/github.com/elastos/Elastos.ELA.SideChain.ID/vendor/github.com/elastos/Elastos.ELA.SPV/sync/manager.go:238: New valid peer 127.0.0.1:10415 (outbound)
2019-04-23 17:49:57.452 [INF] SPVS /home/kpachhai/dev/src/github.com/elastos/Elastos.ELA.SideChain.ID/vendor/github.com/elastos/Elastos.ELA.SPV/sync/manager.go:238: New valid peer 127.0.0.1:10315 (outbound)
2019-04-23 17:49:57.470 [INF] SPVS /home/kpachhai/dev/src/github.com/elastos/Elastos.ELA.SideChain.ID/vendor/github.com/elastos/Elastos.ELA.SPV/sync/manager.go:238: New valid peer 127.0.0.1:10115 (outbound)
2019-04-23 17:49:57.529 [INF] SPVS /home/kpachhai/dev/src/github.com/elastos/Elastos.ELA.SideChain.ID/vendor/github.com/elastos/Elastos.ELA.SPV/sync/manager.go:413: Received block f960b85b1c4e1c6b27d798cab528e47d05ebca3515a33b50e525a50b40ace725 at height 300
2019-04-23 17:49:57.529 [INF] SPVS /home/kpachhai/dev/src/github.com/elastos/Elastos.ELA.SideChain.ID/vendor/github.com/elastos/Elastos.ELA.SPV/sync/manager.go:413: Received block 1ff7f8e30011bb17904c8e0150087c2034288409a0a11b03c26a80ffad70eb95 at height 301
2019-04-23 17:49:57.529 [INF] SPVS /home/kpachhai/dev/src/github.com/elastos/Elastos.ELA.SideChain.ID/vendor/github.com/elastos/Elastos.ELA.SPV/sync/manager.go:413: Received block f351e9eb1e7562b7a32cd1f4f0bd7d4ba8c4caa33513c8a9d8506787cef59ae2 at height 302
2019-04-23 17:49:57.529 [INF] SPVS /home/kpachhai/dev/src/github.com/elastos/Elastos.ELA.SideChain.ID/vendor/github.com/elastos/Elastos.ELA.SPV/sync/manager.go:413: Received block 2b5b9bc3d2a76ab72a322dca4fd15de9811c82f987af025bb35ec84ac60ce9ff at height 303
2019-04-23 17:49:59.427 [INF] SYNC /home/kpachhai/dev/src/github.com/elastos/Elastos.ELA.SideChain.ID/vendor/github.com/elastos/Elastos.ELA.SideChain/netsync/manager.go:218: New valid peer 127.0.0.1:42642 (inbound)
2019-04-23 17:49:59.435 [INF] SYNC /home/kpachhai/dev/src/github.com/elastos/Elastos.ELA.SideChain.ID/vendor/github.com/elastos/Elastos.ELA.SideChain/netsync/manager.go:187: Syncing to block height 162 from peer 127.0.0.1:42642
2019-04-23 17:50:00.833 [INF] SYNC /home/kpachhai/dev/src/github.com/elastos/Elastos.ELA.SideChain.ID/vendor/github.com/elastos/Elastos.ELA.SideChain/netsync/manager.go:218: New valid peer 127.0.0.1:42674 (inbound)
2019-04-23 17:50:03.169 [INF] SYNC /home/kpachhai/dev/src/github.com/elastos/Elastos.ELA.SideChain.ID/vendor/github.com/elastos/Elastos.ELA.SideChain/netsync/manager.go:218: New valid peer 127.0.0.1:42700 (inbound)
2019-04-23 17:50:04.686 [INF] SPVS /home/kpachhai/dev/src/github.com/elastos/Elastos.ELA.SideChain.ID/vendor/github.com/elastos/Elastos.ELA.SPV/sync/manager.go:413: Received block 805903a9543435b69a7906befb7d2efa2fd33c0d2893ee2fa542083867dd36bd at height 304
2019-04-23 17:50:06.094 [INF] BCDB /home/kpachhai/dev/src/github.com/elastos/Elastos.ELA.SideChain.ID/vendor/github.com/elastos/Elastos.ELA.SideChain/blockchain/blockchain.go:1032: current height ->  163
2019-04-23 17:50:06.094 [INF] MINR /home/kpachhai/dev/src/github.com/elastos/Elastos.ELA.SideChain.ID/vendor/github.com/elastos/Elastos.ELA.SideChain/pow/pow.go:298: <================POW Mining==============>

2019-04-23 17:50:06.108 [INF] MINR /home/kpachhai/dev/src/github.com/elastos/Elastos.ELA.SideChain.ID/vendor/github.com/elastos/Elastos.ELA.SideChain/pow/pow.go:422: difficulty:  520095999
2019-04-23 17:50:09.716 [INF] SPVS /home/kpachhai/dev/src/github.com/elastos/Elastos.ELA.SideChain.ID/vendor/github.com/elastos/Elastos.ELA.SPV/sync/manager.go:413: Received block 0954860602846da8d1b6395130d4312cbb3ebe68af57715531ef12d53e0f4b19 at height 305
2019-04-23 17:50:13.937 [INF] SPVS /home/kpachhai/dev/src/github.com/elastos/Elastos.ELA.SideChain.ID/vendor/github.com/elastos/Elastos.ELA.SPV/sync/manager.go:413: Received block f14df652e7913858d9b7d44be944c8344ea21a1f99eff355747257d48c80726d at height 306
2019-04-23 17:50:16.425 [INF] SPVS /home/kpachhai/dev/src/github.com/elastos/Elastos.ELA.SideChain.ID/vendor/github.com/elastos/Elastos.ELA.SPV/sync/manager.go:413: Received block 4474b5babaf0a5db534f4b308151d7a14eb406e2585ebacc39eb4fcea6e62af6 at height 307
2019-04-23 17:50:20.637 [INF] SPVS /home/kpachhai/dev/src/github.com/elastos/Elastos.ELA.SideChain.ID/vendor/github.com/elastos/Elastos.ELA.SPV/sync/manager.go:413: Received block a21d0b8d40bf43d47f05380f1b7cae5228987193d49b3d01a1fad4aa5c3f28ed at height 308
2019-04-23 17:50:22.759 [INF] BCDB /home/kpachhai/dev/src/github.com/elastos/Elastos.ELA.SideChain.ID/vendor/github.com/elastos/Elastos.ELA.SideChain/blockchain/blockchain.go:1032: current height ->  164
2019-04-23 17:50:23.036 [INF] SPVS /home/kpachhai/dev/src/github.com/elastos/Elastos.ELA.SideChain.ID/vendor/github.com/elastos/Elastos.ELA.SPV/sync/manager.go:413: Received block 39435412bf9265062815d1927651283e03225e8b93815c4563a0b55b7f4f48f5 at height 309
2019-04-23 17:50:26.858 [INF] SPVS /home/kpachhai/dev/src/github.com/elastos/Elastos.ELA.SideChain.ID/vendor/github.com/elastos/Elastos.ELA.SPV/sync/manager.go:413: Received block 5befbcdf6aa3e148c56f00cc16a1cc83505d14cc20a27b4c16cb58618200f10b at height 310
2019-04-23 17:50:26.864 [INF] MINR /home/kpachhai/dev/src/github.com/elastos/Elastos.ELA.SideChain.ID/vendor/github.com/elastos/Elastos.ELA.SideChain/pow/pow.go:422: difficulty:  520095999
2019-04-23 17:50:27.441 [INF] MINR /home/kpachhai/dev/src/github.com/elastos/Elastos.ELA.SideChain.ID/vendor/github.com/elastos/Elastos.ELA.SideChain/pow/pow.go:298: <================POW Mining==============>

2019-04-23 17:50:27.441 [INF] MINR /home/kpachhai/dev/src/github.com/elastos/Elastos.ELA.SideChain.ID/vendor/github.com/elastos/Elastos.ELA.SideChain/pow/pow.go:422: difficulty:  520095999
2019-04-23 17:50:33.790 [INF] BCDB /home/kpachhai/dev/src/github.com/elastos/Elastos.ELA.SideChain.ID/vendor/github.com/elastos/Elastos.ELA.SideChain/blockchain/blockchain.go:1032: current height ->  165
2019-04-23 17:50:34.139 [INF] MINR /home/kpachhai/dev/src/github.com/elastos/Elastos.ELA.SideChain.ID/vendor/github.com/elastos/Elastos.ELA.SideChain/pow/pow.go:422: difficulty:  520095999
2019-04-23 17:50:42.423 [INF] MINR /home/kpachhai/dev/src/github.com/elastos/Elastos.ELA.SideChain.ID/vendor/github.com/elastos/Elastos.ELA.SideChain/pow/pow.go:298: <================POW Mining==============>

2019-04-23 17:50:42.423 [INF] MINR /home/kpachhai/dev/src/github.com/elastos/Elastos.ELA.SideChain.ID/vendor/github.com/elastos/Elastos.ELA.SideChain/pow/pow.go:422: difficulty:  520095999
2019-04-23 17:50:46.340 [INF] BCDB /home/kpachhai/dev/src/github.com/elastos/Elastos.ELA.SideChain.ID/vendor/github.com/elastos/Elastos.ELA.SideChain/blockchain/blockchain.go:1032: current height ->  166
2019-04-23 17:50:46.340 [INF] MINR /home/kpachhai/dev/src/github.com/elastos/Elastos.ELA.SideChain.ID/vendor/github.com/elastos/Elastos.ELA.SideChain/pow/pow.go:298: <================POW Mining==============>

2019-04-23 17:50:46.341 [INF] MINR /home/kpachhai/dev/src/github.com/elastos/Elastos.ELA.SideChain.ID/vendor/github.com/elastos/Elastos.ELA.SideChain/pow/pow.go:422: difficulty:  520095999
2019-04-23 17:50:47.251 [INF] MINR /home/kpachhai/dev/src/github.com/elastos/Elastos.ELA.SideChain.ID/vendor/github.com/elastos/Elastos.ELA.SideChain/pow/pow.go:422: difficulty:  520095999
2019-04-23 17:50:48.776 [INF] SPVS /home/kpachhai/dev/src/github.com/elastos/Elastos.ELA.SideChain.ID/vendor/github.com/elastos/Elastos.ELA.SPV/sync/manager.go:413: Received block bda774d50e0f18ef62a5786852f56d65192bae3abaf2c98f05dcd009eca1799f at height 311
2019-04-23 17:50:54.296 [INF] BCDB /home/kpachhai/dev/src/github.com/elastos/Elastos.ELA.SideChain.ID/vendor/github.com/elastos/Elastos.ELA.SideChain/blockchain/blockchain.go:1032: current height ->  167
2019-04-23 17:50:54.763 [INF] SPVS /home/kpachhai/dev/src/github.com/elastos/Elastos.ELA.SideChain.ID/vendor/github.com/elastos/Elastos.ELA.SPV/sync/manager.go:413: Received block 8e4599d7331802d59021167c3bb2e61f7bb084ba6f0f084d1e16ddc03a17c6e2 at height 312
2019-04-23 17:50:57.394 [INF] STAT: -> 167 [164 127.0.0.1:42674 (inbound), 164 127.0.0.1:42700 (inbound), 164 127.0.0.1:42642 (inbound)]
2019-04-23 17:50:57.436 [INF] MINR /home/kpachhai/dev/src/github.com/elastos/Elastos.ELA.SideChain.ID/vendor/github.com/elastos/Elastos.ELA.SideChain/pow/pow.go:298: <================POW Mining==============>

2019-04-23 17:50:57.437 [INF] MINR /home/kpachhai/dev/src/github.com/elastos/Elastos.ELA.SideChain.ID/vendor/github.com/elastos/Elastos.ELA.SideChain/pow/pow.go:422: difficulty:  520095999
2019-04-23 17:50:59.531 [INF] SPVS /home/kpachhai/dev/src/github.com/elastos/Elastos.ELA.SideChain.ID/vendor/github.com/elastos/Elastos.ELA.SPV/sync/manager.go:413: Received block d77a43c6ead4b5de592c1bbe728bae4f40c82d8c068fa24c0fe0111ce07cae43 at height 313
2019-04-23 17:51:05.562 [INF] SPVS /home/kpachhai/dev/src/github.com/elastos/Elastos.ELA.SideChain.ID/vendor/github.com/elastos/Elastos.ELA.SPV/sync/manager.go:413: Received block bf8027530061c068981f545dcc1911fcf1dd852587703723db2cacdcc5478790 at height 314
2019-04-23 17:51:05.716 [INF] MINR /home/kpachhai/dev/src/github.com/elastos/Elastos.ELA.SideChain.ID/vendor/github.com/elastos/Elastos.ELA.SideChain/pow/pow.go:422: difficulty:  520095999
2019-04-23 17:51:16.539 [INF] SPVS /home/kpachhai/dev/src/github.com/elastos/Elastos.ELA.SideChain.ID/vendor/github.com/elastos/Elastos.ELA.SPV/sync/manager.go:413: Received block b24649f5f859d0cf9347a2cd9bbd7af9f80ee61f7092ca45a9f7213156f6682a at height 315
2019-04-23 17:51:18.083 [INF] SPVS /home/kpachhai/dev/src/github.com/elastos/Elastos.ELA.SideChain.ID/vendor/github.com/elastos/Elastos.ELA.SPV/sync/manager.go:413: Received block 91933c422f4d3345b8db8934cf58edcbf0035493d0c840f1b6d058c23f573e75 at height 316
2019-04-23 17:51:27.649 [INF] SPVS /home/kpachhai/dev/src/github.com/elastos/Elastos.ELA.SideChain.ID/vendor/github.com/elastos/Elastos.ELA.SPV/sync/manager.go:413: Received block d259cd7182a9d7305b79dd1eebc06fc03f43a160e1ce2c13e7293990d4976666 at height 317
2019-04-23 17:51:29.427 [INF] SYNC /home/kpachhai/dev/src/github.com/elastos/Elastos.ELA.SideChain.ID/vendor/github.com/elastos/Elastos.ELA.SideChain/netsync/manager.go:248: Lost peer 127.0.0.1:42642 (inbound)
2019-04-23 17:51:29.450 [INF] SYNC /home/kpachhai/dev/src/github.com/elastos/Elastos.ELA.SideChain.ID/vendor/github.com/elastos/Elastos.ELA.SideChain/netsync/manager.go:187: Syncing to block height 167 from peer 127.0.0.1:42674
2019-04-23 17:51:29.876 [INF] BCDB /home/kpachhai/dev/src/github.com/elastos/Elastos.ELA.SideChain.ID/vendor/github.com/elastos/Elastos.ELA.SideChain/blockchain/blockchain.go:1032: current height ->  168
2019-04-23 17:51:30.944 [INF] SYNC /home/kpachhai/dev/src/github.com/elastos/Elastos.ELA.SideChain.ID/vendor/github.com/elastos/Elastos.ELA.SideChain/netsync/manager.go:248: Lost peer 127.0.0.1:42674 (inbound)
2019-04-23 17:51:30.944 [WRN] SYNC /home/kpachhai/dev/src/github.com/elastos/Elastos.ELA.SideChain.ID/vendor/github.com/elastos/Elastos.ELA.SideChain/netsync/manager.go:193: No sync peer candidates available
2019-04-23 17:51:32.342 [INF] SPVS /home/kpachhai/dev/src/github.com/elastos/Elastos.ELA.SideChain.ID/vendor/github.com/elastos/Elastos.ELA.SPV/sync/manager.go:413: Received block 79921cebb3a844295ab07548fc7074d8234d2ccf83cbc698d0c1e31b24817c31 at height 318
2019-04-23 17:51:33.378 [INF] MINR /home/kpachhai/dev/src/github.com/elastos/Elastos.ELA.SideChain.ID/vendor/github.com/elastos/Elastos.ELA.SideChain/pow/pow.go:422: difficulty:  520095999
2019-04-23 17:51:34.431 [INF] BCDB /home/kpachhai/dev/src/github.com/elastos/Elastos.ELA.SideChain.ID/vendor/github.com/elastos/Elastos.ELA.SideChain/blockchain/blockchain.go:1032: current height ->  169
2019-04-23 17:51:34.964 [INF] MINR /home/kpachhai/dev/src/github.com/elastos/Elastos.ELA.SideChain.ID/vendor/github.com/elastos/Elastos.ELA.SideChain/pow/pow.go:422: difficulty:  520095999
2019-04-23 17:51:38.865 [INF] SPVS /home/kpachhai/dev/src/github.com/elastos/Elastos.ELA.SideChain.ID/vendor/github.com/elastos/Elastos.ELA.SPV/sync/manager.go:413: Received block 794ba8c3d401d78ffeb5c44db79c88df5426e5262c7b78962d6fcdbd476c1607 at height 319
2019-04-23 17:51:41.735 [INF] BCDB /home/kpachhai/dev/src/github.com/elastos/Elastos.ELA.SideChain.ID/vendor/github.com/elastos/Elastos.ELA.SideChain/blockchain/blockchain.go:1032: current height ->  170
2019-04-23 17:51:42.450 [INF] MINR /home/kpachhai/dev/src/github.com/elastos/Elastos.ELA.SideChain.ID/vendor/github.com/elastos/Elastos.ELA.SideChain/pow/pow.go:298: <================POW Mining==============>

2019-04-23 17:51:42.450 [INF] MINR /home/kpachhai/dev/src/github.com/elastos/Elastos.ELA.SideChain.ID/vendor/github.com/elastos/Elastos.ELA.SideChain/pow/pow.go:422: difficulty:  520095999
2019-04-23 17:51:49.132 [INF] SPVS /home/kpachhai/dev/src/github.com/elastos/Elastos.ELA.SideChain.ID/vendor/github.com/elastos/Elastos.ELA.SPV/sync/manager.go:413: Received block cb2247c453f050539df98e9b52ae4af7455218a8652d4bff5d1967f55d833807 at height 320
2019-04-23 17:51:54.094 [INF] SPVS /home/kpachhai/dev/src/github.com/elastos/Elastos.ELA.SideChain.ID/vendor/github.com/elastos/Elastos.ELA.SPV/sync/manager.go:413: Received block c3d7a5e95d363900203a3940f1adff57341cdca286eba4dbaba5f7fbb65d2fcd at height 321
2019-04-23 17:51:54.267 [INF] BCDB /home/kpachhai/dev/src/github.com/elastos/Elastos.ELA.SideChain.ID/vendor/github.com/elastos/Elastos.ELA.SideChain/blockchain/blockchain.go:1032: current height ->  171
2019-04-23 17:51:54.267 [INF] MINR /home/kpachhai/dev/src/github.com/elastos/Elastos.ELA.SideChain.ID/vendor/github.com/elastos/Elastos.ELA.SideChain/pow/pow.go:298: <================POW Mining==============>

2019-04-23 17:51:54.267 [INF] MINR /home/kpachhai/dev/src/github.com/elastos/Elastos.ELA.SideChain.ID/vendor/github.com/elastos/Elastos.ELA.SideChain/pow/pow.go:422: difficulty:  520095999
2019-04-23 17:51:57.395 [INF] STAT: -> 171 [168 127.0.0.1:42700 (inbound)]
2019-04-23 17:51:59.004 [INF] SPVS /home/kpachhai/dev/src/github.com/elastos/Elastos.ELA.SideChain.ID/vendor/github.com/elastos/Elastos.ELA.SPV/sync/manager.go:413: Received block 8becc0eefba1a8c7cc5d54b45da033d4fdff339b502ac1523a085bc1e78ef2f6 at height 322
2019-04-23 17:52:00.008 [INF] MINR /home/kpachhai/dev/src/github.com/elastos/Elastos.ELA.SideChain.ID/vendor/github.com/elastos/Elastos.ELA.SideChain/pow/pow.go:422: difficulty:  520095999
2019-04-23 17:52:02.189 [INF] BCDB /home/kpachhai/dev/src/github.com/elastos/Elastos.ELA.SideChain.ID/vendor/github.com/elastos/Elastos.ELA.SideChain/blockchain/blockchain.go:1032: current height ->  172
2019-04-23 17:52:02.212 [INF] MINR /home/kpachhai/dev/src/github.com/elastos/Elastos.ELA.SideChain.ID/vendor/github.com/elastos/Elastos.ELA.SideChain/pow/pow.go:422: difficulty:  520095999
2019-04-23 17:52:05.096 [INF] SPVS /home/kpachhai/dev/src/github.com/elastos/Elastos.ELA.SideChain.ID/vendor/github.com/elastos/Elastos.ELA.SPV/sync/manager.go:413: Received block 89905dc6147ac931a709fc1746a4781ddfa474daf079b2c6001c0cbd9c33c002 at height 323
2019-04-23 17:52:12.430 [INF] MINR /home/kpachhai/dev/src/github.com/elastos/Elastos.ELA.SideChain.ID/vendor/github.com/elastos/Elastos.ELA.SideChain/pow/pow.go:298: <================POW Mining==============>

2019-04-23 17:52:12.430 [INF] MINR /home/kpachhai/dev/src/github.com/elastos/Elastos.ELA.SideChain.ID/vendor/github.com/elastos/Elastos.ELA.SideChain/pow/pow.go:422: difficulty:  520095999
2019-04-23 17:52:16.592 [INF] BCDB /home/kpachhai/dev/src/github.com/elastos/Elastos.ELA.SideChain.ID/vendor/github.com/elastos/Elastos.ELA.SideChain/blockchain/blockchain.go:1032: current height ->  173
2019-04-23 17:52:16.592 [INF] MINR /home/kpachhai/dev/src/github.com/elastos/Elastos.ELA.SideChain.ID/vendor/github.com/elastos/Elastos.ELA.SideChain/pow/pow.go:298: <================POW Mining==============>

2019-04-23 17:52:16.592 [INF] MINR /home/kpachhai/dev/src/github.com/elastos/Elastos.ELA.SideChain.ID/vendor/github.com/elastos/Elastos.ELA.SideChain/pow/pow.go:422: difficulty:  520095999
2019-04-23 17:52:19.780 [INF] SPVS /home/kpachhai/dev/src/github.com/elastos/Elastos.ELA.SideChain.ID/vendor/github.com/elastos/Elastos.ELA.SPV/sync/manager.go:413: Received block 272019c489dc046e98cab16ae7aa9ce795477bc6d5ce0b650bb9fe7063d1a9e0 at height 324
2019-04-23 17:52:19.884 [INF] BCDB /home/kpachhai/dev/src/github.com/elastos/Elastos.ELA.SideChain.ID/vendor/github.com/elastos/Elastos.ELA.SideChain/blockchain/blockchain.go:1032: current height ->  174
2019-04-23 17:52:19.884 [INF] MINR /home/kpachhai/dev/src/github.com/elastos/Elastos.ELA.SideChain.ID/vendor/github.com/elastos/Elastos.ELA.SideChain/pow/pow.go:298: <================POW Mining==============>

2019-04-23 17:52:19.885 [INF] MINR /home/kpachhai/dev/src/github.com/elastos/Elastos.ELA.SideChain.ID/vendor/github.com/elastos/Elastos.ELA.SideChain/pow/pow.go:422: difficulty:  520095999
2019-04-23 17:52:21.556 [INF] SPVS /home/kpachhai/dev/src/github.com/elastos/Elastos.ELA.SideChain.ID/vendor/github.com/elastos/Elastos.ELA.SPV/sync/manager.go:413: Received block 6b97fe1e938b6433de0b1594cb4f099855cac7b3193d888044483b5de42287ac at height 325
2019-04-23 17:52:24.706 [INF] SPVS /home/kpachhai/dev/src/github.com/elastos/Elastos.ELA.SideChain.ID/vendor/github.com/elastos/Elastos.ELA.SPV/sync/manager.go:413: Received block cecde1f613333ff9a34288fc0a5691cd3e3b46743e236ae6d2bd9d8cfd74d2aa at height 326
2019-04-23 17:52:24.892 [INF] MINR /home/kpachhai/dev/src/github.com/elastos/Elastos.ELA.SideChain.ID/vendor/github.com/elastos/Elastos.ELA.SideChain/pow/pow.go:422: difficulty:  520095999
2019-04-23 17:52:28.078 [INF] BCDB /home/kpachhai/dev/src/github.com/elastos/Elastos.ELA.SideChain.ID/vendor/github.com/elastos/Elastos.ELA.SideChain/blockchain/blockchain.go:1032: current height ->  175
2019-04-23 17:52:28.701 [INF] MINR /home/kpachhai/dev/src/github.com/elastos/Elastos.ELA.SideChain.ID/vendor/github.com/elastos/Elastos.ELA.SideChain/pow/pow.go:422: difficulty:  520095999
2019-04-23 17:52:31.202 [INF] BCDB /home/kpachhai/dev/src/github.com/elastos/Elastos.ELA.SideChain.ID/vendor/github.com/elastos/Elastos.ELA.SideChain/blockchain/blockchain.go:1032: current height ->  176
2019-04-23 17:52:31.763 [INF] MINR /home/kpachhai/dev/src/github.com/elastos/Elastos.ELA.SideChain.ID/vendor/github.com/elastos/Elastos.ELA.SideChain/pow/pow.go:422: difficulty:  520095999
2019-04-23 17:52:32.616 [INF] SPVS /home/kpachhai/dev/src/github.com/elastos/Elastos.ELA.SideChain.ID/vendor/github.com/elastos/Elastos.ELA.SPV/sync/manager.go:413: Received block dd7277def566834c043fe742f3ba3db6a3a293477a3838c361073b0b0d4141a5 at height 327
2019-04-23 17:52:33.303 [INF] MINR /home/kpachhai/dev/src/github.com/elastos/Elastos.ELA.SideChain.ID/vendor/github.com/elastos/Elastos.ELA.SideChain/pow/pow.go:298: <================POW Mining==============>

2019-04-23 17:52:33.304 [INF] MINR /home/kpachhai/dev/src/github.com/elastos/Elastos.ELA.SideChain.ID/vendor/github.com/elastos/Elastos.ELA.SideChain/pow/pow.go:422: difficulty:  520095999
2019-04-23 17:52:36.911 [INF] SPVS /home/kpachhai/dev/src/github.com/elastos/Elastos.ELA.SideChain.ID/vendor/github.com/elastos/Elastos.ELA.SPV/sync/manager.go:413: Received block 277a1e952ebcaec476be0a4829080335375541f49e48476c334ad6630fff9b53 at height 328
2019-04-23 17:52:37.536 [INF] BCDB /home/kpachhai/dev/src/github.com/elastos/Elastos.ELA.SideChain.ID/vendor/github.com/elastos/Elastos.ELA.SideChain/blockchain/blockchain.go:1032: current height ->  177
2019-04-23 17:52:42.418 [INF] MINR /home/kpachhai/dev/src/github.com/elastos/Elastos.ELA.SideChain.ID/vendor/github.com/elastos/Elastos.ELA.SideChain/pow/pow.go:298: <================POW Mining==============>

2019-04-23 17:52:42.419 [INF] MINR /home/kpachhai/dev/src/github.com/elastos/Elastos.ELA.SideChain.ID/vendor/github.com/elastos/Elastos.ELA.SideChain/pow/pow.go:422: difficulty:  520095999
2019-04-23 17:52:43.331 [INF] SPVS /home/kpachhai/dev/src/github.com/elastos/Elastos.ELA.SideChain.ID/vendor/github.com/elastos/Elastos.ELA.SPV/sync/manager.go:413: Received block 88d0e655e4e227f9f75290dbd2dbb5d34f020a8dd0982d72a2aae0e03da957b0 at height 329
2019-04-23 17:52:55.103 [INF] SPVS /home/kpachhai/dev/src/github.com/elastos/Elastos.ELA.SideChain.ID/vendor/github.com/elastos/Elastos.ELA.SPV/sync/manager.go:413: Received block e93de83453a5b5ce91a81bacbf5c84efc37c7aa503e01f9e9899df238c77af64 at height 330
2019-04-23 17:52:55.793 [INF] MINR /home/kpachhai/dev/src/github.com/elastos/Elastos.ELA.SideChain.ID/vendor/github.com/elastos/Elastos.ELA.SideChain/pow/pow.go:422: difficulty:  520095999
2019-04-23 17:52:57.417 [INF] STAT: -> 177 [176 127.0.0.1:42700 (inbound)]
2019-04-23 17:53:01.392 [INF] SPVS /home/kpachhai/dev/src/github.com/elastos/Elastos.ELA.SideChain.ID/vendor/github.com/elastos/Elastos.ELA.SPV/sync/manager.go:413: Received block 2a7beea01196e679e2da03771536a5819890ccaf78d62377823f790c8316477c at height 331
2019-04-23 17:53:04.171 [INF] BCDB /home/kpachhai/dev/src/github.com/elastos/Elastos.ELA.SideChain.ID/vendor/github.com/elastos/Elastos.ELA.SideChain/blockchain/blockchain.go:1032: current height ->  178
2019-04-23 17:53:04.171 [INF] MINR /home/kpachhai/dev/src/github.com/elastos/Elastos.ELA.SideChain.ID/vendor/github.com/elastos/Elastos.ELA.SideChain/pow/pow.go:298: <================POW Mining==============>

2019-04-23 17:53:04.172 [INF] MINR /home/kpachhai/dev/src/github.com/elastos/Elastos.ELA.SideChain.ID/vendor/github.com/elastos/Elastos.ELA.SideChain/pow/pow.go:422: difficulty:  520095999
2019-04-23 17:53:06.890 [INF] BCDB /home/kpachhai/dev/src/github.com/elastos/Elastos.ELA.SideChain.ID/vendor/github.com/elastos/Elastos.ELA.SideChain/blockchain/blockchain.go:1032: current height ->  179
2019-04-23 17:53:06.890 [INF] MINR /home/kpachhai/dev/src/github.com/elastos/Elastos.ELA.SideChain.ID/vendor/github.com/elastos/Elastos.ELA.SideChain/pow/pow.go:298: <================POW Mining==============>

2019-04-23 17:53:06.890 [INF] MINR /home/kpachhai/dev/src/github.com/elastos/Elastos.ELA.SideChain.ID/vendor/github.com/elastos/Elastos.ELA.SideChain/pow/pow.go:422: difficulty:  520095999
2019-04-23 17:53:11.833 [INF] SPVS /home/kpachhai/dev/src/github.com/elastos/Elastos.ELA.SideChain.ID/vendor/github.com/elastos/Elastos.ELA.SPV/sync/manager.go:413: Received block acacf3b9ef0b208370fe9c643a4f8ba4d026630b536c1d5492330935023e7e08 at height 332
2019-04-23 17:53:20.206 [INF] SPVS /home/kpachhai/dev/src/github.com/elastos/Elastos.ELA.SideChain.ID/vendor/github.com/elastos/Elastos.ELA.SPV/sync/manager.go:413: Received block 06c4fd54d65750fc00989f1cd32532f4e9c7d35dcc79b8194fdef98f3daac5e6 at height 333
2019-04-23 17:53:22.296 [INF] SPVS /home/kpachhai/dev/src/github.com/elastos/Elastos.ELA.SideChain.ID/vendor/github.com/elastos/Elastos.ELA.SPV/sync/manager.go:413: Received block 2f6cac0e7e463087714ed29d61dbd1e0379f3df4c115e8c73eb6d23488d70f48 at height 334
2019-04-23 17:53:22.547 [INF] MINR /home/kpachhai/dev/src/github.com/elastos/Elastos.ELA.SideChain.ID/vendor/github.com/elastos/Elastos.ELA.SideChain/pow/pow.go:422: difficulty:  520095999
2019-04-23 17:53:26.075 [INF] SPVS /home/kpachhai/dev/src/github.com/elastos/Elastos.ELA.SideChain.ID/vendor/github.com/elastos/Elastos.ELA.SPV/sync/manager.go:413: Received block 60c8fb5c5455e1f8b308ef27908422c98ede5d1566ad730c1e4beb489478198a at height 335
2019-04-23 17:53:30.194 [INF] BCDB /home/kpachhai/dev/src/github.com/elastos/Elastos.ELA.SideChain.ID/vendor/github.com/elastos/Elastos.ELA.SideChain/blockchain/blockchain.go:1032: current height ->  180
2019-04-23 17:53:31.477 [INF] SPVS /home/kpachhai/dev/src/github.com/elastos/Elastos.ELA.SideChain.ID/vendor/github.com/elastos/Elastos.ELA.SPV/sync/manager.go:413: Received block 378748a72b8caabc2ec227fe187833a767cdd5578bcb5d4acc329fc0696e3175 at height 336
2019-04-23 17:53:34.092 [INF] SPVS /home/kpachhai/dev/src/github.com/elastos/Elastos.ELA.SideChain.ID/vendor/github.com/elastos/Elastos.ELA.SPV/sync/manager.go:413: Received block 0a918c7c843a684f455faed719f9762d1adaaeae24039328578f64cc4c081890 at height 337
2019-04-23 17:53:36.657 [INF] SPVS /home/kpachhai/dev/src/github.com/elastos/Elastos.ELA.SideChain.ID/vendor/github.com/elastos/Elastos.ELA.SPV/sync/manager.go:413: Received block 34efcdbb98c3bc08ef3a1c32a3e4098608ae3343001315b075d5a987a0841732 at height 338
2019-04-23 17:53:36.962 [INF] MINR /home/kpachhai/dev/src/github.com/elastos/Elastos.ELA.SideChain.ID/vendor/github.com/elastos/Elastos.ELA.SideChain/pow/pow.go:422: difficulty:  520095999
2019-04-23 17:53:42.416 [INF] MINR /home/kpachhai/dev/src/github.com/elastos/Elastos.ELA.SideChain.ID/vendor/github.com/elastos/Elastos.ELA.SideChain/pow/pow.go:298: <================POW Mining==============>

2019-04-23 17:53:42.421 [INF] MINR /home/kpachhai/dev/src/github.com/elastos/Elastos.ELA.SideChain.ID/vendor/github.com/elastos/Elastos.ELA.SideChain/pow/pow.go:422: difficulty:  520095999
2019-04-23 17:53:42.442 [INF] SPVS /home/kpachhai/dev/src/github.com/elastos/Elastos.ELA.SideChain.ID/vendor/github.com/elastos/Elastos.ELA.SPV/sync/manager.go:413: Received block ca7e37ec312dc9d68c8a507b1b502ae3dfbfdc2966a676e614dff474ae57ec80 at height 339
2019-04-23 17:53:47.610 [INF] BCDB /home/kpachhai/dev/src/github.com/elastos/Elastos.ELA.SideChain.ID/vendor/github.com/elastos/Elastos.ELA.SideChain/blockchain/blockchain.go:1032: current height ->  181
2019-04-23 17:53:47.610 [INF] MINR /home/kpachhai/dev/src/github.com/elastos/Elastos.ELA.SideChain.ID/vendor/github.com/elastos/Elastos.ELA.SideChain/pow/pow.go:298: <================POW Mining==============>

2019-04-23 17:53:47.610 [INF] MINR /home/kpachhai/dev/src/github.com/elastos/Elastos.ELA.SideChain.ID/vendor/github.com/elastos/Elastos.ELA.SideChain/pow/pow.go:422: difficulty:  520095999
2019-04-23 17:53:57.464 [INF] STAT: -> 181 [180 127.0.0.1:42700 (inbound)]
2019-04-23 17:54:00.116 [INF] SPVS /home/kpachhai/dev/src/github.com/elastos/Elastos.ELA.SideChain.ID/vendor/github.com/elastos/Elastos.ELA.SPV/sync/manager.go:413: Received block ad7a6bc9aaf0782adcf377e7e0f72913336b49dde3bfc5a32184b4c1bcf29ec7 at height 340
2019-04-23 17:54:05.477 [INF] SPVS /home/kpachhai/dev/src/github.com/elastos/Elastos.ELA.SideChain.ID/vendor/github.com/elastos/Elastos.ELA.SPV/sync/manager.go:413: Received block 71a533a8da84ef80c0ce55c1665b2807288e3caee1460480be50c58bf863bec1 at height 341
2019-04-23 17:54:05.789 [INF] BCDB /home/kpachhai/dev/src/github.com/elastos/Elastos.ELA.SideChain.ID/vendor/github.com/elastos/Elastos.ELA.SideChain/blockchain/blockchain.go:1032: current height ->  182
2019-04-23 17:54:11.778 [INF] SPVS /home/kpachhai/dev/src/github.com/elastos/Elastos.ELA.SideChain.ID/vendor/github.com/elastos/Elastos.ELA.SPV/sync/manager.go:413: Received block a467ab033cdd182e3ce5e7acbced1a5027dd15d063155aecdd1f5fd4dbfa523e at height 342
2019-04-23 17:54:12.432 [INF] MINR /home/kpachhai/dev/src/github.com/elastos/Elastos.ELA.SideChain.ID/vendor/github.com/elastos/Elastos.ELA.SideChain/pow/pow.go:298: <================POW Mining==============>

2019-04-23 17:54:12.432 [INF] MINR /home/kpachhai/dev/src/github.com/elastos/Elastos.ELA.SideChain.ID/vendor/github.com/elastos/Elastos.ELA.SideChain/pow/pow.go:422: difficulty:  520095999
2019-04-23 17:54:12.664 [INF] MINR /home/kpachhai/dev/src/github.com/elastos/Elastos.ELA.SideChain.ID/vendor/github.com/elastos/Elastos.ELA.SideChain/pow/pow.go:422: difficulty:  520095999
2019-04-23 17:54:16.059 [INF] SPVS /home/kpachhai/dev/src/github.com/elastos/Elastos.ELA.SideChain.ID/vendor/github.com/elastos/Elastos.ELA.SPV/sync/manager.go:413: Received block 039059399bcaaa4f17fe738a4d0a45a11a78941ae3630c2340003f838780a9ee at height 343
2019-04-23 17:54:24.530 [INF] BCDB /home/kpachhai/dev/src/github.com/elastos/Elastos.ELA.SideChain.ID/vendor/github.com/elastos/Elastos.ELA.SideChain/blockchain/blockchain.go:1032: current height ->  183
2019-04-23 17:54:27.437 [INF] MINR /home/kpachhai/dev/src/github.com/elastos/Elastos.ELA.SideChain.ID/vendor/github.com/elastos/Elastos.ELA.SideChain/pow/pow.go:298: <================POW Mining==============>

2019-04-23 17:54:27.437 [INF] MINR /home/kpachhai/dev/src/github.com/elastos/Elastos.ELA.SideChain.ID/vendor/github.com/elastos/Elastos.ELA.SideChain/pow/pow.go:422: difficulty:  520095999
2019-04-23 17:54:28.414 [INF] BCDB /home/kpachhai/dev/src/github.com/elastos/Elastos.ELA.SideChain.ID/vendor/github.com/elastos/Elastos.ELA.SideChain/blockchain/blockchain.go:1032: current height ->  184
2019-04-23 17:54:28.422 [INF] MINR /home/kpachhai/dev/src/github.com/elastos/Elastos.ELA.SideChain.ID/vendor/github.com/elastos/Elastos.ELA.SideChain/pow/pow.go:298: <================POW Mining==============>

2019-04-23 17:54:28.422 [INF] MINR /home/kpachhai/dev/src/github.com/elastos/Elastos.ELA.SideChain.ID/vendor/github.com/elastos/Elastos.ELA.SideChain/pow/pow.go:422: difficulty:  520095999
2019-04-23 17:54:33.187 [INF] SPVS /home/kpachhai/dev/src/github.com/elastos/Elastos.ELA.SideChain.ID/vendor/github.com/elastos/Elastos.ELA.SPV/sync/manager.go:413: Received block ce4a49b67fcbf1babaed300bdf6d909c70acf3482e8bafa24999f20599190bfb at height 344
2019-04-23 17:54:34.125 [INF] BCDB /home/kpachhai/dev/src/github.com/elastos/Elastos.ELA.SideChain.ID/vendor/github.com/elastos/Elastos.ELA.SideChain/blockchain/blockchain.go:1032: current height ->  185
2019-04-23 17:54:34.125 [INF] MINR /home/kpachhai/dev/src/github.com/elastos/Elastos.ELA.SideChain.ID/vendor/github.com/elastos/Elastos.ELA.SideChain/pow/pow.go:298: <================POW Mining==============>

2019-04-23 17:54:34.125 [INF] MINR /home/kpachhai/dev/src/github.com/elastos/Elastos.ELA.SideChain.ID/vendor/github.com/elastos/Elastos.ELA.SideChain/pow/pow.go:422: difficulty:  520095999
2019-04-23 17:54:41.352 [INF] SPVS /home/kpachhai/dev/src/github.com/elastos/Elastos.ELA.SideChain.ID/vendor/github.com/elastos/Elastos.ELA.SPV/sync/manager.go:413: Received block 9b3f46d6b76a4d215f3591cdd291f0c50e4e800b41aff345aa6032c0f200b309 at height 345
2019-04-23 17:54:47.803 [INF] SPVS /home/kpachhai/dev/src/github.com/elastos/Elastos.ELA.SideChain.ID/vendor/github.com/elastos/Elastos.ELA.SPV/sync/manager.go:413: Received block 0934c6564d5d132bfc54a22ff8a82442dc58eaafc78851843b6ea291a45cefc6 at height 346
2019-04-23 17:54:47.869 [INF] MINR /home/kpachhai/dev/src/github.com/elastos/Elastos.ELA.SideChain.ID/vendor/github.com/elastos/Elastos.ELA.SideChain/pow/pow.go:422: difficulty:  520095999
2019-04-23 17:54:57.394 [INF] STAT: -> 185 [184 127.0.0.1:42700 (inbound)]
2019-04-23 17:55:00.212 [INF] SPVS /home/kpachhai/dev/src/github.com/elastos/Elastos.ELA.SideChain.ID/vendor/github.com/elastos/Elastos.ELA.SPV/sync/manager.go:413: Received block 4c31faf64ca106a7b9328544fff62a2e8e84b12c2d349fdbd11949822c4c3bd7 at height 347
2019-04-23 17:55:06.260 [INF] BCDB /home/kpachhai/dev/src/github.com/elastos/Elastos.ELA.SideChain.ID/vendor/github.com/elastos/Elastos.ELA.SideChain/blockchain/blockchain.go:1032: current height ->  186
2019-04-23 17:55:08.400 [INF] MINR /home/kpachhai/dev/src/github.com/elastos/Elastos.ELA.SideChain.ID/vendor/github.com/elastos/Elastos.ELA.SideChain/pow/pow.go:298: <================POW Mining==============>

2019-04-23 17:55:08.400 [INF] MINR /home/kpachhai/dev/src/github.com/elastos/Elastos.ELA.SideChain.ID/vendor/github.com/elastos/Elastos.ELA.SideChain/pow/pow.go:422: difficulty:  520095999
2019-04-23 17:55:19.607 [INF] BCDB /home/kpachhai/dev/src/github.com/elastos/Elastos.ELA.SideChain.ID/vendor/github.com/elastos/Elastos.ELA.SideChain/blockchain/blockchain.go:1032: current height ->  187
2019-04-23 17:55:24.172 [INF] SPVS /home/kpachhai/dev/src/github.com/elastos/Elastos.ELA.SideChain.ID/vendor/github.com/elastos/Elastos.ELA.SPV/sync/manager.go:413: Received block e66563208054dec50a181817e6ee801f860446ed831b7aab74edfa4f55c789be at height 348
2019-04-23 17:55:25.164 [INF] MINR /home/kpachhai/dev/src/github.com/elastos/Elastos.ELA.SideChain.ID/vendor/github.com/elastos/Elastos.ELA.SideChain/pow/pow.go:298: <================POW Mining==============>

2019-04-23 17:55:25.165 [INF] MINR /home/kpachhai/dev/src/github.com/elastos/Elastos.ELA.SideChain.ID/vendor/github.com/elastos/Elastos.ELA.SideChain/pow/pow.go:422: difficulty:  520095999
2019-04-23 17:55:29.842 [INF] SPVS /home/kpachhai/dev/src/github.com/elastos/Elastos.ELA.SideChain.ID/vendor/github.com/elastos/Elastos.ELA.SPV/sync/manager.go:413: Received block cfef203514992949f3335ef84de40146d7d04c57e54b413cea37689843f31caa at height 349
2019-04-23 17:55:40.609 [INF] BCDB /home/kpachhai/dev/src/github.com/elastos/Elastos.ELA.SideChain.ID/vendor/github.com/elastos/Elastos.ELA.SideChain/blockchain/blockchain.go:1032: current height ->  188
2019-04-23 17:55:40.623 [INF] MINR /home/kpachhai/dev/src/github.com/elastos/Elastos.ELA.SideChain.ID/vendor/github.com/elastos/Elastos.ELA.SideChain/pow/pow.go:298: <================POW Mining==============>

2019-04-23 17:55:40.624 [INF] MINR /home/kpachhai/dev/src/github.com/elastos/Elastos.ELA.SideChain.ID/vendor/github.com/elastos/Elastos.ELA.SideChain/pow/pow.go:422: difficulty:  520095999
2019-04-23 17:55:41.112 [INF] SPVS /home/kpachhai/dev/src/github.com/elastos/Elastos.ELA.SideChain.ID/vendor/github.com/elastos/Elastos.ELA.SPV/sync/manager.go:413: Received block 880fac3f3bb480131fbfbeecbfd90735cb452e51967d69dd3619a1eea1c48564 at height 350
2019-04-23 17:55:42.298 [INF] MINR /home/kpachhai/dev/src/github.com/elastos/Elastos.ELA.SideChain.ID/vendor/github.com/elastos/Elastos.ELA.SideChain/pow/pow.go:422: difficulty:  520095999
2019-04-23 17:55:53.126 [INF] BCDB /home/kpachhai/dev/src/github.com/elastos/Elastos.ELA.SideChain.ID/vendor/github.com/elastos/Elastos.ELA.SideChain/blockchain/blockchain.go:1032: current height ->  189
2019-04-23 17:55:53.355 [INF] MINR /home/kpachhai/dev/src/github.com/elastos/Elastos.ELA.SideChain.ID/vendor/github.com/elastos/Elastos.ELA.SideChain/pow/pow.go:422: difficulty:  520095999
2019-04-23 17:55:53.459 [INF] SPVS /home/kpachhai/dev/src/github.com/elastos/Elastos.ELA.SideChain.ID/vendor/github.com/elastos/Elastos.ELA.SPV/sync/manager.go:413: Received block de1ce21491531e7dd952098847d514440ad5c262e0b4c1857a7ad743f3860e7e at height 351
2019-04-23 17:55:56.981 [INF] SPVS /home/kpachhai/dev/src/github.com/elastos/Elastos.ELA.SideChain.ID/vendor/github.com/elastos/Elastos.ELA.SPV/sync/manager.go:413: Received block e91127f13de3b3f6d208c8afbeb795710aa6bccf148301722a286940cef6d3f0 at height 352
2019-04-23 17:55:57.437 [INF] STAT: -> 189 [187 127.0.0.1:42700 (inbound)]
2019-04-23 17:55:57.438 [INF] MINR /home/kpachhai/dev/src/github.com/elastos/Elastos.ELA.SideChain.ID/vendor/github.com/elastos/Elastos.ELA.SideChain/pow/pow.go:298: <================POW Mining==============>

2019-04-23 17:55:57.438 [INF] MINR /home/kpachhai/dev/src/github.com/elastos/Elastos.ELA.SideChain.ID/vendor/github.com/elastos/Elastos.ELA.SideChain/pow/pow.go:422: difficulty:  520095999
2019-04-23 17:56:01.039 [INF] SPVS /home/kpachhai/dev/src/github.com/elastos/Elastos.ELA.SideChain.ID/vendor/github.com/elastos/Elastos.ELA.SPV/sync/manager.go:413: Received block 90bc31b1f276157264bbd348d0af7ff5187ede232a8c7fb0c499c581f2cbd36d at height 353
2019-04-23 17:56:12.054 [INF] SPVS /home/kpachhai/dev/src/github.com/elastos/Elastos.ELA.SideChain.ID/vendor/github.com/elastos/Elastos.ELA.SPV/sync/manager.go:413: Received block 8b12b5a9488421b00ec48fb69bf21a4cb20d0ecb13517e9871798181f5a87b75 at height 354
2019-04-23 17:56:12.804 [INF] MINR /home/kpachhai/dev/src/github.com/elastos/Elastos.ELA.SideChain.ID/vendor/github.com/elastos/Elastos.ELA.SideChain/pow/pow.go:422: difficulty:  520095999
2019-04-23 17:56:14.422 [INF] BCDB /home/kpachhai/dev/src/github.com/elastos/Elastos.ELA.SideChain.ID/vendor/github.com/elastos/Elastos.ELA.SideChain/blockchain/blockchain.go:1032: current height ->  190
2019-04-23 17:56:14.422 [INF] MINR /home/kpachhai/dev/src/github.com/elastos/Elastos.ELA.SideChain.ID/vendor/github.com/elastos/Elastos.ELA.SideChain/pow/pow.go:298: <================POW Mining==============>

2019-04-23 17:56:14.444 [INF] MINR /home/kpachhai/dev/src/github.com/elastos/Elastos.ELA.SideChain.ID/vendor/github.com/elastos/Elastos.ELA.SideChain/pow/pow.go:422: difficulty:  520095999
2019-04-23 17:56:14.615 [INF] MINR /home/kpachhai/dev/src/github.com/elastos/Elastos.ELA.SideChain.ID/vendor/github.com/elastos/Elastos.ELA.SideChain/pow/pow.go:422: difficulty:  520095999
2019-04-23 17:56:18.831 [INF] BCDB /home/kpachhai/dev/src/github.com/elastos/Elastos.ELA.SideChain.ID/vendor/github.com/elastos/Elastos.ELA.SideChain/blockchain/blockchain.go:1032: current height ->  191
2019-04-23 17:56:19.701 [INF] MINR /home/kpachhai/dev/src/github.com/elastos/Elastos.ELA.SideChain.ID/vendor/github.com/elastos/Elastos.ELA.SideChain/pow/pow.go:422: difficulty:  520095999
2019-04-23 17:56:27.437 [INF] MINR /home/kpachhai/dev/src/github.com/elastos/Elastos.ELA.SideChain.ID/vendor/github.com/elastos/Elastos.ELA.SideChain/pow/pow.go:298: <================POW Mining==============>

2019-04-23 17:56:27.437 [INF] MINR /home/kpachhai/dev/src/github.com/elastos/Elastos.ELA.SideChain.ID/vendor/github.com/elastos/Elastos.ELA.SideChain/pow/pow.go:422: difficulty:  520095999
2019-04-23 17:56:28.345 [INF] SPVS /home/kpachhai/dev/src/github.com/elastos/Elastos.ELA.SideChain.ID/vendor/github.com/elastos/Elastos.ELA.SPV/sync/manager.go:413: Received block 1b53675406f32bc6181a0b559c78ea2a9b48fd90229399ac5a81d435af085d4a at height 355
2019-04-23 17:56:37.656 [INF] SPVS /home/kpachhai/dev/src/github.com/elastos/Elastos.ELA.SideChain.ID/vendor/github.com/elastos/Elastos.ELA.SPV/sync/manager.go:413: Received block b4875ddd151a64ca78bc7a128cfc0c4664fb04c58b0e501e124d99ee310be206 at height 356
2019-04-23 17:56:42.260 [INF] SPVS /home/kpachhai/dev/src/github.com/elastos/Elastos.ELA.SideChain.ID/vendor/github.com/elastos/Elastos.ELA.SPV/sync/manager.go:413: Received block f454989523851a47c273edf76d54a246c8fefbdf13c71d8d2424b7017e527c88 at height 357
2019-04-23 17:56:43.093 [INF] BCDB /home/kpachhai/dev/src/github.com/elastos/Elastos.ELA.SideChain.ID/vendor/github.com/elastos/Elastos.ELA.SideChain/blockchain/blockchain.go:1032: current height ->  192
2019-04-23 17:56:46.395 [INF] MINR /home/kpachhai/dev/src/github.com/elastos/Elastos.ELA.SideChain.ID/vendor/github.com/elastos/Elastos.ELA.SideChain/pow/pow.go:298: <================POW Mining==============>

2019-04-23 17:56:46.396 [INF] MINR /home/kpachhai/dev/src/github.com/elastos/Elastos.ELA.SideChain.ID/vendor/github.com/elastos/Elastos.ELA.SideChain/pow/pow.go:422: difficulty:  520095999
2019-04-23 17:56:47.364 [INF] BCDB /home/kpachhai/dev/src/github.com/elastos/Elastos.ELA.SideChain.ID/vendor/github.com/elastos/Elastos.ELA.SideChain/blockchain/blockchain.go:1032: current height ->  193
2019-04-23 17:56:47.364 [INF] MINR /home/kpachhai/dev/src/github.com/elastos/Elastos.ELA.SideChain.ID/vendor/github.com/elastos/Elastos.ELA.SideChain/pow/pow.go:298: <================POW Mining==============>

2019-04-23 17:56:47.370 [INF] MINR /home/kpachhai/dev/src/github.com/elastos/Elastos.ELA.SideChain.ID/vendor/github.com/elastos/Elastos.ELA.SideChain/pow/pow.go:422: difficulty:  520095999
2019-04-23 17:56:50.211 [INF] SPVS /home/kpachhai/dev/src/github.com/elastos/Elastos.ELA.SideChain.ID/vendor/github.com/elastos/Elastos.ELA.SPV/sync/manager.go:413: Received block f256a74d71da3a9f668935c525ad6817751d1374b53c52f3b95713b3da5f61da at height 358
2019-04-23 17:56:50.624 [INF] MINR /home/kpachhai/dev/src/github.com/elastos/Elastos.ELA.SideChain.ID/vendor/github.com/elastos/Elastos.ELA.SideChain/pow/pow.go:422: difficulty:  520095999
2019-04-23 17:56:57.394 [INF] STAT: -> 193 [191 127.0.0.1:42700 (inbound)]
2019-04-23 17:56:58.459 [INF] SPVS /home/kpachhai/dev/src/github.com/elastos/Elastos.ELA.SideChain.ID/vendor/github.com/elastos/Elastos.ELA.SPV/sync/manager.go:413: Received block b9a4ba07c35b73741a977134c3a6438c7acfdfc5e006af816a71104bfb4b14eb at height 359
2019-04-23 17:57:01.567 [INF] SPVS /home/kpachhai/dev/src/github.com/elastos/Elastos.ELA.SideChain.ID/vendor/github.com/elastos/Elastos.ELA.SPV/sync/manager.go:413: Received block f295ef25db0b500277d86fbc791123e0a1827cb07ab90c8eee4777aeeb91a9e0 at height 360
2019-04-23 17:57:01.799 [INF] BCDB /home/kpachhai/dev/src/github.com/elastos/Elastos.ELA.SideChain.ID/vendor/github.com/elastos/Elastos.ELA.SideChain/blockchain/blockchain.go:1032: current height ->  194
2019-04-23 17:57:11.359 [INF] BCDB /home/kpachhai/dev/src/github.com/elastos/Elastos.ELA.SideChain.ID/vendor/github.com/elastos/Elastos.ELA.SideChain/blockchain/blockchain.go:1032: current height ->  195
2019-04-23 17:57:12.426 [INF] MINR /home/kpachhai/dev/src/github.com/elastos/Elastos.ELA.SideChain.ID/vendor/github.com/elastos/Elastos.ELA.SideChain/pow/pow.go:298: <================POW Mining==============>

2019-04-23 17:57:12.426 [INF] MINR /home/kpachhai/dev/src/github.com/elastos/Elastos.ELA.SideChain.ID/vendor/github.com/elastos/Elastos.ELA.SideChain/pow/pow.go:422: difficulty:  520095999
2019-04-23 17:57:25.987 [INF] SPVS /home/kpachhai/dev/src/github.com/elastos/Elastos.ELA.SideChain.ID/vendor/github.com/elastos/Elastos.ELA.SPV/sync/manager.go:413: Received block 2d01fe1b6255bae38438e41d6ba2230b90e77fe91fb6004ed149d674feb0d4f7 at height 361
2019-04-23 17:57:37.284 [INF] SPVS /home/kpachhai/dev/src/github.com/elastos/Elastos.ELA.SideChain.ID/vendor/github.com/elastos/Elastos.ELA.SPV/sync/manager.go:413: Received block e959cff23482d179a09dcf3a3e47d43caafabc5c67a7e4f388e8d675387559e9 at height 362
2019-04-23 17:57:37.768 [INF] MINR /home/kpachhai/dev/src/github.com/elastos/Elastos.ELA.SideChain.ID/vendor/github.com/elastos/Elastos.ELA.SideChain/pow/pow.go:422: difficulty:  520095999
2019-04-23 17:57:40.672 [INF] BCDB /home/kpachhai/dev/src/github.com/elastos/Elastos.ELA.SideChain.ID/vendor/github.com/elastos/Elastos.ELA.SideChain/blockchain/blockchain.go:1032: current height ->  196
2019-04-23 17:57:41.670 [INF] MINR /home/kpachhai/dev/src/github.com/elastos/Elastos.ELA.SideChain.ID/vendor/github.com/elastos/Elastos.ELA.SideChain/pow/pow.go:422: difficulty:  520095999
2019-04-23 17:57:41.772 [INF] SPVS /home/kpachhai/dev/src/github.com/elastos/Elastos.ELA.SideChain.ID/vendor/github.com/elastos/Elastos.ELA.SPV/sync/manager.go:413: Received block b8189d3d5ad88555c08b82fd8e382f4f8d7e5bfa37bfd3ae9faf4e8162238bbb at height 363
2019-04-23 17:57:42.427 [INF] MINR /home/kpachhai/dev/src/github.com/elastos/Elastos.ELA.SideChain.ID/vendor/github.com/elastos/Elastos.ELA.SideChain/pow/pow.go:298: <================POW Mining==============>

2019-04-23 17:57:42.427 [INF] MINR /home/kpachhai/dev/src/github.com/elastos/Elastos.ELA.SideChain.ID/vendor/github.com/elastos/Elastos.ELA.SideChain/pow/pow.go:422: difficulty:  520095999
2019-04-23 17:57:45.094 [INF] SPVS /home/kpachhai/dev/src/github.com/elastos/Elastos.ELA.SideChain.ID/vendor/github.com/elastos/Elastos.ELA.SPV/sync/manager.go:413: Received block fe618727491ece9aa90cc877711753bbd9f108f0d47b711904fb16a60d5ee07a at height 364
2019-04-23 17:57:52.198 [INF] SPVS /home/kpachhai/dev/src/github.com/elastos/Elastos.ELA.SideChain.ID/vendor/github.com/elastos/Elastos.ELA.SPV/sync/manager.go:413: Received block 46a54670df1fff2e2ba9fbbbcd82589448780b8db98fa298dd3b51591bf3f1c7 at height 365
2019-04-23 17:57:56.897 [INF] SPVS /home/kpachhai/dev/src/github.com/elastos/Elastos.ELA.SideChain.ID/vendor/github.com/elastos/Elastos.ELA.SPV/sync/manager.go:413: Received block f72027b3577440ed12a96934cdabe92cb88c10f32120b597d9df36d7c0a73cc5 at height 366
2019-04-23 17:57:57.239 [INF] MINR /home/kpachhai/dev/src/github.com/elastos/Elastos.ELA.SideChain.ID/vendor/github.com/elastos/Elastos.ELA.SideChain/pow/pow.go:422: difficulty:  520095999
2019-04-23 17:57:57.406 [INF] STAT: -> 196 [195 127.0.0.1:42700 (inbound)]
2019-04-23 17:58:00.790 [INF] SPVS /home/kpachhai/dev/src/github.com/elastos/Elastos.ELA.SideChain.ID/vendor/github.com/elastos/Elastos.ELA.SPV/sync/manager.go:413: Received block d7afaa4b379f56293a333631115a0982602a8955eabfd8c205f4702602252e54 at height 367
2019-04-23 17:58:07.132 [INF] SPVS /home/kpachhai/dev/src/github.com/elastos/Elastos.ELA.SideChain.ID/vendor/github.com/elastos/Elastos.ELA.SPV/sync/manager.go:413: Received block 0134c920d8ff3eca5c2f047a6449a631d428e4c11a87e16f2cdfafd5016e54c1 at height 368
2019-04-23 17:58:12.554 [INF] BCDB /home/kpachhai/dev/src/github.com/elastos/Elastos.ELA.SideChain.ID/vendor/github.com/elastos/Elastos.ELA.SideChain/blockchain/blockchain.go:1032: current height ->  197
2019-04-23 17:58:12.554 [INF] MINR /home/kpachhai/dev/src/github.com/elastos/Elastos.ELA.SideChain.ID/vendor/github.com/elastos/Elastos.ELA.SideChain/pow/pow.go:298: <================POW Mining==============>

2019-04-23 17:58:12.554 [INF] MINR /home/kpachhai/dev/src/github.com/elastos/Elastos.ELA.SideChain.ID/vendor/github.com/elastos/Elastos.ELA.SideChain/pow/pow.go:422: difficulty:  520095999
2019-04-23 17:58:22.017 [INF] SPVS /home/kpachhai/dev/src/github.com/elastos/Elastos.ELA.SideChain.ID/vendor/github.com/elastos/Elastos.ELA.SPV/sync/manager.go:413: Received block 6adbebb9a1359afd684c3ae5a60371999b854251d7d80c7f37d1575e6f6259d1 at height 369
2019-04-23 17:58:24.749 [INF] BCDB /home/kpachhai/dev/src/github.com/elastos/Elastos.ELA.SideChain.ID/vendor/github.com/elastos/Elastos.ELA.SideChain/blockchain/blockchain.go:1032: current height ->  198
2019-04-23 17:58:25.725 [INF] BCDB /home/kpachhai/dev/src/github.com/elastos/Elastos.ELA.SideChain.ID/vendor/github.com/elastos/Elastos.ELA.SideChain/blockchain/blockchain.go:1032: current height ->  199
2019-04-23 17:58:26.528 [INF] SPVS /home/kpachhai/dev/src/github.com/elastos/Elastos.ELA.SideChain.ID/vendor/github.com/elastos/Elastos.ELA.SPV/sync/manager.go:413: Received block 029d6f69f542940e58b2294ad81014656d368c50bb6584f988bfbf629cf37e14 at height 370
2019-04-23 17:58:26.839 [INF] MINR /home/kpachhai/dev/src/github.com/elastos/Elastos.ELA.SideChain.ID/vendor/github.com/elastos/Elastos.ELA.SideChain/pow/pow.go:422: difficulty:  520095999
2019-04-23 17:58:27.432 [INF] MINR /home/kpachhai/dev/src/github.com/elastos/Elastos.ELA.SideChain.ID/vendor/github.com/elastos/Elastos.ELA.SideChain/pow/pow.go:298: <================POW Mining==============>

2019-04-23 17:58:27.432 [INF] MINR /home/kpachhai/dev/src/github.com/elastos/Elastos.ELA.SideChain.ID/vendor/github.com/elastos/Elastos.ELA.SideChain/pow/pow.go:422: difficulty:  520095999
2019-04-23 17:58:29.496 [INF] BCDB /home/kpachhai/dev/src/github.com/elastos/Elastos.ELA.SideChain.ID/vendor/github.com/elastos/Elastos.ELA.SideChain/blockchain/blockchain.go:1032: current height ->  200
2019-04-23 17:58:29.506 [INF] MINR /home/kpachhai/dev/src/github.com/elastos/Elastos.ELA.SideChain.ID/vendor/github.com/elastos/Elastos.ELA.SideChain/pow/pow.go:298: <================POW Mining==============>

2019-04-23 17:58:29.506 [INF] MINR /home/kpachhai/dev/src/github.com/elastos/Elastos.ELA.SideChain.ID/vendor/github.com/elastos/Elastos.ELA.SideChain/pow/pow.go:422: difficulty:  520095999
2019-04-23 17:58:30.240 [INF] MINR /home/kpachhai/dev/src/github.com/elastos/Elastos.ELA.SideChain.ID/vendor/github.com/elastos/Elastos.ELA.SideChain/pow/pow.go:422: difficulty:  520095999
2019-04-23 17:58:32.104 [INF] BCDB /home/kpachhai/dev/src/github.com/elastos/Elastos.ELA.SideChain.ID/vendor/github.com/elastos/Elastos.ELA.SideChain/blockchain/blockchain.go:1032: current height ->  201
2019-04-23 17:58:32.289 [INF] MINR /home/kpachhai/dev/src/github.com/elastos/Elastos.ELA.SideChain.ID/vendor/github.com/elastos/Elastos.ELA.SideChain/pow/pow.go:422: difficulty:  520095999
2019-04-23 17:58:34.580 [INF] SPVS /home/kpachhai/dev/src/github.com/elastos/Elastos.ELA.SideChain.ID/vendor/github.com/elastos/Elastos.ELA.SPV/sync/manager.go:413: Received block b065525162c136f12a773746ae95af63e3ff8042b26ad18323229dd53add0658 at height 371
2019-04-23 17:58:42.442 [INF] MINR /home/kpachhai/dev/src/github.com/elastos/Elastos.ELA.SideChain.ID/vendor/github.com/elastos/Elastos.ELA.SideChain/pow/pow.go:298: <================POW Mining==============>

2019-04-23 17:58:42.442 [INF] MINR /home/kpachhai/dev/src/github.com/elastos/Elastos.ELA.SideChain.ID/vendor/github.com/elastos/Elastos.ELA.SideChain/pow/pow.go:422: difficulty:  520095999
2019-04-23 17:58:48.988 [INF] SPVS /home/kpachhai/dev/src/github.com/elastos/Elastos.ELA.SideChain.ID/vendor/github.com/elastos/Elastos.ELA.SPV/sync/manager.go:413: Received block 454d027f7102baa278cb010eb7ad00b40bdf8427f16b10c418e68b08b47f22df at height 372
2019-04-23 17:58:57.117 [INF] SPVS /home/kpachhai/dev/src/github.com/elastos/Elastos.ELA.SideChain.ID/vendor/github.com/elastos/Elastos.ELA.SPV/sync/manager.go:413: Received block aa89eb9e643560d3aa6d1de3d228a06148894dfff82c79ca686f68f965f7bd10 at height 373
2019-04-23 17:58:57.394 [INF] STAT: -> 201 [201 127.0.0.1:42700 (inbound)]
2019-04-23 17:58:59.773 [INF] SPVS /home/kpachhai/dev/src/github.com/elastos/Elastos.ELA.SideChain.ID/vendor/github.com/elastos/Elastos.ELA.SPV/sync/manager.go:413: Received block 8cc5189b9272a0d1576826389fade603af7ef5093fed846e466f41236efd4211 at height 374
2019-04-23 17:59:00.377 [INF] MINR /home/kpachhai/dev/src/github.com/elastos/Elastos.ELA.SideChain.ID/vendor/github.com/elastos/Elastos.ELA.SideChain/pow/pow.go:422: difficulty:  520095999
2019-04-23 17:59:05.741 [INF] BCDB /home/kpachhai/dev/src/github.com/elastos/Elastos.ELA.SideChain.ID/vendor/github.com/elastos/Elastos.ELA.SideChain/blockchain/blockchain.go:1032: current height ->  202
2019-04-23 17:59:05.845 [INF] SPVS /home/kpachhai/dev/src/github.com/elastos/Elastos.ELA.SideChain.ID/vendor/github.com/elastos/Elastos.ELA.SPV/sync/manager.go:413: Received block fa7ac882e112ae86dcc00877b266d0ddfb73770e51da582e5ea7c8e048bd3c66 at height 375
2019-04-23 17:59:12.417 [INF] MINR /home/kpachhai/dev/src/github.com/elastos/Elastos.ELA.SideChain.ID/vendor/github.com/elastos/Elastos.ELA.SideChain/pow/pow.go:298: <================POW Mining==============>

2019-04-23 17:59:12.418 [INF] MINR /home/kpachhai/dev/src/github.com/elastos/Elastos.ELA.SideChain.ID/vendor/github.com/elastos/Elastos.ELA.SideChain/pow/pow.go:422: difficulty:  520095999
2019-04-23 17:59:14.990 [INF] BCDB /home/kpachhai/dev/src/github.com/elastos/Elastos.ELA.SideChain.ID/vendor/github.com/elastos/Elastos.ELA.SideChain/blockchain/blockchain.go:1032: current height ->  203
2019-04-23 17:59:14.990 [INF] MINR /home/kpachhai/dev/src/github.com/elastos/Elastos.ELA.SideChain.ID/vendor/github.com/elastos/Elastos.ELA.SideChain/pow/pow.go:298: <================POW Mining==============>

2019-04-23 17:59:14.990 [INF] MINR /home/kpachhai/dev/src/github.com/elastos/Elastos.ELA.SideChain.ID/vendor/github.com/elastos/Elastos.ELA.SideChain/pow/pow.go:422: difficulty:  520095999
2019-04-23 17:59:17.751 [INF] SPVS /home/kpachhai/dev/src/github.com/elastos/Elastos.ELA.SideChain.ID/vendor/github.com/elastos/Elastos.ELA.SPV/sync/manager.go:413: Received block 99f1b6e7152dfa1d98c0f029c1d0d652ce0728b6f700bbf4e6b6650f5aec7892 at height 376
2019-04-23 17:59:21.282 [INF] SPVS /home/kpachhai/dev/src/github.com/elastos/Elastos.ELA.SideChain.ID/vendor/github.com/elastos/Elastos.ELA.SPV/sync/manager.go:413: Received block 2885ff4fbf8f3acf9bbc900cd499a7037d2ff296d287af38b30bf3e07ebc4782 at height 377
2019-04-23 17:59:27.126 [INF] SPVS /home/kpachhai/dev/src/github.com/elastos/Elastos.ELA.SideChain.ID/vendor/github.com/elastos/Elastos.ELA.SPV/sync/manager.go:413: Received block 5e095f0e7c042068a4a923d34b247d733988153ee3eb5893d139d9fe2cf78d1d at height 378
2019-04-23 17:59:27.780 [INF] MINR /home/kpachhai/dev/src/github.com/elastos/Elastos.ELA.SideChain.ID/vendor/github.com/elastos/Elastos.ELA.SideChain/pow/pow.go:422: difficulty:  520095999
2019-04-23 17:59:30.920 [INF] SPVS /home/kpachhai/dev/src/github.com/elastos/Elastos.ELA.SideChain.ID/vendor/github.com/elastos/Elastos.ELA.SPV/sync/manager.go:413: Received block 500423af99678a99d12b4cee46384f39ed2f6aa22c2bc446dc59cb42a02388a0 at height 379
2019-04-23 17:59:40.195 [INF] SPVS /home/kpachhai/dev/src/github.com/elastos/Elastos.ELA.SideChain.ID/vendor/github.com/elastos/Elastos.ELA.SPV/sync/manager.go:413: Received block 4b97129a1ca27a30aef188efa827bd9570892919afb8b788dc22547339bddb25 at height 380
2019-04-23 17:59:40.654 [INF] BCDB /home/kpachhai/dev/src/github.com/elastos/Elastos.ELA.SideChain.ID/vendor/github.com/elastos/Elastos.ELA.SideChain/blockchain/blockchain.go:1032: current height ->  204
2019-04-23 17:59:42.420 [INF] MINR /home/kpachhai/dev/src/github.com/elastos/Elastos.ELA.SideChain.ID/vendor/github.com/elastos/Elastos.ELA.SideChain/pow/pow.go:298: <================POW Mining==============>

2019-04-23 17:59:42.420 [INF] MINR /home/kpachhai/dev/src/github.com/elastos/Elastos.ELA.SideChain.ID/vendor/github.com/elastos/Elastos.ELA.SideChain/pow/pow.go:422: difficulty:  520095999
2019-04-23 17:59:46.989 [INF] SPVS /home/kpachhai/dev/src/github.com/elastos/Elastos.ELA.SideChain.ID/vendor/github.com/elastos/Elastos.ELA.SPV/sync/manager.go:413: Received block 1718018b81b70f9aeb6ebdfeecdbf680903e4ef545a3d741c83aff751c64bcf2 at height 381
2019-04-23 17:59:57.400 [INF] STAT: -> 204 [203 127.0.0.1:42700 (inbound)]
2019-04-23 17:59:58.779 [INF] SPVS /home/kpachhai/dev/src/github.com/elastos/Elastos.ELA.SideChain.ID/vendor/github.com/elastos/Elastos.ELA.SPV/sync/manager.go:413: Received block 7b69de8c23d4acedfc003b50b36421bd49471a62625fea42a869285f10aa9f48 at height 382
2019-04-23 17:59:59.452 [INF] MINR /home/kpachhai/dev/src/github.com/elastos/Elastos.ELA.SideChain.ID/vendor/github.com/elastos/Elastos.ELA.SideChain/pow/pow.go:422: difficulty:  520095999
2019-04-23 18:00:09.214 [INF] SPVS /home/kpachhai/dev/src/github.com/elastos/Elastos.ELA.SideChain.ID/vendor/github.com/elastos/Elastos.ELA.SPV/sync/manager.go:413: Received block b8b4a71230f8e4de479aeffd1cfe29f0fc46b42583eb3f5070ef5977e9d7681a at height 383
2019-04-23 18:00:11.763 [INF] BCDB /home/kpachhai/dev/src/github.com/elastos/Elastos.ELA.SideChain.ID/vendor/github.com/elastos/Elastos.ELA.SideChain/blockchain/blockchain.go:1032: current height ->  205
2019-04-23 18:00:12.440 [INF] MINR /home/kpachhai/dev/src/github.com/elastos/Elastos.ELA.SideChain.ID/vendor/github.com/elastos/Elastos.ELA.SideChain/pow/pow.go:298: <================POW Mining==============>

2019-04-23 18:00:12.440 [INF] MINR /home/kpachhai/dev/src/github.com/elastos/Elastos.ELA.SideChain.ID/vendor/github.com/elastos/Elastos.ELA.SideChain/pow/pow.go:422: difficulty:  520095999
2019-04-23 18:00:19.492 [INF] SPVS /home/kpachhai/dev/src/github.com/elastos/Elastos.ELA.SideChain.ID/vendor/github.com/elastos/Elastos.ELA.SPV/sync/manager.go:413: Received block 558ca5efafae7328220c24b4f04ebc03b6b5714624886e2f76167c0cddf3bd86 at height 384
2019-04-23 18:00:26.979 [INF] BCDB /home/kpachhai/dev/src/github.com/elastos/Elastos.ELA.SideChain.ID/vendor/github.com/elastos/Elastos.ELA.SideChain/blockchain/blockchain.go:1032: current height ->  206
2019-04-23 18:00:27.418 [INF] MINR /home/kpachhai/dev/src/github.com/elastos/Elastos.ELA.SideChain.ID/vendor/github.com/elastos/Elastos.ELA.SideChain/pow/pow.go:298: <================POW Mining==============>

2019-04-23 18:00:27.419 [INF] MINR /home/kpachhai/dev/src/github.com/elastos/Elastos.ELA.SideChain.ID/vendor/github.com/elastos/Elastos.ELA.SideChain/pow/pow.go:422: difficulty:  520095999
2019-04-23 18:00:30.005 [INF] SPVS /home/kpachhai/dev/src/github.com/elastos/Elastos.ELA.SideChain.ID/vendor/github.com/elastos/Elastos.ELA.SPV/sync/manager.go:413: Received block a28ed7e10bbf6054ea3f8f6708e2bd9dc5d3ebb3d937adf9f579eb52c46d03b2 at height 385
2019-04-23 18:00:40.227 [INF] BCDB /home/kpachhai/dev/src/github.com/elastos/Elastos.ELA.SideChain.ID/vendor/github.com/elastos/Elastos.ELA.SideChain/blockchain/blockchain.go:1032: current height ->  207
2019-04-23 18:00:40.229 [INF] MINR /home/kpachhai/dev/src/github.com/elastos/Elastos.ELA.SideChain.ID/vendor/github.com/elastos/Elastos.ELA.SideChain/pow/pow.go:298: <================POW Mining==============>

2019-04-23 18:00:40.229 [INF] MINR /home/kpachhai/dev/src/github.com/elastos/Elastos.ELA.SideChain.ID/vendor/github.com/elastos/Elastos.ELA.SideChain/pow/pow.go:422: difficulty:  520095999
2019-04-23 18:00:48.172 [INF] SPVS /home/kpachhai/dev/src/github.com/elastos/Elastos.ELA.SideChain.ID/vendor/github.com/elastos/Elastos.ELA.SPV/sync/manager.go:413: Received block b3b2b1f9b47628dc4eaa3a60b29a570fe01eb3e33a88cf0e4a8d43ede7e12c84 at height 386
2019-04-23 18:00:48.480 [INF] BCDB /home/kpachhai/dev/src/github.com/elastos/Elastos.ELA.SideChain.ID/vendor/github.com/elastos/Elastos.ELA.SideChain/blockchain/blockchain.go:1032: current height ->  208
2019-04-23 18:00:48.538 [INF] MINR /home/kpachhai/dev/src/github.com/elastos/Elastos.ELA.SideChain.ID/vendor/github.com/elastos/Elastos.ELA.SideChain/pow/pow.go:422: difficulty:  520095999
2019-04-23 18:00:50.481 [INF] BCDB /home/kpachhai/dev/src/github.com/elastos/Elastos.ELA.SideChain.ID/vendor/github.com/elastos/Elastos.ELA.SideChain/blockchain/blockchain.go:1032: current height ->  209
2019-04-23 18:00:50.552 [INF] MINR /home/kpachhai/dev/src/github.com/elastos/Elastos.ELA.SideChain.ID/vendor/github.com/elastos/Elastos.ELA.SideChain/pow/pow.go:422: difficulty:  520095999
2019-04-23 18:00:53.634 [INF] SPVS /home/kpachhai/dev/src/github.com/elastos/Elastos.ELA.SideChain.ID/vendor/github.com/elastos/Elastos.ELA.SPV/sync/manager.go:413: Received block c82bb45a261bb864e90da35bfd8f49c890de08b8942632079f4b096853b27835 at height 387
2019-04-23 18:00:57.396 [INF] STAT: -> 209 [206 127.0.0.1:42700 (inbound)]
2019-04-23 18:00:57.415 [INF] MINR /home/kpachhai/dev/src/github.com/elastos/Elastos.ELA.SideChain.ID/vendor/github.com/elastos/Elastos.ELA.SideChain/pow/pow.go:298: <================POW Mining==============>

2019-04-23 18:00:57.415 [INF] MINR /home/kpachhai/dev/src/github.com/elastos/Elastos.ELA.SideChain.ID/vendor/github.com/elastos/Elastos.ELA.SideChain/pow/pow.go:422: difficulty:  520095999
2019-04-23 18:00:59.114 [INF] SPVS /home/kpachhai/dev/src/github.com/elastos/Elastos.ELA.SideChain.ID/vendor/github.com/elastos/Elastos.ELA.SPV/sync/manager.go:413: Received block 771994223b2a8b9f37158728a31dcbdbe6b98c8394095c9a7f229d12ecb9f087 at height 388
2019-04-23 18:01:05.899 [INF] SPVS /home/kpachhai/dev/src/github.com/elastos/Elastos.ELA.SideChain.ID/vendor/github.com/elastos/Elastos.ELA.SPV/sync/manager.go:413: Received block 0283d125c1ca96a604099f9c0c9ef07f902a7774b21169a8634e65dd617ea655 at height 389
2019-04-23 18:01:10.718 [INF] BCDB /home/kpachhai/dev/src/github.com/elastos/Elastos.ELA.SideChain.ID/vendor/github.com/elastos/Elastos.ELA.SideChain/blockchain/blockchain.go:1032: current height ->  210
2019-04-23 18:01:12.234 [INF] SPVS /home/kpachhai/dev/src/github.com/elastos/Elastos.ELA.SideChain.ID/vendor/github.com/elastos/Elastos.ELA.SPV/sync/manager.go:274: Lost peer 127.0.0.1:10015 (outbound)
2019-04-23 18:01:12.234 [INF] SPVS /home/kpachhai/dev/src/github.com/elastos/Elastos.ELA.SideChain.ID/vendor/github.com/elastos/Elastos.ELA.SPV/sync/manager.go:192: Syncing to block height 389 from peer 127.0.0.1:10415
2019-04-23 18:01:12.422 [INF] MINR /home/kpachhai/dev/src/github.com/elastos/Elastos.ELA.SideChain.ID/vendor/github.com/elastos/Elastos.ELA.SideChain/pow/pow.go:298: <================POW Mining==============>

2019-04-23 18:01:12.433 [INF] MINR /home/kpachhai/dev/src/github.com/elastos/Elastos.ELA.SideChain.ID/vendor/github.com/elastos/Elastos.ELA.SideChain/pow/pow.go:422: difficulty:  520095999
2019-04-23 18:01:14.764 [INF] SPVS /home/kpachhai/dev/src/github.com/elastos/Elastos.ELA.SideChain.ID/vendor/github.com/elastos/Elastos.ELA.SPV/sync/manager.go:274: Lost peer 127.0.0.1:10115 (outbound)
2019-04-23 18:01:15.505 [INF] SPVS /home/kpachhai/dev/src/github.com/elastos/Elastos.ELA.SideChain.ID/vendor/github.com/elastos/Elastos.ELA.SPV/sync/manager.go:274: Lost peer 127.0.0.1:10215 (outbound)
2019-04-23 18:01:16.252 [INF] SPVS /home/kpachhai/dev/src/github.com/elastos/Elastos.ELA.SideChain.ID/vendor/github.com/elastos/Elastos.ELA.SPV/sync/manager.go:274: Lost peer 127.0.0.1:10315 (outbound)
2019-04-23 18:01:17.131 [INF] SPVS /home/kpachhai/dev/src/github.com/elastos/Elastos.ELA.SideChain.ID/vendor/github.com/elastos/Elastos.ELA.SPV/sync/manager.go:274: Lost peer 127.0.0.1:10415 (outbound)
2019-04-23 18:01:17.131 [WRN] SPVS /home/kpachhai/dev/src/github.com/elastos/Elastos.ELA.SideChain.ID/vendor/github.com/elastos/Elastos.ELA.SPV/sync/manager.go:183: No sync peer candidates available
2019-04-23 18:01:17.862 [ERR] ELAD /home/kpachhai/dev/src/github.com/elastos/Elastos.ELA.SideChain.ID/main.go:204: Start HttpRESTful server failed, http: Server closed
2019-04-23 18:01:17.862 [WRN] SRVR /home/kpachhai/dev/src/github.com/elastos/Elastos.ELA.SideChain.ID/vendor/github.com/elastos/Elastos.ELA.SideChain/server/server.go:758: Server shutting down
2019-04-23 18:01:17.862 [WRN] SRVR /home/kpachhai/dev/src/github.com/elastos/Elastos.ELA.SideChain.ID/vendor/github.com/elastos/Elastos.ELA/p2p/server/server.go:955: server shutting down
2019-04-23 18:01:17.862 [WRN] SRVR /home/kpachhai/dev/src/github.com/elastos/Elastos.ELA.SideChain.ID/vendor/github.com/elastos/Elastos.ELA/p2p/server/server.go:955: server shutting down
2019-04-23 18:01:17.863 [INF] SPVS /home/kpachhai/dev/src/github.com/elastos/Elastos.ELA.SideChain.ID/vendor/github.com/elastos/Elastos.ELA.SPV/sync/manager.go:728: Sync manager shutting down
2019-04-23 18:01:17.863 [ERR] ELAD /home/kpachhai/dev/src/github.com/elastos/Elastos.ELA.SideChain.ID/main.go:196: Start HttpJsonRpc server failed, http: Server closed
2019-04-23 18:01:17.864 [INF] SYNC /home/kpachhai/dev/src/github.com/elastos/Elastos.ELA.SideChain.ID/vendor/github.com/elastos/Elastos.ELA.SideChain/netsync/manager.go:799: Sync manager shutting down
2019-04-23 18:01:17.866 [INF] SPVS /home/kpachhai/dev/src/github.com/elastos/Elastos.ELA.SideChain.ID/vendor/github.com/elastos/Elastos.ELA.SPV/sdk/service.go:479: SPV service stopped...
