2019/04/24 03:40:37.542916 [1;35m[INF][m GID 1, Node version: 
2019/04/24 03:40:37.553141 [1;35m[INF][m GID 1, go version go1.11.5 linux/amd64
2019/04/24 03:40:38.003016 [1;35m[INF][m GID 1, Start the manager
[ ========== BLOCKCHAIN INITIALIZE STARTED ========== ]
 0 / 404    0.00% 405 / 404  100.25% 0s
[ ========== BLOCKCHAIN INITIALIZE FINISHED ========== ]
2019/04/24 03:40:38.399577 [1;35m[INF][m GID 1, Start the P2P networks
2019/04/24 03:40:38.399598 [1;35m[INF][m GID 1, Start services
2019/04/24 03:40:38.462145 [1;35m[INF][m GID 72, New valid peer 172.18.0.2:10115 (outbound)
2019/04/24 03:40:38.472235 [1;35m[INF][m GID 72, Syncing to block height 504 from peer 172.18.0.2:10115
2019/04/24 03:40:39.056423 [1;35m[INF][m GID 72, New valid peer 172.18.0.3:43856 (inbound)
2019/04/24 03:40:41.367126 [1;35m[INF][m GID 72, New valid peer 172.18.0.6:48658 (inbound)
2019/04/24 03:40:42.447242 [1;35m[INF][m GID 72, New valid peer 172.18.0.7:47446 (inbound)
2019/04/24 03:40:42.879850 [1;35m[INF][m GID 72, New valid peer 172.18.0.2:36212 (inbound)
2019/04/24 03:40:43.126920 [1;35m[INF][m GID 72, New valid peer 172.18.0.8:50360 (inbound)
2019/04/24 03:40:43.400227 [1;35m[INF][m GID 1, Start consensus
2019/04/24 03:40:43.400483 [1;35m[INF][m GID 1, Start POW Services
2019/04/24 03:40:43.400716 [1;35m[INF][m GID 308, difficulty:  520095999
2019/04/24 03:40:43.530376 [1;35m[INF][m GID 72, New valid peer 172.18.0.8:10415 (outbound)
2019/04/24 03:40:43.534737 [1;35m[INF][m GID 72, New valid peer 172.18.0.7:10515 (outbound)
2019/04/24 03:40:43.535591 [1;35m[INF][m GID 72, New valid peer 172.18.0.3:10015 (outbound)
2019/04/24 03:40:43.537896 [1;35m[INF][m GID 72, New valid peer 172.18.0.6:10215 (outbound)
2019/04/24 03:40:44.588205 [1;35m[INF][m GID 72, New valid peer 172.18.0.9:53750 (inbound)
2019/04/24 03:40:45.448339 [1;35m[INF][m GID 62, [ConfirmBlock] block hash: ab0247527ff00e5950c790339c04699b7a15c1ffe723961760573b55ec758d87
2019/04/24 03:40:45.514567 [1;35m[INF][m GID 72, Rejected block ab0247527ff00e5950c790339c04699b7a15c1ffe723961760573b55ec758d87 from 172.18.0.2:10115 (outbound): duplicate block in pool
2019/04/24 03:40:45.677007 [1;35m[INF][m GID 72, [ConfirmBlock] block hash: ab0247527ff00e5950c790339c04699b7a15c1ffe723961760573b55ec758d87
2019/04/24 03:40:45.677134 [1;35m[INF][m GID 72, [ConfirmBlock] block height: 505
2019/04/24 03:40:45.700501 [1;35m[INF][m GID 72, 
CURRENT ARBITERS
DUTYINDEX: 3
INDEX                                                          PUBLICKEY            NETADDRESS ONDUTY
----- ------------------------------------------------------------------ --------------------- ------
1     021cfade3eddd057d8ca178057a88c4654b15c1ada7ee9ab65517f00beb6977556                        false
2     0295890a17feb7d5191da656089b5daad83f596edcc491f5c91d025b42955a9f25                        false
3     02eafcd36390b064431b82a4b2934f6d93fddfcfa4a86602b2ae32d858b8d3bcd7 ela-mainchain-crc-4:10416   true
4     032e74c386af5d672cb196334f2b6ee6451d61f2257f0837ea7af340ef4dea4e1a ela-mainchain-crc-3:10316  false
5     0353197d11802fe0cd5409f064822b896ceaa675ea596287f1e5ce009be7684f08 ela-mainchain-crc-2:10216  false
6     0386206d1d442f5c8ddcc9ae45ab85d921b6ade3a184f43b7ccf6de02f3ca0b450 ela-mainchain-crc-1:10116  false
----- ------------------------------------------------------------------ --------------------- ------
NEXT ARBITERS
INDEX                                                          PUBLICKEY            NETADDRESS
----- ------------------------------------------------------------------ ---------------------
1     0386206d1d442f5c8ddcc9ae45ab85d921b6ade3a184f43b7ccf6de02f3ca0b450 ela-mainchain-crc-1:10116
2     0353197d11802fe0cd5409f064822b896ceaa675ea596287f1e5ce009be7684f08 ela-mainchain-crc-2:10216
3     032e74c386af5d672cb196334f2b6ee6451d61f2257f0837ea7af340ef4dea4e1a ela-mainchain-crc-3:10316
4     02eafcd36390b064431b82a4b2934f6d93fddfcfa4a86602b2ae32d858b8d3bcd7 ela-mainchain-crc-4:10416
5     021cfade3eddd057d8ca178057a88c4654b15c1ada7ee9ab65517f00beb6977556                      
6     0295890a17feb7d5191da656089b5daad83f596edcc491f5c91d025b42955a9f25                      
----- ------------------------------------------------------------------ ---------------------
CURRENT CANDIDATES
INDEX                                                          PUBLICKEY            NETADDRESS
----- ------------------------------------------------------------------ ---------------------
----- ------------------------------------------------------------------ ---------------------
NEXT CANDIDATES
INDEX                                                          PUBLICKEY            NETADDRESS
----- ------------------------------------------------------------------ ---------------------
----- ------------------------------------------------------------------ ---------------------
2019/04/24 03:40:46.562081 [1;35m[INF][m GID 72, New valid peer 172.18.0.9:10615 (outbound)
2019/04/24 03:40:48.427730 [1;35m[INF][m GID 308, five second countdown ends. Re-generate block.
2019/04/24 03:40:48.429200 [1;35m[INF][m GID 308, difficulty:  520095999
2019/04/24 03:40:50.244083 [1;35m[INF][m GID 72, New valid peer 172.18.0.10:49598 (inbound)
2019/04/24 03:40:51.704798 [1;35m[INF][m GID 72, New valid peer 172.18.0.16:51928 (inbound)
2019/04/24 03:40:51.902010 [1;35m[INF][m GID 72, New valid peer 172.18.0.12:50154 (inbound)
2019/04/24 03:40:54.066538 [1;35m[INF][m GID 308, five second countdown ends. Re-generate block.
2019/04/24 03:40:54.276538 [1;35m[INF][m GID 308, difficulty:  520095999
2019/04/24 03:40:58.058465 [1;35m[INF][m GID 308, <================Solved Block==============>
2019/04/24 03:40:58.219713 [1;35m[INF][m GID 308, [ConfirmBlock] block hash: fa065c8a40de445ef7ab2830d55645d3ab2692da16f328317a9ffb643a9eaf31
2019/04/24 03:40:58.310728 [1;35m[INF][m GID 308, difficulty:  520095999
2019/04/24 03:41:00.528716 [1;35m[INF][m GID 62, [ConfirmBlock] block hash: fa065c8a40de445ef7ab2830d55645d3ab2692da16f328317a9ffb643a9eaf31
2019/04/24 03:41:00.543837 [1;35m[INF][m GID 62, [ConfirmBlock] block height: 506
2019/04/24 03:41:00.888593 [1;35m[INF][m GID 62, 
CURRENT ARBITERS
DUTYINDEX: 4
INDEX                                                          PUBLICKEY            NETADDRESS ONDUTY
----- ------------------------------------------------------------------ --------------------- ------
1     021cfade3eddd057d8ca178057a88c4654b15c1ada7ee9ab65517f00beb6977556                        false
2     0295890a17feb7d5191da656089b5daad83f596edcc491f5c91d025b42955a9f25                        false
3     02eafcd36390b064431b82a4b2934f6d93fddfcfa4a86602b2ae32d858b8d3bcd7 ela-mainchain-crc-4:10416  false
4     032e74c386af5d672cb196334f2b6ee6451d61f2257f0837ea7af340ef4dea4e1a ela-mainchain-crc-3:10316   true
5     0353197d11802fe0cd5409f064822b896ceaa675ea596287f1e5ce009be7684f08 ela-mainchain-crc-2:10216  false
6     0386206d1d442f5c8ddcc9ae45ab85d921b6ade3a184f43b7ccf6de02f3ca0b450 ela-mainchain-crc-1:10116  false
----- ------------------------------------------------------------------ --------------------- ------
NEXT ARBITERS
INDEX                                                          PUBLICKEY            NETADDRESS
----- ------------------------------------------------------------------ ---------------------
1     0386206d1d442f5c8ddcc9ae45ab85d921b6ade3a184f43b7ccf6de02f3ca0b450 ela-mainchain-crc-1:10116
2     0353197d11802fe0cd5409f064822b896ceaa675ea596287f1e5ce009be7684f08 ela-mainchain-crc-2:10216
3     032e74c386af5d672cb196334f2b6ee6451d61f2257f0837ea7af340ef4dea4e1a ela-mainchain-crc-3:10316
4     02eafcd36390b064431b82a4b2934f6d93fddfcfa4a86602b2ae32d858b8d3bcd7 ela-mainchain-crc-4:10416
5     021cfade3eddd057d8ca178057a88c4654b15c1ada7ee9ab65517f00beb6977556                      
6     0295890a17feb7d5191da656089b5daad83f596edcc491f5c91d025b42955a9f25                      
----- ------------------------------------------------------------------ ---------------------
CURRENT CANDIDATES
INDEX                                                          PUBLICKEY            NETADDRESS
----- ------------------------------------------------------------------ ---------------------
----- ------------------------------------------------------------------ ---------------------
NEXT CANDIDATES
INDEX                                                          PUBLICKEY            NETADDRESS
----- ------------------------------------------------------------------ ---------------------
----- ------------------------------------------------------------------ ---------------------
2019/04/24 03:41:00.903607 [1;35m[INF][m GID 72, New valid peer 172.18.0.13:34440 (inbound)
2019/04/24 03:41:01.179492 [1;35m[INF][m GID 72, New valid peer 172.18.0.19:52796 (inbound)
2019/04/24 03:41:01.856393 [1;35m[INF][m GID 72, New valid peer 172.18.0.14:37626 (inbound)
2019/04/24 03:41:02.657660 [1;35m[INF][m GID 72, New valid peer 172.18.0.17:60756 (inbound)
2019/04/24 03:41:03.233794 [1;35m[INF][m GID 72, New valid peer 172.18.0.20:43180 (inbound)
2019/04/24 03:41:03.334627 [1;35m[INF][m GID 72, New valid peer 172.18.0.18:45148 (inbound)
2019/04/24 03:41:03.402248 [1;35m[INF][m GID 308, five second countdown ends. Re-generate block.
2019/04/24 03:41:03.402408 [1;35m[INF][m GID 308, difficulty:  520095999
2019/04/24 03:41:05.718480 [1;35m[INF][m GID 72, [ConfirmBlock] block hash: b9d17d01d81857191cb8bd6e5524c172d3cdfd21e7274cf6acecf01e4a20d375
2019/04/24 03:41:06.108014 [1;35m[INF][m GID 62, [ConfirmBlock] block hash: b9d17d01d81857191cb8bd6e5524c172d3cdfd21e7274cf6acecf01e4a20d375
2019/04/24 03:41:06.114125 [1;35m[INF][m GID 62, [ConfirmBlock] block height: 507
2019/04/24 03:41:06.122292 [1;35m[INF][m GID 62, 
CURRENT ARBITERS
DUTYINDEX: 5
INDEX                                                          PUBLICKEY            NETADDRESS ONDUTY
----- ------------------------------------------------------------------ --------------------- ------
1     021cfade3eddd057d8ca178057a88c4654b15c1ada7ee9ab65517f00beb6977556                        false
2     0295890a17feb7d5191da656089b5daad83f596edcc491f5c91d025b42955a9f25                        false
3     02eafcd36390b064431b82a4b2934f6d93fddfcfa4a86602b2ae32d858b8d3bcd7 ela-mainchain-crc-4:10416  false
4     032e74c386af5d672cb196334f2b6ee6451d61f2257f0837ea7af340ef4dea4e1a ela-mainchain-crc-3:10316  false
5     0353197d11802fe0cd5409f064822b896ceaa675ea596287f1e5ce009be7684f08 ela-mainchain-crc-2:10216   true
6     0386206d1d442f5c8ddcc9ae45ab85d921b6ade3a184f43b7ccf6de02f3ca0b450 ela-mainchain-crc-1:10116  false
----- ------------------------------------------------------------------ --------------------- ------
NEXT ARBITERS
INDEX                                                          PUBLICKEY            NETADDRESS
----- ------------------------------------------------------------------ ---------------------
1     0386206d1d442f5c8ddcc9ae45ab85d921b6ade3a184f43b7ccf6de02f3ca0b450 ela-mainchain-crc-1:10116
2     0353197d11802fe0cd5409f064822b896ceaa675ea596287f1e5ce009be7684f08 ela-mainchain-crc-2:10216
3     032e74c386af5d672cb196334f2b6ee6451d61f2257f0837ea7af340ef4dea4e1a ela-mainchain-crc-3:10316
4     02eafcd36390b064431b82a4b2934f6d93fddfcfa4a86602b2ae32d858b8d3bcd7 ela-mainchain-crc-4:10416
5     021cfade3eddd057d8ca178057a88c4654b15c1ada7ee9ab65517f00beb6977556                      
6     0295890a17feb7d5191da656089b5daad83f596edcc491f5c91d025b42955a9f25                      
----- ------------------------------------------------------------------ ---------------------
CURRENT CANDIDATES
INDEX                                                          PUBLICKEY            NETADDRESS
----- ------------------------------------------------------------------ ---------------------
----- ------------------------------------------------------------------ ---------------------
NEXT CANDIDATES
INDEX                                                          PUBLICKEY            NETADDRESS
----- ------------------------------------------------------------------ ---------------------
----- ------------------------------------------------------------------ ---------------------
2019/04/24 03:41:08.407961 [1;35m[INF][m GID 308, five second countdown ends. Re-generate block.
2019/04/24 03:41:08.411129 [1;35m[INF][m GID 308, difficulty:  520095999
2019/04/24 03:41:11.996781 [1;35m[INF][m GID 62, [ConfirmBlock] block hash: ac89ccc83e11eb96521c89600598def706144e66c6c9da04be4c50cb6a60919c
2019/04/24 03:41:12.059115 [1;35m[INF][m GID 72, Rejected block ac89ccc83e11eb96521c89600598def706144e66c6c9da04be4c50cb6a60919c from 172.18.0.3:43856 (inbound): duplicate block in pool
2019/04/24 03:41:12.441092 [1;35m[INF][m GID 72, [ConfirmBlock] block hash: ac89ccc83e11eb96521c89600598def706144e66c6c9da04be4c50cb6a60919c
2019/04/24 03:41:12.485762 [1;35m[INF][m GID 72, [ConfirmBlock] block height: 508
2019/04/24 03:41:13.555817 [1;35m[INF][m GID 308, five second countdown ends. Re-generate block.
2019/04/24 03:41:13.557674 [1;35m[INF][m GID 308, difficulty:  520095999
2019/04/24 03:41:18.700669 [1;35m[INF][m GID 308, five second countdown ends. Re-generate block.
2019/04/24 03:41:18.710750 [1;35m[INF][m GID 308, difficulty:  520095999
2019/04/24 03:41:23.715001 [1;35m[INF][m GID 308, five second countdown ends. Re-generate block.
2019/04/24 03:41:23.716146 [1;35m[INF][m GID 308, difficulty:  520095999
2019/04/24 03:41:28.722274 [1;35m[INF][m GID 308, five second countdown ends. Re-generate block.
2019/04/24 03:41:28.724820 [1;35m[INF][m GID 308, difficulty:  520095999
2019/04/24 03:41:33.729462 [1;35m[INF][m GID 308, five second countdown ends. Re-generate block.
2019/04/24 03:41:33.732338 [1;35m[INF][m GID 308, difficulty:  520095999
2019/04/24 03:41:37.082179 [1;35m[INF][m GID 72, [ConfirmBlock] block hash: 49d06bb5339aa352999e8cc9ca413308ae9f95cd45c7a0120449ce68f888b25b
2019/04/24 03:41:37.214034 [1;35m[INF][m GID 62, [ConfirmBlock] block hash: 49d06bb5339aa352999e8cc9ca413308ae9f95cd45c7a0120449ce68f888b25b
2019/04/24 03:41:37.214218 [1;35m[INF][m GID 62, [ConfirmBlock] block height: 509
2019/04/24 03:41:37.321736 [1;35m[INF][m GID 62, 
CURRENT ARBITERS
DUTYINDEX: 1
INDEX                                                          PUBLICKEY            NETADDRESS ONDUTY
----- ------------------------------------------------------------------ --------------------- ------
1     021cfade3eddd057d8ca178057a88c4654b15c1ada7ee9ab65517f00beb6977556                         true
2     0295890a17feb7d5191da656089b5daad83f596edcc491f5c91d025b42955a9f25                        false
3     02eafcd36390b064431b82a4b2934f6d93fddfcfa4a86602b2ae32d858b8d3bcd7 ela-mainchain-crc-4:10416  false
4     032e74c386af5d672cb196334f2b6ee6451d61f2257f0837ea7af340ef4dea4e1a ela-mainchain-crc-3:10316  false
5     0353197d11802fe0cd5409f064822b896ceaa675ea596287f1e5ce009be7684f08 ela-mainchain-crc-2:10216  false
6     0386206d1d442f5c8ddcc9ae45ab85d921b6ade3a184f43b7ccf6de02f3ca0b450 ela-mainchain-crc-1:10116  false
----- ------------------------------------------------------------------ --------------------- ------
NEXT ARBITERS
INDEX                                                          PUBLICKEY            NETADDRESS
----- ------------------------------------------------------------------ ---------------------
1     0386206d1d442f5c8ddcc9ae45ab85d921b6ade3a184f43b7ccf6de02f3ca0b450 ela-mainchain-crc-1:10116
2     0353197d11802fe0cd5409f064822b896ceaa675ea596287f1e5ce009be7684f08 ela-mainchain-crc-2:10216
3     032e74c386af5d672cb196334f2b6ee6451d61f2257f0837ea7af340ef4dea4e1a ela-mainchain-crc-3:10316
4     02eafcd36390b064431b82a4b2934f6d93fddfcfa4a86602b2ae32d858b8d3bcd7 ela-mainchain-crc-4:10416
5     021cfade3eddd057d8ca178057a88c4654b15c1ada7ee9ab65517f00beb6977556                      
6     0295890a17feb7d5191da656089b5daad83f596edcc491f5c91d025b42955a9f25                      
----- ------------------------------------------------------------------ ---------------------
CURRENT CANDIDATES
INDEX                                                          PUBLICKEY            NETADDRESS
----- ------------------------------------------------------------------ ---------------------
----- ------------------------------------------------------------------ ---------------------
NEXT CANDIDATES
INDEX                                                          PUBLICKEY            NETADDRESS
----- ------------------------------------------------------------------ ---------------------
----- ------------------------------------------------------------------ ---------------------
2019/04/24 03:41:37.410220 [1;35m[INF][m GID 72, [ConfirmBlock] block hash: 49d06bb5339aa352999e8cc9ca413308ae9f95cd45c7a0120449ce68f888b25b
2019/04/24 03:41:37.419439 [1;35m[INF][m GID 72, [ConfirmBlock] block height: 509
2019-04-24 03:41:38.400 [INF] STAT: -> 509 [508 172.18.0.13:34440 (inbound), 507 172.18.0.6:48658 (inbound), 508 172.18.0.9:53750 (inbound), 508 172.18.0.17:60756 (inbound), 508 172.18.0.20:43180 (inbound), 508 172.18.0.18:45148 (inbound), 507 172.18.0.3:43856 (inbound), 508 172.18.0.7:47446 (inbound), 508 172.18.0.12:50154 (inbound), 508 172.18.0.16:51928 (inbound), 508 172.18.0.19:52796 (inbound), 508 172.18.0.14:37626 (inbound), 508 172.18.0.2:36212 (inbound), 508 172.18.0.8:50360 (inbound), 508 172.18.0.10:49598 (inbound), 507 172.18.0.2:10115 (outbound), 508 172.18.0.3:10015 (outbound), 508 172.18.0.6:10215 (outbound), 508 172.18.0.9:10615 (outbound), 508 172.18.0.8:10415 (outbound), 508 172.18.0.7:10515 (outbound)]
2019/04/24 03:41:38.739203 [1;35m[INF][m GID 308, five second countdown ends. Re-generate block.
2019/04/24 03:41:38.739403 [1;35m[INF][m GID 308, difficulty:  520095999
2019/04/24 03:41:41.880321 [1;35m[INF][m GID 62, [ConfirmBlock] block hash: 2d6763bc1cb1dfcfd545d9780c88da0e5b4ac4ab146e4b73099eb3cb2359aebf
2019/04/24 03:41:41.938385 [1;35m[INF][m GID 72, Rejected block 2d6763bc1cb1dfcfd545d9780c88da0e5b4ac4ab146e4b73099eb3cb2359aebf from 172.18.0.6:48658 (inbound): duplicate block in pool
2019/04/24 03:41:41.949049 [1;35m[INF][m GID 62, [ConfirmBlock] block hash: 2d6763bc1cb1dfcfd545d9780c88da0e5b4ac4ab146e4b73099eb3cb2359aebf
2019/04/24 03:41:41.951565 [1;35m[INF][m GID 62, [ConfirmBlock] block height: 510
2019/04/24 03:41:41.960931 [1;35m[INF][m GID 62, 
CURRENT ARBITERS
DUTYINDEX: 2
INDEX                                                          PUBLICKEY            NETADDRESS ONDUTY
----- ------------------------------------------------------------------ --------------------- ------
1     021cfade3eddd057d8ca178057a88c4654b15c1ada7ee9ab65517f00beb6977556                        false
2     0295890a17feb7d5191da656089b5daad83f596edcc491f5c91d025b42955a9f25                         true
3     02eafcd36390b064431b82a4b2934f6d93fddfcfa4a86602b2ae32d858b8d3bcd7 ela-mainchain-crc-4:10416  false
4     032e74c386af5d672cb196334f2b6ee6451d61f2257f0837ea7af340ef4dea4e1a ela-mainchain-crc-3:10316  false
5     0353197d11802fe0cd5409f064822b896ceaa675ea596287f1e5ce009be7684f08 ela-mainchain-crc-2:10216  false
6     0386206d1d442f5c8ddcc9ae45ab85d921b6ade3a184f43b7ccf6de02f3ca0b450 ela-mainchain-crc-1:10116  false
----- ------------------------------------------------------------------ --------------------- ------
NEXT ARBITERS
INDEX                                                          PUBLICKEY            NETADDRESS
----- ------------------------------------------------------------------ ---------------------
1     0386206d1d442f5c8ddcc9ae45ab85d921b6ade3a184f43b7ccf6de02f3ca0b450 ela-mainchain-crc-1:10116
2     0353197d11802fe0cd5409f064822b896ceaa675ea596287f1e5ce009be7684f08 ela-mainchain-crc-2:10216
3     032e74c386af5d672cb196334f2b6ee6451d61f2257f0837ea7af340ef4dea4e1a ela-mainchain-crc-3:10316
4     02eafcd36390b064431b82a4b2934f6d93fddfcfa4a86602b2ae32d858b8d3bcd7 ela-mainchain-crc-4:10416
5     021cfade3eddd057d8ca178057a88c4654b15c1ada7ee9ab65517f00beb6977556                      
6     0295890a17feb7d5191da656089b5daad83f596edcc491f5c91d025b42955a9f25                      
----- ------------------------------------------------------------------ ---------------------
CURRENT CANDIDATES
INDEX                                                          PUBLICKEY            NETADDRESS
----- ------------------------------------------------------------------ ---------------------
----- ------------------------------------------------------------------ ---------------------
NEXT CANDIDATES
INDEX                                                          PUBLICKEY            NETADDRESS
----- ------------------------------------------------------------------ ---------------------
----- ------------------------------------------------------------------ ---------------------
2019/04/24 03:41:43.768711 [1;35m[INF][m GID 308, five second countdown ends. Re-generate block.
2019/04/24 03:41:43.769519 [1;35m[INF][m GID 308, difficulty:  520095999
2019/04/24 03:41:48.779515 [1;35m[INF][m GID 308, five second countdown ends. Re-generate block.
2019/04/24 03:41:48.779693 [1;35m[INF][m GID 308, difficulty:  520095999
2019/04/24 03:41:53.805195 [1;35m[INF][m GID 308, five second countdown ends. Re-generate block.
2019/04/24 03:41:53.806161 [1;35m[INF][m GID 308, difficulty:  520095999
2019/04/24 03:41:58.881029 [1;35m[INF][m GID 308, five second countdown ends. Re-generate block.
2019/04/24 03:41:58.881317 [1;35m[INF][m GID 308, difficulty:  520095999
2019/04/24 03:42:00.881351 [1;35m[INF][m GID 72, [ConfirmBlock] block hash: 2b82538e5a63afa84b13518c59b931ae60c85c878a3bbcadb26a07d37ec04977
2019/04/24 03:42:01.059551 [1;35m[INF][m GID 62, [ConfirmBlock] block hash: 2b82538e5a63afa84b13518c59b931ae60c85c878a3bbcadb26a07d37ec04977
2019/04/24 03:42:01.071606 [1;35m[INF][m GID 62, [ConfirmBlock] block height: 511
2019/04/24 03:42:01.108024 [1;35m[INF][m GID 62, 
CURRENT ARBITERS
DUTYINDEX: 3
INDEX                                                          PUBLICKEY            NETADDRESS ONDUTY
----- ------------------------------------------------------------------ --------------------- ------
1     021cfade3eddd057d8ca178057a88c4654b15c1ada7ee9ab65517f00beb6977556                        false
2     0295890a17feb7d5191da656089b5daad83f596edcc491f5c91d025b42955a9f25                        false
3     02eafcd36390b064431b82a4b2934f6d93fddfcfa4a86602b2ae32d858b8d3bcd7 ela-mainchain-crc-4:10416   true
4     032e74c386af5d672cb196334f2b6ee6451d61f2257f0837ea7af340ef4dea4e1a ela-mainchain-crc-3:10316  false
5     0353197d11802fe0cd5409f064822b896ceaa675ea596287f1e5ce009be7684f08 ela-mainchain-crc-2:10216  false
6     0386206d1d442f5c8ddcc9ae45ab85d921b6ade3a184f43b7ccf6de02f3ca0b450 ela-mainchain-crc-1:10116  false
----- ------------------------------------------------------------------ --------------------- ------
NEXT ARBITERS
INDEX                                                          PUBLICKEY            NETADDRESS
----- ------------------------------------------------------------------ ---------------------
1     0386206d1d442f5c8ddcc9ae45ab85d921b6ade3a184f43b7ccf6de02f3ca0b450 ela-mainchain-crc-1:10116
2     0353197d11802fe0cd5409f064822b896ceaa675ea596287f1e5ce009be7684f08 ela-mainchain-crc-2:10216
3     032e74c386af5d672cb196334f2b6ee6451d61f2257f0837ea7af340ef4dea4e1a ela-mainchain-crc-3:10316
4     02eafcd36390b064431b82a4b2934f6d93fddfcfa4a86602b2ae32d858b8d3bcd7 ela-mainchain-crc-4:10416
5     021cfade3eddd057d8ca178057a88c4654b15c1ada7ee9ab65517f00beb6977556                      
6     0295890a17feb7d5191da656089b5daad83f596edcc491f5c91d025b42955a9f25                      
----- ------------------------------------------------------------------ ---------------------
CURRENT CANDIDATES
INDEX                                                          PUBLICKEY            NETADDRESS
----- ------------------------------------------------------------------ ---------------------
----- ------------------------------------------------------------------ ---------------------
NEXT CANDIDATES
INDEX                                                          PUBLICKEY            NETADDRESS
----- ------------------------------------------------------------------ ---------------------
----- ------------------------------------------------------------------ ---------------------
2019/04/24 03:42:03.629644 [1;33m[WRN][m GID 761, [CheckTransactionCoinbaseLock] cannot unlock coinbase transaction output
2019/04/24 03:42:03.630130 [1;33m[WRN][m GID 761, [TxPool CheckTransactionContext] failed 18b97e0954faa223d85670fdb0c20748163c2a72d222537cf78a33ccc2920925
2019/04/24 03:42:03.656206 [1;35m[INF][m GID 761, [httpjsonrpc] VerifyTransaction failed when AppendToTxnPool. Errcode: INTERNAL ERROR, ErrIneffectiveCoinbase
2019/04/24 03:42:03.969990 [1;35m[INF][m GID 308, five second countdown ends. Re-generate block.
2019/04/24 03:42:03.980625 [1;35m[INF][m GID 308, difficulty:  520095999
2019/04/24 03:42:08.993879 [1;35m[INF][m GID 308, five second countdown ends. Re-generate block.
2019/04/24 03:42:09.024547 [1;35m[INF][m GID 308, difficulty:  520095999
2019/04/24 03:42:12.459678 [1;35m[INF][m GID 72, Lost peer 172.18.0.7:47446 (inbound)
2019/04/24 03:42:13.552735 [1;35m[INF][m GID 72, Lost peer 172.18.0.7:10515 (outbound)
2019/04/24 03:42:13.552804 [1;35m[INF][m GID 72, Lost peer 172.18.0.6:10215 (outbound)
2019/04/24 03:42:14.096012 [1;35m[INF][m GID 308, five second countdown ends. Re-generate block.
2019/04/24 03:42:14.096139 [1;35m[INF][m GID 308, difficulty:  520095999
2019/04/24 03:42:18.575774 [1;35m[INF][m GID 72, New valid peer 172.18.0.6:10215 (outbound)
2019/04/24 03:42:18.576074 [1;35m[INF][m GID 72, New valid peer 172.18.0.7:10515 (outbound)
2019/04/24 03:42:19.117312 [1;35m[INF][m GID 308, five second countdown ends. Re-generate block.
2019/04/24 03:42:19.117511 [1;35m[INF][m GID 308, difficulty:  520095999
2019/04/24 03:42:24.239855 [1;35m[INF][m GID 308, five second countdown ends. Re-generate block.
2019/04/24 03:42:24.293110 [1;35m[INF][m GID 308, difficulty:  520095999
2019/04/24 03:42:26.457320 [1;35m[INF][m GID 72, Lost peer 172.18.0.6:48658 (inbound)
2019/04/24 03:42:26.631843 [1;35m[INF][m GID 72, New valid peer 172.18.0.6:49990 (inbound)
2019/04/24 03:42:27.901240 [1;35m[INF][m GID 72, New valid peer 172.18.0.7:48750 (inbound)
2019/04/24 03:42:29.308470 [1;35m[INF][m GID 308, five second countdown ends. Re-generate block.
2019/04/24 03:42:29.308909 [1;35m[INF][m GID 308, difficulty:  520095999
2019/04/24 03:42:31.603002 [1;35m[INF][m GID 72, Lost peer 172.18.0.9:10615 (outbound)
2019/04/24 03:42:34.316535 [1;35m[INF][m GID 308, five second countdown ends. Re-generate block.
2019/04/24 03:42:34.316729 [1;35m[INF][m GID 308, difficulty:  520095999
2019/04/24 03:42:36.674220 [1;35m[INF][m GID 72, [ConfirmBlock] block hash: 91f16c89d553098f12d572144130e2a2eb517c0b4ec371ccc99b0d1a989700ac
2019/04/24 03:42:36.732728 [1;35m[INF][m GID 72, New valid peer 172.18.0.9:10615 (outbound)
2019/04/24 03:42:37.422330 [1;35m[INF][m GID 62, [ConfirmBlock] block hash: 91f16c89d553098f12d572144130e2a2eb517c0b4ec371ccc99b0d1a989700ac
2019/04/24 03:42:37.647897 [1;35m[INF][m GID 62, [ConfirmBlock] block height: 512
2019/04/24 03:42:37.958146 [1;35m[INF][m GID 62, 
CURRENT ARBITERS
DUTYINDEX: 4
INDEX                                                          PUBLICKEY            NETADDRESS ONDUTY
----- ------------------------------------------------------------------ --------------------- ------
1     021cfade3eddd057d8ca178057a88c4654b15c1ada7ee9ab65517f00beb6977556                        false
2     0295890a17feb7d5191da656089b5daad83f596edcc491f5c91d025b42955a9f25                        false
3     02eafcd36390b064431b82a4b2934f6d93fddfcfa4a86602b2ae32d858b8d3bcd7 ela-mainchain-crc-4:10416  false
4     032e74c386af5d672cb196334f2b6ee6451d61f2257f0837ea7af340ef4dea4e1a ela-mainchain-crc-3:10316   true
5     0353197d11802fe0cd5409f064822b896ceaa675ea596287f1e5ce009be7684f08 ela-mainchain-crc-2:10216  false
6     0386206d1d442f5c8ddcc9ae45ab85d921b6ade3a184f43b7ccf6de02f3ca0b450 ela-mainchain-crc-1:10116  false
----- ------------------------------------------------------------------ --------------------- ------
NEXT ARBITERS
INDEX                                                          PUBLICKEY            NETADDRESS
----- ------------------------------------------------------------------ ---------------------
1     0386206d1d442f5c8ddcc9ae45ab85d921b6ade3a184f43b7ccf6de02f3ca0b450 ela-mainchain-crc-1:10116
2     0353197d11802fe0cd5409f064822b896ceaa675ea596287f1e5ce009be7684f08 ela-mainchain-crc-2:10216
3     032e74c386af5d672cb196334f2b6ee6451d61f2257f0837ea7af340ef4dea4e1a ela-mainchain-crc-3:10316
4     02eafcd36390b064431b82a4b2934f6d93fddfcfa4a86602b2ae32d858b8d3bcd7 ela-mainchain-crc-4:10416
5     021cfade3eddd057d8ca178057a88c4654b15c1ada7ee9ab65517f00beb6977556                      
6     0295890a17feb7d5191da656089b5daad83f596edcc491f5c91d025b42955a9f25                      
----- ------------------------------------------------------------------ ---------------------
CURRENT CANDIDATES
INDEX                                                          PUBLICKEY            NETADDRESS
----- ------------------------------------------------------------------ ---------------------
----- ------------------------------------------------------------------ ---------------------
NEXT CANDIDATES
INDEX                                                          PUBLICKEY            NETADDRESS
----- ------------------------------------------------------------------ ---------------------
----- ------------------------------------------------------------------ ---------------------
2019/04/24 03:42:38.054378 [1;35m[INF][m GID 72, [ConfirmBlock] block hash: 91f16c89d553098f12d572144130e2a2eb517c0b4ec371ccc99b0d1a989700ac
2019/04/24 03:42:38.065176 [1;35m[INF][m GID 72, [ConfirmBlock] block height: 512
2019-04-24 03:42:38.415 [INF] STAT: -> 512 [511 172.18.0.2:36212 (inbound), 511 172.18.0.8:50360 (inbound), 511 172.18.0.10:49598 (inbound), 511 172.18.0.16:51928 (inbound), 511 172.18.0.19:52796 (inbound), 511 172.18.0.14:37626 (inbound), 511 172.18.0.13:34440 (inbound), 511 172.18.0.7:48750 (inbound), 511 172.18.0.9:53750 (inbound), 511 172.18.0.3:43856 (inbound), 511 172.18.0.6:49990 (inbound), 511 172.18.0.12:50154 (inbound), 511 172.18.0.17:60756 (inbound), 511 172.18.0.20:43180 (inbound), 511 172.18.0.18:45148 (inbound), 511 172.18.0.2:10115 (outbound), 511 172.18.0.8:10415 (outbound), 511 172.18.0.6:10215 (outbound), 511 172.18.0.3:10015 (outbound), 511 172.18.0.7:10515 (outbound), 511 172.18.0.9:10615 (outbound)]
2019/04/24 03:42:39.316857 [1;35m[INF][m GID 308, five second countdown ends. Re-generate block.
2019/04/24 03:42:39.317043 [1;35m[INF][m GID 308, difficulty:  520095999
2019/04/24 03:42:44.417261 [1;35m[INF][m GID 308, five second countdown ends. Re-generate block.
2019/04/24 03:42:44.417377 [1;35m[INF][m GID 308, difficulty:  520095999
2019/04/24 03:42:49.452270 [1;35m[INF][m GID 308, five second countdown ends. Re-generate block.
2019/04/24 03:42:49.536485 [1;35m[INF][m GID 308, difficulty:  520095999
2019/04/24 03:42:54.543250 [1;35m[INF][m GID 308, five second countdown ends. Re-generate block.
2019/04/24 03:42:54.544077 [1;35m[INF][m GID 308, difficulty:  520095999
2019/04/24 03:42:57.388874 [1;35m[INF][m GID 72, [ConfirmBlock] block hash: 39611d089adb21a727733e7d4901c87b69d26dabc851db82cf7b97b579ea24d7
2019/04/24 03:42:57.521332 [1;35m[INF][m GID 62, [ConfirmBlock] block hash: 39611d089adb21a727733e7d4901c87b69d26dabc851db82cf7b97b579ea24d7
2019/04/24 03:42:57.527499 [1;35m[INF][m GID 62, [ConfirmBlock] block height: 513
2019/04/24 03:42:57.539898 [1;35m[INF][m GID 62, 
CURRENT ARBITERS
DUTYINDEX: 5
INDEX                                                          PUBLICKEY            NETADDRESS ONDUTY
----- ------------------------------------------------------------------ --------------------- ------
1     021cfade3eddd057d8ca178057a88c4654b15c1ada7ee9ab65517f00beb6977556                        false
2     0295890a17feb7d5191da656089b5daad83f596edcc491f5c91d025b42955a9f25                        false
3     02eafcd36390b064431b82a4b2934f6d93fddfcfa4a86602b2ae32d858b8d3bcd7 ela-mainchain-crc-4:10416  false
4     032e74c386af5d672cb196334f2b6ee6451d61f2257f0837ea7af340ef4dea4e1a ela-mainchain-crc-3:10316  false
5     0353197d11802fe0cd5409f064822b896ceaa675ea596287f1e5ce009be7684f08 ela-mainchain-crc-2:10216   true
6     0386206d1d442f5c8ddcc9ae45ab85d921b6ade3a184f43b7ccf6de02f3ca0b450 ela-mainchain-crc-1:10116  false
----- ------------------------------------------------------------------ --------------------- ------
NEXT ARBITERS
INDEX                                                          PUBLICKEY            NETADDRESS
----- ------------------------------------------------------------------ ---------------------
1     0386206d1d442f5c8ddcc9ae45ab85d921b6ade3a184f43b7ccf6de02f3ca0b450 ela-mainchain-crc-1:10116
2     0353197d11802fe0cd5409f064822b896ceaa675ea596287f1e5ce009be7684f08 ela-mainchain-crc-2:10216
3     032e74c386af5d672cb196334f2b6ee6451d61f2257f0837ea7af340ef4dea4e1a ela-mainchain-crc-3:10316
4     02eafcd36390b064431b82a4b2934f6d93fddfcfa4a86602b2ae32d858b8d3bcd7 ela-mainchain-crc-4:10416
5     021cfade3eddd057d8ca178057a88c4654b15c1ada7ee9ab65517f00beb6977556                      
6     0295890a17feb7d5191da656089b5daad83f596edcc491f5c91d025b42955a9f25                      
----- ------------------------------------------------------------------ ---------------------
CURRENT CANDIDATES
INDEX                                                          PUBLICKEY            NETADDRESS
----- ------------------------------------------------------------------ ---------------------
----- ------------------------------------------------------------------ ---------------------
NEXT CANDIDATES
INDEX                                                          PUBLICKEY            NETADDRESS
----- ------------------------------------------------------------------ ---------------------
----- ------------------------------------------------------------------ ---------------------
2019/04/24 03:42:59.584955 [1;35m[INF][m GID 308, five second countdown ends. Re-generate block.
2019/04/24 03:42:59.585184 [1;35m[INF][m GID 308, difficulty:  520095999
2019/04/24 03:43:02.941295 [1;35m[INF][m GID 72, [ConfirmBlock] block hash: 8cf1ec18d4bd9c5e457671cae296ef1849efad3f197512ee2ab9e9f0f250b8e3
2019/04/24 03:43:03.158107 [1;35m[INF][m GID 72, [ConfirmBlock] block hash: 8cf1ec18d4bd9c5e457671cae296ef1849efad3f197512ee2ab9e9f0f250b8e3
2019/04/24 03:43:03.158176 [1;35m[INF][m GID 72, [ConfirmBlock] block height: 514
2019/04/24 03:43:03.206584 [1;35m[INF][m GID 62, [ConfirmBlock] block hash: 8cf1ec18d4bd9c5e457671cae296ef1849efad3f197512ee2ab9e9f0f250b8e3
2019/04/24 03:43:03.210829 [1;35m[INF][m GID 62, [ConfirmBlock] block height: 514
2019/04/24 03:43:04.048089 [1;33m[WRN][m GID 2032, [CheckTransactionCoinbaseLock] cannot unlock coinbase transaction output
2019/04/24 03:43:04.052488 [1;33m[WRN][m GID 2032, [TxPool CheckTransactionContext] failed ef645b77047e1c638d22b877154fb61816aead2cae83bd7f3743ca3bc1df40a7
2019/04/24 03:43:04.053739 [1;35m[INF][m GID 2032, [httpjsonrpc] VerifyTransaction failed when AppendToTxnPool. Errcode: INTERNAL ERROR, ErrIneffectiveCoinbase
2019/04/24 03:43:04.650693 [1;35m[INF][m GID 308, five second countdown ends. Re-generate block.
2019/04/24 03:43:04.652888 [1;35m[INF][m GID 308, difficulty:  520095999
2019/04/24 03:43:09.670619 [1;35m[INF][m GID 308, five second countdown ends. Re-generate block.
2019/04/24 03:43:09.670852 [1;35m[INF][m GID 308, difficulty:  520095999
2019/04/24 03:43:11.546167 [1;35m[INF][m GID 72, [ConfirmBlock] block hash: f26b827e9f78c278f9c5098d99c13e8f28011563918701d9459c6d490b2a07dd
2019/04/24 03:43:11.729080 [1;35m[INF][m GID 62, [ConfirmBlock] block hash: f26b827e9f78c278f9c5098d99c13e8f28011563918701d9459c6d490b2a07dd
2019/04/24 03:43:11.731216 [1;35m[INF][m GID 62, [ConfirmBlock] block height: 515
2019/04/24 03:43:11.770593 [1;35m[INF][m GID 62, 
CURRENT ARBITERS
DUTYINDEX: 1
INDEX                                                          PUBLICKEY            NETADDRESS ONDUTY
----- ------------------------------------------------------------------ --------------------- ------
1     021cfade3eddd057d8ca178057a88c4654b15c1ada7ee9ab65517f00beb6977556                         true
2     0295890a17feb7d5191da656089b5daad83f596edcc491f5c91d025b42955a9f25                        false
3     02eafcd36390b064431b82a4b2934f6d93fddfcfa4a86602b2ae32d858b8d3bcd7 ela-mainchain-crc-4:10416  false
4     032e74c386af5d672cb196334f2b6ee6451d61f2257f0837ea7af340ef4dea4e1a ela-mainchain-crc-3:10316  false
5     0353197d11802fe0cd5409f064822b896ceaa675ea596287f1e5ce009be7684f08 ela-mainchain-crc-2:10216  false
6     0386206d1d442f5c8ddcc9ae45ab85d921b6ade3a184f43b7ccf6de02f3ca0b450 ela-mainchain-crc-1:10116  false
----- ------------------------------------------------------------------ --------------------- ------
NEXT ARBITERS
INDEX                                                          PUBLICKEY            NETADDRESS
----- ------------------------------------------------------------------ ---------------------
1     032e74c386af5d672cb196334f2b6ee6451d61f2257f0837ea7af340ef4dea4e1a ela-mainchain-crc-3:10316
2     02eafcd36390b064431b82a4b2934f6d93fddfcfa4a86602b2ae32d858b8d3bcd7 ela-mainchain-crc-4:10416
3     0386206d1d442f5c8ddcc9ae45ab85d921b6ade3a184f43b7ccf6de02f3ca0b450 ela-mainchain-crc-1:10116
4     0353197d11802fe0cd5409f064822b896ceaa675ea596287f1e5ce009be7684f08 ela-mainchain-crc-2:10216
5     021cfade3eddd057d8ca178057a88c4654b15c1ada7ee9ab65517f00beb6977556                      
6     0295890a17feb7d5191da656089b5daad83f596edcc491f5c91d025b42955a9f25                      
----- ------------------------------------------------------------------ ---------------------
CURRENT CANDIDATES
INDEX                                                          PUBLICKEY            NETADDRESS
----- ------------------------------------------------------------------ ---------------------
----- ------------------------------------------------------------------ ---------------------
NEXT CANDIDATES
INDEX                                                          PUBLICKEY            NETADDRESS
----- ------------------------------------------------------------------ ---------------------
----- ------------------------------------------------------------------ ---------------------
2019/04/24 03:43:14.677171 [1;35m[INF][m GID 308, five second countdown ends. Re-generate block.
2019/04/24 03:43:14.677893 [1;35m[INF][m GID 308, difficulty:  520095999
2019/04/24 03:43:19.735921 [1;35m[INF][m GID 308, five second countdown ends. Re-generate block.
2019/04/24 03:43:19.736623 [1;35m[INF][m GID 308, difficulty:  520095999
2019/04/24 03:43:23.739843 [1;35m[INF][m GID 72, [ConfirmBlock] block hash: bda12ecdd823f98ddda00ec672d9dac35b3afcc1b0e224f69242d574de1421b8
2019/04/24 03:43:24.208356 [1;35m[INF][m GID 62, [ConfirmBlock] block hash: bda12ecdd823f98ddda00ec672d9dac35b3afcc1b0e224f69242d574de1421b8
2019/04/24 03:43:24.208477 [1;35m[INF][m GID 62, [ConfirmBlock] block height: 516
2019/04/24 03:43:24.261372 [1;35m[INF][m GID 62, 
CURRENT ARBITERS
DUTYINDEX: 2
INDEX                                                          PUBLICKEY            NETADDRESS ONDUTY
----- ------------------------------------------------------------------ --------------------- ------
1     021cfade3eddd057d8ca178057a88c4654b15c1ada7ee9ab65517f00beb6977556                        false
2     0295890a17feb7d5191da656089b5daad83f596edcc491f5c91d025b42955a9f25                         true
3     02eafcd36390b064431b82a4b2934f6d93fddfcfa4a86602b2ae32d858b8d3bcd7 ela-mainchain-crc-4:10416  false
4     032e74c386af5d672cb196334f2b6ee6451d61f2257f0837ea7af340ef4dea4e1a ela-mainchain-crc-3:10316  false
5     0353197d11802fe0cd5409f064822b896ceaa675ea596287f1e5ce009be7684f08 ela-mainchain-crc-2:10216  false
6     0386206d1d442f5c8ddcc9ae45ab85d921b6ade3a184f43b7ccf6de02f3ca0b450 ela-mainchain-crc-1:10116  false
----- ------------------------------------------------------------------ --------------------- ------
NEXT ARBITERS
INDEX                                                          PUBLICKEY            NETADDRESS
----- ------------------------------------------------------------------ ---------------------
1     032e74c386af5d672cb196334f2b6ee6451d61f2257f0837ea7af340ef4dea4e1a ela-mainchain-crc-3:10316
2     02eafcd36390b064431b82a4b2934f6d93fddfcfa4a86602b2ae32d858b8d3bcd7 ela-mainchain-crc-4:10416
3     0386206d1d442f5c8ddcc9ae45ab85d921b6ade3a184f43b7ccf6de02f3ca0b450 ela-mainchain-crc-1:10116
4     0353197d11802fe0cd5409f064822b896ceaa675ea596287f1e5ce009be7684f08 ela-mainchain-crc-2:10216
5     021cfade3eddd057d8ca178057a88c4654b15c1ada7ee9ab65517f00beb6977556                      
6     0295890a17feb7d5191da656089b5daad83f596edcc491f5c91d025b42955a9f25                      
----- ------------------------------------------------------------------ ---------------------
CURRENT CANDIDATES
INDEX                                                          PUBLICKEY            NETADDRESS
----- ------------------------------------------------------------------ ---------------------
----- ------------------------------------------------------------------ ---------------------
NEXT CANDIDATES
INDEX                                                          PUBLICKEY            NETADDRESS
----- ------------------------------------------------------------------ ---------------------
----- ------------------------------------------------------------------ ---------------------
2019/04/24 03:43:24.435203 [1;35m[INF][m GID 72, [ConfirmBlock] block hash: bda12ecdd823f98ddda00ec672d9dac35b3afcc1b0e224f69242d574de1421b8
2019/04/24 03:43:24.507389 [1;35m[INF][m GID 72, [ConfirmBlock] block height: 516
2019/04/24 03:43:24.738305 [1;35m[INF][m GID 308, five second countdown ends. Re-generate block.
2019/04/24 03:43:24.742330 [1;35m[INF][m GID 308, difficulty:  520095999
2019/04/24 03:43:29.807929 [1;35m[INF][m GID 308, five second countdown ends. Re-generate block.
2019/04/24 03:43:29.808176 [1;35m[INF][m GID 308, difficulty:  520095999
2019/04/24 03:43:30.676988 [1;35m[INF][m GID 72, [ConfirmBlock] block hash: 8c9a8fa50d256b8ed0f9d9680954c3c64130ed32e389903dee62591dee12c3d2
2019/04/24 03:43:30.991686 [1;35m[INF][m GID 62, [ConfirmBlock] block hash: 8c9a8fa50d256b8ed0f9d9680954c3c64130ed32e389903dee62591dee12c3d2
2019/04/24 03:43:30.992566 [1;35m[INF][m GID 62, [ConfirmBlock] block height: 517
2019/04/24 03:43:31.032016 [1;35m[INF][m GID 62, 
CURRENT ARBITERS
DUTYINDEX: 3
INDEX                                                          PUBLICKEY            NETADDRESS ONDUTY
----- ------------------------------------------------------------------ --------------------- ------
1     021cfade3eddd057d8ca178057a88c4654b15c1ada7ee9ab65517f00beb6977556                        false
2     0295890a17feb7d5191da656089b5daad83f596edcc491f5c91d025b42955a9f25                        false
3     02eafcd36390b064431b82a4b2934f6d93fddfcfa4a86602b2ae32d858b8d3bcd7 ela-mainchain-crc-4:10416   true
4     032e74c386af5d672cb196334f2b6ee6451d61f2257f0837ea7af340ef4dea4e1a ela-mainchain-crc-3:10316  false
5     0353197d11802fe0cd5409f064822b896ceaa675ea596287f1e5ce009be7684f08 ela-mainchain-crc-2:10216  false
6     0386206d1d442f5c8ddcc9ae45ab85d921b6ade3a184f43b7ccf6de02f3ca0b450 ela-mainchain-crc-1:10116  false
----- ------------------------------------------------------------------ --------------------- ------
NEXT ARBITERS
INDEX                                                          PUBLICKEY            NETADDRESS
----- ------------------------------------------------------------------ ---------------------
1     032e74c386af5d672cb196334f2b6ee6451d61f2257f0837ea7af340ef4dea4e1a ela-mainchain-crc-3:10316
2     02eafcd36390b064431b82a4b2934f6d93fddfcfa4a86602b2ae32d858b8d3bcd7 ela-mainchain-crc-4:10416
3     0386206d1d442f5c8ddcc9ae45ab85d921b6ade3a184f43b7ccf6de02f3ca0b450 ela-mainchain-crc-1:10116
4     0353197d11802fe0cd5409f064822b896ceaa675ea596287f1e5ce009be7684f08 ela-mainchain-crc-2:10216
5     021cfade3eddd057d8ca178057a88c4654b15c1ada7ee9ab65517f00beb6977556                      
6     0295890a17feb7d5191da656089b5daad83f596edcc491f5c91d025b42955a9f25                      
----- ------------------------------------------------------------------ ---------------------
CURRENT CANDIDATES
INDEX                                                          PUBLICKEY            NETADDRESS
----- ------------------------------------------------------------------ ---------------------
----- ------------------------------------------------------------------ ---------------------
NEXT CANDIDATES
INDEX                                                          PUBLICKEY            NETADDRESS
----- ------------------------------------------------------------------ ---------------------
----- ------------------------------------------------------------------ ---------------------
2019/04/24 03:43:31.052811 [1;35m[INF][m GID 72, [ConfirmBlock] block hash: 8c9a8fa50d256b8ed0f9d9680954c3c64130ed32e389903dee62591dee12c3d2
2019/04/24 03:43:31.052961 [1;35m[INF][m GID 72, [ConfirmBlock] block height: 517
2019/04/24 03:43:34.847569 [1;35m[INF][m GID 308, five second countdown ends. Re-generate block.
2019/04/24 03:43:34.847891 [1;35m[INF][m GID 308, difficulty:  520095999
2019/04/24 03:43:38.166699 [1;35m[INF][m GID 72, [ConfirmBlock] block hash: 594d79df6b7110e60dc3b01657ec52d99d94be5769e700954210348597c44a3e
2019/04/24 03:43:38.324692 [1;35m[INF][m GID 72, [ConfirmBlock] block hash: 594d79df6b7110e60dc3b01657ec52d99d94be5769e700954210348597c44a3e
2019/04/24 03:43:38.346134 [1;35m[INF][m GID 72, [ConfirmBlock] block height: 518
2019/04/24 03:43:38.356568 [1;35m[INF][m GID 72, 
CURRENT ARBITERS
DUTYINDEX: 4
INDEX                                                          PUBLICKEY            NETADDRESS ONDUTY
----- ------------------------------------------------------------------ --------------------- ------
1     021cfade3eddd057d8ca178057a88c4654b15c1ada7ee9ab65517f00beb6977556                        false
2     0295890a17feb7d5191da656089b5daad83f596edcc491f5c91d025b42955a9f25                        false
3     02eafcd36390b064431b82a4b2934f6d93fddfcfa4a86602b2ae32d858b8d3bcd7 ela-mainchain-crc-4:10416  false
4     032e74c386af5d672cb196334f2b6ee6451d61f2257f0837ea7af340ef4dea4e1a ela-mainchain-crc-3:10316   true
5     0353197d11802fe0cd5409f064822b896ceaa675ea596287f1e5ce009be7684f08 ela-mainchain-crc-2:10216  false
6     0386206d1d442f5c8ddcc9ae45ab85d921b6ade3a184f43b7ccf6de02f3ca0b450 ela-mainchain-crc-1:10116  false
----- ------------------------------------------------------------------ --------------------- ------
NEXT ARBITERS
INDEX                                                          PUBLICKEY            NETADDRESS
----- ------------------------------------------------------------------ ---------------------
1     032e74c386af5d672cb196334f2b6ee6451d61f2257f0837ea7af340ef4dea4e1a ela-mainchain-crc-3:10316
2     02eafcd36390b064431b82a4b2934f6d93fddfcfa4a86602b2ae32d858b8d3bcd7 ela-mainchain-crc-4:10416
3     0386206d1d442f5c8ddcc9ae45ab85d921b6ade3a184f43b7ccf6de02f3ca0b450 ela-mainchain-crc-1:10116
4     0353197d11802fe0cd5409f064822b896ceaa675ea596287f1e5ce009be7684f08 ela-mainchain-crc-2:10216
5     021cfade3eddd057d8ca178057a88c4654b15c1ada7ee9ab65517f00beb6977556                      
6     0295890a17feb7d5191da656089b5daad83f596edcc491f5c91d025b42955a9f25                      
----- ------------------------------------------------------------------ ---------------------
CURRENT CANDIDATES
INDEX                                                          PUBLICKEY            NETADDRESS
----- ------------------------------------------------------------------ ---------------------
----- ------------------------------------------------------------------ ---------------------
NEXT CANDIDATES
INDEX                                                          PUBLICKEY            NETADDRESS
----- ------------------------------------------------------------------ ---------------------
----- ------------------------------------------------------------------ ---------------------
2019-04-24 03:43:38.467 [INF] STAT: -> 518 [516 172.18.0.7:48750 (inbound), 515 172.18.0.9:53750 (inbound), 517 172.18.0.18:45148 (inbound), 514 172.18.0.3:43856 (inbound), 516 172.18.0.6:49990 (inbound), 515 172.18.0.12:50154 (inbound), 517 172.18.0.17:60756 (inbound), 517 172.18.0.20:43180 (inbound), 517 172.18.0.14:37626 (inbound), 515 172.18.0.2:36212 (inbound), 515 172.18.0.8:50360 (inbound), 515 172.18.0.10:49598 (inbound), 515 172.18.0.16:51928 (inbound), 516 172.18.0.19:52796 (inbound), 517 172.18.0.13:34440 (inbound), 514 172.18.0.2:10115 (outbound), 515 172.18.0.3:10015 (outbound), 515 172.18.0.7:10515 (outbound), 517 172.18.0.9:10615 (outbound), 515 172.18.0.8:10415 (outbound), 515 172.18.0.6:10215 (outbound)]
2019/04/24 03:43:39.858093 [1;35m[INF][m GID 308, five second countdown ends. Re-generate block.
2019/04/24 03:43:39.858921 [1;35m[INF][m GID 308, difficulty:  520095999
2019/04/24 03:43:44.861896 [1;35m[INF][m GID 308, five second countdown ends. Re-generate block.
2019/04/24 03:43:44.862332 [1;35m[INF][m GID 308, difficulty:  520095999
2019/04/24 03:43:49.010863 [1;35m[INF][m GID 308, <================Solved Block==============>
2019/04/24 03:43:49.030640 [1;35m[INF][m GID 308, [ConfirmBlock] block hash: 64b3b969e965a8a312973911af1049045a270a8e4c8348a6079cf68451799c58
2019/04/24 03:43:49.037309 [1;35m[INF][m GID 308, difficulty:  520095999
2019/04/24 03:43:49.196957 [1;35m[INF][m GID 2386, 172.18.0.6:49990 (inbound) sent a reject message Code: REJECT_INVALID, Hash 64b3b969e965a8a312973911af1049045a270a8e4c8348a6079cf68451799c58, Reason: Rejected block 64b3b969e965a8a312973911af1049045a270a8e4c8348a6079cf68451799c58 from 172.18.0.5:10315 (outbound): duplicate block in pool
2019/04/24 03:43:49.202331 [1;35m[INF][m GID 252, 172.18.0.2:36212 (inbound) sent a reject message Code: REJECT_INVALID, Hash 64b3b969e965a8a312973911af1049045a270a8e4c8348a6079cf68451799c58, Reason: Rejected block 64b3b969e965a8a312973911af1049045a270a8e4c8348a6079cf68451799c58 from 172.18.0.5:10315 (outbound): duplicate block in pool
2019/04/24 03:43:49.298322 [1;35m[INF][m GID 62, [ConfirmBlock] block hash: 64b3b969e965a8a312973911af1049045a270a8e4c8348a6079cf68451799c58
2019/04/24 03:43:49.306867 [1;35m[INF][m GID 62, [ConfirmBlock] block height: 519
2019/04/24 03:43:49.325478 [1;35m[INF][m GID 348, 172.18.0.8:10415 (outbound) sent a reject message Code: REJECT_INVALID, Hash 64b3b969e965a8a312973911af1049045a270a8e4c8348a6079cf68451799c58, Reason: Rejected block 64b3b969e965a8a312973911af1049045a270a8e4c8348a6079cf68451799c58 from 172.18.0.5:38338 (inbound): duplicate block in pool
2019/04/24 03:43:49.402498 [1;35m[INF][m GID 62, 
CURRENT ARBITERS
DUTYINDEX: 5
INDEX                                                          PUBLICKEY            NETADDRESS ONDUTY
----- ------------------------------------------------------------------ --------------------- ------
1     021cfade3eddd057d8ca178057a88c4654b15c1ada7ee9ab65517f00beb6977556                        false
2     0295890a17feb7d5191da656089b5daad83f596edcc491f5c91d025b42955a9f25                        false
3     02eafcd36390b064431b82a4b2934f6d93fddfcfa4a86602b2ae32d858b8d3bcd7 ela-mainchain-crc-4:10416  false
4     032e74c386af5d672cb196334f2b6ee6451d61f2257f0837ea7af340ef4dea4e1a ela-mainchain-crc-3:10316  false
5     0353197d11802fe0cd5409f064822b896ceaa675ea596287f1e5ce009be7684f08 ela-mainchain-crc-2:10216   true
6     0386206d1d442f5c8ddcc9ae45ab85d921b6ade3a184f43b7ccf6de02f3ca0b450 ela-mainchain-crc-1:10116  false
----- ------------------------------------------------------------------ --------------------- ------
NEXT ARBITERS
INDEX                                                          PUBLICKEY            NETADDRESS
----- ------------------------------------------------------------------ ---------------------
1     032e74c386af5d672cb196334f2b6ee6451d61f2257f0837ea7af340ef4dea4e1a ela-mainchain-crc-3:10316
2     02eafcd36390b064431b82a4b2934f6d93fddfcfa4a86602b2ae32d858b8d3bcd7 ela-mainchain-crc-4:10416
3     0386206d1d442f5c8ddcc9ae45ab85d921b6ade3a184f43b7ccf6de02f3ca0b450 ela-mainchain-crc-1:10116
4     0353197d11802fe0cd5409f064822b896ceaa675ea596287f1e5ce009be7684f08 ela-mainchain-crc-2:10216
5     021cfade3eddd057d8ca178057a88c4654b15c1ada7ee9ab65517f00beb6977556                      
6     0295890a17feb7d5191da656089b5daad83f596edcc491f5c91d025b42955a9f25                      
----- ------------------------------------------------------------------ ---------------------
CURRENT CANDIDATES
INDEX                                                          PUBLICKEY            NETADDRESS
----- ------------------------------------------------------------------ ---------------------
----- ------------------------------------------------------------------ ---------------------
NEXT CANDIDATES
INDEX                                                          PUBLICKEY            NETADDRESS
----- ------------------------------------------------------------------ ---------------------
----- ------------------------------------------------------------------ ---------------------
2019/04/24 03:43:49.596514 [1;35m[INF][m GID 72, [ConfirmBlock] block hash: 64b3b969e965a8a312973911af1049045a270a8e4c8348a6079cf68451799c58
2019/04/24 03:43:49.596880 [1;35m[INF][m GID 72, [ConfirmBlock] block height: 519
2019/04/24 03:43:54.061074 [1;35m[INF][m GID 308, five second countdown ends. Re-generate block.
2019/04/24 03:43:54.063433 [1;35m[INF][m GID 308, difficulty:  520095999
2019/04/24 03:43:59.091644 [1;35m[INF][m GID 308, five second countdown ends. Re-generate block.
2019/04/24 03:43:59.100437 [1;35m[INF][m GID 308, difficulty:  520095999
2019/04/24 03:44:04.102192 [1;35m[INF][m GID 308, five second countdown ends. Re-generate block.
2019/04/24 03:44:04.120086 [1;33m[WRN][m GID 2032, [CheckTransactionCoinbaseLock] cannot unlock coinbase transaction output
2019/04/24 03:44:04.132199 [1;33m[WRN][m GID 2032, [TxPool CheckTransactionContext] failed 1a5b153de30717548c5f6dc5af47bd1f327abc63f38918678e5effc6f40cc8cb
2019/04/24 03:44:04.132284 [1;35m[INF][m GID 2032, [httpjsonrpc] VerifyTransaction failed when AppendToTxnPool. Errcode: INTERNAL ERROR, ErrIneffectiveCoinbase
2019/04/24 03:44:04.143991 [1;35m[INF][m GID 308, difficulty:  520095999
2019/04/24 03:44:09.177950 [1;35m[INF][m GID 308, five second countdown ends. Re-generate block.
2019/04/24 03:44:09.185548 [1;35m[INF][m GID 308, difficulty:  520095999
2019/04/24 03:44:11.808018 [1;35m[INF][m GID 72, [ConfirmBlock] block hash: d2519fafae1c2bee2e5209f5feba6c40b2eb97c71acc48471c072a38a4954e5c
2019/04/24 03:44:12.030387 [1;35m[INF][m GID 62, [ConfirmBlock] block hash: d2519fafae1c2bee2e5209f5feba6c40b2eb97c71acc48471c072a38a4954e5c
2019/04/24 03:44:12.032861 [1;35m[INF][m GID 62, [ConfirmBlock] block height: 520
2019/04/24 03:44:14.203519 [1;35m[INF][m GID 308, five second countdown ends. Re-generate block.
2019/04/24 03:44:14.209839 [1;35m[INF][m GID 308, difficulty:  520095999
2019/04/24 03:44:15.610721 [1;35m[INF][m GID 72, [ConfirmBlock] block hash: 6ae6b5bb66489d6d2feee7710e175e4b6a4747a033dce5a375b59cc1f2dbc293
2019/04/24 03:44:15.972082 [1;35m[INF][m GID 72, [ConfirmBlock] block hash: 6ae6b5bb66489d6d2feee7710e175e4b6a4747a033dce5a375b59cc1f2dbc293
2019/04/24 03:44:15.972896 [1;35m[INF][m GID 72, [ConfirmBlock] block height: 521
2019/04/24 03:44:16.021260 [1;35m[INF][m GID 72, 
CURRENT ARBITERS
DUTYINDEX: 1
INDEX                                                          PUBLICKEY            NETADDRESS ONDUTY
----- ------------------------------------------------------------------ --------------------- ------
1     021cfade3eddd057d8ca178057a88c4654b15c1ada7ee9ab65517f00beb6977556                         true
2     0295890a17feb7d5191da656089b5daad83f596edcc491f5c91d025b42955a9f25                        false
3     02eafcd36390b064431b82a4b2934f6d93fddfcfa4a86602b2ae32d858b8d3bcd7 ela-mainchain-crc-4:10416  false
4     032e74c386af5d672cb196334f2b6ee6451d61f2257f0837ea7af340ef4dea4e1a ela-mainchain-crc-3:10316  false
5     0353197d11802fe0cd5409f064822b896ceaa675ea596287f1e5ce009be7684f08 ela-mainchain-crc-2:10216  false
6     0386206d1d442f5c8ddcc9ae45ab85d921b6ade3a184f43b7ccf6de02f3ca0b450 ela-mainchain-crc-1:10116  false
----- ------------------------------------------------------------------ --------------------- ------
NEXT ARBITERS
INDEX                                                          PUBLICKEY            NETADDRESS
----- ------------------------------------------------------------------ ---------------------
1     0386206d1d442f5c8ddcc9ae45ab85d921b6ade3a184f43b7ccf6de02f3ca0b450 ela-mainchain-crc-1:10116
2     0353197d11802fe0cd5409f064822b896ceaa675ea596287f1e5ce009be7684f08 ela-mainchain-crc-2:10216
3     032e74c386af5d672cb196334f2b6ee6451d61f2257f0837ea7af340ef4dea4e1a ela-mainchain-crc-3:10316
4     02eafcd36390b064431b82a4b2934f6d93fddfcfa4a86602b2ae32d858b8d3bcd7 ela-mainchain-crc-4:10416
5     021cfade3eddd057d8ca178057a88c4654b15c1ada7ee9ab65517f00beb6977556                      
6     0295890a17feb7d5191da656089b5daad83f596edcc491f5c91d025b42955a9f25                      
----- ------------------------------------------------------------------ ---------------------
CURRENT CANDIDATES
INDEX                                                          PUBLICKEY            NETADDRESS
----- ------------------------------------------------------------------ ---------------------
----- ------------------------------------------------------------------ ---------------------
NEXT CANDIDATES
INDEX                                                          PUBLICKEY            NETADDRESS
----- ------------------------------------------------------------------ ---------------------
----- ------------------------------------------------------------------ ---------------------
2019/04/24 03:44:16.144675 [1;35m[INF][m GID 308, <================Solved Block==============>
2019/04/24 03:44:16.146630 [1;35m[INF][m GID 308, difficulty:  520095999
2019/04/24 03:44:21.227051 [1;35m[INF][m GID 308, five second countdown ends. Re-generate block.
2019/04/24 03:44:21.227299 [1;35m[INF][m GID 308, difficulty:  520095999
2019/04/24 03:44:26.241539 [1;35m[INF][m GID 308, five second countdown ends. Re-generate block.
2019/04/24 03:44:26.241648 [1;35m[INF][m GID 308, difficulty:  520095999
2019/04/24 03:44:28.041461 [1;35m[INF][m GID 308, <================Solved Block==============>
2019/04/24 03:44:28.045136 [1;35m[INF][m GID 308, [ConfirmBlock] block hash: 51bf0dd12c748914d88bbd9cae867133e6d2016c8f48b3276071c5709f809737
2019/04/24 03:44:28.045517 [1;35m[INF][m GID 308, difficulty:  520095999
2019/04/24 03:44:28.172239 [1;35m[INF][m GID 252, 172.18.0.2:36212 (inbound) sent a reject message Code: REJECT_INVALID, Hash 51bf0dd12c748914d88bbd9cae867133e6d2016c8f48b3276071c5709f809737, Reason: Rejected block 51bf0dd12c748914d88bbd9cae867133e6d2016c8f48b3276071c5709f809737 from 172.18.0.5:10315 (outbound): duplicate block in pool
2019/04/24 03:44:28.217194 [1;35m[INF][m GID 62, [ConfirmBlock] block hash: 51bf0dd12c748914d88bbd9cae867133e6d2016c8f48b3276071c5709f809737
2019/04/24 03:44:28.274616 [1;35m[INF][m GID 62, [ConfirmBlock] block height: 522
2019/04/24 03:44:28.279291 [1;35m[INF][m GID 62, 
CURRENT ARBITERS
DUTYINDEX: 2
INDEX                                                          PUBLICKEY            NETADDRESS ONDUTY
----- ------------------------------------------------------------------ --------------------- ------
1     021cfade3eddd057d8ca178057a88c4654b15c1ada7ee9ab65517f00beb6977556                        false
2     0295890a17feb7d5191da656089b5daad83f596edcc491f5c91d025b42955a9f25                         true
3     02eafcd36390b064431b82a4b2934f6d93fddfcfa4a86602b2ae32d858b8d3bcd7 ela-mainchain-crc-4:10416  false
4     032e74c386af5d672cb196334f2b6ee6451d61f2257f0837ea7af340ef4dea4e1a ela-mainchain-crc-3:10316  false
5     0353197d11802fe0cd5409f064822b896ceaa675ea596287f1e5ce009be7684f08 ela-mainchain-crc-2:10216  false
6     0386206d1d442f5c8ddcc9ae45ab85d921b6ade3a184f43b7ccf6de02f3ca0b450 ela-mainchain-crc-1:10116  false
----- ------------------------------------------------------------------ --------------------- ------
NEXT ARBITERS
INDEX                                                          PUBLICKEY            NETADDRESS
----- ------------------------------------------------------------------ ---------------------
1     0386206d1d442f5c8ddcc9ae45ab85d921b6ade3a184f43b7ccf6de02f3ca0b450 ela-mainchain-crc-1:10116
2     0353197d11802fe0cd5409f064822b896ceaa675ea596287f1e5ce009be7684f08 ela-mainchain-crc-2:10216
3     032e74c386af5d672cb196334f2b6ee6451d61f2257f0837ea7af340ef4dea4e1a ela-mainchain-crc-3:10316
4     02eafcd36390b064431b82a4b2934f6d93fddfcfa4a86602b2ae32d858b8d3bcd7 ela-mainchain-crc-4:10416
5     021cfade3eddd057d8ca178057a88c4654b15c1ada7ee9ab65517f00beb6977556                      
6     0295890a17feb7d5191da656089b5daad83f596edcc491f5c91d025b42955a9f25                      
----- ------------------------------------------------------------------ ---------------------
CURRENT CANDIDATES
INDEX                                                          PUBLICKEY            NETADDRESS
----- ------------------------------------------------------------------ ---------------------
----- ------------------------------------------------------------------ ---------------------
NEXT CANDIDATES
INDEX                                                          PUBLICKEY            NETADDRESS
----- ------------------------------------------------------------------ ---------------------
----- ------------------------------------------------------------------ ---------------------
2019/04/24 03:44:28.294827 [1;35m[INF][m GID 72, [ConfirmBlock] block hash: 51bf0dd12c748914d88bbd9cae867133e6d2016c8f48b3276071c5709f809737
2019/04/24 03:44:28.307873 [1;35m[INF][m GID 72, [ConfirmBlock] block height: 522
2019/04/24 03:44:33.069507 [1;35m[INF][m GID 308, five second countdown ends. Re-generate block.
2019/04/24 03:44:33.069716 [1;35m[INF][m GID 308, difficulty:  520095999
2019/04/24 03:44:37.245149 [1;35m[INF][m GID 72, [ConfirmBlock] block hash: c436d73a5f7d75c4351230b33759eb376bfcd7b8d292e66acb5e3bbf730a28c3
2019/04/24 03:44:37.595041 [1;35m[INF][m GID 62, [ConfirmBlock] block hash: c436d73a5f7d75c4351230b33759eb376bfcd7b8d292e66acb5e3bbf730a28c3
2019/04/24 03:44:37.596197 [1;35m[INF][m GID 62, [ConfirmBlock] block height: 523
2019/04/24 03:44:37.623312 [1;35m[INF][m GID 62, 
CURRENT ARBITERS
DUTYINDEX: 3
INDEX                                                          PUBLICKEY            NETADDRESS ONDUTY
----- ------------------------------------------------------------------ --------------------- ------
1     021cfade3eddd057d8ca178057a88c4654b15c1ada7ee9ab65517f00beb6977556                        false
2     0295890a17feb7d5191da656089b5daad83f596edcc491f5c91d025b42955a9f25                        false
3     02eafcd36390b064431b82a4b2934f6d93fddfcfa4a86602b2ae32d858b8d3bcd7 ela-mainchain-crc-4:10416   true
4     032e74c386af5d672cb196334f2b6ee6451d61f2257f0837ea7af340ef4dea4e1a ela-mainchain-crc-3:10316  false
5     0353197d11802fe0cd5409f064822b896ceaa675ea596287f1e5ce009be7684f08 ela-mainchain-crc-2:10216  false
6     0386206d1d442f5c8ddcc9ae45ab85d921b6ade3a184f43b7ccf6de02f3ca0b450 ela-mainchain-crc-1:10116  false
----- ------------------------------------------------------------------ --------------------- ------
NEXT ARBITERS
INDEX                                                          PUBLICKEY            NETADDRESS
----- ------------------------------------------------------------------ ---------------------
1     0386206d1d442f5c8ddcc9ae45ab85d921b6ade3a184f43b7ccf6de02f3ca0b450 ela-mainchain-crc-1:10116
2     0353197d11802fe0cd5409f064822b896ceaa675ea596287f1e5ce009be7684f08 ela-mainchain-crc-2:10216
3     032e74c386af5d672cb196334f2b6ee6451d61f2257f0837ea7af340ef4dea4e1a ela-mainchain-crc-3:10316
4     02eafcd36390b064431b82a4b2934f6d93fddfcfa4a86602b2ae32d858b8d3bcd7 ela-mainchain-crc-4:10416
5     021cfade3eddd057d8ca178057a88c4654b15c1ada7ee9ab65517f00beb6977556                      
6     0295890a17feb7d5191da656089b5daad83f596edcc491f5c91d025b42955a9f25                      
----- ------------------------------------------------------------------ ---------------------
CURRENT CANDIDATES
INDEX                                                          PUBLICKEY            NETADDRESS
----- ------------------------------------------------------------------ ---------------------
----- ------------------------------------------------------------------ ---------------------
NEXT CANDIDATES
INDEX                                                          PUBLICKEY            NETADDRESS
----- ------------------------------------------------------------------ ---------------------
----- ------------------------------------------------------------------ ---------------------
2019/04/24 03:44:37.633680 [1;35m[INF][m GID 72, [ConfirmBlock] block hash: c436d73a5f7d75c4351230b33759eb376bfcd7b8d292e66acb5e3bbf730a28c3
2019/04/24 03:44:37.633717 [1;35m[INF][m GID 72, [ConfirmBlock] block height: 523
2019/04/24 03:44:38.101562 [1;35m[INF][m GID 308, five second countdown ends. Re-generate block.
2019/04/24 03:44:38.108498 [1;35m[INF][m GID 308, difficulty:  520095999
2019-04-24 03:44:38.421 [INF] STAT: -> 523 [519 172.18.0.3:43856 (inbound), 521 172.18.0.6:49990 (inbound), 521 172.18.0.12:50154 (inbound), 522 172.18.0.17:60756 (inbound), 522 172.18.0.20:43180 (inbound), 522 172.18.0.18:45148 (inbound), 520 172.18.0.2:36212 (inbound), 520 172.18.0.8:50360 (inbound), 521 172.18.0.10:49598 (inbound), 521 172.18.0.16:51928 (inbound), 522 172.18.0.19:52796 (inbound), 522 172.18.0.14:37626 (inbound), 522 172.18.0.13:34440 (inbound), 521 172.18.0.7:48750 (inbound), 520 172.18.0.9:53750 (inbound), 519 172.18.0.2:10115 (outbound), 521 172.18.0.6:10215 (outbound), 520 172.18.0.3:10015 (outbound), 521 172.18.0.7:10515 (outbound), 522 172.18.0.9:10615 (outbound), 520 172.18.0.8:10415 (outbound)]
2019/04/24 03:44:43.154814 [1;35m[INF][m GID 308, five second countdown ends. Re-generate block.
2019/04/24 03:44:43.159492 [1;35m[INF][m GID 308, difficulty:  520095999
2019/04/24 03:44:48.166131 [1;35m[INF][m GID 308, five second countdown ends. Re-generate block.
2019/04/24 03:44:48.170010 [1;35m[INF][m GID 308, difficulty:  520095999
2019/04/24 03:44:53.190281 [1;35m[INF][m GID 308, five second countdown ends. Re-generate block.
2019/04/24 03:44:53.190536 [1;35m[INF][m GID 308, difficulty:  520095999
2019/04/24 03:44:58.132660 [1;35m[INF][m GID 72, Lost peer 172.18.0.8:50360 (inbound)
2019/04/24 03:44:58.195715 [1;35m[INF][m GID 308, five second countdown ends. Re-generate block.
2019/04/24 03:44:58.207089 [1;35m[INF][m GID 308, difficulty:  520095999
2019/04/24 03:44:58.594404 [1;35m[INF][m GID 72, Lost peer 172.18.0.8:10415 (outbound)
2019/04/24 03:44:59.652567 [1;35m[INF][m GID 72, Lost peer 172.18.0.9:53750 (inbound)
2019/04/24 03:45:03.316858 [1;35m[INF][m GID 308, five second countdown ends. Re-generate block.
2019/04/24 03:45:03.374482 [1;35m[INF][m GID 308, difficulty:  520095999
2019/04/24 03:45:03.647747 [1;35m[INF][m GID 72, New valid peer 172.18.0.8:10415 (outbound)
2019/04/24 03:45:04.415209 [1;33m[WRN][m GID 2032, [CheckTransactionCoinbaseLock] cannot unlock coinbase transaction output
2019/04/24 03:45:04.417726 [1;33m[WRN][m GID 2032, [TxPool CheckTransactionContext] failed 36940a21c40298111a88d7dbabfef4e443a9dfcf86d9f8c03e6457d804981a6c
2019/04/24 03:45:04.417824 [1;35m[INF][m GID 2032, [httpjsonrpc] VerifyTransaction failed when AppendToTxnPool. Errcode: INTERNAL ERROR, ErrIneffectiveCoinbase
