2019/05/10 00:39:38.853772 [1;35m[INF][m GID 31, Loaded 5 addresses from file 'elastos/data/dpos/peers.json'
2019/05/10 00:39:38.864249 [1;35m[INF][m GID 73, Server listening on [::]:10016
2019/05/10 00:39:38.870093 [1;35m[INF][m GID 1, [UpdatePeers] peers: 6  height:  273
2019/05/10 00:39:38.877793 [1;35m[INF][m GID 32, [onDutyArbitratorChanged] not onduty
2019/05/10 00:39:38.877826 [1;31m[ERR][m GID 32, [recoverAbnormalState] can not find active peer
2019/05/10 00:39:38.882886 [1;35m[INF][m GID 72, Server listening on 0.0.0.0:10016
2019/05/10 00:39:39.042477 [1;35m[INF][m GID 32, [HelpToRecoverAbnormal] peer id: 032e74c386af5d672cb196334f2b6ee6451d61f2257f0837ea7af340ef4dea4e1a
2019/05/10 00:39:39.042574 [1;35m[INF][m GID 32, [CollectConsensusStatus] status.ConsensusStatus: 0
2019/05/10 00:39:43.422031 [1;35m[INF][m GID 32, [OnProposalReceived] started
2019/05/10 00:39:43.422197 [1;35m[INF][m GID 32, [Normal][ProcessProposal] start
2019/05/10 00:39:43.422335 [1;35m[INF][m GID 32, [ProcessProposal] start
2019/05/10 00:39:43.422645 [1;35m[INF][m GID 32, have different view offset
2019/05/10 00:39:43.422762 [1;35m[INF][m GID 32, [ProcessProposal] end
2019/05/10 00:39:43.422900 [1;35m[INF][m GID 32, [Normal][ProcessProposal] end
2019/05/10 00:39:43.423054 [1;35m[INF][m GID 32, [OnProposalArrived] Sponsor: 02eafcd36390b064431b82a4b2934f6d93fddfcfa4a86602b2ae32d858b8d3bcd7, BlockHash: afaeff1ebb861621a1ad72dcb414b3c78f5d3a6801dceb5978d3454552ceeb59, ReceivedTime: 2019-05-10 00:39:43.417 +0000 UTC, Result: false, ViewOffset: 2, ProposalHash: 880f0c50d712bea4704700159ad7944ac8fe84ac5704c3470f9fb9ba47d4bd6f
2019/05/10 00:39:43.423168 [1;35m[INF][m GID 32, [OnProposalReceived] end
2019/05/10 00:39:43.481977 [1;35m[INF][m GID 32, [OnVoteReceived] started
2019/05/10 00:39:43.482242 [1;35m[INF][m GID 32, [Normal-ProcessAcceptVote] start
2019/05/10 00:39:43.482452 [1;35m[INF][m GID 32, [Normal-ProcessAcceptVote] end
2019/05/10 00:39:43.483276 [1;35m[INF][m GID 32, [OnVoteArrived] Signer: 0353197d11802fe0cd5409f064822b896ceaa675ea596287f1e5ce009be7684f08, ProposalHash: 880f0c50d712bea4704700159ad7944ac8fe84ac5704c3470f9fb9ba47d4bd6f, ReceivedTime: 2019-05-10 00:39:43.477 +0000 UTC, Result: true
2019/05/10 00:39:43.483403 [1;35m[INF][m GID 32, [OnVoteReceived] end
2019/05/10 00:39:43.613347 [1;35m[INF][m GID 32, [OnVoteReceived] started
2019/05/10 00:39:43.613474 [1;35m[INF][m GID 32, [Normal-ProcessAcceptVote] start
2019/05/10 00:39:43.613514 [1;35m[INF][m GID 32, [Normal-ProcessAcceptVote] end
2019/05/10 00:39:43.613692 [1;35m[INF][m GID 32, [OnVoteArrived] Signer: 02eafcd36390b064431b82a4b2934f6d93fddfcfa4a86602b2ae32d858b8d3bcd7, ProposalHash: 880f0c50d712bea4704700159ad7944ac8fe84ac5704c3470f9fb9ba47d4bd6f, ReceivedTime: 2019-05-10 00:39:43.608 +0000 UTC, Result: true
2019/05/10 00:39:43.613748 [1;35m[INF][m GID 32, [OnVoteReceived] end
2019/05/10 00:39:52.813019 [1;35m[INF][m GID 32, [OnProposalReceived] started
2019/05/10 00:39:52.851566 [1;35m[INF][m GID 32, [Normal][ProcessProposal] start
2019/05/10 00:39:52.851778 [1;35m[INF][m GID 32, [ProcessProposal] start
2019/05/10 00:39:52.858890 [1;35m[INF][m GID 32, have different view offset
2019/05/10 00:39:52.859073 [1;35m[INF][m GID 32, [ProcessProposal] end
2019/05/10 00:39:52.859253 [1;35m[INF][m GID 32, [Normal][ProcessProposal] end
2019/05/10 00:39:52.859427 [1;35m[INF][m GID 32, [OnProposalArrived] Sponsor: 0353197d11802fe0cd5409f064822b896ceaa675ea596287f1e5ce009be7684f08, BlockHash: afaeff1ebb861621a1ad72dcb414b3c78f5d3a6801dceb5978d3454552ceeb59, ReceivedTime: 2019-05-10 00:39:52.854 +0000 UTC, Result: false, ViewOffset: 4, ProposalHash: a07f20f7c8d5642b298590e3c8cfe504843e8049c0173c15a1933410544a6f3f
2019/05/10 00:39:52.859570 [1;35m[INF][m GID 32, [OnProposalReceived] has minority not handled proposals, need recover
2019/05/10 00:39:52.859787 [1;35m[INF][m GID 32, [RequestAbnormalRecovering] broadcast message to peers
2019/05/10 00:39:52.859948 [1;35m[INF][m GID 32, [BroadcastMessage] msg: req_con
2019/05/10 00:39:52.860081 [1;35m[INF][m GID 32, [OnProposalReceived] recover start
2019/05/10 00:39:52.863354 [1;35m[INF][m GID 32, [OnProposalReceived] end
2019/05/10 00:39:52.885025 [1;35m[INF][m GID 32, [OnVoteReceived] started
2019/05/10 00:39:52.885473 [1;35m[INF][m GID 32, [Normal-ProcessAcceptVote] start
2019/05/10 00:39:52.893066 [1;35m[INF][m GID 32, [Normal-ProcessAcceptVote] end
2019/05/10 00:39:52.971447 [1;35m[INF][m GID 32, [OnVoteArrived] Signer: 0353197d11802fe0cd5409f064822b896ceaa675ea596287f1e5ce009be7684f08, ProposalHash: a07f20f7c8d5642b298590e3c8cfe504843e8049c0173c15a1933410544a6f3f, ReceivedTime: 2019-05-10 00:39:52.966 +0000 UTC, Result: true
2019/05/10 00:39:52.972158 [1;35m[INF][m GID 32, [OnVoteReceived] end
2019/05/10 00:39:52.974140 [1;35m[INF][m GID 32, [HelpToRecoverAbnormal] peer id: 021cfade3eddd057d8ca178057a88c4654b15c1ada7ee9ab65517f00beb6977556
2019/05/10 00:39:52.974339 [1;35m[INF][m GID 32, [CollectConsensusStatus] status.ConsensusStatus: 0
2019/05/10 00:39:52.990370 [1;35m[INF][m GID 32, [OnResponseConsensus] status: {0 0 1754-08-30 22:43:41.129 +0000 UTC [] [] [] []}
2019/05/10 00:39:52.991692 [1;35m[INF][m GID 32, [OnResponseConsensus] collect recover status
2019/05/10 00:39:52.997763 [1;35m[INF][m GID 32, [OnResponseConsensus] status: {1 4 2019-05-10 00:39:52.546 +0000 UTC [{a07f20f7c8d5642b298590e3c8cfe504843e8049c0173c15a1933410544a6f3f [3 83 25 125 17 128 47 224 205 84 9 240 100 130 43 137 108 234 166 117 234 89 98 135 241 229 206 0 155 231 104 79 8] true [23 210 193 176 47 92 226 8 22 108 61 21 8 53 199 238 116 216 61 179 116 163 129 181 165 240 23 143 229 16 34 129 39 103 251 140 168 202 16 81 196 99 76 183 55 34 1 223 252 169 6 15 1 210 214 139 102 4 32 162 30 53 5 207] <nil>}] [] [] []}
2019/05/10 00:39:52.999116 [1;35m[INF][m GID 32, [OnResponseConsensus] collect recover status
2019/05/10 00:39:53.048538 [1;35m[INF][m GID 32, [OnVoteReceived] started
2019/05/10 00:39:53.052802 [1;35m[INF][m GID 32, [Normal-ProcessAcceptVote] start
2019/05/10 00:39:53.055108 [1;35m[INF][m GID 32, [Normal-ProcessAcceptVote] end
2019/05/10 00:39:53.056239 [1;35m[INF][m GID 32, [OnVoteArrived] Signer: 02eafcd36390b064431b82a4b2934f6d93fddfcfa4a86602b2ae32d858b8d3bcd7, ProposalHash: a07f20f7c8d5642b298590e3c8cfe504843e8049c0173c15a1933410544a6f3f, ReceivedTime: 2019-05-10 00:39:53.051 +0000 UTC, Result: true
2019/05/10 00:39:53.056945 [1;35m[INF][m GID 32, [OnVoteReceived] end
2019/05/10 00:39:53.058779 [1;35m[INF][m GID 32, [HelpToRecoverAbnormal] peer id: 032e74c386af5d672cb196334f2b6ee6451d61f2257f0837ea7af340ef4dea4e1a
2019/05/10 00:39:53.060996 [1;35m[INF][m GID 32, [CollectConsensusStatus] status.ConsensusStatus: 0
2019/05/10 00:39:53.065804 [1;35m[INF][m GID 32, [HelpToRecoverAbnormal] peer id: 0295890a17feb7d5191da656089b5daad83f596edcc491f5c91d025b42955a9f25
2019/05/10 00:39:53.065975 [1;35m[INF][m GID 32, [CollectConsensusStatus] status.ConsensusStatus: 0
2019/05/10 00:39:53.068246 [1;35m[INF][m GID 32, [OnResponseConsensus] status: {0 0 1754-08-30 22:43:41.129 +0000 UTC [] [] [] []}
2019/05/10 00:39:53.070646 [1;35m[INF][m GID 32, [OnResponseConsensus] collect recover status
2019/05/10 00:39:53.072032 [1;35m[INF][m GID 32, [OnResponseConsensus] status: {0 0 1754-08-30 22:43:41.128654848 +0000 UTC [] [] [] []}
2019/05/10 00:39:53.076229 [1;35m[INF][m GID 32, [OnResponseConsensus] collect recover status
2019/05/10 00:39:53.078426 [1;35m[INF][m GID 32, [OnResponseConsensus] start do recover
2019/05/10 00:39:53.080980 [1;35m[INF][m GID 32, [DoRecover] recover received 3 status at viewoffset:0
2019/05/10 00:39:53.085223 [1;35m[INF][m GID 32, [RecoverFromConsensusStatus] status.ConsensusStatus: 0
2019/05/10 00:39:53.085563 [1;35m[INF][m GID 32, [OnResponseConsensus] status: {1 4 2019-05-10 00:39:52.515 +0000 UTC [{a07f20f7c8d5642b298590e3c8cfe504843e8049c0173c15a1933410544a6f3f [3 83 25 125 17 128 47 224 205 84 9 240 100 130 43 137 108 234 166 117 234 89 98 135 241 229 206 0 155 231 104 79 8] true [23 210 193 176 47 92 226 8 22 108 61 21 8 53 199 238 116 216 61 179 116 163 129 181 165 240 23 143 229 16 34 129 39 103 251 140 168 202 16 81 196 99 76 183 55 34 1 223 252 169 6 15 1 210 214 139 102 4 32 162 30 53 5 207] <nil>} {a07f20f7c8d5642b298590e3c8cfe504843e8049c0173c15a1933410544a6f3f [2 234 252 211 99 144 176 100 67 27 130 164 178 147 79 109 147 253 223 207 164 168 102 2 178 174 50 216 88 184 211 188 215] true [184 51 101 134 136 180 244 135 53 126 232 165 241 26 237 179 185 43 117 245 90 252 135 176 225 216 147 196 41 55 177 17 188 46 206 210 17 91 125 194 70 235 91 52 66 58 177 85 111 224 177 236 16 76 206 174 229 113 126 18 210 16 163 34] <nil>}] [] [] []}
2019/05/10 00:39:55.946775 [1;35m[INF][m GID 32, [OnProposalReceived] started
2019/05/10 00:39:55.946914 [1;35m[INF][m GID 32, [Normal][ProcessProposal] start
2019/05/10 00:39:55.947546 [1;35m[INF][m GID 32, [ProcessProposal] start
2019/05/10 00:39:55.950475 [1;35m[INF][m GID 32, [ProcessInv] send getblock: e9488fc30cd78ee655c1a48ad145b349054559feb1b0b142043f716d78c58ed4
2019/05/10 00:39:55.950997 [1;35m[INF][m GID 32, received pending proposal
2019/05/10 00:39:55.952507 [1;35m[INF][m GID 32, [ProcessProposal] end
2019/05/10 00:39:55.954637 [1;35m[INF][m GID 32, [Normal][ProcessProposal] end
2019/05/10 00:39:55.985228 [1;35m[INF][m GID 32, [OnProposalArrived] Sponsor: 021cfade3eddd057d8ca178057a88c4654b15c1ada7ee9ab65517f00beb6977556, BlockHash: e9488fc30cd78ee655c1a48ad145b349054559feb1b0b142043f716d78c58ed4, ReceivedTime: 2019-05-10 00:39:55.98 +0000 UTC, Result: false, ViewOffset: 0, ProposalHash: bef55519fee089685a40258fd731725b4080bc7e38671b85394a86e03d6303c8
2019/05/10 00:39:56.017136 [1;35m[INF][m GID 32, [OnProposalReceived] end
2019/05/10 00:39:56.017296 [1;35m[INF][m GID 32, [OnVoteReceived] started
2019/05/10 00:39:56.017450 [1;35m[INF][m GID 32, [Normal-ProcessAcceptVote] start
2019/05/10 00:39:56.017564 [1;35m[INF][m GID 32, [Normal-ProcessAcceptVote] end
2019/05/10 00:39:56.017708 [1;35m[INF][m GID 32, [OnVoteArrived] Signer: 021cfade3eddd057d8ca178057a88c4654b15c1ada7ee9ab65517f00beb6977556, ProposalHash: bef55519fee089685a40258fd731725b4080bc7e38671b85394a86e03d6303c8, ReceivedTime: 2019-05-10 00:39:56.012 +0000 UTC, Result: true
2019/05/10 00:39:56.018706 [1;35m[INF][m GID 32, [OnVoteReceived] end
2019/05/10 00:39:56.038426 [1;35m[INF][m GID 86, [OnBlockReceived] listener received block
2019/05/10 00:39:56.063031 [1;35m[INF][m GID 32, [OnBlockReceived] start
2019/05/10 00:39:56.063359 [1;35m[INF][m GID 32, [ProcessHigherBlock] broadcast inv and try start new consensus
2019/05/10 00:39:56.070853 [1;35m[INF][m GID 32, [BroadcastMessage] msg: inv
2019/05/10 00:39:56.071000 [1;35m[INF][m GID 32, [Normal][OnBlockReceived] received first unsigned block, start consensus
2019/05/10 00:39:56.071123 [1;35m[INF][m GID 32, [StartConsensus] consensus start
2019/05/10 00:39:56.075589 [1;35m[INF][m GID 32, [ProcessProposal] start
2019/05/10 00:39:56.078026 [1;35m[INF][m GID 32, [TryStartSpeculatingProposal] start
2019/05/10 00:39:56.081248 [1;35m[INF][m GID 32, [TryStartSpeculatingProposal] end
2019/05/10 00:39:56.085015 [1;35m[INF][m GID 32, [acceptProposal] start
2019/05/10 00:39:56.086091 [1;35m[INF][m GID 32, [ProcessVote] start
2019/05/10 00:39:56.089761 [1;35m[INF][m GID 32, [countAcceptedVote] start
2019/05/10 00:39:56.095511 [1;35m[INF][m GID 32, [countAcceptedVote] Received needed sign, collect it into AcceptVotes!
2019/05/10 00:39:56.102764 [1;35m[INF][m GID 32, [countAcceptedVote] end
2019/05/10 00:39:56.102989 [1;35m[INF][m GID 32, [ProcessVote] end
2019/05/10 00:39:56.105509 [1;35m[INF][m GID 32, [BroadcastMessage] msg: acc_vote
2019/05/10 00:39:56.105991 [1;35m[INF][m GID 32, [acceptProposal] send acc_vote msg: a986ded163635ef41665f2444291407f8fa9bdcd7aee86c3fbdcace115f996e9
2019/05/10 00:39:56.109422 [1;35m[INF][m GID 32, [OnVoteArrived] Signer: 0386206d1d442f5c8ddcc9ae45ab85d921b6ade3a184f43b7ccf6de02f3ca0b450, ProposalHash: bef55519fee089685a40258fd731725b4080bc7e38671b85394a86e03d6303c8, ReceivedTime: 2019-05-10 00:39:56.104 +0000 UTC, Result: true
2019/05/10 00:39:56.110332 [1;35m[INF][m GID 32, [acceptProposal] end
2019/05/10 00:39:56.110493 [1;35m[INF][m GID 32, [ProcessProposal] end
2019/05/10 00:39:56.112045 [1;35m[INF][m GID 32, [OnViewStarted] OnDutyArbitrator: 021cfade3eddd057d8ca178057a88c4654b15c1ada7ee9ab65517f00beb6977556, StartTime: 2019-05-10 00:39:56.07 +0000 UTC, Offset: 0, Height: 274
2019/05/10 00:39:56.112516 [1;35m[INF][m GID 32, [StartConsensus] consensus end
2019/05/10 00:39:56.113458 [1;35m[INF][m GID 32, [OnConsensusStarted] StartTime: 2019-05-10 00:39:56.108 +0000 UTC, Height: 274
2019/05/10 00:39:56.113866 [1;35m[INF][m GID 32, [OnBlockReceived] end
2019/05/10 00:39:56.115836 [1;31m[ERR][m GID 32, [OnBlock] err:  duplicate block in pool
2019/05/10 00:39:56.116157 [1;35m[INF][m GID 32, [OnVoteReceived] started
2019/05/10 00:39:56.117258 [1;35m[INF][m GID 32, [Normal-ProcessAcceptVote] start
2019/05/10 00:39:56.120085 [1;35m[INF][m GID 32, [ProcessVote] start
2019/05/10 00:39:56.122313 [1;35m[INF][m GID 32, [countAcceptedVote] start
2019/05/10 00:39:56.124932 [1;35m[INF][m GID 32, [countAcceptedVote] Received needed sign, collect it into AcceptVotes!
2019/05/10 00:39:56.125920 [1;35m[INF][m GID 32, [countAcceptedVote] end
2019/05/10 00:39:56.126052 [1;35m[INF][m GID 32, [ProcessVote] end
2019/05/10 00:39:56.126808 [1;35m[INF][m GID 32, [Normal-ProcessAcceptVote] end
2019/05/10 00:39:56.128758 [1;35m[INF][m GID 32, [OnVoteArrived] Signer: 032e74c386af5d672cb196334f2b6ee6451d61f2257f0837ea7af340ef4dea4e1a, ProposalHash: bef55519fee089685a40258fd731725b4080bc7e38671b85394a86e03d6303c8, ReceivedTime: 2019-05-10 00:39:56.123 +0000 UTC, Result: true
2019/05/10 00:39:56.133119 [1;35m[INF][m GID 32, [OnVoteReceived] end
2019/05/10 00:39:56.254674 [1;35m[INF][m GID 32, [OnVoteReceived] started
2019/05/10 00:39:56.257226 [1;35m[INF][m GID 32, [Normal-ProcessAcceptVote] start
2019/05/10 00:39:56.257280 [1;35m[INF][m GID 32, [ProcessVote] start
2019/05/10 00:39:56.262514 [1;35m[INF][m GID 32, [countAcceptedVote] start
2019/05/10 00:39:56.263195 [1;35m[INF][m GID 32, [countAcceptedVote] Received needed sign, collect it into AcceptVotes!
2019/05/10 00:39:56.263232 [1;35m[INF][m GID 32, [countAcceptedVote] end
2019/05/10 00:39:56.263255 [1;35m[INF][m GID 32, [ProcessVote] end
2019/05/10 00:39:56.263275 [1;35m[INF][m GID 32, [Normal-ProcessAcceptVote] end
2019/05/10 00:39:56.263317 [1;35m[INF][m GID 32, [OnVoteArrived] Signer: 0295890a17feb7d5191da656089b5daad83f596edcc491f5c91d025b42955a9f25, ProposalHash: bef55519fee089685a40258fd731725b4080bc7e38671b85394a86e03d6303c8, ReceivedTime: 2019-05-10 00:39:56.258 +0000 UTC, Result: true
2019/05/10 00:39:56.263336 [1;35m[INF][m GID 32, [OnVoteReceived] end
2019/05/10 00:39:58.139708 [1;35m[INF][m GID 405, [OnBlockReceived] listener received block
2019/05/10 00:39:58.141370 [1;35m[INF][m GID 32, [OnBlockReceived] start
2019/05/10 00:39:58.141478 [1;35m[INF][m GID 32, [ProcessHigherBlock] broadcast inv and try start new consensus
2019/05/10 00:39:58.141567 [1;35m[INF][m GID 32, [BroadcastMessage] msg: inv
2019/05/10 00:39:58.141668 [1;35m[INF][m GID 32, [OnBlockReceived] end
2019/05/10 00:40:01.205829 [1;35m[INF][m GID 32, [TryChangeView] succeed
2019/05/10 00:40:01.205881 [1;35m[INF][m GID 32, [ChangeView] current view offset: 1
2019/05/10 00:40:01.205903 [1;35m[INF][m GID 32, current onduty arbiter: 0295890a17feb7d5191da656089b5daad83f596edcc491f5c91d025b42955a9f25
2019/05/10 00:40:01.205928 [1;35m[INF][m GID 32, OnViewChanged, getBlock from first block hash: e9488fc30cd78ee655c1a48ad145b349054559feb1b0b142043f716d78c58ed4 onduty: false
2019/05/10 00:40:01.205951 [1;35m[INF][m GID 32, [OnViewChanged] clean proposal
2019/05/10 00:40:01.205972 [1;35m[INF][m GID 32, Clean proposals
2019/05/10 00:40:01.206005 [1;35m[INF][m GID 32, [OnViewStarted] OnDutyArbitrator: 0295890a17feb7d5191da656089b5daad83f596edcc491f5c91d025b42955a9f25, StartTime: 2019-05-10 00:40:01.2 +0000 UTC, Offset: 1, Height: 274
2019/05/10 00:40:01.206030 [1;35m[INF][m GID 32, [TryChangeView] succeed
2019/05/10 00:40:01.843498 [1;35m[INF][m GID 32, [OnVoteReceived] started
2019/05/10 00:40:01.844769 [1;35m[INF][m GID 32, [Normal-ProcessAcceptVote] start
2019/05/10 00:40:01.845370 [1;35m[INF][m GID 32, [Normal-ProcessAcceptVote] end
2019/05/10 00:40:01.847259 [1;35m[INF][m GID 32, [OnVoteArrived] Signer: 021cfade3eddd057d8ca178057a88c4654b15c1ada7ee9ab65517f00beb6977556, ProposalHash: 297b0112963dac75394d74ff8c7eb7c1dc4bf4d5aa7282843a94280f22aaee72, ReceivedTime: 2019-05-10 00:40:01.841 +0000 UTC, Result: true
2019/05/10 00:40:01.848465 [1;35m[INF][m GID 32, [OnVoteReceived] end
2019/05/10 00:40:01.849385 [1;35m[INF][m GID 32, [OnProposalReceived] started
2019/05/10 00:40:01.852574 [1;35m[INF][m GID 32, [Normal][ProcessProposal] start
2019/05/10 00:40:01.853658 [1;35m[INF][m GID 32, [ProcessProposal] start
2019/05/10 00:40:01.853994 [1;35m[INF][m GID 32, [TryStartSpeculatingProposal] start
2019/05/10 00:40:01.856213 [1;35m[INF][m GID 32, [TryStartSpeculatingProposal] end
2019/05/10 00:40:01.857629 [1;35m[INF][m GID 32, [acceptProposal] start
2019/05/10 00:40:01.859122 [1;35m[INF][m GID 32, [ProcessVote] start
2019/05/10 00:40:01.861593 [1;35m[INF][m GID 32, [countAcceptedVote] start
2019/05/10 00:40:01.861815 [1;35m[INF][m GID 32, [countAcceptedVote] Received needed sign, collect it into AcceptVotes!
2019/05/10 00:40:01.862944 [1;35m[INF][m GID 32, [countAcceptedVote] end
2019/05/10 00:40:01.879279 [1;35m[INF][m GID 32, [ProcessVote] end
2019/05/10 00:40:01.885828 [1;35m[INF][m GID 32, [ProcessVote] start
2019/05/10 00:40:01.898409 [1;35m[INF][m GID 32, [countAcceptedVote] start
2019/05/10 00:40:01.898623 [1;35m[INF][m GID 32, [countAcceptedVote] Received needed sign, collect it into AcceptVotes!
2019/05/10 00:40:01.898942 [1;35m[INF][m GID 32, [countAcceptedVote] end
2019/05/10 00:40:01.899278 [1;35m[INF][m GID 32, [ProcessVote] end
2019/05/10 00:40:01.899417 [1;35m[INF][m GID 32, [BroadcastMessage] msg: acc_vote
2019/05/10 00:40:01.902664 [1;35m[INF][m GID 32, [acceptProposal] send acc_vote msg: 4d27153524594fc6591bcfc4b65885e3382219eace91fc586610cfc3ef0dcfc6
2019/05/10 00:40:01.917150 [1;35m[INF][m GID 32, [OnVoteArrived] Signer: 0386206d1d442f5c8ddcc9ae45ab85d921b6ade3a184f43b7ccf6de02f3ca0b450, ProposalHash: 297b0112963dac75394d74ff8c7eb7c1dc4bf4d5aa7282843a94280f22aaee72, ReceivedTime: 2019-05-10 00:40:01.912 +0000 UTC, Result: true
2019/05/10 00:40:01.917280 [1;35m[INF][m GID 32, [acceptProposal] end
2019/05/10 00:40:01.917437 [1;35m[INF][m GID 32, [ProcessProposal] end
2019/05/10 00:40:01.917638 [1;35m[INF][m GID 32, [Normal][ProcessProposal] end
2019/05/10 00:40:01.917829 [1;35m[INF][m GID 32, [OnProposalArrived] Sponsor: 0295890a17feb7d5191da656089b5daad83f596edcc491f5c91d025b42955a9f25, BlockHash: e9488fc30cd78ee655c1a48ad145b349054559feb1b0b142043f716d78c58ed4, ReceivedTime: 2019-05-10 00:40:01.912 +0000 UTC, Result: false, ViewOffset: 1, ProposalHash: 297b0112963dac75394d74ff8c7eb7c1dc4bf4d5aa7282843a94280f22aaee72
2019/05/10 00:40:01.933531 [1;35m[INF][m GID 32, [OnProposalReceived] end
2019/05/10 00:40:01.934707 [1;35m[INF][m GID 32, [OnVoteReceived] started
2019/05/10 00:40:01.935858 [1;35m[INF][m GID 32, [Normal-ProcessAcceptVote] start
2019/05/10 00:40:01.937262 [1;35m[INF][m GID 32, [ProcessVote] start
2019/05/10 00:40:01.937636 [1;35m[INF][m GID 32, [countAcceptedVote] start
2019/05/10 00:40:01.940273 [1;35m[INF][m GID 32, [countAcceptedVote] Received needed sign, collect it into AcceptVotes!
2019/05/10 00:40:01.995153 [1;35m[INF][m GID 32, [countAcceptedVote] end
2019/05/10 00:40:01.995232 [1;35m[INF][m GID 32, [ProcessVote] end
2019/05/10 00:40:01.995263 [1;35m[INF][m GID 32, [Normal-ProcessAcceptVote] end
2019/05/10 00:40:01.996310 [1;35m[INF][m GID 32, [OnVoteArrived] Signer: 0295890a17feb7d5191da656089b5daad83f596edcc491f5c91d025b42955a9f25, ProposalHash: 297b0112963dac75394d74ff8c7eb7c1dc4bf4d5aa7282843a94280f22aaee72, ReceivedTime: 2019-05-10 00:40:01.99 +0000 UTC, Result: true
2019/05/10 00:40:01.996709 [1;35m[INF][m GID 32, [OnVoteReceived] end
2019/05/10 00:40:01.999478 [1;35m[INF][m GID 32, [OnProposalReceived] started
2019/05/10 00:40:01.999679 [1;35m[INF][m GID 32, [Normal][ProcessProposal] start
2019/05/10 00:40:02.000555 [1;35m[INF][m GID 32, [ProcessProposal] start
2019/05/10 00:40:02.001028 [1;35m[INF][m GID 32, already processing proposal
2019/05/10 00:40:02.003953 [1;35m[INF][m GID 32, [ProcessProposal] end
2019/05/10 00:40:02.004966 [1;35m[INF][m GID 32, [Normal][ProcessProposal] end
2019/05/10 00:40:02.005488 [1;35m[INF][m GID 32, [OnProposalArrived] Sponsor: 0295890a17feb7d5191da656089b5daad83f596edcc491f5c91d025b42955a9f25, BlockHash: e9488fc30cd78ee655c1a48ad145b349054559feb1b0b142043f716d78c58ed4, ReceivedTime: 2019-05-10 00:40:02 +0000 UTC, Result: false, ViewOffset: 1, ProposalHash: 297b0112963dac75394d74ff8c7eb7c1dc4bf4d5aa7282843a94280f22aaee72
2019/05/10 00:40:02.005936 [1;35m[INF][m GID 32, [OnProposalReceived] end
2019/05/10 00:40:02.008437 [1;35m[INF][m GID 32, [HelpToRecoverAbnormal] peer id: 0353197d11802fe0cd5409f064822b896ceaa675ea596287f1e5ce009be7684f08
2019/05/10 00:40:02.010257 [1;35m[INF][m GID 32, [CollectConsensusStatus] status.ConsensusStatus: 1
2019/05/10 00:40:02.014062 [1;35m[INF][m GID 32, [HelpToRecoverAbnormal] peer id: 02eafcd36390b064431b82a4b2934f6d93fddfcfa4a86602b2ae32d858b8d3bcd7
2019/05/10 00:40:02.014232 [1;35m[INF][m GID 32, [CollectConsensusStatus] status.ConsensusStatus: 1
2019/05/10 00:40:02.094568 [1;35m[INF][m GID 32, [OnVoteReceived] started
2019/05/10 00:40:02.098373 [1;35m[INF][m GID 32, [Normal-ProcessAcceptVote] start
2019/05/10 00:40:02.103025 [1;35m[INF][m GID 32, [ProcessVote] start
2019/05/10 00:40:02.107164 [1;35m[INF][m GID 32, [countAcceptedVote] start
2019/05/10 00:40:02.111034 [1;35m[INF][m GID 32, [countAcceptedVote] Received needed sign, collect it into AcceptVotes!
2019/05/10 00:40:02.111253 [1;35m[INF][m GID 32, [countAcceptedVote] end
2019/05/10 00:40:02.111547 [1;35m[INF][m GID 32, [ProcessVote] end
2019/05/10 00:40:02.112863 [1;35m[INF][m GID 32, [Normal-ProcessAcceptVote] end
2019/05/10 00:40:02.113081 [1;35m[INF][m GID 32, [OnVoteArrived] Signer: 032e74c386af5d672cb196334f2b6ee6451d61f2257f0837ea7af340ef4dea4e1a, ProposalHash: 297b0112963dac75394d74ff8c7eb7c1dc4bf4d5aa7282843a94280f22aaee72, ReceivedTime: 2019-05-10 00:40:02.107 +0000 UTC, Result: true
2019/05/10 00:40:02.113788 [1;35m[INF][m GID 32, [OnVoteReceived] end
2019/05/10 00:40:02.237201 [1;35m[INF][m GID 32, [HelpToRecoverAbnormal] peer id: 02eafcd36390b064431b82a4b2934f6d93fddfcfa4a86602b2ae32d858b8d3bcd7
2019/05/10 00:40:02.251845 [1;35m[INF][m GID 32, [CollectConsensusStatus] status.ConsensusStatus: 1
2019/05/10 00:40:02.258617 [1;35m[INF][m GID 32, [HelpToRecoverAbnormal] peer id: 0353197d11802fe0cd5409f064822b896ceaa675ea596287f1e5ce009be7684f08
2019/05/10 00:40:02.259327 [1;35m[INF][m GID 32, [CollectConsensusStatus] status.ConsensusStatus: 1
2019/05/10 00:40:02.463738 [1;35m[INF][m GID 86, [OnBlockReceived] listener received block
2019/05/10 00:40:02.464227 [1;35m[INF][m GID 32, [OnBlockReceived] start
2019/05/10 00:40:02.464649 [1;35m[INF][m GID 32, [ProcessHigherBlock] broadcast inv and try start new consensus
2019/05/10 00:40:02.464941 [1;35m[INF][m GID 32, [BroadcastMessage] msg: inv
2019/05/10 00:40:02.465219 [1;35m[INF][m GID 32, [OnBlockReceived] end
2019/05/10 00:40:06.044111 [1;35m[INF][m GID 32, [OnProposalReceived] started
2019/05/10 00:40:06.045816 [1;35m[INF][m GID 32, [Normal][ProcessProposal] start
2019/05/10 00:40:06.046330 [1;35m[INF][m GID 32, [ProcessProposal] start
2019/05/10 00:40:06.049064 [1;35m[INF][m GID 32, have different view offset
2019/05/10 00:40:06.050138 [1;35m[INF][m GID 32, [ProcessProposal] end
2019/05/10 00:40:06.050619 [1;35m[INF][m GID 32, [Normal][ProcessProposal] end
2019/05/10 00:40:06.053572 [1;35m[INF][m GID 32, [OnProposalArrived] Sponsor: 02eafcd36390b064431b82a4b2934f6d93fddfcfa4a86602b2ae32d858b8d3bcd7, BlockHash: afaeff1ebb861621a1ad72dcb414b3c78f5d3a6801dceb5978d3454552ceeb59, ReceivedTime: 2019-05-10 00:40:06.045 +0000 UTC, Result: false, ViewOffset: 2, ProposalHash: 880f0c50d712bea4704700159ad7944ac8fe84ac5704c3470f9fb9ba47d4bd6f
2019/05/10 00:40:06.055152 [1;35m[INF][m GID 32, [OnProposalReceived] has minority not handled proposals, need recover
2019/05/10 00:40:06.085556 [1;35m[INF][m GID 32, [RequestAbnormalRecovering] broadcast message to peers
2019/05/10 00:40:06.092540 [1;35m[INF][m GID 32, [BroadcastMessage] msg: req_con
2019/05/10 00:40:06.095426 [1;35m[INF][m GID 32, [OnProposalReceived] recover start
2019/05/10 00:40:06.095488 [1;35m[INF][m GID 32, [OnProposalReceived] end
2019/05/10 00:40:06.095510 [1;35m[INF][m GID 32, [OnVoteReceived] started
2019/05/10 00:40:06.095530 [1;35m[INF][m GID 32, [Normal-ProcessAcceptVote] start
2019/05/10 00:40:06.095551 [1;35m[INF][m GID 32, [Normal-ProcessAcceptVote] end
2019/05/10 00:40:06.095585 [1;35m[INF][m GID 32, [OnVoteArrived] Signer: 02eafcd36390b064431b82a4b2934f6d93fddfcfa4a86602b2ae32d858b8d3bcd7, ProposalHash: 880f0c50d712bea4704700159ad7944ac8fe84ac5704c3470f9fb9ba47d4bd6f, ReceivedTime: 2019-05-10 00:40:06.09 +0000 UTC, Result: true
2019/05/10 00:40:06.095607 [1;35m[INF][m GID 32, [OnVoteReceived] end
2019/05/10 00:40:06.095626 [1;35m[INF][m GID 32, [HelpToRecoverAbnormal] peer id: 032e74c386af5d672cb196334f2b6ee6451d61f2257f0837ea7af340ef4dea4e1a
2019/05/10 00:40:06.095647 [1;35m[INF][m GID 32, [CollectConsensusStatus] status.ConsensusStatus: 1
2019/05/10 00:40:06.102248 [1;35m[INF][m GID 32, [OnResponseConsensus] status: {1 1 2019-05-10 00:40:01.077 +0000 UTC [{297b0112963dac75394d74ff8c7eb7c1dc4bf4d5aa7282843a94280f22aaee72 [2 149 137 10 23 254 183 213 25 29 166 86 8 155 93 170 216 63 89 110 220 196 145 245 201 29 2 91 66 149 90 159 37] true [88 181 4 4 132 39 244 159 141 249 220 221 231 157 199 237 200 91 107 208 116 236 114 222 139 69 6 69 237 86 116 138 233 214 182 146 58 15 198 202 2 36 159 220 150 206 78 73 147 115 98 54 191 64 212 121 203 142 240 163 99 244 183 99] <nil>} {297b0112963dac75394d74ff8c7eb7c1dc4bf4d5aa7282843a94280f22aaee72 [2 28 250 222 62 221 208 87 216 202 23 128 87 168 140 70 84 177 92 26 218 126 233 171 101 81 127 0 190 182 151 117 86] true [128 24 123 242 88 119 151 154 19 138 35 63 109 214 147 173 254 132 126 115 152 137 216 115 34 247 166 252 159 151 226 10 204 104 102 1 254 131 127 20 6 208 198 30 129 108 182 74 159 93 148 239 142 116 99 227 50 25 27 20 136 169 2 85] <nil>} {297b0112963dac75394d74ff8c7eb7c1dc4bf4d5aa7282843a94280f22aaee72 [3 134 32 109 29 68 47 92 141 220 201 174 69 171 133 217 33 182 173 227 161 132 244 59 124 207 109 224 47 60 160 180 80] true [61 93 18 28 111 122 133 103 41 89 248 56 159 151 150 98 2 146 113 240 48 16 233 51 166 157 223 85 0 30 89 228 158 148 41 110 240 23 140 245 113 141 115 59 81 42 186 162 4 221 46 84 151 170 158 167 21 151 112 22 232 35 40 169] <nil>} {297b0112963dac75394d74ff8c7eb7c1dc4bf4d5aa7282843a94280f22aaee72 [3 46 116 195 134 175 93 103 44 177 150 51 79 43 110 230 69 29 97 242 37 127 8 55 234 122 243 64 239 77 234 78 26] true [167 0 200 29 148 17 130 88 127 79 52 242 214 203 163 187 112 10 70 31 201 96 254 221 57 141 251 106 228 195 113 174 172 232 171 175 9 215 166 32 137 148 129 154 74 10 123 119 24 146 106 117 104 206 151 100 225 167 227 226 15 85 9 71] <nil>}] [] [] []}
2019/05/10 00:40:06.103003 [1;35m[INF][m GID 32, [OnResponseConsensus] collect recover status
2019/05/10 00:40:06.109986 [1;35m[INF][m GID 32, [ProcessInv] send getblock: afaeff1ebb861621a1ad72dcb414b3c78f5d3a6801dceb5978d3454552ceeb59
2019/05/10 00:40:06.110208 [1;35m[INF][m GID 32, [OnResponseConsensus] status: {1 2 2019-05-10 00:40:05.774 +0000 UTC [] [] [{[2 234 252 211 99 144 176 100 67 27 130 164 178 147 79 109 147 253 223 207 164 168 102 2 178 174 50 216 88 184 211 188 215] afaeff1ebb861621a1ad72dcb414b3c78f5d3a6801dceb5978d3454552ceeb59 2 [7 199 214 50 51 216 45 85 91 74 154 92 25 177 151 216 199 58 141 203 159 93 204 1 212 66 212 21 54 249 21 45 229 160 38 252 244 53 143 87 146 128 170 5 128 61 206 177 162 148 68 202 213 67 120 29 15 90 203 1 124 150 211 92] <nil>}] [{880f0c50d712bea4704700159ad7944ac8fe84ac5704c3470f9fb9ba47d4bd6f [2 234 252 211 99 144 176 100 67 27 130 164 178 147 79 109 147 253 223 207 164 168 102 2 178 174 50 216 88 184 211 188 215] true [29 30 140 127 13 215 154 166 70 199 22 37 207 78 149 136 51 207 234 0 229 223 26 215 92 187 131 121 199 73 28 77 25 39 38 59 14 104 162 203 211 63 188 88 215 153 86 60 24 213 28 232 237 186 164 223 39 81 159 94 89 49 165 35] <nil>}]}
2019/05/10 00:40:06.110240 [1;35m[INF][m GID 32, [OnResponseConsensus] collect recover status
2019/05/10 00:40:06.142684 [1;35m[INF][m GID 32, [OnResponseConsensus] status: {1 2 2019-05-10 00:40:05.963 +0000 UTC [{880f0c50d712bea4704700159ad7944ac8fe84ac5704c3470f9fb9ba47d4bd6f [2 234 252 211 99 144 176 100 67 27 130 164 178 147 79 109 147 253 223 207 164 168 102 2 178 174 50 216 88 184 211 188 215] true [29 30 140 127 13 215 154 166 70 199 22 37 207 78 149 136 51 207 234 0 229 223 26 215 92 187 131 121 199 73 28 77 25 39 38 59 14 104 162 203 211 63 188 88 215 153 86 60 24 213 28 232 237 186 164 223 39 81 159 94 89 49 165 35] <nil>}] [] [] []}
2019/05/10 00:40:06.158864 [1;35m[INF][m GID 32, [OnResponseConsensus] collect recover status
2019/05/10 00:40:06.160028 [1;35m[INF][m GID 86, [OnBlockReceived] listener received block
2019/05/10 00:40:06.160564 [1;35m[INF][m GID 32, [OnBlockReceived] start
2019/05/10 00:40:06.161236 [1;35m[INF][m GID 32, [ProcessHigherBlock] broadcast inv and try start new consensus
2019/05/10 00:40:06.161829 [1;35m[INF][m GID 32, [BroadcastMessage] msg: inv
2019/05/10 00:40:06.163050 [1;35m[INF][m GID 32, [OnBlockReceived] end
2019/05/10 00:40:06.163811 [1;35m[INF][m GID 32, [OnVoteReceived] started
2019/05/10 00:40:06.164118 [1;35m[INF][m GID 32, [Normal-ProcessAcceptVote] start
2019/05/10 00:40:06.164408 [1;35m[INF][m GID 32, [Normal-ProcessAcceptVote] end
2019/05/10 00:40:06.164732 [1;35m[INF][m GID 32, [OnVoteArrived] Signer: 032e74c386af5d672cb196334f2b6ee6451d61f2257f0837ea7af340ef4dea4e1a, ProposalHash: 880f0c50d712bea4704700159ad7944ac8fe84ac5704c3470f9fb9ba47d4bd6f, ReceivedTime: 2019-05-10 00:40:06.159 +0000 UTC, Result: true
2019/05/10 00:40:06.165199 [1;35m[INF][m GID 32, [OnVoteReceived] end
2019/05/10 00:40:06.166451 [1;35m[INF][m GID 32, [OnResponseConsensus] status: {1 2 2019-05-10 00:40:05.963 +0000 UTC [{880f0c50d712bea4704700159ad7944ac8fe84ac5704c3470f9fb9ba47d4bd6f [2 234 252 211 99 144 176 100 67 27 130 164 178 147 79 109 147 253 223 207 164 168 102 2 178 174 50 216 88 184 211 188 215] true [29 30 140 127 13 215 154 166 70 199 22 37 207 78 149 136 51 207 234 0 229 223 26 215 92 187 131 121 199 73 28 77 25 39 38 59 14 104 162 203 211 63 188 88 215 153 86 60 24 213 28 232 237 186 164 223 39 81 159 94 89 49 165 35] <nil>} {880f0c50d712bea4704700159ad7944ac8fe84ac5704c3470f9fb9ba47d4bd6f [3 46 116 195 134 175 93 103 44 177 150 51 79 43 110 230 69 29 97 242 37 127 8 55 234 122 243 64 239 77 234 78 26] true [41 75 188 17 183 146 133 246 30 162 198 38 6 136 19 229 40 100 149 87 43 116 46 147 171 9 169 90 17 138 29 242 26 253 112 215 31 196 197 181 244 215 121 134 153 32 241 185 38 10 104 222 242 247 198 250 88 144 84 100 38 111 220 182] <nil>}] [] [] []}
2019/05/10 00:40:06.170356 [1;35m[INF][m GID 32, [OnResponseConsensus] collect recover status
2019/05/10 00:40:06.172863 [1;35m[INF][m GID 32, [OnResponseConsensus] start do recover
2019/05/10 00:40:06.173124 [1;35m[INF][m GID 32, [DoRecover] recover received 3 status at viewoffset:2
2019/05/10 00:40:06.173531 [1;35m[INF][m GID 32, [RecoverFromConsensusStatus] status.ConsensusStatus: 1
2019/05/10 00:40:06.175496 [1;35m[INF][m GID 32, [OnResponseConsensus] status: {1 1 2019-05-10 00:40:01.07 +0000 UTC [{297b0112963dac75394d74ff8c7eb7c1dc4bf4d5aa7282843a94280f22aaee72 [2 28 250 222 62 221 208 87 216 202 23 128 87 168 140 70 84 177 92 26 218 126 233 171 101 81 127 0 190 182 151 117 86] true [128 24 123 242 88 119 151 154 19 138 35 63 109 214 147 173 254 132 126 115 152 137 216 115 34 247 166 252 159 151 226 10 204 104 102 1 254 131 127 20 6 208 198 30 129 108 182 74 159 93 148 239 142 116 99 227 50 25 27 20 136 169 2 85] <nil>} {297b0112963dac75394d74ff8c7eb7c1dc4bf4d5aa7282843a94280f22aaee72 [3 134 32 109 29 68 47 92 141 220 201 174 69 171 133 217 33 182 173 227 161 132 244 59 124 207 109 224 47 60 160 180 80] true [61 93 18 28 111 122 133 103 41 89 248 56 159 151 150 98 2 146 113 240 48 16 233 51 166 157 223 85 0 30 89 228 158 148 41 110 240 23 140 245 113 141 115 59 81 42 186 162 4 221 46 84 151 170 158 167 21 151 112 22 232 35 40 169] <nil>} {297b0112963dac75394d74ff8c7eb7c1dc4bf4d5aa7282843a94280f22aaee72 [2 149 137 10 23 254 183 213 25 29 166 86 8 155 93 170 216 63 89 110 220 196 145 245 201 29 2 91 66 149 90 159 37] true [88 181 4 4 132 39 244 159 141 249 220 221 231 157 199 237 200 91 107 208 116 236 114 222 139 69 6 69 237 86 116 138 233 214 182 146 58 15 198 202 2 36 159 220 150 206 78 73 147 115 98 54 191 64 212 121 203 142 240 163 99 244 183 99] <nil>}] [] [] [{297b0112963dac75394d74ff8c7eb7c1dc4bf4d5aa7282843a94280f22aaee72 [3 134 32 109 29 68 47 92 141 220 201 174 69 171 133 217 33 182 173 227 161 132 244 59 124 207 109 224 47 60 160 180 80] true [61 93 18 28 111 122 133 103 41 89 248 56 159 151 150 98 2 146 113 240 48 16 233 51 166 157 223 85 0 30 89 228 158 148 41 110 240 23 140 245 113 141 115 59 81 42 186 162 4 221 46 84 151 170 158 167 21 151 112 22 232 35 40 169] <nil>} {880f0c50d712bea4704700159ad7944ac8fe84ac5704c3470f9fb9ba47d4bd6f [2 234 252 211 99 144 176 100 67 27 130 164 178 147 79 109 147 253 223 207 164 168 102 2 178 174 50 216 88 184 211 188 215] true [29 30 140 127 13 215 154 166 70 199 22 37 207 78 149 136 51 207 234 0 229 223 26 215 92 187 131 121 199 73 28 77 25 39 38 59 14 104 162 203 211 63 188 88 215 153 86 60 24 213 28 232 237 186 164 223 39 81 159 94 89 49 165 35] <nil>}]}
2019/05/10 00:40:06.228621 [1;35m[INF][m GID 32, [OnVoteReceived] started
2019/05/10 00:40:06.235051 [1;35m[INF][m GID 32, [Normal-ProcessAcceptVote] start
2019/05/10 00:40:06.235191 [1;35m[INF][m GID 32, [Normal-ProcessAcceptVote] end
2019/05/10 00:40:06.236943 [1;35m[INF][m GID 32, [OnVoteArrived] Signer: 021cfade3eddd057d8ca178057a88c4654b15c1ada7ee9ab65517f00beb6977556, ProposalHash: 880f0c50d712bea4704700159ad7944ac8fe84ac5704c3470f9fb9ba47d4bd6f, ReceivedTime: 2019-05-10 00:40:06.231 +0000 UTC, Result: true
2019/05/10 00:40:06.238558 [1;35m[INF][m GID 32, [OnVoteReceived] end
2019/05/10 00:40:06.322390 [1;35m[INF][m GID 32, [OnVoteReceived] started
2019/05/10 00:40:06.354624 [1;35m[INF][m GID 32, [Normal-ProcessAcceptVote] start
2019/05/10 00:40:06.354757 [1;35m[INF][m GID 32, [Normal-ProcessAcceptVote] end
2019/05/10 00:40:06.354889 [1;35m[INF][m GID 32, [OnVoteArrived] Signer: 0353197d11802fe0cd5409f064822b896ceaa675ea596287f1e5ce009be7684f08, ProposalHash: 880f0c50d712bea4704700159ad7944ac8fe84ac5704c3470f9fb9ba47d4bd6f, ReceivedTime: 2019-05-10 00:40:06.349 +0000 UTC, Result: true
2019/05/10 00:40:06.355022 [1;35m[INF][m GID 32, [OnVoteReceived] end
2019/05/10 00:40:06.355155 [1;31m[ERR][m GID 32, [OnBlock] err:  duplicate block in pool
2019/05/10 00:40:06.355273 [1;35m[INF][m GID 32, [OnVoteReceived] started
2019/05/10 00:40:06.357087 [1;35m[INF][m GID 32, [Normal-ProcessAcceptVote] start
2019/05/10 00:40:06.359015 [1;35m[INF][m GID 32, [Normal-ProcessAcceptVote] end
2019/05/10 00:40:06.361124 [1;35m[INF][m GID 32, [OnVoteArrived] Signer: 032e74c386af5d672cb196334f2b6ee6451d61f2257f0837ea7af340ef4dea4e1a, ProposalHash: 880f0c50d712bea4704700159ad7944ac8fe84ac5704c3470f9fb9ba47d4bd6f, ReceivedTime: 2019-05-10 00:40:06.355 +0000 UTC, Result: true
2019/05/10 00:40:06.366401 [1;35m[INF][m GID 32, [OnVoteReceived] end
2019/05/10 00:40:06.393092 [1;35m[INF][m GID 32, [HelpToRecoverAbnormal] peer id: 021cfade3eddd057d8ca178057a88c4654b15c1ada7ee9ab65517f00beb6977556
2019/05/10 00:40:06.393238 [1;35m[INF][m GID 32, [CollectConsensusStatus] status.ConsensusStatus: 1
2019/05/10 00:40:11.537847 [1;35m[INF][m GID 32, [TryChangeView] succeed
2019/05/10 00:40:11.548255 [1;35m[INF][m GID 32, [ChangeView] current view offset: 3
2019/05/10 00:40:11.548666 [1;35m[INF][m GID 32, current onduty arbiter: 032e74c386af5d672cb196334f2b6ee6451d61f2257f0837ea7af340ef4dea4e1a
2019/05/10 00:40:11.553579 [1;35m[INF][m GID 32, OnViewChanged, getBlock from first block hash: e9488fc30cd78ee655c1a48ad145b349054559feb1b0b142043f716d78c58ed4 onduty: false
2019/05/10 00:40:11.556707 [1;35m[INF][m GID 32, [OnViewChanged] clean proposal
2019/05/10 00:40:11.556844 [1;35m[INF][m GID 32, Clean proposals
2019/05/10 00:40:11.556994 [1;35m[INF][m GID 32, [OnViewStarted] OnDutyArbitrator: 032e74c386af5d672cb196334f2b6ee6451d61f2257f0837ea7af340ef4dea4e1a, StartTime: 2019-05-10 00:40:11.551 +0000 UTC, Offset: 3, Height: 274
2019/05/10 00:40:11.557634 [1;35m[INF][m GID 32, [TryChangeView] succeed
2019/05/10 00:40:11.909689 [1;35m[INF][m GID 32, [HelpToRecoverAbnormal] peer id: 0353197d11802fe0cd5409f064822b896ceaa675ea596287f1e5ce009be7684f08
2019/05/10 00:40:11.913649 [1;35m[INF][m GID 32, [CollectConsensusStatus] status.ConsensusStatus: 1
2019/05/10 00:40:11.914497 [1;35m[INF][m GID 32, [OnProposalReceived] started
2019/05/10 00:40:11.915336 [1;35m[INF][m GID 32, [Normal][ProcessProposal] start
2019/05/10 00:40:11.916681 [1;35m[INF][m GID 32, [ProcessProposal] start
2019/05/10 00:40:11.917865 [1;35m[INF][m GID 32, [TryStartSpeculatingProposal] start
2019/05/10 00:40:11.919655 [1;35m[INF][m GID 32, [TryStartSpeculatingProposal] end
2019/05/10 00:40:11.919943 [1;35m[INF][m GID 32, [acceptProposal] start
2019/05/10 00:40:11.922498 [1;35m[INF][m GID 32, [ProcessVote] start
2019/05/10 00:40:11.923350 [1;35m[INF][m GID 32, [countAcceptedVote] start
2019/05/10 00:40:11.923791 [1;35m[INF][m GID 32, [countAcceptedVote] Received needed sign, collect it into AcceptVotes!
2019/05/10 00:40:11.925045 [1;35m[INF][m GID 32, [countAcceptedVote] end
2019/05/10 00:40:11.925423 [1;35m[INF][m GID 32, [ProcessVote] end
2019/05/10 00:40:11.925660 [1;35m[INF][m GID 32, [BroadcastMessage] msg: acc_vote
2019/05/10 00:40:11.959962 [1;35m[INF][m GID 32, [acceptProposal] send acc_vote msg: 8431ca35dd1cddb3c4a37b4bf5b45c662874fc0fc485bb1cd5d8d14b6f1c9027
2019/05/10 00:40:11.960123 [1;35m[INF][m GID 32, [OnVoteArrived] Signer: 0386206d1d442f5c8ddcc9ae45ab85d921b6ade3a184f43b7ccf6de02f3ca0b450, ProposalHash: 9962da0607aabf7fd5c9244a829299cbad1362907374cfcf37e50b9a74771fa8, ReceivedTime: 2019-05-10 00:40:11.954 +0000 UTC, Result: true
2019/05/10 00:40:11.963163 [1;35m[INF][m GID 32, [acceptProposal] end
2019/05/10 00:40:11.965825 [1;35m[INF][m GID 32, [ProcessProposal] end
2019/05/10 00:40:11.965970 [1;35m[INF][m GID 32, [Normal][ProcessProposal] end
2019/05/10 00:40:11.969511 [1;35m[INF][m GID 32, [OnProposalArrived] Sponsor: 032e74c386af5d672cb196334f2b6ee6451d61f2257f0837ea7af340ef4dea4e1a, BlockHash: e9488fc30cd78ee655c1a48ad145b349054559feb1b0b142043f716d78c58ed4, ReceivedTime: 2019-05-10 00:40:11.961 +0000 UTC, Result: false, ViewOffset: 3, ProposalHash: 9962da0607aabf7fd5c9244a829299cbad1362907374cfcf37e50b9a74771fa8
2019/05/10 00:40:11.969563 [1;35m[INF][m GID 32, [OnProposalReceived] end
2019/05/10 00:40:11.969591 [1;35m[INF][m GID 32, [OnVoteReceived] started
2019/05/10 00:40:11.969612 [1;35m[INF][m GID 32, [Normal-ProcessAcceptVote] start
2019/05/10 00:40:11.969637 [1;35m[INF][m GID 32, [ProcessVote] start
2019/05/10 00:40:11.970398 [1;35m[INF][m GID 32, [countAcceptedVote] start
2019/05/10 00:40:11.972650 [1;35m[INF][m GID 32, [countAcceptedVote] Received needed sign, collect it into AcceptVotes!
2019/05/10 00:40:11.978992 [1;35m[INF][m GID 32, [countAcceptedVote] end
2019/05/10 00:40:11.979602 [1;35m[INF][m GID 32, [ProcessVote] end
2019/05/10 00:40:11.980677 [1;35m[INF][m GID 32, [Normal-ProcessAcceptVote] end
2019/05/10 00:40:11.980832 [1;35m[INF][m GID 32, [OnVoteArrived] Signer: 032e74c386af5d672cb196334f2b6ee6451d61f2257f0837ea7af340ef4dea4e1a, ProposalHash: 9962da0607aabf7fd5c9244a829299cbad1362907374cfcf37e50b9a74771fa8, ReceivedTime: 2019-05-10 00:40:11.975 +0000 UTC, Result: true
2019/05/10 00:40:11.980967 [1;35m[INF][m GID 32, [OnVoteReceived] end
2019/05/10 00:40:11.981110 [1;35m[INF][m GID 32, [OnVoteReceived] started
2019/05/10 00:40:11.981246 [1;35m[INF][m GID 32, [Normal-ProcessAcceptVote] start
2019/05/10 00:40:11.981630 [1;35m[INF][m GID 32, [ProcessVote] start
2019/05/10 00:40:11.984783 [1;35m[INF][m GID 32, [countAcceptedVote] start
2019/05/10 00:40:12.008678 [1;35m[INF][m GID 32, [countAcceptedVote] Received needed sign, collect it into AcceptVotes!
2019/05/10 00:40:12.020960 [1;35m[INF][m GID 32, [countAcceptedVote] end
2019/05/10 00:40:12.021906 [1;35m[INF][m GID 32, [ProcessVote] end
2019/05/10 00:40:12.024591 [1;35m[INF][m GID 32, [Normal-ProcessAcceptVote] end
2019/05/10 00:40:12.025578 [1;35m[INF][m GID 32, [OnVoteArrived] Signer: 021cfade3eddd057d8ca178057a88c4654b15c1ada7ee9ab65517f00beb6977556, ProposalHash: 9962da0607aabf7fd5c9244a829299cbad1362907374cfcf37e50b9a74771fa8, ReceivedTime: 2019-05-10 00:40:12.02 +0000 UTC, Result: true
2019/05/10 00:40:12.026498 [1;35m[INF][m GID 32, [OnVoteReceived] end
2019/05/10 00:40:12.026652 [1;35m[INF][m GID 32, [OnVoteReceived] started
2019/05/10 00:40:12.026781 [1;35m[INF][m GID 32, [Normal-ProcessAcceptVote] start
2019/05/10 00:40:12.026903 [1;35m[INF][m GID 32, [ProcessVote] start
2019/05/10 00:40:12.064683 [1;35m[INF][m GID 32, [countAcceptedVote] start
2019/05/10 00:40:12.072487 [1;35m[INF][m GID 32, [countAcceptedVote] Received needed sign, collect it into AcceptVotes!
2019/05/10 00:40:12.073651 [1;35m[INF][m GID 32, [countAcceptedVote] end
2019/05/10 00:40:12.074006 [1;35m[INF][m GID 32, [ProcessVote] end
2019/05/10 00:40:12.074536 [1;35m[INF][m GID 32, [Normal-ProcessAcceptVote] end
2019/05/10 00:40:12.074673 [1;35m[INF][m GID 32, [OnVoteArrived] Signer: 0295890a17feb7d5191da656089b5daad83f596edcc491f5c91d025b42955a9f25, ProposalHash: 9962da0607aabf7fd5c9244a829299cbad1362907374cfcf37e50b9a74771fa8, ReceivedTime: 2019-05-10 00:40:12.069 +0000 UTC, Result: true
2019/05/10 00:40:12.075297 [1;35m[INF][m GID 32, [OnVoteReceived] end
2019/05/10 00:40:12.077890 [1;35m[INF][m GID 32, [HelpToRecoverAbnormal] peer id: 0353197d11802fe0cd5409f064822b896ceaa675ea596287f1e5ce009be7684f08
2019/05/10 00:40:12.099130 [1;35m[INF][m GID 32, [CollectConsensusStatus] status.ConsensusStatus: 1
2019/05/10 00:40:12.100028 [1;35m[INF][m GID 32, [HelpToRecoverAbnormal] peer id: 02eafcd36390b064431b82a4b2934f6d93fddfcfa4a86602b2ae32d858b8d3bcd7
2019/05/10 00:40:12.100957 [1;35m[INF][m GID 32, [CollectConsensusStatus] status.ConsensusStatus: 1
2019/05/10 00:40:16.532709 [1;35m[INF][m GID 32, [HelpToRecoverAbnormal] peer id: 0295890a17feb7d5191da656089b5daad83f596edcc491f5c91d025b42955a9f25
2019/05/10 00:40:16.532900 [1;35m[INF][m GID 32, [CollectConsensusStatus] status.ConsensusStatus: 1
2019/05/10 00:40:16.533419 [1;35m[INF][m GID 32, [OnVoteReceived] started
2019/05/10 00:40:16.533539 [1;35m[INF][m GID 32, [Normal-ProcessAcceptVote] start
2019/05/10 00:40:16.533594 [1;35m[INF][m GID 32, [Normal-ProcessAcceptVote] end
2019/05/10 00:40:16.534497 [1;35m[INF][m GID 32, [OnVoteArrived] Signer: 02eafcd36390b064431b82a4b2934f6d93fddfcfa4a86602b2ae32d858b8d3bcd7, ProposalHash: a07f20f7c8d5642b298590e3c8cfe504843e8049c0173c15a1933410544a6f3f, ReceivedTime: 2019-05-10 00:40:16.529 +0000 UTC, Result: true
2019/05/10 00:40:16.539992 [1;35m[INF][m GID 32, [OnVoteReceived] end
2019/05/10 00:40:16.541675 [1;35m[INF][m GID 32, [OnProposalReceived] started
2019/05/10 00:40:16.546991 [1;35m[INF][m GID 32, [Normal][ProcessProposal] start
2019/05/10 00:40:16.551861 [1;35m[INF][m GID 32, [TryChangeView] succeed
2019/05/10 00:40:16.554990 [1;35m[INF][m GID 32, [ChangeView] current view offset: 4
2019/05/10 00:40:16.555554 [1;35m[INF][m GID 32, current onduty arbiter: 0353197d11802fe0cd5409f064822b896ceaa675ea596287f1e5ce009be7684f08
2019/05/10 00:40:16.558000 [1;35m[INF][m GID 32, OnViewChanged, getBlock from first block hash: e9488fc30cd78ee655c1a48ad145b349054559feb1b0b142043f716d78c58ed4 onduty: false
2019/05/10 00:40:16.559146 [1;35m[INF][m GID 32, [OnViewChanged] clean proposal
2019/05/10 00:40:16.564411 [1;35m[INF][m GID 32, Clean proposals
2019/05/10 00:40:16.565311 [1;35m[INF][m GID 32, [OnViewStarted] OnDutyArbitrator: 0353197d11802fe0cd5409f064822b896ceaa675ea596287f1e5ce009be7684f08, StartTime: 2019-05-10 00:40:16.56 +0000 UTC, Offset: 4, Height: 274
2019/05/10 00:40:16.581780 [1;35m[INF][m GID 32, [ProcessProposal] start
2019/05/10 00:40:16.583032 [1;35m[INF][m GID 32, received pending proposal
2019/05/10 00:40:16.583207 [1;35m[INF][m GID 32, [ProcessProposal] end
2019/05/10 00:40:16.584172 [1;35m[INF][m GID 32, [Normal][ProcessProposal] end
2019/05/10 00:40:16.585356 [1;35m[INF][m GID 32, [OnProposalArrived] Sponsor: 0353197d11802fe0cd5409f064822b896ceaa675ea596287f1e5ce009be7684f08, BlockHash: afaeff1ebb861621a1ad72dcb414b3c78f5d3a6801dceb5978d3454552ceeb59, ReceivedTime: 2019-05-10 00:40:16.579 +0000 UTC, Result: false, ViewOffset: 4, ProposalHash: a07f20f7c8d5642b298590e3c8cfe504843e8049c0173c15a1933410544a6f3f
2019/05/10 00:40:16.586529 [1;35m[INF][m GID 32, [OnProposalReceived] end
2019/05/10 00:40:16.588539 [1;35m[INF][m GID 32, [OnVoteReceived] started
2019/05/10 00:40:16.589590 [1;35m[INF][m GID 32, [Normal-ProcessAcceptVote] start
2019/05/10 00:40:16.595696 [1;35m[INF][m GID 32, [Normal-ProcessAcceptVote] end
2019/05/10 00:40:16.596529 [1;35m[INF][m GID 32, [OnVoteArrived] Signer: 0353197d11802fe0cd5409f064822b896ceaa675ea596287f1e5ce009be7684f08, ProposalHash: a07f20f7c8d5642b298590e3c8cfe504843e8049c0173c15a1933410544a6f3f, ReceivedTime: 2019-05-10 00:40:16.591 +0000 UTC, Result: true
2019/05/10 00:40:16.596830 [1;35m[INF][m GID 32, [OnVoteReceived] end
2019/05/10 00:40:16.597052 [1;35m[INF][m GID 32, [OnVoteReceived] started
2019/05/10 00:40:16.598735 [1;35m[INF][m GID 32, [Normal-ProcessAcceptVote] start
2019/05/10 00:40:16.600040 [1;35m[INF][m GID 32, [Normal-ProcessAcceptVote] end
2019/05/10 00:40:16.602948 [1;35m[INF][m GID 32, [OnVoteArrived] Signer: 021cfade3eddd057d8ca178057a88c4654b15c1ada7ee9ab65517f00beb6977556, ProposalHash: a07f20f7c8d5642b298590e3c8cfe504843e8049c0173c15a1933410544a6f3f, ReceivedTime: 2019-05-10 00:40:16.595 +0000 UTC, Result: true
2019/05/10 00:40:16.603495 [1;35m[INF][m GID 32, [OnVoteReceived] end
2019/05/10 00:40:16.615376 [1;35m[INF][m GID 32, [OnProposalReceived] started
2019/05/10 00:40:16.620909 [1;35m[INF][m GID 32, [Normal][ProcessProposal] start
2019/05/10 00:40:16.623962 [1;35m[INF][m GID 32, [ProcessProposal] start
2019/05/10 00:40:16.624981 [1;35m[INF][m GID 32, already have proposal, wait for processing
2019/05/10 00:40:16.636828 [1;35m[INF][m GID 32, [ProcessProposal] end
2019/05/10 00:40:16.637647 [1;35m[INF][m GID 32, [Normal][ProcessProposal] end
2019/05/10 00:40:16.639300 [1;35m[INF][m GID 32, [OnProposalArrived] Sponsor: 0353197d11802fe0cd5409f064822b896ceaa675ea596287f1e5ce009be7684f08, BlockHash: afaeff1ebb861621a1ad72dcb414b3c78f5d3a6801dceb5978d3454552ceeb59, ReceivedTime: 2019-05-10 00:40:16.634 +0000 UTC, Result: false, ViewOffset: 4, ProposalHash: a07f20f7c8d5642b298590e3c8cfe504843e8049c0173c15a1933410544a6f3f
2019/05/10 00:40:16.639481 [1;35m[INF][m GID 32, [OnProposalReceived] end
2019/05/10 00:40:16.676111 [1;35m[INF][m GID 32, [OnProposalReceived] started
2019/05/10 00:40:16.692080 [1;35m[INF][m GID 32, [Normal][ProcessProposal] start
2019/05/10 00:40:16.699280 [1;35m[INF][m GID 32, [ProcessProposal] start
2019/05/10 00:40:16.705565 [1;35m[INF][m GID 32, already have proposal, wait for processing
2019/05/10 00:40:16.734981 [1;35m[INF][m GID 32, [ProcessProposal] end
2019/05/10 00:40:16.735089 [1;35m[INF][m GID 32, [Normal][ProcessProposal] end
2019/05/10 00:40:16.735964 [1;35m[INF][m GID 32, [OnProposalArrived] Sponsor: 0353197d11802fe0cd5409f064822b896ceaa675ea596287f1e5ce009be7684f08, BlockHash: afaeff1ebb861621a1ad72dcb414b3c78f5d3a6801dceb5978d3454552ceeb59, ReceivedTime: 2019-05-10 00:40:16.73 +0000 UTC, Result: false, ViewOffset: 4, ProposalHash: a07f20f7c8d5642b298590e3c8cfe504843e8049c0173c15a1933410544a6f3f
2019/05/10 00:40:16.736001 [1;35m[INF][m GID 32, [OnProposalReceived] has minority not handled proposals, need recover
2019/05/10 00:40:16.736037 [1;35m[INF][m GID 32, [RequestAbnormalRecovering] broadcast message to peers
2019/05/10 00:40:16.736062 [1;35m[INF][m GID 32, [BroadcastMessage] msg: req_con
2019/05/10 00:40:16.736084 [1;35m[INF][m GID 32, [OnProposalReceived] recover start
2019/05/10 00:40:16.736102 [1;35m[INF][m GID 32, [OnProposalReceived] end
2019/05/10 00:40:16.796201 [1;35m[INF][m GID 32, [OnResponseConsensus] status: {1 3 2019-05-10 00:40:11.07 +0000 UTC [{9962da0607aabf7fd5c9244a829299cbad1362907374cfcf37e50b9a74771fa8 [3 46 116 195 134 175 93 103 44 177 150 51 79 43 110 230 69 29 97 242 37 127 8 55 234 122 243 64 239 77 234 78 26] true [247 74 59 74 242 44 157 56 20 153 62 36 60 143 18 94 204 42 20 77 199 133 3 108 241 204 197 111 177 214 99 18 4 108 128 234 78 16 123 113 235 62 149 203 81 17 167 215 38 89 156 213 76 106 3 207 215 136 240 54 105 98 61 153] <nil>} {9962da0607aabf7fd5c9244a829299cbad1362907374cfcf37e50b9a74771fa8 [2 28 250 222 62 221 208 87 216 202 23 128 87 168 140 70 84 177 92 26 218 126 233 171 101 81 127 0 190 182 151 117 86] true [227 143 163 219 170 1 88 146 39 112 154 99 235 162 250 255 46 162 83 180 183 89 217 83 127 57 103 243 171 108 39 127 1 78 96 203 89 119 241 162 86 84 253 16 178 151 194 82 110 84 120 237 224 20 152 41 73 120 128 168 232 81 74 115] <nil>} {9962da0607aabf7fd5c9244a829299cbad1362907374cfcf37e50b9a74771fa8 [2 149 137 10 23 254 183 213 25 29 166 86 8 155 93 170 216 63 89 110 220 196 145 245 201 29 2 91 66 149 90 159 37] true [137 31 217 157 180 114 171 8 236 188 79 63 90 110 56 42 80 39 13 18 144 177 136 174 196 63 98 53 200 142 8 48 70 202 115 125 25 155 252 216 114 92 163 239 84 169 189 187 208 24 146 114 200 194 117 26 144 248 242 181 63 229 253 218] <nil>} {9962da0607aabf7fd5c9244a829299cbad1362907374cfcf37e50b9a74771fa8 [3 134 32 109 29 68 47 92 141 220 201 174 69 171 133 217 33 182 173 227 161 132 244 59 124 207 109 224 47 60 160 180 80] true [232 38 171 97 121 157 128 123 169 211 140 124 132 241 10 121 142 59 200 168 125 148 7 249 221 48 74 41 182 42 135 106 253 102 105 159 62 181 135 6 196 196 238 87 169 31 14 36 242 43 108 100 144 23 13 253 151 23 26 201 148 190 123 43] <nil>}] [] [] []}
2019/05/10 00:40:16.798547 [1;35m[INF][m GID 32, [OnResponseConsensus] collect recover status
2019/05/10 00:40:16.911529 [1;35m[INF][m GID 32, [OnResponseConsensus] status: {1 4 2019-05-10 00:40:16.07 +0000 UTC [{a07f20f7c8d5642b298590e3c8cfe504843e8049c0173c15a1933410544a6f3f [3 83 25 125 17 128 47 224 205 84 9 240 100 130 43 137 108 234 166 117 234 89 98 135 241 229 206 0 155 231 104 79 8] true [145 122 134 237 140 222 220 125 239 81 95 95 208 51 108 180 248 130 6 246 172 89 172 203 135 16 200 53 106 7 19 17 106 237 117 107 23 209 16 48 159 219 153 17 182 38 234 87 10 14 174 158 21 132 27 243 250 79 144 55 145 247 75 214] <nil>} {a07f20f7c8d5642b298590e3c8cfe504843e8049c0173c15a1933410544a6f3f [2 234 252 211 99 144 176 100 67 27 130 164 178 147 79 109 147 253 223 207 164 168 102 2 178 174 50 216 88 184 211 188 215] true [188 181 205 74 76 200 204 7 45 110 22 71 30 181 67 85 33 191 162 62 173 155 178 6 41 115 41 40 169 163 7 45 33 42 12 184 1 13 202 200 53 123 179 5 227 185 67 155 195 27 241 234 33 45 8 171 232 113 140 65 229 79 46 87] <nil>}] [] [{[3 83 25 125 17 128 47 224 205 84 9 240 100 130 43 137 108 234 166 117 234 89 98 135 241 229 206 0 155 231 104 79 8] afaeff1ebb861621a1ad72dcb414b3c78f5d3a6801dceb5978d3454552ceeb59 4 [47 226 103 12 30 208 116 73 6 4 185 50 4 250 235 220 88 95 49 152 212 205 43 242 184 161 79 119 244 110 25 167 75 100 173 179 116 0 31 21 37 84 19 117 117 200 34 121 69 15 94 214 64 42 57 244 158 142 215 135 23 141 244 248] <nil>}] [{a07f20f7c8d5642b298590e3c8cfe504843e8049c0173c15a1933410544a6f3f [2 28 250 222 62 221 208 87 216 202 23 128 87 168 140 70 84 177 92 26 218 126 233 171 101 81 127 0 190 182 151 117 86] true [182 171 229 13 128 116 13 193 201 206 69 37 181 104 54 236 5 149 219 130 31 91 246 226 30 114 212 22 144 154 230 184 215 240 62 184 100 61 144 133 178 156 34 225 246 30 115 112 110 202 101 99 124 34 241 198 73 250 209 57 221 77 54 213] <nil>}]}
2019/05/10 00:40:16.912301 [1;35m[INF][m GID 32, [OnResponseConsensus] collect recover status
2019/05/10 00:40:16.912514 [1;35m[INF][m GID 32, [OnResponseConsensus] status: {1 4 2019-05-10 00:40:16.07 +0000 UTC [{a07f20f7c8d5642b298590e3c8cfe504843e8049c0173c15a1933410544a6f3f [3 83 25 125 17 128 47 224 205 84 9 240 100 130 43 137 108 234 166 117 234 89 98 135 241 229 206 0 155 231 104 79 8] true [145 122 134 237 140 222 220 125 239 81 95 95 208 51 108 180 248 130 6 246 172 89 172 203 135 16 200 53 106 7 19 17 106 237 117 107 23 209 16 48 159 219 153 17 182 38 234 87 10 14 174 158 21 132 27 243 250 79 144 55 145 247 75 214] <nil>} {a07f20f7c8d5642b298590e3c8cfe504843e8049c0173c15a1933410544a6f3f [2 28 250 222 62 221 208 87 216 202 23 128 87 168 140 70 84 177 92 26 218 126 233 171 101 81 127 0 190 182 151 117 86] true [182 171 229 13 128 116 13 193 201 206 69 37 181 104 54 236 5 149 219 130 31 91 246 226 30 114 212 22 144 154 230 184 215 240 62 184 100 61 144 133 178 156 34 225 246 30 115 112 110 202 101 99 124 34 241 198 73 250 209 57 221 77 54 213] <nil>} {a07f20f7c8d5642b298590e3c8cfe504843e8049c0173c15a1933410544a6f3f [2 234 252 211 99 144 176 100 67 27 130 164 178 147 79 109 147 253 223 207 164 168 102 2 178 174 50 216 88 184 211 188 215] true [188 181 205 74 76 200 204 7 45 110 22 71 30 181 67 85 33 191 162 62 173 155 178 6 41 115 41 40 169 163 7 45 33 42 12 184 1 13 202 200 53 123 179 5 227 185 67 155 195 27 241 234 33 45 8 171 232 113 140 65 229 79 46 87] <nil>}] [] [] []}
2019/05/10 00:40:16.912648 [1;35m[INF][m GID 32, [OnResponseConsensus] collect recover status
2019/05/10 00:40:16.913287 [1;35m[INF][m GID 32, [OnResponseConsensus] status: {1 4 2019-05-10 00:40:16.07 +0000 UTC [{a07f20f7c8d5642b298590e3c8cfe504843e8049c0173c15a1933410544a6f3f [2 234 252 211 99 144 176 100 67 27 130 164 178 147 79 109 147 253 223 207 164 168 102 2 178 174 50 216 88 184 211 188 215] true [188 181 205 74 76 200 204 7 45 110 22 71 30 181 67 85 33 191 162 62 173 155 178 6 41 115 41 40 169 163 7 45 33 42 12 184 1 13 202 200 53 123 179 5 227 185 67 155 195 27 241 234 33 45 8 171 232 113 140 65 229 79 46 87] <nil>} {a07f20f7c8d5642b298590e3c8cfe504843e8049c0173c15a1933410544a6f3f [2 28 250 222 62 221 208 87 216 202 23 128 87 168 140 70 84 177 92 26 218 126 233 171 101 81 127 0 190 182 151 117 86] true [182 171 229 13 128 116 13 193 201 206 69 37 181 104 54 236 5 149 219 130 31 91 246 226 30 114 212 22 144 154 230 184 215 240 62 184 100 61 144 133 178 156 34 225 246 30 115 112 110 202 101 99 124 34 241 198 73 250 209 57 221 77 54 213] <nil>} {a07f20f7c8d5642b298590e3c8cfe504843e8049c0173c15a1933410544a6f3f [3 83 25 125 17 128 47 224 205 84 9 240 100 130 43 137 108 234 166 117 234 89 98 135 241 229 206 0 155 231 104 79 8] true [145 122 134 237 140 222 220 125 239 81 95 95 208 51 108 180 248 130 6 246 172 89 172 203 135 16 200 53 106 7 19 17 106 237 117 107 23 209 16 48 159 219 153 17 182 38 234 87 10 14 174 158 21 132 27 243 250 79 144 55 145 247 75 214] <nil>}] [] [] []}
2019/05/10 00:40:16.913417 [1;35m[INF][m GID 32, [OnResponseConsensus] collect recover status
2019/05/10 00:40:16.913530 [1;35m[INF][m GID 32, [OnResponseConsensus] start do recover
2019/05/10 00:40:16.913654 [1;35m[INF][m GID 32, [DoRecover] recover received 3 status at viewoffset:4
2019/05/10 00:40:16.915189 [1;35m[INF][m GID 32, [RecoverFromConsensusStatus] status.ConsensusStatus: 1
2019/05/10 00:40:16.915399 [1;35m[INF][m GID 32, [OnResponseConsensus] status: {1 4 2019-05-10 00:40:16.07 +0000 UTC [{a07f20f7c8d5642b298590e3c8cfe504843e8049c0173c15a1933410544a6f3f [2 28 250 222 62 221 208 87 216 202 23 128 87 168 140 70 84 177 92 26 218 126 233 171 101 81 127 0 190 182 151 117 86] true [182 171 229 13 128 116 13 193 201 206 69 37 181 104 54 236 5 149 219 130 31 91 246 226 30 114 212 22 144 154 230 184 215 240 62 184 100 61 144 133 178 156 34 225 246 30 115 112 110 202 101 99 124 34 241 198 73 250 209 57 221 77 54 213] <nil>} {a07f20f7c8d5642b298590e3c8cfe504843e8049c0173c15a1933410544a6f3f [3 83 25 125 17 128 47 224 205 84 9 240 100 130 43 137 108 234 166 117 234 89 98 135 241 229 206 0 155 231 104 79 8] true [145 122 134 237 140 222 220 125 239 81 95 95 208 51 108 180 248 130 6 246 172 89 172 203 135 16 200 53 106 7 19 17 106 237 117 107 23 209 16 48 159 219 153 17 182 38 234 87 10 14 174 158 21 132 27 243 250 79 144 55 145 247 75 214] <nil>} {a07f20f7c8d5642b298590e3c8cfe504843e8049c0173c15a1933410544a6f3f [2 234 252 211 99 144 176 100 67 27 130 164 178 147 79 109 147 253 223 207 164 168 102 2 178 174 50 216 88 184 211 188 215] true [188 181 205 74 76 200 204 7 45 110 22 71 30 181 67 85 33 191 162 62 173 155 178 6 41 115 41 40 169 163 7 45 33 42 12 184 1 13 202 200 53 123 179 5 227 185 67 155 195 27 241 234 33 45 8 171 232 113 140 65 229 79 46 87] <nil>}] [] [] []}
2019/05/10 00:40:17.402215 [1;35m[INF][m GID 32, [ProcessInv] send getblock: 64822dad9024f02871c1715bdf17935e13697ffacd447f74a6f8ceacce827581
2019/05/10 00:40:17.423493 [1;35m[INF][m GID 86, [OnBlockReceived] listener received block
2019/05/10 00:40:17.424452 [1;35m[INF][m GID 32, [OnBlockReceived] start
2019/05/10 00:40:17.426357 [1;35m[INF][m GID 32, [ProcessHigherBlock] broadcast inv and try start new consensus
2019/05/10 00:40:17.427169 [1;35m[INF][m GID 32, [BroadcastMessage] msg: inv
2019/05/10 00:40:17.427306 [1;35m[INF][m GID 32, [Normal][OnBlockReceived] received unsigned block, record block
2019/05/10 00:40:17.427427 [1;35m[INF][m GID 32, [OnBlockReceived] end
2019/05/10 00:40:17.427561 [1;31m[ERR][m GID 32, [OnBlock] err:  duplicate block in pool
2019/05/10 00:40:21.828389 [1;35m[INF][m GID 32, [TryChangeView] succeed
2019/05/10 00:40:21.828700 [1;35m[INF][m GID 32, [ChangeView] current view offset: 5
2019/05/10 00:40:21.828760 [1;35m[INF][m GID 32, current onduty arbiter: 0386206d1d442f5c8ddcc9ae45ab85d921b6ade3a184f43b7ccf6de02f3ca0b450
2019/05/10 00:40:21.828830 [1;35m[INF][m GID 32, OnViewChanged, getBlock from first block hash: e9488fc30cd78ee655c1a48ad145b349054559feb1b0b142043f716d78c58ed4 onduty: true
2019/05/10 00:40:21.828872 [1;35m[INF][m GID 32, [OnViewChanged] start proposal
2019/05/10 00:40:21.828928 [1;35m[INF][m GID 32, Clean proposals
2019/05/10 00:40:21.828985 [1;35m[INF][m GID 32, [StartProposal] start
2019/05/10 00:40:21.829111 [1;35m[INF][m GID 32, [StartProposal] sponsor: [3 134 32 109 29 68 47 92 141 220 201 174 69 171 133 217 33 182 173 227 161 132 244 59 124 207 109 224 47 60 160 180 80]
2019/05/10 00:40:21.829159 [1;35m[INF][m GID 32, [StartProposal] send proposal message finished, Proposal Hash:  6fc1a9df6a859c40412e0b44538e0d57431f62761bc465624ad6f538438b4237
2019/05/10 00:40:21.829218 [1;35m[INF][m GID 32, [BroadcastMessage] msg: proposal
2019/05/10 00:40:21.829280 [1;35m[INF][m GID 32, [OnProposalArrived] Sponsor: 0386206d1d442f5c8ddcc9ae45ab85d921b6ade3a184f43b7ccf6de02f3ca0b450, BlockHash: e9488fc30cd78ee655c1a48ad145b349054559feb1b0b142043f716d78c58ed4, ReceivedTime: 2019-05-10 00:40:21.824 +0000 UTC, Result: false, ViewOffset: 5, ProposalHash: dcaffd06f8af99cc50429f120b8aeae9da7ef2ad2c48a5151811e67614a884ff
2019/05/10 00:40:21.832360 [1;35m[INF][m GID 32, [acceptProposal] start
2019/05/10 00:40:21.833246 [1;35m[INF][m GID 32, [ProcessVote] start
2019/05/10 00:40:21.833478 [1;35m[INF][m GID 32, [countAcceptedVote] start
2019/05/10 00:40:21.833568 [1;35m[INF][m GID 32, [countAcceptedVote] Received needed sign, collect it into AcceptVotes!
2019/05/10 00:40:21.834016 [1;35m[INF][m GID 32, [countAcceptedVote] end
2019/05/10 00:40:21.834078 [1;35m[INF][m GID 32, [ProcessVote] end
2019/05/10 00:40:21.834137 [1;35m[INF][m GID 32, [BroadcastMessage] msg: acc_vote
2019/05/10 00:40:21.834190 [1;35m[INF][m GID 32, [acceptProposal] send acc_vote msg: f24c7b5830c87f9517998c040a1cd2ebd27567807b4c9f92dd6a72053be710bf
2019/05/10 00:40:21.834262 [1;35m[INF][m GID 32, [OnVoteArrived] Signer: 0386206d1d442f5c8ddcc9ae45ab85d921b6ade3a184f43b7ccf6de02f3ca0b450, ProposalHash: dcaffd06f8af99cc50429f120b8aeae9da7ef2ad2c48a5151811e67614a884ff, ReceivedTime: 2019-05-10 00:40:21.829 +0000 UTC, Result: true
2019/05/10 00:40:21.834347 [1;35m[INF][m GID 32, [acceptProposal] end
2019/05/10 00:40:21.839331 [1;35m[INF][m GID 32, [StartProposal] end
2019/05/10 00:40:21.839737 [1;35m[INF][m GID 32, [OnViewStarted] OnDutyArbitrator: 0386206d1d442f5c8ddcc9ae45ab85d921b6ade3a184f43b7ccf6de02f3ca0b450, StartTime: 2019-05-10 00:40:21.834 +0000 UTC, Offset: 5, Height: 274
2019/05/10 00:40:21.839935 [1;35m[INF][m GID 32, [TryChangeView] succeed
2019/05/10 00:40:21.908832 [1;35m[INF][m GID 32, [OnVoteReceived] started
2019/05/10 00:40:21.913030 [1;35m[INF][m GID 32, [Onduty-ProcessAcceptVote] start
2019/05/10 00:40:21.934637 [1;35m[INF][m GID 32, [OnVoteReceived] Received needed sign, collect it
2019/05/10 00:40:21.934946 [1;35m[INF][m GID 32, [ProcessVote] start
2019/05/10 00:40:21.950510 [1;35m[INF][m GID 32, [countAcceptedVote] start
2019/05/10 00:40:21.954116 [1;35m[INF][m GID 32, [countAcceptedVote] Received needed sign, collect it into AcceptVotes!
2019/05/10 00:40:21.954357 [1;35m[INF][m GID 32, [countAcceptedVote] end
2019/05/10 00:40:21.954775 [1;35m[INF][m GID 32, [ProcessVote] end
2019/05/10 00:40:21.956966 [1;35m[INF][m GID 32, [Onduty-ProcessAcceptVote] end
2019/05/10 00:40:21.958353 [1;35m[INF][m GID 32, [OnVoteArrived] Signer: 021cfade3eddd057d8ca178057a88c4654b15c1ada7ee9ab65517f00beb6977556, ProposalHash: dcaffd06f8af99cc50429f120b8aeae9da7ef2ad2c48a5151811e67614a884ff, ReceivedTime: 2019-05-10 00:40:21.953 +0000 UTC, Result: true
2019/05/10 00:40:21.958891 [1;35m[INF][m GID 32, [OnVoteReceived] end
2019/05/10 00:40:21.975174 [1;35m[INF][m GID 32, [OnVoteReceived] started
2019/05/10 00:40:21.976991 [1;35m[INF][m GID 32, [Onduty-ProcessAcceptVote] start
2019/05/10 00:40:21.977285 [1;35m[INF][m GID 32, [OnVoteReceived] Received needed sign, collect it
2019/05/10 00:40:21.981122 [1;35m[INF][m GID 32, [ProcessVote] start
2019/05/10 00:40:21.981696 [1;35m[INF][m GID 32, [countAcceptedVote] start
2019/05/10 00:40:22.015121 [1;35m[INF][m GID 32, [countAcceptedVote] Received needed sign, collect it into AcceptVotes!
2019/05/10 00:40:22.030350 [1;35m[INF][m GID 32, [countAcceptedVote] end
2019/05/10 00:40:22.030632 [1;35m[INF][m GID 32, [ProcessVote] end
2019/05/10 00:40:22.031585 [1;35m[INF][m GID 32, [Onduty-ProcessAcceptVote] end
2019/05/10 00:40:22.031845 [1;35m[INF][m GID 32, [OnVoteArrived] Signer: 0295890a17feb7d5191da656089b5daad83f596edcc491f5c91d025b42955a9f25, ProposalHash: dcaffd06f8af99cc50429f120b8aeae9da7ef2ad2c48a5151811e67614a884ff, ReceivedTime: 2019-05-10 00:40:22.026 +0000 UTC, Result: true
2019/05/10 00:40:22.032070 [1;35m[INF][m GID 32, [OnVoteReceived] end
2019/05/10 00:40:22.032414 [1;35m[INF][m GID 32, [OnVoteReceived] started
2019/05/10 00:40:22.033694 [1;35m[INF][m GID 32, [Onduty-ProcessAcceptVote] start
2019/05/10 00:40:22.034597 [1;35m[INF][m GID 32, [OnVoteReceived] Received needed sign, collect it
2019/05/10 00:40:22.039970 [1;35m[INF][m GID 32, [ProcessVote] start
2019/05/10 00:40:22.040395 [1;35m[INF][m GID 32, [countAcceptedVote] start
2019/05/10 00:40:22.041278 [1;35m[INF][m GID 32, [countAcceptedVote] Received needed sign, collect it into AcceptVotes!
2019/05/10 00:40:22.041828 [1;35m[INF][m GID 32, [countAcceptedVote] end
2019/05/10 00:40:22.041957 [1;35m[INF][m GID 32, [ProcessVote] end
2019/05/10 00:40:22.042390 [1;35m[INF][m GID 32, [Onduty-ProcessAcceptVote] end
2019/05/10 00:40:22.042616 [1;35m[INF][m GID 32, [OnVoteArrived] Signer: 032e74c386af5d672cb196334f2b6ee6451d61f2257f0837ea7af340ef4dea4e1a, ProposalHash: dcaffd06f8af99cc50429f120b8aeae9da7ef2ad2c48a5151811e67614a884ff, ReceivedTime: 2019-05-10 00:40:22.037 +0000 UTC, Result: true
2019/05/10 00:40:22.047540 [1;35m[INF][m GID 32, [OnVoteReceived] end
2019/05/10 00:40:22.047769 [1;35m[INF][m GID 32, [HelpToRecoverAbnormal] peer id: 0353197d11802fe0cd5409f064822b896ceaa675ea596287f1e5ce009be7684f08
2019/05/10 00:40:22.049378 [1;35m[INF][m GID 32, [CollectConsensusStatus] status.ConsensusStatus: 1
2019/05/10 00:40:22.114450 [1;35m[INF][m GID 32, [HelpToRecoverAbnormal] peer id: 02eafcd36390b064431b82a4b2934f6d93fddfcfa4a86602b2ae32d858b8d3bcd7
2019/05/10 00:40:22.114582 [1;35m[INF][m GID 32, [CollectConsensusStatus] status.ConsensusStatus: 1
2019/05/10 00:40:22.143813 [1;35m[INF][m GID 32, [HelpToRecoverAbnormal] peer id: 032e74c386af5d672cb196334f2b6ee6451d61f2257f0837ea7af340ef4dea4e1a
2019/05/10 00:40:22.144733 [1;35m[INF][m GID 32, [CollectConsensusStatus] status.ConsensusStatus: 1
2019/05/10 00:40:26.873147 [1;35m[INF][m GID 32, [TryChangeView] succeed
2019/05/10 00:40:26.873346 [1;35m[INF][m GID 32, [ChangeView] current view offset: 6
2019/05/10 00:40:26.873456 [1;35m[INF][m GID 32, current onduty arbiter: 021cfade3eddd057d8ca178057a88c4654b15c1ada7ee9ab65517f00beb6977556
2019/05/10 00:40:26.873565 [1;35m[INF][m GID 32, OnViewChanged, getBlock from first block hash: e9488fc30cd78ee655c1a48ad145b349054559feb1b0b142043f716d78c58ed4 onduty: false
2019/05/10 00:40:26.873665 [1;35m[INF][m GID 32, [OnViewChanged] clean proposal
2019/05/10 00:40:26.873763 [1;35m[INF][m GID 32, Clean proposals
2019/05/10 00:40:26.873872 [1;35m[INF][m GID 32, [OnViewStarted] OnDutyArbitrator: 021cfade3eddd057d8ca178057a88c4654b15c1ada7ee9ab65517f00beb6977556, StartTime: 2019-05-10 00:40:26.868 +0000 UTC, Offset: 6, Height: 274
2019/05/10 00:40:26.873965 [1;35m[INF][m GID 32, [TryChangeView] succeed
2019/05/10 00:40:27.122509 [1;35m[INF][m GID 32, [ProcessInv] send getblock: 760741f0267b5f81357a241650677f81e1a5c7ac9766225aa2a1e038e975f6e3
2019/05/10 00:40:27.199118 [1;35m[INF][m GID 86, [OnBlockReceived] listener received block
2019/05/10 00:40:27.199403 [1;31m[ERR][m GID 32, [OnBlock] err:  duplicate block in pool
2019/05/10 00:40:27.199489 [1;35m[INF][m GID 32, [OnBlockReceived] start
2019/05/10 00:40:27.199523 [1;35m[INF][m GID 32, [ProcessHigherBlock] broadcast inv and try start new consensus
2019/05/10 00:40:27.199662 [1;35m[INF][m GID 32, [BroadcastMessage] msg: inv
2019/05/10 00:40:27.199766 [1;35m[INF][m GID 32, [Normal][OnBlockReceived] received unsigned block, record block
2019/05/10 00:40:27.199847 [1;35m[INF][m GID 32, [OnBlockReceived] end
2019/05/10 00:40:27.486109 [1;35m[INF][m GID 32, [ProcessInv] send getblock: b950d077cc7f8ceaed3943a8957a38312329d41add97aefbeb5691fbe13fe927
2019/05/10 00:40:27.551684 [1;35m[INF][m GID 86, [OnBlockReceived] listener received block
2019/05/10 00:40:27.551997 [1;31m[ERR][m GID 32, [OnBlock] err:  duplicate block in pool
2019/05/10 00:40:27.588743 [1;35m[INF][m GID 32, [OnBlockReceived] start
2019/05/10 00:40:27.589508 [1;35m[INF][m GID 32, [ProcessHigherBlock] broadcast inv and try start new consensus
2019/05/10 00:40:27.589550 [1;35m[INF][m GID 32, [BroadcastMessage] msg: inv
2019/05/10 00:40:27.589581 [1;35m[INF][m GID 32, [Normal][OnBlockReceived] received unsigned block, record block
2019/05/10 00:40:27.589903 [1;35m[INF][m GID 32, [OnBlockReceived] end
2019/05/10 00:40:29.257657 [1;35m[INF][m GID 86, [OnBlockReceived] listener received block
2019/05/10 00:40:29.258087 [1;35m[INF][m GID 32, [OnBlockReceived] start
2019/05/10 00:40:29.258282 [1;35m[INF][m GID 32, [ProcessHigherBlock] broadcast inv and try start new consensus
2019/05/10 00:40:29.258388 [1;35m[INF][m GID 32, [BroadcastMessage] msg: inv
2019/05/10 00:40:29.258602 [1;35m[INF][m GID 32, [Normal][OnBlockReceived] received unsigned block, record block
2019/05/10 00:40:29.258805 [1;35m[INF][m GID 32, [OnBlockReceived] end
2019/05/10 00:40:29.606341 [1;35m[INF][m GID 32, [ProcessInv] send getblock: 07d2ce76bc202306aa27970e45498f1e9ba34994cb54fc94f7a9bf78ae578c19
2019/05/10 00:40:29.661310 [1;35m[INF][m GID 32, [OnBlockReceived] listener received block
2019/05/10 00:40:29.686863 [1;35m[INF][m GID 32, [OnBlockReceived] start
2019/05/10 00:40:29.687145 [1;35m[INF][m GID 32, [ProcessHigherBlock] broadcast inv and try start new consensus
2019/05/10 00:40:29.687360 [1;35m[INF][m GID 32, [BroadcastMessage] msg: inv
2019/05/10 00:40:29.688142 [1;35m[INF][m GID 32, [Normal][OnBlockReceived] received unsigned block, record block
2019/05/10 00:40:29.688390 [1;35m[INF][m GID 32, [OnBlockReceived] end
2019/05/10 00:40:31.943758 [1;35m[INF][m GID 32, [TryChangeView] succeed
2019/05/10 00:40:31.943824 [1;35m[INF][m GID 32, [ChangeView] current view offset: 7
2019/05/10 00:40:31.943853 [1;35m[INF][m GID 32, current onduty arbiter: 0295890a17feb7d5191da656089b5daad83f596edcc491f5c91d025b42955a9f25
2019/05/10 00:40:31.943888 [1;35m[INF][m GID 32, OnViewChanged, getBlock from first block hash: e9488fc30cd78ee655c1a48ad145b349054559feb1b0b142043f716d78c58ed4 onduty: false
2019/05/10 00:40:31.943917 [1;35m[INF][m GID 32, [OnViewChanged] clean proposal
2019/05/10 00:40:31.943946 [1;35m[INF][m GID 32, Clean proposals
2019/05/10 00:40:31.943992 [1;35m[INF][m GID 32, [OnViewStarted] OnDutyArbitrator: 0295890a17feb7d5191da656089b5daad83f596edcc491f5c91d025b42955a9f25, StartTime: 2019-05-10 00:40:31.938 +0000 UTC, Offset: 7, Height: 274
2019/05/10 00:40:31.944013 [1;35m[INF][m GID 32, [TryChangeView] succeed
2019/05/10 00:40:36.787672 [1;35m[INF][m GID 32, [OnProposalReceived] started
2019/05/10 00:40:36.817973 [1;35m[INF][m GID 32, [Normal][ProcessProposal] start
2019/05/10 00:40:36.825514 [1;35m[INF][m GID 32, [TryChangeView] succeed
2019/05/10 00:40:36.826001 [1;35m[INF][m GID 32, [ChangeView] current view offset: 8
2019/05/10 00:40:36.826354 [1;35m[INF][m GID 32, current onduty arbiter: 02eafcd36390b064431b82a4b2934f6d93fddfcfa4a86602b2ae32d858b8d3bcd7
2019/05/10 00:40:36.827935 [1;35m[INF][m GID 32, OnViewChanged, getBlock from first block hash: e9488fc30cd78ee655c1a48ad145b349054559feb1b0b142043f716d78c58ed4 onduty: false
2019/05/10 00:40:36.828434 [1;35m[INF][m GID 32, [OnViewChanged] clean proposal
2019/05/10 00:40:36.828967 [1;35m[INF][m GID 32, Clean proposals
2019/05/10 00:40:36.829155 [1;35m[INF][m GID 32, [OnViewStarted] OnDutyArbitrator: 02eafcd36390b064431b82a4b2934f6d93fddfcfa4a86602b2ae32d858b8d3bcd7, StartTime: 2019-05-10 00:40:36.824 +0000 UTC, Offset: 8, Height: 274
2019/05/10 00:40:36.831553 [1;35m[INF][m GID 32, [ProcessProposal] start
2019/05/10 00:40:36.832119 [1;35m[INF][m GID 32, enter emergency state, proposal will be discard
2019/05/10 00:40:36.835999 [1;35m[INF][m GID 32, [ProcessProposal] end
2019/05/10 00:40:36.836896 [1;35m[INF][m GID 32, [Normal][ProcessProposal] end
2019/05/10 00:40:36.838645 [1;35m[INF][m GID 32, [OnProposalArrived] Sponsor: 02eafcd36390b064431b82a4b2934f6d93fddfcfa4a86602b2ae32d858b8d3bcd7, BlockHash: afaeff1ebb861621a1ad72dcb414b3c78f5d3a6801dceb5978d3454552ceeb59, ReceivedTime: 2019-05-10 00:40:36.833 +0000 UTC, Result: false, ViewOffset: 8, ProposalHash: 833b0e43f9905bd87bdcfbcf0acf3883681e90b349249bde81b5c3e7d34510e3
2019/05/10 00:40:36.839061 [1;35m[INF][m GID 32, [OnProposalReceived] end
2019/05/10 00:40:36.847275 [1;35m[INF][m GID 32, [OnVoteReceived] started
2019/05/10 00:40:36.852685 [1;35m[INF][m GID 32, [Normal-ProcessAcceptVote] start
2019/05/10 00:40:36.863061 [1;35m[INF][m GID 32, [Normal-ProcessAcceptVote] end
2019/05/10 00:40:36.865741 [1;35m[INF][m GID 32, [OnVoteArrived] Signer: 02eafcd36390b064431b82a4b2934f6d93fddfcfa4a86602b2ae32d858b8d3bcd7, ProposalHash: 833b0e43f9905bd87bdcfbcf0acf3883681e90b349249bde81b5c3e7d34510e3, ReceivedTime: 2019-05-10 00:40:36.86 +0000 UTC, Result: true
2019/05/10 00:40:36.867070 [1;35m[INF][m GID 32, [OnVoteReceived] end
2019/05/10 00:40:36.867763 [1;35m[INF][m GID 32, [HelpToRecoverAbnormal] peer id: 0295890a17feb7d5191da656089b5daad83f596edcc491f5c91d025b42955a9f25
2019/05/10 00:40:36.867887 [1;35m[INF][m GID 32, [CollectConsensusStatus] status.ConsensusStatus: 1
2019/05/10 00:40:36.868165 [1;35m[INF][m GID 32, [HelpToRecoverAbnormal] peer id: 0353197d11802fe0cd5409f064822b896ceaa675ea596287f1e5ce009be7684f08
2019/05/10 00:40:36.869715 [1;35m[INF][m GID 32, [CollectConsensusStatus] status.ConsensusStatus: 1
2019/05/10 00:40:36.917165 [1;35m[INF][m GID 32, [OnProposalReceived] started
2019/05/10 00:40:36.917722 [1;35m[INF][m GID 32, [Normal][ProcessProposal] start
2019/05/10 00:40:36.919549 [1;35m[INF][m GID 32, [ProcessProposal] start
2019/05/10 00:40:36.921580 [1;35m[INF][m GID 32, enter emergency state, proposal will be discard
2019/05/10 00:40:36.922326 [1;35m[INF][m GID 32, [ProcessProposal] end
2019/05/10 00:40:37.069151 [1;35m[INF][m GID 32, [Normal][ProcessProposal] end
2019/05/10 00:40:37.069314 [1;35m[INF][m GID 32, [OnProposalArrived] Sponsor: 02eafcd36390b064431b82a4b2934f6d93fddfcfa4a86602b2ae32d858b8d3bcd7, BlockHash: afaeff1ebb861621a1ad72dcb414b3c78f5d3a6801dceb5978d3454552ceeb59, ReceivedTime: 2019-05-10 00:40:37.064 +0000 UTC, Result: false, ViewOffset: 8, ProposalHash: 833b0e43f9905bd87bdcfbcf0acf3883681e90b349249bde81b5c3e7d34510e3
2019/05/10 00:40:37.069353 [1;35m[INF][m GID 32, [OnProposalReceived] end
2019/05/10 00:40:41.197830 [1;35m[INF][m GID 32, [TryChangeView] succeed
2019/05/10 00:40:41.218385 [1;35m[INF][m GID 32, [ChangeView] current view offset: 9
2019/05/10 00:40:41.218754 [1;35m[INF][m GID 32, current onduty arbiter: 032e74c386af5d672cb196334f2b6ee6451d61f2257f0837ea7af340ef4dea4e1a
2019/05/10 00:40:41.219305 [1;35m[INF][m GID 32, OnViewChanged, getBlock from first block hash: e9488fc30cd78ee655c1a48ad145b349054559feb1b0b142043f716d78c58ed4 onduty: false
2019/05/10 00:40:41.219483 [1;35m[INF][m GID 32, [OnViewChanged] clean proposal
2019/05/10 00:40:41.220227 [1;35m[INF][m GID 32, Clean proposals
2019/05/10 00:40:41.221120 [1;35m[INF][m GID 32, [OnViewStarted] OnDutyArbitrator: 032e74c386af5d672cb196334f2b6ee6451d61f2257f0837ea7af340ef4dea4e1a, StartTime: 2019-05-10 00:40:41.216 +0000 UTC, Offset: 9, Height: 274
2019/05/10 00:40:41.221478 [1;35m[INF][m GID 32, [TryChangeView] succeed
2019/05/10 00:40:41.794073 [1;35m[INF][m GID 32, [OnProposalReceived] started
2019/05/10 00:40:41.797163 [1;35m[INF][m GID 32, [Normal][ProcessProposal] start
2019/05/10 00:40:41.797964 [1;35m[INF][m GID 32, [ProcessProposal] start
2019/05/10 00:40:41.798362 [1;35m[INF][m GID 32, enter emergency state, proposal will be discard
2019/05/10 00:40:41.803828 [1;35m[INF][m GID 32, [ProcessProposal] end
2019/05/10 00:40:41.804840 [1;35m[INF][m GID 32, [Normal][ProcessProposal] end
2019/05/10 00:40:41.804983 [1;35m[INF][m GID 32, [OnProposalArrived] Sponsor: 032e74c386af5d672cb196334f2b6ee6451d61f2257f0837ea7af340ef4dea4e1a, BlockHash: e9488fc30cd78ee655c1a48ad145b349054559feb1b0b142043f716d78c58ed4, ReceivedTime: 2019-05-10 00:40:41.799 +0000 UTC, Result: false, ViewOffset: 9, ProposalHash: 76e2ed7256283f970a6970f0bef167afee9716214f75be02ace6785ae90d3850
2019/05/10 00:40:41.805081 [1;35m[INF][m GID 32, [OnProposalReceived] has minority not handled proposals, need recover
2019/05/10 00:40:41.805144 [1;35m[INF][m GID 32, [RequestAbnormalRecovering] broadcast message to peers
2019/05/10 00:40:41.806126 [1;35m[INF][m GID 32, [BroadcastMessage] msg: req_con
2019/05/10 00:40:41.806214 [1;35m[INF][m GID 32, [OnProposalReceived] recover start
2019/05/10 00:40:41.806311 [1;35m[INF][m GID 32, [OnProposalReceived] end
2019/05/10 00:40:41.806375 [1;35m[INF][m GID 32, [OnVoteReceived] started
2019/05/10 00:40:41.806449 [1;35m[INF][m GID 32, [Normal-ProcessAcceptVote] start
2019/05/10 00:40:41.807789 [1;35m[INF][m GID 32, [Normal-ProcessAcceptVote] end
2019/05/10 00:40:41.810994 [1;35m[INF][m GID 32, [OnVoteArrived] Signer: 032e74c386af5d672cb196334f2b6ee6451d61f2257f0837ea7af340ef4dea4e1a, ProposalHash: 76e2ed7256283f970a6970f0bef167afee9716214f75be02ace6785ae90d3850, ReceivedTime: 2019-05-10 00:40:41.802 +0000 UTC, Result: true
2019/05/10 00:40:41.814006 [1;35m[INF][m GID 32, [OnVoteReceived] end
2019/05/10 00:40:41.814142 [1;35m[INF][m GID 32, [HelpToRecoverAbnormal] peer id: 0295890a17feb7d5191da656089b5daad83f596edcc491f5c91d025b42955a9f25
2019/05/10 00:40:41.814272 [1;35m[INF][m GID 32, [CollectConsensusStatus] status.ConsensusStatus: 1
2019/05/10 00:40:41.817819 [1;35m[INF][m GID 32, [OnResponseConsensus] status: {1 9 2019-05-10 00:40:41.07 +0000 UTC [] [] [] [{76e2ed7256283f970a6970f0bef167afee9716214f75be02ace6785ae90d3850 [3 46 116 195 134 175 93 103 44 177 150 51 79 43 110 230 69 29 97 242 37 127 8 55 234 122 243 64 239 77 234 78 26] true [160 225 38 118 81 44 100 111 154 108 43 111 180 235 240 84 179 250 35 154 99 248 88 37 184 61 85 35 147 226 158 115 54 111 165 215 14 131 61 162 247 61 139 249 47 83 153 152 46 224 79 241 15 172 205 58 69 189 232 60 36 235 85 230] <nil>}]}
2019/05/10 00:40:41.817895 [1;35m[INF][m GID 32, [OnResponseConsensus] collect recover status
2019/05/10 00:40:41.827450 [1;35m[INF][m GID 32, [OnResponseConsensus] status: {1 9 2019-05-10 00:40:41.07 +0000 UTC [] [] [] [{76e2ed7256283f970a6970f0bef167afee9716214f75be02ace6785ae90d3850 [3 46 116 195 134 175 93 103 44 177 150 51 79 43 110 230 69 29 97 242 37 127 8 55 234 122 243 64 239 77 234 78 26] true [160 225 38 118 81 44 100 111 154 108 43 111 180 235 240 84 179 250 35 154 99 248 88 37 184 61 85 35 147 226 158 115 54 111 165 215 14 131 61 162 247 61 139 249 47 83 153 152 46 224 79 241 15 172 205 58 69 189 232 60 36 235 85 230] <nil>}]}
2019/05/10 00:40:41.827617 [1;35m[INF][m GID 32, [OnResponseConsensus] collect recover status
2019/05/10 00:40:41.846435 [1;35m[INF][m GID 32, [HelpToRecoverAbnormal] peer id: 021cfade3eddd057d8ca178057a88c4654b15c1ada7ee9ab65517f00beb6977556
2019/05/10 00:40:41.847840 [1;35m[INF][m GID 32, [CollectConsensusStatus] status.ConsensusStatus: 1
2019/05/10 00:40:41.851930 [1;35m[INF][m GID 32, [OnResponseConsensus] status: {1 9 2019-05-10 00:40:41.07 +0000 UTC [] [] [] [{76e2ed7256283f970a6970f0bef167afee9716214f75be02ace6785ae90d3850 [3 46 116 195 134 175 93 103 44 177 150 51 79 43 110 230 69 29 97 242 37 127 8 55 234 122 243 64 239 77 234 78 26] true [160 225 38 118 81 44 100 111 154 108 43 111 180 235 240 84 179 250 35 154 99 248 88 37 184 61 85 35 147 226 158 115 54 111 165 215 14 131 61 162 247 61 139 249 47 83 153 152 46 224 79 241 15 172 205 58 69 189 232 60 36 235 85 230] <nil>}]}
2019/05/10 00:40:41.855333 [1;35m[INF][m GID 32, [OnResponseConsensus] collect recover status
2019/05/10 00:40:41.855658 [1;35m[INF][m GID 32, [OnResponseConsensus] start do recover
2019/05/10 00:40:41.856479 [1;35m[INF][m GID 32, [DoRecover] recover received 3 status at viewoffset:9
2019/05/10 00:40:41.856754 [1;35m[INF][m GID 32, [RecoverFromConsensusStatus] status.ConsensusStatus: 1
2019/05/10 00:40:41.879684 [1;35m[INF][m GID 32, [OnResponseConsensus] status: {1 9 2019-05-10 00:40:41.07 +0000 UTC [{76e2ed7256283f970a6970f0bef167afee9716214f75be02ace6785ae90d3850 [3 46 116 195 134 175 93 103 44 177 150 51 79 43 110 230 69 29 97 242 37 127 8 55 234 122 243 64 239 77 234 78 26] true [160 225 38 118 81 44 100 111 154 108 43 111 180 235 240 84 179 250 35 154 99 248 88 37 184 61 85 35 147 226 158 115 54 111 165 215 14 131 61 162 247 61 139 249 47 83 153 152 46 224 79 241 15 172 205 58 69 189 232 60 36 235 85 230] <nil>}] [] [] []}
2019/05/10 00:40:41.879989 [1;35m[INF][m GID 32, [OnProposalReceived] started
2019/05/10 00:40:41.880100 [1;35m[INF][m GID 32, [Normal][ProcessProposal] start
2019/05/10 00:40:41.880273 [1;35m[INF][m GID 32, [ProcessProposal] start
2019/05/10 00:40:41.880599 [1;35m[INF][m GID 32, enter emergency state, proposal will be discard
2019/05/10 00:40:41.880743 [1;35m[INF][m GID 32, [ProcessProposal] end
2019/05/10 00:40:41.880801 [1;35m[INF][m GID 32, [Normal][ProcessProposal] end
2019/05/10 00:40:41.880990 [1;35m[INF][m GID 32, [OnProposalArrived] Sponsor: 032e74c386af5d672cb196334f2b6ee6451d61f2257f0837ea7af340ef4dea4e1a, BlockHash: e9488fc30cd78ee655c1a48ad145b349054559feb1b0b142043f716d78c58ed4, ReceivedTime: 2019-05-10 00:40:41.875 +0000 UTC, Result: false, ViewOffset: 9, ProposalHash: 76e2ed7256283f970a6970f0bef167afee9716214f75be02ace6785ae90d3850
2019/05/10 00:40:41.881103 [1;35m[INF][m GID 32, [OnProposalReceived] end
2019/05/10 00:40:41.900907 [1;35m[INF][m GID 32, [HelpToRecoverAbnormal] peer id: 0353197d11802fe0cd5409f064822b896ceaa675ea596287f1e5ce009be7684f08
2019/05/10 00:40:41.901070 [1;35m[INF][m GID 32, [CollectConsensusStatus] status.ConsensusStatus: 1
2019/05/10 00:40:41.987011 [1;35m[INF][m GID 32, [OnResponseConsensus] status: {1 9 2019-05-10 00:40:41.07 +0000 UTC [] [] [] [{76e2ed7256283f970a6970f0bef167afee9716214f75be02ace6785ae90d3850 [3 46 116 195 134 175 93 103 44 177 150 51 79 43 110 230 69 29 97 242 37 127 8 55 234 122 243 64 239 77 234 78 26] true [160 225 38 118 81 44 100 111 154 108 43 111 180 235 240 84 179 250 35 154 99 248 88 37 184 61 85 35 147 226 158 115 54 111 165 215 14 131 61 162 247 61 139 249 47 83 153 152 46 224 79 241 15 172 205 58 69 189 232 60 36 235 85 230] <nil>}]}
2019/05/10 00:40:46.273413 [1;35m[INF][m GID 32, [TryChangeView] succeed
2019/05/10 00:40:46.273607 [1;35m[INF][m GID 32, [ChangeView] current view offset: 10
2019/05/10 00:40:46.273735 [1;35m[INF][m GID 32, current onduty arbiter: 0353197d11802fe0cd5409f064822b896ceaa675ea596287f1e5ce009be7684f08
2019/05/10 00:40:46.273857 [1;35m[INF][m GID 32, OnViewChanged, getBlock from first block hash: e9488fc30cd78ee655c1a48ad145b349054559feb1b0b142043f716d78c58ed4 onduty: false
2019/05/10 00:40:46.273977 [1;35m[INF][m GID 32, [OnViewChanged] clean proposal
2019/05/10 00:40:46.274101 [1;35m[INF][m GID 32, Clean proposals
2019/05/10 00:40:46.274239 [1;35m[INF][m GID 32, [OnViewStarted] OnDutyArbitrator: 0353197d11802fe0cd5409f064822b896ceaa675ea596287f1e5ce009be7684f08, StartTime: 2019-05-10 00:40:46.269 +0000 UTC, Offset: 10, Height: 274
2019/05/10 00:40:46.274376 [1;35m[INF][m GID 32, [TryChangeView] succeed
2019/05/10 00:40:46.329850 [1;35m[INF][m GID 32, [HelpToRecoverAbnormal] peer id: 02eafcd36390b064431b82a4b2934f6d93fddfcfa4a86602b2ae32d858b8d3bcd7
2019/05/10 00:40:46.332241 [1;35m[INF][m GID 32, [CollectConsensusStatus] status.ConsensusStatus: 1
2019/05/10 00:40:46.337821 [1;35m[INF][m GID 32, [OnProposalReceived] started
2019/05/10 00:40:46.341316 [1;35m[INF][m GID 32, [Normal][ProcessProposal] start
2019/05/10 00:40:46.346042 [1;35m[INF][m GID 32, [ProcessProposal] start
2019/05/10 00:40:46.346901 [1;35m[INF][m GID 32, enter emergency state, proposal will be discard
2019/05/10 00:40:46.374113 [1;35m[INF][m GID 32, [ProcessProposal] end
2019/05/10 00:40:46.374360 [1;35m[INF][m GID 32, [Normal][ProcessProposal] end
2019/05/10 00:40:46.374486 [1;35m[INF][m GID 32, [OnProposalArrived] Sponsor: 0353197d11802fe0cd5409f064822b896ceaa675ea596287f1e5ce009be7684f08, BlockHash: afaeff1ebb861621a1ad72dcb414b3c78f5d3a6801dceb5978d3454552ceeb59, ReceivedTime: 2019-05-10 00:40:46.369 +0000 UTC, Result: false, ViewOffset: 10, ProposalHash: d8d40cf5d67d9328e2ed7475c182c1bed209398a657221272a2f42a4e8800aa3
2019/05/10 00:40:46.374579 [1;35m[INF][m GID 32, [OnProposalReceived] has minority not handled proposals, need recover
2019/05/10 00:40:46.374660 [1;35m[INF][m GID 32, [RequestAbnormalRecovering] broadcast message to peers
2019/05/10 00:40:46.374738 [1;35m[INF][m GID 32, [BroadcastMessage] msg: req_con
2019/05/10 00:40:46.374845 [1;35m[INF][m GID 32, [OnProposalReceived] recover start
2019/05/10 00:40:46.374946 [1;35m[INF][m GID 32, [OnProposalReceived] end
2019/05/10 00:40:46.375561 [1;35m[INF][m GID 32, [OnVoteReceived] started
2019/05/10 00:40:46.375670 [1;35m[INF][m GID 32, [Normal-ProcessAcceptVote] start
2019/05/10 00:40:46.375973 [1;35m[INF][m GID 32, [Normal-ProcessAcceptVote] end
2019/05/10 00:40:46.376849 [1;35m[INF][m GID 32, [OnVoteArrived] Signer: 0353197d11802fe0cd5409f064822b896ceaa675ea596287f1e5ce009be7684f08, ProposalHash: d8d40cf5d67d9328e2ed7475c182c1bed209398a657221272a2f42a4e8800aa3, ReceivedTime: 2019-05-10 00:40:46.371 +0000 UTC, Result: true
2019/05/10 00:40:46.377697 [1;35m[INF][m GID 32, [OnVoteReceived] end
2019/05/10 00:40:46.377818 [1;35m[INF][m GID 32, [HelpToRecoverAbnormal] peer id: 032e74c386af5d672cb196334f2b6ee6451d61f2257f0837ea7af340ef4dea4e1a
2019/05/10 00:40:46.378003 [1;35m[INF][m GID 32, [CollectConsensusStatus] status.ConsensusStatus: 1
2019/05/10 00:40:46.378228 [1;35m[INF][m GID 32, [OnResponseConsensus] status: {1 9 2019-05-10 00:40:41.07 +0000 UTC [{76e2ed7256283f970a6970f0bef167afee9716214f75be02ace6785ae90d3850 [3 46 116 195 134 175 93 103 44 177 150 51 79 43 110 230 69 29 97 242 37 127 8 55 234 122 243 64 239 77 234 78 26] true [160 225 38 118 81 44 100 111 154 108 43 111 180 235 240 84 179 250 35 154 99 248 88 37 184 61 85 35 147 226 158 115 54 111 165 215 14 131 61 162 247 61 139 249 47 83 153 152 46 224 79 241 15 172 205 58 69 189 232 60 36 235 85 230] <nil>}] [] [] []}
2019/05/10 00:40:46.379742 [1;35m[INF][m GID 32, [OnResponseConsensus] collect recover status
2019/05/10 00:40:46.379946 [1;35m[INF][m GID 32, [OnResponseConsensus] status: {1 10 2019-05-10 00:40:46.07 +0000 UTC [] [] [] [{d8d40cf5d67d9328e2ed7475c182c1bed209398a657221272a2f42a4e8800aa3 [3 83 25 125 17 128 47 224 205 84 9 240 100 130 43 137 108 234 166 117 234 89 98 135 241 229 206 0 155 231 104 79 8] true [194 128 149 182 156 149 145 139 120 61 172 126 100 33 153 237 176 142 86 54 170 239 62 147 108 3 201 104 33 73 118 18 151 6 158 242 104 60 177 232 199 147 42 206 75 151 81 215 99 70 229 15 198 177 193 65 29 174 254 103 234 39 190 35] <nil>}]}
2019/05/10 00:40:46.380023 [1;35m[INF][m GID 32, [OnResponseConsensus] collect recover status
2019/05/10 00:40:46.390211 [1;35m[INF][m GID 32, [OnResponseConsensus] status: {1 10 2019-05-10 00:40:46.07 +0000 UTC [{d8d40cf5d67d9328e2ed7475c182c1bed209398a657221272a2f42a4e8800aa3 [3 83 25 125 17 128 47 224 205 84 9 240 100 130 43 137 108 234 166 117 234 89 98 135 241 229 206 0 155 231 104 79 8] true [194 128 149 182 156 149 145 139 120 61 172 126 100 33 153 237 176 142 86 54 170 239 62 147 108 3 201 104 33 73 118 18 151 6 158 242 104 60 177 232 199 147 42 206 75 151 81 215 99 70 229 15 198 177 193 65 29 174 254 103 234 39 190 35] <nil>}] [] [] []}
2019/05/10 00:40:46.390315 [1;35m[INF][m GID 32, [OnResponseConsensus] collect recover status
2019/05/10 00:40:46.408610 [1;35m[INF][m GID 32, [OnProposalReceived] started
2019/05/10 00:40:46.408711 [1;35m[INF][m GID 32, [Normal][ProcessProposal] start
2019/05/10 00:40:46.408894 [1;35m[INF][m GID 32, [ProcessProposal] start
2019/05/10 00:40:46.409169 [1;35m[INF][m GID 32, enter emergency state, proposal will be discard
2019/05/10 00:40:46.409282 [1;35m[INF][m GID 32, [ProcessProposal] end
2019/05/10 00:40:46.409349 [1;35m[INF][m GID 32, [Normal][ProcessProposal] end
2019/05/10 00:40:46.409519 [1;35m[INF][m GID 32, [OnProposalArrived] Sponsor: 0353197d11802fe0cd5409f064822b896ceaa675ea596287f1e5ce009be7684f08, BlockHash: afaeff1ebb861621a1ad72dcb414b3c78f5d3a6801dceb5978d3454552ceeb59, ReceivedTime: 2019-05-10 00:40:46.404 +0000 UTC, Result: false, ViewOffset: 10, ProposalHash: d8d40cf5d67d9328e2ed7475c182c1bed209398a657221272a2f42a4e8800aa3
2019/05/10 00:40:46.409832 [1;35m[INF][m GID 32, [OnProposalReceived] has minority not handled proposals, need recover
2019/05/10 00:40:46.409885 [1;31m[ERR][m GID 32, [OnProposalReceived] has no active peers recover failed
2019/05/10 00:40:46.410021 [1;35m[INF][m GID 32, [OnProposalReceived] end
2019/05/10 00:40:46.415358 [1;35m[INF][m GID 32, [OnResponseConsensus] status: {1 10 2019-05-10 00:40:46.07 +0000 UTC [] [] [] [{d8d40cf5d67d9328e2ed7475c182c1bed209398a657221272a2f42a4e8800aa3 [3 83 25 125 17 128 47 224 205 84 9 240 100 130 43 137 108 234 166 117 234 89 98 135 241 229 206 0 155 231 104 79 8] true [194 128 149 182 156 149 145 139 120 61 172 126 100 33 153 237 176 142 86 54 170 239 62 147 108 3 201 104 33 73 118 18 151 6 158 242 104 60 177 232 199 147 42 206 75 151 81 215 99 70 229 15 198 177 193 65 29 174 254 103 234 39 190 35] <nil>}]}
2019/05/10 00:40:46.452979 [1;35m[INF][m GID 32, [OnResponseConsensus] collect recover status
2019/05/10 00:40:46.453228 [1;35m[INF][m GID 32, [OnResponseConsensus] start do recover
2019/05/10 00:40:46.453356 [1;35m[INF][m GID 32, [DoRecover] recover received 3 status at viewoffset:10
2019/05/10 00:40:46.453491 [1;35m[INF][m GID 32, [RecoverFromConsensusStatus] status.ConsensusStatus: 1
2019/05/10 00:40:46.453758 [1;35m[INF][m GID 32, [OnResponseConsensus] status: {1 10 2019-05-10 00:40:46.07 +0000 UTC [] [] [] [{d8d40cf5d67d9328e2ed7475c182c1bed209398a657221272a2f42a4e8800aa3 [3 83 25 125 17 128 47 224 205 84 9 240 100 130 43 137 108 234 166 117 234 89 98 135 241 229 206 0 155 231 104 79 8] true [194 128 149 182 156 149 145 139 120 61 172 126 100 33 153 237 176 142 86 54 170 239 62 147 108 3 201 104 33 73 118 18 151 6 158 242 104 60 177 232 199 147 42 206 75 151 81 215 99 70 229 15 198 177 193 65 29 174 254 103 234 39 190 35] <nil>}]}
2019/05/10 00:40:48.076423 [1;35m[INF][m GID 32, [ProcessInv] send getblock: 1e84a1e245416a4e5f96b433e72348a2498280bfee21fe38afa44835f7c49f3c
2019/05/10 00:40:48.106441 [1;35m[INF][m GID 86, [OnBlockReceived] listener received block
2019/05/10 00:40:48.107496 [1;35m[INF][m GID 32, [OnBlockReceived] start
2019/05/10 00:40:48.121664 [1;35m[INF][m GID 32, [ProcessHigherBlock] broadcast inv and try start new consensus
2019/05/10 00:40:48.124566 [1;35m[INF][m GID 32, [BroadcastMessage] msg: inv
2019/05/10 00:40:48.126039 [1;35m[INF][m GID 32, [Normal][OnBlockReceived] received unsigned block, record block
2019/05/10 00:40:48.126452 [1;35m[INF][m GID 32, [OnBlockReceived] end
2019/05/10 00:40:48.198234 [1;31m[ERR][m GID 32, [OnBlock] err:  duplicate block in pool
2019/05/10 00:40:51.428758 [1;35m[INF][m GID 32, [TryChangeView] succeed
2019/05/10 00:40:51.429046 [1;35m[INF][m GID 32, [ChangeView] current view offset: 11
2019/05/10 00:40:51.429190 [1;35m[INF][m GID 32, current onduty arbiter: 0386206d1d442f5c8ddcc9ae45ab85d921b6ade3a184f43b7ccf6de02f3ca0b450
2019/05/10 00:40:51.429305 [1;35m[INF][m GID 32, OnViewChanged, getBlock from first block hash: e9488fc30cd78ee655c1a48ad145b349054559feb1b0b142043f716d78c58ed4 onduty: true
2019/05/10 00:40:51.429462 [1;33m[WRN][m GID 32, [tryCreateInactiveArbitratorsTx] create tx error:  found no inactive arbiters
2019/05/10 00:40:51.429567 [1;35m[INF][m GID 32, [OnViewChanged] start proposal
2019/05/10 00:40:51.429679 [1;35m[INF][m GID 32, Clean proposals
2019/05/10 00:40:51.429803 [1;35m[INF][m GID 32, [StartProposal] start
2019/05/10 00:40:51.429968 [1;35m[INF][m GID 32, [StartProposal] sponsor: [3 134 32 109 29 68 47 92 141 220 201 174 69 171 133 217 33 182 173 227 161 132 244 59 124 207 109 224 47 60 160 180 80]
2019/05/10 00:40:51.430116 [1;35m[INF][m GID 32, [StartProposal] send proposal message finished, Proposal Hash:  9badfb5eb8b8da3d7176a34573a7cb8ab28e923ed7e5e2ce23d182f245feacad
2019/05/10 00:40:51.430224 [1;35m[INF][m GID 32, [BroadcastMessage] msg: proposal
2019/05/10 00:40:51.430360 [1;35m[INF][m GID 32, [OnProposalArrived] Sponsor: 0386206d1d442f5c8ddcc9ae45ab85d921b6ade3a184f43b7ccf6de02f3ca0b450, BlockHash: e9488fc30cd78ee655c1a48ad145b349054559feb1b0b142043f716d78c58ed4, ReceivedTime: 2019-05-10 00:40:51.425 +0000 UTC, Result: false, ViewOffset: 11, ProposalHash: 35cccdf6a362a8f67784bdc38ee66c4808a483bca2bdc53aefe883545d7e2cae
2019/05/10 00:40:51.430471 [1;35m[INF][m GID 32, [acceptProposal] start
2019/05/10 00:40:51.430636 [1;35m[INF][m GID 32, [ProcessVote] start
2019/05/10 00:40:51.430901 [1;35m[INF][m GID 32, [countAcceptedVote] start
2019/05/10 00:40:51.431014 [1;35m[INF][m GID 32, [countAcceptedVote] Received needed sign, collect it into AcceptVotes!
2019/05/10 00:40:51.431132 [1;35m[INF][m GID 32, [countAcceptedVote] end
2019/05/10 00:40:51.431256 [1;35m[INF][m GID 32, [ProcessVote] end
2019/05/10 00:40:51.431375 [1;35m[INF][m GID 32, [BroadcastMessage] msg: acc_vote
2019/05/10 00:40:51.431505 [1;35m[INF][m GID 32, [acceptProposal] send acc_vote msg: 2a7d01af1baae78ef0f468abe6469bc991df325f6816afd4586efb53e16909d7
2019/05/10 00:40:51.431626 [1;35m[INF][m GID 32, [OnVoteArrived] Signer: 0386206d1d442f5c8ddcc9ae45ab85d921b6ade3a184f43b7ccf6de02f3ca0b450, ProposalHash: 35cccdf6a362a8f67784bdc38ee66c4808a483bca2bdc53aefe883545d7e2cae, ReceivedTime: 2019-05-10 00:40:51.426 +0000 UTC, Result: true
2019/05/10 00:40:51.431761 [1;35m[INF][m GID 32, [acceptProposal] end
2019/05/10 00:40:51.431886 [1;35m[INF][m GID 32, [StartProposal] end
2019/05/10 00:40:51.432844 [1;35m[INF][m GID 32, [OnViewStarted] OnDutyArbitrator: 0386206d1d442f5c8ddcc9ae45ab85d921b6ade3a184f43b7ccf6de02f3ca0b450, StartTime: 2019-05-10 00:40:51.427 +0000 UTC, Offset: 11, Height: 274
2019/05/10 00:40:51.432957 [1;35m[INF][m GID 32, [TryChangeView] succeed
2019/05/10 00:40:51.479756 [1;35m[INF][m GID 32, [HelpToRecoverAbnormal] peer id: 021cfade3eddd057d8ca178057a88c4654b15c1ada7ee9ab65517f00beb6977556
2019/05/10 00:40:51.480640 [1;35m[INF][m GID 32, [CollectConsensusStatus] status.ConsensusStatus: 1
2019/05/10 00:40:51.483245 [1;35m[INF][m GID 32, [HelpToRecoverAbnormal] peer id: 02eafcd36390b064431b82a4b2934f6d93fddfcfa4a86602b2ae32d858b8d3bcd7
2019/05/10 00:40:51.485676 [1;35m[INF][m GID 32, [CollectConsensusStatus] status.ConsensusStatus: 1
2019/05/10 00:40:51.517361 [1;35m[INF][m GID 32, [HelpToRecoverAbnormal] peer id: 0295890a17feb7d5191da656089b5daad83f596edcc491f5c91d025b42955a9f25
2019/05/10 00:40:51.520393 [1;35m[INF][m GID 32, [CollectConsensusStatus] status.ConsensusStatus: 1
2019/05/10 00:40:52.799698 [1;35m[INF][m GID 32, [ProcessInv] send getblock: cde55a9db78a1b5b2491ae5794c7c98581a51d8f62927f0cd41bf31462e6b60e
2019/05/10 00:40:52.800734 [1;35m[INF][m GID 86, [OnBlockReceived] listener received block
2019/05/10 00:40:52.800950 [1;35m[INF][m GID 32, [OnBlockReceived] start
2019/05/10 00:40:52.801092 [1;35m[INF][m GID 32, [OnBlockReceived] end
2019/05/10 00:40:52.801891 [1;31m[ERR][m GID 32, [OnBlock] err:  duplicate block in pool
