2019/04/24 03:50:39.584937 [1;35m[INF][m GID 1, Init wallet.
2019/04/24 03:50:39.692451 [1;35m[INF][m GID 1, Arbiter version:  
2019/04/24 03:50:39.695282 [1;35m[INF][m GID 1, 1. Init chain utxo cache.
2019/04/24 03:50:39.748180 [1;35m[INF][m GID 1, 2. Init finished transaction cache.
2019/04/24 03:50:39.786701 [1;35m[INF][m GID 1, 3. Start arbitrator P2P networks.
2019/04/24 03:50:39.823710 [1;35m[INF][m GID 1, 4. Init configurations.
2019/04/24 03:50:39.838751 [1;35m[INF][m GID 62, currentHeight: 54  chainHeight: 55
2019/04/24 03:50:39.846522 [1;35m[INF][m GID 1, [arbitrator] Main chain height:  524
2019/04/24 03:50:39.860589 [1;32m[DBG][m GID 62, github.com/elastos/Elastos.ELA.Arbiter/rpc.GetWithdrawTransactionByHeight jsonrpc.go:178 [GetWithdrawTransactionByHeight] len transactions: 0 transactions: []
2019/04/24 03:50:39.872983 [1;35m[INF][m GID 1, 5. Start arbitrator spv module.
2019/04/24 03:50:39.873671 [1;35m[INF][m GID 1, [StartSpvModule] new spv service: &{elastos_arbiter/data/spv 20190131 ENqDYUYURsHpp1wQ8LBdTLba4JhEvSDXEw [ela-mainchain-crc-1:10115] 10115 1 3 <nil>}
2019/04/24 03:50:39.885524 [1;35m[INF][m GID 62,  [SyncSideChain] Side chain [ XVfmhjxGxBKgzYxyXCJTb6YmaRfWPVunj4 ] height:  55
2019/04/24 03:50:39.885652 [1;35m[INF][m GID 61, currentHeight: 288  chainHeight: 291
2019/04/24 03:50:39.886254 [1;32m[DBG][m GID 61, github.com/elastos/Elastos.ELA.Arbiter/rpc.GetWithdrawTransactionByHeight jsonrpc.go:178 [GetWithdrawTransactionByHeight] len transactions: 0 transactions: []
2019/04/24 03:50:39.886597 [1;32m[DBG][m GID 61, github.com/elastos/Elastos.ELA.Arbiter/rpc.GetWithdrawTransactionByHeight jsonrpc.go:178 [GetWithdrawTransactionByHeight] len transactions: 0 transactions: []
2019/04/24 03:50:39.939451 [1;32m[DBG][m GID 61, github.com/elastos/Elastos.ELA.Arbiter/rpc.GetWithdrawTransactionByHeight jsonrpc.go:178 [GetWithdrawTransactionByHeight] len transactions: 0 transactions: []
2019/04/24 03:50:39.967691 [1;35m[INF][m GID 61,  [SyncSideChain] Side chain [ XKUh4GLhFJiqAMTF6HyWQrV9pK9HcGUdfJ ] height:  291
2019/04/24 03:50:40.095556 [1;35m[INF][m GID 1, [StartSpvModule] register auxpow listener: EVQRDhuehyAs2P4bJZrx1JcmBPkkXbHJEw
2019/04/24 03:50:40.095640 [1;35m[INF][m GID 1, [StartSpvModule] register dposit listener: XKUh4GLhFJiqAMTF6HyWQrV9pK9HcGUdfJ
2019/04/24 03:50:40.095755 [1;35m[INF][m GID 1, [StartSpvModule] register auxpow listener: EamRAVSKik9XTfC485KZpxcmk4KhmPZCea
2019/04/24 03:50:40.102527 [1;35m[INF][m GID 1, [StartSpvModule] register dposit listener: XVfmhjxGxBKgzYxyXCJTb6YmaRfWPVunj4
2019/04/24 03:50:40.117706 [1;35m[INF][m GID 1, 6. Start arbitrator group monitor.
2019/04/24 03:50:40.117778 [1;35m[INF][m GID 1, 7. Start servers.
2019/04/24 03:50:40.117804 [1;35m[INF][m GID 1, 8. Start check and remove cross chain transactions from db.
2019/04/24 03:50:40.117823 [1;35m[INF][m GID 1, 9. Start side chain account divide.
2019/04/24 03:50:40.184259 [1;35m[INF][m GID 120, Check and remove cross chain transactions from dbcache finished
2019/04/24 03:50:42.241820 [1;35m[INF][m GID 118, [arbitrator] Main chain height:  525
2019/04/24 03:50:44.063425 [1;35m[INF][m GID 61, currentHeight: 291  chainHeight: 292
2019/04/24 03:50:44.064145 [1;32m[DBG][m GID 61, github.com/elastos/Elastos.ELA.Arbiter/rpc.GetWithdrawTransactionByHeight jsonrpc.go:178 [GetWithdrawTransactionByHeight] len transactions: 0 transactions: []
2019/04/24 03:50:44.136916 [1;35m[INF][m GID 61,  [SyncSideChain] Side chain [ XKUh4GLhFJiqAMTF6HyWQrV9pK9HcGUdfJ ] height:  292
2019/04/24 03:50:46.516878 [1;35m[INF][m GID 118, [arbitrator] Main chain height:  526
2019/04/24 03:50:46.616121 [1;35m[INF][m GID 118, [OnDutyArbitratorChanged] I am on duty of main
2019/04/24 03:50:46.616191 [1;35m[INF][m GID 118, [SyncMainChainCachedTxs] start
2019/04/24 03:50:46.616441 [1;35m[INF][m GID 118, [SyncMainChainCachedTxs] end
2019/04/24 03:50:46.616467 [1;33m[WRN][m GID 118, [SyncMainChainCachedTxs] No main chain tx in dbcache
2019/04/24 03:50:46.616526 [1;35m[INF][m GID 217, [OnDutyChanged] Start side chain mining: genesis address [ XVfmhjxGxBKgzYxyXCJTb6YmaRfWPVunj4 ]
2019/04/24 03:50:46.616622 [1;35m[INF][m GID 217, [sideChainPowTransfer] start
2019/04/24 03:50:46.616911 [1;35m[INF][m GID 214, [SendCachedWithdrawTxs] start
2019/04/24 03:50:46.617080 [1;35m[INF][m GID 214, No cached withdraw transaction need to send
2019/04/24 03:50:46.617156 [1;35m[INF][m GID 214, [SendCachedWithdrawTxs] end
2019/04/24 03:50:46.617198 [1;35m[INF][m GID 215, [SendCachedWithdrawTxs] start
2019/04/24 03:50:46.617296 [1;35m[INF][m GID 215, No cached withdraw transaction need to send
2019/04/24 03:50:46.617350 [1;35m[INF][m GID 215, [SendCachedWithdrawTxs] end
2019/04/24 03:50:46.617417 [1;35m[INF][m GID 216, [OnDutyChanged] Start side chain mining: genesis address [ XKUh4GLhFJiqAMTF6HyWQrV9pK9HcGUdfJ ]
2019/04/24 03:50:46.617476 [1;35m[INF][m GID 216, [sideChainPowTransfer] start
2019/04/24 03:50:46.618405 [1;35m[INF][m GID 216, sideGenesisHash: a3c455a90843db2acd22554f2768a8d4233fafbf8dd549e6b261c2786993be56 sideBlockHash: ee81ae424302d46f6ecdc78f8fd2fde0956e70ac7e546dd9b3fdf70957061b52
2019/04/24 03:50:46.631389 [1;33m[WRN][m GID 216, [sideChainPowTransfer] create transaction failed: [Wallet], Available token is not enough
2019/04/24 03:50:46.693512 [1;35m[INF][m GID 217, sideGenesisHash: 0e739a2b87774ef2266a3cabc79a8e1201732fe409cfe50bd4125efb1d1169b5 sideBlockHash: 570f7a2bb812b82aca4b3f71019938c2d01dd8cc5ef78bfe82fae9809b21e275
2019/04/24 03:50:46.731422 [1;33m[WRN][m GID 217, [sideChainPowTransfer] create transaction failed: [Wallet], Available token is not enough
2019/04/24 03:50:51.049199 [1;35m[INF][m GID 62, currentHeight: 55  chainHeight: 56
2019/04/24 03:50:51.049622 [1;32m[DBG][m GID 62, github.com/elastos/Elastos.ELA.Arbiter/rpc.GetWithdrawTransactionByHeight jsonrpc.go:178 [GetWithdrawTransactionByHeight] len transactions: 0 transactions: []
2019/04/24 03:50:51.085419 [1;35m[INF][m GID 62,  [SyncSideChain] Side chain [ XVfmhjxGxBKgzYxyXCJTb6YmaRfWPVunj4 ] height:  56
2019/04/24 03:50:51.085582 [1;35m[INF][m GID 62, [OnDutyChanged] Start side chain mining: genesis address [ XVfmhjxGxBKgzYxyXCJTb6YmaRfWPVunj4 ]
2019/04/24 03:50:51.085633 [1;35m[INF][m GID 62, [sideChainPowTransfer] start
2019/04/24 03:50:51.095395 [1;35m[INF][m GID 62, sideGenesisHash: 0e739a2b87774ef2266a3cabc79a8e1201732fe409cfe50bd4125efb1d1169b5 sideBlockHash: baf13ace73df5caaaf6e731c72d7f0a5f52901429ba4b5f7727904da8d157082
2019/04/24 03:50:51.104652 [1;33m[WRN][m GID 62, [sideChainPowTransfer] create transaction failed: [Wallet], Available token is not enough
2019/04/24 03:50:51.104816 [1;35m[INF][m GID 62, [SyncSideChain] Start side chain mining, genesis address: [ XVfmhjxGxBKgzYxyXCJTb6YmaRfWPVunj4 ]
2019/04/24 03:50:56.750431 [1;35m[INF][m GID 118, [arbitrator] Main chain height:  527
2019/04/24 03:50:56.786704 [1;35m[INF][m GID 118, [OnDutyArbitratorChanged] I became not on duty of main
2019/04/24 03:51:00.308394 [1;35m[INF][m GID 62, currentHeight: 56  chainHeight: 57
2019/04/24 03:51:00.325578 [1;32m[DBG][m GID 62, github.com/elastos/Elastos.ELA.Arbiter/rpc.GetWithdrawTransactionByHeight jsonrpc.go:178 [GetWithdrawTransactionByHeight] len transactions: 0 transactions: []
2019/04/24 03:51:00.333935 [1;35m[INF][m GID 62,  [SyncSideChain] Side chain [ XVfmhjxGxBKgzYxyXCJTb6YmaRfWPVunj4 ] height:  57
2019/04/24 03:51:01.945914 [1;35m[INF][m GID 118, [arbitrator] Main chain height:  528
2019/04/24 03:51:11.097970 [1;35m[INF][m GID 118, [arbitrator] Main chain height:  529
2019/04/24 03:51:21.611076 [1;35m[INF][m GID 62, currentHeight: 57  chainHeight: 58
2019/04/24 03:51:21.612110 [1;32m[DBG][m GID 62, github.com/elastos/Elastos.ELA.Arbiter/rpc.GetWithdrawTransactionByHeight jsonrpc.go:178 [GetWithdrawTransactionByHeight] len transactions: 0 transactions: []
2019/04/24 03:51:21.638336 [1;35m[INF][m GID 62,  [SyncSideChain] Side chain [ XVfmhjxGxBKgzYxyXCJTb6YmaRfWPVunj4 ] height:  58
2019/04/24 03:51:24.748841 [1;35m[INF][m GID 61, currentHeight: 292  chainHeight: 293
2019/04/24 03:51:24.750653 [1;32m[DBG][m GID 61, github.com/elastos/Elastos.ELA.Arbiter/rpc.GetWithdrawTransactionByHeight jsonrpc.go:178 [GetWithdrawTransactionByHeight] len transactions: 0 transactions: []
2019/04/24 03:51:24.753893 [1;35m[INF][m GID 61,  [SyncSideChain] Side chain [ XKUh4GLhFJiqAMTF6HyWQrV9pK9HcGUdfJ ] height:  293
2019/04/24 03:51:27.708094 [1;35m[INF][m GID 118, [arbitrator] Main chain height:  530
2019/04/24 03:51:40.187507 [1;35m[INF][m GID 120, Check and remove cross chain transactions from dbcache finished
2019/04/24 03:51:40.215558 [1;35m[INF][m GID 121, Warning side chain mining account:  EVQRDhuehyAs2P4bJZrx1JcmBPkkXbHJEw: 0 EamRAVSKik9XTfC485KZpxcmk4KhmPZCea: 0 
2019/04/24 03:51:40.319220 [1;32m[DBG][m GID 121, github.com/elastos/Elastos.ELA.Arbiter/sideauxpow.divideTransfer autodivide.go:89 Divide transaction successfully signed:  1 1
2019/04/24 03:51:45.233489 [1;35m[INF][m GID 118, [arbitrator] Main chain height:  531
2019/04/24 03:51:49.359283 [1;35m[INF][m GID 61, currentHeight: 293  chainHeight: 294
2019/04/24 03:51:49.360433 [1;32m[DBG][m GID 61, github.com/elastos/Elastos.ELA.Arbiter/rpc.GetWithdrawTransactionByHeight jsonrpc.go:178 [GetWithdrawTransactionByHeight] len transactions: 0 transactions: []
2019/04/24 03:51:49.363605 [1;35m[INF][m GID 61,  [SyncSideChain] Side chain [ XKUh4GLhFJiqAMTF6HyWQrV9pK9HcGUdfJ ] height:  294
2019/04/24 03:51:49.594260 [1;35m[INF][m GID 118, [arbitrator] Main chain height:  532
2019/04/24 03:51:49.612065 [1;35m[INF][m GID 118, [OnDutyArbitratorChanged] I am on duty of main
2019/04/24 03:51:49.612612 [1;35m[INF][m GID 118, [SyncMainChainCachedTxs] start
2019/04/24 03:51:49.614320 [1;35m[INF][m GID 118, [SyncMainChainCachedTxs] end
2019/04/24 03:51:49.614481 [1;33m[WRN][m GID 118, [SyncMainChainCachedTxs] No main chain tx in dbcache
2019/04/24 03:51:49.614937 [1;35m[INF][m GID 478, [OnDutyChanged] Start side chain mining: genesis address [ XVfmhjxGxBKgzYxyXCJTb6YmaRfWPVunj4 ]
2019/04/24 03:51:49.615119 [1;35m[INF][m GID 478, [sideChainPowTransfer] start
2019/04/24 03:51:49.615513 [1;35m[INF][m GID 476, [SendCachedWithdrawTxs] start
2019/04/24 03:51:49.616312 [1;35m[INF][m GID 476, No cached withdraw transaction need to send
2019/04/24 03:51:49.616374 [1;35m[INF][m GID 476, [SendCachedWithdrawTxs] end
2019/04/24 03:51:49.616477 [1;35m[INF][m GID 475, [SendCachedWithdrawTxs] start
2019/04/24 03:51:49.616593 [1;35m[INF][m GID 475, No cached withdraw transaction need to send
2019/04/24 03:51:49.616681 [1;35m[INF][m GID 475, [SendCachedWithdrawTxs] end
2019/04/24 03:51:49.616718 [1;35m[INF][m GID 477, [OnDutyChanged] Start side chain mining: genesis address [ XKUh4GLhFJiqAMTF6HyWQrV9pK9HcGUdfJ ]
2019/04/24 03:51:49.616820 [1;35m[INF][m GID 477, [sideChainPowTransfer] start
2019/04/24 03:51:49.624873 [1;35m[INF][m GID 478, sideGenesisHash: 0e739a2b87774ef2266a3cabc79a8e1201732fe409cfe50bd4125efb1d1169b5 sideBlockHash: 6ddd2010d90c7e1135f6d24d020b71af062c9d7e701cd6fa004762eff61d8f36
2019/04/24 03:51:49.640706 [1;35m[INF][m GID 477, sideGenesisHash: a3c455a90843db2acd22554f2768a8d4233fafbf8dd549e6b261c2786993be56 sideBlockHash: eacaea8bd7628afaa561d5cbdd8607d8a1e946da3b53a497d81e1d63c63bd0fd
2019/04/24 03:51:49.646993 [1;33m[WRN][m GID 478, [sideChainPowTransfer] create transaction failed: [Wallet], Available token is not enough
2019/04/24 03:51:49.652135 [1;33m[WRN][m GID 477, [sideChainPowTransfer] create transaction failed: [Wallet], Available token is not enough
2019/04/24 03:51:56.743522 [1;35m[INF][m GID 118, [arbitrator] Main chain height:  533
2019/04/24 03:51:56.746874 [1;35m[INF][m GID 118, [OnDutyArbitratorChanged] I became not on duty of main
2019/04/24 03:52:05.913136 [1;35m[INF][m GID 118, [arbitrator] Main chain height:  534
2019/04/24 03:52:33.005698 [1;35m[INF][m GID 61, currentHeight: 294  chainHeight: 295
2019/04/24 03:52:33.006578 [1;32m[DBG][m GID 61, github.com/elastos/Elastos.ELA.Arbiter/rpc.GetWithdrawTransactionByHeight jsonrpc.go:178 [GetWithdrawTransactionByHeight] len transactions: 0 transactions: []
2019/04/24 03:52:33.009165 [1;35m[INF][m GID 61,  [SyncSideChain] Side chain [ XKUh4GLhFJiqAMTF6HyWQrV9pK9HcGUdfJ ] height:  295
2019/04/24 03:52:34.596060 [1;35m[INF][m GID 118, [arbitrator] Main chain height:  535
2019/04/24 03:52:39.647063 [1;35m[INF][m GID 118, [arbitrator] Main chain height:  536
2019/04/24 03:52:40.188160 [1;35m[INF][m GID 120, Check and remove cross chain transactions from dbcache finished
2019/04/24 03:52:40.410563 [1;35m[INF][m GID 121, Warning side chain mining account:  EVQRDhuehyAs2P4bJZrx1JcmBPkkXbHJEw: 0 EamRAVSKik9XTfC485KZpxcmk4KhmPZCea: 0 
2019/04/24 03:52:40.820506 [1;32m[DBG][m GID 121, github.com/elastos/Elastos.ELA.Arbiter/sideauxpow.divideTransfer autodivide.go:89 Divide transaction successfully signed:  1 1
2019/04/24 03:52:44.213213 [1;35m[INF][m GID 61, currentHeight: 295  chainHeight: 296
2019/04/24 03:52:44.250598 [1;32m[DBG][m GID 61, github.com/elastos/Elastos.ELA.Arbiter/rpc.GetWithdrawTransactionByHeight jsonrpc.go:178 [GetWithdrawTransactionByHeight] len transactions: 0 transactions: []
2019/04/24 03:52:44.263878 [1;35m[INF][m GID 61,  [SyncSideChain] Side chain [ XKUh4GLhFJiqAMTF6HyWQrV9pK9HcGUdfJ ] height:  296
2019/04/24 03:52:45.904965 [1;35m[INF][m GID 118, [arbitrator] Main chain height:  537
2019/04/24 03:52:59.481741 [1;35m[INF][m GID 118, [arbitrator] Main chain height:  538
2019/04/24 03:52:59.551816 [1;35m[INF][m GID 118, [OnDutyArbitratorChanged] I am on duty of main
2019/04/24 03:52:59.551927 [1;35m[INF][m GID 118, [SyncMainChainCachedTxs] start
2019/04/24 03:52:59.552039 [1;35m[INF][m GID 118, [SyncMainChainCachedTxs] end
2019/04/24 03:52:59.552065 [1;33m[WRN][m GID 118, [SyncMainChainCachedTxs] No main chain tx in dbcache
2019/04/24 03:52:59.552088 [1;35m[INF][m GID 777, [OnDutyChanged] Start side chain mining: genesis address [ XVfmhjxGxBKgzYxyXCJTb6YmaRfWPVunj4 ]
2019/04/24 03:52:59.552111 [1;35m[INF][m GID 777, [sideChainPowTransfer] start
2019/04/24 03:52:59.552358 [1;35m[INF][m GID 774, [SendCachedWithdrawTxs] start
2019/04/24 03:52:59.552484 [1;35m[INF][m GID 776, [OnDutyChanged] Start side chain mining: genesis address [ XKUh4GLhFJiqAMTF6HyWQrV9pK9HcGUdfJ ]
2019/04/24 03:52:59.552564 [1;35m[INF][m GID 776, [sideChainPowTransfer] start
2019/04/24 03:52:59.553100 [1;35m[INF][m GID 775, [SendCachedWithdrawTxs] start
2019/04/24 03:52:59.556270 [1;35m[INF][m GID 774, No cached withdraw transaction need to send
2019/04/24 03:52:59.556316 [1;35m[INF][m GID 774, [SendCachedWithdrawTxs] end
2019/04/24 03:52:59.556430 [1;35m[INF][m GID 775, No cached withdraw transaction need to send
2019/04/24 03:52:59.556471 [1;35m[INF][m GID 775, [SendCachedWithdrawTxs] end
2019/04/24 03:52:59.587301 [1;35m[INF][m GID 776, sideGenesisHash: a3c455a90843db2acd22554f2768a8d4233fafbf8dd549e6b261c2786993be56 sideBlockHash: ad598ffe9d1cce94b8727816e702266335b91ec24983fdd24b0a8e0ecabe4955
2019/04/24 03:52:59.592106 [1;33m[WRN][m GID 776, [sideChainPowTransfer] create transaction failed: [Wallet], Available token is not enough
2019/04/24 03:52:59.602724 [1;35m[INF][m GID 777, sideGenesisHash: 0e739a2b87774ef2266a3cabc79a8e1201732fe409cfe50bd4125efb1d1169b5 sideBlockHash: 3845445c7d5c97bd0ebc8d8c76a22927a87f913c6a1ccf273f12283716e3f9c2
2019/04/24 03:52:59.628030 [1;33m[WRN][m GID 777, [sideChainPowTransfer] create transaction failed: [Wallet], Available token is not enough
2019/04/24 03:53:01.591798 [1;35m[INF][m GID 62, currentHeight: 58  chainHeight: 59
2019/04/24 03:53:01.592427 [1;32m[DBG][m GID 62, github.com/elastos/Elastos.ELA.Arbiter/rpc.GetWithdrawTransactionByHeight jsonrpc.go:178 [GetWithdrawTransactionByHeight] len transactions: 0 transactions: []
2019/04/24 03:53:01.994377 [1;35m[INF][m GID 62,  [SyncSideChain] Side chain [ XVfmhjxGxBKgzYxyXCJTb6YmaRfWPVunj4 ] height:  59
2019/04/24 03:53:01.994644 [1;35m[INF][m GID 62, [OnDutyChanged] Start side chain mining: genesis address [ XVfmhjxGxBKgzYxyXCJTb6YmaRfWPVunj4 ]
2019/04/24 03:53:01.994693 [1;35m[INF][m GID 62, [sideChainPowTransfer] start
2019/04/24 03:53:01.995593 [1;35m[INF][m GID 62, sideGenesisHash: 0e739a2b87774ef2266a3cabc79a8e1201732fe409cfe50bd4125efb1d1169b5 sideBlockHash: c8dc802c74b28629ef547cc64d56dbaee4e11aff7bc154099feee4d91ef5f53e
2019/04/24 03:53:01.997763 [1;33m[WRN][m GID 62, [sideChainPowTransfer] create transaction failed: [Wallet], Available token is not enough
2019/04/24 03:53:01.997887 [1;35m[INF][m GID 62, [SyncSideChain] Start side chain mining, genesis address: [ XVfmhjxGxBKgzYxyXCJTb6YmaRfWPVunj4 ]
2019/04/24 03:53:12.979930 [1;35m[INF][m GID 61, currentHeight: 296  chainHeight: 297
2019/04/24 03:53:13.004284 [1;32m[DBG][m GID 61, github.com/elastos/Elastos.ELA.Arbiter/rpc.GetWithdrawTransactionByHeight jsonrpc.go:178 [GetWithdrawTransactionByHeight] len transactions: 0 transactions: []
2019/04/24 03:53:13.228286 [1;35m[INF][m GID 61,  [SyncSideChain] Side chain [ XKUh4GLhFJiqAMTF6HyWQrV9pK9HcGUdfJ ] height:  297
2019/04/24 03:53:13.228379 [1;35m[INF][m GID 61, [OnDutyChanged] Start side chain mining: genesis address [ XKUh4GLhFJiqAMTF6HyWQrV9pK9HcGUdfJ ]
2019/04/24 03:53:13.228421 [1;35m[INF][m GID 61, [sideChainPowTransfer] start
2019/04/24 03:53:13.229178 [1;35m[INF][m GID 61, sideGenesisHash: a3c455a90843db2acd22554f2768a8d4233fafbf8dd549e6b261c2786993be56 sideBlockHash: 8221a265d3e708e3819f2e2edbee29000edc44e06462d5bd5d655a3abd88c929
2019/04/24 03:53:13.230320 [1;33m[WRN][m GID 61, [sideChainPowTransfer] create transaction failed: [Wallet], Available token is not enough
2019/04/24 03:53:13.231116 [1;35m[INF][m GID 61, [SyncSideChain] Start side chain mining, genesis address: [ XKUh4GLhFJiqAMTF6HyWQrV9pK9HcGUdfJ ]
2019/04/24 03:53:14.044447 [1;35m[INF][m GID 118, [arbitrator] Main chain height:  539
2019/04/24 03:53:14.080857 [1;35m[INF][m GID 118, [OnDutyArbitratorChanged] I became not on duty of main
2019/04/24 03:53:29.366426 [1;35m[INF][m GID 118, [arbitrator] Main chain height:  540
2019/04/24 03:53:35.538262 [1;35m[INF][m GID 118, [arbitrator] Main chain height:  541
2019/04/24 03:53:36.602063 [1;35m[INF][m GID 62, currentHeight: 59  chainHeight: 60
2019/04/24 03:53:36.602570 [1;32m[DBG][m GID 62, github.com/elastos/Elastos.ELA.Arbiter/rpc.GetWithdrawTransactionByHeight jsonrpc.go:178 [GetWithdrawTransactionByHeight] len transactions: 0 transactions: []
2019/04/24 03:53:36.615804 [1;35m[INF][m GID 62,  [SyncSideChain] Side chain [ XVfmhjxGxBKgzYxyXCJTb6YmaRfWPVunj4 ] height:  60
2019/04/24 03:53:38.663755 [1;35m[INF][m GID 61, currentHeight: 297  chainHeight: 298
2019/04/24 03:53:38.673126 [1;32m[DBG][m GID 61, github.com/elastos/Elastos.ELA.Arbiter/rpc.GetWithdrawTransactionByHeight jsonrpc.go:178 [GetWithdrawTransactionByHeight] len transactions: 0 transactions: []
2019/04/24 03:53:38.689243 [1;35m[INF][m GID 61,  [SyncSideChain] Side chain [ XKUh4GLhFJiqAMTF6HyWQrV9pK9HcGUdfJ ] height:  298
2019/04/24 03:53:40.196560 [1;35m[INF][m GID 120, Check and remove cross chain transactions from dbcache finished
2019/04/24 03:53:40.994044 [1;35m[INF][m GID 121, Warning side chain mining account:  EVQRDhuehyAs2P4bJZrx1JcmBPkkXbHJEw: 0 EamRAVSKik9XTfC485KZpxcmk4KhmPZCea: 0 
2019/04/24 03:53:41.064638 [1;32m[DBG][m GID 121, github.com/elastos/Elastos.ELA.Arbiter/sideauxpow.divideTransfer autodivide.go:89 Divide transaction successfully signed:  1 1
2019/04/24 03:53:48.014848 [1;35m[INF][m GID 62, currentHeight: 60  chainHeight: 61
2019/04/24 03:53:48.015345 [1;32m[DBG][m GID 62, github.com/elastos/Elastos.ELA.Arbiter/rpc.GetWithdrawTransactionByHeight jsonrpc.go:178 [GetWithdrawTransactionByHeight] len transactions: 0 transactions: []
2019/04/24 03:53:48.019063 [1;35m[INF][m GID 62,  [SyncSideChain] Side chain [ XVfmhjxGxBKgzYxyXCJTb6YmaRfWPVunj4 ] height:  61
2019/04/24 03:53:50.104464 [1;35m[INF][m GID 118, [arbitrator] Main chain height:  542
