2019/04/23 17:50:22.800866 [1;35m[INF][m GID 1, Init wallet.
2019/04/23 17:50:22.909430 [1;35m[INF][m GID 1, Arbiter version:  v0.1.0-6-g758e
2019/04/23 17:50:22.912296 [1;35m[INF][m GID 1, 1. Init chain utxo cache.
2019/04/23 17:50:22.920663 [1;35m[INF][m GID 1, 2. Init finished transaction cache.
2019/04/23 17:50:22.920935 [1;35m[INF][m GID 1, 3. Start arbitrator P2P networks.
2019/04/23 17:50:22.921130 [1;35m[INF][m GID 1, 4. Init configurations.
2019/04/23 17:50:22.922141 [1;35m[INF][m GID 41, currentHeight: 162  chainHeight: 164
2019/04/23 17:50:22.922643 [1;32m[DBG][m GID 41, github.com/elastos/Elastos.ELA.Arbiter/rpc.GetWithdrawTransactionByHeight jsonrpc.go:178 [GetWithdrawTransactionByHeight] len transactions: 0 transactions: []
2019/04/23 17:50:22.929981 [1;32m[DBG][m GID 41, github.com/elastos/Elastos.ELA.Arbiter/rpc.GetWithdrawTransactionByHeight jsonrpc.go:178 [GetWithdrawTransactionByHeight] len transactions: 0 transactions: []
2019/04/23 17:50:22.966813 [1;35m[INF][m GID 1, [arbitrator] Main chain height:  308
2019/04/23 17:50:22.968348 [1;35m[INF][m GID 41,  [SyncSideChain] Side chain [ XKUh4GLhFJiqAMTF6HyWQrV9pK9HcGUdfJ ] height:  164
2019/04/23 17:50:23.186230 [1;35m[INF][m GID 1, 5. Start arbitrator spv module.
2019/04/23 17:50:23.186353 [1;35m[INF][m GID 1, [StartSpvModule] new spv service: &{elastos_arbiter/data/spv 20190131 ENqDYUYURsHpp1wQ8LBdTLba4JhEvSDXEw [127.0.0.1:10115] 10115 1 3 <nil>}
2019/04/23 17:50:23.296990 [1;35m[INF][m GID 1, [StartSpvModule] register auxpow listener: EVQRDhuehyAs2P4bJZrx1JcmBPkkXbHJEw
2019/04/23 17:50:23.297117 [1;35m[INF][m GID 1, [StartSpvModule] register dposit listener: XKUh4GLhFJiqAMTF6HyWQrV9pK9HcGUdfJ
2019/04/23 17:50:23.297173 [1;35m[INF][m GID 1, 6. Start arbitrator group monitor.
2019/04/23 17:50:23.297218 [1;35m[INF][m GID 1, 7. Start servers.
2019/04/23 17:50:23.297238 [1;35m[INF][m GID 1, 8. Start check and remove cross chain transactions from db.
2019/04/23 17:50:23.297253 [1;35m[INF][m GID 1, 9. Start side chain account divide.
2019/04/23 17:50:23.297654 [1;35m[INF][m GID 72, Check and remove cross chain transactions from dbcache finished
2019/04/23 17:50:23.359247 [1;35m[INF][m GID 70, [arbitrator] Main chain height:  309
2019/04/23 17:50:26.829705 [1;35m[INF][m GID 70, [arbitrator] Main chain height:  310
2019/04/23 17:50:26.864244 [1;35m[INF][m GID 70, [OnDutyArbitratorChanged] I am on duty of main
2019/04/23 17:50:26.864329 [1;35m[INF][m GID 70, [SyncMainChainCachedTxs] start
2019/04/23 17:50:26.864460 [1;35m[INF][m GID 70, [SyncMainChainCachedTxs] end
2019/04/23 17:50:26.864491 [1;33m[WRN][m GID 70, [SyncMainChainCachedTxs] No main chain tx in dbcache
2019/04/23 17:50:26.864511 [1;35m[INF][m GID 144, [OnDutyChanged] Start side chain mining: genesis address [ XKUh4GLhFJiqAMTF6HyWQrV9pK9HcGUdfJ ]
2019/04/23 17:50:26.864534 [1;35m[INF][m GID 144, [sideChainPowTransfer] start
2019/04/23 17:50:26.864620 [1;35m[INF][m GID 143, [SendCachedWithdrawTxs] start
2019/04/23 17:50:26.864981 [1;35m[INF][m GID 143, No cached withdraw transaction need to send
2019/04/23 17:50:26.865097 [1;35m[INF][m GID 143, [SendCachedWithdrawTxs] end
2019/04/23 17:50:26.865071 [1;35m[INF][m GID 144, sideGenesisHash: a3c455a90843db2acd22554f2768a8d4233fafbf8dd549e6b261c2786993be56 sideBlockHash: 6b91d729a64c3ec7da0773cbd06257c00cdb7d3bafe1753870da7e990272bce8
2019/04/23 17:50:26.865504 [1;33m[WRN][m GID 144, [sideChainPowTransfer] create transaction failed: [Wallet], Available token is not enough
2019/04/23 17:50:34.135561 [1;35m[INF][m GID 41, currentHeight: 164  chainHeight: 165
2019/04/23 17:50:34.135821 [1;32m[DBG][m GID 41, github.com/elastos/Elastos.ELA.Arbiter/rpc.GetWithdrawTransactionByHeight jsonrpc.go:178 [GetWithdrawTransactionByHeight] len transactions: 0 transactions: []
2019/04/23 17:50:34.139753 [1;35m[INF][m GID 41,  [SyncSideChain] Side chain [ XKUh4GLhFJiqAMTF6HyWQrV9pK9HcGUdfJ ] height:  165
2019/04/23 17:50:34.139790 [1;35m[INF][m GID 41, [OnDutyChanged] Start side chain mining: genesis address [ XKUh4GLhFJiqAMTF6HyWQrV9pK9HcGUdfJ ]
2019/04/23 17:50:34.139820 [1;35m[INF][m GID 41, [sideChainPowTransfer] start
2019/04/23 17:50:34.143073 [1;35m[INF][m GID 41, sideGenesisHash: a3c455a90843db2acd22554f2768a8d4233fafbf8dd549e6b261c2786993be56 sideBlockHash: 00cbe48ba73a6d5ff0bef4def014ece949546071405d7c5bde0faa569de5f098
2019/04/23 17:50:34.184564 [1;33m[WRN][m GID 41, [sideChainPowTransfer] create transaction failed: [Wallet], Available token is not enough
2019/04/23 17:50:34.184598 [1;35m[INF][m GID 41, [SyncSideChain] Start side chain mining, genesis address: [ XKUh4GLhFJiqAMTF6HyWQrV9pK9HcGUdfJ ]
2019/04/23 17:50:47.244644 [1;35m[INF][m GID 41, currentHeight: 165  chainHeight: 166
2019/04/23 17:50:47.244929 [1;32m[DBG][m GID 41, github.com/elastos/Elastos.ELA.Arbiter/rpc.GetWithdrawTransactionByHeight jsonrpc.go:178 [GetWithdrawTransactionByHeight] len transactions: 0 transactions: []
2019/04/23 17:50:47.251381 [1;35m[INF][m GID 41,  [SyncSideChain] Side chain [ XKUh4GLhFJiqAMTF6HyWQrV9pK9HcGUdfJ ] height:  166
2019/04/23 17:50:47.251430 [1;35m[INF][m GID 41, [OnDutyChanged] Start side chain mining: genesis address [ XKUh4GLhFJiqAMTF6HyWQrV9pK9HcGUdfJ ]
2019/04/23 17:50:47.251452 [1;35m[INF][m GID 41, [sideChainPowTransfer] start
2019/04/23 17:50:47.268708 [1;35m[INF][m GID 41, sideGenesisHash: a3c455a90843db2acd22554f2768a8d4233fafbf8dd549e6b261c2786993be56 sideBlockHash: 5dd3bc7994d2d28ecec92ae8061243d09b7b810660fff5325397ace0fa9eee72
2019/04/23 17:50:47.297772 [1;33m[WRN][m GID 41, [sideChainPowTransfer] create transaction failed: [Wallet], Available token is not enough
2019/04/23 17:50:47.297814 [1;35m[INF][m GID 41, [SyncSideChain] Start side chain mining, genesis address: [ XKUh4GLhFJiqAMTF6HyWQrV9pK9HcGUdfJ ]
2019/04/23 17:50:49.090993 [1;35m[INF][m GID 70, [arbitrator] Main chain height:  311
2019/04/23 17:50:49.101124 [1;35m[INF][m GID 70, [OnDutyArbitratorChanged] I became not on duty of main
2019/04/23 17:50:54.334929 [1;35m[INF][m GID 41, currentHeight: 166  chainHeight: 167
2019/04/23 17:50:54.335748 [1;32m[DBG][m GID 41, github.com/elastos/Elastos.ELA.Arbiter/rpc.GetWithdrawTransactionByHeight jsonrpc.go:178 [GetWithdrawTransactionByHeight] len transactions: 0 transactions: []
2019/04/23 17:50:54.340483 [1;35m[INF][m GID 41,  [SyncSideChain] Side chain [ XKUh4GLhFJiqAMTF6HyWQrV9pK9HcGUdfJ ] height:  167
2019/04/23 17:50:55.354423 [1;35m[INF][m GID 70, [arbitrator] Main chain height:  312
2019/04/23 17:50:59.510403 [1;35m[INF][m GID 70, [arbitrator] Main chain height:  313
2019/04/23 17:51:05.707985 [1;35m[INF][m GID 70, [arbitrator] Main chain height:  314
2019/04/23 17:51:05.712306 [1;35m[INF][m GID 70, [OnDutyArbitratorChanged] I am on duty of main
2019/04/23 17:51:05.712338 [1;35m[INF][m GID 70, [SyncMainChainCachedTxs] start
2019/04/23 17:51:05.712438 [1;35m[INF][m GID 70, [SyncMainChainCachedTxs] end
2019/04/23 17:51:05.712476 [1;33m[WRN][m GID 70, [SyncMainChainCachedTxs] No main chain tx in dbcache
2019/04/23 17:51:05.712496 [1;35m[INF][m GID 388, [OnDutyChanged] Start side chain mining: genesis address [ XKUh4GLhFJiqAMTF6HyWQrV9pK9HcGUdfJ ]
2019/04/23 17:51:05.712519 [1;35m[INF][m GID 388, [sideChainPowTransfer] start
2019/04/23 17:51:05.712609 [1;35m[INF][m GID 387, [SendCachedWithdrawTxs] start
2019/04/23 17:51:05.712678 [1;35m[INF][m GID 387, No cached withdraw transaction need to send
2019/04/23 17:51:05.712698 [1;35m[INF][m GID 387, [SendCachedWithdrawTxs] end
2019/04/23 17:51:05.716977 [1;35m[INF][m GID 388, sideGenesisHash: a3c455a90843db2acd22554f2768a8d4233fafbf8dd549e6b261c2786993be56 sideBlockHash: 84939d4d7796acdb491a2f00a4856f9e72610b115c2b7e06fd9293497412609c
2019/04/23 17:51:05.717416 [1;33m[WRN][m GID 388, [sideChainPowTransfer] create transaction failed: [Wallet], Available token is not enough
2019/04/23 17:51:16.972240 [1;35m[INF][m GID 70, [arbitrator] Main chain height:  315
2019/04/23 17:51:16.975966 [1;35m[INF][m GID 70, [OnDutyArbitratorChanged] I became not on duty of main
2019/04/23 17:51:19.034820 [1;35m[INF][m GID 70, [arbitrator] Main chain height:  316
2019/04/23 17:51:23.299149 [1;35m[INF][m GID 72, Check and remove cross chain transactions from dbcache finished
2019/04/23 17:51:23.366748 [1;35m[INF][m GID 73, Warning side chain mining account:  EVQRDhuehyAs2P4bJZrx1JcmBPkkXbHJEw: 0 
2019/04/23 17:51:28.161959 [1;35m[INF][m GID 70, [arbitrator] Main chain height:  317
2019/04/23 17:51:30.933648 [1;35m[INF][m GID 41, currentHeight: 167  chainHeight: 168
2019/04/23 17:51:30.944617 [1;32m[DBG][m GID 41, github.com/elastos/Elastos.ELA.Arbiter/rpc.GetWithdrawTransactionByHeight jsonrpc.go:178 [GetWithdrawTransactionByHeight] len transactions: 0 transactions: []
2019/04/23 17:51:30.947636 [1;35m[INF][m GID 41,  [SyncSideChain] Side chain [ XKUh4GLhFJiqAMTF6HyWQrV9pK9HcGUdfJ ] height:  168
2019/04/23 17:51:33.357382 [1;35m[INF][m GID 70, [arbitrator] Main chain height:  318
2019/04/23 17:51:33.378265 [1;35m[INF][m GID 70, [OnDutyArbitratorChanged] I am on duty of main
2019/04/23 17:51:33.378308 [1;35m[INF][m GID 70, [SyncMainChainCachedTxs] start
2019/04/23 17:51:33.378435 [1;35m[INF][m GID 70, [SyncMainChainCachedTxs] end
2019/04/23 17:51:33.378464 [1;33m[WRN][m GID 70, [SyncMainChainCachedTxs] No main chain tx in dbcache
2019/04/23 17:51:33.378488 [1;35m[INF][m GID 497, [OnDutyChanged] Start side chain mining: genesis address [ XKUh4GLhFJiqAMTF6HyWQrV9pK9HcGUdfJ ]
2019/04/23 17:51:33.378540 [1;35m[INF][m GID 497, [sideChainPowTransfer] start
2019/04/23 17:51:33.378514 [1;35m[INF][m GID 496, [SendCachedWithdrawTxs] start
2019/04/23 17:51:33.378682 [1;35m[INF][m GID 496, No cached withdraw transaction need to send
2019/04/23 17:51:33.378704 [1;35m[INF][m GID 496, [SendCachedWithdrawTxs] end
2019/04/23 17:51:33.378947 [1;35m[INF][m GID 497, sideGenesisHash: a3c455a90843db2acd22554f2768a8d4233fafbf8dd549e6b261c2786993be56 sideBlockHash: dbdc3264b0ec958f938dd80b938b2d09e5c0785e429ce82afa15ecc55303e20b
2019/04/23 17:51:33.411837 [1;33m[WRN][m GID 497, [sideChainPowTransfer] create transaction failed: [Wallet], Available token is not enough
2019/04/23 17:51:34.957612 [1;35m[INF][m GID 41, currentHeight: 168  chainHeight: 169
2019/04/23 17:51:34.961333 [1;32m[DBG][m GID 41, github.com/elastos/Elastos.ELA.Arbiter/rpc.GetWithdrawTransactionByHeight jsonrpc.go:178 [GetWithdrawTransactionByHeight] len transactions: 0 transactions: []
2019/04/23 17:51:34.964021 [1;35m[INF][m GID 41,  [SyncSideChain] Side chain [ XKUh4GLhFJiqAMTF6HyWQrV9pK9HcGUdfJ ] height:  169
2019/04/23 17:51:34.964053 [1;35m[INF][m GID 41, [OnDutyChanged] Start side chain mining: genesis address [ XKUh4GLhFJiqAMTF6HyWQrV9pK9HcGUdfJ ]
2019/04/23 17:51:34.964077 [1;35m[INF][m GID 41, [sideChainPowTransfer] start
2019/04/23 17:51:34.964920 [1;35m[INF][m GID 41, sideGenesisHash: a3c455a90843db2acd22554f2768a8d4233fafbf8dd549e6b261c2786993be56 sideBlockHash: e0b43763d7ebb7e2ffa65ea448035a1382adefbdbe486999f95642a8db136f23
2019/04/23 17:51:34.968021 [1;33m[WRN][m GID 41, [sideChainPowTransfer] create transaction failed: [Wallet], Available token is not enough
2019/04/23 17:51:34.968047 [1;35m[INF][m GID 41, [SyncSideChain] Start side chain mining, genesis address: [ XKUh4GLhFJiqAMTF6HyWQrV9pK9HcGUdfJ ]
2019/04/23 17:51:39.553150 [1;35m[INF][m GID 70, [arbitrator] Main chain height:  319
2019/04/23 17:51:39.558824 [1;35m[INF][m GID 70, [OnDutyArbitratorChanged] I became not on duty of main
2019/04/23 17:51:42.023597 [1;35m[INF][m GID 41, currentHeight: 169  chainHeight: 170
2019/04/23 17:51:42.023881 [1;32m[DBG][m GID 41, github.com/elastos/Elastos.ELA.Arbiter/rpc.GetWithdrawTransactionByHeight jsonrpc.go:178 [GetWithdrawTransactionByHeight] len transactions: 0 transactions: []
2019/04/23 17:51:42.048107 [1;35m[INF][m GID 41,  [SyncSideChain] Side chain [ XKUh4GLhFJiqAMTF6HyWQrV9pK9HcGUdfJ ] height:  170
2019/04/23 17:51:49.652765 [1;35m[INF][m GID 70, [arbitrator] Main chain height:  320
2019/04/23 17:51:54.750046 [1;35m[INF][m GID 70, [arbitrator] Main chain height:  321
2019/04/23 17:51:55.095069 [1;35m[INF][m GID 41, currentHeight: 170  chainHeight: 171
2019/04/23 17:51:55.096710 [1;32m[DBG][m GID 41, github.com/elastos/Elastos.ELA.Arbiter/rpc.GetWithdrawTransactionByHeight jsonrpc.go:178 [GetWithdrawTransactionByHeight] len transactions: 0 transactions: []
2019/04/23 17:51:55.099723 [1;35m[INF][m GID 41,  [SyncSideChain] Side chain [ XKUh4GLhFJiqAMTF6HyWQrV9pK9HcGUdfJ ] height:  171
2019/04/23 17:51:59.983372 [1;35m[INF][m GID 70, [arbitrator] Main chain height:  322
2019/04/23 17:52:00.007240 [1;35m[INF][m GID 70, [OnDutyArbitratorChanged] I am on duty of main
2019/04/23 17:52:00.007304 [1;35m[INF][m GID 70, [SyncMainChainCachedTxs] start
2019/04/23 17:52:00.007414 [1;35m[INF][m GID 70, [SyncMainChainCachedTxs] end
2019/04/23 17:52:00.007558 [1;33m[WRN][m GID 70, [SyncMainChainCachedTxs] No main chain tx in dbcache
2019/04/23 17:52:00.007683 [1;35m[INF][m GID 626, [OnDutyChanged] Start side chain mining: genesis address [ XKUh4GLhFJiqAMTF6HyWQrV9pK9HcGUdfJ ]
2019/04/23 17:52:00.007875 [1;35m[INF][m GID 626, [sideChainPowTransfer] start
2019/04/23 17:52:00.007726 [1;35m[INF][m GID 609, [SendCachedWithdrawTxs] start
2019/04/23 17:52:00.008581 [1;35m[INF][m GID 609, No cached withdraw transaction need to send
2019/04/23 17:52:00.008751 [1;35m[INF][m GID 609, [SendCachedWithdrawTxs] end
2019/04/23 17:52:00.008369 [1;35m[INF][m GID 626, sideGenesisHash: a3c455a90843db2acd22554f2768a8d4233fafbf8dd549e6b261c2786993be56 sideBlockHash: 7d9b900ab331dbffa91626e828813744bd918f8bddba0bc46b5e770a66f7deba
2019/04/23 17:52:00.023200 [1;33m[WRN][m GID 626, [sideChainPowTransfer] create transaction failed: [Wallet], Available token is not enough
2019/04/23 17:52:02.208109 [1;35m[INF][m GID 41, currentHeight: 171  chainHeight: 172
2019/04/23 17:52:02.208353 [1;32m[DBG][m GID 41, github.com/elastos/Elastos.ELA.Arbiter/rpc.GetWithdrawTransactionByHeight jsonrpc.go:178 [GetWithdrawTransactionByHeight] len transactions: 0 transactions: []
2019/04/23 17:52:02.212466 [1;35m[INF][m GID 41,  [SyncSideChain] Side chain [ XKUh4GLhFJiqAMTF6HyWQrV9pK9HcGUdfJ ] height:  172
2019/04/23 17:52:02.212501 [1;35m[INF][m GID 41, [OnDutyChanged] Start side chain mining: genesis address [ XKUh4GLhFJiqAMTF6HyWQrV9pK9HcGUdfJ ]
2019/04/23 17:52:02.212526 [1;35m[INF][m GID 41, [sideChainPowTransfer] start
2019/04/23 17:52:02.212864 [1;35m[INF][m GID 41, sideGenesisHash: a3c455a90843db2acd22554f2768a8d4233fafbf8dd549e6b261c2786993be56 sideBlockHash: 44575c1a333dabb66be46daecbda52c6cb82e6ad28cc8de7296c61030e5e1cb2
2019/04/23 17:52:02.234532 [1;33m[WRN][m GID 41, [sideChainPowTransfer] create transaction failed: [Wallet], Available token is not enough
2019/04/23 17:52:02.234770 [1;35m[INF][m GID 41, [SyncSideChain] Start side chain mining, genesis address: [ XKUh4GLhFJiqAMTF6HyWQrV9pK9HcGUdfJ ]
2019/04/23 17:52:05.133568 [1;35m[INF][m GID 70, [arbitrator] Main chain height:  323
2019/04/23 17:52:05.158720 [1;35m[INF][m GID 70, [OnDutyArbitratorChanged] I became not on duty of main
2019/04/23 17:52:17.452594 [1;35m[INF][m GID 41, currentHeight: 172  chainHeight: 173
2019/04/23 17:52:17.452863 [1;32m[DBG][m GID 41, github.com/elastos/Elastos.ELA.Arbiter/rpc.GetWithdrawTransactionByHeight jsonrpc.go:178 [GetWithdrawTransactionByHeight] len transactions: 0 transactions: []
2019/04/23 17:52:17.455390 [1;35m[INF][m GID 41,  [SyncSideChain] Side chain [ XKUh4GLhFJiqAMTF6HyWQrV9pK9HcGUdfJ ] height:  173
2019/04/23 17:52:20.499626 [1;35m[INF][m GID 41, currentHeight: 173  chainHeight: 174
2019/04/23 17:52:20.499864 [1;32m[DBG][m GID 41, github.com/elastos/Elastos.ELA.Arbiter/rpc.GetWithdrawTransactionByHeight jsonrpc.go:178 [GetWithdrawTransactionByHeight] len transactions: 0 transactions: []
2019/04/23 17:52:20.502274 [1;35m[INF][m GID 41,  [SyncSideChain] Side chain [ XKUh4GLhFJiqAMTF6HyWQrV9pK9HcGUdfJ ] height:  174
2019/04/23 17:52:20.761337 [1;35m[INF][m GID 70, [arbitrator] Main chain height:  324
2019/04/23 17:52:21.802422 [1;35m[INF][m GID 70, [arbitrator] Main chain height:  325
2019/04/23 17:52:23.299496 [1;35m[INF][m GID 72, Check and remove cross chain transactions from dbcache finished
2019/04/23 17:52:23.378190 [1;35m[INF][m GID 73, Warning side chain mining account:  EVQRDhuehyAs2P4bJZrx1JcmBPkkXbHJEw: 0 
2019/04/23 17:52:24.888366 [1;35m[INF][m GID 70, [arbitrator] Main chain height:  326
2019/04/23 17:52:24.892122 [1;35m[INF][m GID 70, [OnDutyArbitratorChanged] I am on duty of main
2019/04/23 17:52:24.892165 [1;35m[INF][m GID 70, [SyncMainChainCachedTxs] start
2019/04/23 17:52:24.892314 [1;35m[INF][m GID 70, [SyncMainChainCachedTxs] end
2019/04/23 17:52:24.892347 [1;33m[WRN][m GID 70, [SyncMainChainCachedTxs] No main chain tx in dbcache
2019/04/23 17:52:24.892383 [1;35m[INF][m GID 739, [OnDutyChanged] Start side chain mining: genesis address [ XKUh4GLhFJiqAMTF6HyWQrV9pK9HcGUdfJ ]
2019/04/23 17:52:24.892422 [1;35m[INF][m GID 739, [sideChainPowTransfer] start
2019/04/23 17:52:24.892519 [1;35m[INF][m GID 738, [SendCachedWithdrawTxs] start
2019/04/23 17:52:24.892597 [1;35m[INF][m GID 738, No cached withdraw transaction need to send
2019/04/23 17:52:24.892633 [1;35m[INF][m GID 738, [SendCachedWithdrawTxs] end
2019/04/23 17:52:24.897043 [1;35m[INF][m GID 739, sideGenesisHash: a3c455a90843db2acd22554f2768a8d4233fafbf8dd549e6b261c2786993be56 sideBlockHash: fdddcfc4894b841efd85ae9aa19924955ef3c11f2f7a7babad28e1a26b1f726a
2019/04/23 17:52:24.903010 [1;33m[WRN][m GID 739, [sideChainPowTransfer] create transaction failed: [Wallet], Available token is not enough
2019/04/23 17:52:28.697572 [1;35m[INF][m GID 41, currentHeight: 174  chainHeight: 175
2019/04/23 17:52:28.697791 [1;32m[DBG][m GID 41, github.com/elastos/Elastos.ELA.Arbiter/rpc.GetWithdrawTransactionByHeight jsonrpc.go:178 [GetWithdrawTransactionByHeight] len transactions: 0 transactions: []
2019/04/23 17:52:28.701621 [1;35m[INF][m GID 41,  [SyncSideChain] Side chain [ XKUh4GLhFJiqAMTF6HyWQrV9pK9HcGUdfJ ] height:  175
2019/04/23 17:52:28.701659 [1;35m[INF][m GID 41, [OnDutyChanged] Start side chain mining: genesis address [ XKUh4GLhFJiqAMTF6HyWQrV9pK9HcGUdfJ ]
2019/04/23 17:52:28.701683 [1;35m[INF][m GID 41, [sideChainPowTransfer] start
2019/04/23 17:52:28.706066 [1;35m[INF][m GID 41, sideGenesisHash: a3c455a90843db2acd22554f2768a8d4233fafbf8dd549e6b261c2786993be56 sideBlockHash: 0794f4aa038c54d40eae8b6cbe6f4a6dda2c52a3548845d678edc539400e6112
2019/04/23 17:52:28.756308 [1;33m[WRN][m GID 41, [sideChainPowTransfer] create transaction failed: [Wallet], Available token is not enough
2019/04/23 17:52:28.756366 [1;35m[INF][m GID 41, [SyncSideChain] Start side chain mining, genesis address: [ XKUh4GLhFJiqAMTF6HyWQrV9pK9HcGUdfJ ]
2019/04/23 17:52:31.760798 [1;35m[INF][m GID 41, currentHeight: 175  chainHeight: 176
2019/04/23 17:52:31.761076 [1;32m[DBG][m GID 41, github.com/elastos/Elastos.ELA.Arbiter/rpc.GetWithdrawTransactionByHeight jsonrpc.go:178 [GetWithdrawTransactionByHeight] len transactions: 0 transactions: []
2019/04/23 17:52:31.763625 [1;35m[INF][m GID 41,  [SyncSideChain] Side chain [ XKUh4GLhFJiqAMTF6HyWQrV9pK9HcGUdfJ ] height:  176
2019/04/23 17:52:31.763686 [1;35m[INF][m GID 41, [OnDutyChanged] Start side chain mining: genesis address [ XKUh4GLhFJiqAMTF6HyWQrV9pK9HcGUdfJ ]
2019/04/23 17:52:31.763711 [1;35m[INF][m GID 41, [sideChainPowTransfer] start
2019/04/23 17:52:31.765592 [1;35m[INF][m GID 41, sideGenesisHash: a3c455a90843db2acd22554f2768a8d4233fafbf8dd549e6b261c2786993be56 sideBlockHash: 46b3107d15c1377d886a33e6c4aca941e327bcf372fd1e9fdfd67661d0f504a5
2019/04/23 17:52:31.766748 [1;33m[WRN][m GID 41, [sideChainPowTransfer] create transaction failed: [Wallet], Available token is not enough
2019/04/23 17:52:31.766819 [1;35m[INF][m GID 41, [SyncSideChain] Start side chain mining, genesis address: [ XKUh4GLhFJiqAMTF6HyWQrV9pK9HcGUdfJ ]
2019/04/23 17:52:32.949750 [1;35m[INF][m GID 70, [arbitrator] Main chain height:  327
2019/04/23 17:52:33.057184 [1;35m[INF][m GID 70, [OnDutyArbitratorChanged] I became not on duty of main
2019/04/23 17:52:37.268650 [1;35m[INF][m GID 70, [arbitrator] Main chain height:  328
2019/04/23 17:52:37.863920 [1;35m[INF][m GID 41, currentHeight: 176  chainHeight: 177
2019/04/23 17:52:37.864757 [1;32m[DBG][m GID 41, github.com/elastos/Elastos.ELA.Arbiter/rpc.GetWithdrawTransactionByHeight jsonrpc.go:178 [GetWithdrawTransactionByHeight] len transactions: 0 transactions: []
2019/04/23 17:52:37.877648 [1;35m[INF][m GID 41,  [SyncSideChain] Side chain [ XKUh4GLhFJiqAMTF6HyWQrV9pK9HcGUdfJ ] height:  177
2019/04/23 17:52:43.401482 [1;35m[INF][m GID 70, [arbitrator] Main chain height:  329
2019/04/23 17:52:55.658014 [1;35m[INF][m GID 70, [arbitrator] Main chain height:  330
2019/04/23 17:52:55.730894 [1;35m[INF][m GID 70, [OnDutyArbitratorChanged] I am on duty of main
2019/04/23 17:52:55.730983 [1;35m[INF][m GID 70, [SyncMainChainCachedTxs] start
2019/04/23 17:52:55.731102 [1;35m[INF][m GID 70, [SyncMainChainCachedTxs] end
2019/04/23 17:52:55.731129 [1;33m[WRN][m GID 70, [SyncMainChainCachedTxs] No main chain tx in dbcache
2019/04/23 17:52:55.731152 [1;35m[INF][m GID 883, [OnDutyChanged] Start side chain mining: genesis address [ XKUh4GLhFJiqAMTF6HyWQrV9pK9HcGUdfJ ]
2019/04/23 17:52:55.731197 [1;35m[INF][m GID 883, [sideChainPowTransfer] start
2019/04/23 17:52:55.731171 [1;35m[INF][m GID 882, [SendCachedWithdrawTxs] start
2019/04/23 17:52:55.731380 [1;35m[INF][m GID 882, No cached withdraw transaction need to send
2019/04/23 17:52:55.731404 [1;35m[INF][m GID 882, [SendCachedWithdrawTxs] end
2019/04/23 17:52:55.794051 [1;35m[INF][m GID 883, sideGenesisHash: a3c455a90843db2acd22554f2768a8d4233fafbf8dd549e6b261c2786993be56 sideBlockHash: 47c3c96a6c0b11cf1403a34944d17bfa9e95f93fe075d503009d66cd5be23d6b
2019/04/23 17:52:55.802034 [1;33m[WRN][m GID 883, [sideChainPowTransfer] create transaction failed: [Wallet], Available token is not enough
2019/04/23 17:53:01.881593 [1;35m[INF][m GID 70, [arbitrator] Main chain height:  331
2019/04/23 17:53:01.886579 [1;35m[INF][m GID 70, [OnDutyArbitratorChanged] I became not on duty of main
2019/04/23 17:53:05.132984 [1;35m[INF][m GID 41, currentHeight: 177  chainHeight: 178
2019/04/23 17:53:05.135425 [1;32m[DBG][m GID 41, github.com/elastos/Elastos.ELA.Arbiter/rpc.GetWithdrawTransactionByHeight jsonrpc.go:178 [GetWithdrawTransactionByHeight] len transactions: 0 transactions: []
2019/04/23 17:53:05.139817 [1;35m[INF][m GID 41,  [SyncSideChain] Side chain [ XKUh4GLhFJiqAMTF6HyWQrV9pK9HcGUdfJ ] height:  178
2019/04/23 17:53:07.148889 [1;35m[INF][m GID 41, currentHeight: 178  chainHeight: 179
2019/04/23 17:53:07.149198 [1;32m[DBG][m GID 41, github.com/elastos/Elastos.ELA.Arbiter/rpc.GetWithdrawTransactionByHeight jsonrpc.go:178 [GetWithdrawTransactionByHeight] len transactions: 0 transactions: []
2019/04/23 17:53:07.156987 [1;35m[INF][m GID 41,  [SyncSideChain] Side chain [ XKUh4GLhFJiqAMTF6HyWQrV9pK9HcGUdfJ ] height:  179
2019/04/23 17:53:12.050402 [1;35m[INF][m GID 70, [arbitrator] Main chain height:  332
2019/04/23 17:53:20.429086 [1;35m[INF][m GID 70, [arbitrator] Main chain height:  333
2019/04/23 17:53:22.451915 [1;35m[INF][m GID 70, [arbitrator] Main chain height:  334
2019/04/23 17:53:22.469923 [1;35m[INF][m GID 70, [OnDutyArbitratorChanged] I am on duty of main
2019/04/23 17:53:22.469957 [1;35m[INF][m GID 70, [SyncMainChainCachedTxs] start
2019/04/23 17:53:22.470073 [1;35m[INF][m GID 70, [SyncMainChainCachedTxs] end
2019/04/23 17:53:22.470114 [1;33m[WRN][m GID 70, [SyncMainChainCachedTxs] No main chain tx in dbcache
2019/04/23 17:53:22.470137 [1;35m[INF][m GID 996, [OnDutyChanged] Start side chain mining: genesis address [ XKUh4GLhFJiqAMTF6HyWQrV9pK9HcGUdfJ ]
2019/04/23 17:53:22.470159 [1;35m[INF][m GID 996, [sideChainPowTransfer] start
2019/04/23 17:53:22.470232 [1;35m[INF][m GID 995, [SendCachedWithdrawTxs] start
2019/04/23 17:53:22.470373 [1;35m[INF][m GID 995, No cached withdraw transaction need to send
2019/04/23 17:53:22.470393 [1;35m[INF][m GID 995, [SendCachedWithdrawTxs] end
2019/04/23 17:53:22.550270 [1;35m[INF][m GID 996, sideGenesisHash: a3c455a90843db2acd22554f2768a8d4233fafbf8dd549e6b261c2786993be56 sideBlockHash: b13b7486bf0a506a17d228e0032909f6ba06e3df08264123bcff1431bb5d75f3
2019/04/23 17:53:22.619746 [1;33m[WRN][m GID 996, [sideChainPowTransfer] create transaction failed: [Wallet], Available token is not enough
2019/04/23 17:53:23.300017 [1;35m[INF][m GID 72, Check and remove cross chain transactions from dbcache finished
2019/04/23 17:53:23.391001 [1;35m[INF][m GID 73, Warning side chain mining account:  EVQRDhuehyAs2P4bJZrx1JcmBPkkXbHJEw: 0 
2019/04/23 17:53:26.548122 [1;35m[INF][m GID 70, [arbitrator] Main chain height:  335
2019/04/23 17:53:26.586607 [1;35m[INF][m GID 70, [OnDutyArbitratorChanged] I became not on duty of main
2019/04/23 17:53:30.469514 [1;35m[INF][m GID 41, currentHeight: 179  chainHeight: 180
2019/04/23 17:53:30.471291 [1;32m[DBG][m GID 41, github.com/elastos/Elastos.ELA.Arbiter/rpc.GetWithdrawTransactionByHeight jsonrpc.go:178 [GetWithdrawTransactionByHeight] len transactions: 0 transactions: []
2019/04/23 17:53:30.475277 [1;35m[INF][m GID 41,  [SyncSideChain] Side chain [ XKUh4GLhFJiqAMTF6HyWQrV9pK9HcGUdfJ ] height:  180
2019/04/23 17:53:31.728779 [1;35m[INF][m GID 70, [arbitrator] Main chain height:  336
2019/04/23 17:53:34.794711 [1;35m[INF][m GID 70, [arbitrator] Main chain height:  337
2019/04/23 17:53:36.870208 [1;35m[INF][m GID 70, [arbitrator] Main chain height:  338
2019/04/23 17:53:36.935886 [1;35m[INF][m GID 70, [OnDutyArbitratorChanged] I am on duty of main
2019/04/23 17:53:36.935922 [1;35m[INF][m GID 70, [SyncMainChainCachedTxs] start
2019/04/23 17:53:36.936030 [1;35m[INF][m GID 70, [SyncMainChainCachedTxs] end
2019/04/23 17:53:36.936066 [1;33m[WRN][m GID 70, [SyncMainChainCachedTxs] No main chain tx in dbcache
2019/04/23 17:53:36.936087 [1;35m[INF][m GID 1064, [OnDutyChanged] Start side chain mining: genesis address [ XKUh4GLhFJiqAMTF6HyWQrV9pK9HcGUdfJ ]
2019/04/23 17:53:36.936109 [1;35m[INF][m GID 1064, [sideChainPowTransfer] start
2019/04/23 17:53:36.936203 [1;35m[INF][m GID 1063, [SendCachedWithdrawTxs] start
2019/04/23 17:53:36.936285 [1;35m[INF][m GID 1063, No cached withdraw transaction need to send
2019/04/23 17:53:36.936304 [1;35m[INF][m GID 1063, [SendCachedWithdrawTxs] end
2019/04/23 17:53:36.962856 [1;35m[INF][m GID 1064, sideGenesisHash: a3c455a90843db2acd22554f2768a8d4233fafbf8dd549e6b261c2786993be56 sideBlockHash: 06cbf4a1bdc43c5df6ef818b490f816adf099bae0d0815b9b14352e46e70cd5c
2019/04/23 17:53:37.004191 [1;33m[WRN][m GID 1064, [sideChainPowTransfer] create transaction failed: [Wallet], Available token is not enough
2019/04/23 17:53:43.247722 [1;35m[INF][m GID 70, [arbitrator] Main chain height:  339
2019/04/23 17:53:43.257261 [1;35m[INF][m GID 70, [OnDutyArbitratorChanged] I became not on duty of main
2019/04/23 17:53:48.601907 [1;35m[INF][m GID 41, currentHeight: 180  chainHeight: 181
2019/04/23 17:53:48.602976 [1;32m[DBG][m GID 41, github.com/elastos/Elastos.ELA.Arbiter/rpc.GetWithdrawTransactionByHeight jsonrpc.go:178 [GetWithdrawTransactionByHeight] len transactions: 0 transactions: []
2019/04/23 17:53:48.606942 [1;35m[INF][m GID 41,  [SyncSideChain] Side chain [ XKUh4GLhFJiqAMTF6HyWQrV9pK9HcGUdfJ ] height:  181
2019/04/23 17:54:00.574368 [1;35m[INF][m GID 70, [arbitrator] Main chain height:  340
2019/04/23 17:54:05.620778 [1;35m[INF][m GID 70, [arbitrator] Main chain height:  341
2019/04/23 17:54:05.829059 [1;35m[INF][m GID 41, currentHeight: 181  chainHeight: 182
2019/04/23 17:54:05.829478 [1;32m[DBG][m GID 41, github.com/elastos/Elastos.ELA.Arbiter/rpc.GetWithdrawTransactionByHeight jsonrpc.go:178 [GetWithdrawTransactionByHeight] len transactions: 0 transactions: []
2019/04/23 17:54:05.832084 [1;35m[INF][m GID 41,  [SyncSideChain] Side chain [ XKUh4GLhFJiqAMTF6HyWQrV9pK9HcGUdfJ ] height:  182
2019/04/23 17:54:12.658681 [1;35m[INF][m GID 70, [arbitrator] Main chain height:  342
2019/04/23 17:54:12.663123 [1;35m[INF][m GID 70, [OnDutyArbitratorChanged] I am on duty of main
2019/04/23 17:54:12.663200 [1;35m[INF][m GID 70, [SyncMainChainCachedTxs] start
2019/04/23 17:54:12.663360 [1;35m[INF][m GID 70, [SyncMainChainCachedTxs] end
2019/04/23 17:54:12.663549 [1;33m[WRN][m GID 70, [SyncMainChainCachedTxs] No main chain tx in dbcache
2019/04/23 17:54:12.663692 [1;35m[INF][m GID 1217, [OnDutyChanged] Start side chain mining: genesis address [ XKUh4GLhFJiqAMTF6HyWQrV9pK9HcGUdfJ ]
2019/04/23 17:54:12.663755 [1;35m[INF][m GID 1217, [sideChainPowTransfer] start
2019/04/23 17:54:12.663888 [1;35m[INF][m GID 1216, [SendCachedWithdrawTxs] start
2019/04/23 17:54:12.663998 [1;35m[INF][m GID 1216, No cached withdraw transaction need to send
2019/04/23 17:54:12.664017 [1;35m[INF][m GID 1216, [SendCachedWithdrawTxs] end
2019/04/23 17:54:12.664187 [1;35m[INF][m GID 1217, sideGenesisHash: a3c455a90843db2acd22554f2768a8d4233fafbf8dd549e6b261c2786993be56 sideBlockHash: ad691280f36f16ecd0c28528aa7e5b909be5c1d91e07060a2cd88ed8f78aaab5
2019/04/23 17:54:12.664659 [1;33m[WRN][m GID 1217, [sideChainPowTransfer] create transaction failed: [Wallet], Available token is not enough
2019/04/23 17:54:16.891273 [1;35m[INF][m GID 70, [arbitrator] Main chain height:  343
2019/04/23 17:54:16.893952 [1;35m[INF][m GID 70, [OnDutyArbitratorChanged] I became not on duty of main
2019/04/23 17:54:23.301223 [1;35m[INF][m GID 72, Check and remove cross chain transactions from dbcache finished
2019/04/23 17:54:23.434706 [1;35m[INF][m GID 73, Warning side chain mining account:  EVQRDhuehyAs2P4bJZrx1JcmBPkkXbHJEw: 0 
2019/04/23 17:54:24.964073 [1;35m[INF][m GID 41, currentHeight: 182  chainHeight: 183
2019/04/23 17:54:24.964412 [1;32m[DBG][m GID 41, github.com/elastos/Elastos.ELA.Arbiter/rpc.GetWithdrawTransactionByHeight jsonrpc.go:178 [GetWithdrawTransactionByHeight] len transactions: 0 transactions: []
2019/04/23 17:54:24.968456 [1;35m[INF][m GID 41,  [SyncSideChain] Side chain [ XKUh4GLhFJiqAMTF6HyWQrV9pK9HcGUdfJ ] height:  183
2019/04/23 17:54:29.004993 [1;35m[INF][m GID 41, currentHeight: 183  chainHeight: 184
2019/04/23 17:54:29.005299 [1;32m[DBG][m GID 41, github.com/elastos/Elastos.ELA.Arbiter/rpc.GetWithdrawTransactionByHeight jsonrpc.go:178 [GetWithdrawTransactionByHeight] len transactions: 0 transactions: []
2019/04/23 17:54:29.008826 [1;35m[INF][m GID 41,  [SyncSideChain] Side chain [ XKUh4GLhFJiqAMTF6HyWQrV9pK9HcGUdfJ ] height:  184
2019/04/23 17:54:33.292105 [1;35m[INF][m GID 70, [arbitrator] Main chain height:  344
2019/04/23 17:54:35.079104 [1;35m[INF][m GID 41, currentHeight: 184  chainHeight: 185
2019/04/23 17:54:35.093354 [1;32m[DBG][m GID 41, github.com/elastos/Elastos.ELA.Arbiter/rpc.GetWithdrawTransactionByHeight jsonrpc.go:178 [GetWithdrawTransactionByHeight] len transactions: 0 transactions: []
2019/04/23 17:54:35.115711 [1;35m[INF][m GID 41,  [SyncSideChain] Side chain [ XKUh4GLhFJiqAMTF6HyWQrV9pK9HcGUdfJ ] height:  185
2019/04/23 17:54:41.601647 [1;35m[INF][m GID 70, [arbitrator] Main chain height:  345
2019/04/23 17:54:47.864162 [1;35m[INF][m GID 70, [arbitrator] Main chain height:  346
2019/04/23 17:54:47.868644 [1;35m[INF][m GID 70, [OnDutyArbitratorChanged] I am on duty of main
2019/04/23 17:54:47.868678 [1;35m[INF][m GID 70, [SyncMainChainCachedTxs] start
2019/04/23 17:54:47.868766 [1;35m[INF][m GID 70, [SyncMainChainCachedTxs] end
2019/04/23 17:54:47.868790 [1;33m[WRN][m GID 70, [SyncMainChainCachedTxs] No main chain tx in dbcache
2019/04/23 17:54:47.868806 [1;35m[INF][m GID 1358, [OnDutyChanged] Start side chain mining: genesis address [ XKUh4GLhFJiqAMTF6HyWQrV9pK9HcGUdfJ ]
2019/04/23 17:54:47.868841 [1;35m[INF][m GID 1358, [sideChainPowTransfer] start
2019/04/23 17:54:47.868914 [1;35m[INF][m GID 1357, [SendCachedWithdrawTxs] start
2019/04/23 17:54:47.868981 [1;35m[INF][m GID 1357, No cached withdraw transaction need to send
2019/04/23 17:54:47.869012 [1;35m[INF][m GID 1357, [SendCachedWithdrawTxs] end
2019/04/23 17:54:47.869344 [1;35m[INF][m GID 1358, sideGenesisHash: a3c455a90843db2acd22554f2768a8d4233fafbf8dd549e6b261c2786993be56 sideBlockHash: bd9273e6b217a0b8819f9dd2d523fc66285c5b7788d0cae9b8c1c143ce7a4997
2019/04/23 17:54:47.871723 [1;33m[WRN][m GID 1358, [sideChainPowTransfer] create transaction failed: [Wallet], Available token is not enough
2019/04/23 17:55:00.209331 [1;35m[INF][m GID 70, [arbitrator] Main chain height:  347
2019/04/23 17:55:00.216952 [1;35m[INF][m GID 70, [OnDutyArbitratorChanged] I became not on duty of main
2019/04/23 17:55:06.586398 [1;35m[INF][m GID 41, currentHeight: 185  chainHeight: 186
2019/04/23 17:55:06.586749 [1;32m[DBG][m GID 41, github.com/elastos/Elastos.ELA.Arbiter/rpc.GetWithdrawTransactionByHeight jsonrpc.go:178 [GetWithdrawTransactionByHeight] len transactions: 0 transactions: []
2019/04/23 17:55:06.611832 [1;35m[INF][m GID 41,  [SyncSideChain] Side chain [ XKUh4GLhFJiqAMTF6HyWQrV9pK9HcGUdfJ ] height:  186
2019/04/23 17:55:19.856469 [1;35m[INF][m GID 41, currentHeight: 186  chainHeight: 187
2019/04/23 17:55:19.856756 [1;32m[DBG][m GID 41, github.com/elastos/Elastos.ELA.Arbiter/rpc.GetWithdrawTransactionByHeight jsonrpc.go:178 [GetWithdrawTransactionByHeight] len transactions: 0 transactions: []
2019/04/23 17:55:19.859768 [1;35m[INF][m GID 41,  [SyncSideChain] Side chain [ XKUh4GLhFJiqAMTF6HyWQrV9pK9HcGUdfJ ] height:  187
2019/04/23 17:55:23.301633 [1;35m[INF][m GID 72, Check and remove cross chain transactions from dbcache finished
2019/04/23 17:55:23.512711 [1;35m[INF][m GID 73, Warning side chain mining account:  EVQRDhuehyAs2P4bJZrx1JcmBPkkXbHJEw: 0 
2019/04/23 17:55:24.724742 [1;35m[INF][m GID 70, [arbitrator] Main chain height:  348
2019/04/23 17:55:30.931416 [1;35m[INF][m GID 70, [arbitrator] Main chain height:  349
2019/04/23 17:55:41.266912 [1;35m[INF][m GID 41, currentHeight: 187  chainHeight: 188
2019/04/23 17:55:41.267401 [1;32m[DBG][m GID 41, github.com/elastos/Elastos.ELA.Arbiter/rpc.GetWithdrawTransactionByHeight jsonrpc.go:178 [GetWithdrawTransactionByHeight] len transactions: 0 transactions: []
2019/04/23 17:55:41.270272 [1;35m[INF][m GID 41,  [SyncSideChain] Side chain [ XKUh4GLhFJiqAMTF6HyWQrV9pK9HcGUdfJ ] height:  188
2019/04/23 17:55:42.275187 [1;35m[INF][m GID 70, [arbitrator] Main chain height:  350
2019/04/23 17:55:42.281798 [1;35m[INF][m GID 70, [OnDutyArbitratorChanged] I am on duty of main
2019/04/23 17:55:42.281853 [1;35m[INF][m GID 70, [SyncMainChainCachedTxs] start
2019/04/23 17:55:42.281951 [1;35m[INF][m GID 70, [SyncMainChainCachedTxs] end
2019/04/23 17:55:42.281976 [1;33m[WRN][m GID 70, [SyncMainChainCachedTxs] No main chain tx in dbcache
2019/04/23 17:55:42.281996 [1;35m[INF][m GID 1603, [OnDutyChanged] Start side chain mining: genesis address [ XKUh4GLhFJiqAMTF6HyWQrV9pK9HcGUdfJ ]
2019/04/23 17:55:42.282018 [1;35m[INF][m GID 1603, [sideChainPowTransfer] start
2019/04/23 17:55:42.282088 [1;35m[INF][m GID 1602, [SendCachedWithdrawTxs] start
2019/04/23 17:55:42.282148 [1;35m[INF][m GID 1602, No cached withdraw transaction need to send
2019/04/23 17:55:42.282167 [1;35m[INF][m GID 1602, [SendCachedWithdrawTxs] end
2019/04/23 17:55:42.303762 [1;35m[INF][m GID 1603, sideGenesisHash: a3c455a90843db2acd22554f2768a8d4233fafbf8dd549e6b261c2786993be56 sideBlockHash: 8051d9be78fe640235f18c04dd7a47b21fc82ef926c50ebc5cbd37f66f6a8e7a
2019/04/23 17:55:42.325294 [1;33m[WRN][m GID 1603, [sideChainPowTransfer] create transaction failed: [Wallet], Available token is not enough
2019/04/23 17:55:53.350521 [1;35m[INF][m GID 41, currentHeight: 188  chainHeight: 189
2019/04/23 17:55:53.350822 [1;32m[DBG][m GID 41, github.com/elastos/Elastos.ELA.Arbiter/rpc.GetWithdrawTransactionByHeight jsonrpc.go:178 [GetWithdrawTransactionByHeight] len transactions: 0 transactions: []
2019/04/23 17:55:53.354825 [1;35m[INF][m GID 41,  [SyncSideChain] Side chain [ XKUh4GLhFJiqAMTF6HyWQrV9pK9HcGUdfJ ] height:  189
2019/04/23 17:55:53.354857 [1;35m[INF][m GID 41, [OnDutyChanged] Start side chain mining: genesis address [ XKUh4GLhFJiqAMTF6HyWQrV9pK9HcGUdfJ ]
2019/04/23 17:55:53.354890 [1;35m[INF][m GID 41, [sideChainPowTransfer] start
2019/04/23 17:55:53.357155 [1;35m[INF][m GID 41, sideGenesisHash: a3c455a90843db2acd22554f2768a8d4233fafbf8dd549e6b261c2786993be56 sideBlockHash: 661b0df7a36e083cd719a1bd248d40635fb7170877a5cb4c52a9924c4f11dbd4
2019/04/23 17:55:53.360658 [1;33m[WRN][m GID 41, [sideChainPowTransfer] create transaction failed: [Wallet], Available token is not enough
2019/04/23 17:55:53.360683 [1;35m[INF][m GID 41, [SyncSideChain] Start side chain mining, genesis address: [ XKUh4GLhFJiqAMTF6HyWQrV9pK9HcGUdfJ ]
2019/04/23 17:55:53.424702 [1;35m[INF][m GID 70, [arbitrator] Main chain height:  351
2019/04/23 17:55:53.468778 [1;35m[INF][m GID 70, [OnDutyArbitratorChanged] I became not on duty of main
2019/04/23 17:55:57.533539 [1;35m[INF][m GID 70, [arbitrator] Main chain height:  352
2019/04/23 17:56:01.631483 [1;35m[INF][m GID 70, [arbitrator] Main chain height:  353
2019/04/23 17:56:12.799645 [1;35m[INF][m GID 70, [arbitrator] Main chain height:  354
2019/04/23 17:56:12.803504 [1;35m[INF][m GID 70, [OnDutyArbitratorChanged] I am on duty of main
2019/04/23 17:56:12.803563 [1;35m[INF][m GID 70, [SyncMainChainCachedTxs] start
2019/04/23 17:56:12.803698 [1;35m[INF][m GID 70, [SyncMainChainCachedTxs] end
2019/04/23 17:56:12.803767 [1;33m[WRN][m GID 70, [SyncMainChainCachedTxs] No main chain tx in dbcache
2019/04/23 17:56:12.803828 [1;35m[INF][m GID 1737, [OnDutyChanged] Start side chain mining: genesis address [ XKUh4GLhFJiqAMTF6HyWQrV9pK9HcGUdfJ ]
2019/04/23 17:56:12.803859 [1;35m[INF][m GID 1736, [SendCachedWithdrawTxs] start
2019/04/23 17:56:12.803900 [1;35m[INF][m GID 1737, [sideChainPowTransfer] start
2019/04/23 17:56:12.803963 [1;35m[INF][m GID 1736, No cached withdraw transaction need to send
2019/04/23 17:56:12.803989 [1;35m[INF][m GID 1736, [SendCachedWithdrawTxs] end
2019/04/23 17:56:12.804522 [1;35m[INF][m GID 1737, sideGenesisHash: a3c455a90843db2acd22554f2768a8d4233fafbf8dd549e6b261c2786993be56 sideBlockHash: e6dd89c5fd5fac34cbc73ff80841377feaed4730ed76ff25b8be145c17eb0ca3
2019/04/23 17:56:12.805041 [1;33m[WRN][m GID 1737, [sideChainPowTransfer] create transaction failed: [Wallet], Available token is not enough
2019/04/23 17:56:14.611195 [1;35m[INF][m GID 41, currentHeight: 189  chainHeight: 190
2019/04/23 17:56:14.611755 [1;32m[DBG][m GID 41, github.com/elastos/Elastos.ELA.Arbiter/rpc.GetWithdrawTransactionByHeight jsonrpc.go:178 [GetWithdrawTransactionByHeight] len transactions: 0 transactions: []
2019/04/23 17:56:14.615536 [1;35m[INF][m GID 41,  [SyncSideChain] Side chain [ XKUh4GLhFJiqAMTF6HyWQrV9pK9HcGUdfJ ] height:  190
2019/04/23 17:56:14.615579 [1;35m[INF][m GID 41, [OnDutyChanged] Start side chain mining: genesis address [ XKUh4GLhFJiqAMTF6HyWQrV9pK9HcGUdfJ ]
2019/04/23 17:56:14.615624 [1;35m[INF][m GID 41, [sideChainPowTransfer] start
2019/04/23 17:56:14.616156 [1;35m[INF][m GID 41, sideGenesisHash: a3c455a90843db2acd22554f2768a8d4233fafbf8dd549e6b261c2786993be56 sideBlockHash: 4492085bb11ad45b88801cb05bcdb567b6ea6790a30ff53565bca1e77f607381
2019/04/23 17:56:14.685319 [1;33m[WRN][m GID 41, [sideChainPowTransfer] create transaction failed: [Wallet], Available token is not enough
2019/04/23 17:56:14.685373 [1;35m[INF][m GID 41, [SyncSideChain] Start side chain mining, genesis address: [ XKUh4GLhFJiqAMTF6HyWQrV9pK9HcGUdfJ ]
2019/04/23 17:56:19.692331 [1;35m[INF][m GID 41, currentHeight: 190  chainHeight: 191
2019/04/23 17:56:19.692646 [1;32m[DBG][m GID 41, github.com/elastos/Elastos.ELA.Arbiter/rpc.GetWithdrawTransactionByHeight jsonrpc.go:178 [GetWithdrawTransactionByHeight] len transactions: 0 transactions: []
2019/04/23 17:56:19.700402 [1;35m[INF][m GID 41,  [SyncSideChain] Side chain [ XKUh4GLhFJiqAMTF6HyWQrV9pK9HcGUdfJ ] height:  191
2019/04/23 17:56:19.700469 [1;35m[INF][m GID 41, [OnDutyChanged] Start side chain mining: genesis address [ XKUh4GLhFJiqAMTF6HyWQrV9pK9HcGUdfJ ]
2019/04/23 17:56:19.700491 [1;35m[INF][m GID 41, [sideChainPowTransfer] start
2019/04/23 17:56:19.703048 [1;35m[INF][m GID 41, sideGenesisHash: a3c455a90843db2acd22554f2768a8d4233fafbf8dd549e6b261c2786993be56 sideBlockHash: a7eeb6c8451597a620c8df353fcb385ca4f6472473b71039ea5bb8f03d19306f
2019/04/23 17:56:19.707368 [1;33m[WRN][m GID 41, [sideChainPowTransfer] create transaction failed: [Wallet], Available token is not enough
2019/04/23 17:56:19.707401 [1;35m[INF][m GID 41, [SyncSideChain] Start side chain mining, genesis address: [ XKUh4GLhFJiqAMTF6HyWQrV9pK9HcGUdfJ ]
2019/04/23 17:56:23.302761 [1;35m[INF][m GID 72, Check and remove cross chain transactions from dbcache finished
2019/04/23 17:56:23.531232 [1;35m[INF][m GID 73, Warning side chain mining account:  EVQRDhuehyAs2P4bJZrx1JcmBPkkXbHJEw: 0 
2019/04/23 17:56:28.230755 [1;35m[INF][m GID 70, [arbitrator] Main chain height:  355
2019/04/23 17:56:28.240971 [1;35m[INF][m GID 70, [OnDutyArbitratorChanged] I became not on duty of main
2019/04/23 17:56:38.385176 [1;35m[INF][m GID 70, [arbitrator] Main chain height:  356
2019/04/23 17:56:42.453644 [1;35m[INF][m GID 70, [arbitrator] Main chain height:  357
2019/04/23 17:56:43.930355 [1;35m[INF][m GID 41, currentHeight: 191  chainHeight: 192
2019/04/23 17:56:43.981372 [1;32m[DBG][m GID 41, github.com/elastos/Elastos.ELA.Arbiter/rpc.GetWithdrawTransactionByHeight jsonrpc.go:178 [GetWithdrawTransactionByHeight] len transactions: 0 transactions: []
2019/04/23 17:56:43.984268 [1;35m[INF][m GID 41,  [SyncSideChain] Side chain [ XKUh4GLhFJiqAMTF6HyWQrV9pK9HcGUdfJ ] height:  192
2019/04/23 17:56:48.004463 [1;35m[INF][m GID 41, currentHeight: 192  chainHeight: 193
2019/04/23 17:56:48.004770 [1;32m[DBG][m GID 41, github.com/elastos/Elastos.ELA.Arbiter/rpc.GetWithdrawTransactionByHeight jsonrpc.go:178 [GetWithdrawTransactionByHeight] len transactions: 0 transactions: []
2019/04/23 17:56:48.008456 [1;35m[INF][m GID 41,  [SyncSideChain] Side chain [ XKUh4GLhFJiqAMTF6HyWQrV9pK9HcGUdfJ ] height:  193
2019/04/23 17:56:50.617007 [1;35m[INF][m GID 70, [arbitrator] Main chain height:  358
2019/04/23 17:56:50.623992 [1;35m[INF][m GID 70, [OnDutyArbitratorChanged] I am on duty of main
2019/04/23 17:56:50.624026 [1;35m[INF][m GID 70, [SyncMainChainCachedTxs] start
2019/04/23 17:56:50.624117 [1;35m[INF][m GID 70, [SyncMainChainCachedTxs] end
2019/04/23 17:56:50.624141 [1;33m[WRN][m GID 70, [SyncMainChainCachedTxs] No main chain tx in dbcache
2019/04/23 17:56:50.624160 [1;35m[INF][m GID 1887, [OnDutyChanged] Start side chain mining: genesis address [ XKUh4GLhFJiqAMTF6HyWQrV9pK9HcGUdfJ ]
2019/04/23 17:56:50.624182 [1;35m[INF][m GID 1887, [sideChainPowTransfer] start
2019/04/23 17:56:50.624253 [1;35m[INF][m GID 1886, [SendCachedWithdrawTxs] start
2019/04/23 17:56:50.624313 [1;35m[INF][m GID 1886, No cached withdraw transaction need to send
2019/04/23 17:56:50.624332 [1;35m[INF][m GID 1886, [SendCachedWithdrawTxs] end
2019/04/23 17:56:50.624684 [1;35m[INF][m GID 1887, sideGenesisHash: a3c455a90843db2acd22554f2768a8d4233fafbf8dd549e6b261c2786993be56 sideBlockHash: 65973a02137df5319990a337d48148f583282eaebd96a69e2f7c5f909083f84e
2019/04/23 17:56:50.625545 [1;33m[WRN][m GID 1887, [sideChainPowTransfer] create transaction failed: [Wallet], Available token is not enough
2019/04/23 17:56:58.732558 [1;35m[INF][m GID 70, [arbitrator] Main chain height:  359
2019/04/23 17:56:58.739671 [1;35m[INF][m GID 70, [OnDutyArbitratorChanged] I became not on duty of main
2019/04/23 17:57:01.782992 [1;35m[INF][m GID 70, [arbitrator] Main chain height:  360
2019/04/23 17:57:02.141714 [1;35m[INF][m GID 41, currentHeight: 193  chainHeight: 194
2019/04/23 17:57:02.142122 [1;32m[DBG][m GID 41, github.com/elastos/Elastos.ELA.Arbiter/rpc.GetWithdrawTransactionByHeight jsonrpc.go:178 [GetWithdrawTransactionByHeight] len transactions: 0 transactions: []
2019/04/23 17:57:02.145092 [1;35m[INF][m GID 41,  [SyncSideChain] Side chain [ XKUh4GLhFJiqAMTF6HyWQrV9pK9HcGUdfJ ] height:  194
2019/04/23 17:57:12.262636 [1;35m[INF][m GID 41, currentHeight: 194  chainHeight: 195
2019/04/23 17:57:12.262962 [1;32m[DBG][m GID 41, github.com/elastos/Elastos.ELA.Arbiter/rpc.GetWithdrawTransactionByHeight jsonrpc.go:178 [GetWithdrawTransactionByHeight] len transactions: 0 transactions: []
2019/04/23 17:57:12.270757 [1;35m[INF][m GID 41,  [SyncSideChain] Side chain [ XKUh4GLhFJiqAMTF6HyWQrV9pK9HcGUdfJ ] height:  195
2019/04/23 17:57:23.303382 [1;35m[INF][m GID 72, Check and remove cross chain transactions from dbcache finished
2019/04/23 17:57:23.547762 [1;35m[INF][m GID 73, Warning side chain mining account:  EVQRDhuehyAs2P4bJZrx1JcmBPkkXbHJEw: 0 
2019/04/23 17:57:26.609835 [1;35m[INF][m GID 70, [arbitrator] Main chain height:  361
2019/04/23 17:57:37.761213 [1;35m[INF][m GID 70, [arbitrator] Main chain height:  362
2019/04/23 17:57:37.765155 [1;35m[INF][m GID 70, [OnDutyArbitratorChanged] I am on duty of main
2019/04/23 17:57:37.765199 [1;35m[INF][m GID 70, [SyncMainChainCachedTxs] start
2019/04/23 17:57:37.765294 [1;35m[INF][m GID 70, [SyncMainChainCachedTxs] end
2019/04/23 17:57:37.765318 [1;33m[WRN][m GID 70, [SyncMainChainCachedTxs] No main chain tx in dbcache
2019/04/23 17:57:37.765335 [1;35m[INF][m GID 2091, [OnDutyChanged] Start side chain mining: genesis address [ XKUh4GLhFJiqAMTF6HyWQrV9pK9HcGUdfJ ]
2019/04/23 17:57:37.765370 [1;35m[INF][m GID 2091, [sideChainPowTransfer] start
2019/04/23 17:57:37.765446 [1;35m[INF][m GID 2090, [SendCachedWithdrawTxs] start
2019/04/23 17:57:37.765527 [1;35m[INF][m GID 2090, No cached withdraw transaction need to send
2019/04/23 17:57:37.765546 [1;35m[INF][m GID 2090, [SendCachedWithdrawTxs] end
2019/04/23 17:57:37.783409 [1;35m[INF][m GID 2091, sideGenesisHash: a3c455a90843db2acd22554f2768a8d4233fafbf8dd549e6b261c2786993be56 sideBlockHash: 594855b877c75249341b0f6f4e9c05cdac4cc06ef49f90824c3d7b07560791b9
2019/04/23 17:57:37.783930 [1;33m[WRN][m GID 2091, [sideChainPowTransfer] create transaction failed: [Wallet], Available token is not enough
2019/04/23 17:57:41.665469 [1;35m[INF][m GID 41, currentHeight: 195  chainHeight: 196
2019/04/23 17:57:41.665904 [1;32m[DBG][m GID 41, github.com/elastos/Elastos.ELA.Arbiter/rpc.GetWithdrawTransactionByHeight jsonrpc.go:178 [GetWithdrawTransactionByHeight] len transactions: 0 transactions: []
2019/04/23 17:57:41.670086 [1;35m[INF][m GID 41,  [SyncSideChain] Side chain [ XKUh4GLhFJiqAMTF6HyWQrV9pK9HcGUdfJ ] height:  196
2019/04/23 17:57:41.670118 [1;35m[INF][m GID 41, [OnDutyChanged] Start side chain mining: genesis address [ XKUh4GLhFJiqAMTF6HyWQrV9pK9HcGUdfJ ]
2019/04/23 17:57:41.670167 [1;35m[INF][m GID 41, [sideChainPowTransfer] start
2019/04/23 17:57:41.672205 [1;35m[INF][m GID 41, sideGenesisHash: a3c455a90843db2acd22554f2768a8d4233fafbf8dd549e6b261c2786993be56 sideBlockHash: e45ca1144505abab7b8876551b4851aa3ee28bdc76c20782cfaa17079d69520d
2019/04/23 17:57:41.672764 [1;33m[WRN][m GID 41, [sideChainPowTransfer] create transaction failed: [Wallet], Available token is not enough
2019/04/23 17:57:41.672786 [1;35m[INF][m GID 41, [SyncSideChain] Start side chain mining, genesis address: [ XKUh4GLhFJiqAMTF6HyWQrV9pK9HcGUdfJ ]
2019/04/23 17:57:41.912761 [1;35m[INF][m GID 70, [arbitrator] Main chain height:  363
2019/04/23 17:57:41.926662 [1;35m[INF][m GID 70, [OnDutyArbitratorChanged] I became not on duty of main
2019/04/23 17:57:45.985477 [1;35m[INF][m GID 70, [arbitrator] Main chain height:  364
2019/04/23 17:57:53.156972 [1;35m[INF][m GID 70, [arbitrator] Main chain height:  365
2019/04/23 17:57:57.227472 [1;35m[INF][m GID 70, [arbitrator] Main chain height:  366
2019/04/23 17:57:57.230873 [1;35m[INF][m GID 70, [OnDutyArbitratorChanged] I am on duty of main
2019/04/23 17:57:57.230905 [1;35m[INF][m GID 70, [SyncMainChainCachedTxs] start
2019/04/23 17:57:57.231004 [1;35m[INF][m GID 70, [SyncMainChainCachedTxs] end
2019/04/23 17:57:57.231041 [1;33m[WRN][m GID 70, [SyncMainChainCachedTxs] No main chain tx in dbcache
2019/04/23 17:57:57.231061 [1;35m[INF][m GID 2204, [OnDutyChanged] Start side chain mining: genesis address [ XKUh4GLhFJiqAMTF6HyWQrV9pK9HcGUdfJ ]
2019/04/23 17:57:57.231083 [1;35m[INF][m GID 2204, [sideChainPowTransfer] start
2019/04/23 17:57:57.231155 [1;35m[INF][m GID 2203, [SendCachedWithdrawTxs] start
2019/04/23 17:57:57.231230 [1;35m[INF][m GID 2203, No cached withdraw transaction need to send
2019/04/23 17:57:57.231260 [1;35m[INF][m GID 2203, [SendCachedWithdrawTxs] end
2019/04/23 17:57:57.239599 [1;35m[INF][m GID 2204, sideGenesisHash: a3c455a90843db2acd22554f2768a8d4233fafbf8dd549e6b261c2786993be56 sideBlockHash: 789c766a502ecb87368c74e327a533efe63dc4e93580426fec606c17cd7fd20d
2019/04/23 17:57:57.240262 [1;33m[WRN][m GID 2204, [sideChainPowTransfer] create transaction failed: [Wallet], Available token is not enough
2019/04/23 17:58:01.297990 [1;35m[INF][m GID 70, [arbitrator] Main chain height:  367
2019/04/23 17:58:01.315413 [1;35m[INF][m GID 70, [OnDutyArbitratorChanged] I became not on duty of main
2019/04/23 17:58:07.552489 [1;35m[INF][m GID 70, [arbitrator] Main chain height:  368
2019/04/23 17:58:13.023681 [1;35m[INF][m GID 41, currentHeight: 196  chainHeight: 197
2019/04/23 17:58:13.024009 [1;32m[DBG][m GID 41, github.com/elastos/Elastos.ELA.Arbiter/rpc.GetWithdrawTransactionByHeight jsonrpc.go:178 [GetWithdrawTransactionByHeight] len transactions: 0 transactions: []
2019/04/23 17:58:13.026382 [1;35m[INF][m GID 41,  [SyncSideChain] Side chain [ XKUh4GLhFJiqAMTF6HyWQrV9pK9HcGUdfJ ] height:  197
2019/04/23 17:58:22.806601 [1;35m[INF][m GID 70, [arbitrator] Main chain height:  369
2019/04/23 17:58:23.304058 [1;35m[INF][m GID 72, Check and remove cross chain transactions from dbcache finished
2019/04/23 17:58:23.612884 [1;35m[INF][m GID 73, Warning side chain mining account:  EVQRDhuehyAs2P4bJZrx1JcmBPkkXbHJEw: 0 
2019/04/23 17:58:25.151811 [1;35m[INF][m GID 41, currentHeight: 197  chainHeight: 198
2019/04/23 17:58:25.152191 [1;32m[DBG][m GID 41, github.com/elastos/Elastos.ELA.Arbiter/rpc.GetWithdrawTransactionByHeight jsonrpc.go:178 [GetWithdrawTransactionByHeight] len transactions: 0 transactions: []
2019/04/23 17:58:25.155990 [1;35m[INF][m GID 41,  [SyncSideChain] Side chain [ XKUh4GLhFJiqAMTF6HyWQrV9pK9HcGUdfJ ] height:  198
2019/04/23 17:58:26.157052 [1;35m[INF][m GID 41, currentHeight: 198  chainHeight: 199
2019/04/23 17:58:26.157371 [1;32m[DBG][m GID 41, github.com/elastos/Elastos.ELA.Arbiter/rpc.GetWithdrawTransactionByHeight jsonrpc.go:178 [GetWithdrawTransactionByHeight] len transactions: 0 transactions: []
2019/04/23 17:58:26.169365 [1;35m[INF][m GID 41,  [SyncSideChain] Side chain [ XKUh4GLhFJiqAMTF6HyWQrV9pK9HcGUdfJ ] height:  199
2019/04/23 17:58:26.834884 [1;35m[INF][m GID 70, [arbitrator] Main chain height:  370
2019/04/23 17:58:26.838636 [1;35m[INF][m GID 70, [OnDutyArbitratorChanged] I am on duty of main
2019/04/23 17:58:26.838680 [1;35m[INF][m GID 70, [SyncMainChainCachedTxs] start
2019/04/23 17:58:26.838762 [1;35m[INF][m GID 70, [SyncMainChainCachedTxs] end
2019/04/23 17:58:26.838787 [1;33m[WRN][m GID 70, [SyncMainChainCachedTxs] No main chain tx in dbcache
2019/04/23 17:58:26.838806 [1;35m[INF][m GID 2324, [OnDutyChanged] Start side chain mining: genesis address [ XKUh4GLhFJiqAMTF6HyWQrV9pK9HcGUdfJ ]
2019/04/23 17:58:26.838828 [1;35m[INF][m GID 2324, [sideChainPowTransfer] start
2019/04/23 17:58:26.838920 [1;35m[INF][m GID 2323, [SendCachedWithdrawTxs] start
2019/04/23 17:58:26.839005 [1;35m[INF][m GID 2323, No cached withdraw transaction need to send
2019/04/23 17:58:26.839025 [1;35m[INF][m GID 2323, [SendCachedWithdrawTxs] end
2019/04/23 17:58:26.839228 [1;35m[INF][m GID 2324, sideGenesisHash: a3c455a90843db2acd22554f2768a8d4233fafbf8dd549e6b261c2786993be56 sideBlockHash: 1d3177b98189dcfcb9256a25507f6dfa4b5304c08000083341fc535771351b71
2019/04/23 17:58:26.839682 [1;33m[WRN][m GID 2324, [sideChainPowTransfer] create transaction failed: [Wallet], Available token is not enough
2019/04/23 17:58:30.186925 [1;35m[INF][m GID 41, currentHeight: 199  chainHeight: 200
2019/04/23 17:58:30.204163 [1;32m[DBG][m GID 41, github.com/elastos/Elastos.ELA.Arbiter/rpc.GetWithdrawTransactionByHeight jsonrpc.go:178 [GetWithdrawTransactionByHeight] len transactions: 0 transactions: []
2019/04/23 17:58:30.238182 [1;35m[INF][m GID 41,  [SyncSideChain] Side chain [ XKUh4GLhFJiqAMTF6HyWQrV9pK9HcGUdfJ ] height:  200
2019/04/23 17:58:30.238221 [1;35m[INF][m GID 41, [OnDutyChanged] Start side chain mining: genesis address [ XKUh4GLhFJiqAMTF6HyWQrV9pK9HcGUdfJ ]
2019/04/23 17:58:30.238256 [1;35m[INF][m GID 41, [sideChainPowTransfer] start
2019/04/23 17:58:30.240935 [1;35m[INF][m GID 41, sideGenesisHash: a3c455a90843db2acd22554f2768a8d4233fafbf8dd549e6b261c2786993be56 sideBlockHash: 3630e7d45058c5fe780b0d5f71f05f4ec1725b93d24174dbb55d92aec05871f1
2019/04/23 17:58:30.241744 [1;33m[WRN][m GID 41, [sideChainPowTransfer] create transaction failed: [Wallet], Available token is not enough
2019/04/23 17:58:30.241778 [1;35m[INF][m GID 41, [SyncSideChain] Start side chain mining, genesis address: [ XKUh4GLhFJiqAMTF6HyWQrV9pK9HcGUdfJ ]
2019/04/23 17:58:32.249090 [1;35m[INF][m GID 41, currentHeight: 200  chainHeight: 201
2019/04/23 17:58:32.280116 [1;32m[DBG][m GID 41, github.com/elastos/Elastos.ELA.Arbiter/rpc.GetWithdrawTransactionByHeight jsonrpc.go:178 [GetWithdrawTransactionByHeight] len transactions: 0 transactions: []
2019/04/23 17:58:32.287740 [1;35m[INF][m GID 41,  [SyncSideChain] Side chain [ XKUh4GLhFJiqAMTF6HyWQrV9pK9HcGUdfJ ] height:  201
2019/04/23 17:58:32.287831 [1;35m[INF][m GID 41, [OnDutyChanged] Start side chain mining: genesis address [ XKUh4GLhFJiqAMTF6HyWQrV9pK9HcGUdfJ ]
2019/04/23 17:58:32.287869 [1;35m[INF][m GID 41, [sideChainPowTransfer] start
2019/04/23 17:58:32.291658 [1;35m[INF][m GID 41, sideGenesisHash: a3c455a90843db2acd22554f2768a8d4233fafbf8dd549e6b261c2786993be56 sideBlockHash: d1d64eb00afed0eaac0cd3fd8f62ce0bd3a253a202866f0f0a203568d44b1548
2019/04/23 17:58:32.293212 [1;33m[WRN][m GID 41, [sideChainPowTransfer] create transaction failed: [Wallet], Available token is not enough
2019/04/23 17:58:32.293238 [1;35m[INF][m GID 41, [SyncSideChain] Start side chain mining, genesis address: [ XKUh4GLhFJiqAMTF6HyWQrV9pK9HcGUdfJ ]
2019/04/23 17:58:34.890464 [1;35m[INF][m GID 70, [arbitrator] Main chain height:  371
2019/04/23 17:58:34.894528 [1;35m[INF][m GID 70, [OnDutyArbitratorChanged] I became not on duty of main
2019/04/23 17:58:49.065274 [1;35m[INF][m GID 70, [arbitrator] Main chain height:  372
2019/04/23 17:58:57.267170 [1;35m[INF][m GID 70, [arbitrator] Main chain height:  373
2019/04/23 17:59:00.345403 [1;35m[INF][m GID 70, [arbitrator] Main chain height:  374
2019/04/23 17:59:00.377392 [1;35m[INF][m GID 70, [OnDutyArbitratorChanged] I am on duty of main
2019/04/23 17:59:00.377429 [1;35m[INF][m GID 70, [SyncMainChainCachedTxs] start
2019/04/23 17:59:00.377531 [1;35m[INF][m GID 70, [SyncMainChainCachedTxs] end
2019/04/23 17:59:00.377568 [1;33m[WRN][m GID 70, [SyncMainChainCachedTxs] No main chain tx in dbcache
2019/04/23 17:59:00.377588 [1;35m[INF][m GID 2475, [OnDutyChanged] Start side chain mining: genesis address [ XKUh4GLhFJiqAMTF6HyWQrV9pK9HcGUdfJ ]
2019/04/23 17:59:00.377611 [1;35m[INF][m GID 2475, [sideChainPowTransfer] start
2019/04/23 17:59:00.377713 [1;35m[INF][m GID 2474, [SendCachedWithdrawTxs] start
2019/04/23 17:59:00.378044 [1;35m[INF][m GID 2474, No cached withdraw transaction need to send
2019/04/23 17:59:00.378064 [1;35m[INF][m GID 2474, [SendCachedWithdrawTxs] end
2019/04/23 17:59:00.378140 [1;35m[INF][m GID 2475, sideGenesisHash: a3c455a90843db2acd22554f2768a8d4233fafbf8dd549e6b261c2786993be56 sideBlockHash: 23d399e8ce11b0d68cac6f5f113a764458ab5b6b98c5e1af07bd5227b3cf9db8
2019/04/23 17:59:00.386788 [1;33m[WRN][m GID 2475, [sideChainPowTransfer] create transaction failed: [Wallet], Available token is not enough
2019/04/23 17:59:06.485911 [1;35m[INF][m GID 70, [arbitrator] Main chain height:  375
2019/04/23 17:59:06.493688 [1;35m[INF][m GID 70, [OnDutyArbitratorChanged] I became not on duty of main
2019/04/23 17:59:06.497740 [1;35m[INF][m GID 41, currentHeight: 201  chainHeight: 202
2019/04/23 17:59:06.497988 [1;32m[DBG][m GID 41, github.com/elastos/Elastos.ELA.Arbiter/rpc.GetWithdrawTransactionByHeight jsonrpc.go:178 [GetWithdrawTransactionByHeight] len transactions: 0 transactions: []
2019/04/23 17:59:06.508528 [1;35m[INF][m GID 41,  [SyncSideChain] Side chain [ XKUh4GLhFJiqAMTF6HyWQrV9pK9HcGUdfJ ] height:  202
2019/04/23 17:59:15.619684 [1;35m[INF][m GID 41, currentHeight: 202  chainHeight: 203
2019/04/23 17:59:15.630018 [1;32m[DBG][m GID 41, github.com/elastos/Elastos.ELA.Arbiter/rpc.GetWithdrawTransactionByHeight jsonrpc.go:178 [GetWithdrawTransactionByHeight] len transactions: 0 transactions: []
2019/04/23 17:59:15.679814 [1;35m[INF][m GID 41,  [SyncSideChain] Side chain [ XKUh4GLhFJiqAMTF6HyWQrV9pK9HcGUdfJ ] height:  203
2019/04/23 17:59:18.668084 [1;35m[INF][m GID 70, [arbitrator] Main chain height:  376
2019/04/23 17:59:21.682192 [1;35m[INF][m GID 70, [arbitrator] Main chain height:  377
2019/04/23 17:59:23.304527 [1;35m[INF][m GID 72, Check and remove cross chain transactions from dbcache finished
2019/04/23 17:59:23.614528 [1;35m[INF][m GID 73, Warning side chain mining account:  EVQRDhuehyAs2P4bJZrx1JcmBPkkXbHJEw: 0 
2019/04/23 17:59:27.770777 [1;35m[INF][m GID 70, [arbitrator] Main chain height:  378
2019/04/23 17:59:27.773925 [1;35m[INF][m GID 70, [OnDutyArbitratorChanged] I am on duty of main
2019/04/23 17:59:27.773960 [1;35m[INF][m GID 70, [SyncMainChainCachedTxs] start
2019/04/23 17:59:27.774035 [1;35m[INF][m GID 70, [SyncMainChainCachedTxs] end
2019/04/23 17:59:27.774098 [1;33m[WRN][m GID 70, [SyncMainChainCachedTxs] No main chain tx in dbcache
2019/04/23 17:59:27.774139 [1;35m[INF][m GID 2599, [OnDutyChanged] Start side chain mining: genesis address [ XKUh4GLhFJiqAMTF6HyWQrV9pK9HcGUdfJ ]
2019/04/23 17:59:27.774154 [1;35m[INF][m GID 2598, [SendCachedWithdrawTxs] start
2019/04/23 17:59:27.774200 [1;35m[INF][m GID 2599, [sideChainPowTransfer] start
2019/04/23 17:59:27.774250 [1;35m[INF][m GID 2598, No cached withdraw transaction need to send
2019/04/23 17:59:27.774270 [1;35m[INF][m GID 2598, [SendCachedWithdrawTxs] end
2019/04/23 17:59:27.811809 [1;35m[INF][m GID 2599, sideGenesisHash: a3c455a90843db2acd22554f2768a8d4233fafbf8dd549e6b261c2786993be56 sideBlockHash: 101f45a089848301300aaf95da1500330fd0fd6db3a02892fec3fa8fa39cc90b
2019/04/23 17:59:27.824863 [1;33m[WRN][m GID 2599, [sideChainPowTransfer] create transaction failed: [Wallet], Available token is not enough
2019/04/23 17:59:30.950337 [1;35m[INF][m GID 70, [arbitrator] Main chain height:  379
2019/04/23 17:59:30.956808 [1;35m[INF][m GID 70, [OnDutyArbitratorChanged] I became not on duty of main
2019/04/23 17:59:40.873951 [1;35m[INF][m GID 41, currentHeight: 203  chainHeight: 204
2019/04/23 17:59:40.874244 [1;32m[DBG][m GID 41, github.com/elastos/Elastos.ELA.Arbiter/rpc.GetWithdrawTransactionByHeight jsonrpc.go:178 [GetWithdrawTransactionByHeight] len transactions: 0 transactions: []
2019/04/23 17:59:40.876926 [1;35m[INF][m GID 41,  [SyncSideChain] Side chain [ XKUh4GLhFJiqAMTF6HyWQrV9pK9HcGUdfJ ] height:  204
2019/04/23 17:59:41.030879 [1;35m[INF][m GID 70, [arbitrator] Main chain height:  380
2019/04/23 17:59:47.226562 [1;35m[INF][m GID 70, [arbitrator] Main chain height:  381
2019/04/23 17:59:59.448701 [1;35m[INF][m GID 70, [arbitrator] Main chain height:  382
2019/04/23 17:59:59.451947 [1;35m[INF][m GID 70, [OnDutyArbitratorChanged] I am on duty of main
2019/04/23 17:59:59.452015 [1;35m[INF][m GID 70, [SyncMainChainCachedTxs] start
2019/04/23 17:59:59.452096 [1;35m[INF][m GID 70, [SyncMainChainCachedTxs] end
2019/04/23 17:59:59.452143 [1;33m[WRN][m GID 70, [SyncMainChainCachedTxs] No main chain tx in dbcache
2019/04/23 17:59:59.452247 [1;35m[INF][m GID 2720, [OnDutyChanged] Start side chain mining: genesis address [ XKUh4GLhFJiqAMTF6HyWQrV9pK9HcGUdfJ ]
2019/04/23 17:59:59.452338 [1;35m[INF][m GID 2720, [sideChainPowTransfer] start
2019/04/23 17:59:59.452270 [1;35m[INF][m GID 2719, [SendCachedWithdrawTxs] start
2019/04/23 17:59:59.452629 [1;35m[INF][m GID 2719, No cached withdraw transaction need to send
2019/04/23 17:59:59.452649 [1;35m[INF][m GID 2719, [SendCachedWithdrawTxs] end
2019/04/23 17:59:59.452850 [1;35m[INF][m GID 2720, sideGenesisHash: a3c455a90843db2acd22554f2768a8d4233fafbf8dd549e6b261c2786993be56 sideBlockHash: 8c98f4541ec946cd18c776b9187a37325f888470dc0f08fcccc3f527446f4b88
2019/04/23 17:59:59.453341 [1;33m[WRN][m GID 2720, [sideChainPowTransfer] create transaction failed: [Wallet], Available token is not enough
2019/04/23 18:00:09.569999 [1;35m[INF][m GID 70, [arbitrator] Main chain height:  383
2019/04/23 18:00:09.573146 [1;35m[INF][m GID 70, [OnDutyArbitratorChanged] I became not on duty of main
2019/04/23 18:00:12.084172 [1;35m[INF][m GID 41, currentHeight: 204  chainHeight: 205
2019/04/23 18:00:12.116532 [1;32m[DBG][m GID 41, github.com/elastos/Elastos.ELA.Arbiter/rpc.GetWithdrawTransactionByHeight jsonrpc.go:178 [GetWithdrawTransactionByHeight] len transactions: 0 transactions: []
2019/04/23 18:00:12.120633 [1;35m[INF][m GID 41,  [SyncSideChain] Side chain [ XKUh4GLhFJiqAMTF6HyWQrV9pK9HcGUdfJ ] height:  205
2019/04/23 18:00:19.763689 [1;35m[INF][m GID 70, [arbitrator] Main chain height:  384
2019/04/23 18:00:23.304961 [1;35m[INF][m GID 72, Check and remove cross chain transactions from dbcache finished
2019/04/23 18:00:23.648132 [1;35m[INF][m GID 73, Warning side chain mining account:  EVQRDhuehyAs2P4bJZrx1JcmBPkkXbHJEw: 0 
2019/04/23 18:00:27.261800 [1;35m[INF][m GID 41, currentHeight: 205  chainHeight: 206
2019/04/23 18:00:27.287618 [1;32m[DBG][m GID 41, github.com/elastos/Elastos.ELA.Arbiter/rpc.GetWithdrawTransactionByHeight jsonrpc.go:178 [GetWithdrawTransactionByHeight] len transactions: 0 transactions: []
2019/04/23 18:00:27.297338 [1;35m[INF][m GID 41,  [SyncSideChain] Side chain [ XKUh4GLhFJiqAMTF6HyWQrV9pK9HcGUdfJ ] height:  206
2019/04/23 18:00:30.194300 [1;35m[INF][m GID 70, [arbitrator] Main chain height:  385
2019/04/23 18:00:40.416395 [1;35m[INF][m GID 41, currentHeight: 206  chainHeight: 207
2019/04/23 18:00:40.416796 [1;32m[DBG][m GID 41, github.com/elastos/Elastos.ELA.Arbiter/rpc.GetWithdrawTransactionByHeight jsonrpc.go:178 [GetWithdrawTransactionByHeight] len transactions: 0 transactions: []
2019/04/23 18:00:40.472619 [1;35m[INF][m GID 41,  [SyncSideChain] Side chain [ XKUh4GLhFJiqAMTF6HyWQrV9pK9HcGUdfJ ] height:  207
2019/04/23 18:00:48.509398 [1;35m[INF][m GID 70, [arbitrator] Main chain height:  386
2019/04/23 18:00:48.513268 [1;35m[INF][m GID 41, currentHeight: 207  chainHeight: 208
2019/04/23 18:00:48.513507 [1;32m[DBG][m GID 41, github.com/elastos/Elastos.ELA.Arbiter/rpc.GetWithdrawTransactionByHeight jsonrpc.go:178 [GetWithdrawTransactionByHeight] len transactions: 0 transactions: []
2019/04/23 18:00:48.528386 [1;35m[INF][m GID 41,  [SyncSideChain] Side chain [ XKUh4GLhFJiqAMTF6HyWQrV9pK9HcGUdfJ ] height:  208
2019/04/23 18:00:48.537674 [1;35m[INF][m GID 70, [OnDutyArbitratorChanged] I am on duty of main
2019/04/23 18:00:48.537718 [1;35m[INF][m GID 70, [SyncMainChainCachedTxs] start
2019/04/23 18:00:48.537855 [1;35m[INF][m GID 70, [SyncMainChainCachedTxs] end
2019/04/23 18:00:48.537880 [1;33m[WRN][m GID 70, [SyncMainChainCachedTxs] No main chain tx in dbcache
2019/04/23 18:00:48.537901 [1;35m[INF][m GID 2943, [OnDutyChanged] Start side chain mining: genesis address [ XKUh4GLhFJiqAMTF6HyWQrV9pK9HcGUdfJ ]
2019/04/23 18:00:48.537920 [1;35m[INF][m GID 2943, [sideChainPowTransfer] start
2019/04/23 18:00:48.538019 [1;35m[INF][m GID 2942, [SendCachedWithdrawTxs] start
2019/04/23 18:00:48.538096 [1;35m[INF][m GID 2942, No cached withdraw transaction need to send
2019/04/23 18:00:48.538115 [1;35m[INF][m GID 2942, [SendCachedWithdrawTxs] end
2019/04/23 18:00:48.538396 [1;35m[INF][m GID 2943, sideGenesisHash: a3c455a90843db2acd22554f2768a8d4233fafbf8dd549e6b261c2786993be56 sideBlockHash: 6470d7f5db18d515f5ba730764a0c5e16880753c9717c91c8bc9da6692b5c848
2019/04/23 18:00:48.553007 [1;33m[WRN][m GID 2943, [sideChainPowTransfer] create transaction failed: [Wallet], Available token is not enough
2019/04/23 18:00:50.548007 [1;35m[INF][m GID 41, currentHeight: 208  chainHeight: 209
2019/04/23 18:00:50.548409 [1;32m[DBG][m GID 41, github.com/elastos/Elastos.ELA.Arbiter/rpc.GetWithdrawTransactionByHeight jsonrpc.go:178 [GetWithdrawTransactionByHeight] len transactions: 0 transactions: []
2019/04/23 18:00:50.552014 [1;35m[INF][m GID 41,  [SyncSideChain] Side chain [ XKUh4GLhFJiqAMTF6HyWQrV9pK9HcGUdfJ ] height:  209
2019/04/23 18:00:50.552065 [1;35m[INF][m GID 41, [OnDutyChanged] Start side chain mining: genesis address [ XKUh4GLhFJiqAMTF6HyWQrV9pK9HcGUdfJ ]
2019/04/23 18:00:50.552112 [1;35m[INF][m GID 41, [sideChainPowTransfer] start
2019/04/23 18:00:50.552573 [1;35m[INF][m GID 41, sideGenesisHash: a3c455a90843db2acd22554f2768a8d4233fafbf8dd549e6b261c2786993be56 sideBlockHash: ceeeca515c6e6e00b4fae134999d2683c2be4d5f4c68ddcfb695cc771e018dac
2019/04/23 18:00:50.556540 [1;33m[WRN][m GID 41, [sideChainPowTransfer] create transaction failed: [Wallet], Available token is not enough
2019/04/23 18:00:50.556598 [1;35m[INF][m GID 41, [SyncSideChain] Start side chain mining, genesis address: [ XKUh4GLhFJiqAMTF6HyWQrV9pK9HcGUdfJ ]
2019/04/23 18:00:53.725195 [1;35m[INF][m GID 70, [arbitrator] Main chain height:  387
2019/04/23 18:00:53.781367 [1;35m[INF][m GID 70, [OnDutyArbitratorChanged] I became not on duty of main
2019/04/23 18:00:59.145442 [1;35m[INF][m GID 70, [arbitrator] Main chain height:  388
2019/04/23 18:01:06.272787 [1;35m[INF][m GID 70, [arbitrator] Main chain height:  389
2019/04/23 18:01:10.759848 [1;35m[INF][m GID 41, currentHeight: 209  chainHeight: 210
2019/04/23 18:01:10.770089 [1;32m[DBG][m GID 41, github.com/elastos/Elastos.ELA.Arbiter/rpc.GetWithdrawTransactionByHeight jsonrpc.go:178 [GetWithdrawTransactionByHeight] len transactions: 0 transactions: []
2019/04/23 18:01:10.777758 [1;35m[INF][m GID 41,  [SyncSideChain] Side chain [ XKUh4GLhFJiqAMTF6HyWQrV9pK9HcGUdfJ ] height:  210
2019/04/23 18:01:15.347953 [1;32m[DBG][m GID 70, github.com/elastos/Elastos.ELA.Arbiter/rpc.Call jsonrpc.go:349 POST requset err: Post http://127.0.0.1:10114: dial tcp 127.0.0.1:10114: connect: connection refused
2019/04/23 18:01:15.348015 [1;35m[INF][m GID 70, [SyncFromMainNode] rpc get current height failed
2019/04/23 18:01:15.348035 [1;31m[ERR][m GID 70, Arbitrator group sync error:  Post http://127.0.0.1:10114: dial tcp 127.0.0.1:10114: connect: connection refused
2019/04/23 18:01:16.349702 [1;32m[DBG][m GID 70, github.com/elastos/Elastos.ELA.Arbiter/rpc.Call jsonrpc.go:349 POST requset err: Post http://127.0.0.1:10114: dial tcp 127.0.0.1:10114: connect: connection refused
2019/04/23 18:01:16.349831 [1;35m[INF][m GID 70, [SyncFromMainNode] rpc get current height failed
2019/04/23 18:01:16.349863 [1;31m[ERR][m GID 70, Arbitrator group sync error:  Post http://127.0.0.1:10114: dial tcp 127.0.0.1:10114: connect: connection refused
2019/04/23 18:01:17.352816 [1;32m[DBG][m GID 70, github.com/elastos/Elastos.ELA.Arbiter/rpc.Call jsonrpc.go:349 POST requset err: Post http://127.0.0.1:10114: dial tcp 127.0.0.1:10114: connect: connection refused
2019/04/23 18:01:17.352874 [1;35m[INF][m GID 70, [SyncFromMainNode] rpc get current height failed
2019/04/23 18:01:17.352893 [1;31m[ERR][m GID 70, Arbitrator group sync error:  Post http://127.0.0.1:10114: dial tcp 127.0.0.1:10114: connect: connection refused
2019/04/23 18:01:17.862345 [1;32m[DBG][m GID 41, github.com/elastos/Elastos.ELA.Arbiter/rpc.Call jsonrpc.go:349 POST requset err: Post http://127.0.0.1:10034: EOF
2019/04/23 18:01:18.353584 [1;32m[DBG][m GID 70, github.com/elastos/Elastos.ELA.Arbiter/rpc.Call jsonrpc.go:349 POST requset err: Post http://127.0.0.1:10114: dial tcp 127.0.0.1:10114: connect: connection refused
2019/04/23 18:01:18.353622 [1;35m[INF][m GID 70, [SyncFromMainNode] rpc get current height failed
2019/04/23 18:01:18.353663 [1;31m[ERR][m GID 70, Arbitrator group sync error:  Post http://127.0.0.1:10114: dial tcp 127.0.0.1:10114: connect: connection refused
2019/04/23 18:01:18.862702 [1;32m[DBG][m GID 41, github.com/elastos/Elastos.ELA.Arbiter/rpc.Call jsonrpc.go:349 POST requset err: Post http://127.0.0.1:10034: dial tcp 127.0.0.1:10034: connect: connection refused
2019/04/23 18:01:19.361981 [1;32m[DBG][m GID 70, github.com/elastos/Elastos.ELA.Arbiter/rpc.Call jsonrpc.go:349 POST requset err: Post http://127.0.0.1:10114: dial tcp 127.0.0.1:10114: connect: connection refused
2019/04/23 18:01:19.362024 [1;35m[INF][m GID 70, [SyncFromMainNode] rpc get current height failed
2019/04/23 18:01:19.362056 [1;31m[ERR][m GID 70, Arbitrator group sync error:  Post http://127.0.0.1:10114: dial tcp 127.0.0.1:10114: connect: connection refused
2019/04/23 18:01:19.864869 [1;32m[DBG][m GID 41, github.com/elastos/Elastos.ELA.Arbiter/rpc.Call jsonrpc.go:349 POST requset err: Post http://127.0.0.1:10034: dial tcp 127.0.0.1:10034: connect: connection refused
2019/04/23 18:01:20.366842 [1;32m[DBG][m GID 70, github.com/elastos/Elastos.ELA.Arbiter/rpc.Call jsonrpc.go:349 POST requset err: Post http://127.0.0.1:10114: dial tcp 127.0.0.1:10114: connect: connection refused
2019/04/23 18:01:20.366894 [1;35m[INF][m GID 70, [SyncFromMainNode] rpc get current height failed
2019/04/23 18:01:20.366910 [1;31m[ERR][m GID 70, Arbitrator group sync error:  Post http://127.0.0.1:10114: dial tcp 127.0.0.1:10114: connect: connection refused
2019/04/23 18:01:20.865574 [1;32m[DBG][m GID 41, github.com/elastos/Elastos.ELA.Arbiter/rpc.Call jsonrpc.go:349 POST requset err: Post http://127.0.0.1:10034: dial tcp 127.0.0.1:10034: connect: connection refused
2019/04/23 18:01:21.367355 [1;32m[DBG][m GID 70, github.com/elastos/Elastos.ELA.Arbiter/rpc.Call jsonrpc.go:349 POST requset err: Post http://127.0.0.1:10114: dial tcp 127.0.0.1:10114: connect: connection refused
2019/04/23 18:01:21.367403 [1;35m[INF][m GID 70, [SyncFromMainNode] rpc get current height failed
2019/04/23 18:01:21.367423 [1;31m[ERR][m GID 70, Arbitrator group sync error:  Post http://127.0.0.1:10114: dial tcp 127.0.0.1:10114: connect: connection refused
2019/04/23 18:01:21.868835 [1;32m[DBG][m GID 41, github.com/elastos/Elastos.ELA.Arbiter/rpc.Call jsonrpc.go:349 POST requset err: Post http://127.0.0.1:10034: dial tcp 127.0.0.1:10034: connect: connection refused
