2019/04/03 13:16:05.008236 [1;35m[INF][m GID 1, Init wallet.
2019/04/03 13:16:05.027596 [1;35m[INF][m GID 1, Arbiter version:  v0.1.0
2019/04/03 13:16:05.034798 [1;35m[INF][m GID 1, 1. Init chain utxo cache.
2019/04/03 13:16:05.067472 [1;35m[INF][m GID 1, 2. Init finished transaction cache.
2019/04/03 13:16:05.068039 [1;35m[INF][m GID 1, 3. Start arbitrator P2P networks.
2019/04/03 13:16:05.137410 [1;35m[INF][m GID 1, 4. Init configurations.
2019/04/03 13:16:05.138814 [1;35m[INF][m GID 1, [arbitrator] Main chain height:  255
2019/04/03 13:16:05.155243 [1;35m[INF][m GID 1, [processBlock] block height: 255 current height: 255
2019/04/03 13:16:05.155660 [1;35m[INF][m GID 1, Side chain [ XKUh4GLhFJiqAMTF6HyWQrV9pK9HcGUdfJ ] SetLastUsedUtxoHeight  255
2019/04/03 13:16:05.161626 [1;35m[INF][m GID 67, currentHeight: 143  chainHeight: 144
2019/04/03 13:16:05.179960 [1;35m[INF][m GID 1, [OnDutyArbitratorChanged] I am on duty of main
2019/04/03 13:16:05.180092 [1;35m[INF][m GID 1, [SyncMainChainCachedTxs] start
2019/04/03 13:16:05.180392 [1;35m[INF][m GID 1, [SyncMainChainCachedTxs] end
2019/04/03 13:16:05.180467 [1;33m[WRN][m GID 1, [SyncMainChainCachedTxs] No main chain tx in dbcache
2019/04/03 13:16:05.180492 [1;35m[INF][m GID 1, 5. Start arbitrator spv module.
2019/04/03 13:16:05.180554 [1;35m[INF][m GID 1, [StartSpvModule] new spv service: &{elastos_arbiter/data/spv 7630401 ENqDYUYURsHpp1wQ8LBdTLba4JhEvSDXEw [127.0.0.1:10028] 10028 1 3 <nil>}
2019/04/03 13:16:05.180744 [1;35m[INF][m GID 77, [SendCachedWithdrawTxs] start
2019/04/03 13:16:05.180836 [1;35m[INF][m GID 78, [OnDutyChanged] Start side chain mining: genesis address [ XKUh4GLhFJiqAMTF6HyWQrV9pK9HcGUdfJ ]
2019/04/03 13:16:05.180860 [1;35m[INF][m GID 78, [sideChainPowTransfer] start
2019/04/03 13:16:05.192096 [1;35m[INF][m GID 77, No cached withdraw transaction need to send
2019/04/03 13:16:05.192128 [1;35m[INF][m GID 77, [SendCachedWithdrawTxs] end
2019/04/03 13:16:05.218140 [1;35m[INF][m GID 78, sideGenesisHash: a3c455a90843db2acd22554f2768a8d4233fafbf8dd549e6b261c2786993be56 sideBlockHash: dbd845000cebee0f677932e5be65b378456a98a451a561c8aa80c8cadcc69fb5
2019/04/03 13:16:05.219327 [1;35m[INF][m GID 67,  [SyncSideChain] Side chain [ XKUh4GLhFJiqAMTF6HyWQrV9pK9HcGUdfJ ] height:  144
2019/04/03 13:16:05.219383 [1;35m[INF][m GID 67, [OnDutyChanged] Start side chain mining: genesis address [ XKUh4GLhFJiqAMTF6HyWQrV9pK9HcGUdfJ ]
2019/04/03 13:16:05.219411 [1;35m[INF][m GID 67, [sideChainPowTransfer] start
2019/04/03 13:16:05.224403 [1;31m[ERR][m GID 67, [sideChainPowTransfer] create aux block failed: Unknown Block
2019/04/03 13:16:05.224530 [1;33m[WRN][m GID 67, Unknown Block
2019/04/03 13:16:05.224575 [1;35m[INF][m GID 67, [SyncSideChain] Start side chain mining, genesis address: [ XKUh4GLhFJiqAMTF6HyWQrV9pK9HcGUdfJ ]
2019/04/03 13:16:05.229460 [1;33m[WRN][m GID 78, [sideChainPowTransfer] create transaction failed: [Wallet], Available token is not enough
2019/04/03 13:16:05.285105 [1;35m[INF][m GID 1, [StartSpvModule] register auxpow listener: EVmYKcJUotTqbMwe1BSexycS1dA99mbVnu
2019/04/03 13:16:05.285219 [1;35m[INF][m GID 1, [StartSpvModule] register dposit listener: XKUh4GLhFJiqAMTF6HyWQrV9pK9HcGUdfJ
2019/04/03 13:16:05.285331 [1;35m[INF][m GID 1, 6. Start arbitrator group monitor.
2019/04/03 13:16:05.285359 [1;35m[INF][m GID 1, 7. Start servers.
2019/04/03 13:16:05.285385 [1;35m[INF][m GID 1, 8. Start check and remove cross chain transactions from db.
2019/04/03 13:16:05.285409 [1;35m[INF][m GID 1, 9. Start side chain account divide.
2019/04/03 13:16:05.285628 [1;35m[INF][m GID 88, Check and remove cross chain transactions from dbcache finished
2019/04/03 13:16:11.268553 [1;35m[INF][m GID 67, currentHeight: 144  chainHeight: 145
2019/04/03 13:16:11.305585 [1;35m[INF][m GID 67,  [SyncSideChain] Side chain [ XKUh4GLhFJiqAMTF6HyWQrV9pK9HcGUdfJ ] height:  145
2019/04/03 13:16:11.305645 [1;35m[INF][m GID 67, [OnDutyChanged] Start side chain mining: genesis address [ XKUh4GLhFJiqAMTF6HyWQrV9pK9HcGUdfJ ]
2019/04/03 13:16:11.305672 [1;35m[INF][m GID 67, [sideChainPowTransfer] start
2019/04/03 13:16:11.306241 [1;35m[INF][m GID 67, sideGenesisHash: a3c455a90843db2acd22554f2768a8d4233fafbf8dd549e6b261c2786993be56 sideBlockHash: 1bcae2b3eb33cd69fa0ddf2947ab3672155a458cb252020724af1e3a82e57ff3
2019/04/03 13:16:11.309689 [1;33m[WRN][m GID 67, [sideChainPowTransfer] create transaction failed: [Wallet], Available token is not enough
2019/04/03 13:16:11.309734 [1;35m[INF][m GID 67, [SyncSideChain] Start side chain mining, genesis address: [ XKUh4GLhFJiqAMTF6HyWQrV9pK9HcGUdfJ ]
2019/04/03 13:16:15.354245 [1;35m[INF][m GID 86, [arbitrator] Main chain height:  256
2019/04/03 13:16:15.354893 [1;35m[INF][m GID 86, [processBlock] block height: 256 current height: 256
2019/04/03 13:16:15.355165 [1;35m[INF][m GID 86, Side chain [ XKUh4GLhFJiqAMTF6HyWQrV9pK9HcGUdfJ ] SetLastUsedUtxoHeight  256
2019/04/03 13:16:15.387379 [1;35m[INF][m GID 86, [OnDutyArbitratorChanged] I became not on duty of main
2019/04/03 13:16:17.331961 [1;35m[INF][m GID 67, currentHeight: 145  chainHeight: 147
2019/04/03 13:16:17.343495 [1;35m[INF][m GID 67,  [SyncSideChain] Side chain [ XKUh4GLhFJiqAMTF6HyWQrV9pK9HcGUdfJ ] height:  147
2019/04/03 13:16:26.373445 [1;35m[INF][m GID 67, currentHeight: 147  chainHeight: 148
2019/04/03 13:16:26.377108 [1;35m[INF][m GID 67,  [SyncSideChain] Side chain [ XKUh4GLhFJiqAMTF6HyWQrV9pK9HcGUdfJ ] height:  148
2019/04/03 13:16:28.515886 [1;35m[INF][m GID 86, [arbitrator] Main chain height:  257
2019/04/03 13:16:28.516880 [1;35m[INF][m GID 86, [processBlock] block height: 257 current height: 257
2019/04/03 13:16:28.517156 [1;35m[INF][m GID 86, Side chain [ XKUh4GLhFJiqAMTF6HyWQrV9pK9HcGUdfJ ] SetLastUsedUtxoHeight  257
2019/04/03 13:16:31.535428 [1;35m[INF][m GID 86, [arbitrator] Main chain height:  258
2019/04/03 13:16:31.536233 [1;35m[INF][m GID 86, [processBlock] block height: 258 current height: 258
2019/04/03 13:16:31.536484 [1;35m[INF][m GID 86, Side chain [ XKUh4GLhFJiqAMTF6HyWQrV9pK9HcGUdfJ ] SetLastUsedUtxoHeight  258
2019/04/03 13:16:32.429258 [1;35m[INF][m GID 67, currentHeight: 148  chainHeight: 149
2019/04/03 13:16:32.433075 [1;35m[INF][m GID 67,  [SyncSideChain] Side chain [ XKUh4GLhFJiqAMTF6HyWQrV9pK9HcGUdfJ ] height:  149
2019/04/03 13:16:33.570713 [1;35m[INF][m GID 86, [arbitrator] Main chain height:  259
2019/04/03 13:16:33.573171 [1;35m[INF][m GID 86, [processBlock] block height: 259 current height: 259
2019/04/03 13:16:33.573369 [1;35m[INF][m GID 86, Side chain [ XKUh4GLhFJiqAMTF6HyWQrV9pK9HcGUdfJ ] SetLastUsedUtxoHeight  259
2019/04/03 13:16:33.579750 [1;35m[INF][m GID 86, [OnDutyArbitratorChanged] I am on duty of main
2019/04/03 13:16:33.579802 [1;35m[INF][m GID 86, [SyncMainChainCachedTxs] start
2019/04/03 13:16:33.579864 [1;35m[INF][m GID 86, [SyncMainChainCachedTxs] end
2019/04/03 13:16:33.579888 [1;33m[WRN][m GID 86, [SyncMainChainCachedTxs] No main chain tx in dbcache
2019/04/03 13:16:33.579906 [1;35m[INF][m GID 355, [OnDutyChanged] Start side chain mining: genesis address [ XKUh4GLhFJiqAMTF6HyWQrV9pK9HcGUdfJ ]
2019/04/03 13:16:33.579928 [1;35m[INF][m GID 355, [sideChainPowTransfer] start
2019/04/03 13:16:33.580001 [1;35m[INF][m GID 354, [SendCachedWithdrawTxs] start
2019/04/03 13:16:33.580068 [1;35m[INF][m GID 354, No cached withdraw transaction need to send
2019/04/03 13:16:33.580087 [1;35m[INF][m GID 354, [SendCachedWithdrawTxs] end
2019/04/03 13:16:33.580408 [1;35m[INF][m GID 355, sideGenesisHash: a3c455a90843db2acd22554f2768a8d4233fafbf8dd549e6b261c2786993be56 sideBlockHash: 6e66ad2ad758b0da930108eaf9950a4171fad4f6fff5f1e581b5c4a4e41235db
2019/04/03 13:16:33.580751 [1;33m[WRN][m GID 355, [sideChainPowTransfer] create transaction failed: [Wallet], Available token is not enough
2019/04/03 13:16:34.436640 [1;35m[INF][m GID 67, currentHeight: 149  chainHeight: 150
2019/04/03 13:16:34.443016 [1;35m[INF][m GID 67,  [SyncSideChain] Side chain [ XKUh4GLhFJiqAMTF6HyWQrV9pK9HcGUdfJ ] height:  150
2019/04/03 13:16:34.443076 [1;35m[INF][m GID 67, [OnDutyChanged] Start side chain mining: genesis address [ XKUh4GLhFJiqAMTF6HyWQrV9pK9HcGUdfJ ]
2019/04/03 13:16:34.443102 [1;35m[INF][m GID 67, [sideChainPowTransfer] start
2019/04/03 13:16:34.467311 [1;35m[INF][m GID 67, sideGenesisHash: a3c455a90843db2acd22554f2768a8d4233fafbf8dd549e6b261c2786993be56 sideBlockHash: 341714a72cbc3182af59715e7423002c54b372828d40e5d91e68c7d6a21976c3
2019/04/03 13:16:34.468205 [1;33m[WRN][m GID 67, [sideChainPowTransfer] create transaction failed: [Wallet], Available token is not enough
2019/04/03 13:16:34.468230 [1;35m[INF][m GID 67, [SyncSideChain] Start side chain mining, genesis address: [ XKUh4GLhFJiqAMTF6HyWQrV9pK9HcGUdfJ ]
2019/04/03 13:16:39.477794 [1;35m[INF][m GID 67, currentHeight: 150  chainHeight: 151
2019/04/03 13:16:39.481529 [1;35m[INF][m GID 67,  [SyncSideChain] Side chain [ XKUh4GLhFJiqAMTF6HyWQrV9pK9HcGUdfJ ] height:  151
2019/04/03 13:16:39.481607 [1;35m[INF][m GID 67, [OnDutyChanged] Start side chain mining: genesis address [ XKUh4GLhFJiqAMTF6HyWQrV9pK9HcGUdfJ ]
2019/04/03 13:16:39.481659 [1;35m[INF][m GID 67, [sideChainPowTransfer] start
2019/04/03 13:16:39.482315 [1;35m[INF][m GID 67, sideGenesisHash: a3c455a90843db2acd22554f2768a8d4233fafbf8dd549e6b261c2786993be56 sideBlockHash: 395aa902294a97f25d7ac46c5c1c8c9980c91a3957567b162eed51fedb70cfca
2019/04/03 13:16:39.482739 [1;33m[WRN][m GID 67, [sideChainPowTransfer] create transaction failed: [Wallet], Available token is not enough
2019/04/03 13:16:39.482772 [1;35m[INF][m GID 67, [SyncSideChain] Start side chain mining, genesis address: [ XKUh4GLhFJiqAMTF6HyWQrV9pK9HcGUdfJ ]
2019/04/03 13:16:46.964960 [1;35m[INF][m GID 86, [arbitrator] Main chain height:  260
2019/04/03 13:16:46.973630 [1;35m[INF][m GID 86, [processBlock] block height: 260 current height: 260
2019/04/03 13:16:46.974321 [1;35m[INF][m GID 86, Side chain [ XKUh4GLhFJiqAMTF6HyWQrV9pK9HcGUdfJ ] SetLastUsedUtxoHeight  260
2019/04/03 13:16:46.987350 [1;35m[INF][m GID 86, [OnDutyArbitratorChanged] I became not on duty of main
2019/04/03 13:16:47.961651 [1;35m[INF][m GID 67, currentHeight: 151  chainHeight: 152
2019/04/03 13:16:47.969225 [1;35m[INF][m GID 67,  [SyncSideChain] Side chain [ XKUh4GLhFJiqAMTF6HyWQrV9pK9HcGUdfJ ] height:  152
2019/04/03 13:16:50.975540 [1;35m[INF][m GID 67, currentHeight: 152  chainHeight: 153
2019/04/03 13:16:50.988399 [1;35m[INF][m GID 67,  [SyncSideChain] Side chain [ XKUh4GLhFJiqAMTF6HyWQrV9pK9HcGUdfJ ] height:  153
2019/04/03 13:16:52.006998 [1;35m[INF][m GID 86, [arbitrator] Main chain height:  261
2019/04/03 13:16:52.019673 [1;35m[INF][m GID 86, [processBlock] block height: 261 current height: 261
2019/04/03 13:16:52.020012 [1;35m[INF][m GID 86, Side chain [ XKUh4GLhFJiqAMTF6HyWQrV9pK9HcGUdfJ ] SetLastUsedUtxoHeight  261
2019/04/03 13:16:53.002358 [1;35m[INF][m GID 67, currentHeight: 153  chainHeight: 154
2019/04/03 13:16:53.017372 [1;35m[INF][m GID 67,  [SyncSideChain] Side chain [ XKUh4GLhFJiqAMTF6HyWQrV9pK9HcGUdfJ ] height:  154
2019/04/03 13:16:53.061826 [1;35m[INF][m GID 86, [arbitrator] Main chain height:  262
2019/04/03 13:16:53.062635 [1;35m[INF][m GID 86, [processBlock] block height: 262 current height: 262
2019/04/03 13:16:53.062887 [1;35m[INF][m GID 86, Side chain [ XKUh4GLhFJiqAMTF6HyWQrV9pK9HcGUdfJ ] SetLastUsedUtxoHeight  262
2019/04/03 13:16:58.038360 [1;35m[INF][m GID 67, currentHeight: 154  chainHeight: 155
2019/04/03 13:16:58.047891 [1;35m[INF][m GID 67,  [SyncSideChain] Side chain [ XKUh4GLhFJiqAMTF6HyWQrV9pK9HcGUdfJ ] height:  155
2019/04/03 13:17:00.117940 [1;35m[INF][m GID 86, [arbitrator] Main chain height:  263
2019/04/03 13:17:00.119200 [1;35m[INF][m GID 86, [processBlock] block height: 263 current height: 263
2019/04/03 13:17:00.119569 [1;35m[INF][m GID 86, Side chain [ XKUh4GLhFJiqAMTF6HyWQrV9pK9HcGUdfJ ] SetLastUsedUtxoHeight  263
2019/04/03 13:17:00.123323 [1;35m[INF][m GID 86, [OnDutyArbitratorChanged] I am on duty of main
2019/04/03 13:17:00.123359 [1;35m[INF][m GID 86, [SyncMainChainCachedTxs] start
2019/04/03 13:17:00.123423 [1;35m[INF][m GID 86, [SyncMainChainCachedTxs] end
2019/04/03 13:17:00.123468 [1;33m[WRN][m GID 86, [SyncMainChainCachedTxs] No main chain tx in dbcache
2019/04/03 13:17:00.123490 [1;35m[INF][m GID 442, [OnDutyChanged] Start side chain mining: genesis address [ XKUh4GLhFJiqAMTF6HyWQrV9pK9HcGUdfJ ]
2019/04/03 13:17:00.123512 [1;35m[INF][m GID 442, [sideChainPowTransfer] start
2019/04/03 13:17:00.123581 [1;35m[INF][m GID 441, [SendCachedWithdrawTxs] start
2019/04/03 13:17:00.123656 [1;35m[INF][m GID 441, No cached withdraw transaction need to send
2019/04/03 13:17:00.123677 [1;35m[INF][m GID 441, [SendCachedWithdrawTxs] end
2019/04/03 13:17:00.125370 [1;35m[INF][m GID 442, sideGenesisHash: a3c455a90843db2acd22554f2768a8d4233fafbf8dd549e6b261c2786993be56 sideBlockHash: 5cbde25d2862914dd9c89a33cdc100f3cd248457a37fca8d6d4acd228a8b72e8
2019/04/03 13:17:00.125869 [1;33m[WRN][m GID 442, [sideChainPowTransfer] create transaction failed: [Wallet], Available token is not enough
2019/04/03 13:17:01.056920 [1;35m[INF][m GID 67, currentHeight: 155  chainHeight: 157
2019/04/03 13:17:01.104306 [1;35m[INF][m GID 67,  [SyncSideChain] Side chain [ XKUh4GLhFJiqAMTF6HyWQrV9pK9HcGUdfJ ] height:  157
2019/04/03 13:17:01.104373 [1;35m[INF][m GID 67, [OnDutyChanged] Start side chain mining: genesis address [ XKUh4GLhFJiqAMTF6HyWQrV9pK9HcGUdfJ ]
2019/04/03 13:17:01.104412 [1;35m[INF][m GID 67, [sideChainPowTransfer] start
2019/04/03 13:17:01.105907 [1;35m[INF][m GID 67, sideGenesisHash: a3c455a90843db2acd22554f2768a8d4233fafbf8dd549e6b261c2786993be56 sideBlockHash: 898c62a7a2e3cd3762be1f66636b20df5a6e1e27da9d2605dc66fcca0326f59e
2019/04/03 13:17:01.107367 [1;33m[WRN][m GID 67, [sideChainPowTransfer] create transaction failed: [Wallet], Available token is not enough
2019/04/03 13:17:01.107392 [1;35m[INF][m GID 67, [SyncSideChain] Start side chain mining, genesis address: [ XKUh4GLhFJiqAMTF6HyWQrV9pK9HcGUdfJ ]
2019/04/03 13:17:05.159740 [1;35m[INF][m GID 86, [arbitrator] Main chain height:  264
2019/04/03 13:17:05.160640 [1;35m[INF][m GID 86, [processBlock] block height: 264 current height: 264
2019/04/03 13:17:05.161053 [1;35m[INF][m GID 86, Side chain [ XKUh4GLhFJiqAMTF6HyWQrV9pK9HcGUdfJ ] SetLastUsedUtxoHeight  264
2019/04/03 13:17:05.175771 [1;35m[INF][m GID 86, [OnDutyArbitratorChanged] I became not on duty of main
2019/04/03 13:17:05.285901 [1;35m[INF][m GID 89, Warning side chain mining account:  EVmYKcJUotTqbMwe1BSexycS1dA99mbVnu: 0 
2019/04/03 13:17:05.286146 [1;35m[INF][m GID 88, Check and remove cross chain transactions from dbcache finished
2019/04/03 13:17:10.138944 [1;35m[INF][m GID 67, currentHeight: 157  chainHeight: 158
2019/04/03 13:17:10.141883 [1;35m[INF][m GID 67,  [SyncSideChain] Side chain [ XKUh4GLhFJiqAMTF6HyWQrV9pK9HcGUdfJ ] height:  158
2019/04/03 13:17:11.199508 [1;35m[INF][m GID 86, [arbitrator] Main chain height:  265
2019/04/03 13:17:11.200341 [1;35m[INF][m GID 86, [processBlock] block height: 265 current height: 265
2019/04/03 13:17:11.200653 [1;35m[INF][m GID 86, Side chain [ XKUh4GLhFJiqAMTF6HyWQrV9pK9HcGUdfJ ] SetLastUsedUtxoHeight  265
2019/04/03 13:17:13.221454 [1;35m[INF][m GID 86, [arbitrator] Main chain height:  266
2019/04/03 13:17:13.222540 [1;35m[INF][m GID 86, [processBlock] block height: 266 current height: 266
2019/04/03 13:17:13.222776 [1;35m[INF][m GID 86, Side chain [ XKUh4GLhFJiqAMTF6HyWQrV9pK9HcGUdfJ ] SetLastUsedUtxoHeight  266
2019/04/03 13:17:16.249642 [1;35m[INF][m GID 86, [arbitrator] Main chain height:  267
2019/04/03 13:17:16.250794 [1;35m[INF][m GID 86, [processBlock] block height: 267 current height: 267
2019/04/03 13:17:16.251132 [1;35m[INF][m GID 86, Side chain [ XKUh4GLhFJiqAMTF6HyWQrV9pK9HcGUdfJ ] SetLastUsedUtxoHeight  267
2019/04/03 13:17:16.257387 [1;35m[INF][m GID 86, [OnDutyArbitratorChanged] I am on duty of main
2019/04/03 13:17:16.257578 [1;35m[INF][m GID 86, [SyncMainChainCachedTxs] start
2019/04/03 13:17:16.257809 [1;35m[INF][m GID 86, [SyncMainChainCachedTxs] end
2019/04/03 13:17:16.258013 [1;33m[WRN][m GID 86, [SyncMainChainCachedTxs] No main chain tx in dbcache
2019/04/03 13:17:16.258154 [1;35m[INF][m GID 562, [OnDutyChanged] Start side chain mining: genesis address [ XKUh4GLhFJiqAMTF6HyWQrV9pK9HcGUdfJ ]
2019/04/03 13:17:16.258267 [1;35m[INF][m GID 562, [sideChainPowTransfer] start
2019/04/03 13:17:16.258474 [1;35m[INF][m GID 497, [SendCachedWithdrawTxs] start
2019/04/03 13:17:16.258702 [1;35m[INF][m GID 497, No cached withdraw transaction need to send
2019/04/03 13:17:16.258878 [1;35m[INF][m GID 497, [SendCachedWithdrawTxs] end
2019/04/03 13:17:16.261644 [1;35m[INF][m GID 562, sideGenesisHash: a3c455a90843db2acd22554f2768a8d4233fafbf8dd549e6b261c2786993be56 sideBlockHash: 2077c416f856d1d8eedb8bb7ab4883fd057517760f57a7853f26f3e917e48d2b
2019/04/03 13:17:16.274417 [1;33m[WRN][m GID 562, [sideChainPowTransfer] create transaction failed: [Wallet], Available token is not enough
2019/04/03 13:17:17.260038 [1;35m[INF][m GID 86, [arbitrator] Main chain height:  268
2019/04/03 13:17:17.266634 [1;35m[INF][m GID 86, [processBlock] block height: 268 current height: 268
2019/04/03 13:17:17.266891 [1;35m[INF][m GID 86, Side chain [ XKUh4GLhFJiqAMTF6HyWQrV9pK9HcGUdfJ ] SetLastUsedUtxoHeight  268
2019/04/03 13:17:17.276036 [1;35m[INF][m GID 86, [OnDutyArbitratorChanged] I became not on duty of main
2019/04/03 13:17:21.240518 [1;35m[INF][m GID 67, currentHeight: 158  chainHeight: 159
2019/04/03 13:17:21.257195 [1;35m[INF][m GID 67,  [SyncSideChain] Side chain [ XKUh4GLhFJiqAMTF6HyWQrV9pK9HcGUdfJ ] height:  159
2019/04/03 13:17:26.031922 [1;35m[INF][m GID 86, [arbitrator] Main chain height:  269
2019/04/03 13:17:26.033381 [1;35m[INF][m GID 86, [processBlock] block height: 269 current height: 269
2019/04/03 13:17:26.033606 [1;35m[INF][m GID 86, Side chain [ XKUh4GLhFJiqAMTF6HyWQrV9pK9HcGUdfJ ] SetLastUsedUtxoHeight  269
2019/04/03 13:17:29.115318 [1;35m[INF][m GID 86, [arbitrator] Main chain height:  270
2019/04/03 13:17:29.119886 [1;35m[INF][m GID 86, [processBlock] block height: 270 current height: 270
2019/04/03 13:17:29.120263 [1;35m[INF][m GID 86, Side chain [ XKUh4GLhFJiqAMTF6HyWQrV9pK9HcGUdfJ ] SetLastUsedUtxoHeight  270
2019/04/03 13:17:29.747260 [1;35m[INF][m GID 67, currentHeight: 159  chainHeight: 160
2019/04/03 13:17:29.752525 [1;35m[INF][m GID 67,  [SyncSideChain] Side chain [ XKUh4GLhFJiqAMTF6HyWQrV9pK9HcGUdfJ ] height:  160
2019/04/03 13:17:35.147914 [1;35m[INF][m GID 86, [arbitrator] Main chain height:  271
2019/04/03 13:17:35.148857 [1;35m[INF][m GID 86, [processBlock] block height: 271 current height: 271
2019/04/03 13:17:35.149165 [1;35m[INF][m GID 86, Side chain [ XKUh4GLhFJiqAMTF6HyWQrV9pK9HcGUdfJ ] SetLastUsedUtxoHeight  271
2019/04/03 13:17:35.237352 [1;35m[INF][m GID 86, [OnDutyArbitratorChanged] I am on duty of main
2019/04/03 13:17:35.237493 [1;35m[INF][m GID 86, [SyncMainChainCachedTxs] start
2019/04/03 13:17:35.237724 [1;35m[INF][m GID 86, [SyncMainChainCachedTxs] end
2019/04/03 13:17:35.237778 [1;33m[WRN][m GID 86, [SyncMainChainCachedTxs] No main chain tx in dbcache
2019/04/03 13:17:35.237811 [1;35m[INF][m GID 634, [OnDutyChanged] Start side chain mining: genesis address [ XKUh4GLhFJiqAMTF6HyWQrV9pK9HcGUdfJ ]
2019/04/03 13:17:35.237845 [1;35m[INF][m GID 634, [sideChainPowTransfer] start
2019/04/03 13:17:35.238057 [1;35m[INF][m GID 633, [SendCachedWithdrawTxs] start
2019/04/03 13:17:35.238256 [1;35m[INF][m GID 633, No cached withdraw transaction need to send
2019/04/03 13:17:35.238286 [1;35m[INF][m GID 633, [SendCachedWithdrawTxs] end
2019/04/03 13:17:35.240283 [1;35m[INF][m GID 634, sideGenesisHash: a3c455a90843db2acd22554f2768a8d4233fafbf8dd549e6b261c2786993be56 sideBlockHash: f5aff21586de93bf768e7a4199aecd7f8c7f038c6bfd1750c72d431d248f2ed2
2019/04/03 13:17:35.252131 [1;33m[WRN][m GID 634, [sideChainPowTransfer] create transaction failed: [Wallet], Available token is not enough
2019/04/03 13:17:35.799634 [1;35m[INF][m GID 67, currentHeight: 160  chainHeight: 161
2019/04/03 13:17:35.823748 [1;35m[INF][m GID 67,  [SyncSideChain] Side chain [ XKUh4GLhFJiqAMTF6HyWQrV9pK9HcGUdfJ ] height:  161
2019/04/03 13:17:35.823911 [1;35m[INF][m GID 67, [OnDutyChanged] Start side chain mining: genesis address [ XKUh4GLhFJiqAMTF6HyWQrV9pK9HcGUdfJ ]
2019/04/03 13:17:35.823972 [1;35m[INF][m GID 67, [sideChainPowTransfer] start
2019/04/03 13:17:35.834646 [1;35m[INF][m GID 67, sideGenesisHash: a3c455a90843db2acd22554f2768a8d4233fafbf8dd549e6b261c2786993be56 sideBlockHash: 0e23c5dbc845494757f40855556c90921089aa8779e5b3753f048d271a558c45
2019/04/03 13:17:35.836281 [1;33m[WRN][m GID 67, [sideChainPowTransfer] create transaction failed: [Wallet], Available token is not enough
2019/04/03 13:17:35.836320 [1;35m[INF][m GID 67, [SyncSideChain] Start side chain mining, genesis address: [ XKUh4GLhFJiqAMTF6HyWQrV9pK9HcGUdfJ ]
2019/04/03 13:17:40.250314 [1;35m[INF][m GID 86, [arbitrator] Main chain height:  272
2019/04/03 13:17:40.252695 [1;35m[INF][m GID 86, [processBlock] block height: 272 current height: 272
2019/04/03 13:17:40.253053 [1;35m[INF][m GID 86, Side chain [ XKUh4GLhFJiqAMTF6HyWQrV9pK9HcGUdfJ ] SetLastUsedUtxoHeight  272
2019/04/03 13:17:40.256189 [1;35m[INF][m GID 86, [OnDutyArbitratorChanged] I became not on duty of main
2019/04/03 13:17:42.260465 [1;35m[INF][m GID 86, [arbitrator] Main chain height:  273
2019/04/03 13:17:42.261752 [1;35m[INF][m GID 86, [processBlock] block height: 273 current height: 273
2019/04/03 13:17:42.262092 [1;35m[INF][m GID 86, Side chain [ XKUh4GLhFJiqAMTF6HyWQrV9pK9HcGUdfJ ] SetLastUsedUtxoHeight  273
2019/04/03 13:17:48.336757 [1;35m[INF][m GID 86, [arbitrator] Main chain height:  274
2019/04/03 13:17:48.337483 [1;35m[INF][m GID 86, [processBlock] block height: 274 current height: 274
2019/04/03 13:17:48.337693 [1;35m[INF][m GID 86, Side chain [ XKUh4GLhFJiqAMTF6HyWQrV9pK9HcGUdfJ ] SetLastUsedUtxoHeight  274
2019/04/03 13:17:48.893489 [1;35m[INF][m GID 67, currentHeight: 161  chainHeight: 162
2019/04/03 13:17:52.305327 [1;35m[INF][m GID 67,  [SyncSideChain] Side chain [ XKUh4GLhFJiqAMTF6HyWQrV9pK9HcGUdfJ ] height:  162
2019/04/03 13:17:53.041235 [1;35m[INF][m GID 86, [arbitrator] Main chain height:  275
2019/04/03 13:17:53.043061 [1;35m[INF][m GID 86, [processBlock] block height: 275 current height: 275
2019/04/03 13:17:53.043298 [1;35m[INF][m GID 86, Side chain [ XKUh4GLhFJiqAMTF6HyWQrV9pK9HcGUdfJ ] SetLastUsedUtxoHeight  275
2019/04/03 13:17:53.685907 [1;35m[INF][m GID 86, [OnDutyArbitratorChanged] I am on duty of main
2019/04/03 13:17:53.685948 [1;35m[INF][m GID 86, [SyncMainChainCachedTxs] start
2019/04/03 13:17:53.686017 [1;35m[INF][m GID 86, [SyncMainChainCachedTxs] end
2019/04/03 13:17:53.686041 [1;33m[WRN][m GID 86, [SyncMainChainCachedTxs] No main chain tx in dbcache
2019/04/03 13:17:53.686062 [1;35m[INF][m GID 724, [OnDutyChanged] Start side chain mining: genesis address [ XKUh4GLhFJiqAMTF6HyWQrV9pK9HcGUdfJ ]
2019/04/03 13:17:53.686084 [1;35m[INF][m GID 724, [sideChainPowTransfer] start
2019/04/03 13:17:53.686158 [1;35m[INF][m GID 723, [SendCachedWithdrawTxs] start
2019/04/03 13:17:53.686238 [1;35m[INF][m GID 723, No cached withdraw transaction need to send
2019/04/03 13:17:53.686261 [1;35m[INF][m GID 723, [SendCachedWithdrawTxs] end
2019/04/03 13:17:53.689976 [1;35m[INF][m GID 724, sideGenesisHash: a3c455a90843db2acd22554f2768a8d4233fafbf8dd549e6b261c2786993be56 sideBlockHash: 53df8b0993c9fb4bacb0b5900c7502621c1231b4213a334973aff29be39002d4
2019/04/03 13:17:53.695815 [1;33m[WRN][m GID 724, [sideChainPowTransfer] create transaction failed: [Wallet], Available token is not enough
2019/04/03 13:17:54.687205 [1;35m[INF][m GID 86, [arbitrator] Main chain height:  276
2019/04/03 13:17:54.788785 [1;35m[INF][m GID 86, [processBlock] block height: 276 current height: 276
2019/04/03 13:17:54.794716 [1;35m[INF][m GID 86, Side chain [ XKUh4GLhFJiqAMTF6HyWQrV9pK9HcGUdfJ ] SetLastUsedUtxoHeight  276
2019/04/03 13:17:55.472786 [1;35m[INF][m GID 86, [OnDutyArbitratorChanged] I became not on duty of main
2019/04/03 13:17:56.325496 [1;35m[INF][m GID 67, currentHeight: 162  chainHeight: 163
2019/04/03 13:17:57.049412 [1;35m[INF][m GID 67,  [SyncSideChain] Side chain [ XKUh4GLhFJiqAMTF6HyWQrV9pK9HcGUdfJ ] height:  163
2019/04/03 13:18:05.286991 [1;35m[INF][m GID 88, Check and remove cross chain transactions from dbcache finished
2019/04/03 13:18:05.288287 [1;35m[INF][m GID 89, Warning side chain mining account:  EVmYKcJUotTqbMwe1BSexycS1dA99mbVnu: 0 
2019/04/03 13:18:07.078530 [1;35m[INF][m GID 67, currentHeight: 163  chainHeight: 164
2019/04/03 13:18:07.082228 [1;35m[INF][m GID 67,  [SyncSideChain] Side chain [ XKUh4GLhFJiqAMTF6HyWQrV9pK9HcGUdfJ ] height:  164
2019/04/03 13:18:08.513734 [1;35m[INF][m GID 86, [arbitrator] Main chain height:  277
2019/04/03 13:18:08.514449 [1;35m[INF][m GID 86, [processBlock] block height: 277 current height: 277
2019/04/03 13:18:08.514668 [1;35m[INF][m GID 86, Side chain [ XKUh4GLhFJiqAMTF6HyWQrV9pK9HcGUdfJ ] SetLastUsedUtxoHeight  277
2019/04/03 13:18:11.620314 [1;35m[INF][m GID 86, [arbitrator] Main chain height:  278
2019/04/03 13:18:11.620997 [1;35m[INF][m GID 86, [processBlock] block height: 278 current height: 278
2019/04/03 13:18:11.621257 [1;35m[INF][m GID 86, Side chain [ XKUh4GLhFJiqAMTF6HyWQrV9pK9HcGUdfJ ] SetLastUsedUtxoHeight  278
2019/04/03 13:18:12.085765 [1;35m[INF][m GID 67, currentHeight: 164  chainHeight: 166
2019/04/03 13:18:12.091454 [1;35m[INF][m GID 67,  [SyncSideChain] Side chain [ XKUh4GLhFJiqAMTF6HyWQrV9pK9HcGUdfJ ] height:  166
2019/04/03 13:18:21.902534 [1;35m[INF][m GID 86, [arbitrator] Main chain height:  279
2019/04/03 13:18:21.903479 [1;35m[INF][m GID 86, [processBlock] block height: 279 current height: 279
2019/04/03 13:18:21.903717 [1;35m[INF][m GID 86, Side chain [ XKUh4GLhFJiqAMTF6HyWQrV9pK9HcGUdfJ ] SetLastUsedUtxoHeight  279
2019/04/03 13:18:21.907383 [1;35m[INF][m GID 86, [OnDutyArbitratorChanged] I am on duty of main
2019/04/03 13:18:21.907418 [1;35m[INF][m GID 86, [SyncMainChainCachedTxs] start
2019/04/03 13:18:21.907491 [1;35m[INF][m GID 86, [SyncMainChainCachedTxs] end
2019/04/03 13:18:21.907511 [1;33m[WRN][m GID 86, [SyncMainChainCachedTxs] No main chain tx in dbcache
2019/04/03 13:18:21.907556 [1;35m[INF][m GID 863, [OnDutyChanged] Start side chain mining: genesis address [ XKUh4GLhFJiqAMTF6HyWQrV9pK9HcGUdfJ ]
2019/04/03 13:18:21.907581 [1;35m[INF][m GID 863, [sideChainPowTransfer] start
2019/04/03 13:18:21.907685 [1;35m[INF][m GID 862, [SendCachedWithdrawTxs] start
2019/04/03 13:18:21.907785 [1;35m[INF][m GID 862, No cached withdraw transaction need to send
2019/04/03 13:18:21.907808 [1;35m[INF][m GID 862, [SendCachedWithdrawTxs] end
2019/04/03 13:18:21.916467 [1;35m[INF][m GID 863, sideGenesisHash: a3c455a90843db2acd22554f2768a8d4233fafbf8dd549e6b261c2786993be56 sideBlockHash: 1210291c369f4c67b1be17a637ba69f749cae1b08b5fa89e69b39c2531a2e0e1
2019/04/03 13:18:21.917307 [1;33m[WRN][m GID 863, [sideChainPowTransfer] create transaction failed: [Wallet], Available token is not enough
2019/04/03 13:18:22.106991 [1;35m[INF][m GID 67, currentHeight: 166  chainHeight: 167
2019/04/03 13:18:22.118390 [1;35m[INF][m GID 67,  [SyncSideChain] Side chain [ XKUh4GLhFJiqAMTF6HyWQrV9pK9HcGUdfJ ] height:  167
2019/04/03 13:18:22.118444 [1;35m[INF][m GID 67, [OnDutyChanged] Start side chain mining: genesis address [ XKUh4GLhFJiqAMTF6HyWQrV9pK9HcGUdfJ ]
2019/04/03 13:18:22.118469 [1;35m[INF][m GID 67, [sideChainPowTransfer] start
2019/04/03 13:18:22.120134 [1;31m[ERR][m GID 67, [sideChainPowTransfer] create aux block failed: Unknown Block
2019/04/03 13:18:22.120159 [1;33m[WRN][m GID 67, Unknown Block
2019/04/03 13:18:22.120176 [1;35m[INF][m GID 67, [SyncSideChain] Start side chain mining, genesis address: [ XKUh4GLhFJiqAMTF6HyWQrV9pK9HcGUdfJ ]
2019/04/03 13:18:25.916271 [1;35m[INF][m GID 86, [arbitrator] Main chain height:  280
2019/04/03 13:18:25.917048 [1;35m[INF][m GID 86, [processBlock] block height: 280 current height: 280
2019/04/03 13:18:25.917272 [1;35m[INF][m GID 86, Side chain [ XKUh4GLhFJiqAMTF6HyWQrV9pK9HcGUdfJ ] SetLastUsedUtxoHeight  280
2019/04/03 13:18:25.937723 [1;35m[INF][m GID 86, [OnDutyArbitratorChanged] I became not on duty of main
2019/04/03 13:18:27.143276 [1;35m[INF][m GID 67, currentHeight: 167  chainHeight: 168
2019/04/03 13:18:27.146496 [1;35m[INF][m GID 67,  [SyncSideChain] Side chain [ XKUh4GLhFJiqAMTF6HyWQrV9pK9HcGUdfJ ] height:  168
2019/04/03 13:18:32.001749 [1;35m[INF][m GID 86, [arbitrator] Main chain height:  281
2019/04/03 13:18:32.032111 [1;35m[INF][m GID 86, [processBlock] block height: 281 current height: 281
2019/04/03 13:18:32.032457 [1;35m[INF][m GID 86, Side chain [ XKUh4GLhFJiqAMTF6HyWQrV9pK9HcGUdfJ ] SetLastUsedUtxoHeight  281
2019/04/03 13:18:33.173944 [1;35m[INF][m GID 67, currentHeight: 168  chainHeight: 169
2019/04/03 13:18:33.176904 [1;35m[INF][m GID 67,  [SyncSideChain] Side chain [ XKUh4GLhFJiqAMTF6HyWQrV9pK9HcGUdfJ ] height:  169
2019/04/03 13:18:39.099237 [1;35m[INF][m GID 86, [arbitrator] Main chain height:  282
2019/04/03 13:18:39.100283 [1;35m[INF][m GID 86, [processBlock] block height: 282 current height: 282
2019/04/03 13:18:39.100580 [1;35m[INF][m GID 86, Side chain [ XKUh4GLhFJiqAMTF6HyWQrV9pK9HcGUdfJ ] SetLastUsedUtxoHeight  282
2019/04/03 13:18:45.166659 [1;35m[INF][m GID 86, [arbitrator] Main chain height:  283
2019/04/03 13:18:45.167536 [1;35m[INF][m GID 86, [processBlock] block height: 283 current height: 283
2019/04/03 13:18:45.179889 [1;35m[INF][m GID 86, Side chain [ XKUh4GLhFJiqAMTF6HyWQrV9pK9HcGUdfJ ] SetLastUsedUtxoHeight  283
2019/04/03 13:18:45.215005 [1;35m[INF][m GID 86, [OnDutyArbitratorChanged] I am on duty of main
2019/04/03 13:18:45.215070 [1;35m[INF][m GID 86, [SyncMainChainCachedTxs] start
2019/04/03 13:18:45.215162 [1;35m[INF][m GID 86, [SyncMainChainCachedTxs] end
2019/04/03 13:18:45.215188 [1;33m[WRN][m GID 86, [SyncMainChainCachedTxs] No main chain tx in dbcache
2019/04/03 13:18:45.215213 [1;35m[INF][m GID 994, [OnDutyChanged] Start side chain mining: genesis address [ XKUh4GLhFJiqAMTF6HyWQrV9pK9HcGUdfJ ]
2019/04/03 13:18:45.215239 [1;35m[INF][m GID 994, [sideChainPowTransfer] start
2019/04/03 13:18:45.215329 [1;35m[INF][m GID 945, [SendCachedWithdrawTxs] start
2019/04/03 13:18:45.215413 [1;35m[INF][m GID 945, No cached withdraw transaction need to send
2019/04/03 13:18:45.215434 [1;35m[INF][m GID 945, [SendCachedWithdrawTxs] end
2019/04/03 13:18:45.232079 [1;35m[INF][m GID 994, sideGenesisHash: a3c455a90843db2acd22554f2768a8d4233fafbf8dd549e6b261c2786993be56 sideBlockHash: af1be4d1ede7fbfd00ab9058e565107319229c80a5b4875774f815b754471c05
2019/04/03 13:18:45.232680 [1;33m[WRN][m GID 994, [sideChainPowTransfer] create transaction failed: [Wallet], Available token is not enough
2019/04/03 13:18:48.218261 [1;35m[INF][m GID 86, [arbitrator] Main chain height:  284
2019/04/03 13:18:48.219223 [1;35m[INF][m GID 86, [processBlock] block height: 284 current height: 284
2019/04/03 13:18:48.219469 [1;35m[INF][m GID 86, Side chain [ XKUh4GLhFJiqAMTF6HyWQrV9pK9HcGUdfJ ] SetLastUsedUtxoHeight  284
2019/04/03 13:18:48.231979 [1;35m[INF][m GID 86, [OnDutyArbitratorChanged] I became not on duty of main
2019/04/03 13:18:49.232575 [1;35m[INF][m GID 67, currentHeight: 169  chainHeight: 170
2019/04/03 13:18:49.245126 [1;35m[INF][m GID 67,  [SyncSideChain] Side chain [ XKUh4GLhFJiqAMTF6HyWQrV9pK9HcGUdfJ ] height:  170
2019/04/03 13:18:51.255492 [1;35m[INF][m GID 67, currentHeight: 170  chainHeight: 171
2019/04/03 13:18:51.259775 [1;35m[INF][m GID 67,  [SyncSideChain] Side chain [ XKUh4GLhFJiqAMTF6HyWQrV9pK9HcGUdfJ ] height:  171
2019/04/03 13:18:54.282315 [1;35m[INF][m GID 86, [arbitrator] Main chain height:  285
2019/04/03 13:18:54.283819 [1;35m[INF][m GID 86, [processBlock] block height: 285 current height: 285
2019/04/03 13:18:54.285495 [1;35m[INF][m GID 86, Side chain [ XKUh4GLhFJiqAMTF6HyWQrV9pK9HcGUdfJ ] SetLastUsedUtxoHeight  285
2019/04/03 13:18:55.265270 [1;35m[INF][m GID 67, currentHeight: 171  chainHeight: 172
2019/04/03 13:18:55.279328 [1;35m[INF][m GID 67,  [SyncSideChain] Side chain [ XKUh4GLhFJiqAMTF6HyWQrV9pK9HcGUdfJ ] height:  172
2019/04/03 13:18:56.281330 [1;35m[INF][m GID 67, currentHeight: 172  chainHeight: 173
2019/04/03 13:18:56.316386 [1;35m[INF][m GID 67,  [SyncSideChain] Side chain [ XKUh4GLhFJiqAMTF6HyWQrV9pK9HcGUdfJ ] height:  173
2019/04/03 13:18:58.317910 [1;35m[INF][m GID 86, [arbitrator] Main chain height:  286
2019/04/03 13:18:58.319161 [1;35m[INF][m GID 67, currentHeight: 173  chainHeight: 174
2019/04/03 13:18:58.319751 [1;35m[INF][m GID 86, [processBlock] block height: 286 current height: 286
2019/04/03 13:18:58.320039 [1;35m[INF][m GID 86, Side chain [ XKUh4GLhFJiqAMTF6HyWQrV9pK9HcGUdfJ ] SetLastUsedUtxoHeight  286
2019/04/03 13:18:58.327042 [1;35m[INF][m GID 67,  [SyncSideChain] Side chain [ XKUh4GLhFJiqAMTF6HyWQrV9pK9HcGUdfJ ] height:  174
2019/04/03 13:19:02.331259 [1;35m[INF][m GID 86, [arbitrator] Main chain height:  287
2019/04/03 13:19:02.338339 [1;35m[INF][m GID 86, [processBlock] block height: 287 current height: 287
2019/04/03 13:19:02.339381 [1;35m[INF][m GID 86, Side chain [ XKUh4GLhFJiqAMTF6HyWQrV9pK9HcGUdfJ ] SetLastUsedUtxoHeight  287
2019/04/03 13:19:02.363138 [1;35m[INF][m GID 86, [OnDutyArbitratorChanged] I am on duty of main
2019/04/03 13:19:02.363258 [1;35m[INF][m GID 86, [SyncMainChainCachedTxs] start
2019/04/03 13:19:02.363446 [1;35m[INF][m GID 86, [SyncMainChainCachedTxs] end
2019/04/03 13:19:02.363474 [1;33m[WRN][m GID 86, [SyncMainChainCachedTxs] No main chain tx in dbcache
2019/04/03 13:19:02.363501 [1;35m[INF][m GID 1125, [OnDutyChanged] Start side chain mining: genesis address [ XKUh4GLhFJiqAMTF6HyWQrV9pK9HcGUdfJ ]
2019/04/03 13:19:02.363530 [1;35m[INF][m GID 1125, [sideChainPowTransfer] start
2019/04/03 13:19:02.363712 [1;35m[INF][m GID 1124, [SendCachedWithdrawTxs] start
2019/04/03 13:19:02.363938 [1;35m[INF][m GID 1124, No cached withdraw transaction need to send
2019/04/03 13:19:02.364020 [1;35m[INF][m GID 1124, [SendCachedWithdrawTxs] end
2019/04/03 13:19:02.364206 [1;35m[INF][m GID 1125, sideGenesisHash: a3c455a90843db2acd22554f2768a8d4233fafbf8dd549e6b261c2786993be56 sideBlockHash: 993653496308d4d190869d550079a01423f7e9c4c40d01ebb42356d43871d694
2019/04/03 13:19:02.369813 [1;33m[WRN][m GID 1125, [sideChainPowTransfer] create transaction failed: [Wallet], Available token is not enough
2019/04/03 13:19:04.363208 [1;35m[INF][m GID 67, currentHeight: 174  chainHeight: 175
2019/04/03 13:19:04.372939 [1;35m[INF][m GID 86, [arbitrator] Main chain height:  288
2019/04/03 13:19:04.374939 [1;35m[INF][m GID 67,  [SyncSideChain] Side chain [ XKUh4GLhFJiqAMTF6HyWQrV9pK9HcGUdfJ ] height:  175
2019/04/03 13:19:04.374978 [1;35m[INF][m GID 67, [OnDutyChanged] Start side chain mining: genesis address [ XKUh4GLhFJiqAMTF6HyWQrV9pK9HcGUdfJ ]
2019/04/03 13:19:04.375020 [1;35m[INF][m GID 67, [sideChainPowTransfer] start
2019/04/03 13:19:04.375486 [1;35m[INF][m GID 67, sideGenesisHash: a3c455a90843db2acd22554f2768a8d4233fafbf8dd549e6b261c2786993be56 sideBlockHash: de604a24d232e80c53ac25e1d4c20a262060d2c96e9ef8c89fce310ae32e36a0
2019/04/03 13:19:04.378803 [1;35m[INF][m GID 86, [processBlock] block height: 288 current height: 288
2019/04/03 13:19:04.379115 [1;35m[INF][m GID 86, Side chain [ XKUh4GLhFJiqAMTF6HyWQrV9pK9HcGUdfJ ] SetLastUsedUtxoHeight  288
2019/04/03 13:19:04.380686 [1;33m[WRN][m GID 67, [sideChainPowTransfer] create transaction failed: [Wallet], Available token is not enough
2019/04/03 13:19:04.380727 [1;35m[INF][m GID 67, [SyncSideChain] Start side chain mining, genesis address: [ XKUh4GLhFJiqAMTF6HyWQrV9pK9HcGUdfJ ]
2019/04/03 13:19:04.414153 [1;35m[INF][m GID 86, [OnDutyArbitratorChanged] I became not on duty of main
2019/04/03 13:19:05.288918 [1;35m[INF][m GID 88, Check and remove cross chain transactions from dbcache finished
2019/04/03 13:19:05.319944 [1;35m[INF][m GID 89, Warning side chain mining account:  EVmYKcJUotTqbMwe1BSexycS1dA99mbVnu: 0 
2019/04/03 13:19:07.387950 [1;35m[INF][m GID 67, currentHeight: 175  chainHeight: 176
2019/04/03 13:19:07.391435 [1;35m[INF][m GID 67,  [SyncSideChain] Side chain [ XKUh4GLhFJiqAMTF6HyWQrV9pK9HcGUdfJ ] height:  176
2019/04/03 13:19:13.837755 [1;35m[INF][m GID 1005, [Notify-Deposit] find deposit transaction and add into channel, transaction hash: f24aea6e60f9f6765aa51775d92c99cb60c387a7a025ff2f211c9bcd8385b23d
2019/04/03 13:19:13.837783 [1;35m[INF][m GID 84, [DepositListener] len tasks: 1
2019/04/03 13:19:13.837818 [1;35m[INF][m GID 84, [Notify-Process] deal with 1 transactions
2019/04/03 13:19:13.843872 [1;33m[WRN][m GID 84, [Notify-Process] i am not onduty
2019/04/03 13:19:14.457744 [1;35m[INF][m GID 86, [arbitrator] Main chain height:  289
2019/04/03 13:19:14.458501 [1;35m[INF][m GID 86, [processBlock] block height: 289 current height: 289
2019/04/03 13:19:14.458745 [1;35m[INF][m GID 86, Side chain [ XKUh4GLhFJiqAMTF6HyWQrV9pK9HcGUdfJ ] SetLastUsedUtxoHeight  289
2019/04/03 13:19:15.548018 [1;35m[INF][m GID 86, [arbitrator] Main chain height:  290
2019/04/03 13:19:15.564920 [1;35m[INF][m GID 86, [processBlock] block height: 290 current height: 290
2019/04/03 13:19:15.565335 [1;35m[INF][m GID 86, Side chain [ XKUh4GLhFJiqAMTF6HyWQrV9pK9HcGUdfJ ] SetLastUsedUtxoHeight  290
2019/04/03 13:19:16.429400 [1;35m[INF][m GID 67, currentHeight: 176  chainHeight: 177
2019/04/03 13:19:16.439849 [1;35m[INF][m GID 67,  [SyncSideChain] Side chain [ XKUh4GLhFJiqAMTF6HyWQrV9pK9HcGUdfJ ] height:  177
2019/04/03 13:19:26.709428 [1;35m[INF][m GID 86, [arbitrator] Main chain height:  291
2019/04/03 13:19:26.712317 [1;35m[INF][m GID 86, [processBlock] block height: 291 current height: 291
2019/04/03 13:19:26.712843 [1;35m[INF][m GID 86, Side chain [ XKUh4GLhFJiqAMTF6HyWQrV9pK9HcGUdfJ ] SetLastUsedUtxoHeight  291
2019/04/03 13:19:26.724700 [1;35m[INF][m GID 86, [OnDutyArbitratorChanged] I am on duty of main
2019/04/03 13:19:26.724777 [1;35m[INF][m GID 86, [SyncMainChainCachedTxs] start
2019/04/03 13:19:26.724932 [1;35m[INF][m GID 86, [SyncMainChainCachedTxs] end
2019/04/03 13:19:26.724958 [1;35m[INF][m GID 1235, [OnDutyChanged] Start side chain mining: genesis address [ XKUh4GLhFJiqAMTF6HyWQrV9pK9HcGUdfJ ]
2019/04/03 13:19:26.724981 [1;35m[INF][m GID 1235, [sideChainPowTransfer] start
2019/04/03 13:19:26.725079 [1;35m[INF][m GID 1234, [SendCachedWithdrawTxs] start
2019/04/03 13:19:26.725159 [1;35m[INF][m GID 1234, No cached withdraw transaction need to send
2019/04/03 13:19:26.725186 [1;35m[INF][m GID 1234, [SendCachedWithdrawTxs] end
2019/04/03 13:19:26.732736 [1;35m[INF][m GID 1235, sideGenesisHash: a3c455a90843db2acd22554f2768a8d4233fafbf8dd549e6b261c2786993be56 sideBlockHash: 2579ef1ba8a67718a39604d97baf7070c34900d9e2fc7cede1536d88293ae797
2019/04/03 13:19:26.744093 [1;33m[WRN][m GID 1235, [sideChainPowTransfer] create transaction failed: [Wallet], Available token is not enough
2019/04/03 13:19:30.753462 [1;35m[INF][m GID 86, [arbitrator] Main chain height:  292
2019/04/03 13:19:30.771838 [1;35m[INF][m GID 86, [processBlock] block height: 292 current height: 292
2019/04/03 13:19:30.772108 [1;35m[INF][m GID 86, Side chain [ XKUh4GLhFJiqAMTF6HyWQrV9pK9HcGUdfJ ] SetLastUsedUtxoHeight  292
2019/04/03 13:19:30.780898 [1;35m[INF][m GID 86, [OnDutyArbitratorChanged] I became not on duty of main
2019/04/03 13:19:32.493289 [1;35m[INF][m GID 67, currentHeight: 177  chainHeight: 178
2019/04/03 13:19:32.496061 [1;35m[INF][m GID 67,  [SyncSideChain] Side chain [ XKUh4GLhFJiqAMTF6HyWQrV9pK9HcGUdfJ ] height:  178
2019/04/03 13:19:43.561229 [1;35m[INF][m GID 67, currentHeight: 178  chainHeight: 179
2019/04/03 13:19:43.571002 [1;35m[INF][m GID 67,  [SyncSideChain] Side chain [ XKUh4GLhFJiqAMTF6HyWQrV9pK9HcGUdfJ ] height:  179
2019/04/03 13:19:46.599742 [1;35m[INF][m GID 67, currentHeight: 179  chainHeight: 180
2019/04/03 13:19:46.620681 [1;35m[INF][m GID 67,  [SyncSideChain] Side chain [ XKUh4GLhFJiqAMTF6HyWQrV9pK9HcGUdfJ ] height:  180
2019/04/03 13:19:47.893035 [1;35m[INF][m GID 86, [arbitrator] Main chain height:  293
2019/04/03 13:19:47.893788 [1;35m[INF][m GID 86, [processBlock] block height: 293 current height: 293
2019/04/03 13:19:47.894015 [1;35m[INF][m GID 86, Side chain [ XKUh4GLhFJiqAMTF6HyWQrV9pK9HcGUdfJ ] SetLastUsedUtxoHeight  293
2019/04/03 13:19:50.909328 [1;35m[INF][m GID 86, [arbitrator] Main chain height:  294
2019/04/03 13:19:50.920500 [1;35m[INF][m GID 86, [processBlock] block height: 294 current height: 294
2019/04/03 13:19:50.920885 [1;35m[INF][m GID 86, Side chain [ XKUh4GLhFJiqAMTF6HyWQrV9pK9HcGUdfJ ] SetLastUsedUtxoHeight  294
2019/04/03 13:19:54.935674 [1;35m[INF][m GID 86, [arbitrator] Main chain height:  295
2019/04/03 13:19:54.941254 [1;35m[INF][m GID 86, [processBlock] block height: 295 current height: 295
2019/04/03 13:19:54.941565 [1;35m[INF][m GID 86, Side chain [ XKUh4GLhFJiqAMTF6HyWQrV9pK9HcGUdfJ ] SetLastUsedUtxoHeight  295
2019/04/03 13:19:54.954582 [1;35m[INF][m GID 86, [OnDutyArbitratorChanged] I am on duty of main
2019/04/03 13:19:54.954622 [1;35m[INF][m GID 86, [SyncMainChainCachedTxs] start
2019/04/03 13:19:54.954712 [1;35m[INF][m GID 86, [SyncMainChainCachedTxs] end
2019/04/03 13:19:54.954742 [1;33m[WRN][m GID 86, [SyncMainChainCachedTxs] No main chain tx in dbcache
2019/04/03 13:19:54.954777 [1;35m[INF][m GID 1342, [OnDutyChanged] Start side chain mining: genesis address [ XKUh4GLhFJiqAMTF6HyWQrV9pK9HcGUdfJ ]
2019/04/03 13:19:54.954800 [1;35m[INF][m GID 1342, [sideChainPowTransfer] start
2019/04/03 13:19:54.954898 [1;35m[INF][m GID 1341, [SendCachedWithdrawTxs] start
2019/04/03 13:19:54.955094 [1;35m[INF][m GID 1341, No cached withdraw transaction need to send
2019/04/03 13:19:54.955116 [1;35m[INF][m GID 1341, [SendCachedWithdrawTxs] end
2019/04/03 13:19:54.961773 [1;35m[INF][m GID 1342, sideGenesisHash: a3c455a90843db2acd22554f2768a8d4233fafbf8dd549e6b261c2786993be56 sideBlockHash: ce6db4fc298495d39eb3cf1ec5e58779effdb440b5e79fce5a048bfd9710844f
2019/04/03 13:19:54.980137 [1;33m[WRN][m GID 1342, [sideChainPowTransfer] create transaction failed: [Wallet], Available token is not enough
2019/04/03 13:19:57.963251 [1;35m[INF][m GID 86, [arbitrator] Main chain height:  296
2019/04/03 13:19:57.967071 [1;35m[INF][m GID 86, [processBlock] block height: 296 current height: 296
2019/04/03 13:19:57.967330 [1;35m[INF][m GID 86, Side chain [ XKUh4GLhFJiqAMTF6HyWQrV9pK9HcGUdfJ ] SetLastUsedUtxoHeight  296
2019/04/03 13:19:57.979278 [1;35m[INF][m GID 86, [OnDutyArbitratorChanged] I became not on duty of main
2019/04/03 13:19:59.791222 [1;35m[INF][m GID 67, currentHeight: 180  chainHeight: 181
2019/04/03 13:19:59.819995 [1;35m[INF][m GID 67,  [SyncSideChain] Side chain [ XKUh4GLhFJiqAMTF6HyWQrV9pK9HcGUdfJ ] height:  181
2019/04/03 13:20:00.823419 [1;35m[INF][m GID 67, currentHeight: 181  chainHeight: 182
2019/04/03 13:20:00.852953 [1;35m[INF][m GID 67,  [SyncSideChain] Side chain [ XKUh4GLhFJiqAMTF6HyWQrV9pK9HcGUdfJ ] height:  182
2019/04/03 13:20:00.993534 [1;35m[INF][m GID 86, [arbitrator] Main chain height:  297
2019/04/03 13:20:00.994491 [1;35m[INF][m GID 86, [processBlock] block height: 297 current height: 297
2019/04/03 13:20:00.994752 [1;35m[INF][m GID 86, Side chain [ XKUh4GLhFJiqAMTF6HyWQrV9pK9HcGUdfJ ] SetLastUsedUtxoHeight  297
2019/04/03 13:20:03.856686 [1;35m[INF][m GID 67, currentHeight: 182  chainHeight: 183
2019/04/03 13:20:03.875710 [1;35m[INF][m GID 67,  [SyncSideChain] Side chain [ XKUh4GLhFJiqAMTF6HyWQrV9pK9HcGUdfJ ] height:  183
2019/04/03 13:20:05.003655 [1;35m[INF][m GID 86, [arbitrator] Main chain height:  298
2019/04/03 13:20:05.004364 [1;35m[INF][m GID 86, [processBlock] block height: 298 current height: 298
2019/04/03 13:20:05.004663 [1;35m[INF][m GID 86, Side chain [ XKUh4GLhFJiqAMTF6HyWQrV9pK9HcGUdfJ ] SetLastUsedUtxoHeight  298
2019/04/03 13:20:05.289421 [1;35m[INF][m GID 88, Check and remove cross chain transactions from dbcache finished
2019/04/03 13:20:05.320957 [1;35m[INF][m GID 89, Warning side chain mining account:  EVmYKcJUotTqbMwe1BSexycS1dA99mbVnu: 0 
2019/04/03 13:20:05.879444 [1;35m[INF][m GID 67, currentHeight: 183  chainHeight: 184
2019/04/03 13:20:05.892103 [1;35m[INF][m GID 67,  [SyncSideChain] Side chain [ XKUh4GLhFJiqAMTF6HyWQrV9pK9HcGUdfJ ] height:  184
2019/04/03 13:20:09.045432 [1;35m[INF][m GID 86, [arbitrator] Main chain height:  299
2019/04/03 13:20:09.049893 [1;35m[INF][m GID 86, [processBlock] block height: 299 current height: 299
2019/04/03 13:20:09.050189 [1;35m[INF][m GID 86, Side chain [ XKUh4GLhFJiqAMTF6HyWQrV9pK9HcGUdfJ ] SetLastUsedUtxoHeight  299
2019/04/03 13:20:09.059822 [1;35m[INF][m GID 86, [OnDutyArbitratorChanged] I am on duty of main
2019/04/03 13:20:09.059870 [1;35m[INF][m GID 86, [SyncMainChainCachedTxs] start
2019/04/03 13:20:09.059979 [1;35m[INF][m GID 86, [SyncMainChainCachedTxs] end
2019/04/03 13:20:09.060005 [1;33m[WRN][m GID 86, [SyncMainChainCachedTxs] No main chain tx in dbcache
2019/04/03 13:20:09.060024 [1;35m[INF][m GID 1407, [OnDutyChanged] Start side chain mining: genesis address [ XKUh4GLhFJiqAMTF6HyWQrV9pK9HcGUdfJ ]
2019/04/03 13:20:09.060063 [1;35m[INF][m GID 1407, [sideChainPowTransfer] start
2019/04/03 13:20:09.060149 [1;35m[INF][m GID 1406, [SendCachedWithdrawTxs] start
2019/04/03 13:20:09.060228 [1;35m[INF][m GID 1406, No cached withdraw transaction need to send
2019/04/03 13:20:09.060264 [1;35m[INF][m GID 1406, [SendCachedWithdrawTxs] end
2019/04/03 13:20:09.060717 [1;35m[INF][m GID 1407, sideGenesisHash: a3c455a90843db2acd22554f2768a8d4233fafbf8dd549e6b261c2786993be56 sideBlockHash: a59ac8fc66c6f4a14a47ee64614b714f4185ed47e9f3c0436d400d945f2063ee
2019/04/03 13:20:09.073606 [1;33m[WRN][m GID 1407, [sideChainPowTransfer] create transaction failed: [Wallet], Available token is not enough
2019/04/03 13:20:09.945231 [1;35m[INF][m GID 67, currentHeight: 184  chainHeight: 185
2019/04/03 13:20:09.964720 [1;35m[INF][m GID 67,  [SyncSideChain] Side chain [ XKUh4GLhFJiqAMTF6HyWQrV9pK9HcGUdfJ ] height:  185
2019/04/03 13:20:09.964777 [1;35m[INF][m GID 67, [OnDutyChanged] Start side chain mining: genesis address [ XKUh4GLhFJiqAMTF6HyWQrV9pK9HcGUdfJ ]
2019/04/03 13:20:09.964802 [1;35m[INF][m GID 67, [sideChainPowTransfer] start
2019/04/03 13:20:09.970679 [1;35m[INF][m GID 67, sideGenesisHash: a3c455a90843db2acd22554f2768a8d4233fafbf8dd549e6b261c2786993be56 sideBlockHash: 67b82692751feedd1989a6694dc2dc809f091485c0ea430a27c7b08c57e45c5f
2019/04/03 13:20:09.971962 [1;33m[WRN][m GID 67, [sideChainPowTransfer] create transaction failed: [Wallet], Available token is not enough
2019/04/03 13:20:09.972068 [1;35m[INF][m GID 67, [SyncSideChain] Start side chain mining, genesis address: [ XKUh4GLhFJiqAMTF6HyWQrV9pK9HcGUdfJ ]
2019/04/03 13:20:14.992707 [1;35m[INF][m GID 67, currentHeight: 185  chainHeight: 186
2019/04/03 13:20:15.004097 [1;35m[INF][m GID 67,  [SyncSideChain] Side chain [ XKUh4GLhFJiqAMTF6HyWQrV9pK9HcGUdfJ ] height:  186
2019/04/03 13:20:15.004146 [1;35m[INF][m GID 67, [OnDutyChanged] Start side chain mining: genesis address [ XKUh4GLhFJiqAMTF6HyWQrV9pK9HcGUdfJ ]
2019/04/03 13:20:15.004173 [1;35m[INF][m GID 67, [sideChainPowTransfer] start
2019/04/03 13:20:15.006220 [1;35m[INF][m GID 67, sideGenesisHash: a3c455a90843db2acd22554f2768a8d4233fafbf8dd549e6b261c2786993be56 sideBlockHash: 9eb197f64f17d3411dd9c6cc5bac1d8217999449fb19eb493574bf9edc686c12
2019/04/03 13:20:15.006829 [1;33m[WRN][m GID 67, [sideChainPowTransfer] create transaction failed: [Wallet], Available token is not enough
2019/04/03 13:20:15.006854 [1;35m[INF][m GID 67, [SyncSideChain] Start side chain mining, genesis address: [ XKUh4GLhFJiqAMTF6HyWQrV9pK9HcGUdfJ ]
2019/04/03 13:20:19.040763 [1;35m[INF][m GID 67, currentHeight: 186  chainHeight: 187
2019/04/03 13:20:19.065365 [1;35m[INF][m GID 67,  [SyncSideChain] Side chain [ XKUh4GLhFJiqAMTF6HyWQrV9pK9HcGUdfJ ] height:  187
2019/04/03 13:20:19.065423 [1;35m[INF][m GID 67, [OnDutyChanged] Start side chain mining: genesis address [ XKUh4GLhFJiqAMTF6HyWQrV9pK9HcGUdfJ ]
2019/04/03 13:20:19.065447 [1;35m[INF][m GID 67, [sideChainPowTransfer] start
2019/04/03 13:20:19.065978 [1;35m[INF][m GID 67, sideGenesisHash: a3c455a90843db2acd22554f2768a8d4233fafbf8dd549e6b261c2786993be56 sideBlockHash: 21f166d897e712d1d075e1d31859050960f2c1617b28b8dede7677c48078cb18
2019/04/03 13:20:19.089632 [1;33m[WRN][m GID 67, [sideChainPowTransfer] create transaction failed: [Wallet], Available token is not enough
2019/04/03 13:20:19.089676 [1;35m[INF][m GID 67, [SyncSideChain] Start side chain mining, genesis address: [ XKUh4GLhFJiqAMTF6HyWQrV9pK9HcGUdfJ ]
2019/04/03 13:20:23.105068 [1;35m[INF][m GID 67, currentHeight: 187  chainHeight: 188
2019/04/03 13:20:23.115890 [1;35m[INF][m GID 67,  [SyncSideChain] Side chain [ XKUh4GLhFJiqAMTF6HyWQrV9pK9HcGUdfJ ] height:  188
2019/04/03 13:20:23.115930 [1;35m[INF][m GID 67, [OnDutyChanged] Start side chain mining: genesis address [ XKUh4GLhFJiqAMTF6HyWQrV9pK9HcGUdfJ ]
2019/04/03 13:20:23.115968 [1;35m[INF][m GID 67, [sideChainPowTransfer] start
2019/04/03 13:20:23.116427 [1;35m[INF][m GID 67, sideGenesisHash: a3c455a90843db2acd22554f2768a8d4233fafbf8dd549e6b261c2786993be56 sideBlockHash: 29154e4767d1bc785878f6ecb983dd5edc8d818954e19466bc83560632be32d3
2019/04/03 13:20:23.116984 [1;33m[WRN][m GID 67, [sideChainPowTransfer] create transaction failed: [Wallet], Available token is not enough
2019/04/03 13:20:23.117031 [1;35m[INF][m GID 67, [SyncSideChain] Start side chain mining, genesis address: [ XKUh4GLhFJiqAMTF6HyWQrV9pK9HcGUdfJ ]
2019/04/03 13:20:23.170302 [1;35m[INF][m GID 86, [arbitrator] Main chain height:  300
2019/04/03 13:20:23.170947 [1;35m[INF][m GID 86, [processBlock] block height: 300 current height: 300
2019/04/03 13:20:23.171157 [1;35m[INF][m GID 86, Side chain [ XKUh4GLhFJiqAMTF6HyWQrV9pK9HcGUdfJ ] SetLastUsedUtxoHeight  300
2019/04/03 13:20:23.216650 [1;35m[INF][m GID 86, [OnDutyArbitratorChanged] I became not on duty of main
2019/04/03 13:20:29.132220 [1;35m[INF][m GID 67, currentHeight: 188  chainHeight: 189
2019/04/03 13:20:29.148694 [1;35m[INF][m GID 67,  [SyncSideChain] Side chain [ XKUh4GLhFJiqAMTF6HyWQrV9pK9HcGUdfJ ] height:  189
2019/04/03 13:20:30.273861 [1;35m[INF][m GID 86, [arbitrator] Main chain height:  301
2019/04/03 13:20:30.274672 [1;35m[INF][m GID 86, [processBlock] block height: 301 current height: 301
2019/04/03 13:20:30.274968 [1;35m[INF][m GID 86, Side chain [ XKUh4GLhFJiqAMTF6HyWQrV9pK9HcGUdfJ ] SetLastUsedUtxoHeight  301
2019/04/03 13:20:32.154519 [1;35m[INF][m GID 67, currentHeight: 189  chainHeight: 190
2019/04/03 13:20:32.169261 [1;35m[INF][m GID 67,  [SyncSideChain] Side chain [ XKUh4GLhFJiqAMTF6HyWQrV9pK9HcGUdfJ ] height:  190
2019/04/03 13:20:35.173516 [1;35m[INF][m GID 67, currentHeight: 190  chainHeight: 191
2019/04/03 13:20:35.183289 [1;35m[INF][m GID 67,  [SyncSideChain] Side chain [ XKUh4GLhFJiqAMTF6HyWQrV9pK9HcGUdfJ ] height:  191
2019/04/03 13:20:36.312884 [1;35m[INF][m GID 86, [arbitrator] Main chain height:  302
2019/04/03 13:20:36.313573 [1;35m[INF][m GID 86, [processBlock] block height: 302 current height: 302
2019/04/03 13:20:36.313782 [1;35m[INF][m GID 86, Side chain [ XKUh4GLhFJiqAMTF6HyWQrV9pK9HcGUdfJ ] SetLastUsedUtxoHeight  302
2019/04/03 13:20:41.192689 [1;35m[INF][m GID 67, currentHeight: 191  chainHeight: 192
2019/04/03 13:20:41.195942 [1;35m[INF][m GID 67,  [SyncSideChain] Side chain [ XKUh4GLhFJiqAMTF6HyWQrV9pK9HcGUdfJ ] height:  192
2019/04/03 13:20:42.199781 [1;35m[INF][m GID 67, currentHeight: 192  chainHeight: 193
2019/04/03 13:20:42.211660 [1;35m[INF][m GID 67,  [SyncSideChain] Side chain [ XKUh4GLhFJiqAMTF6HyWQrV9pK9HcGUdfJ ] height:  193
2019/04/03 13:20:43.393504 [1;35m[INF][m GID 86, [arbitrator] Main chain height:  303
2019/04/03 13:20:43.395876 [1;35m[INF][m GID 86, [processBlock] block height: 303 current height: 303
2019/04/03 13:20:43.396104 [1;35m[INF][m GID 86, Side chain [ XKUh4GLhFJiqAMTF6HyWQrV9pK9HcGUdfJ ] SetLastUsedUtxoHeight  303
2019/04/03 13:20:43.405053 [1;35m[INF][m GID 86, [OnDutyArbitratorChanged] I am on duty of main
2019/04/03 13:20:43.405093 [1;35m[INF][m GID 86, [SyncMainChainCachedTxs] start
2019/04/03 13:20:43.405154 [1;35m[INF][m GID 86, [SyncMainChainCachedTxs] end
2019/04/03 13:20:43.405178 [1;33m[WRN][m GID 86, [SyncMainChainCachedTxs] No main chain tx in dbcache
2019/04/03 13:20:43.405201 [1;35m[INF][m GID 1618, [OnDutyChanged] Start side chain mining: genesis address [ XKUh4GLhFJiqAMTF6HyWQrV9pK9HcGUdfJ ]
2019/04/03 13:20:43.405224 [1;35m[INF][m GID 1618, [sideChainPowTransfer] start
2019/04/03 13:20:43.405305 [1;35m[INF][m GID 1521, [SendCachedWithdrawTxs] start
2019/04/03 13:20:43.405383 [1;35m[INF][m GID 1521, No cached withdraw transaction need to send
2019/04/03 13:20:43.405413 [1;35m[INF][m GID 1521, [SendCachedWithdrawTxs] end
2019/04/03 13:20:43.406806 [1;35m[INF][m GID 1618, sideGenesisHash: a3c455a90843db2acd22554f2768a8d4233fafbf8dd549e6b261c2786993be56 sideBlockHash: 23b883f69e33d365fdcb47c30745786777466f870e8f819e0fcd4089184bf2c5
2019/04/03 13:20:43.407109 [1;33m[WRN][m GID 1618, [sideChainPowTransfer] create transaction failed: [Wallet], Available token is not enough
2019/04/03 13:20:47.223578 [1;35m[INF][m GID 67, currentHeight: 193  chainHeight: 194
2019/04/03 13:20:47.265098 [1;35m[INF][m GID 67,  [SyncSideChain] Side chain [ XKUh4GLhFJiqAMTF6HyWQrV9pK9HcGUdfJ ] height:  194
2019/04/03 13:20:47.265166 [1;35m[INF][m GID 67, [OnDutyChanged] Start side chain mining: genesis address [ XKUh4GLhFJiqAMTF6HyWQrV9pK9HcGUdfJ ]
2019/04/03 13:20:47.265201 [1;35m[INF][m GID 67, [sideChainPowTransfer] start
2019/04/03 13:20:47.270419 [1;35m[INF][m GID 67, sideGenesisHash: a3c455a90843db2acd22554f2768a8d4233fafbf8dd549e6b261c2786993be56 sideBlockHash: 398b0f23adbb03f65a92b7d9515b91ea55c5deb9b7cfafbcd24a527fa9b914c9
2019/04/03 13:20:47.270890 [1;33m[WRN][m GID 67, [sideChainPowTransfer] create transaction failed: [Wallet], Available token is not enough
2019/04/03 13:20:47.270934 [1;35m[INF][m GID 67, [SyncSideChain] Start side chain mining, genesis address: [ XKUh4GLhFJiqAMTF6HyWQrV9pK9HcGUdfJ ]
2019/04/03 13:20:49.434864 [1;35m[INF][m GID 86, [arbitrator] Main chain height:  304
2019/04/03 13:20:49.435578 [1;35m[INF][m GID 86, [processBlock] block height: 304 current height: 304
2019/04/03 13:20:49.435803 [1;35m[INF][m GID 86, Side chain [ XKUh4GLhFJiqAMTF6HyWQrV9pK9HcGUdfJ ] SetLastUsedUtxoHeight  304
2019/04/03 13:20:49.443718 [1;35m[INF][m GID 86, [OnDutyArbitratorChanged] I became not on duty of main
2019/04/03 13:20:58.323149 [1;35m[INF][m GID 67, currentHeight: 194  chainHeight: 195
2019/04/03 13:20:58.340559 [1;35m[INF][m GID 67,  [SyncSideChain] Side chain [ XKUh4GLhFJiqAMTF6HyWQrV9pK9HcGUdfJ ] height:  195
2019/04/03 13:20:59.488439 [1;35m[INF][m GID 86, [arbitrator] Main chain height:  305
2019/04/03 13:20:59.489527 [1;35m[INF][m GID 86, [processBlock] block height: 305 current height: 305
2019/04/03 13:20:59.489773 [1;35m[INF][m GID 86, Side chain [ XKUh4GLhFJiqAMTF6HyWQrV9pK9HcGUdfJ ] SetLastUsedUtxoHeight  305
2019/04/03 13:21:00.380600 [1;35m[INF][m GID 67, currentHeight: 195  chainHeight: 196
2019/04/03 13:21:00.403145 [1;35m[INF][m GID 67,  [SyncSideChain] Side chain [ XKUh4GLhFJiqAMTF6HyWQrV9pK9HcGUdfJ ] height:  196
2019/04/03 13:21:00.495804 [1;35m[INF][m GID 86, [SyncFromMainNode] rpc get current height failed
2019/04/03 13:21:00.495852 [1;31m[ERR][m GID 86, Arbitrator group sync error:  Post http://127.0.0.1:10026: dial tcp 127.0.0.1:10026: connect: connection refused
2019/04/03 13:21:01.496222 [1;35m[INF][m GID 86, [SyncFromMainNode] rpc get current height failed
2019/04/03 13:21:01.496274 [1;31m[ERR][m GID 86, Arbitrator group sync error:  Post http://127.0.0.1:10026: dial tcp 127.0.0.1:10026: connect: connection refused
2019/04/03 13:21:02.422182 [1;35m[INF][m GID 67, currentHeight: 196  chainHeight: 197
2019/04/03 13:21:02.441597 [1;35m[INF][m GID 67,  [SyncSideChain] Side chain [ XKUh4GLhFJiqAMTF6HyWQrV9pK9HcGUdfJ ] height:  197
2019/04/03 13:21:02.496617 [1;35m[INF][m GID 86, [SyncFromMainNode] rpc get current height failed
2019/04/03 13:21:02.496703 [1;31m[ERR][m GID 86, Arbitrator group sync error:  Post http://127.0.0.1:10026: dial tcp 127.0.0.1:10026: connect: connection refused
2019/04/03 13:21:03.505796 [1;35m[INF][m GID 86, [SyncFromMainNode] rpc get current height failed
2019/04/03 13:21:03.505923 [1;31m[ERR][m GID 86, Arbitrator group sync error:  Post http://127.0.0.1:10026: dial tcp 127.0.0.1:10026: connect: connection refused
2019/04/03 13:21:04.506688 [1;35m[INF][m GID 86, [SyncFromMainNode] rpc get current height failed
2019/04/03 13:21:04.506738 [1;31m[ERR][m GID 86, Arbitrator group sync error:  Post http://127.0.0.1:10026: dial tcp 127.0.0.1:10026: connect: connection refused
2019/04/03 13:21:05.289918 [1;35m[INF][m GID 88, Check and remove cross chain transactions from dbcache finished
2019/04/03 13:21:05.327751 [1;31m[ERR][m GID 89, Check side chain pow err get EVmYKcJUotTqbMwe1BSexycS1dA99mbVnu UTXOs failed
2019/04/03 13:21:05.508172 [1;35m[INF][m GID 86, [SyncFromMainNode] rpc get current height failed
2019/04/03 13:21:05.508235 [1;31m[ERR][m GID 86, Arbitrator group sync error:  Post http://127.0.0.1:10026: dial tcp 127.0.0.1:10026: connect: connection refused
2019/04/03 13:21:06.510097 [1;35m[INF][m GID 86, [SyncFromMainNode] rpc get current height failed
2019/04/03 13:21:06.510142 [1;31m[ERR][m GID 86, Arbitrator group sync error:  Post http://127.0.0.1:10026: dial tcp 127.0.0.1:10026: connect: connection refused
