2019/05/08 17:53:40.172584 [1;35m[INF][m GID 1, Init wallet.
2019/05/08 17:53:40.204124 [1;35m[INF][m GID 1, Arbiter version:  
2019/05/08 17:53:40.204300 [1;35m[INF][m GID 1, 1. Init chain utxo cache.
2019/05/08 17:53:40.322680 [1;35m[INF][m GID 1, 2. Init finished transaction cache.
2019/05/08 17:53:40.365522 [1;35m[INF][m GID 1, 3. Start arbitrator P2P networks.
2019/05/08 17:53:40.366007 [1;35m[INF][m GID 1, 4. Init configurations.
2019/05/08 17:53:40.393470 [1;35m[INF][m GID 1, [arbitrator] Main chain height:  1
2019/05/08 17:53:40.396216 [1;35m[INF][m GID 1, 5. Start arbitrator spv module.
2019/05/08 17:53:40.443379 [1;35m[INF][m GID 1, [StartSpvModule] register auxpow listener: EVQRDhuehyAs2P4bJZrx1JcmBPkkXbHJEw
2019/05/08 17:53:40.443507 [1;35m[INF][m GID 1, [StartSpvModule] register dposit listener: XKUh4GLhFJiqAMTF6HyWQrV9pK9HcGUdfJ
2019/05/08 17:53:40.443640 [1;35m[INF][m GID 1, [StartSpvModule] register auxpow listener: EamRAVSKik9XTfC485KZpxcmk4KhmPZCea
2019/05/08 17:53:40.443756 [1;35m[INF][m GID 1, [StartSpvModule] register dposit listener: XVfmhjxGxBKgzYxyXCJTb6YmaRfWPVunj4
2019/05/08 17:53:40.443890 [1;35m[INF][m GID 1, 6. Start arbitrator group monitor.
2019/05/08 17:53:40.443938 [1;35m[INF][m GID 1, 7. Start servers.
2019/05/08 17:53:40.443957 [1;35m[INF][m GID 1, 8. Start check and remove cross chain transactions from db.
2019/05/08 17:53:40.443973 [1;35m[INF][m GID 1, 9. Start side chain account divide.
2019/05/08 17:53:40.453665 [1;35m[INF][m GID 92, Check and remove cross chain transactions from dbcache finished
2019/05/08 17:53:44.552025 [1;35m[INF][m GID 90, [arbitrator] Main chain height:  2
2019/05/08 17:53:52.723129 [1;35m[INF][m GID 90, [arbitrator] Main chain height:  3
2019/05/08 17:53:55.837725 [1;35m[INF][m GID 90, [arbitrator] Main chain height:  4
2019/05/08 17:53:58.544351 [1;35m[INF][m GID 27, currentHeight: 0  chainHeight: 1
2019/05/08 17:53:58.569724 [1;35m[INF][m GID 27,  [SyncSideChain] Side chain [ XKUh4GLhFJiqAMTF6HyWQrV9pK9HcGUdfJ ] height:  1
2019/05/08 17:54:09.104873 [1;35m[INF][m GID 90, [arbitrator] Main chain height:  5
2019/05/08 17:54:10.697005 [1;35m[INF][m GID 27, currentHeight: 1  chainHeight: 2
2019/05/08 17:54:10.722914 [1;35m[INF][m GID 27,  [SyncSideChain] Side chain [ XKUh4GLhFJiqAMTF6HyWQrV9pK9HcGUdfJ ] height:  2
2019/05/08 17:54:26.399622 [1;35m[INF][m GID 90, [arbitrator] Main chain height:  6
2019/05/08 17:54:29.487900 [1;35m[INF][m GID 90, [arbitrator] Main chain height:  7
2019/05/08 17:54:30.069615 [1;35m[INF][m GID 27, currentHeight: 2  chainHeight: 3
2019/05/08 17:54:30.073470 [1;35m[INF][m GID 27,  [SyncSideChain] Side chain [ XKUh4GLhFJiqAMTF6HyWQrV9pK9HcGUdfJ ] height:  3
2019/05/08 17:54:33.088219 [1;35m[INF][m GID 27, currentHeight: 3  chainHeight: 4
2019/05/08 17:54:33.091213 [1;35m[INF][m GID 27,  [SyncSideChain] Side chain [ XKUh4GLhFJiqAMTF6HyWQrV9pK9HcGUdfJ ] height:  4
2019/05/08 17:54:35.519393 [1;35m[INF][m GID 90, [arbitrator] Main chain height:  8
2019/05/08 17:54:40.445496 [1;35m[INF][m GID 93, Warning side chain mining account:  EVQRDhuehyAs2P4bJZrx1JcmBPkkXbHJEw: 0 EamRAVSKik9XTfC485KZpxcmk4KhmPZCea: 0 
2019/05/08 17:54:40.455734 [1;35m[INF][m GID 92, Check and remove cross chain transactions from dbcache finished
2019/05/08 17:54:40.588540 [1;35m[INF][m GID 90, [arbitrator] Main chain height:  9
2019/05/08 17:54:46.304543 [1;35m[INF][m GID 27, currentHeight: 4  chainHeight: 5
2019/05/08 17:54:46.318478 [1;35m[INF][m GID 27,  [SyncSideChain] Side chain [ XKUh4GLhFJiqAMTF6HyWQrV9pK9HcGUdfJ ] height:  5
2019/05/08 17:54:46.725773 [1;35m[INF][m GID 90, [arbitrator] Main chain height:  10
2019/05/08 17:54:50.782410 [1;35m[INF][m GID 90, [arbitrator] Main chain height:  11
2019/05/08 17:54:52.818583 [1;35m[INF][m GID 90, [arbitrator] Main chain height:  12
2019/05/08 17:55:21.751762 [1;35m[INF][m GID 27, currentHeight: 5  chainHeight: 6
2019/05/08 17:55:21.754713 [1;35m[INF][m GID 27,  [SyncSideChain] Side chain [ XKUh4GLhFJiqAMTF6HyWQrV9pK9HcGUdfJ ] height:  6
2019/05/08 17:55:33.255631 [1;35m[INF][m GID 90, [arbitrator] Main chain height:  13
2019/05/08 17:55:33.950497 [1;35m[INF][m GID 27, currentHeight: 6  chainHeight: 7
2019/05/08 17:55:33.953998 [1;35m[INF][m GID 27,  [SyncSideChain] Side chain [ XKUh4GLhFJiqAMTF6HyWQrV9pK9HcGUdfJ ] height:  7
2019/05/08 17:55:36.292218 [1;35m[INF][m GID 90, [arbitrator] Main chain height:  14
2019/05/08 17:55:39.025641 [1;35m[INF][m GID 27, currentHeight: 7  chainHeight: 8
2019/05/08 17:55:39.029671 [1;35m[INF][m GID 27,  [SyncSideChain] Side chain [ XKUh4GLhFJiqAMTF6HyWQrV9pK9HcGUdfJ ] height:  8
2019/05/08 17:55:40.456557 [1;35m[INF][m GID 92, Check and remove cross chain transactions from dbcache finished
2019/05/08 17:55:40.469138 [1;35m[INF][m GID 93, Warning side chain mining account:  EVQRDhuehyAs2P4bJZrx1JcmBPkkXbHJEw: 0 EamRAVSKik9XTfC485KZpxcmk4KhmPZCea: 0 
2019/05/08 17:55:44.056914 [1;35m[INF][m GID 27, currentHeight: 8  chainHeight: 9
2019/05/08 17:55:44.061349 [1;35m[INF][m GID 27,  [SyncSideChain] Side chain [ XKUh4GLhFJiqAMTF6HyWQrV9pK9HcGUdfJ ] height:  9
2019/05/08 17:55:46.460860 [1;35m[INF][m GID 90, [arbitrator] Main chain height:  15
2019/05/08 17:55:53.146427 [1;35m[INF][m GID 27, currentHeight: 9  chainHeight: 10
2019/05/08 17:55:53.175343 [1;35m[INF][m GID 27,  [SyncSideChain] Side chain [ XKUh4GLhFJiqAMTF6HyWQrV9pK9HcGUdfJ ] height:  10
2019/05/08 17:56:02.292589 [1;35m[INF][m GID 27, currentHeight: 10  chainHeight: 11
2019/05/08 17:56:02.329914 [1;35m[INF][m GID 27,  [SyncSideChain] Side chain [ XKUh4GLhFJiqAMTF6HyWQrV9pK9HcGUdfJ ] height:  11
2019/05/08 17:56:08.371980 [1;35m[INF][m GID 27, currentHeight: 11  chainHeight: 12
2019/05/08 17:56:08.377547 [1;35m[INF][m GID 27,  [SyncSideChain] Side chain [ XKUh4GLhFJiqAMTF6HyWQrV9pK9HcGUdfJ ] height:  12
2019/05/08 17:56:20.982183 [1;35m[INF][m GID 90, [arbitrator] Main chain height:  16
2019/05/08 17:56:33.834785 [1;35m[INF][m GID 28, currentHeight: 0  chainHeight: 1
2019/05/08 17:56:33.837984 [1;35m[INF][m GID 28,  [SyncSideChain] Side chain [ XVfmhjxGxBKgzYxyXCJTb6YmaRfWPVunj4 ] height:  1
2019/05/08 17:56:34.904510 [1;35m[INF][m GID 28, currentHeight: 1  chainHeight: 2
2019/05/08 17:56:34.910606 [1;35m[INF][m GID 28,  [SyncSideChain] Side chain [ XVfmhjxGxBKgzYxyXCJTb6YmaRfWPVunj4 ] height:  2
2019/05/08 17:56:40.457811 [1;35m[INF][m GID 92, Check and remove cross chain transactions from dbcache finished
2019/05/08 17:56:40.483778 [1;35m[INF][m GID 93, Warning side chain mining account:  EVQRDhuehyAs2P4bJZrx1JcmBPkkXbHJEw: 0 EamRAVSKik9XTfC485KZpxcmk4KhmPZCea: 0 
2019/05/08 17:56:40.679670 [1;35m[INF][m GID 27, currentHeight: 12  chainHeight: 13
2019/05/08 17:56:40.684682 [1;35m[INF][m GID 27,  [SyncSideChain] Side chain [ XKUh4GLhFJiqAMTF6HyWQrV9pK9HcGUdfJ ] height:  13
2019/05/08 17:56:42.307169 [1;35m[INF][m GID 90, [arbitrator] Main chain height:  17
2019/05/08 17:56:50.391114 [1;35m[INF][m GID 90, [arbitrator] Main chain height:  18
2019/05/08 17:56:53.953206 [1;35m[INF][m GID 27, currentHeight: 13  chainHeight: 14
2019/05/08 17:56:53.956165 [1;35m[INF][m GID 27,  [SyncSideChain] Side chain [ XKUh4GLhFJiqAMTF6HyWQrV9pK9HcGUdfJ ] height:  14
2019/05/08 17:56:55.476274 [1;35m[INF][m GID 90, [arbitrator] Main chain height:  19
2019/05/08 17:57:17.370653 [1;35m[INF][m GID 27, currentHeight: 14  chainHeight: 15
2019/05/08 17:57:17.381721 [1;35m[INF][m GID 27,  [SyncSideChain] Side chain [ XKUh4GLhFJiqAMTF6HyWQrV9pK9HcGUdfJ ] height:  15
2019/05/08 17:57:37.790161 [1;35m[INF][m GID 27, currentHeight: 15  chainHeight: 16
2019/05/08 17:57:37.805583 [1;35m[INF][m GID 27,  [SyncSideChain] Side chain [ XKUh4GLhFJiqAMTF6HyWQrV9pK9HcGUdfJ ] height:  16
2019/05/08 17:57:40.228918 [1;35m[INF][m GID 90, [arbitrator] Main chain height:  20
2019/05/08 17:57:40.458364 [1;35m[INF][m GID 92, Check and remove cross chain transactions from dbcache finished
2019/05/08 17:57:40.520614 [1;35m[INF][m GID 93, Warning side chain mining account:  EVQRDhuehyAs2P4bJZrx1JcmBPkkXbHJEw: 0 EamRAVSKik9XTfC485KZpxcmk4KhmPZCea: 0 
2019/05/08 17:57:44.314816 [1;35m[INF][m GID 90, [arbitrator] Main chain height:  21
2019/05/08 17:57:57.085643 [1;35m[INF][m GID 28, currentHeight: 2  chainHeight: 3
2019/05/08 17:57:57.092208 [1;35m[INF][m GID 28,  [SyncSideChain] Side chain [ XVfmhjxGxBKgzYxyXCJTb6YmaRfWPVunj4 ] height:  3
2019/05/08 17:58:01.605595 [1;35m[INF][m GID 90, [arbitrator] Main chain height:  22
2019/05/08 17:58:02.129116 [1;35m[INF][m GID 27, currentHeight: 16  chainHeight: 17
2019/05/08 17:58:02.135195 [1;35m[INF][m GID 27,  [SyncSideChain] Side chain [ XKUh4GLhFJiqAMTF6HyWQrV9pK9HcGUdfJ ] height:  17
2019/05/08 17:58:04.204823 [1;35m[INF][m GID 27, currentHeight: 17  chainHeight: 18
2019/05/08 17:58:04.210314 [1;35m[INF][m GID 27,  [SyncSideChain] Side chain [ XKUh4GLhFJiqAMTF6HyWQrV9pK9HcGUdfJ ] height:  18
2019/05/08 17:58:08.704107 [1;35m[INF][m GID 90, [arbitrator] Main chain height:  23
2019/05/08 17:58:11.293191 [1;35m[INF][m GID 27, currentHeight: 18  chainHeight: 19
2019/05/08 17:58:11.307095 [1;35m[INF][m GID 27,  [SyncSideChain] Side chain [ XKUh4GLhFJiqAMTF6HyWQrV9pK9HcGUdfJ ] height:  19
2019/05/08 17:58:14.795271 [1;35m[INF][m GID 90, [arbitrator] Main chain height:  24
2019/05/08 17:58:18.868800 [1;35m[INF][m GID 90, [arbitrator] Main chain height:  25
2019/05/08 17:58:20.897966 [1;35m[INF][m GID 90, [arbitrator] Main chain height:  26
2019/05/08 17:58:25.126867 [1;35m[INF][m GID 90, [arbitrator] Main chain height:  27
2019/05/08 17:58:29.639829 [1;35m[INF][m GID 27, currentHeight: 19  chainHeight: 20
2019/05/08 17:58:29.666035 [1;35m[INF][m GID 27,  [SyncSideChain] Side chain [ XKUh4GLhFJiqAMTF6HyWQrV9pK9HcGUdfJ ] height:  20
2019/05/08 17:58:32.160464 [1;35m[INF][m GID 90, [arbitrator] Main chain height:  28
2019/05/08 17:58:36.267542 [1;35m[INF][m GID 90, [arbitrator] Main chain height:  29
2019/05/08 17:58:40.459329 [1;35m[INF][m GID 92, Check and remove cross chain transactions from dbcache finished
2019/05/08 17:58:40.547889 [1;35m[INF][m GID 93, Warning side chain mining account:  EVQRDhuehyAs2P4bJZrx1JcmBPkkXbHJEw: 0 EamRAVSKik9XTfC485KZpxcmk4KhmPZCea: 0 
2019/05/08 17:58:42.563036 [1;35m[INF][m GID 90, [SyncFromMainNode] rpc get current height failed
2019/05/08 17:58:42.563104 [1;31m[ERR][m GID 90, Arbitrator group sync error:  Post http://ela-mainchain-crc-1:10014: dial tcp 172.28.0.8:10014: connect: connection refused
2019/05/08 17:58:43.572508 [1;35m[INF][m GID 90, [SyncFromMainNode] rpc get current height failed
2019/05/08 17:58:43.572585 [1;31m[ERR][m GID 90, Arbitrator group sync error:  Post http://ela-mainchain-crc-1:10014: dial tcp 172.28.0.8:10014: connect: connection refused
2019/05/08 17:58:51.834376 [1;35m[INF][m GID 90, [arbitrator] Main chain height:  30
