2019/05/10 00:28:30.481185 [1;35m[INF][m GID 1, Init wallet.
2019/05/10 00:28:30.545563 [1;35m[INF][m GID 1, Arbiter version:  
2019/05/10 00:28:30.547256 [1;35m[INF][m GID 1, 1. Init chain utxo cache.
2019/05/10 00:28:30.556872 [1;35m[INF][m GID 1, 2. Init finished transaction cache.
2019/05/10 00:28:30.564224 [1;35m[INF][m GID 1, 3. Start arbitrator P2P networks.
2019/05/10 00:28:30.569475 [1;35m[INF][m GID 1, 4. Init configurations.
2019/05/10 00:28:30.588834 [1;35m[INF][m GID 34, currentHeight: 141  chainHeight: 434
2019/05/10 00:28:30.633942 [1;35m[INF][m GID 1, [arbitrator] Main chain height:  214
2019/05/10 00:28:30.728574 [1;35m[INF][m GID 1, 5. Start arbitrator spv module.
2019/05/10 00:28:30.967237 [1;35m[INF][m GID 1, [StartSpvModule] register auxpow listener: EVQRDhuehyAs2P4bJZrx1JcmBPkkXbHJEw
2019/05/10 00:28:30.967523 [1;35m[INF][m GID 1, [StartSpvModule] register dposit listener: XKUh4GLhFJiqAMTF6HyWQrV9pK9HcGUdfJ
2019/05/10 00:28:30.968228 [1;35m[INF][m GID 1, [StartSpvModule] register auxpow listener: EamRAVSKik9XTfC485KZpxcmk4KhmPZCea
2019/05/10 00:28:30.968419 [1;35m[INF][m GID 1, [StartSpvModule] register dposit listener: XVfmhjxGxBKgzYxyXCJTb6YmaRfWPVunj4
2019/05/10 00:28:30.968600 [1;35m[INF][m GID 1, 6. Start arbitrator group monitor.
2019/05/10 00:28:30.968800 [1;35m[INF][m GID 1, 7. Start servers.
2019/05/10 00:28:30.968857 [1;35m[INF][m GID 1, 8. Start check and remove cross chain transactions from db.
2019/05/10 00:28:30.992441 [1;35m[INF][m GID 1, 9. Start side chain account divide.
2019/05/10 00:28:30.993898 [1;35m[INF][m GID 146, Check and remove cross chain transactions from dbcache finished
2019/05/10 00:28:34.019699 [1;35m[INF][m GID 34,  [SyncSideChain] Side chain [ XKUh4GLhFJiqAMTF6HyWQrV9pK9HcGUdfJ ] height:  434
2019/05/10 00:28:36.026323 [1;35m[INF][m GID 34, currentHeight: 434  chainHeight: 435
2019/05/10 00:28:36.032154 [1;35m[INF][m GID 34,  [SyncSideChain] Side chain [ XKUh4GLhFJiqAMTF6HyWQrV9pK9HcGUdfJ ] height:  435
2019/05/10 00:28:36.070607 [1;35m[INF][m GID 90, [arbitrator] Main chain height:  215
2019/05/10 00:28:38.172796 [1;35m[INF][m GID 34, currentHeight: 435  chainHeight: 436
2019/05/10 00:28:38.210500 [1;35m[INF][m GID 34,  [SyncSideChain] Side chain [ XKUh4GLhFJiqAMTF6HyWQrV9pK9HcGUdfJ ] height:  436
2019/05/10 00:28:41.293625 [1;35m[INF][m GID 34, currentHeight: 436  chainHeight: 437
2019/05/10 00:28:41.322889 [1;35m[INF][m GID 34,  [SyncSideChain] Side chain [ XKUh4GLhFJiqAMTF6HyWQrV9pK9HcGUdfJ ] height:  437
2019/05/10 00:28:44.852764 [1;35m[INF][m GID 35, currentHeight: 43  chainHeight: 44
2019/05/10 00:28:44.963422 [1;35m[INF][m GID 35,  [SyncSideChain] Side chain [ XVfmhjxGxBKgzYxyXCJTb6YmaRfWPVunj4 ] height:  44
2019/05/10 00:28:46.245293 [1;35m[INF][m GID 90, [arbitrator] Main chain height:  216
2019/05/10 00:28:46.248984 [1;35m[INF][m GID 90, [OnDutyArbitratorChanged] I am on duty of main
2019/05/10 00:28:46.249160 [1;35m[INF][m GID 90, [SyncMainChainCachedTxs] start
2019/05/10 00:28:46.249327 [1;35m[INF][m GID 90, [SyncMainChainCachedTxs] end
2019/05/10 00:28:46.249439 [1;33m[WRN][m GID 90, [SyncMainChainCachedTxs] No main chain tx in dbcache
2019/05/10 00:28:46.249550 [1;35m[INF][m GID 158, [OnDutyChanged] Start side chain mining: genesis address [ XVfmhjxGxBKgzYxyXCJTb6YmaRfWPVunj4 ]
2019/05/10 00:28:46.249657 [1;35m[INF][m GID 158, [sideChainPowTransfer] start
2019/05/10 00:28:46.249872 [1;35m[INF][m GID 157, [OnDutyChanged] Start side chain mining: genesis address [ XKUh4GLhFJiqAMTF6HyWQrV9pK9HcGUdfJ ]
2019/05/10 00:28:46.249897 [1;35m[INF][m GID 157, [sideChainPowTransfer] start
2019/05/10 00:28:46.250109 [1;35m[INF][m GID 155, [SendCachedWithdrawTxs] start
2019/05/10 00:28:46.250258 [1;35m[INF][m GID 155, No cached withdraw transaction need to send
2019/05/10 00:28:46.250302 [1;35m[INF][m GID 155, [SendCachedWithdrawTxs] end
2019/05/10 00:28:46.250378 [1;35m[INF][m GID 156, [SendCachedWithdrawTxs] start
2019/05/10 00:28:46.250516 [1;35m[INF][m GID 156, No cached withdraw transaction need to send
2019/05/10 00:28:46.250635 [1;35m[INF][m GID 156, [SendCachedWithdrawTxs] end
2019/05/10 00:28:46.251189 [1;35m[INF][m GID 157, sideGenesisHash: a3c455a90843db2acd22554f2768a8d4233fafbf8dd549e6b261c2786993be56 sideBlockHash: f80c02f73bb7fd7541b329de0a1bbe549bb5a09167bea997bb3652d2ad48c696
2019/05/10 00:28:46.252107 [1;33m[WRN][m GID 157, [sideChainPowTransfer] create transaction failed: [Wallet], Available token is not enough
2019/05/10 00:28:46.306332 [1;35m[INF][m GID 158, sideGenesisHash: 0e739a2b87774ef2266a3cabc79a8e1201732fe409cfe50bd4125efb1d1169b5 sideBlockHash: 3f3804280b9b9e6364bf915ea2840407b30d4c0660ce0b841b0575ec77a54677
2019/05/10 00:28:46.316541 [1;33m[WRN][m GID 158, [sideChainPowTransfer] create transaction failed: [Wallet], Available token is not enough
2019/05/10 00:28:47.409342 [1;35m[INF][m GID 34, currentHeight: 437  chainHeight: 438
2019/05/10 00:28:47.426792 [1;35m[INF][m GID 34,  [SyncSideChain] Side chain [ XKUh4GLhFJiqAMTF6HyWQrV9pK9HcGUdfJ ] height:  438
2019/05/10 00:28:47.426855 [1;35m[INF][m GID 34, [OnDutyChanged] Start side chain mining: genesis address [ XKUh4GLhFJiqAMTF6HyWQrV9pK9HcGUdfJ ]
2019/05/10 00:28:47.426989 [1;35m[INF][m GID 34, [sideChainPowTransfer] start
2019/05/10 00:28:47.454320 [1;35m[INF][m GID 34, sideGenesisHash: a3c455a90843db2acd22554f2768a8d4233fafbf8dd549e6b261c2786993be56 sideBlockHash: d0cb20c77bfcb56d39d9b125f6a908bedae83c8bd5f7346a77e28d35ed5ef81e
2019/05/10 00:28:47.454851 [1;33m[WRN][m GID 34, [sideChainPowTransfer] create transaction failed: [Wallet], Available token is not enough
2019/05/10 00:28:47.454910 [1;35m[INF][m GID 34, [SyncSideChain] Start side chain mining, genesis address: [ XKUh4GLhFJiqAMTF6HyWQrV9pK9HcGUdfJ ]
2019/05/10 00:28:52.311824 [1;35m[INF][m GID 90, [arbitrator] Main chain height:  217
2019/05/10 00:28:52.315229 [1;35m[INF][m GID 90, [OnDutyArbitratorChanged] I became not on duty of main
2019/05/10 00:28:55.583602 [1;35m[INF][m GID 34, currentHeight: 438  chainHeight: 439
2019/05/10 00:28:55.587105 [1;35m[INF][m GID 34,  [SyncSideChain] Side chain [ XKUh4GLhFJiqAMTF6HyWQrV9pK9HcGUdfJ ] height:  439
2019/05/10 00:29:16.305324 [1;35m[INF][m GID 34, currentHeight: 439  chainHeight: 440
2019/05/10 00:29:16.352922 [1;35m[INF][m GID 34,  [SyncSideChain] Side chain [ XKUh4GLhFJiqAMTF6HyWQrV9pK9HcGUdfJ ] height:  440
2019/05/10 00:29:27.513002 [1;35m[INF][m GID 90, [arbitrator] Main chain height:  218
2019/05/10 00:29:30.997249 [1;35m[INF][m GID 146, Check and remove cross chain transactions from dbcache finished
2019/05/10 00:29:31.003169 [1;35m[INF][m GID 92, Warning side chain mining account:  EVQRDhuehyAs2P4bJZrx1JcmBPkkXbHJEw: 0 EamRAVSKik9XTfC485KZpxcmk4KhmPZCea: 0 
2019/05/10 00:29:33.644924 [1;35m[INF][m GID 90, [arbitrator] Main chain height:  219
2019/05/10 00:29:46.416365 [1;35m[INF][m GID 34, currentHeight: 440  chainHeight: 441
2019/05/10 00:29:46.499324 [1;35m[INF][m GID 34,  [SyncSideChain] Side chain [ XKUh4GLhFJiqAMTF6HyWQrV9pK9HcGUdfJ ] height:  441
2019/05/10 00:29:51.890314 [1;35m[INF][m GID 90, [arbitrator] Main chain height:  220
2019/05/10 00:29:51.893460 [1;35m[INF][m GID 90, [OnDutyArbitratorChanged] I am on duty of main
2019/05/10 00:29:51.893721 [1;35m[INF][m GID 90, [SyncMainChainCachedTxs] start
2019/05/10 00:29:51.893888 [1;35m[INF][m GID 90, [SyncMainChainCachedTxs] end
2019/05/10 00:29:51.894063 [1;33m[WRN][m GID 90, [SyncMainChainCachedTxs] No main chain tx in dbcache
2019/05/10 00:29:51.894813 [1;35m[INF][m GID 335, [SendCachedWithdrawTxs] start
2019/05/10 00:29:51.894957 [1;35m[INF][m GID 335, No cached withdraw transaction need to send
2019/05/10 00:29:51.895068 [1;35m[INF][m GID 335, [SendCachedWithdrawTxs] end
2019/05/10 00:29:51.895181 [1;35m[INF][m GID 334, [SendCachedWithdrawTxs] start
2019/05/10 00:29:51.895331 [1;35m[INF][m GID 334, No cached withdraw transaction need to send
2019/05/10 00:29:51.895439 [1;35m[INF][m GID 334, [SendCachedWithdrawTxs] end
2019/05/10 00:29:51.895462 [1;35m[INF][m GID 336, [OnDutyChanged] Start side chain mining: genesis address [ XKUh4GLhFJiqAMTF6HyWQrV9pK9HcGUdfJ ]
2019/05/10 00:29:51.895617 [1;35m[INF][m GID 336, [sideChainPowTransfer] start
2019/05/10 00:29:51.895837 [1;35m[INF][m GID 337, [OnDutyChanged] Start side chain mining: genesis address [ XVfmhjxGxBKgzYxyXCJTb6YmaRfWPVunj4 ]
2019/05/10 00:29:51.895956 [1;35m[INF][m GID 337, [sideChainPowTransfer] start
2019/05/10 00:29:51.900719 [1;35m[INF][m GID 336, sideGenesisHash: a3c455a90843db2acd22554f2768a8d4233fafbf8dd549e6b261c2786993be56 sideBlockHash: e73a28a58ba86e42894c61ca4b474521def9b747caba2365f96ac376f8e47561
2019/05/10 00:29:51.904823 [1;33m[WRN][m GID 336, [sideChainPowTransfer] create transaction failed: [Wallet], Available token is not enough
2019/05/10 00:29:51.907548 [1;35m[INF][m GID 337, sideGenesisHash: 0e739a2b87774ef2266a3cabc79a8e1201732fe409cfe50bd4125efb1d1169b5 sideBlockHash: 5b1b5950548c56c7c5ea61c649f229177011c6b32b0d20ec6832b49ff649a5f5
2019/05/10 00:29:51.914563 [1;33m[WRN][m GID 337, [sideChainPowTransfer] create transaction failed: [Wallet], Available token is not enough
2019/05/10 00:29:57.634841 [1;35m[INF][m GID 34, currentHeight: 441  chainHeight: 442
2019/05/10 00:29:57.638828 [1;35m[INF][m GID 34,  [SyncSideChain] Side chain [ XKUh4GLhFJiqAMTF6HyWQrV9pK9HcGUdfJ ] height:  442
2019/05/10 00:29:57.638883 [1;35m[INF][m GID 34, [OnDutyChanged] Start side chain mining: genesis address [ XKUh4GLhFJiqAMTF6HyWQrV9pK9HcGUdfJ ]
2019/05/10 00:29:57.639008 [1;35m[INF][m GID 34, [sideChainPowTransfer] start
2019/05/10 00:29:57.649121 [1;35m[INF][m GID 34, sideGenesisHash: a3c455a90843db2acd22554f2768a8d4233fafbf8dd549e6b261c2786993be56 sideBlockHash: 6c5d92fcda80da4e37cf9efe41ffd67b40ee38018d2e801d99d69a84ce1f19ff
2019/05/10 00:29:57.654367 [1;33m[WRN][m GID 34, [sideChainPowTransfer] create transaction failed: [Wallet], Available token is not enough
2019/05/10 00:29:57.654397 [1;35m[INF][m GID 34, [SyncSideChain] Start side chain mining, genesis address: [ XKUh4GLhFJiqAMTF6HyWQrV9pK9HcGUdfJ ]
2019/05/10 00:30:01.214425 [1;35m[INF][m GID 35, currentHeight: 44  chainHeight: 46
2019/05/10 00:30:01.291501 [1;35m[INF][m GID 35,  [SyncSideChain] Side chain [ XVfmhjxGxBKgzYxyXCJTb6YmaRfWPVunj4 ] height:  46
2019/05/10 00:30:01.291597 [1;35m[INF][m GID 35, [OnDutyChanged] Start side chain mining: genesis address [ XVfmhjxGxBKgzYxyXCJTb6YmaRfWPVunj4 ]
2019/05/10 00:30:01.291817 [1;35m[INF][m GID 35, [sideChainPowTransfer] start
2019/05/10 00:30:01.293750 [1;35m[INF][m GID 35, sideGenesisHash: 0e739a2b87774ef2266a3cabc79a8e1201732fe409cfe50bd4125efb1d1169b5 sideBlockHash: d802e893740e584d09ab0cb8abaf9cb2f3b995bb3d0170e8a914575c83193fee
2019/05/10 00:30:01.294270 [1;33m[WRN][m GID 35, [sideChainPowTransfer] create transaction failed: [Wallet], Available token is not enough
2019/05/10 00:30:01.294295 [1;35m[INF][m GID 35, [SyncSideChain] Start side chain mining, genesis address: [ XVfmhjxGxBKgzYxyXCJTb6YmaRfWPVunj4 ]
2019/05/10 00:30:05.067850 [1;35m[INF][m GID 90, [arbitrator] Main chain height:  221
2019/05/10 00:30:05.070940 [1;35m[INF][m GID 90, [OnDutyArbitratorChanged] I became not on duty of main
2019/05/10 00:30:12.142796 [1;35m[INF][m GID 90, [arbitrator] Main chain height:  222
2019/05/10 00:30:27.396128 [1;35m[INF][m GID 90, [arbitrator] Main chain height:  223
2019/05/10 00:30:30.998795 [1;35m[INF][m GID 146, Check and remove cross chain transactions from dbcache finished
2019/05/10 00:30:31.049362 [1;35m[INF][m GID 92, Warning side chain mining account:  EVQRDhuehyAs2P4bJZrx1JcmBPkkXbHJEw: 0 EamRAVSKik9XTfC485KZpxcmk4KhmPZCea: 0 
2019/05/10 00:30:34.876709 [1;35m[INF][m GID 35, currentHeight: 46  chainHeight: 47
2019/05/10 00:30:34.880657 [1;35m[INF][m GID 35,  [SyncSideChain] Side chain [ XVfmhjxGxBKgzYxyXCJTb6YmaRfWPVunj4 ] height:  47
2019/05/10 00:30:39.606985 [1;35m[INF][m GID 90, [arbitrator] Main chain height:  224
2019/05/10 00:30:39.610229 [1;35m[INF][m GID 90, [OnDutyArbitratorChanged] I am on duty of main
2019/05/10 00:30:39.610358 [1;35m[INF][m GID 90, [SyncMainChainCachedTxs] start
2019/05/10 00:30:39.610526 [1;35m[INF][m GID 90, [SyncMainChainCachedTxs] end
2019/05/10 00:30:39.610653 [1;33m[WRN][m GID 90, [SyncMainChainCachedTxs] No main chain tx in dbcache
2019/05/10 00:30:39.610760 [1;35m[INF][m GID 399, [SendCachedWithdrawTxs] start
2019/05/10 00:30:39.610901 [1;35m[INF][m GID 399, No cached withdraw transaction need to send
2019/05/10 00:30:39.610993 [1;35m[INF][m GID 399, [SendCachedWithdrawTxs] end
2019/05/10 00:30:39.611095 [1;35m[INF][m GID 398, [SendCachedWithdrawTxs] start
2019/05/10 00:30:39.611228 [1;35m[INF][m GID 398, No cached withdraw transaction need to send
2019/05/10 00:30:39.611274 [1;35m[INF][m GID 398, [SendCachedWithdrawTxs] end
2019/05/10 00:30:39.611365 [1;35m[INF][m GID 400, [OnDutyChanged] Start side chain mining: genesis address [ XKUh4GLhFJiqAMTF6HyWQrV9pK9HcGUdfJ ]
2019/05/10 00:30:39.611438 [1;35m[INF][m GID 400, [sideChainPowTransfer] start
2019/05/10 00:30:39.611654 [1;35m[INF][m GID 401, [OnDutyChanged] Start side chain mining: genesis address [ XVfmhjxGxBKgzYxyXCJTb6YmaRfWPVunj4 ]
2019/05/10 00:30:39.611679 [1;35m[INF][m GID 401, [sideChainPowTransfer] start
2019/05/10 00:30:39.628718 [1;35m[INF][m GID 401, sideGenesisHash: 0e739a2b87774ef2266a3cabc79a8e1201732fe409cfe50bd4125efb1d1169b5 sideBlockHash: c0f4f6b2a004eb67ef5c4b873e894ca195f055dc434f2e8d68716c745d994c8d
2019/05/10 00:30:39.666869 [1;33m[WRN][m GID 401, [sideChainPowTransfer] create transaction failed: [Wallet], Available token is not enough
2019/05/10 00:30:39.729118 [1;35m[INF][m GID 400, sideGenesisHash: a3c455a90843db2acd22554f2768a8d4233fafbf8dd549e6b261c2786993be56 sideBlockHash: de874782abd1e92aab7d7d24d3b65fd64eadaf488b9359fafa20985e17c2a5dc
2019/05/10 00:30:39.729847 [1;33m[WRN][m GID 400, [sideChainPowTransfer] create transaction failed: [Wallet], Available token is not enough
2019/05/10 00:30:44.755805 [1;35m[INF][m GID 90, [arbitrator] Main chain height:  225
2019/05/10 00:30:44.774860 [1;35m[INF][m GID 90, [OnDutyArbitratorChanged] I became not on duty of main
2019/05/10 00:30:56.910594 [1;35m[INF][m GID 90, [arbitrator] Main chain height:  226
2019/05/10 00:30:59.954819 [1;35m[INF][m GID 90, [arbitrator] Main chain height:  227
2019/05/10 00:31:03.435674 [1;35m[INF][m GID 34, currentHeight: 442  chainHeight: 443
2019/05/10 00:31:03.447870 [1;35m[INF][m GID 34,  [SyncSideChain] Side chain [ XKUh4GLhFJiqAMTF6HyWQrV9pK9HcGUdfJ ] height:  443
2019/05/10 00:31:06.037066 [1;35m[INF][m GID 90, [arbitrator] Main chain height:  228
2019/05/10 00:31:06.040164 [1;35m[INF][m GID 90, [OnDutyArbitratorChanged] I am on duty of main
2019/05/10 00:31:06.040289 [1;35m[INF][m GID 90, [SyncMainChainCachedTxs] start
2019/05/10 00:31:06.040495 [1;35m[INF][m GID 90, [SyncMainChainCachedTxs] end
2019/05/10 00:31:06.040623 [1;33m[WRN][m GID 90, [SyncMainChainCachedTxs] No main chain tx in dbcache
2019/05/10 00:31:06.040717 [1;35m[INF][m GID 457, [SendCachedWithdrawTxs] start
2019/05/10 00:31:06.040854 [1;35m[INF][m GID 457, No cached withdraw transaction need to send
2019/05/10 00:31:06.040900 [1;35m[INF][m GID 457, [SendCachedWithdrawTxs] end
2019/05/10 00:31:06.040957 [1;35m[INF][m GID 456, [SendCachedWithdrawTxs] start
2019/05/10 00:31:06.041104 [1;35m[INF][m GID 456, No cached withdraw transaction need to send
2019/05/10 00:31:06.041150 [1;35m[INF][m GID 456, [SendCachedWithdrawTxs] end
2019/05/10 00:31:06.041257 [1;35m[INF][m GID 458, [OnDutyChanged] Start side chain mining: genesis address [ XKUh4GLhFJiqAMTF6HyWQrV9pK9HcGUdfJ ]
2019/05/10 00:31:06.041283 [1;35m[INF][m GID 458, [sideChainPowTransfer] start
2019/05/10 00:31:06.041435 [1;35m[INF][m GID 459, [OnDutyChanged] Start side chain mining: genesis address [ XVfmhjxGxBKgzYxyXCJTb6YmaRfWPVunj4 ]
2019/05/10 00:31:06.041536 [1;35m[INF][m GID 459, [sideChainPowTransfer] start
2019/05/10 00:31:06.042270 [1;35m[INF][m GID 459, sideGenesisHash: 0e739a2b87774ef2266a3cabc79a8e1201732fe409cfe50bd4125efb1d1169b5 sideBlockHash: b9a586fd928d5407e18a1a008d9e560853ccbecc37ab2c3b90b0eb79eefff0ef
2019/05/10 00:31:06.043551 [1;35m[INF][m GID 458, sideGenesisHash: a3c455a90843db2acd22554f2768a8d4233fafbf8dd549e6b261c2786993be56 sideBlockHash: e78cd5af19040140c7bc08cc3b9fe3e353f921f1cdd6f1c5ce1bd9053da803e9
2019/05/10 00:31:06.045910 [1;33m[WRN][m GID 458, [sideChainPowTransfer] create transaction failed: [Wallet], Available token is not enough
2019/05/10 00:31:06.049729 [1;33m[WRN][m GID 459, [sideChainPowTransfer] create transaction failed: [Wallet], Available token is not enough
2019/05/10 00:31:14.122749 [1;35m[INF][m GID 90, [arbitrator] Main chain height:  229
2019/05/10 00:31:14.133513 [1;35m[INF][m GID 90, [OnDutyArbitratorChanged] I became not on duty of main
2019/05/10 00:31:17.717682 [1;35m[INF][m GID 34, currentHeight: 443  chainHeight: 444
2019/05/10 00:31:17.721272 [1;35m[INF][m GID 34,  [SyncSideChain] Side chain [ XKUh4GLhFJiqAMTF6HyWQrV9pK9HcGUdfJ ] height:  444
2019/05/10 00:31:20.337532 [1;35m[INF][m GID 90, [arbitrator] Main chain height:  230
2019/05/10 00:31:25.485399 [1;35m[INF][m GID 90, [arbitrator] Main chain height:  231
2019/05/10 00:31:30.999246 [1;35m[INF][m GID 146, Check and remove cross chain transactions from dbcache finished
2019/05/10 00:31:31.133713 [1;35m[INF][m GID 92, Warning side chain mining account:  EVQRDhuehyAs2P4bJZrx1JcmBPkkXbHJEw: 0 EamRAVSKik9XTfC485KZpxcmk4KhmPZCea: 0 
2019/05/10 00:31:34.878367 [1;35m[INF][m GID 34, currentHeight: 444  chainHeight: 445
2019/05/10 00:31:34.882095 [1;35m[INF][m GID 34,  [SyncSideChain] Side chain [ XKUh4GLhFJiqAMTF6HyWQrV9pK9HcGUdfJ ] height:  445
2019/05/10 00:31:40.053338 [1;35m[INF][m GID 34, currentHeight: 445  chainHeight: 446
2019/05/10 00:31:40.085122 [1;35m[INF][m GID 34,  [SyncSideChain] Side chain [ XKUh4GLhFJiqAMTF6HyWQrV9pK9HcGUdfJ ] height:  446
2019/05/10 00:31:45.128206 [1;35m[INF][m GID 34, currentHeight: 446  chainHeight: 447
2019/05/10 00:31:45.146258 [1;35m[INF][m GID 34,  [SyncSideChain] Side chain [ XKUh4GLhFJiqAMTF6HyWQrV9pK9HcGUdfJ ] height:  447
2019/05/10 00:31:52.837721 [1;35m[INF][m GID 90, [arbitrator] Main chain height:  232
2019/05/10 00:31:52.840563 [1;35m[INF][m GID 90, [OnDutyArbitratorChanged] I am on duty of main
2019/05/10 00:31:52.840680 [1;35m[INF][m GID 90, [SyncMainChainCachedTxs] start
2019/05/10 00:31:52.840865 [1;35m[INF][m GID 90, [SyncMainChainCachedTxs] end
2019/05/10 00:31:52.840944 [1;33m[WRN][m GID 90, [SyncMainChainCachedTxs] No main chain tx in dbcache
2019/05/10 00:31:52.840982 [1;35m[INF][m GID 564, [OnDutyChanged] Start side chain mining: genesis address [ XVfmhjxGxBKgzYxyXCJTb6YmaRfWPVunj4 ]
2019/05/10 00:31:52.841003 [1;35m[INF][m GID 564, [sideChainPowTransfer] start
2019/05/10 00:31:52.841093 [1;35m[INF][m GID 561, [SendCachedWithdrawTxs] start
2019/05/10 00:31:52.841157 [1;35m[INF][m GID 561, No cached withdraw transaction need to send
2019/05/10 00:31:52.841172 [1;35m[INF][m GID 561, [SendCachedWithdrawTxs] end
2019/05/10 00:31:52.841187 [1;35m[INF][m GID 562, [SendCachedWithdrawTxs] start
2019/05/10 00:31:52.841234 [1;35m[INF][m GID 562, No cached withdraw transaction need to send
2019/05/10 00:31:52.841248 [1;35m[INF][m GID 562, [SendCachedWithdrawTxs] end
2019/05/10 00:31:52.841260 [1;35m[INF][m GID 563, [OnDutyChanged] Start side chain mining: genesis address [ XKUh4GLhFJiqAMTF6HyWQrV9pK9HcGUdfJ ]
2019/05/10 00:31:52.841276 [1;35m[INF][m GID 563, [sideChainPowTransfer] start
2019/05/10 00:31:52.842084 [1;35m[INF][m GID 563, sideGenesisHash: a3c455a90843db2acd22554f2768a8d4233fafbf8dd549e6b261c2786993be56 sideBlockHash: d6a24d43dc6fecf2a8a6d377f0399c88ed0ec8d5cab81e75eff1173e61b648f4
2019/05/10 00:31:52.846036 [1;33m[WRN][m GID 563, [sideChainPowTransfer] create transaction failed: [Wallet], Available token is not enough
2019/05/10 00:31:52.849749 [1;35m[INF][m GID 564, sideGenesisHash: 0e739a2b87774ef2266a3cabc79a8e1201732fe409cfe50bd4125efb1d1169b5 sideBlockHash: 13f932affd4c202c0983ff4fdf38ee568ec9584fd65431da5c2fc8c97d16f289
2019/05/10 00:31:52.876297 [1;33m[WRN][m GID 564, [sideChainPowTransfer] create transaction failed: [Wallet], Available token is not enough
2019/05/10 00:31:55.923295 [1;35m[INF][m GID 90, [arbitrator] Main chain height:  233
2019/05/10 00:31:55.926699 [1;35m[INF][m GID 90, [OnDutyArbitratorChanged] I became not on duty of main
2019/05/10 00:32:02.820673 [1;35m[INF][m GID 35, currentHeight: 47  chainHeight: 48
2019/05/10 00:32:02.824993 [1;35m[INF][m GID 35,  [SyncSideChain] Side chain [ XVfmhjxGxBKgzYxyXCJTb6YmaRfWPVunj4 ] height:  48
2019/05/10 00:32:05.914606 [1;35m[INF][m GID 35, currentHeight: 48  chainHeight: 49
2019/05/10 00:32:05.918217 [1;35m[INF][m GID 35,  [SyncSideChain] Side chain [ XVfmhjxGxBKgzYxyXCJTb6YmaRfWPVunj4 ] height:  49
2019/05/10 00:32:07.106154 [1;35m[INF][m GID 90, [arbitrator] Main chain height:  234
2019/05/10 00:32:22.134165 [1;35m[INF][m GID 35, currentHeight: 49  chainHeight: 50
2019/05/10 00:32:22.176032 [1;35m[INF][m GID 35,  [SyncSideChain] Side chain [ XVfmhjxGxBKgzYxyXCJTb6YmaRfWPVunj4 ] height:  50
2019/05/10 00:32:26.203136 [1;35m[INF][m GID 35, currentHeight: 50  chainHeight: 51
2019/05/10 00:32:26.216972 [1;35m[INF][m GID 35,  [SyncSideChain] Side chain [ XVfmhjxGxBKgzYxyXCJTb6YmaRfWPVunj4 ] height:  51
2019/05/10 00:32:31.001079 [1;35m[INF][m GID 146, Check and remove cross chain transactions from dbcache finished
2019/05/10 00:32:31.238501 [1;35m[INF][m GID 92, Warning side chain mining account:  EVQRDhuehyAs2P4bJZrx1JcmBPkkXbHJEw: 0 EamRAVSKik9XTfC485KZpxcmk4KhmPZCea: 0 
2019/05/10 00:32:38.357580 [1;35m[INF][m GID 35, currentHeight: 51  chainHeight: 53
2019/05/10 00:32:38.362982 [1;35m[INF][m GID 35,  [SyncSideChain] Side chain [ XVfmhjxGxBKgzYxyXCJTb6YmaRfWPVunj4 ] height:  53
2019/05/10 00:32:47.935516 [1;35m[INF][m GID 90, [arbitrator] Main chain height:  235
2019/05/10 00:32:51.530661 [1;35m[INF][m GID 35, currentHeight: 53  chainHeight: 54
2019/05/10 00:32:51.536604 [1;35m[INF][m GID 35,  [SyncSideChain] Side chain [ XVfmhjxGxBKgzYxyXCJTb6YmaRfWPVunj4 ] height:  54
2019/05/10 00:32:55.084014 [1;35m[INF][m GID 90, [arbitrator] Main chain height:  236
2019/05/10 00:32:55.086868 [1;35m[INF][m GID 90, [OnDutyArbitratorChanged] I am on duty of main
2019/05/10 00:32:55.086977 [1;35m[INF][m GID 90, [SyncMainChainCachedTxs] start
2019/05/10 00:32:55.087130 [1;35m[INF][m GID 90, [SyncMainChainCachedTxs] end
2019/05/10 00:32:55.087220 [1;33m[WRN][m GID 90, [SyncMainChainCachedTxs] No main chain tx in dbcache
2019/05/10 00:32:55.087269 [1;35m[INF][m GID 683, [OnDutyChanged] Start side chain mining: genesis address [ XKUh4GLhFJiqAMTF6HyWQrV9pK9HcGUdfJ ]
2019/05/10 00:32:55.087415 [1;35m[INF][m GID 681, [SendCachedWithdrawTxs] start
2019/05/10 00:32:55.087505 [1;35m[INF][m GID 680, [SendCachedWithdrawTxs] start
2019/05/10 00:32:55.087415 [1;35m[INF][m GID 683, [sideChainPowTransfer] start
2019/05/10 00:32:55.087711 [1;35m[INF][m GID 681, No cached withdraw transaction need to send
2019/05/10 00:32:55.087854 [1;35m[INF][m GID 681, [SendCachedWithdrawTxs] end
2019/05/10 00:32:55.087424 [1;35m[INF][m GID 682, [OnDutyChanged] Start side chain mining: genesis address [ XVfmhjxGxBKgzYxyXCJTb6YmaRfWPVunj4 ]
2019/05/10 00:32:55.088067 [1;35m[INF][m GID 682, [sideChainPowTransfer] start
2019/05/10 00:32:55.087871 [1;35m[INF][m GID 680, No cached withdraw transaction need to send
2019/05/10 00:32:55.088176 [1;35m[INF][m GID 680, [SendCachedWithdrawTxs] end
2019/05/10 00:32:55.088780 [1;35m[INF][m GID 683, sideGenesisHash: a3c455a90843db2acd22554f2768a8d4233fafbf8dd549e6b261c2786993be56 sideBlockHash: 57f6124db1f51ec542e0299a87b0ba4ee669b8cdaa2bb4a912823346eb44afe5
2019/05/10 00:32:55.089275 [1;33m[WRN][m GID 683, [sideChainPowTransfer] create transaction failed: [Wallet], Available token is not enough
2019/05/10 00:32:55.092007 [1;35m[INF][m GID 682, sideGenesisHash: 0e739a2b87774ef2266a3cabc79a8e1201732fe409cfe50bd4125efb1d1169b5 sideBlockHash: 12e4d07ce6f708bf7845664c8a17ef37c1fec7d75e742ad373ee0a2a2c53d3ca
2019/05/10 00:32:55.092442 [1;33m[WRN][m GID 682, [sideChainPowTransfer] create transaction failed: [Wallet], Available token is not enough
2019/05/10 00:32:57.812128 [1;35m[INF][m GID 34, currentHeight: 447  chainHeight: 448
2019/05/10 00:32:57.818176 [1;35m[INF][m GID 34,  [SyncSideChain] Side chain [ XKUh4GLhFJiqAMTF6HyWQrV9pK9HcGUdfJ ] height:  448
2019/05/10 00:32:57.818217 [1;35m[INF][m GID 34, [OnDutyChanged] Start side chain mining: genesis address [ XKUh4GLhFJiqAMTF6HyWQrV9pK9HcGUdfJ ]
2019/05/10 00:32:57.818347 [1;35m[INF][m GID 34, [sideChainPowTransfer] start
2019/05/10 00:32:57.819445 [1;35m[INF][m GID 34, sideGenesisHash: a3c455a90843db2acd22554f2768a8d4233fafbf8dd549e6b261c2786993be56 sideBlockHash: 8d8a41727d8775a742187f24bc3544a5da77e70a7817b9c57c415f8e98d5fba8
2019/05/10 00:32:57.823659 [1;33m[WRN][m GID 34, [sideChainPowTransfer] create transaction failed: [Wallet], Available token is not enough
2019/05/10 00:32:57.823775 [1;35m[INF][m GID 34, [SyncSideChain] Start side chain mining, genesis address: [ XKUh4GLhFJiqAMTF6HyWQrV9pK9HcGUdfJ ]
2019/05/10 00:33:00.207547 [1;35m[INF][m GID 90, [arbitrator] Main chain height:  237
2019/05/10 00:33:00.211776 [1;35m[INF][m GID 90, [OnDutyArbitratorChanged] I became not on duty of main
2019/05/10 00:33:03.884942 [1;35m[INF][m GID 34, currentHeight: 448  chainHeight: 449
2019/05/10 00:33:03.896695 [1;35m[INF][m GID 34,  [SyncSideChain] Side chain [ XKUh4GLhFJiqAMTF6HyWQrV9pK9HcGUdfJ ] height:  449
2019/05/10 00:33:04.902390 [1;35m[INF][m GID 34, currentHeight: 449  chainHeight: 450
2019/05/10 00:33:04.909932 [1;35m[INF][m GID 34,  [SyncSideChain] Side chain [ XKUh4GLhFJiqAMTF6HyWQrV9pK9HcGUdfJ ] height:  450
2019/05/10 00:33:16.072660 [1;35m[INF][m GID 34, currentHeight: 450  chainHeight: 451
2019/05/10 00:33:16.078580 [1;35m[INF][m GID 34,  [SyncSideChain] Side chain [ XKUh4GLhFJiqAMTF6HyWQrV9pK9HcGUdfJ ] height:  451
2019/05/10 00:33:24.613872 [1;35m[INF][m GID 90, [arbitrator] Main chain height:  238
2019/05/10 00:33:31.001472 [1;35m[INF][m GID 146, Check and remove cross chain transactions from dbcache finished
2019/05/10 00:33:31.313316 [1;35m[INF][m GID 92, Warning side chain mining account:  EVQRDhuehyAs2P4bJZrx1JcmBPkkXbHJEw: 0 EamRAVSKik9XTfC485KZpxcmk4KhmPZCea: 0 
2019/05/10 00:33:37.222186 [1;35m[INF][m GID 35, currentHeight: 54  chainHeight: 55
2019/05/10 00:33:37.241157 [1;35m[INF][m GID 35,  [SyncSideChain] Side chain [ XVfmhjxGxBKgzYxyXCJTb6YmaRfWPVunj4 ] height:  55
2019/05/10 00:33:43.997079 [1;35m[INF][m GID 90, [arbitrator] Main chain height:  239
2019/05/10 00:33:45.487146 [1;35m[INF][m GID 34, currentHeight: 451  chainHeight: 452
2019/05/10 00:33:45.493456 [1;35m[INF][m GID 34,  [SyncSideChain] Side chain [ XKUh4GLhFJiqAMTF6HyWQrV9pK9HcGUdfJ ] height:  452
2019/05/10 00:33:50.570599 [1;35m[INF][m GID 34, currentHeight: 452  chainHeight: 453
2019/05/10 00:33:50.600989 [1;35m[INF][m GID 34,  [SyncSideChain] Side chain [ XKUh4GLhFJiqAMTF6HyWQrV9pK9HcGUdfJ ] height:  453
2019/05/10 00:33:54.629837 [1;35m[INF][m GID 34, currentHeight: 453  chainHeight: 454
2019/05/10 00:33:54.640727 [1;35m[INF][m GID 34,  [SyncSideChain] Side chain [ XKUh4GLhFJiqAMTF6HyWQrV9pK9HcGUdfJ ] height:  454
2019/05/10 00:33:56.161795 [1;35m[INF][m GID 90, [arbitrator] Main chain height:  240
2019/05/10 00:33:56.169723 [1;35m[INF][m GID 90, [OnDutyArbitratorChanged] I am on duty of main
2019/05/10 00:33:56.169879 [1;35m[INF][m GID 90, [SyncMainChainCachedTxs] start
2019/05/10 00:33:56.170043 [1;35m[INF][m GID 90, [SyncMainChainCachedTxs] end
2019/05/10 00:33:56.170149 [1;33m[WRN][m GID 90, [SyncMainChainCachedTxs] No main chain tx in dbcache
2019/05/10 00:33:56.170244 [1;35m[INF][m GID 801, [OnDutyChanged] Start side chain mining: genesis address [ XVfmhjxGxBKgzYxyXCJTb6YmaRfWPVunj4 ]
2019/05/10 00:33:56.170416 [1;35m[INF][m GID 801, [sideChainPowTransfer] start
2019/05/10 00:33:56.170290 [1;35m[INF][m GID 799, [SendCachedWithdrawTxs] start
2019/05/10 00:33:56.170605 [1;35m[INF][m GID 799, No cached withdraw transaction need to send
2019/05/10 00:33:56.170627 [1;35m[INF][m GID 799, [SendCachedWithdrawTxs] end
2019/05/10 00:33:56.170351 [1;35m[INF][m GID 798, [SendCachedWithdrawTxs] start
2019/05/10 00:33:56.170786 [1;35m[INF][m GID 798, No cached withdraw transaction need to send
2019/05/10 00:33:56.170808 [1;35m[INF][m GID 798, [SendCachedWithdrawTxs] end
2019/05/10 00:33:56.170365 [1;35m[INF][m GID 800, [OnDutyChanged] Start side chain mining: genesis address [ XKUh4GLhFJiqAMTF6HyWQrV9pK9HcGUdfJ ]
2019/05/10 00:33:56.170889 [1;35m[INF][m GID 800, [sideChainPowTransfer] start
2019/05/10 00:33:56.192951 [1;35m[INF][m GID 800, sideGenesisHash: a3c455a90843db2acd22554f2768a8d4233fafbf8dd549e6b261c2786993be56 sideBlockHash: 4795cc25ea6a0f5a13f2db70aac08b61fa065c73e7574355b43ad2209c4e732a
2019/05/10 00:33:56.193417 [1;35m[INF][m GID 801, sideGenesisHash: 0e739a2b87774ef2266a3cabc79a8e1201732fe409cfe50bd4125efb1d1169b5 sideBlockHash: 1fb071a98e14d64ec02baabceb78771de4eb8c45e78de3d31ca22d5bc33fcbbe
2019/05/10 00:33:56.200946 [1;33m[WRN][m GID 801, [sideChainPowTransfer] create transaction failed: [Wallet], Available token is not enough
2019/05/10 00:33:56.201448 [1;33m[WRN][m GID 800, [sideChainPowTransfer] create transaction failed: [Wallet], Available token is not enough
2019/05/10 00:34:11.653839 [1;35m[INF][m GID 90, [arbitrator] Main chain height:  241
2019/05/10 00:34:11.658268 [1;35m[INF][m GID 90, [OnDutyArbitratorChanged] I became not on duty of main
2019/05/10 00:34:13.665229 [1;35m[INF][m GID 90, [arbitrator] Main chain height:  242
2019/05/10 00:34:21.777291 [1;35m[INF][m GID 90, [arbitrator] Main chain height:  243
2019/05/10 00:34:21.996955 [1;35m[INF][m GID 34, currentHeight: 454  chainHeight: 455
2019/05/10 00:34:22.030909 [1;35m[INF][m GID 34,  [SyncSideChain] Side chain [ XKUh4GLhFJiqAMTF6HyWQrV9pK9HcGUdfJ ] height:  455
2019/05/10 00:34:25.046954 [1;35m[INF][m GID 34, currentHeight: 455  chainHeight: 456
2019/05/10 00:34:25.051124 [1;35m[INF][m GID 34,  [SyncSideChain] Side chain [ XKUh4GLhFJiqAMTF6HyWQrV9pK9HcGUdfJ ] height:  456
2019/05/10 00:34:26.056879 [1;35m[INF][m GID 34, currentHeight: 456  chainHeight: 457
2019/05/10 00:34:26.124836 [1;35m[INF][m GID 34,  [SyncSideChain] Side chain [ XKUh4GLhFJiqAMTF6HyWQrV9pK9HcGUdfJ ] height:  457
2019/05/10 00:34:31.002554 [1;35m[INF][m GID 146, Check and remove cross chain transactions from dbcache finished
2019/05/10 00:34:31.346231 [1;35m[INF][m GID 92, Warning side chain mining account:  EVQRDhuehyAs2P4bJZrx1JcmBPkkXbHJEw: 0 EamRAVSKik9XTfC485KZpxcmk4KhmPZCea: 0 
2019/05/10 00:34:34.211978 [1;35m[INF][m GID 34, currentHeight: 457  chainHeight: 458
2019/05/10 00:34:34.235787 [1;35m[INF][m GID 34,  [SyncSideChain] Side chain [ XKUh4GLhFJiqAMTF6HyWQrV9pK9HcGUdfJ ] height:  458
2019/05/10 00:34:35.261982 [1;35m[INF][m GID 34, currentHeight: 458  chainHeight: 459
2019/05/10 00:34:35.287230 [1;35m[INF][m GID 34,  [SyncSideChain] Side chain [ XKUh4GLhFJiqAMTF6HyWQrV9pK9HcGUdfJ ] height:  459
2019/05/10 00:34:46.115938 [1;35m[INF][m GID 90, [arbitrator] Main chain height:  244
2019/05/10 00:34:46.119866 [1;35m[INF][m GID 90, [OnDutyArbitratorChanged] I am on duty of main
2019/05/10 00:34:46.120049 [1;35m[INF][m GID 90, [SyncMainChainCachedTxs] start
2019/05/10 00:34:46.124915 [1;35m[INF][m GID 90, [SyncMainChainCachedTxs] end
2019/05/10 00:34:46.125267 [1;33m[WRN][m GID 90, [SyncMainChainCachedTxs] No main chain tx in dbcache
2019/05/10 00:34:46.125458 [1;35m[INF][m GID 899, [SendCachedWithdrawTxs] start
2019/05/10 00:34:46.125472 [1;35m[INF][m GID 900, [OnDutyChanged] Start side chain mining: genesis address [ XKUh4GLhFJiqAMTF6HyWQrV9pK9HcGUdfJ ]
2019/05/10 00:34:46.125658 [1;35m[INF][m GID 900, [sideChainPowTransfer] start
2019/05/10 00:34:46.125829 [1;35m[INF][m GID 899, No cached withdraw transaction need to send
2019/05/10 00:34:46.125942 [1;35m[INF][m GID 899, [SendCachedWithdrawTxs] end
2019/05/10 00:34:46.126012 [1;35m[INF][m GID 898, [SendCachedWithdrawTxs] start
2019/05/10 00:34:46.125462 [1;35m[INF][m GID 901, [OnDutyChanged] Start side chain mining: genesis address [ XVfmhjxGxBKgzYxyXCJTb6YmaRfWPVunj4 ]
2019/05/10 00:34:46.126216 [1;35m[INF][m GID 901, [sideChainPowTransfer] start
2019/05/10 00:34:46.126337 [1;35m[INF][m GID 898, No cached withdraw transaction need to send
2019/05/10 00:34:46.126472 [1;35m[INF][m GID 898, [SendCachedWithdrawTxs] end
2019/05/10 00:34:46.127486 [1;35m[INF][m GID 901, sideGenesisHash: 0e739a2b87774ef2266a3cabc79a8e1201732fe409cfe50bd4125efb1d1169b5 sideBlockHash: cc11c2ffc44af7154896eeb880bc03574cc715ea92ced8fb0349ed6501f87180
2019/05/10 00:34:46.130768 [1;35m[INF][m GID 900, sideGenesisHash: a3c455a90843db2acd22554f2768a8d4233fafbf8dd549e6b261c2786993be56 sideBlockHash: 729f2e5276e032dd0f86f5de9daa4221fddba2dbee22fa4f0a966f30c4507a17
2019/05/10 00:34:46.132696 [1;33m[WRN][m GID 901, [sideChainPowTransfer] create transaction failed: [Wallet], Available token is not enough
2019/05/10 00:34:46.182362 [1;33m[WRN][m GID 900, [sideChainPowTransfer] create transaction failed: [Wallet], Available token is not enough
2019/05/10 00:34:50.512233 [1;35m[INF][m GID 34, currentHeight: 459  chainHeight: 460
2019/05/10 00:34:50.546704 [1;35m[INF][m GID 34,  [SyncSideChain] Side chain [ XKUh4GLhFJiqAMTF6HyWQrV9pK9HcGUdfJ ] height:  460
2019/05/10 00:34:50.546744 [1;35m[INF][m GID 34, [OnDutyChanged] Start side chain mining: genesis address [ XKUh4GLhFJiqAMTF6HyWQrV9pK9HcGUdfJ ]
2019/05/10 00:34:50.546824 [1;35m[INF][m GID 34, [sideChainPowTransfer] start
2019/05/10 00:34:50.564527 [1;35m[INF][m GID 34, sideGenesisHash: a3c455a90843db2acd22554f2768a8d4233fafbf8dd549e6b261c2786993be56 sideBlockHash: 188df7666fabf070a3e30c6dd801eddd60849965abb2afe3253c13944b8db89b
2019/05/10 00:34:50.596137 [1;33m[WRN][m GID 34, [sideChainPowTransfer] create transaction failed: [Wallet], Available token is not enough
2019/05/10 00:34:50.596328 [1;35m[INF][m GID 34, [SyncSideChain] Start side chain mining, genesis address: [ XKUh4GLhFJiqAMTF6HyWQrV9pK9HcGUdfJ ]
2019/05/10 00:34:51.655009 [1;35m[INF][m GID 34, currentHeight: 460  chainHeight: 461
2019/05/10 00:34:51.711923 [1;35m[INF][m GID 34,  [SyncSideChain] Side chain [ XKUh4GLhFJiqAMTF6HyWQrV9pK9HcGUdfJ ] height:  461
2019/05/10 00:34:51.712006 [1;35m[INF][m GID 34, [OnDutyChanged] Start side chain mining: genesis address [ XKUh4GLhFJiqAMTF6HyWQrV9pK9HcGUdfJ ]
2019/05/10 00:34:51.712031 [1;35m[INF][m GID 34, [sideChainPowTransfer] start
2019/05/10 00:34:51.728953 [1;35m[INF][m GID 34, sideGenesisHash: a3c455a90843db2acd22554f2768a8d4233fafbf8dd549e6b261c2786993be56 sideBlockHash: 919d43e9b3ce5bc235659e3ee4bfa4351e8bebb93d373f48439be3df76893ecd
2019/05/10 00:34:51.764357 [1;33m[WRN][m GID 34, [sideChainPowTransfer] create transaction failed: [Wallet], Available token is not enough
2019/05/10 00:34:51.764428 [1;35m[INF][m GID 34, [SyncSideChain] Start side chain mining, genesis address: [ XKUh4GLhFJiqAMTF6HyWQrV9pK9HcGUdfJ ]
2019/05/10 00:34:55.248393 [1;35m[INF][m GID 90, [arbitrator] Main chain height:  245
2019/05/10 00:34:55.264088 [1;35m[INF][m GID 90, [OnDutyArbitratorChanged] I became not on duty of main
2019/05/10 00:34:56.138596 [1;35m[INF][m GID 35, currentHeight: 55  chainHeight: 56
2019/05/10 00:34:56.142526 [1;35m[INF][m GID 35,  [SyncSideChain] Side chain [ XVfmhjxGxBKgzYxyXCJTb6YmaRfWPVunj4 ] height:  56
2019/05/10 00:35:04.951588 [1;35m[INF][m GID 34, currentHeight: 461  chainHeight: 462
2019/05/10 00:35:04.955429 [1;35m[INF][m GID 34,  [SyncSideChain] Side chain [ XKUh4GLhFJiqAMTF6HyWQrV9pK9HcGUdfJ ] height:  462
2019/05/10 00:35:05.206639 [1;35m[INF][m GID 35, currentHeight: 56  chainHeight: 57
2019/05/10 00:35:05.243901 [1;35m[INF][m GID 35,  [SyncSideChain] Side chain [ XVfmhjxGxBKgzYxyXCJTb6YmaRfWPVunj4 ] height:  57
2019/05/10 00:35:10.457023 [1;35m[INF][m GID 90, [arbitrator] Main chain height:  246
2019/05/10 00:35:15.426639 [1;35m[INF][m GID 35, currentHeight: 57  chainHeight: 58
2019/05/10 00:35:15.447633 [1;35m[INF][m GID 35,  [SyncSideChain] Side chain [ XVfmhjxGxBKgzYxyXCJTb6YmaRfWPVunj4 ] height:  58
2019/05/10 00:35:15.556089 [1;35m[INF][m GID 90, [arbitrator] Main chain height:  247
2019/05/10 00:35:21.659429 [1;35m[INF][m GID 90, [arbitrator] Main chain height:  248
2019/05/10 00:35:21.662821 [1;35m[INF][m GID 90, [OnDutyArbitratorChanged] I am on duty of main
2019/05/10 00:35:21.662969 [1;35m[INF][m GID 90, [SyncMainChainCachedTxs] start
2019/05/10 00:35:21.663643 [1;35m[INF][m GID 90, [SyncMainChainCachedTxs] end
2019/05/10 00:35:21.663816 [1;33m[WRN][m GID 90, [SyncMainChainCachedTxs] No main chain tx in dbcache
2019/05/10 00:35:21.663936 [1;35m[INF][m GID 960, [SendCachedWithdrawTxs] start
2019/05/10 00:35:21.664094 [1;35m[INF][m GID 960, No cached withdraw transaction need to send
2019/05/10 00:35:21.664202 [1;35m[INF][m GID 960, [SendCachedWithdrawTxs] end
2019/05/10 00:35:21.664309 [1;35m[INF][m GID 959, [SendCachedWithdrawTxs] start
2019/05/10 00:35:21.664471 [1;35m[INF][m GID 959, No cached withdraw transaction need to send
2019/05/10 00:35:21.664581 [1;35m[INF][m GID 959, [SendCachedWithdrawTxs] end
2019/05/10 00:35:21.664686 [1;35m[INF][m GID 961, [OnDutyChanged] Start side chain mining: genesis address [ XKUh4GLhFJiqAMTF6HyWQrV9pK9HcGUdfJ ]
2019/05/10 00:35:21.664793 [1;35m[INF][m GID 961, [sideChainPowTransfer] start
2019/05/10 00:35:21.665024 [1;35m[INF][m GID 978, [OnDutyChanged] Start side chain mining: genesis address [ XVfmhjxGxBKgzYxyXCJTb6YmaRfWPVunj4 ]
2019/05/10 00:35:21.665130 [1;35m[INF][m GID 978, [sideChainPowTransfer] start
2019/05/10 00:35:21.666661 [1;35m[INF][m GID 961, sideGenesisHash: a3c455a90843db2acd22554f2768a8d4233fafbf8dd549e6b261c2786993be56 sideBlockHash: ce5d71a04fc982d45ccc2fd516e5bb45eaae4caae16eb2af67fd2ff8677603a2
2019/05/10 00:35:21.668393 [1;35m[INF][m GID 978, sideGenesisHash: 0e739a2b87774ef2266a3cabc79a8e1201732fe409cfe50bd4125efb1d1169b5 sideBlockHash: 1d56b0f6f8d908b81f3adb6ef4f4406ec048c4523c335c84af65eba6a7f7822e
2019/05/10 00:35:21.674247 [1;33m[WRN][m GID 978, [sideChainPowTransfer] create transaction failed: [Wallet], Available token is not enough
2019/05/10 00:35:21.674661 [1;33m[WRN][m GID 961, [sideChainPowTransfer] create transaction failed: [Wallet], Available token is not enough
2019/05/10 00:35:27.333912 [1;35m[INF][m GID 34, currentHeight: 462  chainHeight: 463
2019/05/10 00:35:27.339024 [1;35m[INF][m GID 34,  [SyncSideChain] Side chain [ XKUh4GLhFJiqAMTF6HyWQrV9pK9HcGUdfJ ] height:  463
2019/05/10 00:35:27.339193 [1;35m[INF][m GID 34, [OnDutyChanged] Start side chain mining: genesis address [ XKUh4GLhFJiqAMTF6HyWQrV9pK9HcGUdfJ ]
2019/05/10 00:35:27.339219 [1;35m[INF][m GID 34, [sideChainPowTransfer] start
2019/05/10 00:35:27.339981 [1;35m[INF][m GID 34, sideGenesisHash: a3c455a90843db2acd22554f2768a8d4233fafbf8dd549e6b261c2786993be56 sideBlockHash: c573853992c292380a68d26f7566e881a172a369d911cc69281da9364a479aad
2019/05/10 00:35:27.343756 [1;33m[WRN][m GID 34, [sideChainPowTransfer] create transaction failed: [Wallet], Available token is not enough
2019/05/10 00:35:27.343905 [1;35m[INF][m GID 34, [SyncSideChain] Start side chain mining, genesis address: [ XKUh4GLhFJiqAMTF6HyWQrV9pK9HcGUdfJ ]
2019/05/10 00:35:29.361255 [1;35m[INF][m GID 34, currentHeight: 463  chainHeight: 464
2019/05/10 00:35:29.415665 [1;35m[INF][m GID 34,  [SyncSideChain] Side chain [ XKUh4GLhFJiqAMTF6HyWQrV9pK9HcGUdfJ ] height:  464
2019/05/10 00:35:29.415844 [1;35m[INF][m GID 34, [OnDutyChanged] Start side chain mining: genesis address [ XKUh4GLhFJiqAMTF6HyWQrV9pK9HcGUdfJ ]
2019/05/10 00:35:29.415965 [1;35m[INF][m GID 34, [sideChainPowTransfer] start
2019/05/10 00:35:29.441191 [1;35m[INF][m GID 34, sideGenesisHash: a3c455a90843db2acd22554f2768a8d4233fafbf8dd549e6b261c2786993be56 sideBlockHash: 3de73347957a9e0a27d7d81debc0df7a035e484543f08474bb7a172c0c71cedc
2019/05/10 00:35:29.442714 [1;33m[WRN][m GID 34, [sideChainPowTransfer] create transaction failed: [Wallet], Available token is not enough
2019/05/10 00:35:29.442799 [1;35m[INF][m GID 34, [SyncSideChain] Start side chain mining, genesis address: [ XKUh4GLhFJiqAMTF6HyWQrV9pK9HcGUdfJ ]
2019/05/10 00:35:30.916659 [1;35m[INF][m GID 90, [arbitrator] Main chain height:  249
2019/05/10 00:35:30.921192 [1;35m[INF][m GID 90, [OnDutyArbitratorChanged] I became not on duty of main
2019/05/10 00:35:31.003657 [1;35m[INF][m GID 146, Check and remove cross chain transactions from dbcache finished
2019/05/10 00:35:31.379933 [1;35m[INF][m GID 92, Warning side chain mining account:  EVQRDhuehyAs2P4bJZrx1JcmBPkkXbHJEw: 0 EamRAVSKik9XTfC485KZpxcmk4KhmPZCea: 0 
2019/05/10 00:35:40.744515 [1;35m[INF][m GID 35, currentHeight: 58  chainHeight: 59
2019/05/10 00:35:40.755283 [1;35m[INF][m GID 35,  [SyncSideChain] Side chain [ XVfmhjxGxBKgzYxyXCJTb6YmaRfWPVunj4 ] height:  59
2019/05/10 00:35:47.736926 [1;35m[INF][m GID 34, currentHeight: 464  chainHeight: 465
2019/05/10 00:35:47.769436 [1;35m[INF][m GID 34,  [SyncSideChain] Side chain [ XKUh4GLhFJiqAMTF6HyWQrV9pK9HcGUdfJ ] height:  465
2019/05/10 00:36:01.872677 [1;35m[INF][m GID 34, currentHeight: 465  chainHeight: 466
2019/05/10 00:36:01.878342 [1;35m[INF][m GID 34,  [SyncSideChain] Side chain [ XKUh4GLhFJiqAMTF6HyWQrV9pK9HcGUdfJ ] height:  466
2019/05/10 00:36:11.418494 [1;35m[INF][m GID 90, [arbitrator] Main chain height:  250
2019/05/10 00:36:15.494704 [1;35m[INF][m GID 90, [arbitrator] Main chain height:  251
2019/05/10 00:36:26.334192 [1;35m[INF][m GID 34, currentHeight: 466  chainHeight: 467
2019/05/10 00:36:26.340321 [1;35m[INF][m GID 34,  [SyncSideChain] Side chain [ XKUh4GLhFJiqAMTF6HyWQrV9pK9HcGUdfJ ] height:  467
2019/05/10 00:36:27.745423 [1;35m[INF][m GID 90, [arbitrator] Main chain height:  252
2019/05/10 00:36:27.753781 [1;35m[INF][m GID 90, [OnDutyArbitratorChanged] I am on duty of main
2019/05/10 00:36:27.753952 [1;35m[INF][m GID 90, [SyncMainChainCachedTxs] start
2019/05/10 00:36:27.754150 [1;35m[INF][m GID 90, [SyncMainChainCachedTxs] end
2019/05/10 00:36:27.754264 [1;33m[WRN][m GID 90, [SyncMainChainCachedTxs] No main chain tx in dbcache
2019/05/10 00:36:27.754370 [1;35m[INF][m GID 1080, [OnDutyChanged] Start side chain mining: genesis address [ XVfmhjxGxBKgzYxyXCJTb6YmaRfWPVunj4 ]
2019/05/10 00:36:27.754521 [1;35m[INF][m GID 1080, [sideChainPowTransfer] start
2019/05/10 00:36:27.754417 [1;35m[INF][m GID 1078, [SendCachedWithdrawTxs] start
2019/05/10 00:36:27.754482 [1;35m[INF][m GID 1077, [SendCachedWithdrawTxs] start
2019/05/10 00:36:27.754495 [1;35m[INF][m GID 1079, [OnDutyChanged] Start side chain mining: genesis address [ XKUh4GLhFJiqAMTF6HyWQrV9pK9HcGUdfJ ]
2019/05/10 00:36:27.756205 [1;35m[INF][m GID 1079, [sideChainPowTransfer] start
2019/05/10 00:36:27.756575 [1;35m[INF][m GID 1078, No cached withdraw transaction need to send
2019/05/10 00:36:27.756598 [1;35m[INF][m GID 1078, [SendCachedWithdrawTxs] end
2019/05/10 00:36:27.756807 [1;35m[INF][m GID 1077, No cached withdraw transaction need to send
2019/05/10 00:36:27.756932 [1;35m[INF][m GID 1077, [SendCachedWithdrawTxs] end
2019/05/10 00:36:27.757406 [1;35m[INF][m GID 1079, sideGenesisHash: a3c455a90843db2acd22554f2768a8d4233fafbf8dd549e6b261c2786993be56 sideBlockHash: 4898a3ac0241e6c69201bab008ceb9d68ddaa2ef3f286808b7d6fcb602eb6e10
2019/05/10 00:36:27.758819 [1;33m[WRN][m GID 1079, [sideChainPowTransfer] create transaction failed: [Wallet], Available token is not enough
2019/05/10 00:36:27.783560 [1;35m[INF][m GID 1080, sideGenesisHash: 0e739a2b87774ef2266a3cabc79a8e1201732fe409cfe50bd4125efb1d1169b5 sideBlockHash: db6d55390ab254077b3203c386bb6224467cba2de37a302b6db7264b3df98dda
2019/05/10 00:36:27.805555 [1;33m[WRN][m GID 1080, [sideChainPowTransfer] create transaction failed: [Wallet], Available token is not enough
2019/05/10 00:36:31.004685 [1;35m[INF][m GID 146, Check and remove cross chain transactions from dbcache finished
2019/05/10 00:36:31.453153 [1;35m[INF][m GID 92, Warning side chain mining account:  EVQRDhuehyAs2P4bJZrx1JcmBPkkXbHJEw: 0 EamRAVSKik9XTfC485KZpxcmk4KhmPZCea: 0 
2019/05/10 00:36:33.375652 [1;35m[INF][m GID 34, currentHeight: 467  chainHeight: 468
2019/05/10 00:36:33.384801 [1;35m[INF][m GID 34,  [SyncSideChain] Side chain [ XKUh4GLhFJiqAMTF6HyWQrV9pK9HcGUdfJ ] height:  468
2019/05/10 00:36:33.384967 [1;35m[INF][m GID 34, [OnDutyChanged] Start side chain mining: genesis address [ XKUh4GLhFJiqAMTF6HyWQrV9pK9HcGUdfJ ]
2019/05/10 00:36:33.384993 [1;35m[INF][m GID 34, [sideChainPowTransfer] start
2019/05/10 00:36:33.396373 [1;35m[INF][m GID 34, sideGenesisHash: a3c455a90843db2acd22554f2768a8d4233fafbf8dd549e6b261c2786993be56 sideBlockHash: 795b7579426be20b9fc181b24400d51b4483489039b3ab30e2fe76bfaa0f1e29
2019/05/10 00:36:33.397645 [1;33m[WRN][m GID 34, [sideChainPowTransfer] create transaction failed: [Wallet], Available token is not enough
2019/05/10 00:36:33.397712 [1;35m[INF][m GID 34, [SyncSideChain] Start side chain mining, genesis address: [ XKUh4GLhFJiqAMTF6HyWQrV9pK9HcGUdfJ ]
2019/05/10 00:36:37.925787 [1;35m[INF][m GID 90, [arbitrator] Main chain height:  253
2019/05/10 00:36:37.929870 [1;35m[INF][m GID 90, [OnDutyArbitratorChanged] I became not on duty of main
2019/05/10 00:36:42.960010 [1;35m[INF][m GID 90, [arbitrator] Main chain height:  254
2019/05/10 00:36:47.528926 [1;35m[INF][m GID 35, currentHeight: 59  chainHeight: 60
2019/05/10 00:36:47.532689 [1;35m[INF][m GID 35,  [SyncSideChain] Side chain [ XVfmhjxGxBKgzYxyXCJTb6YmaRfWPVunj4 ] height:  60
2019/05/10 00:36:48.581375 [1;35m[INF][m GID 34, currentHeight: 468  chainHeight: 469
2019/05/10 00:36:48.591010 [1;35m[INF][m GID 34,  [SyncSideChain] Side chain [ XKUh4GLhFJiqAMTF6HyWQrV9pK9HcGUdfJ ] height:  469
2019/05/10 00:36:49.088940 [1;35m[INF][m GID 90, [arbitrator] Main chain height:  255
2019/05/10 00:36:55.237992 [1;35m[INF][m GID 90, [arbitrator] Main chain height:  256
2019/05/10 00:36:55.241285 [1;35m[INF][m GID 90, [OnDutyArbitratorChanged] I am on duty of main
2019/05/10 00:36:55.241397 [1;35m[INF][m GID 90, [SyncMainChainCachedTxs] start
2019/05/10 00:36:55.241555 [1;35m[INF][m GID 90, [SyncMainChainCachedTxs] end
2019/05/10 00:36:55.241583 [1;33m[WRN][m GID 90, [SyncMainChainCachedTxs] No main chain tx in dbcache
2019/05/10 00:36:55.241705 [1;35m[INF][m GID 1143, [OnDutyChanged] Start side chain mining: genesis address [ XVfmhjxGxBKgzYxyXCJTb6YmaRfWPVunj4 ]
2019/05/10 00:36:55.241732 [1;35m[INF][m GID 1143, [sideChainPowTransfer] start
2019/05/10 00:36:55.241897 [1;35m[INF][m GID 1140, [SendCachedWithdrawTxs] start
2019/05/10 00:36:55.242037 [1;35m[INF][m GID 1140, No cached withdraw transaction need to send
2019/05/10 00:36:55.242076 [1;35m[INF][m GID 1140, [SendCachedWithdrawTxs] end
2019/05/10 00:36:55.242142 [1;35m[INF][m GID 1141, [SendCachedWithdrawTxs] start
2019/05/10 00:36:55.242334 [1;35m[INF][m GID 1141, No cached withdraw transaction need to send
2019/05/10 00:36:55.242373 [1;35m[INF][m GID 1141, [SendCachedWithdrawTxs] end
2019/05/10 00:36:55.242457 [1;35m[INF][m GID 1142, [OnDutyChanged] Start side chain mining: genesis address [ XKUh4GLhFJiqAMTF6HyWQrV9pK9HcGUdfJ ]
2019/05/10 00:36:55.242475 [1;35m[INF][m GID 1142, [sideChainPowTransfer] start
2019/05/10 00:36:55.246645 [1;35m[INF][m GID 1142, sideGenesisHash: a3c455a90843db2acd22554f2768a8d4233fafbf8dd549e6b261c2786993be56 sideBlockHash: c84651f341538b3da28ba2ed3b5ecc238eaa5ad59f99edef69bde4b063d25614
2019/05/10 00:36:55.258774 [1;35m[INF][m GID 1143, sideGenesisHash: 0e739a2b87774ef2266a3cabc79a8e1201732fe409cfe50bd4125efb1d1169b5 sideBlockHash: 53d28fbe898c84a3aeb3258f3d24b7f9ed26d608a27d6982d0a0a6c1bccf7ad4
2019/05/10 00:36:55.265000 [1;33m[WRN][m GID 1143, [sideChainPowTransfer] create transaction failed: [Wallet], Available token is not enough
2019/05/10 00:36:55.270058 [1;33m[WRN][m GID 1142, [sideChainPowTransfer] create transaction failed: [Wallet], Available token is not enough
2019/05/10 00:36:56.702383 [1;35m[INF][m GID 34, currentHeight: 469  chainHeight: 470
2019/05/10 00:36:56.706918 [1;35m[INF][m GID 34,  [SyncSideChain] Side chain [ XKUh4GLhFJiqAMTF6HyWQrV9pK9HcGUdfJ ] height:  470
2019/05/10 00:36:56.707022 [1;35m[INF][m GID 34, [OnDutyChanged] Start side chain mining: genesis address [ XKUh4GLhFJiqAMTF6HyWQrV9pK9HcGUdfJ ]
2019/05/10 00:36:56.707127 [1;35m[INF][m GID 34, [sideChainPowTransfer] start
2019/05/10 00:36:56.707722 [1;35m[INF][m GID 34, sideGenesisHash: a3c455a90843db2acd22554f2768a8d4233fafbf8dd549e6b261c2786993be56 sideBlockHash: 0538fc5424bafef4b7bf8bb883eabfcb6d959bc1442242f464839dc277f8661b
2019/05/10 00:36:56.746779 [1;33m[WRN][m GID 34, [sideChainPowTransfer] create transaction failed: [Wallet], Available token is not enough
2019/05/10 00:36:56.746833 [1;35m[INF][m GID 34, [SyncSideChain] Start side chain mining, genesis address: [ XKUh4GLhFJiqAMTF6HyWQrV9pK9HcGUdfJ ]
2019/05/10 00:37:00.295686 [1;35m[INF][m GID 90, [arbitrator] Main chain height:  257
2019/05/10 00:37:00.300565 [1;35m[INF][m GID 90, [OnDutyArbitratorChanged] I became not on duty of main
2019/05/10 00:37:01.302713 [1;35m[INF][m GID 90, [arbitrator] Main chain height:  258
2019/05/10 00:37:05.389466 [1;35m[INF][m GID 90, [arbitrator] Main chain height:  259
2019/05/10 00:37:13.594639 [1;35m[INF][m GID 90, [arbitrator] Main chain height:  260
2019/05/10 00:37:13.599573 [1;35m[INF][m GID 90, [OnDutyArbitratorChanged] I am on duty of main
2019/05/10 00:37:13.599790 [1;35m[INF][m GID 90, [SyncMainChainCachedTxs] start
2019/05/10 00:37:13.599941 [1;35m[INF][m GID 90, [SyncMainChainCachedTxs] end
2019/05/10 00:37:13.600081 [1;33m[WRN][m GID 90, [SyncMainChainCachedTxs] No main chain tx in dbcache
2019/05/10 00:37:13.600111 [1;35m[INF][m GID 1185, [OnDutyChanged] Start side chain mining: genesis address [ XVfmhjxGxBKgzYxyXCJTb6YmaRfWPVunj4 ]
2019/05/10 00:37:13.600359 [1;35m[INF][m GID 1185, [sideChainPowTransfer] start
2019/05/10 00:37:13.600227 [1;35m[INF][m GID 1183, [SendCachedWithdrawTxs] start
2019/05/10 00:37:13.600689 [1;35m[INF][m GID 1183, No cached withdraw transaction need to send
2019/05/10 00:37:13.600801 [1;35m[INF][m GID 1183, [SendCachedWithdrawTxs] end
2019/05/10 00:37:13.600240 [1;35m[INF][m GID 1182, [SendCachedWithdrawTxs] start
2019/05/10 00:37:13.601068 [1;35m[INF][m GID 1182, No cached withdraw transaction need to send
2019/05/10 00:37:13.601089 [1;35m[INF][m GID 1182, [SendCachedWithdrawTxs] end
2019/05/10 00:37:13.600253 [1;35m[INF][m GID 1184, [OnDutyChanged] Start side chain mining: genesis address [ XKUh4GLhFJiqAMTF6HyWQrV9pK9HcGUdfJ ]
2019/05/10 00:37:13.601193 [1;35m[INF][m GID 1184, [sideChainPowTransfer] start
2019/05/10 00:37:13.608594 [1;35m[INF][m GID 1185, sideGenesisHash: 0e739a2b87774ef2266a3cabc79a8e1201732fe409cfe50bd4125efb1d1169b5 sideBlockHash: fd0fce3ae2201008b555e482a96e8618100cbfd538d9660c64cbdb36b826a4e4
2019/05/10 00:37:13.609144 [1;33m[WRN][m GID 1185, [sideChainPowTransfer] create transaction failed: [Wallet], Available token is not enough
2019/05/10 00:37:13.616591 [1;35m[INF][m GID 1184, sideGenesisHash: a3c455a90843db2acd22554f2768a8d4233fafbf8dd549e6b261c2786993be56 sideBlockHash: 4253e6167250fdcb79e54819302e4c1406c5cc9fa4837f50f57bc2803bfa7ce1
2019/05/10 00:37:13.617050 [1;33m[WRN][m GID 1184, [sideChainPowTransfer] create transaction failed: [Wallet], Available token is not enough
2019/05/10 00:37:17.649227 [1;35m[INF][m GID 90, [arbitrator] Main chain height:  261
2019/05/10 00:37:17.652564 [1;35m[INF][m GID 90, [OnDutyArbitratorChanged] I became not on duty of main
2019/05/10 00:37:28.938757 [1;35m[INF][m GID 90, [arbitrator] Main chain height:  262
2019/05/10 00:37:31.005347 [1;35m[INF][m GID 146, Check and remove cross chain transactions from dbcache finished
2019/05/10 00:37:31.455079 [1;35m[INF][m GID 92, Warning side chain mining account:  EVQRDhuehyAs2P4bJZrx1JcmBPkkXbHJEw: 0 EamRAVSKik9XTfC485KZpxcmk4KhmPZCea: 0 
2019/05/10 00:37:34.972283 [1;35m[INF][m GID 90, [arbitrator] Main chain height:  263
2019/05/10 00:37:36.221701 [1;35m[INF][m GID 34, currentHeight: 470  chainHeight: 471
2019/05/10 00:37:36.226465 [1;35m[INF][m GID 34,  [SyncSideChain] Side chain [ XKUh4GLhFJiqAMTF6HyWQrV9pK9HcGUdfJ ] height:  471
2019/05/10 00:37:36.984543 [1;35m[INF][m GID 90, [arbitrator] Main chain height:  264
2019/05/10 00:37:36.987723 [1;35m[INF][m GID 90, [OnDutyArbitratorChanged] I am on duty of main
2019/05/10 00:37:36.987843 [1;35m[INF][m GID 90, [SyncMainChainCachedTxs] start
2019/05/10 00:37:36.988035 [1;35m[INF][m GID 90, [SyncMainChainCachedTxs] end
2019/05/10 00:37:36.988145 [1;33m[WRN][m GID 90, [SyncMainChainCachedTxs] No main chain tx in dbcache
2019/05/10 00:37:36.988264 [1;35m[INF][m GID 1229, [OnDutyChanged] Start side chain mining: genesis address [ XVfmhjxGxBKgzYxyXCJTb6YmaRfWPVunj4 ]
2019/05/10 00:37:36.988367 [1;35m[INF][m GID 1229, [sideChainPowTransfer] start
2019/05/10 00:37:36.988575 [1;35m[INF][m GID 1226, [SendCachedWithdrawTxs] start
2019/05/10 00:37:36.988729 [1;35m[INF][m GID 1226, No cached withdraw transaction need to send
2019/05/10 00:37:36.988824 [1;35m[INF][m GID 1226, [SendCachedWithdrawTxs] end
2019/05/10 00:37:36.988890 [1;35m[INF][m GID 1227, [SendCachedWithdrawTxs] start
2019/05/10 00:37:36.989178 [1;35m[INF][m GID 1227, No cached withdraw transaction need to send
2019/05/10 00:37:36.989294 [1;35m[INF][m GID 1227, [SendCachedWithdrawTxs] end
2019/05/10 00:37:36.989397 [1;35m[INF][m GID 1228, [OnDutyChanged] Start side chain mining: genesis address [ XKUh4GLhFJiqAMTF6HyWQrV9pK9HcGUdfJ ]
2019/05/10 00:37:36.989500 [1;35m[INF][m GID 1228, [sideChainPowTransfer] start
2019/05/10 00:37:36.989723 [1;35m[INF][m GID 1229, sideGenesisHash: 0e739a2b87774ef2266a3cabc79a8e1201732fe409cfe50bd4125efb1d1169b5 sideBlockHash: 034df9f1e12f6a60109b2d089658fa32f8a46982be3e43bbf96a2fc94c5c4bc1
2019/05/10 00:37:36.990205 [1;33m[WRN][m GID 1229, [sideChainPowTransfer] create transaction failed: [Wallet], Available token is not enough
2019/05/10 00:37:37.001361 [1;35m[INF][m GID 1228, sideGenesisHash: a3c455a90843db2acd22554f2768a8d4233fafbf8dd549e6b261c2786993be56 sideBlockHash: 5e783063f60f04ac5773d913db44bac2bd2c5c0ff38c949fa59844ce81b64d86
2019/05/10 00:37:37.015335 [1;33m[WRN][m GID 1228, [sideChainPowTransfer] create transaction failed: [Wallet], Available token is not enough
2019/05/10 00:37:43.344012 [1;35m[INF][m GID 34, currentHeight: 471  chainHeight: 472
2019/05/10 00:37:43.348624 [1;35m[INF][m GID 34,  [SyncSideChain] Side chain [ XKUh4GLhFJiqAMTF6HyWQrV9pK9HcGUdfJ ] height:  472
2019/05/10 00:37:43.348731 [1;35m[INF][m GID 34, [OnDutyChanged] Start side chain mining: genesis address [ XKUh4GLhFJiqAMTF6HyWQrV9pK9HcGUdfJ ]
2019/05/10 00:37:43.348787 [1;35m[INF][m GID 34, [sideChainPowTransfer] start
2019/05/10 00:37:43.396229 [1;35m[INF][m GID 34, sideGenesisHash: a3c455a90843db2acd22554f2768a8d4233fafbf8dd549e6b261c2786993be56 sideBlockHash: 72f8cede8b2b13cc5ad250092fc265ee9a5af137e20f815d5baada3efd8725ba
2019/05/10 00:37:43.431627 [1;33m[WRN][m GID 34, [sideChainPowTransfer] create transaction failed: [Wallet], Available token is not enough
2019/05/10 00:37:43.431707 [1;35m[INF][m GID 34, [SyncSideChain] Start side chain mining, genesis address: [ XKUh4GLhFJiqAMTF6HyWQrV9pK9HcGUdfJ ]
2019/05/10 00:37:51.135831 [1;35m[INF][m GID 90, [arbitrator] Main chain height:  265
2019/05/10 00:37:51.146618 [1;35m[INF][m GID 90, [OnDutyArbitratorChanged] I became not on duty of main
2019/05/10 00:37:55.188758 [1;35m[INF][m GID 90, [arbitrator] Main chain height:  266
2019/05/10 00:38:09.321448 [1;35m[INF][m GID 90, [arbitrator] Main chain height:  267
2019/05/10 00:38:09.918210 [1;35m[INF][m GID 34, currentHeight: 472  chainHeight: 473
2019/05/10 00:38:09.921814 [1;35m[INF][m GID 34,  [SyncSideChain] Side chain [ XKUh4GLhFJiqAMTF6HyWQrV9pK9HcGUdfJ ] height:  473
2019/05/10 00:38:11.964829 [1;35m[INF][m GID 34, currentHeight: 473  chainHeight: 474
2019/05/10 00:38:11.980844 [1;35m[INF][m GID 34,  [SyncSideChain] Side chain [ XKUh4GLhFJiqAMTF6HyWQrV9pK9HcGUdfJ ] height:  474
2019/05/10 00:38:17.473691 [1;35m[INF][m GID 90, [arbitrator] Main chain height:  268
2019/05/10 00:38:17.478209 [1;35m[INF][m GID 90, [OnDutyArbitratorChanged] I am on duty of main
2019/05/10 00:38:17.478353 [1;35m[INF][m GID 90, [SyncMainChainCachedTxs] start
2019/05/10 00:38:17.478544 [1;35m[INF][m GID 90, [SyncMainChainCachedTxs] end
2019/05/10 00:38:17.478676 [1;33m[WRN][m GID 90, [SyncMainChainCachedTxs] No main chain tx in dbcache
2019/05/10 00:38:17.478807 [1;35m[INF][m GID 1319, [OnDutyChanged] Start side chain mining: genesis address [ XVfmhjxGxBKgzYxyXCJTb6YmaRfWPVunj4 ]
2019/05/10 00:38:17.478984 [1;35m[INF][m GID 1319, [sideChainPowTransfer] start
2019/05/10 00:38:17.478924 [1;35m[INF][m GID 1317, [SendCachedWithdrawTxs] start
2019/05/10 00:38:17.479360 [1;35m[INF][m GID 1317, No cached withdraw transaction need to send
2019/05/10 00:38:17.479489 [1;35m[INF][m GID 1317, [SendCachedWithdrawTxs] end
2019/05/10 00:38:17.478936 [1;35m[INF][m GID 1316, [SendCachedWithdrawTxs] start
2019/05/10 00:38:17.479755 [1;35m[INF][m GID 1316, No cached withdraw transaction need to send
2019/05/10 00:38:17.479873 [1;35m[INF][m GID 1316, [SendCachedWithdrawTxs] end
2019/05/10 00:38:17.478955 [1;35m[INF][m GID 1318, [OnDutyChanged] Start side chain mining: genesis address [ XKUh4GLhFJiqAMTF6HyWQrV9pK9HcGUdfJ ]
2019/05/10 00:38:17.480109 [1;35m[INF][m GID 1318, [sideChainPowTransfer] start
2019/05/10 00:38:17.482557 [1;35m[INF][m GID 1319, sideGenesisHash: 0e739a2b87774ef2266a3cabc79a8e1201732fe409cfe50bd4125efb1d1169b5 sideBlockHash: 09a253b78427ab77ef8bbabd4222ddbc5d1d4cec7f402c07a955b8cf7aa70c91
2019/05/10 00:38:17.483260 [1;35m[INF][m GID 1318, sideGenesisHash: a3c455a90843db2acd22554f2768a8d4233fafbf8dd549e6b261c2786993be56 sideBlockHash: 8a04869d223e8991853f9301efd2a2f8e8c11bbed49de7f326551f1415982250
2019/05/10 00:38:17.486618 [1;33m[WRN][m GID 1319, [sideChainPowTransfer] create transaction failed: [Wallet], Available token is not enough
2019/05/10 00:38:17.486956 [1;33m[WRN][m GID 1318, [sideChainPowTransfer] create transaction failed: [Wallet], Available token is not enough
2019/05/10 00:38:24.649650 [1;35m[INF][m GID 90, [arbitrator] Main chain height:  269
2019/05/10 00:38:24.655108 [1;35m[INF][m GID 90, [OnDutyArbitratorChanged] I became not on duty of main
2019/05/10 00:38:29.198571 [1;35m[INF][m GID 34, currentHeight: 474  chainHeight: 475
2019/05/10 00:38:29.211538 [1;35m[INF][m GID 34,  [SyncSideChain] Side chain [ XKUh4GLhFJiqAMTF6HyWQrV9pK9HcGUdfJ ] height:  475
2019/05/10 00:38:29.821454 [1;35m[INF][m GID 90, [arbitrator] Main chain height:  270
2019/05/10 00:38:31.006193 [1;35m[INF][m GID 146, Check and remove cross chain transactions from dbcache finished
2019/05/10 00:38:31.469396 [1;35m[INF][m GID 92, Warning side chain mining account:  EVQRDhuehyAs2P4bJZrx1JcmBPkkXbHJEw: 0 EamRAVSKik9XTfC485KZpxcmk4KhmPZCea: 0 
2019/05/10 00:38:40.033612 [1;35m[INF][m GID 90, [arbitrator] Main chain height:  271
2019/05/10 00:38:42.430562 [1;35m[INF][m GID 34, currentHeight: 475  chainHeight: 476
2019/05/10 00:38:42.441600 [1;35m[INF][m GID 34,  [SyncSideChain] Side chain [ XKUh4GLhFJiqAMTF6HyWQrV9pK9HcGUdfJ ] height:  476
2019/05/10 00:38:45.193943 [1;35m[INF][m GID 90, [arbitrator] Main chain height:  272
2019/05/10 00:38:45.197048 [1;35m[INF][m GID 90, [OnDutyArbitratorChanged] I am on duty of main
2019/05/10 00:38:45.197244 [1;35m[INF][m GID 90, [SyncMainChainCachedTxs] start
2019/05/10 00:38:45.197437 [1;35m[INF][m GID 90, [SyncMainChainCachedTxs] end
2019/05/10 00:38:45.197553 [1;33m[WRN][m GID 90, [SyncMainChainCachedTxs] No main chain tx in dbcache
2019/05/10 00:38:45.197672 [1;35m[INF][m GID 1360, [OnDutyChanged] Start side chain mining: genesis address [ XVfmhjxGxBKgzYxyXCJTb6YmaRfWPVunj4 ]
2019/05/10 00:38:45.197724 [1;35m[INF][m GID 1358, [SendCachedWithdrawTxs] start
2019/05/10 00:38:45.197809 [1;35m[INF][m GID 1360, [sideChainPowTransfer] start
2019/05/10 00:38:45.197929 [1;35m[INF][m GID 1358, No cached withdraw transaction need to send
2019/05/10 00:38:45.198045 [1;35m[INF][m GID 1358, [SendCachedWithdrawTxs] end
2019/05/10 00:38:45.198132 [1;35m[INF][m GID 1357, [SendCachedWithdrawTxs] start
2019/05/10 00:38:45.198231 [1;35m[INF][m GID 1359, [OnDutyChanged] Start side chain mining: genesis address [ XKUh4GLhFJiqAMTF6HyWQrV9pK9HcGUdfJ ]
2019/05/10 00:38:45.198637 [1;35m[INF][m GID 1359, [sideChainPowTransfer] start
2019/05/10 00:38:45.198556 [1;35m[INF][m GID 1357, No cached withdraw transaction need to send
2019/05/10 00:38:45.198855 [1;35m[INF][m GID 1357, [SendCachedWithdrawTxs] end
2019/05/10 00:38:45.200349 [1;35m[INF][m GID 1360, sideGenesisHash: 0e739a2b87774ef2266a3cabc79a8e1201732fe409cfe50bd4125efb1d1169b5 sideBlockHash: 228c88a95d44953bab1b4028b25119131db10d1057a754d01b6d202703cb47ab
2019/05/10 00:38:45.222231 [1;35m[INF][m GID 1359, sideGenesisHash: a3c455a90843db2acd22554f2768a8d4233fafbf8dd549e6b261c2786993be56 sideBlockHash: 996f8eed4fbdb99312237d095caa1547188c057f41caa802d0e343c7737fbc06
2019/05/10 00:38:45.277645 [1;33m[WRN][m GID 1360, [sideChainPowTransfer] create transaction failed: [Wallet], Available token is not enough
2019/05/10 00:38:45.277998 [1;33m[WRN][m GID 1359, [sideChainPowTransfer] create transaction failed: [Wallet], Available token is not enough
2019/05/10 00:38:52.514129 [1;35m[INF][m GID 90, [arbitrator] Main chain height:  273
2019/05/10 00:38:52.518043 [1;35m[INF][m GID 90, [OnDutyArbitratorChanged] I became not on duty of main
2019/05/10 00:38:56.940977 [1;35m[INF][m GID 35, currentHeight: 60  chainHeight: 61
2019/05/10 00:38:56.944935 [1;35m[INF][m GID 35,  [SyncSideChain] Side chain [ XVfmhjxGxBKgzYxyXCJTb6YmaRfWPVunj4 ] height:  61
