2019/05/09 23:49:53.008827 [1;35m[INF][m GID 48, Loaded 0 addresses from file 'elastos/data/dpos/peers.json'
2019/05/09 23:49:53.009143 [1;35m[INF][m GID 60, Server listening on [::]:10016
2019/05/09 23:49:53.009323 [1;35m[INF][m GID 59, Server listening on 0.0.0.0:10016
2019/05/09 23:49:53.009039 [1;35m[INF][m GID 1, [UpdatePeers] peers: 0  height:  0
2019/05/09 23:50:23.080458 [1;35m[INF][m GID 49, [OnBadNetwork] found network bad
2019/05/09 23:50:53.139319 [1;35m[INF][m GID 49, [OnBadNetwork] found network bad
2019/05/09 23:51:23.140167 [1;35m[INF][m GID 49, [OnBadNetwork] found network bad
2019/05/09 23:51:53.148854 [1;35m[INF][m GID 49, [OnBadNetwork] found network bad
2019/05/09 23:52:23.157405 [1;35m[INF][m GID 49, [OnBadNetwork] found network bad
2019/05/09 23:52:53.157470 [1;35m[INF][m GID 49, [OnBadNetwork] found network bad
2019/05/09 23:53:23.163315 [1;35m[INF][m GID 49, [OnBadNetwork] found network bad
2019/05/09 23:53:53.176938 [1;35m[INF][m GID 49, [OnBadNetwork] found network bad
2019/05/09 23:54:23.187318 [1;35m[INF][m GID 49, [OnBadNetwork] found network bad
2019/05/09 23:54:53.247880 [1;35m[INF][m GID 49, [OnBadNetwork] found network bad
2019/05/09 23:55:23.248202 [1;35m[INF][m GID 49, [OnBadNetwork] found network bad
2019/05/09 23:55:53.256327 [1;35m[INF][m GID 49, [OnBadNetwork] found network bad
2019/05/09 23:56:23.303748 [1;35m[INF][m GID 49, [OnBadNetwork] found network bad
2019/05/09 23:56:53.348242 [1;35m[INF][m GID 49, [OnBadNetwork] found network bad
2019/05/09 23:57:23.356771 [1;35m[INF][m GID 49, [OnBadNetwork] found network bad
2019/05/09 23:57:53.369184 [1;35m[INF][m GID 49, [OnBadNetwork] found network bad
2019/05/09 23:58:23.406634 [1;35m[INF][m GID 49, [OnBadNetwork] found network bad
2019/05/09 23:58:53.472511 [1;35m[INF][m GID 49, [OnBadNetwork] found network bad
2019/05/09 23:59:23.451874 [1;35m[INF][m GID 49, [OnBadNetwork] found network bad
2019/05/09 23:59:53.471798 [1;35m[INF][m GID 49, [OnBadNetwork] found network bad
2019/05/10 00:00:23.602927 [1;35m[INF][m GID 49, [OnBadNetwork] found network bad
2019/05/10 00:00:53.597339 [1;35m[INF][m GID 49, [OnBadNetwork] found network bad
2019/05/10 00:01:23.635773 [1;35m[INF][m GID 49, [OnBadNetwork] found network bad
2019/05/10 00:01:53.641281 [1;35m[INF][m GID 49, [OnBadNetwork] found network bad
2019/05/10 00:02:23.654617 [1;35m[INF][m GID 49, [OnBadNetwork] found network bad
2019/05/10 00:02:53.661774 [1;35m[INF][m GID 49, [OnBadNetwork] found network bad
2019/05/10 00:03:23.688716 [1;35m[INF][m GID 49, [OnBadNetwork] found network bad
2019/05/10 00:03:53.712841 [1;35m[INF][m GID 49, [OnBadNetwork] found network bad
2019/05/10 00:04:23.713042 [1;35m[INF][m GID 49, [OnBadNetwork] found network bad
2019/05/10 00:04:53.715530 [1;35m[INF][m GID 49, [OnBadNetwork] found network bad
2019/05/10 00:05:23.715843 [1;35m[INF][m GID 49, [OnBadNetwork] found network bad
2019/05/10 00:05:53.726414 [1;35m[INF][m GID 49, [OnBadNetwork] found network bad
2019/05/10 00:06:23.732563 [1;35m[INF][m GID 49, [OnBadNetwork] found network bad
