2019/12/13 15:16:00.109352 [1;35m[INF][m GID 1, Init wallet.
2019/12/13 15:16:00.166071 [1;35m[INF][m GID 1, Arbiter version:  
2019/12/13 15:16:00.173447 [1;35m[INF][m GID 1, 1. Init chain utxo cache.
2019/12/13 15:16:00.221160 [1;35m[INF][m GID 1, 2. Init finished transaction cache.
2019/12/13 15:16:00.221619 [1;35m[INF][m GID 1, 3. Start arbitrator P2P networks.
2019/12/13 15:16:00.222131 [1;35m[INF][m GID 1, 4. Init configurations.
2019/12/13 15:16:00.226819 [1;35m[INF][m GID 1, 5. Start arbitrator spv module.
2019/12/13 15:16:00.295288 [1;35m[INF][m GID 1, [StartSpvModule] register auxpow listener: EUBKBP6K2QtWQAjZXf3d3ZoKE3chGJX1zG
2019/12/13 15:16:00.295472 [1;35m[INF][m GID 1, [StartSpvModule] register dposit listener: XKUh4GLhFJiqAMTF6HyWQrV9pK9HcGUdfJ
2019/12/13 15:16:00.295583 [1;35m[INF][m GID 1, [StartSpvModule] register auxpow listener: EMp6bGXzME9uQNfUcKDHRRMqyVNnsrRE8J
2019/12/13 15:16:00.295718 [1;35m[INF][m GID 1, [StartSpvModule] register dposit listener: XVfmhjxGxBKgzYxyXCJTb6YmaRfWPVunj4
2019/12/13 15:16:00.295829 [1;35m[INF][m GID 1, [StartSpvModule] register dposit listener: XZyAtNipJ7fdgBRhdzCoyS7A3PDSzR7u98
2019/12/13 15:16:00.295978 [1;35m[INF][m GID 1, 6. Start arbitrator group monitor.
2019/12/13 15:16:00.296028 [1;35m[INF][m GID 1, 7. Start servers.
2019/12/13 15:16:00.296314 [1;35m[INF][m GID 1, 8. Start check and remove cross chain transactions from db.
2019/12/13 15:16:00.296374 [1;35m[INF][m GID 1, 9. Start side chain account divide.
2019/12/13 15:16:00.297671 [1;33m[WRN][m GID 120, [CheckAndRemoveDepositTransactionsFromDB] Get exist deposit transactions failed: Post http://privnet-sidechain-eth-oracle-node:16666: dial tcp 172.20.0.17:16666: connect: connection refused
2019/12/13 15:16:00.297833 [1;35m[INF][m GID 120, Check and remove cross chain transactions from dbcache finished
2019/12/13 15:16:01.225025 [1;35m[INF][m GID 51, currentHeight: 407  chainHeight: 408
2019/12/13 15:16:01.232159 [1;35m[INF][m GID 51,  [SyncSideChain] Side chain [ XKUh4GLhFJiqAMTF6HyWQrV9pK9HcGUdfJ ] height:  408
2019/12/13 15:16:04.279184 [1;35m[INF][m GID 51, currentHeight: 408  chainHeight: 409
2019/12/13 15:16:04.284589 [1;35m[INF][m GID 51,  [SyncSideChain] Side chain [ XKUh4GLhFJiqAMTF6HyWQrV9pK9HcGUdfJ ] height:  409
2019/12/13 15:16:07.367564 [1;35m[INF][m GID 118, [arbitrator] Main chain height:  573
2019/12/13 15:16:09.297540 [1;35m[INF][m GID 52, currentHeight: 197  chainHeight: 198
2019/12/13 15:16:09.300031 [1;35m[INF][m GID 52,  [SyncSideChain] Side chain [ XVfmhjxGxBKgzYxyXCJTb6YmaRfWPVunj4 ] height:  198
2019/12/13 15:16:12.319160 [1;35m[INF][m GID 52, currentHeight: 198  chainHeight: 199
2019/12/13 15:16:12.346368 [1;35m[INF][m GID 52,  [SyncSideChain] Side chain [ XVfmhjxGxBKgzYxyXCJTb6YmaRfWPVunj4 ] height:  199
2019/12/13 15:16:16.440111 [1;35m[INF][m GID 118, [arbitrator] Main chain height:  574
2019/12/13 15:16:17.443952 [1;35m[INF][m GID 118, [arbitrator] Main chain height:  575
2019/12/13 15:16:21.405187 [1;35m[INF][m GID 51, currentHeight: 409  chainHeight: 410
2019/12/13 15:16:21.435962 [1;35m[INF][m GID 51,  [SyncSideChain] Side chain [ XKUh4GLhFJiqAMTF6HyWQrV9pK9HcGUdfJ ] height:  410
2019/12/13 15:16:21.449574 [1;35m[INF][m GID 52, currentHeight: 199  chainHeight: 200
2019/12/13 15:16:21.472002 [1;35m[INF][m GID 52,  [SyncSideChain] Side chain [ XVfmhjxGxBKgzYxyXCJTb6YmaRfWPVunj4 ] height:  200
2019/12/13 15:16:34.548278 [1;35m[INF][m GID 118, [arbitrator] Main chain height:  576
2019/12/13 15:16:38.574470 [1;35m[INF][m GID 118, [arbitrator] Main chain height:  577
2019/12/13 15:16:40.590796 [1;35m[INF][m GID 118, [arbitrator] Main chain height:  578
2019/12/13 15:16:42.578494 [1;35m[INF][m GID 51, currentHeight: 410  chainHeight: 411
2019/12/13 15:16:42.582218 [1;35m[INF][m GID 51,  [SyncSideChain] Side chain [ XKUh4GLhFJiqAMTF6HyWQrV9pK9HcGUdfJ ] height:  411
2019/12/13 15:16:43.583398 [1;35m[INF][m GID 51, currentHeight: 411  chainHeight: 412
2019/12/13 15:16:43.586327 [1;35m[INF][m GID 51,  [SyncSideChain] Side chain [ XKUh4GLhFJiqAMTF6HyWQrV9pK9HcGUdfJ ] height:  412
2019/12/13 15:16:47.622118 [1;35m[INF][m GID 118, [arbitrator] Main chain height:  579
2019/12/13 15:16:48.631229 [1;35m[INF][m GID 52, currentHeight: 200  chainHeight: 201
2019/12/13 15:16:48.641885 [1;35m[INF][m GID 52,  [SyncSideChain] Side chain [ XVfmhjxGxBKgzYxyXCJTb6YmaRfWPVunj4 ] height:  201
2019/12/13 15:16:50.657929 [1;35m[INF][m GID 52, currentHeight: 201  chainHeight: 202
2019/12/13 15:16:50.673187 [1;35m[INF][m GID 52,  [SyncSideChain] Side chain [ XVfmhjxGxBKgzYxyXCJTb6YmaRfWPVunj4 ] height:  202
2019/12/13 15:16:54.632262 [1;35m[INF][m GID 51, currentHeight: 412  chainHeight: 413
2019/12/13 15:16:54.668050 [1;35m[INF][m GID 51,  [SyncSideChain] Side chain [ XKUh4GLhFJiqAMTF6HyWQrV9pK9HcGUdfJ ] height:  413
2019/12/13 15:16:57.707412 [1;35m[INF][m GID 118, [arbitrator] Main chain height:  580
2019/12/13 15:17:00.297792 [1;35m[INF][m GID 121, Warning side chain mining account:  EUBKBP6K2QtWQAjZXf3d3ZoKE3chGJX1zG: 0 EMp6bGXzME9uQNfUcKDHRRMqyVNnsrRE8J: 0 EL1kPYcrF9E1gcms3Tvf7Myq6fWHfaLeBu: 0 
2019/12/13 15:17:00.298583 [1;33m[WRN][m GID 120, [CheckAndRemoveDepositTransactionsFromDB] Get exist deposit transactions failed: Post http://privnet-sidechain-eth-oracle-node:16666: dial tcp 172.20.0.17:16666: connect: connection refused
2019/12/13 15:17:00.298670 [1;35m[INF][m GID 120, Check and remove cross chain transactions from dbcache finished
2019/12/13 15:17:06.758169 [1;35m[INF][m GID 51, currentHeight: 413  chainHeight: 414
2019/12/13 15:17:06.773965 [1;35m[INF][m GID 51,  [SyncSideChain] Side chain [ XKUh4GLhFJiqAMTF6HyWQrV9pK9HcGUdfJ ] height:  414
2019/12/13 15:17:07.757475 [1;35m[INF][m GID 118, [arbitrator] Main chain height:  581
2019/12/13 15:17:08.815219 [1;35m[INF][m GID 52, currentHeight: 202  chainHeight: 203
2019/12/13 15:17:08.819406 [1;35m[INF][m GID 52,  [SyncSideChain] Side chain [ XVfmhjxGxBKgzYxyXCJTb6YmaRfWPVunj4 ] height:  203
2019/12/13 15:17:10.827210 [1;35m[INF][m GID 52, currentHeight: 203  chainHeight: 204
2019/12/13 15:17:10.831778 [1;35m[INF][m GID 52,  [SyncSideChain] Side chain [ XVfmhjxGxBKgzYxyXCJTb6YmaRfWPVunj4 ] height:  204
2019/12/13 15:17:11.846764 [1;35m[INF][m GID 52, currentHeight: 204  chainHeight: 205
2019/12/13 15:17:11.861153 [1;35m[INF][m GID 52,  [SyncSideChain] Side chain [ XVfmhjxGxBKgzYxyXCJTb6YmaRfWPVunj4 ] height:  205
2019/12/13 15:17:12.866642 [1;35m[INF][m GID 52, currentHeight: 205  chainHeight: 206
2019/12/13 15:17:12.916882 [1;35m[INF][m GID 52,  [SyncSideChain] Side chain [ XVfmhjxGxBKgzYxyXCJTb6YmaRfWPVunj4 ] height:  206
2019/12/13 15:17:14.812768 [1;35m[INF][m GID 51, currentHeight: 414  chainHeight: 415
2019/12/13 15:17:14.828526 [1;35m[INF][m GID 51,  [SyncSideChain] Side chain [ XKUh4GLhFJiqAMTF6HyWQrV9pK9HcGUdfJ ] height:  415
2019/12/13 15:17:16.930940 [1;35m[INF][m GID 52, currentHeight: 206  chainHeight: 207
2019/12/13 15:17:16.934006 [1;35m[INF][m GID 52,  [SyncSideChain] Side chain [ XVfmhjxGxBKgzYxyXCJTb6YmaRfWPVunj4 ] height:  207
2019/12/13 15:17:17.853630 [1;35m[INF][m GID 51, currentHeight: 415  chainHeight: 416
2019/12/13 15:17:17.874749 [1;35m[INF][m GID 51,  [SyncSideChain] Side chain [ XKUh4GLhFJiqAMTF6HyWQrV9pK9HcGUdfJ ] height:  416
2019/12/13 15:17:17.943019 [1;35m[INF][m GID 52, currentHeight: 207  chainHeight: 208
2019/12/13 15:17:17.996617 [1;35m[INF][m GID 52,  [SyncSideChain] Side chain [ XVfmhjxGxBKgzYxyXCJTb6YmaRfWPVunj4 ] height:  208
2019/12/13 15:17:27.865297 [1;35m[INF][m GID 118, [arbitrator] Main chain height:  582
2019/12/13 15:17:32.941007 [1;35m[INF][m GID 51, currentHeight: 416  chainHeight: 417
2019/12/13 15:17:32.944215 [1;35m[INF][m GID 51,  [SyncSideChain] Side chain [ XKUh4GLhFJiqAMTF6HyWQrV9pK9HcGUdfJ ] height:  417
2019/12/13 15:17:35.079121 [1;35m[INF][m GID 52, currentHeight: 208  chainHeight: 209
2019/12/13 15:17:35.098893 [1;35m[INF][m GID 52,  [SyncSideChain] Side chain [ XVfmhjxGxBKgzYxyXCJTb6YmaRfWPVunj4 ] height:  209
2019/12/13 15:17:38.993158 [1;35m[INF][m GID 118, [arbitrator] Main chain height:  583
2019/12/13 15:17:46.477345 [1;35m[INF][m GID 118, [arbitrator] Main chain height:  584
2019/12/13 15:17:49.487211 [1;35m[INF][m GID 118, [arbitrator] Main chain height:  585
2019/12/13 15:18:00.300396 [1;33m[WRN][m GID 120, [CheckAndRemoveDepositTransactionsFromDB] Get exist deposit transactions failed: Post http://privnet-sidechain-eth-oracle-node:16666: dial tcp 172.20.0.17:16666: connect: connection refused
2019/12/13 15:18:00.300549 [1;35m[INF][m GID 120, Check and remove cross chain transactions from dbcache finished
2019/12/13 15:18:00.302015 [1;35m[INF][m GID 121, Warning side chain mining account:  EUBKBP6K2QtWQAjZXf3d3ZoKE3chGJX1zG: 0 EMp6bGXzME9uQNfUcKDHRRMqyVNnsrRE8J: 0 EL1kPYcrF9E1gcms3Tvf7Myq6fWHfaLeBu: 0 
2019/12/13 15:18:01.613163 [1;35m[INF][m GID 118, [arbitrator] Main chain height:  586
2019/12/13 15:18:03.626443 [1;35m[INF][m GID 118, [arbitrator] Main chain height:  587
2019/12/13 15:18:09.684011 [1;35m[INF][m GID 118, [arbitrator] Main chain height:  588
2019/12/13 15:18:12.670257 [1;35m[INF][m GID 51, currentHeight: 417  chainHeight: 419
2019/12/13 15:18:12.674569 [1;35m[INF][m GID 51,  [SyncSideChain] Side chain [ XKUh4GLhFJiqAMTF6HyWQrV9pK9HcGUdfJ ] height:  419
2019/12/13 15:18:12.707733 [1;35m[INF][m GID 52, currentHeight: 209  chainHeight: 210
2019/12/13 15:18:12.721110 [1;35m[INF][m GID 52,  [SyncSideChain] Side chain [ XVfmhjxGxBKgzYxyXCJTb6YmaRfWPVunj4 ] height:  210
2019/12/13 15:18:15.699269 [1;35m[INF][m GID 51, currentHeight: 419  chainHeight: 420
2019/12/13 15:18:15.709051 [1;35m[INF][m GID 118, [arbitrator] Main chain height:  589
2019/12/13 15:18:15.709757 [1;35m[INF][m GID 51,  [SyncSideChain] Side chain [ XKUh4GLhFJiqAMTF6HyWQrV9pK9HcGUdfJ ] height:  420
2019/12/13 15:18:19.773302 [1;35m[INF][m GID 118, [arbitrator] Main chain height:  590
2019/12/13 15:18:22.756927 [1;35m[INF][m GID 51, currentHeight: 420  chainHeight: 421
2019/12/13 15:18:22.762854 [1;35m[INF][m GID 51,  [SyncSideChain] Side chain [ XKUh4GLhFJiqAMTF6HyWQrV9pK9HcGUdfJ ] height:  421
2019/12/13 15:18:24.778710 [1;35m[INF][m GID 51, currentHeight: 421  chainHeight: 422
2019/12/13 15:18:24.785116 [1;35m[INF][m GID 51,  [SyncSideChain] Side chain [ XKUh4GLhFJiqAMTF6HyWQrV9pK9HcGUdfJ ] height:  422
2019/12/13 15:18:32.845908 [1;35m[INF][m GID 118, [arbitrator] Main chain height:  591
2019/12/13 15:18:40.917243 [1;35m[INF][m GID 118, [arbitrator] Main chain height:  592
2019/12/13 15:18:41.886649 [1;35m[INF][m GID 51, currentHeight: 422  chainHeight: 423
2019/12/13 15:18:41.890810 [1;35m[INF][m GID 51,  [SyncSideChain] Side chain [ XKUh4GLhFJiqAMTF6HyWQrV9pK9HcGUdfJ ] height:  423
2019/12/13 15:18:46.959360 [1;35m[INF][m GID 118, [arbitrator] Main chain height:  593
2019/12/13 15:18:48.923019 [1;35m[INF][m GID 51, currentHeight: 423  chainHeight: 424
2019/12/13 15:18:48.926912 [1;35m[INF][m GID 51,  [SyncSideChain] Side chain [ XKUh4GLhFJiqAMTF6HyWQrV9pK9HcGUdfJ ] height:  424
2019/12/13 15:18:49.935072 [1;35m[INF][m GID 51, currentHeight: 424  chainHeight: 425
2019/12/13 15:18:49.938884 [1;35m[INF][m GID 51,  [SyncSideChain] Side chain [ XKUh4GLhFJiqAMTF6HyWQrV9pK9HcGUdfJ ] height:  425
2019/12/13 15:18:52.033282 [1;35m[INF][m GID 118, [arbitrator] Main chain height:  594
2019/12/13 15:18:56.955268 [1;35m[INF][m GID 51, currentHeight: 425  chainHeight: 426
2019/12/13 15:18:56.959182 [1;35m[INF][m GID 51,  [SyncSideChain] Side chain [ XKUh4GLhFJiqAMTF6HyWQrV9pK9HcGUdfJ ] height:  426
2019/12/13 15:18:56.973023 [1;35m[INF][m GID 52, currentHeight: 210  chainHeight: 211
2019/12/13 15:18:56.976056 [1;35m[INF][m GID 52,  [SyncSideChain] Side chain [ XVfmhjxGxBKgzYxyXCJTb6YmaRfWPVunj4 ] height:  211
2019/12/13 15:18:58.990871 [1;35m[INF][m GID 52, currentHeight: 211  chainHeight: 212
2019/12/13 15:18:58.999339 [1;35m[INF][m GID 52,  [SyncSideChain] Side chain [ XVfmhjxGxBKgzYxyXCJTb6YmaRfWPVunj4 ] height:  212
2019/12/13 15:19:00.301341 [1;33m[WRN][m GID 120, [CheckAndRemoveDepositTransactionsFromDB] Get exist deposit transactions failed: Post http://privnet-sidechain-eth-oracle-node:16666: dial tcp 172.20.0.17:16666: connect: connection refused
2019/12/13 15:19:00.301533 [1;35m[INF][m GID 120, Check and remove cross chain transactions from dbcache finished
2019/12/13 15:19:00.314382 [1;35m[INF][m GID 121, Warning side chain mining account:  EUBKBP6K2QtWQAjZXf3d3ZoKE3chGJX1zG: 0 EMp6bGXzME9uQNfUcKDHRRMqyVNnsrRE8J: 0 EL1kPYcrF9E1gcms3Tvf7Myq6fWHfaLeBu: 0 
2019/12/13 15:19:01.974588 [1;35m[INF][m GID 51, currentHeight: 426  chainHeight: 428
2019/12/13 15:19:01.990173 [1;35m[INF][m GID 51,  [SyncSideChain] Side chain [ XKUh4GLhFJiqAMTF6HyWQrV9pK9HcGUdfJ ] height:  428
2019/12/13 15:19:03.005384 [1;35m[INF][m GID 51, currentHeight: 428  chainHeight: 429
2019/12/13 15:19:03.061861 [1;35m[INF][m GID 51,  [SyncSideChain] Side chain [ XKUh4GLhFJiqAMTF6HyWQrV9pK9HcGUdfJ ] height:  429
2019/12/13 15:19:03.082983 [1;35m[INF][m GID 118, [arbitrator] Main chain height:  595
2019/12/13 15:19:08.062753 [1;35m[INF][m GID 52, currentHeight: 212  chainHeight: 213
2019/12/13 15:19:08.074306 [1;35m[INF][m GID 52,  [SyncSideChain] Side chain [ XVfmhjxGxBKgzYxyXCJTb6YmaRfWPVunj4 ] height:  213
2019/12/13 15:19:12.147826 [1;35m[INF][m GID 118, [arbitrator] Main chain height:  596
2019/12/13 15:19:17.145268 [1;35m[INF][m GID 52, currentHeight: 213  chainHeight: 214
2019/12/13 15:19:17.166255 [1;35m[INF][m GID 52,  [SyncSideChain] Side chain [ XVfmhjxGxBKgzYxyXCJTb6YmaRfWPVunj4 ] height:  214
2019/12/13 15:19:17.166461 [1;35m[INF][m GID 51, currentHeight: 429  chainHeight: 430
2019/12/13 15:19:17.168741 [1;35m[INF][m GID 51,  [SyncSideChain] Side chain [ XKUh4GLhFJiqAMTF6HyWQrV9pK9HcGUdfJ ] height:  430
2019/12/13 15:19:22.182614 [1;35m[INF][m GID 51, currentHeight: 430  chainHeight: 431
2019/12/13 15:19:22.199071 [1;35m[INF][m GID 51,  [SyncSideChain] Side chain [ XKUh4GLhFJiqAMTF6HyWQrV9pK9HcGUdfJ ] height:  431
2019/12/13 15:19:26.204270 [1;35m[INF][m GID 118, [arbitrator] Main chain height:  597
2019/12/13 15:19:27.229825 [1;35m[INF][m GID 52, currentHeight: 214  chainHeight: 215
2019/12/13 15:19:27.231514 [1;35m[INF][m GID 51, currentHeight: 431  chainHeight: 432
2019/12/13 15:19:27.237545 [1;35m[INF][m GID 51,  [SyncSideChain] Side chain [ XKUh4GLhFJiqAMTF6HyWQrV9pK9HcGUdfJ ] height:  432
2019/12/13 15:19:27.249943 [1;35m[INF][m GID 52,  [SyncSideChain] Side chain [ XVfmhjxGxBKgzYxyXCJTb6YmaRfWPVunj4 ] height:  215
2019/12/13 15:19:29.255441 [1;35m[INF][m GID 52, currentHeight: 215  chainHeight: 216
2019/12/13 15:19:29.261575 [1;35m[INF][m GID 52,  [SyncSideChain] Side chain [ XVfmhjxGxBKgzYxyXCJTb6YmaRfWPVunj4 ] height:  216
2019/12/13 15:19:30.231679 [1;35m[INF][m GID 118, [arbitrator] Main chain height:  598
2019/12/13 15:19:31.317886 [1;35m[INF][m GID 51, currentHeight: 432  chainHeight: 433
2019/12/13 15:19:31.336057 [1;35m[INF][m GID 51,  [SyncSideChain] Side chain [ XKUh4GLhFJiqAMTF6HyWQrV9pK9HcGUdfJ ] height:  433
2019/12/13 15:19:32.274277 [1;35m[INF][m GID 52, currentHeight: 216  chainHeight: 217
2019/12/13 15:19:32.278571 [1;35m[INF][m GID 52,  [SyncSideChain] Side chain [ XVfmhjxGxBKgzYxyXCJTb6YmaRfWPVunj4 ] height:  217
2019/12/13 15:19:36.361830 [1;35m[INF][m GID 51, currentHeight: 433  chainHeight: 434
2019/12/13 15:19:36.365951 [1;35m[INF][m GID 51,  [SyncSideChain] Side chain [ XKUh4GLhFJiqAMTF6HyWQrV9pK9HcGUdfJ ] height:  434
2019/12/13 15:19:37.368033 [1;35m[INF][m GID 51, currentHeight: 434  chainHeight: 435
2019/12/13 15:19:37.373306 [1;35m[INF][m GID 51,  [SyncSideChain] Side chain [ XKUh4GLhFJiqAMTF6HyWQrV9pK9HcGUdfJ ] height:  435
2019/12/13 15:19:43.402890 [1;35m[INF][m GID 51, currentHeight: 435  chainHeight: 436
2019/12/13 15:19:43.420731 [1;35m[INF][m GID 51,  [SyncSideChain] Side chain [ XKUh4GLhFJiqAMTF6HyWQrV9pK9HcGUdfJ ] height:  436
2019/12/13 15:19:45.353954 [1;35m[INF][m GID 118, [arbitrator] Main chain height:  599
2019/12/13 15:19:50.438850 [1;35m[INF][m GID 52, currentHeight: 217  chainHeight: 218
2019/12/13 15:19:50.465492 [1;35m[INF][m GID 52,  [SyncSideChain] Side chain [ XVfmhjxGxBKgzYxyXCJTb6YmaRfWPVunj4 ] height:  218
2019/12/13 15:19:53.420260 [1;35m[INF][m GID 118, [arbitrator] Main chain height:  600
2019/12/13 15:19:58.529256 [1;35m[INF][m GID 52, currentHeight: 218  chainHeight: 219
2019/12/13 15:19:58.535447 [1;35m[INF][m GID 52,  [SyncSideChain] Side chain [ XVfmhjxGxBKgzYxyXCJTb6YmaRfWPVunj4 ] height:  219
2019/12/13 15:20:00.302929 [1;33m[WRN][m GID 120, [CheckAndRemoveDepositTransactionsFromDB] Get exist deposit transactions failed: Post http://privnet-sidechain-eth-oracle-node:16666: dial tcp 172.20.0.17:16666: connect: connection refused
2019/12/13 15:20:00.303126 [1;35m[INF][m GID 120, Check and remove cross chain transactions from dbcache finished
2019/12/13 15:20:00.333954 [1;35m[INF][m GID 121, Warning side chain mining account:  EUBKBP6K2QtWQAjZXf3d3ZoKE3chGJX1zG: 0 EMp6bGXzME9uQNfUcKDHRRMqyVNnsrRE8J: 0 EL1kPYcrF9E1gcms3Tvf7Myq6fWHfaLeBu: 0 
2019/12/13 15:20:02.466873 [1;35m[INF][m GID 118, [arbitrator] Main chain height:  601
2019/12/13 15:20:07.586726 [1;35m[INF][m GID 52, currentHeight: 219  chainHeight: 220
2019/12/13 15:20:07.604182 [1;35m[INF][m GID 52,  [SyncSideChain] Side chain [ XVfmhjxGxBKgzYxyXCJTb6YmaRfWPVunj4 ] height:  220
2019/12/13 15:20:13.615016 [1;35m[INF][m GID 52, currentHeight: 220  chainHeight: 221
2019/12/13 15:20:13.619415 [1;35m[INF][m GID 52,  [SyncSideChain] Side chain [ XVfmhjxGxBKgzYxyXCJTb6YmaRfWPVunj4 ] height:  221
2019/12/13 15:20:14.595059 [1;35m[INF][m GID 51, currentHeight: 436  chainHeight: 437
2019/12/13 15:20:14.598709 [1;35m[INF][m GID 51,  [SyncSideChain] Side chain [ XKUh4GLhFJiqAMTF6HyWQrV9pK9HcGUdfJ ] height:  437
2019/12/13 15:20:15.624141 [1;35m[INF][m GID 52, currentHeight: 221  chainHeight: 222
2019/12/13 15:20:15.632241 [1;35m[INF][m GID 52,  [SyncSideChain] Side chain [ XVfmhjxGxBKgzYxyXCJTb6YmaRfWPVunj4 ] height:  222
2019/12/13 15:20:19.558544 [1;35m[INF][m GID 118, [arbitrator] Main chain height:  602
2019/12/13 15:20:23.660883 [1;35m[INF][m GID 52, currentHeight: 222  chainHeight: 223
2019/12/13 15:20:23.671591 [1;35m[INF][m GID 52,  [SyncSideChain] Side chain [ XVfmhjxGxBKgzYxyXCJTb6YmaRfWPVunj4 ] height:  223
2019/12/13 15:20:26.667837 [1;35m[INF][m GID 51, currentHeight: 437  chainHeight: 438
2019/12/13 15:20:26.711028 [1;35m[INF][m GID 51,  [SyncSideChain] Side chain [ XKUh4GLhFJiqAMTF6HyWQrV9pK9HcGUdfJ ] height:  438
2019/12/13 15:20:29.609502 [1;35m[INF][m GID 118, [arbitrator] Main chain height:  603
2019/12/13 15:20:31.702895 [1;35m[INF][m GID 52, currentHeight: 223  chainHeight: 224
2019/12/13 15:20:31.721496 [1;35m[INF][m GID 52,  [SyncSideChain] Side chain [ XVfmhjxGxBKgzYxyXCJTb6YmaRfWPVunj4 ] height:  224
2019/12/13 15:20:40.775931 [1;35m[INF][m GID 51, currentHeight: 438  chainHeight: 439
2019/12/13 15:20:40.789130 [1;35m[INF][m GID 51,  [SyncSideChain] Side chain [ XKUh4GLhFJiqAMTF6HyWQrV9pK9HcGUdfJ ] height:  439
2019/12/13 15:20:43.700072 [1;35m[INF][m GID 118, [arbitrator] Main chain height:  604
2019/12/13 15:20:44.834788 [1;35m[INF][m GID 52, currentHeight: 224  chainHeight: 225
2019/12/13 15:20:44.838937 [1;35m[INF][m GID 52,  [SyncSideChain] Side chain [ XVfmhjxGxBKgzYxyXCJTb6YmaRfWPVunj4 ] height:  225
2019/12/13 15:20:48.729705 [1;35m[INF][m GID 118, [arbitrator] Main chain height:  605
2019/12/13 15:20:48.870955 [1;35m[INF][m GID 52, currentHeight: 225  chainHeight: 226
2019/12/13 15:20:48.876489 [1;35m[INF][m GID 52,  [SyncSideChain] Side chain [ XVfmhjxGxBKgzYxyXCJTb6YmaRfWPVunj4 ] height:  226
2019/12/13 15:20:50.830633 [1;35m[INF][m GID 51, currentHeight: 439  chainHeight: 440
2019/12/13 15:20:50.845829 [1;35m[INF][m GID 51,  [SyncSideChain] Side chain [ XKUh4GLhFJiqAMTF6HyWQrV9pK9HcGUdfJ ] height:  440
2019/12/13 15:20:53.854049 [1;35m[INF][m GID 51, currentHeight: 440  chainHeight: 441
2019/12/13 15:20:53.864078 [1;35m[INF][m GID 51,  [SyncSideChain] Side chain [ XKUh4GLhFJiqAMTF6HyWQrV9pK9HcGUdfJ ] height:  441
2019/12/13 15:20:54.916380 [1;35m[INF][m GID 52, currentHeight: 226  chainHeight: 227
2019/12/13 15:20:54.920099 [1;35m[INF][m GID 52,  [SyncSideChain] Side chain [ XVfmhjxGxBKgzYxyXCJTb6YmaRfWPVunj4 ] height:  227
2019/12/13 15:20:59.884666 [1;35m[INF][m GID 51, currentHeight: 441  chainHeight: 442
2019/12/13 15:20:59.888495 [1;35m[INF][m GID 51,  [SyncSideChain] Side chain [ XKUh4GLhFJiqAMTF6HyWQrV9pK9HcGUdfJ ] height:  442
2019/12/13 15:21:00.315198 [1;33m[WRN][m GID 120, [CheckAndRemoveDepositTransactionsFromDB] Get exist deposit transactions failed: Post http://privnet-sidechain-eth-oracle-node:16666: dial tcp 172.20.0.17:16666: connect: connection refused
2019/12/13 15:21:00.315470 [1;35m[INF][m GID 120, Check and remove cross chain transactions from dbcache finished
2019/12/13 15:21:00.339852 [1;35m[INF][m GID 121, Warning side chain mining account:  EUBKBP6K2QtWQAjZXf3d3ZoKE3chGJX1zG: 0 EMp6bGXzME9uQNfUcKDHRRMqyVNnsrRE8J: 0 EL1kPYcrF9E1gcms3Tvf7Myq6fWHfaLeBu: 0 
2019/12/13 15:21:10.858905 [1;35m[INF][m GID 118, [arbitrator] Main chain height:  606
2019/12/13 15:21:18.906705 [1;35m[INF][m GID 118, [arbitrator] Main chain height:  607
2019/12/13 15:21:25.122505 [1;35m[INF][m GID 52, currentHeight: 227  chainHeight: 228
2019/12/13 15:21:25.130397 [1;35m[INF][m GID 52,  [SyncSideChain] Side chain [ XVfmhjxGxBKgzYxyXCJTb6YmaRfWPVunj4 ] height:  228
2019/12/13 15:21:26.965729 [1;35m[INF][m GID 118, [arbitrator] Main chain height:  608
2019/12/13 15:21:32.157146 [1;35m[INF][m GID 52, currentHeight: 228  chainHeight: 229
2019/12/13 15:21:32.169991 [1;35m[INF][m GID 52,  [SyncSideChain] Side chain [ XVfmhjxGxBKgzYxyXCJTb6YmaRfWPVunj4 ] height:  229
2019/12/13 15:21:39.242927 [1;35m[INF][m GID 52, currentHeight: 229  chainHeight: 231
2019/12/13 15:21:39.291207 [1;35m[INF][m GID 52,  [SyncSideChain] Side chain [ XVfmhjxGxBKgzYxyXCJTb6YmaRfWPVunj4 ] height:  231
2019/12/13 15:21:42.081821 [1;35m[INF][m GID 118, [arbitrator] Main chain height:  609
2019/12/13 15:21:46.310018 [1;35m[INF][m GID 52, currentHeight: 231  chainHeight: 232
2019/12/13 15:21:46.315736 [1;35m[INF][m GID 52,  [SyncSideChain] Side chain [ XVfmhjxGxBKgzYxyXCJTb6YmaRfWPVunj4 ] height:  232
2019/12/13 15:21:47.103966 [1;35m[INF][m GID 118, [arbitrator] Main chain height:  610
2019/12/13 15:21:55.180976 [1;35m[INF][m GID 118, [arbitrator] Main chain height:  611
2019/12/13 15:21:58.215661 [1;35m[INF][m GID 51, currentHeight: 442  chainHeight: 443
2019/12/13 15:21:58.219180 [1;35m[INF][m GID 51,  [SyncSideChain] Side chain [ XKUh4GLhFJiqAMTF6HyWQrV9pK9HcGUdfJ ] height:  443
2019/12/13 15:22:00.316082 [1;33m[WRN][m GID 120, [CheckAndRemoveDepositTransactionsFromDB] Get exist deposit transactions failed: Post http://privnet-sidechain-eth-oracle-node:16666: dial tcp 172.20.0.17:16666: connect: connection refused
2019/12/13 15:22:00.316185 [1;35m[INF][m GID 120, Check and remove cross chain transactions from dbcache finished
2019/12/13 15:22:00.341218 [1;35m[INF][m GID 121, Warning side chain mining account:  EUBKBP6K2QtWQAjZXf3d3ZoKE3chGJX1zG: 0 EMp6bGXzME9uQNfUcKDHRRMqyVNnsrRE8J: 0 EL1kPYcrF9E1gcms3Tvf7Myq6fWHfaLeBu: 0 
2019/12/13 15:22:02.230773 [1;35m[INF][m GID 118, [arbitrator] Main chain height:  612
2019/12/13 15:22:06.462675 [1;35m[INF][m GID 52, currentHeight: 232  chainHeight: 233
2019/12/13 15:22:06.467843 [1;35m[INF][m GID 52,  [SyncSideChain] Side chain [ XVfmhjxGxBKgzYxyXCJTb6YmaRfWPVunj4 ] height:  233
2019/12/13 15:22:10.475056 [1;35m[INF][m GID 52, currentHeight: 233  chainHeight: 234
2019/12/13 15:22:10.477757 [1;35m[INF][m GID 52,  [SyncSideChain] Side chain [ XVfmhjxGxBKgzYxyXCJTb6YmaRfWPVunj4 ] height:  234
2019/12/13 15:22:16.314937 [1;35m[INF][m GID 118, [arbitrator] Main chain height:  613
2019/12/13 15:22:18.495934 [1;35m[INF][m GID 52, currentHeight: 234  chainHeight: 235
2019/12/13 15:22:18.500177 [1;35m[INF][m GID 52,  [SyncSideChain] Side chain [ XVfmhjxGxBKgzYxyXCJTb6YmaRfWPVunj4 ] height:  235
2019/12/13 15:22:23.459038 [1;35m[INF][m GID 51, currentHeight: 443  chainHeight: 444
2019/12/13 15:22:23.474595 [1;35m[INF][m GID 51,  [SyncSideChain] Side chain [ XKUh4GLhFJiqAMTF6HyWQrV9pK9HcGUdfJ ] height:  444
2019/12/13 15:22:27.484558 [1;35m[INF][m GID 51, currentHeight: 444  chainHeight: 445
2019/12/13 15:22:27.500230 [1;35m[INF][m GID 51,  [SyncSideChain] Side chain [ XKUh4GLhFJiqAMTF6HyWQrV9pK9HcGUdfJ ] height:  445
2019/12/13 15:22:29.427885 [1;35m[INF][m GID 118, [arbitrator] Main chain height:  614
2019/12/13 15:22:37.502791 [1;35m[INF][m GID 118, [arbitrator] Main chain height:  615
2019/12/13 15:22:41.588402 [1;35m[INF][m GID 51, currentHeight: 445  chainHeight: 446
2019/12/13 15:22:41.599193 [1;35m[INF][m GID 51,  [SyncSideChain] Side chain [ XKUh4GLhFJiqAMTF6HyWQrV9pK9HcGUdfJ ] height:  446
2019/12/13 15:22:43.535702 [1;35m[INF][m GID 118, [arbitrator] Main chain height:  616
2019/12/13 15:22:46.555244 [1;35m[INF][m GID 118, [arbitrator] Main chain height:  617
2019/12/13 15:22:46.632434 [1;35m[INF][m GID 52, currentHeight: 235  chainHeight: 236
2019/12/13 15:22:46.655052 [1;35m[INF][m GID 52,  [SyncSideChain] Side chain [ XVfmhjxGxBKgzYxyXCJTb6YmaRfWPVunj4 ] height:  236
2019/12/13 15:22:49.575001 [1;35m[INF][m GID 118, [arbitrator] Main chain height:  618
2019/12/13 15:22:52.657648 [1;35m[INF][m GID 51, currentHeight: 446  chainHeight: 447
2019/12/13 15:22:52.662426 [1;35m[INF][m GID 51,  [SyncSideChain] Side chain [ XKUh4GLhFJiqAMTF6HyWQrV9pK9HcGUdfJ ] height:  447
2019/12/13 15:22:55.699292 [1;35m[INF][m GID 52, currentHeight: 236  chainHeight: 237
2019/12/13 15:22:55.710311 [1;35m[INF][m GID 52,  [SyncSideChain] Side chain [ XVfmhjxGxBKgzYxyXCJTb6YmaRfWPVunj4 ] height:  237
2019/12/13 15:22:57.618675 [1;35m[INF][m GID 118, [arbitrator] Main chain height:  619
2019/12/13 15:22:58.729059 [1;35m[INF][m GID 52, currentHeight: 237  chainHeight: 238
2019/12/13 15:22:58.734679 [1;35m[INF][m GID 52,  [SyncSideChain] Side chain [ XVfmhjxGxBKgzYxyXCJTb6YmaRfWPVunj4 ] height:  238
2019/12/13 15:23:00.317199 [1;33m[WRN][m GID 120, [CheckAndRemoveDepositTransactionsFromDB] Get exist deposit transactions failed: Post http://privnet-sidechain-eth-oracle-node:16666: dial tcp 172.20.0.17:16666: connect: connection refused
2019/12/13 15:23:00.317287 [1;35m[INF][m GID 120, Check and remove cross chain transactions from dbcache finished
2019/12/13 15:23:00.344106 [1;35m[INF][m GID 121, Warning side chain mining account:  EUBKBP6K2QtWQAjZXf3d3ZoKE3chGJX1zG: 0 EMp6bGXzME9uQNfUcKDHRRMqyVNnsrRE8J: 0 EL1kPYcrF9E1gcms3Tvf7Myq6fWHfaLeBu: 0 
2019/12/13 15:23:02.647049 [1;35m[INF][m GID 118, [arbitrator] Main chain height:  620
2019/12/13 15:23:07.672970 [1;35m[INF][m GID 118, [arbitrator] Main chain height:  621
2019/12/13 15:23:07.782403 [1;35m[INF][m GID 52, currentHeight: 238  chainHeight: 239
2019/12/13 15:23:07.788263 [1;35m[INF][m GID 52,  [SyncSideChain] Side chain [ XVfmhjxGxBKgzYxyXCJTb6YmaRfWPVunj4 ] height:  239
2019/12/13 15:23:13.780638 [1;35m[INF][m GID 51, currentHeight: 447  chainHeight: 448
2019/12/13 15:23:13.786465 [1;35m[INF][m GID 51,  [SyncSideChain] Side chain [ XKUh4GLhFJiqAMTF6HyWQrV9pK9HcGUdfJ ] height:  448
2019/12/13 15:23:16.795050 [1;35m[INF][m GID 51, currentHeight: 448  chainHeight: 449
2019/12/13 15:23:16.797942 [1;35m[INF][m GID 51,  [SyncSideChain] Side chain [ XKUh4GLhFJiqAMTF6HyWQrV9pK9HcGUdfJ ] height:  449
2019/12/13 15:23:19.766737 [1;35m[INF][m GID 118, [arbitrator] Main chain height:  622
2019/12/13 15:23:50.984860 [1;35m[INF][m GID 118, [arbitrator] Main chain height:  623
2019/12/13 15:23:56.019623 [1;35m[INF][m GID 118, [arbitrator] Main chain height:  624
2019/12/13 15:24:00.319132 [1;33m[WRN][m GID 120, [CheckAndRemoveDepositTransactionsFromDB] Get exist deposit transactions failed: Post http://privnet-sidechain-eth-oracle-node:16666: dial tcp 172.20.0.17:16666: connect: connection refused
2019/12/13 15:24:00.319340 [1;35m[INF][m GID 120, Check and remove cross chain transactions from dbcache finished
2019/12/13 15:24:00.358384 [1;35m[INF][m GID 121, Warning side chain mining account:  EUBKBP6K2QtWQAjZXf3d3ZoKE3chGJX1zG: 0 EMp6bGXzME9uQNfUcKDHRRMqyVNnsrRE8J: 0 EL1kPYcrF9E1gcms3Tvf7Myq6fWHfaLeBu: 0 
2019/12/13 15:24:03.082537 [1;35m[INF][m GID 52, currentHeight: 239  chainHeight: 240
2019/12/13 15:24:03.085802 [1;35m[INF][m GID 52,  [SyncSideChain] Side chain [ XVfmhjxGxBKgzYxyXCJTb6YmaRfWPVunj4 ] height:  240
2019/12/13 15:24:14.156607 [1;35m[INF][m GID 52, currentHeight: 240  chainHeight: 241
2019/12/13 15:24:14.198843 [1;35m[INF][m GID 52,  [SyncSideChain] Side chain [ XVfmhjxGxBKgzYxyXCJTb6YmaRfWPVunj4 ] height:  241
2019/12/13 15:24:23.243934 [1;35m[INF][m GID 118, [arbitrator] Main chain height:  625
2019/12/13 15:24:28.292136 [1;35m[INF][m GID 52, currentHeight: 241  chainHeight: 242
2019/12/13 15:24:28.311349 [1;35m[INF][m GID 52,  [SyncSideChain] Side chain [ XVfmhjxGxBKgzYxyXCJTb6YmaRfWPVunj4 ] height:  242
2019/12/13 15:24:29.258944 [1;35m[INF][m GID 51, currentHeight: 449  chainHeight: 450
2019/12/13 15:24:29.267359 [1;35m[INF][m GID 51,  [SyncSideChain] Side chain [ XKUh4GLhFJiqAMTF6HyWQrV9pK9HcGUdfJ ] height:  450
2019/12/13 15:24:30.273969 [1;35m[INF][m GID 51, currentHeight: 450  chainHeight: 451
2019/12/13 15:24:30.276896 [1;35m[INF][m GID 51,  [SyncSideChain] Side chain [ XKUh4GLhFJiqAMTF6HyWQrV9pK9HcGUdfJ ] height:  451
2019/12/13 15:24:30.317143 [1;35m[INF][m GID 118, [arbitrator] Main chain height:  626
2019/12/13 15:24:36.322955 [1;35m[INF][m GID 52, currentHeight: 242  chainHeight: 243
2019/12/13 15:24:36.325804 [1;35m[INF][m GID 52,  [SyncSideChain] Side chain [ XVfmhjxGxBKgzYxyXCJTb6YmaRfWPVunj4 ] height:  243
2019/12/13 15:24:39.342977 [1;35m[INF][m GID 52, currentHeight: 243  chainHeight: 244
2019/12/13 15:24:39.347189 [1;35m[INF][m GID 52,  [SyncSideChain] Side chain [ XVfmhjxGxBKgzYxyXCJTb6YmaRfWPVunj4 ] height:  244
2019/12/13 15:24:40.296652 [1;35m[INF][m GID 51, currentHeight: 451  chainHeight: 452
2019/12/13 15:24:40.301616 [1;35m[INF][m GID 51,  [SyncSideChain] Side chain [ XKUh4GLhFJiqAMTF6HyWQrV9pK9HcGUdfJ ] height:  452
2019/12/13 15:24:42.359943 [1;35m[INF][m GID 52, currentHeight: 244  chainHeight: 245
2019/12/13 15:24:42.383785 [1;35m[INF][m GID 52,  [SyncSideChain] Side chain [ XVfmhjxGxBKgzYxyXCJTb6YmaRfWPVunj4 ] height:  245
2019/12/13 15:24:43.382640 [1;35m[INF][m GID 118, [arbitrator] Main chain height:  627
2019/12/13 15:24:48.395243 [1;35m[INF][m GID 52, currentHeight: 245  chainHeight: 246
2019/12/13 15:24:48.402658 [1;35m[INF][m GID 52,  [SyncSideChain] Side chain [ XVfmhjxGxBKgzYxyXCJTb6YmaRfWPVunj4 ] height:  246
2019/12/13 15:24:58.465746 [1;35m[INF][m GID 118, [arbitrator] Main chain height:  628
2019/12/13 15:25:00.320370 [1;33m[WRN][m GID 120, [CheckAndRemoveDepositTransactionsFromDB] Get exist deposit transactions failed: Post http://privnet-sidechain-eth-oracle-node:16666: dial tcp 172.20.0.17:16666: connect: connection refused
2019/12/13 15:25:00.320532 [1;35m[INF][m GID 120, Check and remove cross chain transactions from dbcache finished
2019/12/13 15:25:00.363287 [1;35m[INF][m GID 121, Warning side chain mining account:  EUBKBP6K2QtWQAjZXf3d3ZoKE3chGJX1zG: 0 EMp6bGXzME9uQNfUcKDHRRMqyVNnsrRE8J: 0 EL1kPYcrF9E1gcms3Tvf7Myq6fWHfaLeBu: 0 
2019/12/13 15:25:03.475203 [1;35m[INF][m GID 118, [arbitrator] Main chain height:  629
2019/12/13 15:25:07.486004 [1;35m[INF][m GID 118, [arbitrator] Main chain height:  630
2019/12/13 15:25:12.458634 [1;35m[INF][m GID 51, currentHeight: 452  chainHeight: 453
2019/12/13 15:25:12.469178 [1;35m[INF][m GID 51,  [SyncSideChain] Side chain [ XKUh4GLhFJiqAMTF6HyWQrV9pK9HcGUdfJ ] height:  453
2019/12/13 15:25:16.489208 [1;35m[INF][m GID 51, currentHeight: 453  chainHeight: 454
2019/12/13 15:25:16.492272 [1;35m[INF][m GID 51,  [SyncSideChain] Side chain [ XKUh4GLhFJiqAMTF6HyWQrV9pK9HcGUdfJ ] height:  454
2019/12/13 15:25:18.531528 [1;35m[INF][m GID 118, [arbitrator] Main chain height:  631
2019/12/13 15:25:23.502639 [1;35m[INF][m GID 52, currentHeight: 246  chainHeight: 247
2019/12/13 15:25:23.506932 [1;35m[INF][m GID 52,  [SyncSideChain] Side chain [ XVfmhjxGxBKgzYxyXCJTb6YmaRfWPVunj4 ] height:  247
2019/12/13 15:25:25.512788 [1;35m[INF][m GID 52, currentHeight: 247  chainHeight: 248
2019/12/13 15:25:25.525717 [1;35m[INF][m GID 52,  [SyncSideChain] Side chain [ XVfmhjxGxBKgzYxyXCJTb6YmaRfWPVunj4 ] height:  248
2019/12/13 15:25:26.527461 [1;35m[INF][m GID 51, currentHeight: 454  chainHeight: 455
2019/12/13 15:25:26.546420 [1;35m[INF][m GID 51,  [SyncSideChain] Side chain [ XKUh4GLhFJiqAMTF6HyWQrV9pK9HcGUdfJ ] height:  455
2019/12/13 15:25:26.597093 [1;35m[INF][m GID 118, [arbitrator] Main chain height:  632
2019/12/13 15:25:27.527675 [1;35m[INF][m GID 52, currentHeight: 248  chainHeight: 249
2019/12/13 15:25:27.536414 [1;35m[INF][m GID 52,  [SyncSideChain] Side chain [ XVfmhjxGxBKgzYxyXCJTb6YmaRfWPVunj4 ] height:  249
2019/12/13 15:25:30.567148 [1;35m[INF][m GID 51, currentHeight: 455  chainHeight: 456
2019/12/13 15:25:30.575057 [1;35m[INF][m GID 51,  [SyncSideChain] Side chain [ XKUh4GLhFJiqAMTF6HyWQrV9pK9HcGUdfJ ] height:  456
2019/12/13 15:25:32.632212 [1;35m[INF][m GID 118, [arbitrator] Main chain height:  633
2019/12/13 15:25:34.571401 [1;35m[INF][m GID 52, currentHeight: 249  chainHeight: 250
2019/12/13 15:25:34.574333 [1;35m[INF][m GID 52,  [SyncSideChain] Side chain [ XVfmhjxGxBKgzYxyXCJTb6YmaRfWPVunj4 ] height:  250
2019/12/13 15:25:40.601160 [1;35m[INF][m GID 52, currentHeight: 250  chainHeight: 252
2019/12/13 15:25:40.612508 [1;35m[INF][m GID 52,  [SyncSideChain] Side chain [ XVfmhjxGxBKgzYxyXCJTb6YmaRfWPVunj4 ] height:  252
2019/12/13 15:25:49.762783 [1;35m[INF][m GID 118, [arbitrator] Main chain height:  634
2019/12/13 15:25:50.687106 [1;35m[INF][m GID 51, currentHeight: 456  chainHeight: 457
2019/12/13 15:25:50.701468 [1;35m[INF][m GID 51,  [SyncSideChain] Side chain [ XKUh4GLhFJiqAMTF6HyWQrV9pK9HcGUdfJ ] height:  457
2019/12/13 15:26:00.322888 [1;33m[WRN][m GID 120, [CheckAndRemoveDepositTransactionsFromDB] Get exist deposit transactions failed: Post http://privnet-sidechain-eth-oracle-node:16666: dial tcp 172.20.0.17:16666: connect: connection refused
2019/12/13 15:26:00.322990 [1;35m[INF][m GID 120, Check and remove cross chain transactions from dbcache finished
2019/12/13 15:26:00.375499 [1;35m[INF][m GID 121, Warning side chain mining account:  EUBKBP6K2QtWQAjZXf3d3ZoKE3chGJX1zG: 0 EMp6bGXzME9uQNfUcKDHRRMqyVNnsrRE8J: 0 EL1kPYcrF9E1gcms3Tvf7Myq6fWHfaLeBu: 0 
2019/12/13 15:26:01.918947 [1;35m[INF][m GID 118, [arbitrator] Main chain height:  635
2019/12/13 15:26:02.764134 [1;35m[INF][m GID 52, currentHeight: 252  chainHeight: 253
2019/12/13 15:26:02.776163 [1;35m[INF][m GID 52,  [SyncSideChain] Side chain [ XVfmhjxGxBKgzYxyXCJTb6YmaRfWPVunj4 ] height:  253
2019/12/13 15:26:04.768043 [1;35m[INF][m GID 51, currentHeight: 457  chainHeight: 458
2019/12/13 15:26:04.771874 [1;35m[INF][m GID 51,  [SyncSideChain] Side chain [ XKUh4GLhFJiqAMTF6HyWQrV9pK9HcGUdfJ ] height:  458
2019/12/13 15:26:07.017144 [1;35m[INF][m GID 118, [arbitrator] Main chain height:  636
2019/12/13 15:26:14.046782 [1;35m[INF][m GID 118, [arbitrator] Main chain height:  637
2019/12/13 15:26:17.899101 [1;35m[INF][m GID 51, currentHeight: 458  chainHeight: 459
2019/12/13 15:26:17.942147 [1;35m[INF][m GID 51,  [SyncSideChain] Side chain [ XKUh4GLhFJiqAMTF6HyWQrV9pK9HcGUdfJ ] height:  459
2019/12/13 15:26:21.947835 [1;35m[INF][m GID 52, currentHeight: 253  chainHeight: 254
2019/12/13 15:26:21.951250 [1;35m[INF][m GID 52,  [SyncSideChain] Side chain [ XVfmhjxGxBKgzYxyXCJTb6YmaRfWPVunj4 ] height:  254
2019/12/13 15:26:24.992477 [1;35m[INF][m GID 51, currentHeight: 459  chainHeight: 460
2019/12/13 15:26:25.020620 [1;35m[INF][m GID 51,  [SyncSideChain] Side chain [ XKUh4GLhFJiqAMTF6HyWQrV9pK9HcGUdfJ ] height:  460
2019/12/13 15:26:33.033653 [1;35m[INF][m GID 52, currentHeight: 254  chainHeight: 255
2019/12/13 15:26:33.045805 [1;35m[INF][m GID 52,  [SyncSideChain] Side chain [ XVfmhjxGxBKgzYxyXCJTb6YmaRfWPVunj4 ] height:  255
2019/12/13 15:26:35.048525 [1;35m[INF][m GID 52, currentHeight: 255  chainHeight: 256
2019/12/13 15:26:35.055603 [1;35m[INF][m GID 52,  [SyncSideChain] Side chain [ XVfmhjxGxBKgzYxyXCJTb6YmaRfWPVunj4 ] height:  256
2019/12/13 15:26:35.240471 [1;35m[INF][m GID 118, [arbitrator] Main chain height:  638
2019/12/13 15:26:40.273753 [1;35m[INF][m GID 118, [arbitrator] Main chain height:  639
2019/12/13 15:26:43.113309 [1;35m[INF][m GID 51, currentHeight: 460  chainHeight: 462
2019/12/13 15:26:43.118319 [1;35m[INF][m GID 51,  [SyncSideChain] Side chain [ XKUh4GLhFJiqAMTF6HyWQrV9pK9HcGUdfJ ] height:  462
2019/12/13 15:26:46.313882 [1;35m[INF][m GID 118, [arbitrator] Main chain height:  640
2019/12/13 15:26:49.131627 [1;35m[INF][m GID 51, currentHeight: 462  chainHeight: 463
2019/12/13 15:26:49.150393 [1;35m[INF][m GID 51,  [SyncSideChain] Side chain [ XKUh4GLhFJiqAMTF6HyWQrV9pK9HcGUdfJ ] height:  463
2019/12/13 15:26:52.365173 [1;35m[INF][m GID 118, [arbitrator] Main chain height:  641
2019/12/13 15:27:00.327317 [1;33m[WRN][m GID 120, [CheckAndRemoveDepositTransactionsFromDB] Get exist deposit transactions failed: Post http://privnet-sidechain-eth-oracle-node:16666: dial tcp 172.20.0.17:16666: connect: connection refused
2019/12/13 15:27:00.327481 [1;35m[INF][m GID 120, Check and remove cross chain transactions from dbcache finished
2019/12/13 15:27:00.382666 [1;35m[INF][m GID 121, Warning side chain mining account:  EUBKBP6K2QtWQAjZXf3d3ZoKE3chGJX1zG: 0 EMp6bGXzME9uQNfUcKDHRRMqyVNnsrRE8J: 0 EL1kPYcrF9E1gcms3Tvf7Myq6fWHfaLeBu: 0 
2019/12/13 15:27:04.251835 [1;35m[INF][m GID 51, currentHeight: 463  chainHeight: 464
2019/12/13 15:27:04.294762 [1;35m[INF][m GID 51,  [SyncSideChain] Side chain [ XKUh4GLhFJiqAMTF6HyWQrV9pK9HcGUdfJ ] height:  464
2019/12/13 15:27:08.311159 [1;35m[INF][m GID 51, currentHeight: 464  chainHeight: 465
2019/12/13 15:27:08.324546 [1;35m[INF][m GID 51,  [SyncSideChain] Side chain [ XKUh4GLhFJiqAMTF6HyWQrV9pK9HcGUdfJ ] height:  465
2019/12/13 15:27:18.475559 [1;35m[INF][m GID 118, [arbitrator] Main chain height:  642
2019/12/13 15:27:29.375176 [1;35m[INF][m GID 52, currentHeight: 256  chainHeight: 257
2019/12/13 15:27:29.394268 [1;35m[INF][m GID 52,  [SyncSideChain] Side chain [ XVfmhjxGxBKgzYxyXCJTb6YmaRfWPVunj4 ] height:  257
2019/12/13 15:27:30.531034 [1;35m[INF][m GID 118, [arbitrator] Main chain height:  643
2019/12/13 15:27:31.549066 [1;35m[INF][m GID 118, [arbitrator] Main chain height:  644
2019/12/13 15:27:39.435527 [1;35m[INF][m GID 52, currentHeight: 257  chainHeight: 258
2019/12/13 15:27:39.440177 [1;35m[INF][m GID 52,  [SyncSideChain] Side chain [ XVfmhjxGxBKgzYxyXCJTb6YmaRfWPVunj4 ] height:  258
2019/12/13 15:27:39.620158 [1;35m[INF][m GID 118, [arbitrator] Main chain height:  645
2019/12/13 15:27:40.445528 [1;35m[INF][m GID 52, currentHeight: 258  chainHeight: 259
2019/12/13 15:27:40.466434 [1;35m[INF][m GID 52,  [SyncSideChain] Side chain [ XVfmhjxGxBKgzYxyXCJTb6YmaRfWPVunj4 ] height:  259
2019/12/13 15:27:44.486862 [1;35m[INF][m GID 52, currentHeight: 259  chainHeight: 260
2019/12/13 15:27:44.498588 [1;35m[INF][m GID 52,  [SyncSideChain] Side chain [ XVfmhjxGxBKgzYxyXCJTb6YmaRfWPVunj4 ] height:  260
2019/12/13 15:27:48.705458 [1;35m[INF][m GID 118, [arbitrator] Main chain height:  646
2019/12/13 15:27:49.535847 [1;35m[INF][m GID 52, currentHeight: 260  chainHeight: 261
2019/12/13 15:27:49.539810 [1;35m[INF][m GID 52,  [SyncSideChain] Side chain [ XVfmhjxGxBKgzYxyXCJTb6YmaRfWPVunj4 ] height:  261
2019/12/13 15:27:53.559202 [1;35m[INF][m GID 52, currentHeight: 261  chainHeight: 262
2019/12/13 15:27:53.564518 [1;35m[INF][m GID 52,  [SyncSideChain] Side chain [ XVfmhjxGxBKgzYxyXCJTb6YmaRfWPVunj4 ] height:  262
2019/12/13 15:27:55.927314 [1;35m[INF][m GID 51, currentHeight: 465  chainHeight: 466
2019/12/13 15:27:55.952870 [1;35m[INF][m GID 51,  [SyncSideChain] Side chain [ XKUh4GLhFJiqAMTF6HyWQrV9pK9HcGUdfJ ] height:  466
2019/12/13 15:28:00.328248 [1;33m[WRN][m GID 120, [CheckAndRemoveDepositTransactionsFromDB] Get exist deposit transactions failed: Post http://privnet-sidechain-eth-oracle-node:16666: dial tcp 172.20.0.17:16666: connect: connection refused
2019/12/13 15:28:00.328320 [1;35m[INF][m GID 120, Check and remove cross chain transactions from dbcache finished
2019/12/13 15:28:00.403692 [1;35m[INF][m GID 121, Warning side chain mining account:  EUBKBP6K2QtWQAjZXf3d3ZoKE3chGJX1zG: 0 EMp6bGXzME9uQNfUcKDHRRMqyVNnsrRE8J: 0 EL1kPYcrF9E1gcms3Tvf7Myq6fWHfaLeBu: 0 
2019/12/13 15:28:00.957602 [1;35m[INF][m GID 51, currentHeight: 466  chainHeight: 467
2019/12/13 15:28:00.963552 [1;35m[INF][m GID 51,  [SyncSideChain] Side chain [ XKUh4GLhFJiqAMTF6HyWQrV9pK9HcGUdfJ ] height:  467
2019/12/13 15:28:01.740044 [1;35m[INF][m GID 118, [arbitrator] Main chain height:  647
2019/12/13 15:28:02.975672 [1;35m[INF][m GID 51, currentHeight: 467  chainHeight: 469
2019/12/13 15:28:02.999399 [1;35m[INF][m GID 51,  [SyncSideChain] Side chain [ XKUh4GLhFJiqAMTF6HyWQrV9pK9HcGUdfJ ] height:  469
2019/12/13 15:28:10.667460 [1;35m[INF][m GID 52, currentHeight: 262  chainHeight: 263
2019/12/13 15:28:10.673563 [1;35m[INF][m GID 52,  [SyncSideChain] Side chain [ XVfmhjxGxBKgzYxyXCJTb6YmaRfWPVunj4 ] height:  263
2019/12/13 15:28:13.835960 [1;35m[INF][m GID 118, [arbitrator] Main chain height:  648
2019/12/13 15:28:15.737077 [1;35m[INF][m GID 52, currentHeight: 263  chainHeight: 264
2019/12/13 15:28:15.750393 [1;35m[INF][m GID 52,  [SyncSideChain] Side chain [ XVfmhjxGxBKgzYxyXCJTb6YmaRfWPVunj4 ] height:  264
2019/12/13 15:28:25.802324 [1;35m[INF][m GID 52, currentHeight: 264  chainHeight: 265
2019/12/13 15:28:25.813354 [1;35m[INF][m GID 52,  [SyncSideChain] Side chain [ XVfmhjxGxBKgzYxyXCJTb6YmaRfWPVunj4 ] height:  265
2019/12/13 15:28:30.963730 [1;35m[INF][m GID 118, [arbitrator] Main chain height:  649
2019/12/13 15:28:36.036712 [1;35m[INF][m GID 118, [arbitrator] Main chain height:  650
2019/12/13 15:28:42.071479 [1;35m[INF][m GID 118, [arbitrator] Main chain height:  651
2019/12/13 15:28:44.728016 [1;35m[INF][m GID 51, currentHeight: 469  chainHeight: 470
2019/12/13 15:28:44.739074 [1;35m[INF][m GID 51,  [SyncSideChain] Side chain [ XKUh4GLhFJiqAMTF6HyWQrV9pK9HcGUdfJ ] height:  470
2019/12/13 15:28:51.764601 [1;35m[INF][m GID 51, currentHeight: 470  chainHeight: 471
2019/12/13 15:28:51.768963 [1;35m[INF][m GID 51,  [SyncSideChain] Side chain [ XKUh4GLhFJiqAMTF6HyWQrV9pK9HcGUdfJ ] height:  471
2019/12/13 15:28:54.184843 [1;35m[INF][m GID 118, [arbitrator] Main chain height:  652
2019/12/13 15:29:00.331536 [1;33m[WRN][m GID 120, [CheckAndRemoveDepositTransactionsFromDB] Get exist deposit transactions failed: Post http://privnet-sidechain-eth-oracle-node:16666: dial tcp 172.20.0.17:16666: connect: connection refused
2019/12/13 15:29:00.331649 [1;35m[INF][m GID 120, Check and remove cross chain transactions from dbcache finished
2019/12/13 15:29:00.407527 [1;35m[INF][m GID 121, Warning side chain mining account:  EUBKBP6K2QtWQAjZXf3d3ZoKE3chGJX1zG: 0 EMp6bGXzME9uQNfUcKDHRRMqyVNnsrRE8J: 0 EL1kPYcrF9E1gcms3Tvf7Myq6fWHfaLeBu: 0 
2019/12/13 15:29:00.945524 [1;35m[INF][m GID 52, currentHeight: 265  chainHeight: 266
2019/12/13 15:29:00.950460 [1;35m[INF][m GID 52,  [SyncSideChain] Side chain [ XVfmhjxGxBKgzYxyXCJTb6YmaRfWPVunj4 ] height:  266
2019/12/13 15:29:01.954463 [1;35m[INF][m GID 52, currentHeight: 266  chainHeight: 267
2019/12/13 15:29:01.966915 [1;35m[INF][m GID 52,  [SyncSideChain] Side chain [ XVfmhjxGxBKgzYxyXCJTb6YmaRfWPVunj4 ] height:  267
2019/12/13 15:29:04.267619 [1;35m[INF][m GID 118, [arbitrator] Main chain height:  653
2019/12/13 15:29:10.023773 [1;35m[INF][m GID 52, currentHeight: 267  chainHeight: 268
2019/12/13 15:29:10.032473 [1;35m[INF][m GID 52,  [SyncSideChain] Side chain [ XVfmhjxGxBKgzYxyXCJTb6YmaRfWPVunj4 ] height:  268
2019/12/13 15:29:10.873251 [1;35m[INF][m GID 51, currentHeight: 471  chainHeight: 472
2019/12/13 15:29:10.879181 [1;35m[INF][m GID 51,  [SyncSideChain] Side chain [ XKUh4GLhFJiqAMTF6HyWQrV9pK9HcGUdfJ ] height:  472
2019/12/13 15:29:12.894850 [1;35m[INF][m GID 51, currentHeight: 472  chainHeight: 473
2019/12/13 15:29:12.910450 [1;35m[INF][m GID 51,  [SyncSideChain] Side chain [ XKUh4GLhFJiqAMTF6HyWQrV9pK9HcGUdfJ ] height:  473
2019/12/13 15:29:14.298999 [1;35m[INF][m GID 118, [arbitrator] Main chain height:  654
2019/12/13 15:29:36.798510 [1;35m[INF][m GID 118, [arbitrator] Main chain height:  655
2019/12/13 15:29:39.037655 [1;35m[INF][m GID 51, currentHeight: 473  chainHeight: 474
2019/12/13 15:29:39.059713 [1;35m[INF][m GID 51,  [SyncSideChain] Side chain [ XKUh4GLhFJiqAMTF6HyWQrV9pK9HcGUdfJ ] height:  474
2019/12/13 15:29:41.234375 [1;35m[INF][m GID 118, [arbitrator] Main chain height:  656
2019/12/13 15:29:50.255010 [1;35m[INF][m GID 118, [arbitrator] Main chain height:  657
2019/12/13 15:29:52.301299 [1;35m[INF][m GID 118, [arbitrator] Main chain height:  658
2019/12/13 15:29:54.322624 [1;35m[INF][m GID 52, currentHeight: 268  chainHeight: 269
2019/12/13 15:29:54.331083 [1;35m[INF][m GID 52,  [SyncSideChain] Side chain [ XVfmhjxGxBKgzYxyXCJTb6YmaRfWPVunj4 ] height:  269
2019/12/13 15:29:57.178244 [1;35m[INF][m GID 51, currentHeight: 474  chainHeight: 475
2019/12/13 15:29:57.191921 [1;35m[INF][m GID 51,  [SyncSideChain] Side chain [ XKUh4GLhFJiqAMTF6HyWQrV9pK9HcGUdfJ ] height:  475
2019/12/13 15:30:00.342268 [1;33m[WRN][m GID 120, [CheckAndRemoveDepositTransactionsFromDB] Get exist deposit transactions failed: Post http://privnet-sidechain-eth-oracle-node:16666: dial tcp 172.20.0.17:16666: connect: connection refused
2019/12/13 15:30:00.342553 [1;35m[INF][m GID 120, Check and remove cross chain transactions from dbcache finished
2019/12/13 15:30:00.415152 [1;35m[INF][m GID 121, Warning side chain mining account:  EUBKBP6K2QtWQAjZXf3d3ZoKE3chGJX1zG: 0 EMp6bGXzME9uQNfUcKDHRRMqyVNnsrRE8J: 0 EL1kPYcrF9E1gcms3Tvf7Myq6fWHfaLeBu: 0 
2019/12/13 15:30:05.384473 [1;35m[INF][m GID 118, [arbitrator] Main chain height:  659
2019/12/13 15:30:09.279846 [1;35m[INF][m GID 51, currentHeight: 475  chainHeight: 476
2019/12/13 15:30:09.286056 [1;35m[INF][m GID 51,  [SyncSideChain] Side chain [ XKUh4GLhFJiqAMTF6HyWQrV9pK9HcGUdfJ ] height:  476
