2019/07/19 04:31:15.287324 [1;35m[INF][m GID 1, Init wallet.
2019/07/19 04:31:15.347676 [1;35m[INF][m GID 1, Arbiter version:  
2019/07/19 04:31:15.347987 [1;35m[INF][m GID 1, 1. Init chain utxo cache.
2019/07/19 04:31:15.420335 [1;35m[INF][m GID 1, 2. Init finished transaction cache.
2019/07/19 04:31:15.422012 [1;35m[INF][m GID 1, 3. Start arbitrator P2P networks.
2019/07/19 04:31:15.423082 [1;35m[INF][m GID 1, 4. Init configurations.
2019/07/19 04:31:15.427529 [1;35m[INF][m GID 70, currentHeight: 122  chainHeight: 124
2019/07/19 04:31:15.433935 [1;35m[INF][m GID 1, 5. Start arbitrator spv module.
2019/07/19 04:31:15.463714 [1;35m[INF][m GID 70,  [SyncSideChain] Side chain [ XVfmhjxGxBKgzYxyXCJTb6YmaRfWPVunj4 ] height:  124
2019/07/19 04:31:15.516421 [1;35m[INF][m GID 1, [StartSpvModule] register auxpow listener: EUBKBP6K2QtWQAjZXf3d3ZoKE3chGJX1zG
2019/07/19 04:31:15.516668 [1;35m[INF][m GID 1, [StartSpvModule] register dposit listener: XKUh4GLhFJiqAMTF6HyWQrV9pK9HcGUdfJ
2019/07/19 04:31:15.516805 [1;35m[INF][m GID 1, [StartSpvModule] register auxpow listener: EMp6bGXzME9uQNfUcKDHRRMqyVNnsrRE8J
2019/07/19 04:31:15.516892 [1;35m[INF][m GID 1, [StartSpvModule] register dposit listener: XVfmhjxGxBKgzYxyXCJTb6YmaRfWPVunj4
2019/07/19 04:31:15.517060 [1;35m[INF][m GID 1, [StartSpvModule] register dposit listener: XZyAtNipJ7fdgBRhdzCoyS7A3PDSzR7u98
2019/07/19 04:31:15.517212 [1;35m[INF][m GID 1, 6. Start arbitrator group monitor.
2019/07/19 04:31:15.517424 [1;35m[INF][m GID 1, 7. Start servers.
2019/07/19 04:31:15.517471 [1;35m[INF][m GID 1, 8. Start check and remove cross chain transactions from db.
2019/07/19 04:31:15.517591 [1;35m[INF][m GID 1, 9. Start side chain account divide.
2019/07/19 04:31:15.522724 [1;35m[INF][m GID 120, Check and remove cross chain transactions from dbcache finished
2019/07/19 04:31:17.466907 [1;35m[INF][m GID 70, currentHeight: 124  chainHeight: 125
2019/07/19 04:31:17.507774 [1;35m[INF][m GID 70,  [SyncSideChain] Side chain [ XVfmhjxGxBKgzYxyXCJTb6YmaRfWPVunj4 ] height:  125
2019/07/19 04:31:18.428092 [1;35m[INF][m GID 69, currentHeight: 318  chainHeight: 319
2019/07/19 04:31:18.431403 [1;35m[INF][m GID 69,  [SyncSideChain] Side chain [ XKUh4GLhFJiqAMTF6HyWQrV9pK9HcGUdfJ ] height:  319
2019/07/19 04:31:24.570245 [1;35m[INF][m GID 118, [arbitrator] Main chain height:  522
2019/07/19 04:31:25.710870 [1;35m[INF][m GID 71, currentHeight: 0  chainHeight: 1
2019/07/19 04:31:25.715589 [1;35m[INF][m GID 71,  [SyncSideChain] Side chain [ XZyAtNipJ7fdgBRhdzCoyS7A3PDSzR7u98 ] height:  1
2019/07/19 04:31:26.443291 [1;35m[INF][m GID 69, currentHeight: 319  chainHeight: 320
2019/07/19 04:31:26.463256 [1;35m[INF][m GID 69,  [SyncSideChain] Side chain [ XKUh4GLhFJiqAMTF6HyWQrV9pK9HcGUdfJ ] height:  320
2019/07/19 04:31:32.534543 [1;35m[INF][m GID 69, currentHeight: 320  chainHeight: 321
2019/07/19 04:31:32.538608 [1;35m[INF][m GID 69,  [SyncSideChain] Side chain [ XKUh4GLhFJiqAMTF6HyWQrV9pK9HcGUdfJ ] height:  321
2019/07/19 04:31:40.787875 [1;35m[INF][m GID 71, currentHeight: 1  chainHeight: 2
2019/07/19 04:31:40.792514 [1;35m[INF][m GID 71,  [SyncSideChain] Side chain [ XZyAtNipJ7fdgBRhdzCoyS7A3PDSzR7u98 ] height:  2
2019/07/19 04:31:45.657095 [1;35m[INF][m GID 70, currentHeight: 125  chainHeight: 126
2019/07/19 04:31:45.809066 [1;35m[INF][m GID 70,  [SyncSideChain] Side chain [ XVfmhjxGxBKgzYxyXCJTb6YmaRfWPVunj4 ] height:  126
2019/07/19 04:31:53.831521 [1;35m[INF][m GID 118, [arbitrator] Main chain height:  523
2019/07/19 04:31:55.872752 [1;35m[INF][m GID 71, currentHeight: 2  chainHeight: 3
2019/07/19 04:31:55.878889 [1;35m[INF][m GID 71,  [SyncSideChain] Side chain [ XZyAtNipJ7fdgBRhdzCoyS7A3PDSzR7u98 ] height:  3
2019/07/19 04:31:56.674088 [1;35m[INF][m GID 69, currentHeight: 321  chainHeight: 323
2019/07/19 04:31:56.686371 [1;35m[INF][m GID 69,  [SyncSideChain] Side chain [ XKUh4GLhFJiqAMTF6HyWQrV9pK9HcGUdfJ ] height:  323
2019/07/19 04:31:57.874003 [1;35m[INF][m GID 70, currentHeight: 126  chainHeight: 127
2019/07/19 04:31:57.882224 [1;35m[INF][m GID 70,  [SyncSideChain] Side chain [ XVfmhjxGxBKgzYxyXCJTb6YmaRfWPVunj4 ] height:  127
2019/07/19 04:32:00.890374 [1;35m[INF][m GID 70, currentHeight: 127  chainHeight: 128
2019/07/19 04:32:00.894798 [1;35m[INF][m GID 70,  [SyncSideChain] Side chain [ XVfmhjxGxBKgzYxyXCJTb6YmaRfWPVunj4 ] height:  128
2019/07/19 04:32:01.698801 [1;35m[INF][m GID 69, currentHeight: 323  chainHeight: 324
2019/07/19 04:32:01.711664 [1;35m[INF][m GID 69,  [SyncSideChain] Side chain [ XKUh4GLhFJiqAMTF6HyWQrV9pK9HcGUdfJ ] height:  324
2019/07/19 04:32:02.715246 [1;35m[INF][m GID 69, currentHeight: 324  chainHeight: 325
2019/07/19 04:32:02.722592 [1;35m[INF][m GID 69,  [SyncSideChain] Side chain [ XKUh4GLhFJiqAMTF6HyWQrV9pK9HcGUdfJ ] height:  325
2019/07/19 04:32:10.940147 [1;35m[INF][m GID 71, currentHeight: 3  chainHeight: 4
2019/07/19 04:32:10.958066 [1;35m[INF][m GID 71,  [SyncSideChain] Side chain [ XZyAtNipJ7fdgBRhdzCoyS7A3PDSzR7u98 ] height:  4
2019/07/19 04:32:13.770369 [1;35m[INF][m GID 69, currentHeight: 325  chainHeight: 326
2019/07/19 04:32:13.794478 [1;35m[INF][m GID 69,  [SyncSideChain] Side chain [ XKUh4GLhFJiqAMTF6HyWQrV9pK9HcGUdfJ ] height:  326
2019/07/19 04:32:15.518916 [1;35m[INF][m GID 121, Warning side chain mining account:  EUBKBP6K2QtWQAjZXf3d3ZoKE3chGJX1zG: 0 EMp6bGXzME9uQNfUcKDHRRMqyVNnsrRE8J: 0 EL1kPYcrF9E1gcms3Tvf7Myq6fWHfaLeBu: 0 
2019/07/19 04:32:15.523594 [1;35m[INF][m GID 120, Check and remove cross chain transactions from dbcache finished
2019/07/19 04:32:19.018516 [1;35m[INF][m GID 118, [arbitrator] Main chain height:  524
2019/07/19 04:32:20.831449 [1;35m[INF][m GID 69, currentHeight: 326  chainHeight: 327
2019/07/19 04:32:20.840776 [1;35m[INF][m GID 69,  [SyncSideChain] Side chain [ XKUh4GLhFJiqAMTF6HyWQrV9pK9HcGUdfJ ] height:  327
2019/07/19 04:32:22.050637 [1;35m[INF][m GID 118, [arbitrator] Main chain height:  525
2019/07/19 04:32:25.023718 [1;35m[INF][m GID 71, currentHeight: 4  chainHeight: 5
2019/07/19 04:32:25.028454 [1;35m[INF][m GID 71,  [SyncSideChain] Side chain [ XZyAtNipJ7fdgBRhdzCoyS7A3PDSzR7u98 ] height:  5
2019/07/19 04:32:31.102706 [1;35m[INF][m GID 118, [arbitrator] Main chain height:  526
2019/07/19 04:32:32.047901 [1;35m[INF][m GID 70, currentHeight: 128  chainHeight: 129
2019/07/19 04:32:32.052633 [1;35m[INF][m GID 70,  [SyncSideChain] Side chain [ XVfmhjxGxBKgzYxyXCJTb6YmaRfWPVunj4 ] height:  129
2019/07/19 04:32:32.124249 [1;35m[INF][m GID 118, [arbitrator] Main chain height:  527
2019/07/19 04:32:40.096063 [1;35m[INF][m GID 71, currentHeight: 5  chainHeight: 6
2019/07/19 04:32:40.100836 [1;35m[INF][m GID 71,  [SyncSideChain] Side chain [ XZyAtNipJ7fdgBRhdzCoyS7A3PDSzR7u98 ] height:  6
2019/07/19 04:32:41.954734 [1;35m[INF][m GID 69, currentHeight: 327  chainHeight: 328
2019/07/19 04:32:41.958282 [1;35m[INF][m GID 69,  [SyncSideChain] Side chain [ XKUh4GLhFJiqAMTF6HyWQrV9pK9HcGUdfJ ] height:  328
2019/07/19 04:32:49.005964 [1;35m[INF][m GID 69, currentHeight: 328  chainHeight: 329
2019/07/19 04:32:49.057916 [1;35m[INF][m GID 69,  [SyncSideChain] Side chain [ XKUh4GLhFJiqAMTF6HyWQrV9pK9HcGUdfJ ] height:  329
2019/07/19 04:32:51.280018 [1;35m[INF][m GID 118, [arbitrator] Main chain height:  528
2019/07/19 04:32:55.206808 [1;35m[INF][m GID 71, currentHeight: 6  chainHeight: 7
2019/07/19 04:32:55.213039 [1;35m[INF][m GID 71,  [SyncSideChain] Side chain [ XZyAtNipJ7fdgBRhdzCoyS7A3PDSzR7u98 ] height:  7
2019/07/19 04:32:55.319148 [1;35m[INF][m GID 118, [arbitrator] Main chain height:  529
2019/07/19 04:33:02.132957 [1;35m[INF][m GID 70, currentHeight: 129  chainHeight: 130
2019/07/19 04:33:02.137082 [1;35m[INF][m GID 70,  [SyncSideChain] Side chain [ XVfmhjxGxBKgzYxyXCJTb6YmaRfWPVunj4 ] height:  130
2019/07/19 04:33:03.142136 [1;35m[INF][m GID 70, currentHeight: 130  chainHeight: 131
2019/07/19 04:33:03.155635 [1;35m[INF][m GID 70,  [SyncSideChain] Side chain [ XVfmhjxGxBKgzYxyXCJTb6YmaRfWPVunj4 ] height:  131
2019/07/19 04:33:03.380738 [1;35m[INF][m GID 118, [arbitrator] Main chain height:  530
2019/07/19 04:33:04.100351 [1;35m[INF][m GID 69, currentHeight: 329  chainHeight: 330
2019/07/19 04:33:04.105016 [1;35m[INF][m GID 69,  [SyncSideChain] Side chain [ XKUh4GLhFJiqAMTF6HyWQrV9pK9HcGUdfJ ] height:  330
2019/07/19 04:33:04.156858 [1;35m[INF][m GID 70, currentHeight: 131  chainHeight: 132
2019/07/19 04:33:04.198881 [1;35m[INF][m GID 70,  [SyncSideChain] Side chain [ XVfmhjxGxBKgzYxyXCJTb6YmaRfWPVunj4 ] height:  132
2019/07/19 04:33:10.306089 [1;35m[INF][m GID 71, currentHeight: 7  chainHeight: 8
2019/07/19 04:33:10.312191 [1;35m[INF][m GID 71,  [SyncSideChain] Side chain [ XZyAtNipJ7fdgBRhdzCoyS7A3PDSzR7u98 ] height:  8
2019/07/19 04:33:11.124855 [1;35m[INF][m GID 69, currentHeight: 330  chainHeight: 331
2019/07/19 04:33:11.132362 [1;35m[INF][m GID 69,  [SyncSideChain] Side chain [ XKUh4GLhFJiqAMTF6HyWQrV9pK9HcGUdfJ ] height:  331
2019/07/19 04:33:12.247821 [1;35m[INF][m GID 70, currentHeight: 132  chainHeight: 133
2019/07/19 04:33:12.256689 [1;35m[INF][m GID 70,  [SyncSideChain] Side chain [ XVfmhjxGxBKgzYxyXCJTb6YmaRfWPVunj4 ] height:  133
2019/07/19 04:33:15.523967 [1;35m[INF][m GID 120, Check and remove cross chain transactions from dbcache finished
2019/07/19 04:33:15.534770 [1;35m[INF][m GID 121, Warning side chain mining account:  EUBKBP6K2QtWQAjZXf3d3ZoKE3chGJX1zG: 0 EMp6bGXzME9uQNfUcKDHRRMqyVNnsrRE8J: 0 EL1kPYcrF9E1gcms3Tvf7Myq6fWHfaLeBu: 0 
2019/07/19 04:33:18.491991 [1;35m[INF][m GID 118, [arbitrator] Main chain height:  531
2019/07/19 04:33:24.175878 [1;35m[INF][m GID 69, currentHeight: 331  chainHeight: 332
2019/07/19 04:33:24.180313 [1;35m[INF][m GID 69,  [SyncSideChain] Side chain [ XKUh4GLhFJiqAMTF6HyWQrV9pK9HcGUdfJ ] height:  332
2019/07/19 04:33:25.397502 [1;35m[INF][m GID 71, currentHeight: 8  chainHeight: 9
2019/07/19 04:33:25.428855 [1;35m[INF][m GID 71,  [SyncSideChain] Side chain [ XZyAtNipJ7fdgBRhdzCoyS7A3PDSzR7u98 ] height:  9
2019/07/19 04:33:29.341793 [1;35m[INF][m GID 70, currentHeight: 133  chainHeight: 134
2019/07/19 04:33:29.345272 [1;35m[INF][m GID 70,  [SyncSideChain] Side chain [ XVfmhjxGxBKgzYxyXCJTb6YmaRfWPVunj4 ] height:  134
2019/07/19 04:33:29.589882 [1;35m[INF][m GID 118, [arbitrator] Main chain height:  532
2019/07/19 04:33:31.369976 [1;35m[INF][m GID 70, currentHeight: 134  chainHeight: 135
2019/07/19 04:33:31.376114 [1;35m[INF][m GID 70,  [SyncSideChain] Side chain [ XVfmhjxGxBKgzYxyXCJTb6YmaRfWPVunj4 ] height:  135
2019/07/19 04:33:39.267140 [1;35m[INF][m GID 69, currentHeight: 332  chainHeight: 333
2019/07/19 04:33:39.271347 [1;35m[INF][m GID 69,  [SyncSideChain] Side chain [ XKUh4GLhFJiqAMTF6HyWQrV9pK9HcGUdfJ ] height:  333
2019/07/19 04:33:40.501903 [1;35m[INF][m GID 71, currentHeight: 9  chainHeight: 10
2019/07/19 04:33:40.506849 [1;35m[INF][m GID 71,  [SyncSideChain] Side chain [ XZyAtNipJ7fdgBRhdzCoyS7A3PDSzR7u98 ] height:  10
2019/07/19 04:33:42.651344 [1;35m[INF][m GID 118, [arbitrator] Main chain height:  533
2019/07/19 04:33:48.729878 [1;35m[INF][m GID 118, [arbitrator] Main chain height:  534
2019/07/19 04:33:55.601141 [1;35m[INF][m GID 71, currentHeight: 10  chainHeight: 11
2019/07/19 04:33:55.607048 [1;35m[INF][m GID 71,  [SyncSideChain] Side chain [ XZyAtNipJ7fdgBRhdzCoyS7A3PDSzR7u98 ] height:  11
2019/07/19 04:33:56.490573 [1;35m[INF][m GID 70, currentHeight: 135  chainHeight: 136
2019/07/19 04:33:56.496512 [1;35m[INF][m GID 70,  [SyncSideChain] Side chain [ XVfmhjxGxBKgzYxyXCJTb6YmaRfWPVunj4 ] height:  136
2019/07/19 04:33:57.769995 [1;35m[INF][m GID 118, [arbitrator] Main chain height:  535
2019/07/19 04:34:02.390739 [1;35m[INF][m GID 69, currentHeight: 333  chainHeight: 334
2019/07/19 04:34:02.396362 [1;35m[INF][m GID 69,  [SyncSideChain] Side chain [ XKUh4GLhFJiqAMTF6HyWQrV9pK9HcGUdfJ ] height:  334
2019/07/19 04:34:04.805850 [1;35m[INF][m GID 118, [arbitrator] Main chain height:  536
2019/07/19 04:34:05.401455 [1;35m[INF][m GID 69, currentHeight: 334  chainHeight: 335
2019/07/19 04:34:05.404887 [1;35m[INF][m GID 69,  [SyncSideChain] Side chain [ XKUh4GLhFJiqAMTF6HyWQrV9pK9HcGUdfJ ] height:  335
2019/07/19 04:34:08.419280 [1;35m[INF][m GID 69, currentHeight: 335  chainHeight: 336
2019/07/19 04:34:08.422445 [1;35m[INF][m GID 69,  [SyncSideChain] Side chain [ XKUh4GLhFJiqAMTF6HyWQrV9pK9HcGUdfJ ] height:  336
2019/07/19 04:34:09.558275 [1;35m[INF][m GID 70, currentHeight: 136  chainHeight: 137
2019/07/19 04:34:09.570203 [1;35m[INF][m GID 70,  [SyncSideChain] Side chain [ XVfmhjxGxBKgzYxyXCJTb6YmaRfWPVunj4 ] height:  137
2019/07/19 04:34:10.677617 [1;35m[INF][m GID 71, currentHeight: 11  chainHeight: 12
2019/07/19 04:34:10.691919 [1;35m[INF][m GID 71,  [SyncSideChain] Side chain [ XZyAtNipJ7fdgBRhdzCoyS7A3PDSzR7u98 ] height:  12
2019/07/19 04:34:13.852833 [1;35m[INF][m GID 118, [arbitrator] Main chain height:  537
2019/07/19 04:34:15.526157 [1;35m[INF][m GID 120, Check and remove cross chain transactions from dbcache finished
2019/07/19 04:34:15.548657 [1;35m[INF][m GID 121, Warning side chain mining account:  EUBKBP6K2QtWQAjZXf3d3ZoKE3chGJX1zG: 0 EMp6bGXzME9uQNfUcKDHRRMqyVNnsrRE8J: 0 EL1kPYcrF9E1gcms3Tvf7Myq6fWHfaLeBu: 0 
2019/07/19 04:34:17.924634 [1;35m[INF][m GID 118, [arbitrator] Main chain height:  538
2019/07/19 04:34:25.800151 [1;35m[INF][m GID 71, currentHeight: 12  chainHeight: 13
2019/07/19 04:34:25.805787 [1;35m[INF][m GID 71,  [SyncSideChain] Side chain [ XZyAtNipJ7fdgBRhdzCoyS7A3PDSzR7u98 ] height:  13
2019/07/19 04:34:26.961361 [1;35m[INF][m GID 118, [arbitrator] Main chain height:  539
2019/07/19 04:34:29.619111 [1;35m[INF][m GID 69, currentHeight: 336  chainHeight: 337
2019/07/19 04:34:29.637735 [1;35m[INF][m GID 69,  [SyncSideChain] Side chain [ XKUh4GLhFJiqAMTF6HyWQrV9pK9HcGUdfJ ] height:  337
2019/07/19 04:34:29.714397 [1;35m[INF][m GID 70, currentHeight: 137  chainHeight: 138
2019/07/19 04:34:29.734777 [1;35m[INF][m GID 70,  [SyncSideChain] Side chain [ XVfmhjxGxBKgzYxyXCJTb6YmaRfWPVunj4 ] height:  138
2019/07/19 04:34:30.639205 [1;35m[INF][m GID 69, currentHeight: 337  chainHeight: 338
2019/07/19 04:34:30.644175 [1;35m[INF][m GID 69,  [SyncSideChain] Side chain [ XKUh4GLhFJiqAMTF6HyWQrV9pK9HcGUdfJ ] height:  338
2019/07/19 04:34:31.644938 [1;35m[INF][m GID 69, currentHeight: 338  chainHeight: 339
2019/07/19 04:34:31.650649 [1;35m[INF][m GID 69,  [SyncSideChain] Side chain [ XKUh4GLhFJiqAMTF6HyWQrV9pK9HcGUdfJ ] height:  339
2019/07/19 04:34:31.740879 [1;35m[INF][m GID 70, currentHeight: 138  chainHeight: 139
2019/07/19 04:34:31.757153 [1;35m[INF][m GID 70,  [SyncSideChain] Side chain [ XVfmhjxGxBKgzYxyXCJTb6YmaRfWPVunj4 ] height:  139
2019/07/19 04:34:34.678364 [1;35m[INF][m GID 69, currentHeight: 339  chainHeight: 340
2019/07/19 04:34:34.682295 [1;35m[INF][m GID 69,  [SyncSideChain] Side chain [ XKUh4GLhFJiqAMTF6HyWQrV9pK9HcGUdfJ ] height:  340
2019/07/19 04:34:40.702721 [1;35m[INF][m GID 69, currentHeight: 340  chainHeight: 341
2019/07/19 04:34:40.726807 [1;35m[INF][m GID 69,  [SyncSideChain] Side chain [ XKUh4GLhFJiqAMTF6HyWQrV9pK9HcGUdfJ ] height:  341
2019/07/19 04:34:40.884310 [1;35m[INF][m GID 71, currentHeight: 13  chainHeight: 14
2019/07/19 04:34:40.895191 [1;35m[INF][m GID 71,  [SyncSideChain] Side chain [ XZyAtNipJ7fdgBRhdzCoyS7A3PDSzR7u98 ] height:  14
2019/07/19 04:34:41.048032 [1;35m[INF][m GID 118, [arbitrator] Main chain height:  540
2019/07/19 04:34:49.814938 [1;35m[INF][m GID 69, currentHeight: 341  chainHeight: 342
2019/07/19 04:34:49.818780 [1;35m[INF][m GID 69,  [SyncSideChain] Side chain [ XKUh4GLhFJiqAMTF6HyWQrV9pK9HcGUdfJ ] height:  342
2019/07/19 04:34:56.022096 [1;35m[INF][m GID 71, currentHeight: 14  chainHeight: 15
2019/07/19 04:34:56.043385 [1;35m[INF][m GID 71,  [SyncSideChain] Side chain [ XZyAtNipJ7fdgBRhdzCoyS7A3PDSzR7u98 ] height:  15
2019/07/19 04:34:56.839760 [1;35m[INF][m GID 69, currentHeight: 342  chainHeight: 343
2019/07/19 04:34:56.843060 [1;35m[INF][m GID 69,  [SyncSideChain] Side chain [ XKUh4GLhFJiqAMTF6HyWQrV9pK9HcGUdfJ ] height:  343
2019/07/19 04:34:58.197093 [1;35m[INF][m GID 118, [arbitrator] Main chain height:  541
2019/07/19 04:35:04.211684 [1;35m[INF][m GID 118, [arbitrator] Main chain height:  542
2019/07/19 04:35:05.015055 [1;35m[INF][m GID 70, currentHeight: 139  chainHeight: 140
2019/07/19 04:35:05.019971 [1;35m[INF][m GID 70,  [SyncSideChain] Side chain [ XVfmhjxGxBKgzYxyXCJTb6YmaRfWPVunj4 ] height:  140
2019/07/19 04:35:06.881018 [1;35m[INF][m GID 69, currentHeight: 343  chainHeight: 344
2019/07/19 04:35:06.886842 [1;35m[INF][m GID 69,  [SyncSideChain] Side chain [ XKUh4GLhFJiqAMTF6HyWQrV9pK9HcGUdfJ ] height:  344
2019/07/19 04:35:08.894229 [1;35m[INF][m GID 69, currentHeight: 344  chainHeight: 345
2019/07/19 04:35:08.897486 [1;35m[INF][m GID 69,  [SyncSideChain] Side chain [ XKUh4GLhFJiqAMTF6HyWQrV9pK9HcGUdfJ ] height:  345
2019/07/19 04:35:10.115262 [1;35m[INF][m GID 71, currentHeight: 15  chainHeight: 16
2019/07/19 04:35:10.126613 [1;35m[INF][m GID 71,  [SyncSideChain] Side chain [ XZyAtNipJ7fdgBRhdzCoyS7A3PDSzR7u98 ] height:  16
2019/07/19 04:35:11.907915 [1;35m[INF][m GID 69, currentHeight: 345  chainHeight: 347
2019/07/19 04:35:11.925564 [1;35m[INF][m GID 69,  [SyncSideChain] Side chain [ XKUh4GLhFJiqAMTF6HyWQrV9pK9HcGUdfJ ] height:  347
2019/07/19 04:35:15.266397 [1;35m[INF][m GID 118, [arbitrator] Main chain height:  543
2019/07/19 04:35:15.526684 [1;35m[INF][m GID 120, Check and remove cross chain transactions from dbcache finished
2019/07/19 04:35:15.551411 [1;35m[INF][m GID 121, Warning side chain mining account:  EUBKBP6K2QtWQAjZXf3d3ZoKE3chGJX1zG: 0 EMp6bGXzME9uQNfUcKDHRRMqyVNnsrRE8J: 0 EL1kPYcrF9E1gcms3Tvf7Myq6fWHfaLeBu: 0 
2019/07/19 04:35:20.093821 [1;35m[INF][m GID 70, currentHeight: 140  chainHeight: 142
2019/07/19 04:35:20.114032 [1;35m[INF][m GID 70,  [SyncSideChain] Side chain [ XVfmhjxGxBKgzYxyXCJTb6YmaRfWPVunj4 ] height:  142
2019/07/19 04:35:21.964556 [1;35m[INF][m GID 69, currentHeight: 347  chainHeight: 348
2019/07/19 04:35:21.971848 [1;35m[INF][m GID 69,  [SyncSideChain] Side chain [ XKUh4GLhFJiqAMTF6HyWQrV9pK9HcGUdfJ ] height:  348
2019/07/19 04:35:25.181626 [1;35m[INF][m GID 71, currentHeight: 16  chainHeight: 17
2019/07/19 04:35:25.187252 [1;35m[INF][m GID 71,  [SyncSideChain] Side chain [ XZyAtNipJ7fdgBRhdzCoyS7A3PDSzR7u98 ] height:  17
2019/07/19 04:35:27.008025 [1;35m[INF][m GID 69, currentHeight: 348  chainHeight: 349
2019/07/19 04:35:27.016155 [1;35m[INF][m GID 69,  [SyncSideChain] Side chain [ XKUh4GLhFJiqAMTF6HyWQrV9pK9HcGUdfJ ] height:  349
2019/07/19 04:35:27.327723 [1;35m[INF][m GID 118, [arbitrator] Main chain height:  544
2019/07/19 04:35:33.174166 [1;35m[INF][m GID 70, currentHeight: 142  chainHeight: 143
2019/07/19 04:35:33.179304 [1;35m[INF][m GID 70,  [SyncSideChain] Side chain [ XVfmhjxGxBKgzYxyXCJTb6YmaRfWPVunj4 ] height:  143
2019/07/19 04:35:34.180259 [1;35m[INF][m GID 70, currentHeight: 143  chainHeight: 144
2019/07/19 04:35:34.185559 [1;35m[INF][m GID 70,  [SyncSideChain] Side chain [ XVfmhjxGxBKgzYxyXCJTb6YmaRfWPVunj4 ] height:  144
2019/07/19 04:35:34.355046 [1;35m[INF][m GID 118, [arbitrator] Main chain height:  545
2019/07/19 04:35:40.262749 [1;35m[INF][m GID 71, currentHeight: 17  chainHeight: 18
2019/07/19 04:35:40.277345 [1;35m[INF][m GID 71,  [SyncSideChain] Side chain [ XZyAtNipJ7fdgBRhdzCoyS7A3PDSzR7u98 ] height:  18
2019/07/19 04:35:45.219191 [1;35m[INF][m GID 70, currentHeight: 144  chainHeight: 145
2019/07/19 04:35:45.237500 [1;35m[INF][m GID 70,  [SyncSideChain] Side chain [ XVfmhjxGxBKgzYxyXCJTb6YmaRfWPVunj4 ] height:  145
2019/07/19 04:35:46.396935 [1;35m[INF][m GID 118, [arbitrator] Main chain height:  546
2019/07/19 04:35:54.144519 [1;35m[INF][m GID 69, currentHeight: 349  chainHeight: 350
2019/07/19 04:35:54.151462 [1;35m[INF][m GID 69,  [SyncSideChain] Side chain [ XKUh4GLhFJiqAMTF6HyWQrV9pK9HcGUdfJ ] height:  350
2019/07/19 04:35:55.350973 [1;35m[INF][m GID 71, currentHeight: 18  chainHeight: 19
2019/07/19 04:35:55.356383 [1;35m[INF][m GID 71,  [SyncSideChain] Side chain [ XZyAtNipJ7fdgBRhdzCoyS7A3PDSzR7u98 ] height:  19
2019/07/19 04:35:57.305453 [1;35m[INF][m GID 70, currentHeight: 145  chainHeight: 146
2019/07/19 04:35:57.312164 [1;35m[INF][m GID 70,  [SyncSideChain] Side chain [ XVfmhjxGxBKgzYxyXCJTb6YmaRfWPVunj4 ] height:  146
2019/07/19 04:36:04.396564 [1;35m[INF][m GID 69, currentHeight: 350  chainHeight: 351
2019/07/19 04:36:04.400941 [1;35m[INF][m GID 69,  [SyncSideChain] Side chain [ XKUh4GLhFJiqAMTF6HyWQrV9pK9HcGUdfJ ] height:  351
2019/07/19 04:36:04.467707 [1;35m[INF][m GID 118, [arbitrator] Main chain height:  547
2019/07/19 04:36:08.413974 [1;35m[INF][m GID 69, currentHeight: 351  chainHeight: 352
2019/07/19 04:36:08.419945 [1;35m[INF][m GID 69,  [SyncSideChain] Side chain [ XKUh4GLhFJiqAMTF6HyWQrV9pK9HcGUdfJ ] height:  352
2019/07/19 04:36:10.436656 [1;35m[INF][m GID 71, currentHeight: 19  chainHeight: 20
2019/07/19 04:36:10.446332 [1;35m[INF][m GID 71,  [SyncSideChain] Side chain [ XZyAtNipJ7fdgBRhdzCoyS7A3PDSzR7u98 ] height:  20
2019/07/19 04:36:15.526927 [1;35m[INF][m GID 120, Check and remove cross chain transactions from dbcache finished
2019/07/19 04:36:15.553235 [1;35m[INF][m GID 121, Warning side chain mining account:  EUBKBP6K2QtWQAjZXf3d3ZoKE3chGJX1zG: 0 EMp6bGXzME9uQNfUcKDHRRMqyVNnsrRE8J: 0 EL1kPYcrF9E1gcms3Tvf7Myq6fWHfaLeBu: 0 
2019/07/19 04:36:16.483910 [1;35m[INF][m GID 70, currentHeight: 146  chainHeight: 147
2019/07/19 04:36:16.487850 [1;35m[INF][m GID 70,  [SyncSideChain] Side chain [ XVfmhjxGxBKgzYxyXCJTb6YmaRfWPVunj4 ] height:  147
2019/07/19 04:36:18.558934 [1;35m[INF][m GID 118, [arbitrator] Main chain height:  548
2019/07/19 04:36:20.508828 [1;35m[INF][m GID 69, currentHeight: 352  chainHeight: 353
2019/07/19 04:36:20.512832 [1;35m[INF][m GID 69,  [SyncSideChain] Side chain [ XKUh4GLhFJiqAMTF6HyWQrV9pK9HcGUdfJ ] height:  353
2019/07/19 04:36:23.596872 [1;35m[INF][m GID 118, [arbitrator] Main chain height:  549
2019/07/19 04:36:25.536767 [1;35m[INF][m GID 71, currentHeight: 20  chainHeight: 21
2019/07/19 04:36:25.543049 [1;35m[INF][m GID 71,  [SyncSideChain] Side chain [ XZyAtNipJ7fdgBRhdzCoyS7A3PDSzR7u98 ] height:  21
2019/07/19 04:36:31.658803 [1;35m[INF][m GID 118, [arbitrator] Main chain height:  550
2019/07/19 04:36:35.578423 [1;35m[INF][m GID 70, currentHeight: 147  chainHeight: 148
2019/07/19 04:36:35.586241 [1;35m[INF][m GID 70,  [SyncSideChain] Side chain [ XVfmhjxGxBKgzYxyXCJTb6YmaRfWPVunj4 ] height:  148
2019/07/19 04:36:36.612176 [1;35m[INF][m GID 69, currentHeight: 353  chainHeight: 354
2019/07/19 04:36:36.617380 [1;35m[INF][m GID 69,  [SyncSideChain] Side chain [ XKUh4GLhFJiqAMTF6HyWQrV9pK9HcGUdfJ ] height:  354
2019/07/19 04:36:38.634614 [1;35m[INF][m GID 69, currentHeight: 354  chainHeight: 355
2019/07/19 04:36:38.638769 [1;35m[INF][m GID 69,  [SyncSideChain] Side chain [ XKUh4GLhFJiqAMTF6HyWQrV9pK9HcGUdfJ ] height:  355
2019/07/19 04:36:40.614695 [1;35m[INF][m GID 71, currentHeight: 21  chainHeight: 22
2019/07/19 04:36:40.637782 [1;35m[INF][m GID 71,  [SyncSideChain] Side chain [ XZyAtNipJ7fdgBRhdzCoyS7A3PDSzR7u98 ] height:  22
2019/07/19 04:36:44.750131 [1;35m[INF][m GID 118, [arbitrator] Main chain height:  551
2019/07/19 04:36:46.767881 [1;35m[INF][m GID 118, [arbitrator] Main chain height:  552
2019/07/19 04:36:49.663343 [1;35m[INF][m GID 70, currentHeight: 148  chainHeight: 149
2019/07/19 04:36:49.667297 [1;35m[INF][m GID 70,  [SyncSideChain] Side chain [ XVfmhjxGxBKgzYxyXCJTb6YmaRfWPVunj4 ] height:  149
2019/07/19 04:36:50.785748 [1;35m[INF][m GID 118, [arbitrator] Main chain height:  553
2019/07/19 04:36:53.806975 [1;35m[INF][m GID 118, [arbitrator] Main chain height:  554
2019/07/19 04:36:55.718481 [1;35m[INF][m GID 69, currentHeight: 355  chainHeight: 356
2019/07/19 04:36:55.722735 [1;35m[INF][m GID 69,  [SyncSideChain] Side chain [ XKUh4GLhFJiqAMTF6HyWQrV9pK9HcGUdfJ ] height:  356
2019/07/19 04:36:55.722910 [1;35m[INF][m GID 71, currentHeight: 22  chainHeight: 23
2019/07/19 04:36:55.734292 [1;35m[INF][m GID 71,  [SyncSideChain] Side chain [ XZyAtNipJ7fdgBRhdzCoyS7A3PDSzR7u98 ] height:  23
2019/07/19 04:36:56.729888 [1;35m[INF][m GID 69, currentHeight: 356  chainHeight: 357
2019/07/19 04:36:56.736656 [1;35m[INF][m GID 69,  [SyncSideChain] Side chain [ XKUh4GLhFJiqAMTF6HyWQrV9pK9HcGUdfJ ] height:  357
2019/07/19 04:37:03.709738 [1;35m[INF][m GID 70, currentHeight: 149  chainHeight: 150
2019/07/19 04:37:03.714534 [1;35m[INF][m GID 70,  [SyncSideChain] Side chain [ XVfmhjxGxBKgzYxyXCJTb6YmaRfWPVunj4 ] height:  150
2019/07/19 04:37:04.881633 [1;35m[INF][m GID 118, [arbitrator] Main chain height:  555
2019/07/19 04:37:10.786063 [1;35m[INF][m GID 71, currentHeight: 23  chainHeight: 24
2019/07/19 04:37:10.798132 [1;35m[INF][m GID 71,  [SyncSideChain] Side chain [ XZyAtNipJ7fdgBRhdzCoyS7A3PDSzR7u98 ] height:  24
2019/07/19 04:37:10.941025 [1;35m[INF][m GID 118, [arbitrator] Main chain height:  556
2019/07/19 04:37:15.527565 [1;35m[INF][m GID 120, Check and remove cross chain transactions from dbcache finished
2019/07/19 04:37:15.556318 [1;35m[INF][m GID 121, Warning side chain mining account:  EUBKBP6K2QtWQAjZXf3d3ZoKE3chGJX1zG: 0 EMp6bGXzME9uQNfUcKDHRRMqyVNnsrRE8J: 0 EL1kPYcrF9E1gcms3Tvf7Myq6fWHfaLeBu: 0 
2019/07/19 04:37:15.825953 [1;35m[INF][m GID 69, currentHeight: 357  chainHeight: 358
2019/07/19 04:37:15.828780 [1;35m[INF][m GID 69,  [SyncSideChain] Side chain [ XKUh4GLhFJiqAMTF6HyWQrV9pK9HcGUdfJ ] height:  358
2019/07/19 04:37:25.876672 [1;35m[INF][m GID 71, currentHeight: 24  chainHeight: 25
2019/07/19 04:37:25.889131 [1;35m[INF][m GID 71,  [SyncSideChain] Side chain [ XZyAtNipJ7fdgBRhdzCoyS7A3PDSzR7u98 ] height:  25
2019/07/19 04:37:28.954347 [1;35m[INF][m GID 69, currentHeight: 358  chainHeight: 359
2019/07/19 04:37:28.962266 [1;35m[INF][m GID 69,  [SyncSideChain] Side chain [ XKUh4GLhFJiqAMTF6HyWQrV9pK9HcGUdfJ ] height:  359
2019/07/19 04:37:33.156686 [1;35m[INF][m GID 118, [arbitrator] Main chain height:  557
2019/07/19 04:37:40.226545 [1;35m[INF][m GID 118, [arbitrator] Main chain height:  558
2019/07/19 04:37:40.980145 [1;35m[INF][m GID 71, currentHeight: 25  chainHeight: 26
2019/07/19 04:37:40.996384 [1;35m[INF][m GID 71,  [SyncSideChain] Side chain [ XZyAtNipJ7fdgBRhdzCoyS7A3PDSzR7u98 ] height:  26
2019/07/19 04:37:47.271571 [1;35m[INF][m GID 118, [arbitrator] Main chain height:  559
2019/07/19 04:37:52.316187 [1;35m[INF][m GID 118, [arbitrator] Main chain height:  560
2019/07/19 04:37:55.078902 [1;35m[INF][m GID 71, currentHeight: 26  chainHeight: 27
2019/07/19 04:37:55.084890 [1;35m[INF][m GID 71,  [SyncSideChain] Side chain [ XZyAtNipJ7fdgBRhdzCoyS7A3PDSzR7u98 ] height:  27
2019/07/19 04:37:55.114589 [1;35m[INF][m GID 70, currentHeight: 150  chainHeight: 151
2019/07/19 04:37:55.125370 [1;35m[INF][m GID 70,  [SyncSideChain] Side chain [ XVfmhjxGxBKgzYxyXCJTb6YmaRfWPVunj4 ] height:  151
2019/07/19 04:37:56.127076 [1;35m[INF][m GID 70, currentHeight: 151  chainHeight: 152
2019/07/19 04:37:56.138311 [1;35m[INF][m GID 70,  [SyncSideChain] Side chain [ XVfmhjxGxBKgzYxyXCJTb6YmaRfWPVunj4 ] height:  152
2019/07/19 04:37:57.131118 [1;35m[INF][m GID 69, currentHeight: 359  chainHeight: 360
2019/07/19 04:37:57.141874 [1;35m[INF][m GID 69,  [SyncSideChain] Side chain [ XKUh4GLhFJiqAMTF6HyWQrV9pK9HcGUdfJ ] height:  360
2019/07/19 04:37:57.142375 [1;35m[INF][m GID 70, currentHeight: 152  chainHeight: 153
2019/07/19 04:37:57.146600 [1;35m[INF][m GID 70,  [SyncSideChain] Side chain [ XVfmhjxGxBKgzYxyXCJTb6YmaRfWPVunj4 ] height:  153
2019/07/19 04:37:58.152716 [1;35m[INF][m GID 69, currentHeight: 360  chainHeight: 361
2019/07/19 04:37:58.160744 [1;35m[INF][m GID 69,  [SyncSideChain] Side chain [ XKUh4GLhFJiqAMTF6HyWQrV9pK9HcGUdfJ ] height:  361
2019/07/19 04:38:04.170877 [1;35m[INF][m GID 70, currentHeight: 153  chainHeight: 154
2019/07/19 04:38:04.175701 [1;35m[INF][m GID 70,  [SyncSideChain] Side chain [ XVfmhjxGxBKgzYxyXCJTb6YmaRfWPVunj4 ] height:  154
2019/07/19 04:38:04.212007 [1;35m[INF][m GID 69, currentHeight: 361  chainHeight: 362
2019/07/19 04:38:04.217437 [1;35m[INF][m GID 69,  [SyncSideChain] Side chain [ XKUh4GLhFJiqAMTF6HyWQrV9pK9HcGUdfJ ] height:  362
2019/07/19 04:38:07.251879 [1;35m[INF][m GID 69, currentHeight: 362  chainHeight: 363
2019/07/19 04:38:07.255802 [1;35m[INF][m GID 69,  [SyncSideChain] Side chain [ XKUh4GLhFJiqAMTF6HyWQrV9pK9HcGUdfJ ] height:  363
2019/07/19 04:38:07.388760 [1;35m[INF][m GID 118, [arbitrator] Main chain height:  561
2019/07/19 04:38:10.168830 [1;35m[INF][m GID 71, currentHeight: 27  chainHeight: 28
2019/07/19 04:38:10.175129 [1;35m[INF][m GID 71,  [SyncSideChain] Side chain [ XZyAtNipJ7fdgBRhdzCoyS7A3PDSzR7u98 ] height:  28
2019/07/19 04:38:11.283397 [1;35m[INF][m GID 69, currentHeight: 363  chainHeight: 364
2019/07/19 04:38:11.286726 [1;35m[INF][m GID 69,  [SyncSideChain] Side chain [ XKUh4GLhFJiqAMTF6HyWQrV9pK9HcGUdfJ ] height:  364
2019/07/19 04:38:15.528337 [1;35m[INF][m GID 120, Check and remove cross chain transactions from dbcache finished
2019/07/19 04:38:15.575331 [1;35m[INF][m GID 121, Warning side chain mining account:  EUBKBP6K2QtWQAjZXf3d3ZoKE3chGJX1zG: 0 EMp6bGXzME9uQNfUcKDHRRMqyVNnsrRE8J: 0 EL1kPYcrF9E1gcms3Tvf7Myq6fWHfaLeBu: 0 
2019/07/19 04:38:25.250038 [1;35m[INF][m GID 71, currentHeight: 28  chainHeight: 29
2019/07/19 04:38:25.255336 [1;35m[INF][m GID 71,  [SyncSideChain] Side chain [ XZyAtNipJ7fdgBRhdzCoyS7A3PDSzR7u98 ] height:  29
2019/07/19 04:38:25.463833 [1;35m[INF][m GID 118, [arbitrator] Main chain height:  562
2019/07/19 04:38:30.480506 [1;35m[INF][m GID 118, [arbitrator] Main chain height:  563
2019/07/19 04:38:32.307897 [1;35m[INF][m GID 70, currentHeight: 154  chainHeight: 155
2019/07/19 04:38:32.321434 [1;35m[INF][m GID 70,  [SyncSideChain] Side chain [ XVfmhjxGxBKgzYxyXCJTb6YmaRfWPVunj4 ] height:  155
2019/07/19 04:38:40.321870 [1;35m[INF][m GID 71, currentHeight: 29  chainHeight: 30
2019/07/19 04:38:40.451754 [1;35m[INF][m GID 71,  [SyncSideChain] Side chain [ XZyAtNipJ7fdgBRhdzCoyS7A3PDSzR7u98 ] height:  30
2019/07/19 04:38:40.542722 [1;35m[INF][m GID 118, [arbitrator] Main chain height:  564
2019/07/19 04:38:42.555468 [1;35m[INF][m GID 118, [arbitrator] Main chain height:  565
2019/07/19 04:38:47.495171 [1;35m[INF][m GID 70, currentHeight: 155  chainHeight: 156
2019/07/19 04:38:47.498527 [1;35m[INF][m GID 70,  [SyncSideChain] Side chain [ XVfmhjxGxBKgzYxyXCJTb6YmaRfWPVunj4 ] height:  156
2019/07/19 04:38:47.574581 [1;35m[INF][m GID 118, [arbitrator] Main chain height:  566
2019/07/19 04:38:49.489494 [1;35m[INF][m GID 69, currentHeight: 364  chainHeight: 365
2019/07/19 04:38:49.492761 [1;35m[INF][m GID 69,  [SyncSideChain] Side chain [ XKUh4GLhFJiqAMTF6HyWQrV9pK9HcGUdfJ ] height:  365
2019/07/19 04:38:50.493476 [1;35m[INF][m GID 69, currentHeight: 365  chainHeight: 366
2019/07/19 04:38:50.497332 [1;35m[INF][m GID 69,  [SyncSideChain] Side chain [ XKUh4GLhFJiqAMTF6HyWQrV9pK9HcGUdfJ ] height:  366
2019/07/19 04:38:52.542144 [1;35m[INF][m GID 70, currentHeight: 156  chainHeight: 157
2019/07/19 04:38:52.569833 [1;35m[INF][m GID 70,  [SyncSideChain] Side chain [ XVfmhjxGxBKgzYxyXCJTb6YmaRfWPVunj4 ] height:  157
2019/07/19 04:38:53.501446 [1;35m[INF][m GID 69, currentHeight: 366  chainHeight: 367
2019/07/19 04:38:53.504784 [1;35m[INF][m GID 69,  [SyncSideChain] Side chain [ XKUh4GLhFJiqAMTF6HyWQrV9pK9HcGUdfJ ] height:  367
2019/07/19 04:38:54.643724 [1;35m[INF][m GID 118, [arbitrator] Main chain height:  567
2019/07/19 04:38:55.525906 [1;35m[INF][m GID 71, currentHeight: 30  chainHeight: 31
2019/07/19 04:38:55.533287 [1;35m[INF][m GID 71,  [SyncSideChain] Side chain [ XZyAtNipJ7fdgBRhdzCoyS7A3PDSzR7u98 ] height:  31
2019/07/19 04:38:59.605831 [1;35m[INF][m GID 70, currentHeight: 157  chainHeight: 158
2019/07/19 04:38:59.608959 [1;35m[INF][m GID 70,  [SyncSideChain] Side chain [ XVfmhjxGxBKgzYxyXCJTb6YmaRfWPVunj4 ] height:  158
2019/07/19 04:39:00.526807 [1;35m[INF][m GID 69, currentHeight: 367  chainHeight: 368
2019/07/19 04:39:00.530727 [1;35m[INF][m GID 69,  [SyncSideChain] Side chain [ XKUh4GLhFJiqAMTF6HyWQrV9pK9HcGUdfJ ] height:  368
2019/07/19 04:39:04.539732 [1;35m[INF][m GID 69, currentHeight: 368  chainHeight: 369
2019/07/19 04:39:04.554184 [1;35m[INF][m GID 69,  [SyncSideChain] Side chain [ XKUh4GLhFJiqAMTF6HyWQrV9pK9HcGUdfJ ] height:  369
2019/07/19 04:39:05.650403 [1;35m[INF][m GID 70, currentHeight: 158  chainHeight: 159
2019/07/19 04:39:05.671812 [1;35m[INF][m GID 70,  [SyncSideChain] Side chain [ XVfmhjxGxBKgzYxyXCJTb6YmaRfWPVunj4 ] height:  159
2019/07/19 04:39:07.714816 [1;35m[INF][m GID 118, [arbitrator] Main chain height:  568
2019/07/19 04:39:08.578088 [1;35m[INF][m GID 69, currentHeight: 369  chainHeight: 370
2019/07/19 04:39:08.581421 [1;35m[INF][m GID 69,  [SyncSideChain] Side chain [ XKUh4GLhFJiqAMTF6HyWQrV9pK9HcGUdfJ ] height:  370
2019/07/19 04:39:08.679765 [1;35m[INF][m GID 70, currentHeight: 159  chainHeight: 160
2019/07/19 04:39:08.685050 [1;35m[INF][m GID 70,  [SyncSideChain] Side chain [ XVfmhjxGxBKgzYxyXCJTb6YmaRfWPVunj4 ] height:  160
2019/07/19 04:39:10.598819 [1;35m[INF][m GID 71, currentHeight: 31  chainHeight: 32
2019/07/19 04:39:10.617256 [1;35m[INF][m GID 71,  [SyncSideChain] Side chain [ XZyAtNipJ7fdgBRhdzCoyS7A3PDSzR7u98 ] height:  32
2019/07/19 04:39:13.747794 [1;35m[INF][m GID 118, [arbitrator] Main chain height:  569
2019/07/19 04:39:15.533940 [1;35m[INF][m GID 120, Check and remove cross chain transactions from dbcache finished
2019/07/19 04:39:15.589732 [1;35m[INF][m GID 121, Warning side chain mining account:  EUBKBP6K2QtWQAjZXf3d3ZoKE3chGJX1zG: 0 EMp6bGXzME9uQNfUcKDHRRMqyVNnsrRE8J: 0 EL1kPYcrF9E1gcms3Tvf7Myq6fWHfaLeBu: 0 
2019/07/19 04:39:16.853928 [1;35m[INF][m GID 69, currentHeight: 370  chainHeight: 371
2019/07/19 04:39:16.876243 [1;35m[INF][m GID 69,  [SyncSideChain] Side chain [ XKUh4GLhFJiqAMTF6HyWQrV9pK9HcGUdfJ ] height:  371
2019/07/19 04:39:20.908652 [1;35m[INF][m GID 70, currentHeight: 160  chainHeight: 161
2019/07/19 04:39:20.923719 [1;35m[INF][m GID 70,  [SyncSideChain] Side chain [ XVfmhjxGxBKgzYxyXCJTb6YmaRfWPVunj4 ] height:  161
2019/07/19 04:39:25.882642 [1;35m[INF][m GID 118, [arbitrator] Main chain height:  570
2019/07/19 04:39:25.908193 [1;35m[INF][m GID 71, currentHeight: 32  chainHeight: 33
2019/07/19 04:39:25.940960 [1;35m[INF][m GID 71,  [SyncSideChain] Side chain [ XZyAtNipJ7fdgBRhdzCoyS7A3PDSzR7u98 ] height:  33
2019/07/19 04:39:27.988961 [1;35m[INF][m GID 69, currentHeight: 371  chainHeight: 372
2019/07/19 04:39:27.992695 [1;35m[INF][m GID 69,  [SyncSideChain] Side chain [ XKUh4GLhFJiqAMTF6HyWQrV9pK9HcGUdfJ ] height:  372
2019/07/19 04:39:32.022413 [1;35m[INF][m GID 69, currentHeight: 372  chainHeight: 373
2019/07/19 04:39:32.038186 [1;35m[INF][m GID 69,  [SyncSideChain] Side chain [ XKUh4GLhFJiqAMTF6HyWQrV9pK9HcGUdfJ ] height:  373
2019/07/19 04:39:33.042900 [1;35m[INF][m GID 69, currentHeight: 373  chainHeight: 374
2019/07/19 04:39:33.051454 [1;35m[INF][m GID 69,  [SyncSideChain] Side chain [ XKUh4GLhFJiqAMTF6HyWQrV9pK9HcGUdfJ ] height:  374
2019/07/19 04:39:33.925637 [1;35m[INF][m GID 118, [arbitrator] Main chain height:  571
2019/07/19 04:39:38.070734 [1;35m[INF][m GID 69, currentHeight: 374  chainHeight: 375
2019/07/19 04:39:38.074899 [1;35m[INF][m GID 69,  [SyncSideChain] Side chain [ XKUh4GLhFJiqAMTF6HyWQrV9pK9HcGUdfJ ] height:  375
2019/07/19 04:39:38.942558 [1;35m[INF][m GID 118, [arbitrator] Main chain height:  572
2019/07/19 04:39:40.038351 [1;35m[INF][m GID 71, currentHeight: 33  chainHeight: 34
2019/07/19 04:39:40.056594 [1;35m[INF][m GID 71,  [SyncSideChain] Side chain [ XZyAtNipJ7fdgBRhdzCoyS7A3PDSzR7u98 ] height:  34
2019/07/19 04:39:42.096929 [1;35m[INF][m GID 69, currentHeight: 375  chainHeight: 376
2019/07/19 04:39:42.100287 [1;35m[INF][m GID 69,  [SyncSideChain] Side chain [ XKUh4GLhFJiqAMTF6HyWQrV9pK9HcGUdfJ ] height:  376
2019/07/19 04:39:45.106086 [1;35m[INF][m GID 69, currentHeight: 376  chainHeight: 377
2019/07/19 04:39:45.112977 [1;35m[INF][m GID 69,  [SyncSideChain] Side chain [ XKUh4GLhFJiqAMTF6HyWQrV9pK9HcGUdfJ ] height:  377
2019/07/19 04:39:48.042519 [1;35m[INF][m GID 118, [arbitrator] Main chain height:  573
2019/07/19 04:39:52.154556 [1;35m[INF][m GID 69, currentHeight: 377  chainHeight: 378
2019/07/19 04:39:52.160727 [1;35m[INF][m GID 69,  [SyncSideChain] Side chain [ XKUh4GLhFJiqAMTF6HyWQrV9pK9HcGUdfJ ] height:  378
2019/07/19 04:39:55.091332 [1;35m[INF][m GID 118, [arbitrator] Main chain height:  574
2019/07/19 04:39:55.131021 [1;35m[INF][m GID 71, currentHeight: 34  chainHeight: 35
2019/07/19 04:39:55.144306 [1;35m[INF][m GID 71,  [SyncSideChain] Side chain [ XZyAtNipJ7fdgBRhdzCoyS7A3PDSzR7u98 ] height:  35
2019/07/19 04:39:56.183924 [1;35m[INF][m GID 69, currentHeight: 378  chainHeight: 379
2019/07/19 04:39:56.187282 [1;35m[INF][m GID 69,  [SyncSideChain] Side chain [ XKUh4GLhFJiqAMTF6HyWQrV9pK9HcGUdfJ ] height:  379
2019/07/19 04:40:01.195378 [1;35m[INF][m GID 69, currentHeight: 379  chainHeight: 380
2019/07/19 04:40:01.201242 [1;35m[INF][m GID 69,  [SyncSideChain] Side chain [ XKUh4GLhFJiqAMTF6HyWQrV9pK9HcGUdfJ ] height:  380
2019/07/19 04:40:04.205484 [1;35m[INF][m GID 69, currentHeight: 380  chainHeight: 381
2019/07/19 04:40:04.210384 [1;35m[INF][m GID 69,  [SyncSideChain] Side chain [ XKUh4GLhFJiqAMTF6HyWQrV9pK9HcGUdfJ ] height:  381
2019/07/19 04:40:04.210510 [1;35m[INF][m GID 70, currentHeight: 161  chainHeight: 162
2019/07/19 04:40:04.232206 [1;35m[INF][m GID 70,  [SyncSideChain] Side chain [ XVfmhjxGxBKgzYxyXCJTb6YmaRfWPVunj4 ] height:  162
2019/07/19 04:40:07.183424 [1;35m[INF][m GID 118, [arbitrator] Main chain height:  575
2019/07/19 04:40:10.219737 [1;35m[INF][m GID 71, currentHeight: 35  chainHeight: 36
2019/07/19 04:40:10.234922 [1;35m[INF][m GID 71,  [SyncSideChain] Side chain [ XZyAtNipJ7fdgBRhdzCoyS7A3PDSzR7u98 ] height:  36
2019/07/19 04:40:15.254939 [1;35m[INF][m GID 69, currentHeight: 381  chainHeight: 382
2019/07/19 04:40:15.268414 [1;35m[INF][m GID 69,  [SyncSideChain] Side chain [ XKUh4GLhFJiqAMTF6HyWQrV9pK9HcGUdfJ ] height:  382
2019/07/19 04:40:15.535186 [1;35m[INF][m GID 120, Check and remove cross chain transactions from dbcache finished
2019/07/19 04:40:15.591158 [1;35m[INF][m GID 121, Warning side chain mining account:  EUBKBP6K2QtWQAjZXf3d3ZoKE3chGJX1zG: 0 EMp6bGXzME9uQNfUcKDHRRMqyVNnsrRE8J: 0 EL1kPYcrF9E1gcms3Tvf7Myq6fWHfaLeBu: 0 
2019/07/19 04:40:19.236897 [1;35m[INF][m GID 118, [arbitrator] Main chain height:  576
2019/07/19 04:40:19.293337 [1;35m[INF][m GID 69, currentHeight: 382  chainHeight: 383
2019/07/19 04:40:19.311395 [1;35m[INF][m GID 69,  [SyncSideChain] Side chain [ XKUh4GLhFJiqAMTF6HyWQrV9pK9HcGUdfJ ] height:  383
2019/07/19 04:40:22.317795 [1;35m[INF][m GID 69, currentHeight: 383  chainHeight: 384
2019/07/19 04:40:22.323565 [1;35m[INF][m GID 69,  [SyncSideChain] Side chain [ XKUh4GLhFJiqAMTF6HyWQrV9pK9HcGUdfJ ] height:  384
2019/07/19 04:40:25.289151 [1;35m[INF][m GID 71, currentHeight: 36  chainHeight: 37
2019/07/19 04:40:25.293738 [1;35m[INF][m GID 71,  [SyncSideChain] Side chain [ XZyAtNipJ7fdgBRhdzCoyS7A3PDSzR7u98 ] height:  37
2019/07/19 04:40:27.333981 [1;35m[INF][m GID 69, currentHeight: 384  chainHeight: 385
2019/07/19 04:40:27.349978 [1;35m[INF][m GID 69,  [SyncSideChain] Side chain [ XKUh4GLhFJiqAMTF6HyWQrV9pK9HcGUdfJ ] height:  385
2019/07/19 04:40:28.269189 [1;35m[INF][m GID 118, [arbitrator] Main chain height:  577
2019/07/19 04:40:28.352162 [1;35m[INF][m GID 70, currentHeight: 162  chainHeight: 163
2019/07/19 04:40:28.360151 [1;35m[INF][m GID 70,  [SyncSideChain] Side chain [ XVfmhjxGxBKgzYxyXCJTb6YmaRfWPVunj4 ] height:  163
2019/07/19 04:40:29.363071 [1;35m[INF][m GID 69, currentHeight: 385  chainHeight: 386
2019/07/19 04:40:29.468955 [1;35m[INF][m GID 69,  [SyncSideChain] Side chain [ XKUh4GLhFJiqAMTF6HyWQrV9pK9HcGUdfJ ] height:  386
2019/07/19 04:40:34.494224 [1;35m[INF][m GID 69, currentHeight: 386  chainHeight: 387
2019/07/19 04:40:34.510767 [1;35m[INF][m GID 69,  [SyncSideChain] Side chain [ XKUh4GLhFJiqAMTF6HyWQrV9pK9HcGUdfJ ] height:  387
2019/07/19 04:40:38.537692 [1;35m[INF][m GID 69, currentHeight: 387  chainHeight: 388
2019/07/19 04:40:38.576767 [1;35m[INF][m GID 69,  [SyncSideChain] Side chain [ XKUh4GLhFJiqAMTF6HyWQrV9pK9HcGUdfJ ] height:  388
2019/07/19 04:40:40.407982 [1;35m[INF][m GID 71, currentHeight: 37  chainHeight: 38
2019/07/19 04:40:40.414041 [1;35m[INF][m GID 71,  [SyncSideChain] Side chain [ XZyAtNipJ7fdgBRhdzCoyS7A3PDSzR7u98 ] height:  38
2019/07/19 04:40:46.597198 [1;35m[INF][m GID 69, currentHeight: 388  chainHeight: 389
2019/07/19 04:40:46.611410 [1;35m[INF][m GID 69,  [SyncSideChain] Side chain [ XKUh4GLhFJiqAMTF6HyWQrV9pK9HcGUdfJ ] height:  389
2019/07/19 04:40:47.411434 [1;35m[INF][m GID 118, [arbitrator] Main chain height:  578
2019/07/19 04:40:51.459365 [1;35m[INF][m GID 118, [arbitrator] Main chain height:  579
2019/07/19 04:40:51.635731 [1;35m[INF][m GID 69, currentHeight: 389  chainHeight: 390
2019/07/19 04:40:51.663880 [1;35m[INF][m GID 69,  [SyncSideChain] Side chain [ XKUh4GLhFJiqAMTF6HyWQrV9pK9HcGUdfJ ] height:  390
2019/07/19 04:40:53.466699 [1;35m[INF][m GID 70, currentHeight: 163  chainHeight: 164
2019/07/19 04:40:53.473040 [1;35m[INF][m GID 70,  [SyncSideChain] Side chain [ XVfmhjxGxBKgzYxyXCJTb6YmaRfWPVunj4 ] height:  164
2019/07/19 04:40:55.505719 [1;35m[INF][m GID 71, currentHeight: 38  chainHeight: 39
2019/07/19 04:40:55.960197 [1;35m[INF][m GID 71,  [SyncSideChain] Side chain [ XZyAtNipJ7fdgBRhdzCoyS7A3PDSzR7u98 ] height:  39
2019/07/19 04:40:55.960764 [1;35m[INF][m GID 69, currentHeight: 390  chainHeight: 391
2019/07/19 04:40:56.005757 [1;35m[INF][m GID 69,  [SyncSideChain] Side chain [ XKUh4GLhFJiqAMTF6HyWQrV9pK9HcGUdfJ ] height:  391
2019/07/19 04:40:57.007057 [1;35m[INF][m GID 69, currentHeight: 391  chainHeight: 392
2019/07/19 04:40:57.020912 [1;35m[INF][m GID 69,  [SyncSideChain] Side chain [ XKUh4GLhFJiqAMTF6HyWQrV9pK9HcGUdfJ ] height:  392
2019/07/19 04:40:57.494020 [1;35m[INF][m GID 70, currentHeight: 164  chainHeight: 165
2019/07/19 04:40:57.498188 [1;35m[INF][m GID 70,  [SyncSideChain] Side chain [ XVfmhjxGxBKgzYxyXCJTb6YmaRfWPVunj4 ] height:  165
2019/07/19 04:41:00.045497 [1;35m[INF][m GID 69, currentHeight: 392  chainHeight: 393
2019/07/19 04:41:00.049101 [1;35m[INF][m GID 69,  [SyncSideChain] Side chain [ XKUh4GLhFJiqAMTF6HyWQrV9pK9HcGUdfJ ] height:  393
2019/07/19 04:41:04.521780 [1;35m[INF][m GID 118, [arbitrator] Main chain height:  580
2019/07/19 04:41:08.078288 [1;35m[INF][m GID 69, currentHeight: 393  chainHeight: 394
2019/07/19 04:41:08.083914 [1;35m[INF][m GID 69,  [SyncSideChain] Side chain [ XKUh4GLhFJiqAMTF6HyWQrV9pK9HcGUdfJ ] height:  394
2019/07/19 04:41:10.121135 [1;35m[INF][m GID 71, currentHeight: 39  chainHeight: 40
2019/07/19 04:41:10.145646 [1;35m[INF][m GID 71,  [SyncSideChain] Side chain [ XZyAtNipJ7fdgBRhdzCoyS7A3PDSzR7u98 ] height:  40
2019/07/19 04:41:15.536016 [1;35m[INF][m GID 120, Check and remove cross chain transactions from dbcache finished
2019/07/19 04:41:15.593352 [1;35m[INF][m GID 121, Warning side chain mining account:  EUBKBP6K2QtWQAjZXf3d3ZoKE3chGJX1zG: 0 EMp6bGXzME9uQNfUcKDHRRMqyVNnsrRE8J: 0 EL1kPYcrF9E1gcms3Tvf7Myq6fWHfaLeBu: 0 
2019/07/19 04:41:25.219536 [1;35m[INF][m GID 71, currentHeight: 40  chainHeight: 41
2019/07/19 04:41:25.241835 [1;35m[INF][m GID 71,  [SyncSideChain] Side chain [ XZyAtNipJ7fdgBRhdzCoyS7A3PDSzR7u98 ] height:  41
2019/07/19 04:41:26.589252 [1;35m[INF][m GID 118, [arbitrator] Main chain height:  581
2019/07/19 04:41:29.210731 [1;35m[INF][m GID 69, currentHeight: 394  chainHeight: 395
2019/07/19 04:41:29.216055 [1;35m[INF][m GID 69,  [SyncSideChain] Side chain [ XKUh4GLhFJiqAMTF6HyWQrV9pK9HcGUdfJ ] height:  395
2019/07/19 04:41:29.607310 [1;35m[INF][m GID 118, [arbitrator] Main chain height:  582
2019/07/19 04:41:35.738963 [1;35m[INF][m GID 70, currentHeight: 165  chainHeight: 166
2019/07/19 04:41:35.756554 [1;35m[INF][m GID 70,  [SyncSideChain] Side chain [ XVfmhjxGxBKgzYxyXCJTb6YmaRfWPVunj4 ] height:  166
2019/07/19 04:41:40.379643 [1;35m[INF][m GID 71, currentHeight: 41  chainHeight: 42
2019/07/19 04:41:40.385120 [1;35m[INF][m GID 71,  [SyncSideChain] Side chain [ XZyAtNipJ7fdgBRhdzCoyS7A3PDSzR7u98 ] height:  42
2019/07/19 04:41:42.658323 [1;35m[INF][m GID 118, [arbitrator] Main chain height:  583
2019/07/19 04:41:47.678472 [1;35m[INF][m GID 118, [arbitrator] Main chain height:  584
2019/07/19 04:41:51.787073 [1;35m[INF][m GID 69, currentHeight: 395  chainHeight: 396
2019/07/19 04:41:51.809078 [1;35m[INF][m GID 69,  [SyncSideChain] Side chain [ XKUh4GLhFJiqAMTF6HyWQrV9pK9HcGUdfJ ] height:  396
2019/07/19 04:41:55.497131 [1;35m[INF][m GID 71, currentHeight: 42  chainHeight: 43
2019/07/19 04:41:55.510028 [1;35m[INF][m GID 71,  [SyncSideChain] Side chain [ XZyAtNipJ7fdgBRhdzCoyS7A3PDSzR7u98 ] height:  43
2019/07/19 04:41:58.944696 [1;35m[INF][m GID 118, [arbitrator] Main chain height:  585
2019/07/19 04:41:58.951206 [1;35m[INF][m GID 69, currentHeight: 396  chainHeight: 397
2019/07/19 04:41:58.956205 [1;35m[INF][m GID 69,  [SyncSideChain] Side chain [ XKUh4GLhFJiqAMTF6HyWQrV9pK9HcGUdfJ ] height:  397
2019/07/19 04:42:06.983350 [1;35m[INF][m GID 69, currentHeight: 397  chainHeight: 398
2019/07/19 04:42:06.986624 [1;35m[INF][m GID 69,  [SyncSideChain] Side chain [ XKUh4GLhFJiqAMTF6HyWQrV9pK9HcGUdfJ ] height:  398
2019/07/19 04:42:10.024379 [1;35m[INF][m GID 118, [arbitrator] Main chain height:  586
2019/07/19 04:42:10.607536 [1;35m[INF][m GID 71, currentHeight: 43  chainHeight: 44
2019/07/19 04:42:10.613016 [1;35m[INF][m GID 71,  [SyncSideChain] Side chain [ XZyAtNipJ7fdgBRhdzCoyS7A3PDSzR7u98 ] height:  44
2019/07/19 04:42:14.048352 [1;35m[INF][m GID 118, [arbitrator] Main chain height:  587
2019/07/19 04:42:15.536651 [1;35m[INF][m GID 120, Check and remove cross chain transactions from dbcache finished
2019/07/19 04:42:15.601916 [1;35m[INF][m GID 121, Warning side chain mining account:  EUBKBP6K2QtWQAjZXf3d3ZoKE3chGJX1zG: 0 EMp6bGXzME9uQNfUcKDHRRMqyVNnsrRE8J: 0 EL1kPYcrF9E1gcms3Tvf7Myq6fWHfaLeBu: 0 
2019/07/19 04:42:21.025220 [1;35m[INF][m GID 70, currentHeight: 166  chainHeight: 167
2019/07/19 04:42:21.041725 [1;35m[INF][m GID 70,  [SyncSideChain] Side chain [ XVfmhjxGxBKgzYxyXCJTb6YmaRfWPVunj4 ] height:  167
2019/07/19 04:42:25.155740 [1;35m[INF][m GID 118, [arbitrator] Main chain height:  588
2019/07/19 04:42:25.737056 [1;35m[INF][m GID 71, currentHeight: 44  chainHeight: 45
2019/07/19 04:42:25.763766 [1;35m[INF][m GID 71,  [SyncSideChain] Side chain [ XZyAtNipJ7fdgBRhdzCoyS7A3PDSzR7u98 ] height:  45
2019/07/19 04:42:26.040343 [1;35m[INF][m GID 69, currentHeight: 398  chainHeight: 399
2019/07/19 04:42:26.043574 [1;35m[INF][m GID 69,  [SyncSideChain] Side chain [ XKUh4GLhFJiqAMTF6HyWQrV9pK9HcGUdfJ ] height:  399
2019/07/19 04:42:27.046292 [1;35m[INF][m GID 69, currentHeight: 399  chainHeight: 400
2019/07/19 04:42:27.076282 [1;35m[INF][m GID 69,  [SyncSideChain] Side chain [ XKUh4GLhFJiqAMTF6HyWQrV9pK9HcGUdfJ ] height:  400
2019/07/19 04:42:31.199360 [1;35m[INF][m GID 118, [arbitrator] Main chain height:  589
2019/07/19 04:42:33.109216 [1;35m[INF][m GID 70, currentHeight: 167  chainHeight: 168
2019/07/19 04:42:33.123320 [1;35m[INF][m GID 70,  [SyncSideChain] Side chain [ XVfmhjxGxBKgzYxyXCJTb6YmaRfWPVunj4 ] height:  168
2019/07/19 04:42:34.124777 [1;35m[INF][m GID 70, currentHeight: 168  chainHeight: 169
2019/07/19 04:42:34.153007 [1;35m[INF][m GID 70,  [SyncSideChain] Side chain [ XVfmhjxGxBKgzYxyXCJTb6YmaRfWPVunj4 ] height:  169
2019/07/19 04:42:38.249117 [1;35m[INF][m GID 118, [arbitrator] Main chain height:  590
2019/07/19 04:42:40.122791 [1;35m[INF][m GID 69, currentHeight: 400  chainHeight: 401
2019/07/19 04:42:40.151752 [1;35m[INF][m GID 69,  [SyncSideChain] Side chain [ XKUh4GLhFJiqAMTF6HyWQrV9pK9HcGUdfJ ] height:  401
2019/07/19 04:42:40.842171 [1;35m[INF][m GID 71, currentHeight: 45  chainHeight: 46
2019/07/19 04:42:40.847467 [1;35m[INF][m GID 71,  [SyncSideChain] Side chain [ XZyAtNipJ7fdgBRhdzCoyS7A3PDSzR7u98 ] height:  46
2019/07/19 04:42:49.216633 [1;35m[INF][m GID 70, currentHeight: 169  chainHeight: 170
2019/07/19 04:42:49.224094 [1;35m[INF][m GID 70,  [SyncSideChain] Side chain [ XVfmhjxGxBKgzYxyXCJTb6YmaRfWPVunj4 ] height:  170
2019/07/19 04:42:52.336980 [1;35m[INF][m GID 118, [arbitrator] Main chain height:  591
2019/07/19 04:42:53.215962 [1;35m[INF][m GID 69, currentHeight: 401  chainHeight: 402
2019/07/19 04:42:53.222104 [1;35m[INF][m GID 69,  [SyncSideChain] Side chain [ XKUh4GLhFJiqAMTF6HyWQrV9pK9HcGUdfJ ] height:  402
2019/07/19 04:42:55.374379 [1;35m[INF][m GID 118, [arbitrator] Main chain height:  592
2019/07/19 04:42:55.905580 [1;35m[INF][m GID 71, currentHeight: 46  chainHeight: 47
2019/07/19 04:42:55.915746 [1;35m[INF][m GID 71,  [SyncSideChain] Side chain [ XZyAtNipJ7fdgBRhdzCoyS7A3PDSzR7u98 ] height:  47
2019/07/19 04:43:02.258352 [1;35m[INF][m GID 69, currentHeight: 402  chainHeight: 403
2019/07/19 04:43:02.261685 [1;35m[INF][m GID 69,  [SyncSideChain] Side chain [ XKUh4GLhFJiqAMTF6HyWQrV9pK9HcGUdfJ ] height:  403
2019/07/19 04:43:05.302022 [1;35m[INF][m GID 70, currentHeight: 170  chainHeight: 171
2019/07/19 04:43:05.305692 [1;35m[INF][m GID 70,  [SyncSideChain] Side chain [ XVfmhjxGxBKgzYxyXCJTb6YmaRfWPVunj4 ] height:  171
2019/07/19 04:43:09.434645 [1;35m[INF][m GID 118, [arbitrator] Main chain height:  593
2019/07/19 04:43:10.998801 [1;35m[INF][m GID 71, currentHeight: 47  chainHeight: 48
2019/07/19 04:43:11.005143 [1;35m[INF][m GID 71,  [SyncSideChain] Side chain [ XZyAtNipJ7fdgBRhdzCoyS7A3PDSzR7u98 ] height:  48
2019/07/19 04:43:11.318136 [1;35m[INF][m GID 69, currentHeight: 403  chainHeight: 404
2019/07/19 04:43:11.322537 [1;35m[INF][m GID 69,  [SyncSideChain] Side chain [ XKUh4GLhFJiqAMTF6HyWQrV9pK9HcGUdfJ ] height:  404
2019/07/19 04:43:14.347184 [1;35m[INF][m GID 70, currentHeight: 171  chainHeight: 172
2019/07/19 04:43:14.392398 [1;35m[INF][m GID 70,  [SyncSideChain] Side chain [ XVfmhjxGxBKgzYxyXCJTb6YmaRfWPVunj4 ] height:  172
2019/07/19 04:43:15.537256 [1;35m[INF][m GID 120, Check and remove cross chain transactions from dbcache finished
2019/07/19 04:43:15.626313 [1;35m[INF][m GID 121, Warning side chain mining account:  EUBKBP6K2QtWQAjZXf3d3ZoKE3chGJX1zG: 0 EMp6bGXzME9uQNfUcKDHRRMqyVNnsrRE8J: 0 EL1kPYcrF9E1gcms3Tvf7Myq6fWHfaLeBu: 0 
2019/07/19 04:43:16.500251 [1;35m[INF][m GID 118, [arbitrator] Main chain height:  594
2019/07/19 04:43:18.343736 [1;35m[INF][m GID 69, currentHeight: 404  chainHeight: 405
2019/07/19 04:43:18.403171 [1;35m[INF][m GID 69,  [SyncSideChain] Side chain [ XKUh4GLhFJiqAMTF6HyWQrV9pK9HcGUdfJ ] height:  405
2019/07/19 04:43:20.431625 [1;35m[INF][m GID 69, currentHeight: 405  chainHeight: 406
2019/07/19 04:43:20.441330 [1;35m[INF][m GID 69,  [SyncSideChain] Side chain [ XKUh4GLhFJiqAMTF6HyWQrV9pK9HcGUdfJ ] height:  406
2019/07/19 04:43:24.468944 [1;35m[INF][m GID 69, currentHeight: 406  chainHeight: 407
2019/07/19 04:43:24.473626 [1;35m[INF][m GID 69,  [SyncSideChain] Side chain [ XKUh4GLhFJiqAMTF6HyWQrV9pK9HcGUdfJ ] height:  407
2019/07/19 04:43:25.071018 [1;35m[INF][m GID 71, currentHeight: 48  chainHeight: 49
2019/07/19 04:43:25.078636 [1;35m[INF][m GID 71,  [SyncSideChain] Side chain [ XZyAtNipJ7fdgBRhdzCoyS7A3PDSzR7u98 ] height:  49
2019/07/19 04:43:26.458793 [1;35m[INF][m GID 70, currentHeight: 172  chainHeight: 174
2019/07/19 04:43:26.495644 [1;35m[INF][m GID 70,  [SyncSideChain] Side chain [ XVfmhjxGxBKgzYxyXCJTb6YmaRfWPVunj4 ] height:  174
2019/07/19 04:43:34.499557 [1;35m[INF][m GID 69, currentHeight: 407  chainHeight: 408
2019/07/19 04:43:34.504172 [1;35m[INF][m GID 69,  [SyncSideChain] Side chain [ XKUh4GLhFJiqAMTF6HyWQrV9pK9HcGUdfJ ] height:  408
2019/07/19 04:43:34.574917 [1;35m[INF][m GID 118, [arbitrator] Main chain height:  595
2019/07/19 04:43:39.532698 [1;35m[INF][m GID 70, currentHeight: 174  chainHeight: 175
2019/07/19 04:43:39.537060 [1;35m[INF][m GID 70,  [SyncSideChain] Side chain [ XVfmhjxGxBKgzYxyXCJTb6YmaRfWPVunj4 ] height:  175
2019/07/19 04:43:40.152152 [1;35m[INF][m GID 71, currentHeight: 49  chainHeight: 50
2019/07/19 04:43:40.159960 [1;35m[INF][m GID 71,  [SyncSideChain] Side chain [ XZyAtNipJ7fdgBRhdzCoyS7A3PDSzR7u98 ] height:  50
2019/07/19 04:43:42.541837 [1;35m[INF][m GID 69, currentHeight: 408  chainHeight: 409
2019/07/19 04:43:42.545804 [1;35m[INF][m GID 69,  [SyncSideChain] Side chain [ XKUh4GLhFJiqAMTF6HyWQrV9pK9HcGUdfJ ] height:  409
2019/07/19 04:43:43.627666 [1;35m[INF][m GID 118, [arbitrator] Main chain height:  596
2019/07/19 04:43:44.597448 [1;35m[INF][m GID 70, currentHeight: 175  chainHeight: 176
2019/07/19 04:43:44.605578 [1;35m[INF][m GID 70,  [SyncSideChain] Side chain [ XVfmhjxGxBKgzYxyXCJTb6YmaRfWPVunj4 ] height:  176
2019/07/19 04:43:47.623948 [1;35m[INF][m GID 70, currentHeight: 176  chainHeight: 177
2019/07/19 04:43:47.631735 [1;35m[INF][m GID 70,  [SyncSideChain] Side chain [ XVfmhjxGxBKgzYxyXCJTb6YmaRfWPVunj4 ] height:  177
2019/07/19 04:43:47.658151 [1;35m[INF][m GID 118, [arbitrator] Main chain height:  597
2019/07/19 04:43:55.227503 [1;35m[INF][m GID 71, currentHeight: 50  chainHeight: 51
2019/07/19 04:43:55.256889 [1;35m[INF][m GID 71,  [SyncSideChain] Side chain [ XZyAtNipJ7fdgBRhdzCoyS7A3PDSzR7u98 ] height:  51
2019/07/19 04:43:56.706044 [1;35m[INF][m GID 118, [arbitrator] Main chain height:  598
2019/07/19 04:43:59.700377 [1;35m[INF][m GID 70, currentHeight: 177  chainHeight: 178
2019/07/19 04:43:59.705463 [1;35m[INF][m GID 70,  [SyncSideChain] Side chain [ XVfmhjxGxBKgzYxyXCJTb6YmaRfWPVunj4 ] height:  178
2019/07/19 04:44:00.640517 [1;35m[INF][m GID 69, currentHeight: 409  chainHeight: 410
2019/07/19 04:44:00.645832 [1;35m[INF][m GID 69,  [SyncSideChain] Side chain [ XKUh4GLhFJiqAMTF6HyWQrV9pK9HcGUdfJ ] height:  410
2019/07/19 04:44:01.761795 [1;35m[INF][m GID 118, [arbitrator] Main chain height:  599
2019/07/19 04:44:07.688053 [1;35m[INF][m GID 69, currentHeight: 410  chainHeight: 411
2019/07/19 04:44:07.700098 [1;35m[INF][m GID 69,  [SyncSideChain] Side chain [ XKUh4GLhFJiqAMTF6HyWQrV9pK9HcGUdfJ ] height:  411
2019/07/19 04:44:10.345329 [1;35m[INF][m GID 71, currentHeight: 51  chainHeight: 52
2019/07/19 04:44:10.352299 [1;35m[INF][m GID 71,  [SyncSideChain] Side chain [ XZyAtNipJ7fdgBRhdzCoyS7A3PDSzR7u98 ] height:  52
2019/07/19 04:44:11.704809 [1;35m[INF][m GID 69, currentHeight: 411  chainHeight: 412
2019/07/19 04:44:11.711235 [1;35m[INF][m GID 69,  [SyncSideChain] Side chain [ XKUh4GLhFJiqAMTF6HyWQrV9pK9HcGUdfJ ] height:  412
2019/07/19 04:44:15.537524 [1;35m[INF][m GID 120, Check and remove cross chain transactions from dbcache finished
2019/07/19 04:44:15.638796 [1;35m[INF][m GID 121, Warning side chain mining account:  EUBKBP6K2QtWQAjZXf3d3ZoKE3chGJX1zG: 0 EMp6bGXzME9uQNfUcKDHRRMqyVNnsrRE8J: 0 EL1kPYcrF9E1gcms3Tvf7Myq6fWHfaLeBu: 0 
2019/07/19 04:44:20.869463 [1;35m[INF][m GID 118, [arbitrator] Main chain height:  600
2019/07/19 04:44:25.432789 [1;35m[INF][m GID 71, currentHeight: 52  chainHeight: 53
2019/07/19 04:44:25.439735 [1;35m[INF][m GID 71,  [SyncSideChain] Side chain [ XZyAtNipJ7fdgBRhdzCoyS7A3PDSzR7u98 ] height:  53
2019/07/19 04:44:25.804809 [1;35m[INF][m GID 69, currentHeight: 412  chainHeight: 413
2019/07/19 04:44:25.812021 [1;35m[INF][m GID 69,  [SyncSideChain] Side chain [ XKUh4GLhFJiqAMTF6HyWQrV9pK9HcGUdfJ ] height:  413
2019/07/19 04:44:27.816569 [1;35m[INF][m GID 69, currentHeight: 413  chainHeight: 414
2019/07/19 04:44:27.820496 [1;35m[INF][m GID 69,  [SyncSideChain] Side chain [ XKUh4GLhFJiqAMTF6HyWQrV9pK9HcGUdfJ ] height:  414
2019/07/19 04:44:32.903996 [1;35m[INF][m GID 70, currentHeight: 178  chainHeight: 179
2019/07/19 04:44:32.921385 [1;35m[INF][m GID 70,  [SyncSideChain] Side chain [ XVfmhjxGxBKgzYxyXCJTb6YmaRfWPVunj4 ] height:  179
2019/07/19 04:44:37.933412 [1;35m[INF][m GID 70, currentHeight: 179  chainHeight: 180
2019/07/19 04:44:37.944284 [1;35m[INF][m GID 70,  [SyncSideChain] Side chain [ XVfmhjxGxBKgzYxyXCJTb6YmaRfWPVunj4 ] height:  180
2019/07/19 04:44:38.326349 [1;35m[INF][m GID 69, currentHeight: 414  chainHeight: 415
2019/07/19 04:44:38.329459 [1;35m[INF][m GID 69,  [SyncSideChain] Side chain [ XKUh4GLhFJiqAMTF6HyWQrV9pK9HcGUdfJ ] height:  415
2019/07/19 04:44:40.536210 [1;35m[INF][m GID 71, currentHeight: 53  chainHeight: 54
2019/07/19 04:44:40.542401 [1;35m[INF][m GID 71,  [SyncSideChain] Side chain [ XZyAtNipJ7fdgBRhdzCoyS7A3PDSzR7u98 ] height:  54
2019/07/19 04:44:42.344068 [1;35m[INF][m GID 69, currentHeight: 415  chainHeight: 416
2019/07/19 04:44:42.349235 [1;35m[INF][m GID 69,  [SyncSideChain] Side chain [ XKUh4GLhFJiqAMTF6HyWQrV9pK9HcGUdfJ ] height:  416
2019/07/19 04:44:42.678566 [1;35m[INF][m GID 90, [Notify-Deposit] find deposit transaction and add into channel, transaction hash: 9c4075b262b323e048dc22f5dd69414aa5ea4942b89c0ca12c0fa79a10bf9bb0
2019/07/19 04:44:42.678598 [1;35m[INF][m GID 116, [DepositListener] len tasks: 1
2019/07/19 04:44:42.678668 [1;35m[INF][m GID 116, [Notify-Process] deal with 1 transactions
2019/07/19 04:44:42.729532 [1;33m[WRN][m GID 116, [Notify-Process] i am not onduty
2019/07/19 04:44:43.352518 [1;35m[INF][m GID 118, [arbitrator] Main chain height:  601
2019/07/19 04:44:53.392524 [1;35m[INF][m GID 69, currentHeight: 416  chainHeight: 417
2019/07/19 04:44:53.399080 [1;35m[INF][m GID 69,  [SyncSideChain] Side chain [ XKUh4GLhFJiqAMTF6HyWQrV9pK9HcGUdfJ ] height:  417
2019/07/19 04:44:55.636720 [1;35m[INF][m GID 71, currentHeight: 54  chainHeight: 55
2019/07/19 04:44:55.643849 [1;35m[INF][m GID 71,  [SyncSideChain] Side chain [ XZyAtNipJ7fdgBRhdzCoyS7A3PDSzR7u98 ] height:  55
2019/07/19 04:44:56.401457 [1;35m[INF][m GID 118, [arbitrator] Main chain height:  602
2019/07/19 04:45:00.418241 [1;35m[INF][m GID 69, currentHeight: 417  chainHeight: 418
2019/07/19 04:45:00.422213 [1;35m[INF][m GID 69,  [SyncSideChain] Side chain [ XKUh4GLhFJiqAMTF6HyWQrV9pK9HcGUdfJ ] height:  418
2019/07/19 04:45:03.435256 [1;35m[INF][m GID 118, [arbitrator] Main chain height:  603
2019/07/19 04:45:10.705156 [1;35m[INF][m GID 71, currentHeight: 55  chainHeight: 56
2019/07/19 04:45:10.725054 [1;35m[INF][m GID 71,  [SyncSideChain] Side chain [ XZyAtNipJ7fdgBRhdzCoyS7A3PDSzR7u98 ] height:  56
2019/07/19 04:45:15.556804 [1;35m[INF][m GID 120, Check and remove cross chain transactions from dbcache finished
2019/07/19 04:45:15.643803 [1;35m[INF][m GID 121, Warning side chain mining account:  EUBKBP6K2QtWQAjZXf3d3ZoKE3chGJX1zG: 0 EMp6bGXzME9uQNfUcKDHRRMqyVNnsrRE8J: 0 EL1kPYcrF9E1gcms3Tvf7Myq6fWHfaLeBu: 0 
2019/07/19 04:45:17.496415 [1;35m[INF][m GID 69, currentHeight: 418  chainHeight: 420
2019/07/19 04:45:17.506002 [1;35m[INF][m GID 69,  [SyncSideChain] Side chain [ XKUh4GLhFJiqAMTF6HyWQrV9pK9HcGUdfJ ] height:  420
2019/07/19 04:45:18.124210 [1;35m[INF][m GID 70, currentHeight: 180  chainHeight: 181
2019/07/19 04:45:18.127856 [1;35m[INF][m GID 70,  [SyncSideChain] Side chain [ XVfmhjxGxBKgzYxyXCJTb6YmaRfWPVunj4 ] height:  181
2019/07/19 04:45:20.533139 [1;35m[INF][m GID 118, [arbitrator] Main chain height:  604
2019/07/19 04:45:24.551166 [1;35m[INF][m GID 69, currentHeight: 420  chainHeight: 421
2019/07/19 04:45:24.555838 [1;35m[INF][m GID 69,  [SyncSideChain] Side chain [ XKUh4GLhFJiqAMTF6HyWQrV9pK9HcGUdfJ ] height:  421
2019/07/19 04:45:25.801912 [1;35m[INF][m GID 71, currentHeight: 56  chainHeight: 57
2019/07/19 04:45:25.807658 [1;35m[INF][m GID 71,  [SyncSideChain] Side chain [ XZyAtNipJ7fdgBRhdzCoyS7A3PDSzR7u98 ] height:  57
2019/07/19 04:45:33.576483 [1;35m[INF][m GID 69, currentHeight: 421  chainHeight: 422
2019/07/19 04:45:33.603722 [1;35m[INF][m GID 69,  [SyncSideChain] Side chain [ XKUh4GLhFJiqAMTF6HyWQrV9pK9HcGUdfJ ] height:  422
2019/07/19 04:45:40.875706 [1;35m[INF][m GID 71, currentHeight: 57  chainHeight: 58
2019/07/19 04:45:40.882204 [1;35m[INF][m GID 71,  [SyncSideChain] Side chain [ XZyAtNipJ7fdgBRhdzCoyS7A3PDSzR7u98 ] height:  58
2019/07/19 04:45:41.625652 [1;35m[INF][m GID 118, [arbitrator] Main chain height:  605
2019/07/19 04:45:44.650824 [1;35m[INF][m GID 69, currentHeight: 422  chainHeight: 423
2019/07/19 04:45:44.655529 [1;35m[INF][m GID 69,  [SyncSideChain] Side chain [ XKUh4GLhFJiqAMTF6HyWQrV9pK9HcGUdfJ ] height:  423
2019/07/19 04:45:45.656297 [1;35m[INF][m GID 69, currentHeight: 423  chainHeight: 424
2019/07/19 04:45:45.667779 [1;35m[INF][m GID 69,  [SyncSideChain] Side chain [ XKUh4GLhFJiqAMTF6HyWQrV9pK9HcGUdfJ ] height:  424
2019/07/19 04:45:49.266873 [1;35m[INF][m GID 70, currentHeight: 181  chainHeight: 182
2019/07/19 04:45:49.273652 [1;35m[INF][m GID 70,  [SyncSideChain] Side chain [ XVfmhjxGxBKgzYxyXCJTb6YmaRfWPVunj4 ] height:  182
2019/07/19 04:45:53.711600 [1;35m[INF][m GID 118, [arbitrator] Main chain height:  606
2019/07/19 04:45:54.692205 [1;35m[INF][m GID 69, currentHeight: 424  chainHeight: 425
2019/07/19 04:45:54.702975 [1;35m[INF][m GID 69,  [SyncSideChain] Side chain [ XKUh4GLhFJiqAMTF6HyWQrV9pK9HcGUdfJ ] height:  425
2019/07/19 04:45:55.717332 [1;35m[INF][m GID 118, [arbitrator] Main chain height:  607
2019/07/19 04:45:55.963673 [1;35m[INF][m GID 71, currentHeight: 58  chainHeight: 59
2019/07/19 04:45:55.970964 [1;35m[INF][m GID 71,  [SyncSideChain] Side chain [ XZyAtNipJ7fdgBRhdzCoyS7A3PDSzR7u98 ] height:  59
2019/07/19 04:46:06.776325 [1;35m[INF][m GID 69, currentHeight: 425  chainHeight: 427
2019/07/19 04:46:06.780011 [1;35m[INF][m GID 69,  [SyncSideChain] Side chain [ XKUh4GLhFJiqAMTF6HyWQrV9pK9HcGUdfJ ] height:  427
2019/07/19 04:46:10.035736 [1;35m[INF][m GID 71, currentHeight: 59  chainHeight: 60
2019/07/19 04:46:10.047243 [1;35m[INF][m GID 71,  [SyncSideChain] Side chain [ XZyAtNipJ7fdgBRhdzCoyS7A3PDSzR7u98 ] height:  60
2019/07/19 04:46:12.801369 [1;35m[INF][m GID 69, currentHeight: 427  chainHeight: 428
2019/07/19 04:46:12.804920 [1;35m[INF][m GID 69,  [SyncSideChain] Side chain [ XKUh4GLhFJiqAMTF6HyWQrV9pK9HcGUdfJ ] height:  428
2019/07/19 04:46:13.833151 [1;35m[INF][m GID 118, [arbitrator] Main chain height:  608
2019/07/19 04:46:15.562959 [1;35m[INF][m GID 120, Check and remove cross chain transactions from dbcache finished
2019/07/19 04:46:15.647446 [1;35m[INF][m GID 121, Warning side chain mining account:  EUBKBP6K2QtWQAjZXf3d3ZoKE3chGJX1zG: 0 EMp6bGXzME9uQNfUcKDHRRMqyVNnsrRE8J: 0 EL1kPYcrF9E1gcms3Tvf7Myq6fWHfaLeBu: 0 
2019/07/19 04:46:21.416556 [1;35m[INF][m GID 70, currentHeight: 182  chainHeight: 183
2019/07/19 04:46:21.420178 [1;35m[INF][m GID 70,  [SyncSideChain] Side chain [ XVfmhjxGxBKgzYxyXCJTb6YmaRfWPVunj4 ] height:  183
2019/07/19 04:46:23.894723 [1;35m[INF][m GID 118, [arbitrator] Main chain height:  609
2019/07/19 04:46:25.118998 [1;35m[INF][m GID 71, currentHeight: 60  chainHeight: 61
2019/07/19 04:46:25.124543 [1;35m[INF][m GID 71,  [SyncSideChain] Side chain [ XZyAtNipJ7fdgBRhdzCoyS7A3PDSzR7u98 ] height:  61
2019/07/19 04:46:26.917129 [1;35m[INF][m GID 118, [arbitrator] Main chain height:  610
2019/07/19 04:46:29.867807 [1;35m[INF][m GID 69, currentHeight: 428  chainHeight: 429
2019/07/19 04:46:29.871228 [1;35m[INF][m GID 69,  [SyncSideChain] Side chain [ XKUh4GLhFJiqAMTF6HyWQrV9pK9HcGUdfJ ] height:  429
2019/07/19 04:46:30.942558 [1;35m[INF][m GID 118, [arbitrator] Main chain height:  611
2019/07/19 04:46:32.893744 [1;35m[INF][m GID 69, currentHeight: 429  chainHeight: 430
2019/07/19 04:46:32.897225 [1;35m[INF][m GID 69,  [SyncSideChain] Side chain [ XKUh4GLhFJiqAMTF6HyWQrV9pK9HcGUdfJ ] height:  430
2019/07/19 04:46:40.189924 [1;35m[INF][m GID 71, currentHeight: 61  chainHeight: 62
2019/07/19 04:46:40.196834 [1;35m[INF][m GID 71,  [SyncSideChain] Side chain [ XZyAtNipJ7fdgBRhdzCoyS7A3PDSzR7u98 ] height:  62
2019/07/19 04:46:40.494678 [1;35m[INF][m GID 70, currentHeight: 183  chainHeight: 184
2019/07/19 04:46:40.508282 [1;35m[INF][m GID 70,  [SyncSideChain] Side chain [ XVfmhjxGxBKgzYxyXCJTb6YmaRfWPVunj4 ] height:  184
2019/07/19 04:46:46.986378 [1;35m[INF][m GID 69, currentHeight: 430  chainHeight: 431
2019/07/19 04:46:46.991294 [1;35m[INF][m GID 69,  [SyncSideChain] Side chain [ XKUh4GLhFJiqAMTF6HyWQrV9pK9HcGUdfJ ] height:  431
2019/07/19 04:46:53.039390 [1;35m[INF][m GID 118, [arbitrator] Main chain height:  612
2019/07/19 04:46:55.042889 [1;35m[INF][m GID 69, currentHeight: 431  chainHeight: 432
2019/07/19 04:46:55.047083 [1;35m[INF][m GID 69,  [SyncSideChain] Side chain [ XKUh4GLhFJiqAMTF6HyWQrV9pK9HcGUdfJ ] height:  432
2019/07/19 04:46:55.278397 [1;35m[INF][m GID 71, currentHeight: 62  chainHeight: 63
2019/07/19 04:46:55.284603 [1;35m[INF][m GID 71,  [SyncSideChain] Side chain [ XZyAtNipJ7fdgBRhdzCoyS7A3PDSzR7u98 ] height:  63
2019/07/19 04:46:58.064080 [1;35m[INF][m GID 118, [arbitrator] Main chain height:  613
2019/07/19 04:47:06.606104 [1;35m[INF][m GID 70, currentHeight: 184  chainHeight: 185
2019/07/19 04:47:06.613276 [1;35m[INF][m GID 70,  [SyncSideChain] Side chain [ XVfmhjxGxBKgzYxyXCJTb6YmaRfWPVunj4 ] height:  185
2019/07/19 04:47:09.195681 [1;35m[INF][m GID 118, [arbitrator] Main chain height:  614
2019/07/19 04:47:10.359784 [1;35m[INF][m GID 71, currentHeight: 63  chainHeight: 64
2019/07/19 04:47:10.370023 [1;35m[INF][m GID 71,  [SyncSideChain] Side chain [ XZyAtNipJ7fdgBRhdzCoyS7A3PDSzR7u98 ] height:  64
2019/07/19 04:47:15.567406 [1;35m[INF][m GID 120, Check and remove cross chain transactions from dbcache finished
2019/07/19 04:47:15.650321 [1;35m[INF][m GID 121, Warning side chain mining account:  EUBKBP6K2QtWQAjZXf3d3ZoKE3chGJX1zG: 0 EMp6bGXzME9uQNfUcKDHRRMqyVNnsrRE8J: 0 EL1kPYcrF9E1gcms3Tvf7Myq6fWHfaLeBu: 0 
2019/07/19 04:47:16.212782 [1;35m[INF][m GID 118, [arbitrator] Main chain height:  615
2019/07/19 04:47:18.145960 [1;35m[INF][m GID 69, currentHeight: 432  chainHeight: 433
2019/07/19 04:47:18.150230 [1;35m[INF][m GID 69,  [SyncSideChain] Side chain [ XKUh4GLhFJiqAMTF6HyWQrV9pK9HcGUdfJ ] height:  433
2019/07/19 04:47:20.992999 [1;35m[INF][m GID 70, currentHeight: 185  chainHeight: 186
2019/07/19 04:47:20.997634 [1;35m[INF][m GID 70,  [SyncSideChain] Side chain [ XVfmhjxGxBKgzYxyXCJTb6YmaRfWPVunj4 ] height:  186
2019/07/19 04:47:25.446260 [1;35m[INF][m GID 71, currentHeight: 64  chainHeight: 65
2019/07/19 04:47:25.454119 [1;35m[INF][m GID 71,  [SyncSideChain] Side chain [ XZyAtNipJ7fdgBRhdzCoyS7A3PDSzR7u98 ] height:  65
2019/07/19 04:47:26.171105 [1;35m[INF][m GID 69, currentHeight: 433  chainHeight: 434
2019/07/19 04:47:26.175214 [1;35m[INF][m GID 69,  [SyncSideChain] Side chain [ XKUh4GLhFJiqAMTF6HyWQrV9pK9HcGUdfJ ] height:  434
2019/07/19 04:47:27.020546 [1;35m[INF][m GID 70, currentHeight: 186  chainHeight: 187
2019/07/19 04:47:27.033339 [1;35m[INF][m GID 70,  [SyncSideChain] Side chain [ XVfmhjxGxBKgzYxyXCJTb6YmaRfWPVunj4 ] height:  187
2019/07/19 04:47:34.207214 [1;35m[INF][m GID 69, currentHeight: 434  chainHeight: 435
2019/07/19 04:47:34.210465 [1;35m[INF][m GID 69,  [SyncSideChain] Side chain [ XKUh4GLhFJiqAMTF6HyWQrV9pK9HcGUdfJ ] height:  435
2019/07/19 04:47:34.338748 [1;35m[INF][m GID 118, [arbitrator] Main chain height:  616
2019/07/19 04:47:40.514106 [1;35m[INF][m GID 71, currentHeight: 65  chainHeight: 66
2019/07/19 04:47:40.548582 [1;35m[INF][m GID 71,  [SyncSideChain] Side chain [ XZyAtNipJ7fdgBRhdzCoyS7A3PDSzR7u98 ] height:  66
2019/07/19 04:47:41.434200 [1;35m[INF][m GID 118, [arbitrator] Main chain height:  617
2019/07/19 04:47:50.477210 [1;35m[INF][m GID 118, [arbitrator] Main chain height:  618
2019/07/19 04:47:51.150554 [1;35m[INF][m GID 70, currentHeight: 187  chainHeight: 188
2019/07/19 04:47:51.157497 [1;35m[INF][m GID 70,  [SyncSideChain] Side chain [ XVfmhjxGxBKgzYxyXCJTb6YmaRfWPVunj4 ] height:  188
2019/07/19 04:47:51.261975 [1;35m[INF][m GID 69, currentHeight: 435  chainHeight: 436
2019/07/19 04:47:51.276241 [1;35m[INF][m GID 69,  [SyncSideChain] Side chain [ XKUh4GLhFJiqAMTF6HyWQrV9pK9HcGUdfJ ] height:  436
2019/07/19 04:47:55.612800 [1;35m[INF][m GID 71, currentHeight: 66  chainHeight: 67
2019/07/19 04:47:55.619763 [1;35m[INF][m GID 71,  [SyncSideChain] Side chain [ XZyAtNipJ7fdgBRhdzCoyS7A3PDSzR7u98 ] height:  67
2019/07/19 04:47:57.508938 [1;35m[INF][m GID 118, [arbitrator] Main chain height:  619
2019/07/19 04:48:00.211363 [1;35m[INF][m GID 69, currentHeight: 436  chainHeight: 437
2019/07/19 04:48:00.215727 [1;35m[INF][m GID 69,  [SyncSideChain] Side chain [ XKUh4GLhFJiqAMTF6HyWQrV9pK9HcGUdfJ ] height:  437
2019/07/19 04:48:01.207115 [1;35m[INF][m GID 70, currentHeight: 188  chainHeight: 189
2019/07/19 04:48:01.211669 [1;35m[INF][m GID 70,  [SyncSideChain] Side chain [ XVfmhjxGxBKgzYxyXCJTb6YmaRfWPVunj4 ] height:  189
2019/07/19 04:48:02.214501 [1;35m[INF][m GID 70, currentHeight: 189  chainHeight: 190
2019/07/19 04:48:02.226330 [1;35m[INF][m GID 70,  [SyncSideChain] Side chain [ XVfmhjxGxBKgzYxyXCJTb6YmaRfWPVunj4 ] height:  190
