2019/03/28 21:06:43.923319 [1;35m[INF][m GID 1, Init wallet.
2019/03/28 21:06:43.931270 [1;35m[INF][m GID 1, Arbiter version:  a033
2019/03/28 21:06:43.931306 [1;35m[INF][m GID 1, 1. Init chain utxo cache.
2019/03/28 21:06:43.945863 [1;35m[INF][m GID 1, 2. Init finished transaction cache.
2019/03/28 21:06:43.946253 [1;35m[INF][m GID 1, 3. Start arbitrator P2P networks.
2019/03/28 21:06:43.949323 [1;35m[INF][m GID 1, 4. Init configurations.
2019/03/28 21:06:43.952031 [1;35m[INF][m GID 43, currentHeight: 179  chainHeight: 185
2019/03/28 21:06:43.952401 [1;35m[INF][m GID 1, [arbitrator] Main chain height:  412
2019/03/28 21:06:43.953568 [1;35m[INF][m GID 1, [processBlock] block height: 404 current height: 404
2019/03/28 21:06:43.953904 [1;35m[INF][m GID 1, Side chain [ XKUh4GLhFJiqAMTF6HyWQrV9pK9HcGUdfJ ] SetLastUsedUtxoHeight  404
2019/03/28 21:06:43.954204 [1;32m[DBG][m GID 43, github.com/elastos/Elastos.ELA.Arbiter/rpc.GetWithdrawTransactionByHeight jsonrpc.go:172 [GetWithdrawTransactionByHeight] len transactions: 0 transactions: []
2019/03/28 21:06:43.954692 [1;32m[DBG][m GID 43, github.com/elastos/Elastos.ELA.Arbiter/rpc.GetWithdrawTransactionByHeight jsonrpc.go:172 [GetWithdrawTransactionByHeight] len transactions: 0 transactions: []
2019/03/28 21:06:43.955122 [1;32m[DBG][m GID 43, github.com/elastos/Elastos.ELA.Arbiter/rpc.GetWithdrawTransactionByHeight jsonrpc.go:172 [GetWithdrawTransactionByHeight] len transactions: 0 transactions: []
2019/03/28 21:06:43.955510 [1;32m[DBG][m GID 43, github.com/elastos/Elastos.ELA.Arbiter/rpc.GetWithdrawTransactionByHeight jsonrpc.go:172 [GetWithdrawTransactionByHeight] len transactions: 0 transactions: []
2019/03/28 21:06:43.955887 [1;32m[DBG][m GID 43, github.com/elastos/Elastos.ELA.Arbiter/rpc.GetWithdrawTransactionByHeight jsonrpc.go:172 [GetWithdrawTransactionByHeight] len transactions: 0 transactions: []
2019/03/28 21:06:43.956238 [1;32m[DBG][m GID 43, github.com/elastos/Elastos.ELA.Arbiter/rpc.GetWithdrawTransactionByHeight jsonrpc.go:172 [GetWithdrawTransactionByHeight] len transactions: 0 transactions: []
2019/03/28 21:06:43.959532 [1;35m[INF][m GID 43,  [SyncSideChain] Side chain [ XKUh4GLhFJiqAMTF6HyWQrV9pK9HcGUdfJ ] height:  185
2019/03/28 21:06:43.983428 [1;35m[INF][m GID 1, [processBlock] block height: 405 current height: 405
2019/03/28 21:06:43.983925 [1;35m[INF][m GID 1, Side chain [ XKUh4GLhFJiqAMTF6HyWQrV9pK9HcGUdfJ ] SetLastUsedUtxoHeight  405
2019/03/28 21:06:43.985492 [1;35m[INF][m GID 1, [processBlock] block height: 406 current height: 406
2019/03/28 21:06:43.985752 [1;35m[INF][m GID 1, Side chain [ XKUh4GLhFJiqAMTF6HyWQrV9pK9HcGUdfJ ] SetLastUsedUtxoHeight  406
2019/03/28 21:06:43.986608 [1;35m[INF][m GID 1, [processBlock] block height: 407 current height: 407
2019/03/28 21:06:43.986847 [1;35m[INF][m GID 1, Side chain [ XKUh4GLhFJiqAMTF6HyWQrV9pK9HcGUdfJ ] SetLastUsedUtxoHeight  407
2019/03/28 21:06:43.989258 [1;35m[INF][m GID 1, [processBlock] block height: 408 current height: 408
2019/03/28 21:06:43.989701 [1;35m[INF][m GID 1, Side chain [ XKUh4GLhFJiqAMTF6HyWQrV9pK9HcGUdfJ ] SetLastUsedUtxoHeight  408
2019/03/28 21:06:43.992306 [1;35m[INF][m GID 1, [processBlock] block height: 409 current height: 409
2019/03/28 21:06:43.992751 [1;35m[INF][m GID 1, Side chain [ XKUh4GLhFJiqAMTF6HyWQrV9pK9HcGUdfJ ] SetLastUsedUtxoHeight  409
2019/03/28 21:06:44.001824 [1;35m[INF][m GID 1, [processBlock] block height: 410 current height: 410
2019/03/28 21:06:44.002735 [1;35m[INF][m GID 1, Side chain [ XKUh4GLhFJiqAMTF6HyWQrV9pK9HcGUdfJ ] SetLastUsedUtxoHeight  410
2019/03/28 21:06:44.016496 [1;35m[INF][m GID 1, [processBlock] block height: 411 current height: 411
2019/03/28 21:06:44.016811 [1;35m[INF][m GID 1, Side chain [ XKUh4GLhFJiqAMTF6HyWQrV9pK9HcGUdfJ ] SetLastUsedUtxoHeight  411
2019/03/28 21:06:44.025125 [1;35m[INF][m GID 1, [processBlock] block height: 412 current height: 412
2019/03/28 21:06:44.025663 [1;35m[INF][m GID 1, Side chain [ XKUh4GLhFJiqAMTF6HyWQrV9pK9HcGUdfJ ] SetLastUsedUtxoHeight  412
2019/03/28 21:06:44.031372 [1;32m[DBG][m GID 1, github.com/elastos/Elastos.ELA.Arbiter/arbitration/mainchain.(*MainChainImpl).SyncChainData mainchainImpl.go:273 No need sync, chain height: 412 current height: 412
2019/03/28 21:06:44.034252 [1;35m[INF][m GID 1, 5. Start arbitrator spv module.
2019/03/28 21:06:44.034343 [1;35m[INF][m GID 1, [StartSpvModule] new spv service: &{elastos_arbiter/data/spv 7630401 ENqDYUYURsHpp1wQ8LBdTLba4JhEvSDXEw [127.0.0.1:20338 127.0.0.1:21338 127.0.0.1:22338] 20338 4 100 <nil>}
2019/03/28 21:06:44.082440 [1;35m[INF][m GID 1, [StartSpvModule] register auxpow listener: ENG8Htd1wmmdeLMqivVgE5aeGHNjutQxhx
2019/03/28 21:06:44.082562 [1;35m[INF][m GID 1, [StartSpvModule] register dposit listener: XKUh4GLhFJiqAMTF6HyWQrV9pK9HcGUdfJ
2019/03/28 21:06:44.082630 [1;35m[INF][m GID 1, 6. Start arbitrator group monitor.
2019/03/28 21:06:44.082652 [1;35m[INF][m GID 1, 7. Start servers.
2019/03/28 21:06:44.082668 [1;35m[INF][m GID 1, 8. Start check and remove cross chain transactions from db.
2019/03/28 21:06:44.082685 [1;35m[INF][m GID 1, 9. Start side chain account divide.
2019/03/28 21:06:44.083059 [1;35m[INF][m GID 120, Check and remove cross chain transactions from dbcache finished
2019/03/28 21:06:45.084584 [1;35m[INF][m GID 118, [arbitrator] Main chain height:  413
2019/03/28 21:06:45.085494 [1;35m[INF][m GID 118, [processBlock] block height: 413 current height: 413
2019/03/28 21:06:45.085768 [1;35m[INF][m GID 118, Side chain [ XKUh4GLhFJiqAMTF6HyWQrV9pK9HcGUdfJ ] SetLastUsedUtxoHeight  413
2019/03/28 21:06:45.092014 [1;32m[DBG][m GID 118, github.com/elastos/Elastos.ELA.Arbiter/arbitration/mainchain.(*MainChainImpl).SyncChainData mainchainImpl.go:273 No need sync, chain height: 413 current height: 413
2019/03/28 21:06:48.101449 [1;35m[INF][m GID 118, [arbitrator] Main chain height:  414
2019/03/28 21:06:48.102186 [1;35m[INF][m GID 118, [processBlock] block height: 414 current height: 414
2019/03/28 21:06:48.106933 [1;35m[INF][m GID 118, Side chain [ XKUh4GLhFJiqAMTF6HyWQrV9pK9HcGUdfJ ] SetLastUsedUtxoHeight  414
2019/03/28 21:06:48.112417 [1;32m[DBG][m GID 118, github.com/elastos/Elastos.ELA.Arbiter/arbitration/mainchain.(*MainChainImpl).SyncChainData mainchainImpl.go:273 No need sync, chain height: 414 current height: 414
2019/03/28 21:06:53.004527 [1;35m[INF][m GID 43, currentHeight: 185  chainHeight: 186
2019/03/28 21:06:53.005813 [1;32m[DBG][m GID 43, github.com/elastos/Elastos.ELA.Arbiter/rpc.GetWithdrawTransactionByHeight jsonrpc.go:172 [GetWithdrawTransactionByHeight] len transactions: 0 transactions: []
2019/03/28 21:06:53.008661 [1;35m[INF][m GID 43,  [SyncSideChain] Side chain [ XKUh4GLhFJiqAMTF6HyWQrV9pK9HcGUdfJ ] height:  186
2019/03/28 21:06:56.165449 [1;35m[INF][m GID 118, [arbitrator] Main chain height:  415
2019/03/28 21:06:56.166265 [1;35m[INF][m GID 118, [processBlock] block height: 415 current height: 415
2019/03/28 21:06:56.166511 [1;35m[INF][m GID 118, Side chain [ XKUh4GLhFJiqAMTF6HyWQrV9pK9HcGUdfJ ] SetLastUsedUtxoHeight  415
2019/03/28 21:06:56.172340 [1;32m[DBG][m GID 118, github.com/elastos/Elastos.ELA.Arbiter/arbitration/mainchain.(*MainChainImpl).SyncChainData mainchainImpl.go:273 No need sync, chain height: 415 current height: 415
2019/03/28 21:07:05.041422 [1;35m[INF][m GID 43, currentHeight: 186  chainHeight: 187
2019/03/28 21:07:05.041731 [1;32m[DBG][m GID 43, github.com/elastos/Elastos.ELA.Arbiter/rpc.GetWithdrawTransactionByHeight jsonrpc.go:172 [GetWithdrawTransactionByHeight] len transactions: 0 transactions: []
2019/03/28 21:07:05.051407 [1;35m[INF][m GID 43,  [SyncSideChain] Side chain [ XKUh4GLhFJiqAMTF6HyWQrV9pK9HcGUdfJ ] height:  187
2019/03/28 21:07:06.052697 [1;35m[INF][m GID 43, currentHeight: 187  chainHeight: 188
2019/03/28 21:07:06.460297 [1;32m[DBG][m GID 43, github.com/elastos/Elastos.ELA.Arbiter/rpc.GetWithdrawTransactionByHeight jsonrpc.go:172 [GetWithdrawTransactionByHeight] len transactions: 0 transactions: []
2019/03/28 21:07:06.468847 [1;35m[INF][m GID 43,  [SyncSideChain] Side chain [ XKUh4GLhFJiqAMTF6HyWQrV9pK9HcGUdfJ ] height:  188
2019/03/28 21:07:09.484146 [1;35m[INF][m GID 43, currentHeight: 188  chainHeight: 189
2019/03/28 21:07:09.484491 [1;32m[DBG][m GID 43, github.com/elastos/Elastos.ELA.Arbiter/rpc.GetWithdrawTransactionByHeight jsonrpc.go:172 [GetWithdrawTransactionByHeight] len transactions: 0 transactions: []
2019/03/28 21:07:09.489333 [1;35m[INF][m GID 43,  [SyncSideChain] Side chain [ XKUh4GLhFJiqAMTF6HyWQrV9pK9HcGUdfJ ] height:  189
2019/03/28 21:07:10.597588 [1;35m[INF][m GID 118, [arbitrator] Main chain height:  416
2019/03/28 21:07:10.598560 [1;35m[INF][m GID 118, [processBlock] block height: 416 current height: 416
2019/03/28 21:07:10.598777 [1;35m[INF][m GID 118, Side chain [ XKUh4GLhFJiqAMTF6HyWQrV9pK9HcGUdfJ ] SetLastUsedUtxoHeight  416
2019/03/28 21:07:10.627737 [1;32m[DBG][m GID 118, github.com/elastos/Elastos.ELA.Arbiter/arbitration/mainchain.(*MainChainImpl).SyncChainData mainchainImpl.go:273 No need sync, chain height: 416 current height: 416
2019/03/28 21:07:11.644573 [1;35m[INF][m GID 118, [arbitrator] Main chain height:  417
2019/03/28 21:07:11.657145 [1;35m[INF][m GID 118, [processBlock] block height: 417 current height: 417
2019/03/28 21:07:11.657504 [1;35m[INF][m GID 118, Side chain [ XKUh4GLhFJiqAMTF6HyWQrV9pK9HcGUdfJ ] SetLastUsedUtxoHeight  417
2019/03/28 21:07:11.671441 [1;32m[DBG][m GID 118, github.com/elastos/Elastos.ELA.Arbiter/arbitration/mainchain.(*MainChainImpl).SyncChainData mainchainImpl.go:273 No need sync, chain height: 417 current height: 417
2019/03/28 21:07:12.501507 [1;35m[INF][m GID 43, currentHeight: 189  chainHeight: 190
2019/03/28 21:07:12.507453 [1;32m[DBG][m GID 43, github.com/elastos/Elastos.ELA.Arbiter/rpc.GetWithdrawTransactionByHeight jsonrpc.go:172 [GetWithdrawTransactionByHeight] len transactions: 0 transactions: []
2019/03/28 21:07:12.513695 [1;35m[INF][m GID 43,  [SyncSideChain] Side chain [ XKUh4GLhFJiqAMTF6HyWQrV9pK9HcGUdfJ ] height:  190
2019/03/28 21:07:13.514592 [1;35m[INF][m GID 43, currentHeight: 190  chainHeight: 191
2019/03/28 21:07:13.515011 [1;32m[DBG][m GID 43, github.com/elastos/Elastos.ELA.Arbiter/rpc.GetWithdrawTransactionByHeight jsonrpc.go:172 [GetWithdrawTransactionByHeight] len transactions: 0 transactions: []
2019/03/28 21:07:13.518554 [1;35m[INF][m GID 43,  [SyncSideChain] Side chain [ XKUh4GLhFJiqAMTF6HyWQrV9pK9HcGUdfJ ] height:  191
2019/03/28 21:07:27.846962 [1;35m[INF][m GID 118, [arbitrator] Main chain height:  418
2019/03/28 21:07:27.847668 [1;35m[INF][m GID 118, [processBlock] block height: 418 current height: 418
2019/03/28 21:07:27.847869 [1;35m[INF][m GID 118, Side chain [ XKUh4GLhFJiqAMTF6HyWQrV9pK9HcGUdfJ ] SetLastUsedUtxoHeight  418
2019/03/28 21:07:27.850613 [1;32m[DBG][m GID 118, github.com/elastos/Elastos.ELA.Arbiter/arbitration/mainchain.(*MainChainImpl).SyncChainData mainchainImpl.go:273 No need sync, chain height: 418 current height: 418
2019/03/28 21:07:28.547682 [1;35m[INF][m GID 43, currentHeight: 191  chainHeight: 192
2019/03/28 21:07:28.549035 [1;32m[DBG][m GID 43, github.com/elastos/Elastos.ELA.Arbiter/rpc.GetWithdrawTransactionByHeight jsonrpc.go:172 [GetWithdrawTransactionByHeight] len transactions: 0 transactions: []
2019/03/28 21:07:28.552964 [1;35m[INF][m GID 43,  [SyncSideChain] Side chain [ XKUh4GLhFJiqAMTF6HyWQrV9pK9HcGUdfJ ] height:  192
2019/03/28 21:07:31.558697 [1;35m[INF][m GID 43, currentHeight: 192  chainHeight: 193
2019/03/28 21:07:31.558957 [1;32m[DBG][m GID 43, github.com/elastos/Elastos.ELA.Arbiter/rpc.GetWithdrawTransactionByHeight jsonrpc.go:172 [GetWithdrawTransactionByHeight] len transactions: 0 transactions: []
2019/03/28 21:07:31.565785 [1;35m[INF][m GID 43,  [SyncSideChain] Side chain [ XKUh4GLhFJiqAMTF6HyWQrV9pK9HcGUdfJ ] height:  193
2019/03/28 21:07:37.906893 [1;35m[INF][m GID 118, [arbitrator] Main chain height:  419
2019/03/28 21:07:37.916632 [1;35m[INF][m GID 118, [processBlock] block height: 419 current height: 419
2019/03/28 21:07:37.916872 [1;35m[INF][m GID 118, Side chain [ XKUh4GLhFJiqAMTF6HyWQrV9pK9HcGUdfJ ] SetLastUsedUtxoHeight  419
2019/03/28 21:07:37.952516 [1;32m[DBG][m GID 118, github.com/elastos/Elastos.ELA.Arbiter/arbitration/mainchain.(*MainChainImpl).SyncChainData mainchainImpl.go:273 No need sync, chain height: 419 current height: 419
2019/03/28 21:07:44.084836 [1;35m[INF][m GID 120, Check and remove cross chain transactions from dbcache finished
2019/03/28 21:07:46.598354 [1;35m[INF][m GID 43, currentHeight: 193  chainHeight: 194
2019/03/28 21:07:46.598665 [1;32m[DBG][m GID 43, github.com/elastos/Elastos.ELA.Arbiter/rpc.GetWithdrawTransactionByHeight jsonrpc.go:172 [GetWithdrawTransactionByHeight] len transactions: 0 transactions: []
2019/03/28 21:07:46.603577 [1;35m[INF][m GID 43,  [SyncSideChain] Side chain [ XKUh4GLhFJiqAMTF6HyWQrV9pK9HcGUdfJ ] height:  194
2019/03/28 21:07:46.996325 [1;35m[INF][m GID 118, [arbitrator] Main chain height:  420
2019/03/28 21:07:46.997014 [1;35m[INF][m GID 118, [processBlock] block height: 420 current height: 420
2019/03/28 21:07:46.997241 [1;35m[INF][m GID 118, Side chain [ XKUh4GLhFJiqAMTF6HyWQrV9pK9HcGUdfJ ] SetLastUsedUtxoHeight  420
2019/03/28 21:07:47.018064 [1;32m[DBG][m GID 118, github.com/elastos/Elastos.ELA.Arbiter/arbitration/mainchain.(*MainChainImpl).SyncChainData mainchainImpl.go:273 No need sync, chain height: 420 current height: 420
2019/03/28 21:07:50.031322 [1;35m[INF][m GID 118, [arbitrator] Main chain height:  421
2019/03/28 21:07:50.032143 [1;35m[INF][m GID 118, [processBlock] block height: 421 current height: 421
2019/03/28 21:07:50.032385 [1;35m[INF][m GID 118, Side chain [ XKUh4GLhFJiqAMTF6HyWQrV9pK9HcGUdfJ ] SetLastUsedUtxoHeight  421
2019/03/28 21:07:50.040920 [1;32m[DBG][m GID 118, github.com/elastos/Elastos.ELA.Arbiter/arbitration/mainchain.(*MainChainImpl).SyncChainData mainchainImpl.go:273 No need sync, chain height: 421 current height: 421
2019/03/28 21:07:54.849731 [1;35m[INF][m GID 43, currentHeight: 194  chainHeight: 195
2019/03/28 21:07:54.850251 [1;32m[DBG][m GID 43, github.com/elastos/Elastos.ELA.Arbiter/rpc.GetWithdrawTransactionByHeight jsonrpc.go:172 [GetWithdrawTransactionByHeight] len transactions: 0 transactions: []
2019/03/28 21:07:54.864827 [1;35m[INF][m GID 43,  [SyncSideChain] Side chain [ XKUh4GLhFJiqAMTF6HyWQrV9pK9HcGUdfJ ] height:  195
2019/03/28 21:07:57.070777 [1;35m[INF][m GID 118, [arbitrator] Main chain height:  422
2019/03/28 21:07:57.077805 [1;35m[INF][m GID 118, [processBlock] block height: 422 current height: 422
2019/03/28 21:07:57.078090 [1;35m[INF][m GID 118, Side chain [ XKUh4GLhFJiqAMTF6HyWQrV9pK9HcGUdfJ ] SetLastUsedUtxoHeight  422
2019/03/28 21:07:57.090416 [1;32m[DBG][m GID 118, github.com/elastos/Elastos.ELA.Arbiter/arbitration/mainchain.(*MainChainImpl).SyncChainData mainchainImpl.go:273 No need sync, chain height: 422 current height: 422
2019/03/28 21:07:57.905489 [1;35m[INF][m GID 43, currentHeight: 195  chainHeight: 196
2019/03/28 21:07:57.912634 [1;32m[DBG][m GID 43, github.com/elastos/Elastos.ELA.Arbiter/rpc.GetWithdrawTransactionByHeight jsonrpc.go:172 [GetWithdrawTransactionByHeight] len transactions: 0 transactions: []
2019/03/28 21:07:57.918841 [1;35m[INF][m GID 43,  [SyncSideChain] Side chain [ XKUh4GLhFJiqAMTF6HyWQrV9pK9HcGUdfJ ] height:  196
2019/03/28 21:08:00.934062 [1;35m[INF][m GID 43, currentHeight: 196  chainHeight: 197
2019/03/28 21:08:00.949477 [1;32m[DBG][m GID 43, github.com/elastos/Elastos.ELA.Arbiter/rpc.GetWithdrawTransactionByHeight jsonrpc.go:172 [GetWithdrawTransactionByHeight] len transactions: 0 transactions: []
2019/03/28 21:08:00.965292 [1;35m[INF][m GID 43,  [SyncSideChain] Side chain [ XKUh4GLhFJiqAMTF6HyWQrV9pK9HcGUdfJ ] height:  197
2019/03/28 21:08:02.099968 [1;35m[INF][m GID 118, [arbitrator] Main chain height:  424
2019/03/28 21:08:02.124848 [1;35m[INF][m GID 118, [processBlock] block height: 423 current height: 423
2019/03/28 21:08:02.125132 [1;35m[INF][m GID 118, Side chain [ XKUh4GLhFJiqAMTF6HyWQrV9pK9HcGUdfJ ] SetLastUsedUtxoHeight  423
2019/03/28 21:08:02.125856 [1;35m[INF][m GID 118, [processBlock] block height: 424 current height: 424
2019/03/28 21:08:02.126055 [1;35m[INF][m GID 118, Side chain [ XKUh4GLhFJiqAMTF6HyWQrV9pK9HcGUdfJ ] SetLastUsedUtxoHeight  424
2019/03/28 21:08:02.133176 [1;32m[DBG][m GID 118, github.com/elastos/Elastos.ELA.Arbiter/arbitration/mainchain.(*MainChainImpl).SyncChainData mainchainImpl.go:273 No need sync, chain height: 424 current height: 424
2019/03/28 21:08:16.660904 [1;35m[INF][m GID 43, currentHeight: 197  chainHeight: 198
2019/03/28 21:08:16.661215 [1;32m[DBG][m GID 43, github.com/elastos/Elastos.ELA.Arbiter/rpc.GetWithdrawTransactionByHeight jsonrpc.go:172 [GetWithdrawTransactionByHeight] len transactions: 0 transactions: []
2019/03/28 21:08:16.664024 [1;35m[INF][m GID 43,  [SyncSideChain] Side chain [ XKUh4GLhFJiqAMTF6HyWQrV9pK9HcGUdfJ ] height:  198
2019/03/28 21:08:20.690592 [1;35m[INF][m GID 118, [arbitrator] Main chain height:  425
2019/03/28 21:08:20.691740 [1;35m[INF][m GID 118, [processBlock] block height: 425 current height: 425
2019/03/28 21:08:20.692099 [1;35m[INF][m GID 118, Side chain [ XKUh4GLhFJiqAMTF6HyWQrV9pK9HcGUdfJ ] SetLastUsedUtxoHeight  425
2019/03/28 21:08:20.705278 [1;32m[DBG][m GID 118, github.com/elastos/Elastos.ELA.Arbiter/arbitration/mainchain.(*MainChainImpl).SyncChainData mainchainImpl.go:273 No need sync, chain height: 425 current height: 425
2019/03/28 21:08:37.856306 [1;35m[INF][m GID 43, currentHeight: 198  chainHeight: 199
2019/03/28 21:08:37.856679 [1;32m[DBG][m GID 43, github.com/elastos/Elastos.ELA.Arbiter/rpc.GetWithdrawTransactionByHeight jsonrpc.go:172 [GetWithdrawTransactionByHeight] len transactions: 0 transactions: []
2019/03/28 21:08:37.859427 [1;35m[INF][m GID 43,  [SyncSideChain] Side chain [ XKUh4GLhFJiqAMTF6HyWQrV9pK9HcGUdfJ ] height:  199
2019/03/28 21:08:38.866888 [1;35m[INF][m GID 118, [arbitrator] Main chain height:  426
2019/03/28 21:08:38.867884 [1;35m[INF][m GID 118, [processBlock] block height: 426 current height: 426
2019/03/28 21:08:38.868519 [1;35m[INF][m GID 118, Side chain [ XKUh4GLhFJiqAMTF6HyWQrV9pK9HcGUdfJ ] SetLastUsedUtxoHeight  426
2019/03/28 21:08:38.876088 [1;32m[DBG][m GID 118, github.com/elastos/Elastos.ELA.Arbiter/arbitration/mainchain.(*MainChainImpl).SyncChainData mainchainImpl.go:273 No need sync, chain height: 426 current height: 426
2019/03/28 21:08:39.878055 [1;35m[INF][m GID 118, [arbitrator] Main chain height:  427
2019/03/28 21:08:39.882257 [1;35m[INF][m GID 118, [processBlock] block height: 427 current height: 427
2019/03/28 21:08:39.882596 [1;35m[INF][m GID 118, Side chain [ XKUh4GLhFJiqAMTF6HyWQrV9pK9HcGUdfJ ] SetLastUsedUtxoHeight  427
2019/03/28 21:08:39.905244 [1;32m[DBG][m GID 118, github.com/elastos/Elastos.ELA.Arbiter/arbitration/mainchain.(*MainChainImpl).SyncChainData mainchainImpl.go:273 No need sync, chain height: 427 current height: 427
2019/03/28 21:08:42.911289 [1;35m[INF][m GID 118, [arbitrator] Main chain height:  428
2019/03/28 21:08:42.912124 [1;35m[INF][m GID 118, [processBlock] block height: 428 current height: 428
2019/03/28 21:08:42.912342 [1;35m[INF][m GID 118, Side chain [ XKUh4GLhFJiqAMTF6HyWQrV9pK9HcGUdfJ ] SetLastUsedUtxoHeight  428
2019/03/28 21:08:42.929839 [1;32m[DBG][m GID 118, github.com/elastos/Elastos.ELA.Arbiter/arbitration/mainchain.(*MainChainImpl).SyncChainData mainchainImpl.go:273 No need sync, chain height: 428 current height: 428
2019/03/28 21:08:44.085372 [1;35m[INF][m GID 120, Check and remove cross chain transactions from dbcache finished
2019/03/28 21:08:44.942883 [1;35m[INF][m GID 118, [arbitrator] Main chain height:  429
2019/03/28 21:08:44.943684 [1;35m[INF][m GID 118, [processBlock] block height: 429 current height: 429
2019/03/28 21:08:44.943928 [1;35m[INF][m GID 118, Side chain [ XKUh4GLhFJiqAMTF6HyWQrV9pK9HcGUdfJ ] SetLastUsedUtxoHeight  429
2019/03/28 21:08:44.947421 [1;32m[DBG][m GID 118, github.com/elastos/Elastos.ELA.Arbiter/arbitration/mainchain.(*MainChainImpl).SyncChainData mainchainImpl.go:273 No need sync, chain height: 429 current height: 429
2019/03/28 21:08:53.967410 [1;35m[INF][m GID 118, [arbitrator] Main chain height:  430
2019/03/28 21:08:53.982697 [1;35m[INF][m GID 118, [processBlock] block height: 430 current height: 430
2019/03/28 21:08:53.983006 [1;35m[INF][m GID 118, Side chain [ XKUh4GLhFJiqAMTF6HyWQrV9pK9HcGUdfJ ] SetLastUsedUtxoHeight  430
2019/03/28 21:08:53.988666 [1;32m[DBG][m GID 118, github.com/elastos/Elastos.ELA.Arbiter/arbitration/mainchain.(*MainChainImpl).SyncChainData mainchainImpl.go:273 No need sync, chain height: 430 current height: 430
2019/03/28 21:09:01.922578 [1;35m[INF][m GID 43, currentHeight: 199  chainHeight: 200
2019/03/28 21:09:01.922915 [1;32m[DBG][m GID 43, github.com/elastos/Elastos.ELA.Arbiter/rpc.GetWithdrawTransactionByHeight jsonrpc.go:172 [GetWithdrawTransactionByHeight] len transactions: 0 transactions: []
2019/03/28 21:09:01.925988 [1;35m[INF][m GID 43,  [SyncSideChain] Side chain [ XKUh4GLhFJiqAMTF6HyWQrV9pK9HcGUdfJ ] height:  200
2019/03/28 21:09:06.940251 [1;35m[INF][m GID 43, currentHeight: 200  chainHeight: 201
2019/03/28 21:09:06.940635 [1;32m[DBG][m GID 43, github.com/elastos/Elastos.ELA.Arbiter/rpc.GetWithdrawTransactionByHeight jsonrpc.go:172 [GetWithdrawTransactionByHeight] len transactions: 0 transactions: []
2019/03/28 21:09:06.943303 [1;35m[INF][m GID 43,  [SyncSideChain] Side chain [ XKUh4GLhFJiqAMTF6HyWQrV9pK9HcGUdfJ ] height:  201
2019/03/28 21:09:08.950724 [1;35m[INF][m GID 43, currentHeight: 201  chainHeight: 202
2019/03/28 21:09:08.951050 [1;32m[DBG][m GID 43, github.com/elastos/Elastos.ELA.Arbiter/rpc.GetWithdrawTransactionByHeight jsonrpc.go:172 [GetWithdrawTransactionByHeight] len transactions: 0 transactions: []
2019/03/28 21:09:08.954520 [1;35m[INF][m GID 43,  [SyncSideChain] Side chain [ XKUh4GLhFJiqAMTF6HyWQrV9pK9HcGUdfJ ] height:  202
2019/03/28 21:09:10.956623 [1;35m[INF][m GID 43, currentHeight: 202  chainHeight: 203
2019/03/28 21:09:10.959374 [1;32m[DBG][m GID 43, github.com/elastos/Elastos.ELA.Arbiter/rpc.GetWithdrawTransactionByHeight jsonrpc.go:172 [GetWithdrawTransactionByHeight] len transactions: 0 transactions: []
2019/03/28 21:09:10.963015 [1;35m[INF][m GID 43,  [SyncSideChain] Side chain [ XKUh4GLhFJiqAMTF6HyWQrV9pK9HcGUdfJ ] height:  203
2019/03/28 21:09:15.054382 [1;35m[INF][m GID 118, [arbitrator] Main chain height:  431
2019/03/28 21:09:15.062471 [1;35m[INF][m GID 118, [processBlock] block height: 431 current height: 431
2019/03/28 21:09:15.062809 [1;35m[INF][m GID 118, Side chain [ XKUh4GLhFJiqAMTF6HyWQrV9pK9HcGUdfJ ] SetLastUsedUtxoHeight  431
2019/03/28 21:09:15.070339 [1;32m[DBG][m GID 118, github.com/elastos/Elastos.ELA.Arbiter/arbitration/mainchain.(*MainChainImpl).SyncChainData mainchainImpl.go:273 No need sync, chain height: 431 current height: 431
2019/03/28 21:09:15.971424 [1;35m[INF][m GID 43, currentHeight: 203  chainHeight: 204
2019/03/28 21:09:15.971750 [1;32m[DBG][m GID 43, github.com/elastos/Elastos.ELA.Arbiter/rpc.GetWithdrawTransactionByHeight jsonrpc.go:172 [GetWithdrawTransactionByHeight] len transactions: 0 transactions: []
2019/03/28 21:09:15.982056 [1;35m[INF][m GID 43,  [SyncSideChain] Side chain [ XKUh4GLhFJiqAMTF6HyWQrV9pK9HcGUdfJ ] height:  204
2019/03/28 21:09:19.100344 [1;35m[INF][m GID 118, [arbitrator] Main chain height:  432
2019/03/28 21:09:19.101381 [1;35m[INF][m GID 118, [processBlock] block height: 432 current height: 432
2019/03/28 21:09:19.101721 [1;35m[INF][m GID 118, Side chain [ XKUh4GLhFJiqAMTF6HyWQrV9pK9HcGUdfJ ] SetLastUsedUtxoHeight  432
2019/03/28 21:09:19.104578 [1;32m[DBG][m GID 118, github.com/elastos/Elastos.ELA.Arbiter/arbitration/mainchain.(*MainChainImpl).SyncChainData mainchainImpl.go:273 No need sync, chain height: 432 current height: 432
2019/03/28 21:09:22.114602 [1;35m[INF][m GID 118, [arbitrator] Main chain height:  433
2019/03/28 21:09:22.126370 [1;35m[INF][m GID 118, [processBlock] block height: 433 current height: 433
2019/03/28 21:09:22.133640 [1;35m[INF][m GID 118, Side chain [ XKUh4GLhFJiqAMTF6HyWQrV9pK9HcGUdfJ ] SetLastUsedUtxoHeight  433
2019/03/28 21:09:22.148002 [1;32m[DBG][m GID 118, github.com/elastos/Elastos.ELA.Arbiter/arbitration/mainchain.(*MainChainImpl).SyncChainData mainchainImpl.go:273 No need sync, chain height: 433 current height: 433
2019/03/28 21:09:23.172603 [1;35m[INF][m GID 118, [arbitrator] Main chain height:  434
2019/03/28 21:09:23.173659 [1;35m[INF][m GID 118, [processBlock] block height: 434 current height: 434
2019/03/28 21:09:23.173881 [1;35m[INF][m GID 118, Side chain [ XKUh4GLhFJiqAMTF6HyWQrV9pK9HcGUdfJ ] SetLastUsedUtxoHeight  434
2019/03/28 21:09:23.180277 [1;32m[DBG][m GID 118, github.com/elastos/Elastos.ELA.Arbiter/arbitration/mainchain.(*MainChainImpl).SyncChainData mainchainImpl.go:273 No need sync, chain height: 434 current height: 434
2019/03/28 21:09:31.217386 [1;35m[INF][m GID 118, [arbitrator] Main chain height:  435
2019/03/28 21:09:31.221659 [1;35m[INF][m GID 118, [processBlock] block height: 435 current height: 435
2019/03/28 21:09:31.221985 [1;35m[INF][m GID 118, Side chain [ XKUh4GLhFJiqAMTF6HyWQrV9pK9HcGUdfJ ] SetLastUsedUtxoHeight  435
2019/03/28 21:09:31.224908 [1;32m[DBG][m GID 118, github.com/elastos/Elastos.ELA.Arbiter/arbitration/mainchain.(*MainChainImpl).SyncChainData mainchainImpl.go:273 No need sync, chain height: 435 current height: 435
2019/03/28 21:09:43.046947 [1;35m[INF][m GID 43, currentHeight: 204  chainHeight: 205
2019/03/28 21:09:43.047465 [1;32m[DBG][m GID 43, github.com/elastos/Elastos.ELA.Arbiter/rpc.GetWithdrawTransactionByHeight jsonrpc.go:172 [GetWithdrawTransactionByHeight] len transactions: 0 transactions: []
2019/03/28 21:09:43.055229 [1;35m[INF][m GID 43,  [SyncSideChain] Side chain [ XKUh4GLhFJiqAMTF6HyWQrV9pK9HcGUdfJ ] height:  205
2019/03/28 21:09:44.085875 [1;35m[INF][m GID 120, Check and remove cross chain transactions from dbcache finished
2019/03/28 21:09:48.066573 [1;35m[INF][m GID 43, currentHeight: 205  chainHeight: 206
2019/03/28 21:09:48.067041 [1;32m[DBG][m GID 43, github.com/elastos/Elastos.ELA.Arbiter/rpc.GetWithdrawTransactionByHeight jsonrpc.go:172 [GetWithdrawTransactionByHeight] len transactions: 0 transactions: []
2019/03/28 21:09:48.069646 [1;35m[INF][m GID 43,  [SyncSideChain] Side chain [ XKUh4GLhFJiqAMTF6HyWQrV9pK9HcGUdfJ ] height:  206
2019/03/28 21:09:53.293582 [1;35m[INF][m GID 118, [arbitrator] Main chain height:  436
2019/03/28 21:09:53.294617 [1;35m[INF][m GID 118, [processBlock] block height: 436 current height: 436
2019/03/28 21:09:53.294939 [1;35m[INF][m GID 118, Side chain [ XKUh4GLhFJiqAMTF6HyWQrV9pK9HcGUdfJ ] SetLastUsedUtxoHeight  436
2019/03/28 21:09:53.298075 [1;32m[DBG][m GID 118, github.com/elastos/Elastos.ELA.Arbiter/arbitration/mainchain.(*MainChainImpl).SyncChainData mainchainImpl.go:273 No need sync, chain height: 436 current height: 436
2019/03/28 21:09:54.299394 [1;35m[INF][m GID 118, [arbitrator] Main chain height:  437
2019/03/28 21:09:54.303643 [1;35m[INF][m GID 118, [processBlock] block height: 437 current height: 437
2019/03/28 21:09:54.304019 [1;35m[INF][m GID 118, Side chain [ XKUh4GLhFJiqAMTF6HyWQrV9pK9HcGUdfJ ] SetLastUsedUtxoHeight  437
2019/03/28 21:09:54.308503 [1;32m[DBG][m GID 118, github.com/elastos/Elastos.ELA.Arbiter/arbitration/mainchain.(*MainChainImpl).SyncChainData mainchainImpl.go:273 No need sync, chain height: 437 current height: 437
2019/03/28 21:09:57.319966 [1;35m[INF][m GID 118, [arbitrator] Main chain height:  438
2019/03/28 21:09:57.320636 [1;35m[INF][m GID 118, [processBlock] block height: 438 current height: 438
2019/03/28 21:09:57.320879 [1;35m[INF][m GID 118, Side chain [ XKUh4GLhFJiqAMTF6HyWQrV9pK9HcGUdfJ ] SetLastUsedUtxoHeight  438
2019/03/28 21:09:57.326756 [1;32m[DBG][m GID 118, github.com/elastos/Elastos.ELA.Arbiter/arbitration/mainchain.(*MainChainImpl).SyncChainData mainchainImpl.go:273 No need sync, chain height: 438 current height: 438
2019/03/28 21:10:00.105619 [1;35m[INF][m GID 43, currentHeight: 206  chainHeight: 207
2019/03/28 21:10:00.106168 [1;32m[DBG][m GID 43, github.com/elastos/Elastos.ELA.Arbiter/rpc.GetWithdrawTransactionByHeight jsonrpc.go:172 [GetWithdrawTransactionByHeight] len transactions: 0 transactions: []
2019/03/28 21:10:00.109303 [1;35m[INF][m GID 43,  [SyncSideChain] Side chain [ XKUh4GLhFJiqAMTF6HyWQrV9pK9HcGUdfJ ] height:  207
2019/03/28 21:10:03.121349 [1;35m[INF][m GID 43, currentHeight: 207  chainHeight: 208
2019/03/28 21:10:03.121865 [1;32m[DBG][m GID 43, github.com/elastos/Elastos.ELA.Arbiter/rpc.GetWithdrawTransactionByHeight jsonrpc.go:172 [GetWithdrawTransactionByHeight] len transactions: 0 transactions: []
2019/03/28 21:10:03.130382 [1;35m[INF][m GID 43,  [SyncSideChain] Side chain [ XKUh4GLhFJiqAMTF6HyWQrV9pK9HcGUdfJ ] height:  208
2019/03/28 21:10:22.188208 [1;35m[INF][m GID 43, currentHeight: 208  chainHeight: 209
2019/03/28 21:10:22.188709 [1;32m[DBG][m GID 43, github.com/elastos/Elastos.ELA.Arbiter/rpc.GetWithdrawTransactionByHeight jsonrpc.go:172 [GetWithdrawTransactionByHeight] len transactions: 0 transactions: []
2019/03/28 21:10:22.191824 [1;35m[INF][m GID 43,  [SyncSideChain] Side chain [ XKUh4GLhFJiqAMTF6HyWQrV9pK9HcGUdfJ ] height:  209
2019/03/28 21:10:23.192648 [1;35m[INF][m GID 43, currentHeight: 209  chainHeight: 210
2019/03/28 21:10:23.192991 [1;32m[DBG][m GID 43, github.com/elastos/Elastos.ELA.Arbiter/rpc.GetWithdrawTransactionByHeight jsonrpc.go:172 [GetWithdrawTransactionByHeight] len transactions: 0 transactions: []
2019/03/28 21:10:23.195525 [1;35m[INF][m GID 43,  [SyncSideChain] Side chain [ XKUh4GLhFJiqAMTF6HyWQrV9pK9HcGUdfJ ] height:  210
2019/03/28 21:10:41.843677 [1;35m[INF][m GID 118, [arbitrator] Main chain height:  439
2019/03/28 21:10:41.844445 [1;35m[INF][m GID 118, [processBlock] block height: 439 current height: 439
2019/03/28 21:10:41.844694 [1;35m[INF][m GID 118, Side chain [ XKUh4GLhFJiqAMTF6HyWQrV9pK9HcGUdfJ ] SetLastUsedUtxoHeight  439
2019/03/28 21:10:41.862448 [1;32m[DBG][m GID 118, github.com/elastos/Elastos.ELA.Arbiter/arbitration/mainchain.(*MainChainImpl).SyncChainData mainchainImpl.go:273 No need sync, chain height: 439 current height: 439
2019/03/28 21:10:44.090244 [1;35m[INF][m GID 120, Check and remove cross chain transactions from dbcache finished
2019/03/28 21:10:47.871950 [1;35m[INF][m GID 43, currentHeight: 210  chainHeight: 211
2019/03/28 21:10:47.872325 [1;32m[DBG][m GID 43, github.com/elastos/Elastos.ELA.Arbiter/rpc.GetWithdrawTransactionByHeight jsonrpc.go:172 [GetWithdrawTransactionByHeight] len transactions: 0 transactions: []
2019/03/28 21:10:47.876940 [1;35m[INF][m GID 118, [arbitrator] Main chain height:  440
2019/03/28 21:10:47.878822 [1;35m[INF][m GID 118, [processBlock] block height: 440 current height: 440
2019/03/28 21:10:47.879276 [1;35m[INF][m GID 118, Side chain [ XKUh4GLhFJiqAMTF6HyWQrV9pK9HcGUdfJ ] SetLastUsedUtxoHeight  440
2019/03/28 21:10:47.890109 [1;32m[DBG][m GID 118, github.com/elastos/Elastos.ELA.Arbiter/arbitration/mainchain.(*MainChainImpl).SyncChainData mainchainImpl.go:273 No need sync, chain height: 440 current height: 440
2019/03/28 21:10:47.890296 [1;35m[INF][m GID 43,  [SyncSideChain] Side chain [ XKUh4GLhFJiqAMTF6HyWQrV9pK9HcGUdfJ ] height:  211
2019/03/28 21:10:53.904021 [1;35m[INF][m GID 118, [arbitrator] Main chain height:  441
2019/03/28 21:10:53.904940 [1;35m[INF][m GID 118, [processBlock] block height: 441 current height: 441
2019/03/28 21:10:53.905187 [1;35m[INF][m GID 118, Side chain [ XKUh4GLhFJiqAMTF6HyWQrV9pK9HcGUdfJ ] SetLastUsedUtxoHeight  441
2019/03/28 21:10:53.913905 [1;32m[DBG][m GID 118, github.com/elastos/Elastos.ELA.Arbiter/arbitration/mainchain.(*MainChainImpl).SyncChainData mainchainImpl.go:273 No need sync, chain height: 441 current height: 441
2019/03/28 21:11:00.930106 [1;35m[INF][m GID 118, [arbitrator] Main chain height:  442
2019/03/28 21:11:00.930967 [1;35m[INF][m GID 118, [processBlock] block height: 442 current height: 442
2019/03/28 21:11:00.931328 [1;35m[INF][m GID 118, Side chain [ XKUh4GLhFJiqAMTF6HyWQrV9pK9HcGUdfJ ] SetLastUsedUtxoHeight  442
2019/03/28 21:11:00.934546 [1;32m[DBG][m GID 118, github.com/elastos/Elastos.ELA.Arbiter/arbitration/mainchain.(*MainChainImpl).SyncChainData mainchainImpl.go:273 No need sync, chain height: 442 current height: 442
2019/03/28 21:11:01.917824 [1;35m[INF][m GID 43, currentHeight: 211  chainHeight: 212
2019/03/28 21:11:01.918153 [1;32m[DBG][m GID 43, github.com/elastos/Elastos.ELA.Arbiter/rpc.GetWithdrawTransactionByHeight jsonrpc.go:172 [GetWithdrawTransactionByHeight] len transactions: 0 transactions: []
2019/03/28 21:11:01.920673 [1;35m[INF][m GID 43,  [SyncSideChain] Side chain [ XKUh4GLhFJiqAMTF6HyWQrV9pK9HcGUdfJ ] height:  212
2019/03/28 21:11:03.926086 [1;35m[INF][m GID 43, currentHeight: 212  chainHeight: 213
2019/03/28 21:11:03.926379 [1;32m[DBG][m GID 43, github.com/elastos/Elastos.ELA.Arbiter/rpc.GetWithdrawTransactionByHeight jsonrpc.go:172 [GetWithdrawTransactionByHeight] len transactions: 0 transactions: []
2019/03/28 21:11:03.939408 [1;35m[INF][m GID 43,  [SyncSideChain] Side chain [ XKUh4GLhFJiqAMTF6HyWQrV9pK9HcGUdfJ ] height:  213
2019/03/28 21:11:05.950128 [1;35m[INF][m GID 118, [arbitrator] Main chain height:  443
2019/03/28 21:11:05.962665 [1;35m[INF][m GID 118, [processBlock] block height: 443 current height: 443
2019/03/28 21:11:05.962933 [1;35m[INF][m GID 118, Side chain [ XKUh4GLhFJiqAMTF6HyWQrV9pK9HcGUdfJ ] SetLastUsedUtxoHeight  443
2019/03/28 21:11:05.969027 [1;32m[DBG][m GID 118, github.com/elastos/Elastos.ELA.Arbiter/arbitration/mainchain.(*MainChainImpl).SyncChainData mainchainImpl.go:273 No need sync, chain height: 443 current height: 443
2019/03/28 21:11:07.949245 [1;35m[INF][m GID 43, currentHeight: 213  chainHeight: 214
2019/03/28 21:11:07.949577 [1;32m[DBG][m GID 43, github.com/elastos/Elastos.ELA.Arbiter/rpc.GetWithdrawTransactionByHeight jsonrpc.go:172 [GetWithdrawTransactionByHeight] len transactions: 0 transactions: []
2019/03/28 21:11:07.952606 [1;35m[INF][m GID 43,  [SyncSideChain] Side chain [ XKUh4GLhFJiqAMTF6HyWQrV9pK9HcGUdfJ ] height:  214
2019/03/28 21:11:08.956830 [1;35m[INF][m GID 43, currentHeight: 214  chainHeight: 215
2019/03/28 21:11:08.957221 [1;32m[DBG][m GID 43, github.com/elastos/Elastos.ELA.Arbiter/rpc.GetWithdrawTransactionByHeight jsonrpc.go:172 [GetWithdrawTransactionByHeight] len transactions: 0 transactions: []
2019/03/28 21:11:08.960491 [1;35m[INF][m GID 43,  [SyncSideChain] Side chain [ XKUh4GLhFJiqAMTF6HyWQrV9pK9HcGUdfJ ] height:  215
2019/03/28 21:11:16.973046 [1;35m[INF][m GID 43, currentHeight: 215  chainHeight: 216
2019/03/28 21:11:16.973389 [1;32m[DBG][m GID 43, github.com/elastos/Elastos.ELA.Arbiter/rpc.GetWithdrawTransactionByHeight jsonrpc.go:172 [GetWithdrawTransactionByHeight] len transactions: 0 transactions: []
2019/03/28 21:11:16.980241 [1;35m[INF][m GID 43,  [SyncSideChain] Side chain [ XKUh4GLhFJiqAMTF6HyWQrV9pK9HcGUdfJ ] height:  216
2019/03/28 21:11:17.982964 [1;35m[INF][m GID 43, currentHeight: 216  chainHeight: 217
2019/03/28 21:11:17.986450 [1;32m[DBG][m GID 43, github.com/elastos/Elastos.ELA.Arbiter/rpc.GetWithdrawTransactionByHeight jsonrpc.go:172 [GetWithdrawTransactionByHeight] len transactions: 0 transactions: []
2019/03/28 21:11:17.990288 [1;35m[INF][m GID 43,  [SyncSideChain] Side chain [ XKUh4GLhFJiqAMTF6HyWQrV9pK9HcGUdfJ ] height:  217
2019/03/28 21:11:22.001210 [1;35m[INF][m GID 118, [arbitrator] Main chain height:  444
2019/03/28 21:11:22.001997 [1;35m[INF][m GID 118, [processBlock] block height: 444 current height: 444
2019/03/28 21:11:22.002285 [1;35m[INF][m GID 118, Side chain [ XKUh4GLhFJiqAMTF6HyWQrV9pK9HcGUdfJ ] SetLastUsedUtxoHeight  444
2019/03/28 21:11:22.006037 [1;32m[DBG][m GID 118, github.com/elastos/Elastos.ELA.Arbiter/arbitration/mainchain.(*MainChainImpl).SyncChainData mainchainImpl.go:273 No need sync, chain height: 444 current height: 444
2019/03/28 21:11:24.999021 [1;35m[INF][m GID 43, currentHeight: 217  chainHeight: 218
2019/03/28 21:11:24.999445 [1;32m[DBG][m GID 43, github.com/elastos/Elastos.ELA.Arbiter/rpc.GetWithdrawTransactionByHeight jsonrpc.go:172 [GetWithdrawTransactionByHeight] len transactions: 0 transactions: []
2019/03/28 21:11:25.003507 [1;35m[INF][m GID 43,  [SyncSideChain] Side chain [ XKUh4GLhFJiqAMTF6HyWQrV9pK9HcGUdfJ ] height:  218
2019/03/28 21:11:30.028073 [1;35m[INF][m GID 118, [arbitrator] Main chain height:  445
2019/03/28 21:11:30.031539 [1;35m[INF][m GID 118, [processBlock] block height: 445 current height: 445
2019/03/28 21:11:30.031910 [1;35m[INF][m GID 118, Side chain [ XKUh4GLhFJiqAMTF6HyWQrV9pK9HcGUdfJ ] SetLastUsedUtxoHeight  445
2019/03/28 21:11:30.058275 [1;32m[DBG][m GID 118, github.com/elastos/Elastos.ELA.Arbiter/arbitration/mainchain.(*MainChainImpl).SyncChainData mainchainImpl.go:273 No need sync, chain height: 445 current height: 445
2019/03/28 21:11:39.073378 [1;35m[INF][m GID 118, [arbitrator] Main chain height:  446
2019/03/28 21:11:39.075039 [1;35m[INF][m GID 118, [processBlock] block height: 446 current height: 446
2019/03/28 21:11:39.075363 [1;35m[INF][m GID 118, Side chain [ XKUh4GLhFJiqAMTF6HyWQrV9pK9HcGUdfJ ] SetLastUsedUtxoHeight  446
2019/03/28 21:11:39.080121 [1;32m[DBG][m GID 118, github.com/elastos/Elastos.ELA.Arbiter/arbitration/mainchain.(*MainChainImpl).SyncChainData mainchainImpl.go:273 No need sync, chain height: 446 current height: 446
2019/03/28 21:11:39.370071 [1;35m[INF][m GID 43, currentHeight: 218  chainHeight: 219
2019/03/28 21:11:39.370347 [1;32m[DBG][m GID 43, github.com/elastos/Elastos.ELA.Arbiter/rpc.GetWithdrawTransactionByHeight jsonrpc.go:172 [GetWithdrawTransactionByHeight] len transactions: 0 transactions: []
2019/03/28 21:11:39.373655 [1;35m[INF][m GID 43,  [SyncSideChain] Side chain [ XKUh4GLhFJiqAMTF6HyWQrV9pK9HcGUdfJ ] height:  219
2019/03/28 21:11:40.082883 [1;35m[INF][m GID 118, [arbitrator] Main chain height:  447
2019/03/28 21:11:40.083663 [1;35m[INF][m GID 118, [processBlock] block height: 447 current height: 447
2019/03/28 21:11:40.084007 [1;35m[INF][m GID 118, Side chain [ XKUh4GLhFJiqAMTF6HyWQrV9pK9HcGUdfJ ] SetLastUsedUtxoHeight  447
2019/03/28 21:11:40.087947 [1;32m[DBG][m GID 118, github.com/elastos/Elastos.ELA.Arbiter/arbitration/mainchain.(*MainChainImpl).SyncChainData mainchainImpl.go:273 No need sync, chain height: 447 current height: 447
2019/03/28 21:11:43.106357 [1;35m[INF][m GID 118, [arbitrator] Main chain height:  448
2019/03/28 21:11:43.107401 [1;35m[INF][m GID 118, [processBlock] block height: 448 current height: 448
2019/03/28 21:11:43.107886 [1;35m[INF][m GID 118, Side chain [ XKUh4GLhFJiqAMTF6HyWQrV9pK9HcGUdfJ ] SetLastUsedUtxoHeight  448
2019/03/28 21:11:43.112028 [1;32m[DBG][m GID 118, github.com/elastos/Elastos.ELA.Arbiter/arbitration/mainchain.(*MainChainImpl).SyncChainData mainchainImpl.go:273 No need sync, chain height: 448 current height: 448
2019/03/28 21:11:44.091203 [1;35m[INF][m GID 120, Check and remove cross chain transactions from dbcache finished
2019/03/28 21:11:45.391083 [1;35m[INF][m GID 43, currentHeight: 219  chainHeight: 220
2019/03/28 21:11:45.391563 [1;32m[DBG][m GID 43, github.com/elastos/Elastos.ELA.Arbiter/rpc.GetWithdrawTransactionByHeight jsonrpc.go:172 [GetWithdrawTransactionByHeight] len transactions: 0 transactions: []
2019/03/28 21:11:45.399522 [1;35m[INF][m GID 43,  [SyncSideChain] Side chain [ XKUh4GLhFJiqAMTF6HyWQrV9pK9HcGUdfJ ] height:  220
2019/03/28 21:11:46.400357 [1;35m[INF][m GID 43, currentHeight: 220  chainHeight: 221
2019/03/28 21:11:46.400659 [1;32m[DBG][m GID 43, github.com/elastos/Elastos.ELA.Arbiter/rpc.GetWithdrawTransactionByHeight jsonrpc.go:172 [GetWithdrawTransactionByHeight] len transactions: 0 transactions: []
2019/03/28 21:11:46.403673 [1;35m[INF][m GID 43,  [SyncSideChain] Side chain [ XKUh4GLhFJiqAMTF6HyWQrV9pK9HcGUdfJ ] height:  221
2019/03/28 21:11:49.130506 [1;35m[INF][m GID 118, [arbitrator] Main chain height:  449
2019/03/28 21:11:49.134060 [1;35m[INF][m GID 118, [processBlock] block height: 449 current height: 449
2019/03/28 21:11:49.134326 [1;35m[INF][m GID 118, Side chain [ XKUh4GLhFJiqAMTF6HyWQrV9pK9HcGUdfJ ] SetLastUsedUtxoHeight  449
2019/03/28 21:11:49.159367 [1;32m[DBG][m GID 118, github.com/elastos/Elastos.ELA.Arbiter/arbitration/mainchain.(*MainChainImpl).SyncChainData mainchainImpl.go:273 No need sync, chain height: 449 current height: 449
2019/03/28 21:11:51.411504 [1;35m[INF][m GID 43, currentHeight: 221  chainHeight: 222
2019/03/28 21:11:51.411821 [1;32m[DBG][m GID 43, github.com/elastos/Elastos.ELA.Arbiter/rpc.GetWithdrawTransactionByHeight jsonrpc.go:172 [GetWithdrawTransactionByHeight] len transactions: 0 transactions: []
2019/03/28 21:11:51.415539 [1;35m[INF][m GID 43,  [SyncSideChain] Side chain [ XKUh4GLhFJiqAMTF6HyWQrV9pK9HcGUdfJ ] height:  222
2019/03/28 21:11:54.422890 [1;35m[INF][m GID 43, currentHeight: 222  chainHeight: 223
2019/03/28 21:11:54.423290 [1;32m[DBG][m GID 43, github.com/elastos/Elastos.ELA.Arbiter/rpc.GetWithdrawTransactionByHeight jsonrpc.go:172 [GetWithdrawTransactionByHeight] len transactions: 0 transactions: []
2019/03/28 21:11:54.426892 [1;35m[INF][m GID 43,  [SyncSideChain] Side chain [ XKUh4GLhFJiqAMTF6HyWQrV9pK9HcGUdfJ ] height:  223
2019/03/28 21:11:55.427963 [1;35m[INF][m GID 43, currentHeight: 223  chainHeight: 224
2019/03/28 21:11:55.428242 [1;32m[DBG][m GID 43, github.com/elastos/Elastos.ELA.Arbiter/rpc.GetWithdrawTransactionByHeight jsonrpc.go:172 [GetWithdrawTransactionByHeight] len transactions: 0 transactions: []
2019/03/28 21:11:55.441140 [1;35m[INF][m GID 43,  [SyncSideChain] Side chain [ XKUh4GLhFJiqAMTF6HyWQrV9pK9HcGUdfJ ] height:  224
2019/03/28 21:12:02.202376 [1;35m[INF][m GID 118, [arbitrator] Main chain height:  450
2019/03/28 21:12:02.203120 [1;35m[INF][m GID 118, [processBlock] block height: 450 current height: 450
2019/03/28 21:12:02.203427 [1;35m[INF][m GID 118, Side chain [ XKUh4GLhFJiqAMTF6HyWQrV9pK9HcGUdfJ ] SetLastUsedUtxoHeight  450
2019/03/28 21:12:02.209047 [1;32m[DBG][m GID 118, github.com/elastos/Elastos.ELA.Arbiter/arbitration/mainchain.(*MainChainImpl).SyncChainData mainchainImpl.go:273 No need sync, chain height: 450 current height: 450
2019/03/28 21:12:04.215367 [1;35m[INF][m GID 118, [arbitrator] Main chain height:  451
2019/03/28 21:12:04.220879 [1;35m[INF][m GID 118, [processBlock] block height: 451 current height: 451
2019/03/28 21:12:04.221213 [1;35m[INF][m GID 118, Side chain [ XKUh4GLhFJiqAMTF6HyWQrV9pK9HcGUdfJ ] SetLastUsedUtxoHeight  451
2019/03/28 21:12:04.234402 [1;32m[DBG][m GID 118, github.com/elastos/Elastos.ELA.Arbiter/arbitration/mainchain.(*MainChainImpl).SyncChainData mainchainImpl.go:273 No need sync, chain height: 451 current height: 451
2019/03/28 21:12:09.246343 [1;35m[INF][m GID 118, [arbitrator] Main chain height:  452
2019/03/28 21:12:09.247789 [1;35m[INF][m GID 118, [processBlock] block height: 452 current height: 452
2019/03/28 21:12:09.248114 [1;35m[INF][m GID 118, Side chain [ XKUh4GLhFJiqAMTF6HyWQrV9pK9HcGUdfJ ] SetLastUsedUtxoHeight  452
2019/03/28 21:12:09.255472 [1;32m[DBG][m GID 118, github.com/elastos/Elastos.ELA.Arbiter/arbitration/mainchain.(*MainChainImpl).SyncChainData mainchainImpl.go:273 No need sync, chain height: 452 current height: 452
2019/03/28 21:12:09.683291 [1;35m[INF][m GID 43, currentHeight: 224  chainHeight: 225
2019/03/28 21:12:09.684094 [1;32m[DBG][m GID 43, github.com/elastos/Elastos.ELA.Arbiter/rpc.GetWithdrawTransactionByHeight jsonrpc.go:172 [GetWithdrawTransactionByHeight] len transactions: 0 transactions: []
2019/03/28 21:12:09.686781 [1;35m[INF][m GID 43,  [SyncSideChain] Side chain [ XKUh4GLhFJiqAMTF6HyWQrV9pK9HcGUdfJ ] height:  225
2019/03/28 21:12:19.718366 [1;35m[INF][m GID 43, currentHeight: 225  chainHeight: 226
2019/03/28 21:12:19.721239 [1;32m[DBG][m GID 43, github.com/elastos/Elastos.ELA.Arbiter/rpc.GetWithdrawTransactionByHeight jsonrpc.go:172 [GetWithdrawTransactionByHeight] len transactions: 0 transactions: []
2019/03/28 21:12:19.723666 [1;35m[INF][m GID 43,  [SyncSideChain] Side chain [ XKUh4GLhFJiqAMTF6HyWQrV9pK9HcGUdfJ ] height:  226
2019/03/28 21:12:35.337593 [1;32m[DBG][m GID 118, github.com/elastos/Elastos.ELA.Arbiter/rpc.Call jsonrpc.go:294 POST requset err: Post http://127.0.0.1:20336: dial tcp 127.0.0.1:20336: connect: connection refused
2019/03/28 21:12:35.337664 [1;35m[INF][m GID 118, [SyncFromMainNode] rpc get current height failed
2019/03/28 21:12:35.337700 [1;31m[ERR][m GID 118, Arbitrator group sync error:  Post http://127.0.0.1:20336: dial tcp 127.0.0.1:20336: connect: connection refused
2019/03/28 21:12:36.339442 [1;32m[DBG][m GID 118, github.com/elastos/Elastos.ELA.Arbiter/rpc.Call jsonrpc.go:294 POST requset err: Post http://127.0.0.1:20336: dial tcp 127.0.0.1:20336: connect: connection refused
2019/03/28 21:12:36.339512 [1;35m[INF][m GID 118, [SyncFromMainNode] rpc get current height failed
2019/03/28 21:12:36.339540 [1;31m[ERR][m GID 118, Arbitrator group sync error:  Post http://127.0.0.1:20336: dial tcp 127.0.0.1:20336: connect: connection refused
2019/03/28 21:12:36.764625 [1;32m[DBG][m GID 43, github.com/elastos/Elastos.ELA.Arbiter/rpc.Call jsonrpc.go:294 POST requset err: Post http://127.0.0.1:20606: dial tcp 127.0.0.1:20606: connect: connection refused
