2019/03/28 20:56:04.948504 [1;35m[INF][m GID 1, Init wallet.
2019/03/28 20:56:04.979287 [1;35m[INF][m GID 1, Arbiter version:  a033
2019/03/28 20:56:04.979436 [1;35m[INF][m GID 1, 1. Init chain utxo cache.
2019/03/28 20:56:04.984423 [1;35m[INF][m GID 1, 2. Init finished transaction cache.
2019/03/28 20:56:04.984829 [1;35m[INF][m GID 1, 3. Start arbitrator P2P networks.
2019/03/28 20:56:04.985275 [1;35m[INF][m GID 1, 4. Init configurations.
2019/03/28 20:56:05.003568 [1;35m[INF][m GID 1, [arbitrator] Main chain height:  326
2019/03/28 20:56:05.008112 [1;35m[INF][m GID 1, [processBlock] block height: 325 current height: 325
2019/03/28 20:56:05.008715 [1;35m[INF][m GID 1, Side chain [ XKUh4GLhFJiqAMTF6HyWQrV9pK9HcGUdfJ ] SetLastUsedUtxoHeight  325
2019/03/28 20:56:05.016193 [1;35m[INF][m GID 1, [processBlock] block height: 326 current height: 326
2019/03/28 20:56:05.016625 [1;35m[INF][m GID 1, Side chain [ XKUh4GLhFJiqAMTF6HyWQrV9pK9HcGUdfJ ] SetLastUsedUtxoHeight  326
2019/03/28 20:56:05.023183 [1;32m[DBG][m GID 1, github.com/elastos/Elastos.ELA.Arbiter/arbitration/mainchain.(*MainChainImpl).SyncChainData mainchainImpl.go:273 No need sync, chain height: 326 current height: 326
2019/03/28 20:56:05.023537 [1;35m[INF][m GID 1, 5. Start arbitrator spv module.
2019/03/28 20:56:05.023586 [1;35m[INF][m GID 1, [StartSpvModule] new spv service: &{elastos_arbiter/data/spv 7630401 ENqDYUYURsHpp1wQ8LBdTLba4JhEvSDXEw [127.0.0.1:20338 127.0.0.1:21338 127.0.0.1:22338] 20338 4 100 <nil>}
2019/03/28 20:56:05.073222 [1;35m[INF][m GID 1, [StartSpvModule] register auxpow listener: ENG8Htd1wmmdeLMqivVgE5aeGHNjutQxhx
2019/03/28 20:56:05.073542 [1;35m[INF][m GID 1, [StartSpvModule] register dposit listener: XKUh4GLhFJiqAMTF6HyWQrV9pK9HcGUdfJ
2019/03/28 20:56:05.073764 [1;35m[INF][m GID 1, 6. Start arbitrator group monitor.
2019/03/28 20:56:05.073867 [1;35m[INF][m GID 1, 7. Start servers.
2019/03/28 20:56:05.073964 [1;35m[INF][m GID 1, 8. Start check and remove cross chain transactions from db.
2019/03/28 20:56:05.074062 [1;35m[INF][m GID 1, 9. Start side chain account divide.
2019/03/28 20:56:05.074641 [1;35m[INF][m GID 92, Check and remove cross chain transactions from dbcache finished
2019/03/28 20:56:05.995122 [1;35m[INF][m GID 54, currentHeight: 156  chainHeight: 157
2019/03/28 20:56:05.996701 [1;32m[DBG][m GID 54, github.com/elastos/Elastos.ELA.Arbiter/rpc.GetWithdrawTransactionByHeight jsonrpc.go:172 [GetWithdrawTransactionByHeight] len transactions: 0 transactions: []
2019/03/28 20:56:06.000628 [1;35m[INF][m GID 54,  [SyncSideChain] Side chain [ XKUh4GLhFJiqAMTF6HyWQrV9pK9HcGUdfJ ] height:  157
2019/03/28 20:56:10.088791 [1;35m[INF][m GID 90, [arbitrator] Main chain height:  327
2019/03/28 20:56:10.093807 [1;35m[INF][m GID 90, [processBlock] block height: 327 current height: 327
2019/03/28 20:56:10.094072 [1;35m[INF][m GID 90, Side chain [ XKUh4GLhFJiqAMTF6HyWQrV9pK9HcGUdfJ ] SetLastUsedUtxoHeight  327
2019/03/28 20:56:10.125992 [1;32m[DBG][m GID 90, github.com/elastos/Elastos.ELA.Arbiter/arbitration/mainchain.(*MainChainImpl).SyncChainData mainchainImpl.go:273 No need sync, chain height: 327 current height: 327
2019/03/28 20:56:11.017649 [1;35m[INF][m GID 54, currentHeight: 157  chainHeight: 158
2019/03/28 20:56:11.017913 [1;32m[DBG][m GID 54, github.com/elastos/Elastos.ELA.Arbiter/rpc.GetWithdrawTransactionByHeight jsonrpc.go:172 [GetWithdrawTransactionByHeight] len transactions: 0 transactions: []
2019/03/28 20:56:11.020961 [1;35m[INF][m GID 54,  [SyncSideChain] Side chain [ XKUh4GLhFJiqAMTF6HyWQrV9pK9HcGUdfJ ] height:  158
2019/03/28 20:56:31.170635 [1;35m[INF][m GID 90, [arbitrator] Main chain height:  328
2019/03/28 20:56:31.171812 [1;35m[INF][m GID 90, [processBlock] block height: 328 current height: 328
2019/03/28 20:56:31.172080 [1;35m[INF][m GID 90, Side chain [ XKUh4GLhFJiqAMTF6HyWQrV9pK9HcGUdfJ ] SetLastUsedUtxoHeight  328
2019/03/28 20:56:31.175883 [1;32m[DBG][m GID 90, github.com/elastos/Elastos.ELA.Arbiter/arbitration/mainchain.(*MainChainImpl).SyncChainData mainchainImpl.go:273 No need sync, chain height: 328 current height: 328
2019/03/28 20:56:32.177526 [1;35m[INF][m GID 90, [arbitrator] Main chain height:  329
2019/03/28 20:56:32.181809 [1;35m[INF][m GID 90, [processBlock] block height: 329 current height: 329
2019/03/28 20:56:32.182217 [1;35m[INF][m GID 90, Side chain [ XKUh4GLhFJiqAMTF6HyWQrV9pK9HcGUdfJ ] SetLastUsedUtxoHeight  329
2019/03/28 20:56:32.187503 [1;32m[DBG][m GID 90, github.com/elastos/Elastos.ELA.Arbiter/arbitration/mainchain.(*MainChainImpl).SyncChainData mainchainImpl.go:273 No need sync, chain height: 329 current height: 329
2019/03/28 20:56:34.072239 [1;35m[INF][m GID 54, currentHeight: 158  chainHeight: 159
2019/03/28 20:56:34.072590 [1;32m[DBG][m GID 54, github.com/elastos/Elastos.ELA.Arbiter/rpc.GetWithdrawTransactionByHeight jsonrpc.go:172 [GetWithdrawTransactionByHeight] len transactions: 0 transactions: []
2019/03/28 20:56:34.074997 [1;35m[INF][m GID 54,  [SyncSideChain] Side chain [ XKUh4GLhFJiqAMTF6HyWQrV9pK9HcGUdfJ ] height:  159
2019/03/28 20:56:38.093533 [1;35m[INF][m GID 54, currentHeight: 159  chainHeight: 160
2019/03/28 20:56:38.096224 [1;32m[DBG][m GID 54, github.com/elastos/Elastos.ELA.Arbiter/rpc.GetWithdrawTransactionByHeight jsonrpc.go:172 [GetWithdrawTransactionByHeight] len transactions: 0 transactions: []
2019/03/28 20:56:38.099975 [1;35m[INF][m GID 54,  [SyncSideChain] Side chain [ XKUh4GLhFJiqAMTF6HyWQrV9pK9HcGUdfJ ] height:  160
2019/03/28 20:56:43.581069 [1;35m[INF][m GID 54, currentHeight: 160  chainHeight: 162
2019/03/28 20:56:43.582679 [1;32m[DBG][m GID 54, github.com/elastos/Elastos.ELA.Arbiter/rpc.GetWithdrawTransactionByHeight jsonrpc.go:172 [GetWithdrawTransactionByHeight] len transactions: 0 transactions: []
2019/03/28 20:56:43.595022 [1;32m[DBG][m GID 54, github.com/elastos/Elastos.ELA.Arbiter/rpc.GetWithdrawTransactionByHeight jsonrpc.go:172 [GetWithdrawTransactionByHeight] len transactions: 0 transactions: []
2019/03/28 20:56:43.605437 [1;35m[INF][m GID 54,  [SyncSideChain] Side chain [ XKUh4GLhFJiqAMTF6HyWQrV9pK9HcGUdfJ ] height:  162
2019/03/28 20:56:44.606324 [1;35m[INF][m GID 54, currentHeight: 162  chainHeight: 163
2019/03/28 20:56:44.606736 [1;32m[DBG][m GID 54, github.com/elastos/Elastos.ELA.Arbiter/rpc.GetWithdrawTransactionByHeight jsonrpc.go:172 [GetWithdrawTransactionByHeight] len transactions: 0 transactions: []
2019/03/28 20:56:44.610689 [1;35m[INF][m GID 54,  [SyncSideChain] Side chain [ XKUh4GLhFJiqAMTF6HyWQrV9pK9HcGUdfJ ] height:  163
2019/03/28 20:56:47.592146 [1;35m[INF][m GID 90, [arbitrator] Main chain height:  330
2019/03/28 20:56:47.593576 [1;35m[INF][m GID 90, [processBlock] block height: 330 current height: 330
2019/03/28 20:56:47.593829 [1;35m[INF][m GID 90, Side chain [ XKUh4GLhFJiqAMTF6HyWQrV9pK9HcGUdfJ ] SetLastUsedUtxoHeight  330
2019/03/28 20:56:47.598126 [1;32m[DBG][m GID 90, github.com/elastos/Elastos.ELA.Arbiter/arbitration/mainchain.(*MainChainImpl).SyncChainData mainchainImpl.go:273 No need sync, chain height: 330 current height: 330
2019/03/28 20:56:51.836843 [1;35m[INF][m GID 90, [arbitrator] Main chain height:  331
2019/03/28 20:56:51.837595 [1;35m[INF][m GID 90, [processBlock] block height: 331 current height: 331
2019/03/28 20:56:51.838135 [1;35m[INF][m GID 90, Side chain [ XKUh4GLhFJiqAMTF6HyWQrV9pK9HcGUdfJ ] SetLastUsedUtxoHeight  331
2019/03/28 20:56:51.842608 [1;32m[DBG][m GID 90, github.com/elastos/Elastos.ELA.Arbiter/arbitration/mainchain.(*MainChainImpl).SyncChainData mainchainImpl.go:273 No need sync, chain height: 331 current height: 331
2019/03/28 20:56:52.823089 [1;35m[INF][m GID 54, currentHeight: 163  chainHeight: 164
2019/03/28 20:56:52.824916 [1;32m[DBG][m GID 54, github.com/elastos/Elastos.ELA.Arbiter/rpc.GetWithdrawTransactionByHeight jsonrpc.go:172 [GetWithdrawTransactionByHeight] len transactions: 0 transactions: []
2019/03/28 20:56:52.830638 [1;35m[INF][m GID 54,  [SyncSideChain] Side chain [ XKUh4GLhFJiqAMTF6HyWQrV9pK9HcGUdfJ ] height:  164
2019/03/28 20:56:56.859662 [1;35m[INF][m GID 90, [arbitrator] Main chain height:  332
2019/03/28 20:56:56.860430 [1;35m[INF][m GID 90, [processBlock] block height: 332 current height: 332
2019/03/28 20:56:56.860672 [1;35m[INF][m GID 90, Side chain [ XKUh4GLhFJiqAMTF6HyWQrV9pK9HcGUdfJ ] SetLastUsedUtxoHeight  332
2019/03/28 20:56:56.867642 [1;32m[DBG][m GID 90, github.com/elastos/Elastos.ELA.Arbiter/arbitration/mainchain.(*MainChainImpl).SyncChainData mainchainImpl.go:273 No need sync, chain height: 332 current height: 332
2019/03/28 20:56:57.869955 [1;35m[INF][m GID 90, [arbitrator] Main chain height:  333
2019/03/28 20:56:57.872324 [1;35m[INF][m GID 90, [processBlock] block height: 333 current height: 333
2019/03/28 20:56:57.872574 [1;35m[INF][m GID 90, Side chain [ XKUh4GLhFJiqAMTF6HyWQrV9pK9HcGUdfJ ] SetLastUsedUtxoHeight  333
2019/03/28 20:56:57.879752 [1;32m[DBG][m GID 90, github.com/elastos/Elastos.ELA.Arbiter/arbitration/mainchain.(*MainChainImpl).SyncChainData mainchainImpl.go:273 No need sync, chain height: 333 current height: 333
2019/03/28 20:56:59.846394 [1;35m[INF][m GID 54, currentHeight: 164  chainHeight: 165
2019/03/28 20:56:59.846800 [1;32m[DBG][m GID 54, github.com/elastos/Elastos.ELA.Arbiter/rpc.GetWithdrawTransactionByHeight jsonrpc.go:172 [GetWithdrawTransactionByHeight] len transactions: 0 transactions: []
2019/03/28 20:56:59.850282 [1;35m[INF][m GID 54,  [SyncSideChain] Side chain [ XKUh4GLhFJiqAMTF6HyWQrV9pK9HcGUdfJ ] height:  165
2019/03/28 20:57:01.852821 [1;35m[INF][m GID 54, currentHeight: 165  chainHeight: 166
2019/03/28 20:57:01.853449 [1;32m[DBG][m GID 54, github.com/elastos/Elastos.ELA.Arbiter/rpc.GetWithdrawTransactionByHeight jsonrpc.go:172 [GetWithdrawTransactionByHeight] len transactions: 0 transactions: []
2019/03/28 20:57:01.857633 [1;35m[INF][m GID 54,  [SyncSideChain] Side chain [ XKUh4GLhFJiqAMTF6HyWQrV9pK9HcGUdfJ ] height:  166
2019/03/28 20:57:03.859592 [1;35m[INF][m GID 54, currentHeight: 166  chainHeight: 167
2019/03/28 20:57:03.861209 [1;32m[DBG][m GID 54, github.com/elastos/Elastos.ELA.Arbiter/rpc.GetWithdrawTransactionByHeight jsonrpc.go:172 [GetWithdrawTransactionByHeight] len transactions: 0 transactions: []
2019/03/28 20:57:03.865316 [1;35m[INF][m GID 54,  [SyncSideChain] Side chain [ XKUh4GLhFJiqAMTF6HyWQrV9pK9HcGUdfJ ] height:  167
2019/03/28 20:57:03.897898 [1;35m[INF][m GID 90, [arbitrator] Main chain height:  334
2019/03/28 20:57:03.899009 [1;35m[INF][m GID 90, [processBlock] block height: 334 current height: 334
2019/03/28 20:57:03.899410 [1;35m[INF][m GID 90, Side chain [ XKUh4GLhFJiqAMTF6HyWQrV9pK9HcGUdfJ ] SetLastUsedUtxoHeight  334
2019/03/28 20:57:03.902662 [1;32m[DBG][m GID 90, github.com/elastos/Elastos.ELA.Arbiter/arbitration/mainchain.(*MainChainImpl).SyncChainData mainchainImpl.go:273 No need sync, chain height: 334 current height: 334
2019/03/28 20:57:04.866928 [1;35m[INF][m GID 54, currentHeight: 167  chainHeight: 169
2019/03/28 20:57:04.867566 [1;32m[DBG][m GID 54, github.com/elastos/Elastos.ELA.Arbiter/rpc.GetWithdrawTransactionByHeight jsonrpc.go:172 [GetWithdrawTransactionByHeight] len transactions: 0 transactions: []
2019/03/28 20:57:04.868083 [1;32m[DBG][m GID 54, github.com/elastos/Elastos.ELA.Arbiter/rpc.GetWithdrawTransactionByHeight jsonrpc.go:172 [GetWithdrawTransactionByHeight] len transactions: 0 transactions: []
2019/03/28 20:57:04.871278 [1;35m[INF][m GID 54,  [SyncSideChain] Side chain [ XKUh4GLhFJiqAMTF6HyWQrV9pK9HcGUdfJ ] height:  169
2019/03/28 20:57:05.075194 [1;35m[INF][m GID 92, Check and remove cross chain transactions from dbcache finished
2019/03/28 20:57:09.891186 [1;32m[DBG][m GID 54, github.com/elastos/Elastos.ELA.Arbiter/rpc.Call jsonrpc.go:294 POST requset err: Post http://127.0.0.1:20606: dial tcp 127.0.0.1:20606: connect: connection refused
