2019/03/28 20:29:29.859923 [1;35m[INF][m GID 1, Node version: v0.3.0-dirty
2019/03/28 20:29:29.860058 [1;35m[INF][m GID 1, go version go1.11.5 linux/amd64
2019/03/28 20:29:29.911670 [1;35m[INF][m GID 1, Start the P2P networks
2019/03/28 20:29:29.911723 [1;35m[INF][m GID 1, Start services
2019/03/28 20:29:32.424218 [1;35m[INF][m GID 44, New valid peer 127.0.0.1:51058 (inbound)
2019/03/28 20:29:32.424346 [1;33m[WRN][m GID 44, No sync peer candidates available
2019/03/28 20:29:32.426774 [1;35m[INF][m GID 44, Lost peer 127.0.0.1:51058 (inbound)
2019/03/28 20:29:34.051529 [1;35m[INF][m GID 44, New valid peer 127.0.0.1:51066 (inbound)
2019/03/28 20:29:34.051580 [1;33m[WRN][m GID 44, No sync peer candidates available
2019/03/28 20:29:34.915032 [1;35m[INF][m GID 1, Start consensus
2019/03/28 20:29:34.915119 [1;35m[INF][m GID 1, Start POW Services
2019/03/28 20:29:34.915219 [1;35m[INF][m GID 119, difficulty:  520095999
2019/03/28 20:29:34.921446 [1;35m[INF][m GID 44, New valid peer 127.0.0.1:22338 (outbound)
2019/03/28 20:29:34.921509 [1;33m[WRN][m GID 44, No sync peer candidates available
2019/03/28 20:29:34.921726 [1;35m[INF][m GID 44, New valid peer 127.0.0.1:21338 (outbound)
2019/03/28 20:29:34.921778 [1;33m[WRN][m GID 44, No sync peer candidates available
2019/03/28 20:29:37.428015 [1;35m[INF][m GID 44, New valid peer 127.0.0.1:51080 (inbound)
2019/03/28 20:29:37.428238 [1;33m[WRN][m GID 44, No sync peer candidates available
2019/03/28 20:29:39.915669 [1;35m[INF][m GID 119, five second countdown ends. Re-generate block.
2019/03/28 20:29:39.915790 [1;35m[INF][m GID 119, difficulty:  520095999
2019/03/28 20:29:44.132141 [1;35m[INF][m GID 44, FORK: Block a2a6ef9aca3a84c0ae1cc641a3f57d137202d39bea25e024a33718dedc50be31 forks the chain at height 99/block 1ee676d7e0f064066ff8ca756e22322861b09927a6caf5bbf970d02dc7136235, but does not cause a reorganize
2019/03/28 20:29:44.643159 [1;35m[INF][m GID 44, FORK: Block 229bde16e6ab913e275d056bb5631d124772231fffb628ac2e796dae0d943503 forks the chain at height 99/block 1ee676d7e0f064066ff8ca756e22322861b09927a6caf5bbf970d02dc7136235, but does not cause a reorganize
2019/03/28 20:29:44.916483 [1;35m[INF][m GID 119, five second countdown ends. Re-generate block.
2019/03/28 20:29:44.916857 [1;35m[INF][m GID 119, difficulty:  520095999
2019/03/28 20:29:45.055814 [1;35m[INF][m GID 44, FORK: Block ea85a00f7e77934200cb8668b41453115997c06619be05c37b65df88290239bc forks the chain at height 99/block 1ee676d7e0f064066ff8ca756e22322861b09927a6caf5bbf970d02dc7136235, but does not cause a reorganize
2019/03/28 20:29:47.788324 [1;35m[INF][m GID 44, FORK: Block bf88e340a2c9066a8228254e124147999ab9dc344effe847f4adbe3556b8e8f4 forks the chain at height 99/block 1ee676d7e0f064066ff8ca756e22322861b09927a6caf5bbf970d02dc7136235, but does not cause a reorganize
2019/03/28 20:29:49.917244 [1;35m[INF][m GID 119, five second countdown ends. Re-generate block.
2019/03/28 20:29:49.917620 [1;35m[INF][m GID 119, difficulty:  520095999
2019/03/28 20:29:53.021845 [1;35m[INF][m GID 44, FORK: Block 8fa8ada3f18dff10fbb4541ae5677efdd14ceb3f26d31a1172734ed0cd011831 forks the chain at height 99/block 1ee676d7e0f064066ff8ca756e22322861b09927a6caf5bbf970d02dc7136235, but does not cause a reorganize
2019/03/28 20:29:54.918849 [1;35m[INF][m GID 119, five second countdown ends. Re-generate block.
2019/03/28 20:29:54.918960 [1;35m[INF][m GID 119, difficulty:  520095999
2019/03/28 20:29:58.762347 [1;35m[INF][m GID 44, FORK: Block 14b9b934286b4dc668215c1be7bb39f8962725dfeb3365a2c86e73ebbf4c95ad forks the chain at height 99/block 1ee676d7e0f064066ff8ca756e22322861b09927a6caf5bbf970d02dc7136235, but does not cause a reorganize
2019/03/28 20:29:59.919757 [1;35m[INF][m GID 119, five second countdown ends. Re-generate block.
2019/03/28 20:29:59.920212 [1;35m[INF][m GID 119, difficulty:  520095999
2019/03/28 20:30:01.041949 [1;35m[INF][m GID 44, FORK: Block b8aed2f93a51591db19d5cfca64dd0a3e52afcc3765c1ca7836407516efe6dfa forks the chain at height 99/block 1ee676d7e0f064066ff8ca756e22322861b09927a6caf5bbf970d02dc7136235, but does not cause a reorganize
2019/03/28 20:30:01.819098 [1;35m[INF][m GID 119, <================Solved Block==============>
2019/03/28 20:30:01.823478 [1;35m[INF][m GID 119, difficulty:  520095999
2019/03/28 20:30:02.336262 [1;35m[INF][m GID 44, FORK: Block 855c6372b4b95cbcf951e3dc66526546ceaba2ebb28714e7e8a5bb079a2ff282 forks the chain at height 99/block 1ee676d7e0f064066ff8ca756e22322861b09927a6caf5bbf970d02dc7136235, but does not cause a reorganize
2019/03/28 20:30:03.986996 [1;35m[INF][m GID 119, <================Solved Block==============>
2019/03/28 20:30:03.988109 [1;35m[INF][m GID 119, difficulty:  520095999
2019/03/28 20:30:08.988198 [1;35m[INF][m GID 119, five second countdown ends. Re-generate block.
2019/03/28 20:30:08.988410 [1;35m[INF][m GID 119, difficulty:  520095999
2019/03/28 20:30:10.569850 [1;35m[INF][m GID 44, FORK: Block cb03f4c1cc51f7e434b4458fc634172859b4fb54d9cf2096f111e2fc4d96f5db forks the chain at height 99/block 1ee676d7e0f064066ff8ca756e22322861b09927a6caf5bbf970d02dc7136235, but does not cause a reorganize
2019/03/28 20:30:12.359477 [1;35m[INF][m GID 44, FORK: Block a14a32e2e9f0c9ae2929e5ed954739164d6db5f50c0bc34fa308710e3c74a1f2 forks the chain at height 99/block 1ee676d7e0f064066ff8ca756e22322861b09927a6caf5bbf970d02dc7136235, but does not cause a reorganize
2019/03/28 20:30:13.570404 [1;35m[INF][m GID 44, FORK: Block 3441a281517090718ec04ac03b2c381a41e3730fd75a7cc9ab4a8ad65dc026c3 forks the chain at height 99/block 1ee676d7e0f064066ff8ca756e22322861b09927a6caf5bbf970d02dc7136235, but does not cause a reorganize
2019/03/28 20:30:13.994702 [1;35m[INF][m GID 119, five second countdown ends. Re-generate block.
2019/03/28 20:30:13.995463 [1;35m[INF][m GID 119, difficulty:  520095999
2019/03/28 20:30:18.999304 [1;35m[INF][m GID 119, five second countdown ends. Re-generate block.
2019/03/28 20:30:18.999764 [1;35m[INF][m GID 119, difficulty:  520095999
2019/03/28 20:30:20.162153 [1;35m[INF][m GID 44, FORK: Block 009a47179e4566f4146c314c9f49fbf66172f58f8e8e4904dc281a85263dc6c2 forks the chain at height 99/block 1ee676d7e0f064066ff8ca756e22322861b09927a6caf5bbf970d02dc7136235, but does not cause a reorganize
2019/03/28 20:30:20.793490 [1;35m[INF][m GID 119, <================Solved Block==============>
2019/03/28 20:30:20.794018 [1;35m[INF][m GID 119, difficulty:  520095999
2019/03/28 20:30:21.214544 [1;35m[INF][m GID 44, FORK: Block d8dc56633eb1c5acd533665a8601e3fc5f207cf136d6980e1b721b8a569a0a4e forks the chain at height 99/block 1ee676d7e0f064066ff8ca756e22322861b09927a6caf5bbf970d02dc7136235, but does not cause a reorganize
2019/03/28 20:30:23.061047 [1;35m[INF][m GID 44, FORK: Block a735ce7fafca784d1c9776ba4acc3ce0b8aeb31ff86593940192538435d40f9b forks the chain at height 99/block 1ee676d7e0f064066ff8ca756e22322861b09927a6caf5bbf970d02dc7136235, but does not cause a reorganize
2019/03/28 20:30:23.110764 [1;35m[INF][m GID 44, FORK: Block 4c9efbae99091adc0cad2f1ddd555d04fe234bb90619b223348442daa86c089e forks the chain at height 99/block 1ee676d7e0f064066ff8ca756e22322861b09927a6caf5bbf970d02dc7136235, but does not cause a reorganize
2019/03/28 20:30:23.112119 [1;35m[INF][m GID 44, Lost peer 127.0.0.1:22338 (outbound)
2019/03/28 20:30:24.658002 [1;35m[INF][m GID 44, FORK: Block 6257f3410aaa42cc66dc315dc7496d7697a1e9c31677600ae1b0c37d66a82883 forks the chain at height 99/block 1ee676d7e0f064066ff8ca756e22322861b09927a6caf5bbf970d02dc7136235, but does not cause a reorganize
2019/03/28 20:30:25.795246 [1;35m[INF][m GID 119, five second countdown ends. Re-generate block.
2019/03/28 20:30:25.798889 [1;35m[INF][m GID 119, difficulty:  520095999
2019/03/28 20:30:26.036302 [1;35m[INF][m GID 44, FORK: Block 55bc643708715b151f4823a70c6b3382bed8aa07e37bc445b7b5f47316d84eb1 forks the chain at height 99/block 1ee676d7e0f064066ff8ca756e22322861b09927a6caf5bbf970d02dc7136235, but does not cause a reorganize
2019/03/28 20:30:27.923570 [1;35m[INF][m GID 44, FORK: Block 324e9721725d462ddb7be3398529a6457ebb1c528338a89e38f473e6551d2eb7 forks the chain at height 99/block 1ee676d7e0f064066ff8ca756e22322861b09927a6caf5bbf970d02dc7136235, but does not cause a reorganize
2019/03/28 20:30:28.213526 [1;35m[INF][m GID 44, New valid peer 127.0.0.1:22338 (outbound)
2019/03/28 20:30:28.213593 [1;33m[WRN][m GID 44, No sync peer candidates available
2019/03/28 20:30:28.749423 [1;35m[INF][m GID 119, <================Solved Block==============>
2019/03/28 20:30:28.749837 [1;35m[INF][m GID 119, difficulty:  520095999
2019-03-28 20:30:29.916 [INF] STAT: -> 132 [99 127.0.0.1:51066 (inbound), 99 127.0.0.1:51080 (inbound), 99 127.0.0.1:22338 (outbound), 99 127.0.0.1:21338 (outbound)]
2019/03/28 20:30:30.102646 [1;35m[INF][m GID 119, <================Solved Block==============>
2019/03/28 20:30:30.105398 [1;35m[INF][m GID 119, difficulty:  520095999
2019/03/28 20:30:30.412130 [1;35m[INF][m GID 44, FORK: Block 326ff2bf4ecc7e16dbd97bd5c20168a09b90e0274a4b30b9e8d40fa8dbd9fea1 forks the chain at height 99/block 1ee676d7e0f064066ff8ca756e22322861b09927a6caf5bbf970d02dc7136235, but does not cause a reorganize
2019/03/28 20:30:33.439255 [1;35m[INF][m GID 44, FORK: Block 39de9285814ce7bad289c486604d703560b0f512a0704dfe2d16edc13cff84b2 forks the chain at height 99/block 1ee676d7e0f064066ff8ca756e22322861b09927a6caf5bbf970d02dc7136235, but does not cause a reorganize
2019/03/28 20:30:34.644528 [1;35m[INF][m GID 44, FORK: Block 63ec681cc2ac26e45e38816f0d44e6f9fcc3e64d71527080784881b433446583 forks the chain at height 99/block 1ee676d7e0f064066ff8ca756e22322861b09927a6caf5bbf970d02dc7136235, but does not cause a reorganize
2019/03/28 20:30:35.109200 [1;35m[INF][m GID 119, five second countdown ends. Re-generate block.
2019/03/28 20:30:35.109363 [1;35m[INF][m GID 119, difficulty:  520095999
2019/03/28 20:30:36.109990 [1;35m[INF][m GID 119, <================Solved Block==============>
2019/03/28 20:30:36.110518 [1;35m[INF][m GID 119, difficulty:  520095999
2019/03/28 20:30:37.487385 [1;35m[INF][m GID 119, <================Solved Block==============>
2019/03/28 20:30:37.487791 [1;35m[INF][m GID 119, difficulty:  520095999
2019/03/28 20:30:38.007569 [1;35m[INF][m GID 44, FORK: Block 18355f4297dd94273ded341b9be1149099362b00771d8fe476dc5a7cf771e999 forks the chain at height 99/block 1ee676d7e0f064066ff8ca756e22322861b09927a6caf5bbf970d02dc7136235, but does not cause a reorganize
2019/03/28 20:30:39.575024 [1;35m[INF][m GID 44, FORK: Block 7893cc2276e308d5e858402a035116e21b8c4c10f0fd23b7f8ea7f954b387ccb forks the chain at height 99/block 1ee676d7e0f064066ff8ca756e22322861b09927a6caf5bbf970d02dc7136235, but does not cause a reorganize
2019/03/28 20:30:42.488574 [1;35m[INF][m GID 119, five second countdown ends. Re-generate block.
2019/03/28 20:30:42.488746 [1;35m[INF][m GID 119, difficulty:  520095999
2019/03/28 20:30:42.632141 [1;35m[INF][m GID 44, FORK: Block 9e4a35c4504437f4270d6ea17874ae01ffd9d94462261471f36c9d14d0770381 forks the chain at height 99/block 1ee676d7e0f064066ff8ca756e22322861b09927a6caf5bbf970d02dc7136235, but does not cause a reorganize
2019/03/28 20:30:45.964563 [1;35m[INF][m GID 119, <================Solved Block==============>
2019/03/28 20:30:45.965416 [1;35m[INF][m GID 119, difficulty:  520095999
2019/03/28 20:30:46.162991 [1;35m[INF][m GID 44, FORK: Block a6b8f0df74a5eb7ef5784abaea4dee530eb7f410960c31f93e450e91ba192f1e forks the chain at height 99/block 1ee676d7e0f064066ff8ca756e22322861b09927a6caf5bbf970d02dc7136235, but does not cause a reorganize
2019/03/28 20:30:46.813768 [1;35m[INF][m GID 119, <================Solved Block==============>
2019/03/28 20:30:46.814260 [1;35m[INF][m GID 119, difficulty:  520095999
2019/03/28 20:30:47.097950 [1;35m[INF][m GID 44, FORK: Block f07721defc38ceda576e71e2595c4bdd8fd1ffcb1b155bebd3c67281ee9ff2ab forks the chain at height 99/block 1ee676d7e0f064066ff8ca756e22322861b09927a6caf5bbf970d02dc7136235, but does not cause a reorganize
2019/03/28 20:30:48.786715 [1;35m[INF][m GID 44, FORK: Block 8aef102285c71aefe75b8d36cb025da6e18a3f036ade386e1624a27ffc2ad71d forks the chain at height 99/block 1ee676d7e0f064066ff8ca756e22322861b09927a6caf5bbf970d02dc7136235, but does not cause a reorganize
2019/03/28 20:30:50.155044 [1;35m[INF][m GID 44, FORK: Block c987baec81274a867455a25b1fa006c67aee0b3825ae9d4d28d0500086f6266c forks the chain at height 99/block 1ee676d7e0f064066ff8ca756e22322861b09927a6caf5bbf970d02dc7136235, but does not cause a reorganize
2019/03/28 20:30:51.814641 [1;35m[INF][m GID 119, five second countdown ends. Re-generate block.
2019/03/28 20:30:51.815058 [1;35m[INF][m GID 119, difficulty:  520095999
2019/03/28 20:30:52.593314 [1;35m[INF][m GID 44, FORK: Block c231d379519400d754e95d96ad74b3524feb5517ede7e0c5630e5480caed0c62 forks the chain at height 99/block 1ee676d7e0f064066ff8ca756e22322861b09927a6caf5bbf970d02dc7136235, but does not cause a reorganize
2019/03/28 20:30:53.536182 [1;35m[INF][m GID 119, <================Solved Block==============>
2019/03/28 20:30:53.536758 [1;35m[INF][m GID 119, difficulty:  520095999
2019/03/28 20:30:55.941151 [1;35m[INF][m GID 44, FORK: Block 53df3006b965060211bc370b6f408b2172c222a0e9853bd3ab2c953441910055 forks the chain at height 99/block 1ee676d7e0f064066ff8ca756e22322861b09927a6caf5bbf970d02dc7136235, but does not cause a reorganize
2019/03/28 20:30:58.538090 [1;35m[INF][m GID 119, five second countdown ends. Re-generate block.
2019/03/28 20:30:58.538217 [1;35m[INF][m GID 119, difficulty:  520095999
2019/03/28 20:30:59.201483 [1;35m[INF][m GID 119, <================Solved Block==============>
2019/03/28 20:30:59.201866 [1;35m[INF][m GID 119, difficulty:  520095999
2019/03/28 20:31:04.203219 [1;35m[INF][m GID 119, five second countdown ends. Re-generate block.
2019/03/28 20:31:04.203400 [1;35m[INF][m GID 119, difficulty:  520095999
2019/03/28 20:31:04.436746 [1;35m[INF][m GID 44, FORK: Block 763aeb4c73b32e2a96f81c9c7907b5e742cd18f082f7cf2187dea7b717905df0 forks the chain at height 99/block 1ee676d7e0f064066ff8ca756e22322861b09927a6caf5bbf970d02dc7136235, but does not cause a reorganize
2019/03/28 20:31:05.739743 [1;35m[INF][m GID 44, FORK: Block 6912cf39c9f83ef5fc773cb6d2c457d80cf6c56c77b4a51c8edf0bf5dae40d21 forks the chain at height 99/block 1ee676d7e0f064066ff8ca756e22322861b09927a6caf5bbf970d02dc7136235, but does not cause a reorganize
2019/03/28 20:31:05.749905 [1;35m[INF][m GID 44, FORK: Block 9e40c3bc245e6c29b0ce99e183dfac6f6cf507ceff352c50e6a07cad3cee2899 forks the chain at height 99/block 1ee676d7e0f064066ff8ca756e22322861b09927a6caf5bbf970d02dc7136235, but does not cause a reorganize
2019/03/28 20:31:05.984264 [1;35m[INF][m GID 44, FORK: Block d9ecd5281e8dffa19d09ddcfa53546f6277b8414c123bc3107cf6546c9542c7c forks the chain at height 99/block 1ee676d7e0f064066ff8ca756e22322861b09927a6caf5bbf970d02dc7136235, but does not cause a reorganize
2019/03/28 20:31:06.322952 [1;35m[INF][m GID 44, FORK: Block 2f73fe946ec7b4960ef3f216530465fbb72a1138cfc975380c1e072e1ef6e1e0 forks the chain at height 99/block 1ee676d7e0f064066ff8ca756e22322861b09927a6caf5bbf970d02dc7136235, but does not cause a reorganize
2019/03/28 20:31:07.898365 [1;35m[INF][m GID 44, FORK: Block fd87d1ec3a23a687a8d4cf180baea0515cc9801a1c515939b3d7547fe4463ffd forks the chain at height 99/block 1ee676d7e0f064066ff8ca756e22322861b09927a6caf5bbf970d02dc7136235, but does not cause a reorganize
2019/03/28 20:31:09.205703 [1;35m[INF][m GID 119, five second countdown ends. Re-generate block.
2019/03/28 20:31:09.206024 [1;35m[INF][m GID 119, difficulty:  520095999
2019/03/28 20:31:11.655368 [1;35m[INF][m GID 44, FORK: Block c2558f4454e98985f65fe49dd1e114b3d1b6c49b4aa1bd83b15cff081c87a06a forks the chain at height 99/block 1ee676d7e0f064066ff8ca756e22322861b09927a6caf5bbf970d02dc7136235, but does not cause a reorganize
2019/03/28 20:31:13.734092 [1;35m[INF][m GID 119, <================Solved Block==============>
2019/03/28 20:31:13.736294 [1;35m[INF][m GID 119, difficulty:  520095999
2019/03/28 20:31:15.460797 [1;35m[INF][m GID 119, <================Solved Block==============>
2019/03/28 20:31:15.461207 [1;35m[INF][m GID 119, difficulty:  520095999
2019/03/28 20:31:19.538934 [1;35m[INF][m GID 119, <================Solved Block==============>
2019/03/28 20:31:19.541694 [1;35m[INF][m GID 119, difficulty:  520095999
2019/03/28 20:31:19.607860 [1;35m[INF][m GID 119, <================Solved Block==============>
2019/03/28 20:31:19.608323 [1;35m[INF][m GID 119, difficulty:  520095999
2019/03/28 20:31:20.326868 [1;35m[INF][m GID 119, <================Solved Block==============>
2019/03/28 20:31:20.327628 [1;35m[INF][m GID 119, difficulty:  520095999
2019/03/28 20:31:24.825626 [1;35m[INF][m GID 44, FORK: Block dc52babe85c265f9635714d6589d21b272732a0ad29416b1daf931080c12024f forks the chain at height 99/block 1ee676d7e0f064066ff8ca756e22322861b09927a6caf5bbf970d02dc7136235, but does not cause a reorganize
2019/03/28 20:31:25.329554 [1;35m[INF][m GID 119, five second countdown ends. Re-generate block.
2019/03/28 20:31:25.329669 [1;35m[INF][m GID 119, difficulty:  520095999
2019/03/28 20:31:25.503285 [1;35m[INF][m GID 119, <================Solved Block==============>
2019/03/28 20:31:25.503875 [1;35m[INF][m GID 119, difficulty:  520095999
2019/03/28 20:31:27.487991 [1;35m[INF][m GID 44, FORK: Block a8b5af0b9441bf98a42a1813214b6dbeb1c3c0fd43690f416213aa32e25bf9de forks the chain at height 99/block 1ee676d7e0f064066ff8ca756e22322861b09927a6caf5bbf970d02dc7136235, but does not cause a reorganize
2019/03/28 20:31:27.881924 [1;35m[INF][m GID 44, FORK: Block b8f155e707d57c0ff404410d61ecfac277f481507e28a35f7dd068d9e1c4951b forks the chain at height 99/block 1ee676d7e0f064066ff8ca756e22322861b09927a6caf5bbf970d02dc7136235, but does not cause a reorganize
2019/03/28 20:31:27.886959 [1;35m[INF][m GID 44, Lost peer 127.0.0.1:51080 (inbound)
2019-03-28 20:31:30.398 [INF] STAT: -> 145 [99 127.0.0.1:51066 (inbound), 99 127.0.0.1:22338 (outbound), 99 127.0.0.1:21338 (outbound)]
2019/03/28 20:31:30.505238 [1;35m[INF][m GID 119, five second countdown ends. Re-generate block.
2019/03/28 20:31:30.511196 [1;35m[INF][m GID 119, difficulty:  520095999
2019/03/28 20:31:32.889653 [1;35m[INF][m GID 44, New valid peer 127.0.0.1:51228 (inbound)
2019/03/28 20:31:32.889727 [1;33m[WRN][m GID 44, No sync peer candidates available
2019/03/28 20:31:35.520266 [1;35m[INF][m GID 119, five second countdown ends. Re-generate block.
2019/03/28 20:31:35.521635 [1;35m[INF][m GID 119, difficulty:  520095999
2019/03/28 20:31:39.262015 [1;35m[INF][m GID 44, FORK: Block 71b391408e165e95df96a9d3b3d732c630fc762f764d3240bbb2276893b583e2 forks the chain at height 99/block 1ee676d7e0f064066ff8ca756e22322861b09927a6caf5bbf970d02dc7136235, but does not cause a reorganize
2019/03/28 20:31:40.522290 [1;35m[INF][m GID 119, five second countdown ends. Re-generate block.
2019/03/28 20:31:40.522688 [1;35m[INF][m GID 119, difficulty:  520095999
2019/03/28 20:31:45.526900 [1;35m[INF][m GID 119, five second countdown ends. Re-generate block.
2019/03/28 20:31:45.527182 [1;35m[INF][m GID 119, difficulty:  520095999
2019/03/28 20:31:50.656754 [1;35m[INF][m GID 119, five second countdown ends. Re-generate block.
2019/03/28 20:31:50.657228 [1;35m[INF][m GID 119, difficulty:  520095999
2019/03/28 20:31:50.677191 [1;35m[INF][m GID 44, FORK: Block 33cffcecc1b4258a0b536c2a33b44a263a8f225a102f557cc680ebf3c45017a7 forks the chain at height 99/block 1ee676d7e0f064066ff8ca756e22322861b09927a6caf5bbf970d02dc7136235, but does not cause a reorganize
2019/03/28 20:31:50.679434 [1;35m[INF][m GID 44, Lost peer 127.0.0.1:22338 (outbound)
2019/03/28 20:31:51.511579 [1;35m[INF][m GID 44, FORK: Block 9ab7a89c7885a4957a0e76136d26e972f56782a15d7b2432459cceec8ce410cd forks the chain at height 99/block 1ee676d7e0f064066ff8ca756e22322861b09927a6caf5bbf970d02dc7136235, but does not cause a reorganize
2019/03/28 20:31:51.513236 [1;35m[INF][m GID 44, Lost peer 127.0.0.1:21338 (outbound)
2019/03/28 20:31:53.832905 [1;35m[INF][m GID 119, <================Solved Block==============>
2019/03/28 20:31:53.833293 [1;35m[INF][m GID 119, difficulty:  520095999
2019/03/28 20:31:55.681012 [1;35m[INF][m GID 44, New valid peer 127.0.0.1:22338 (outbound)
2019/03/28 20:31:55.681078 [1;33m[WRN][m GID 44, No sync peer candidates available
2019/03/28 20:31:56.091055 [1;35m[INF][m GID 44, FORK: Block f46e516620ac8bdd2cdc4bd872537e01c4fc16f616bb0ceda9be4016d1ff236c forks the chain at height 99/block 1ee676d7e0f064066ff8ca756e22322861b09927a6caf5bbf970d02dc7136235, but does not cause a reorganize
2019/03/28 20:31:56.523779 [1;35m[INF][m GID 44, New valid peer 127.0.0.1:21338 (outbound)
2019/03/28 20:31:56.524066 [1;33m[WRN][m GID 44, No sync peer candidates available
2019/03/28 20:31:57.394330 [1;35m[INF][m GID 44, FORK: Block b1224b149c39bc946f3302d1ac62e9742d942f8136fca156ae0bc77f8ee07ee2 forks the chain at height 99/block 1ee676d7e0f064066ff8ca756e22322861b09927a6caf5bbf970d02dc7136235, but does not cause a reorganize
2019/03/28 20:31:58.837005 [1;35m[INF][m GID 119, five second countdown ends. Re-generate block.
2019/03/28 20:31:58.837196 [1;35m[INF][m GID 119, difficulty:  520095999
2019/03/28 20:32:00.156962 [1;35m[INF][m GID 44, FORK: Block d8572169c9f3acb2b8da4f154bc39c7282f88ef3a4376571cc19d560eb410eaa forks the chain at height 99/block 1ee676d7e0f064066ff8ca756e22322861b09927a6caf5bbf970d02dc7136235, but does not cause a reorganize
2019/03/28 20:32:00.157798 [1;35m[INF][m GID 44, Lost peer 127.0.0.1:51066 (inbound)
2019/03/28 20:32:00.167549 [1;35m[INF][m GID 44, FORK: Block 4ad9c526a13b52077301cf03c0effdc693eb0650f81a2becd3e8f7a238123650 forks the chain at height 99/block 1ee676d7e0f064066ff8ca756e22322861b09927a6caf5bbf970d02dc7136235, but does not cause a reorganize
2019/03/28 20:32:02.461384 [1;35m[INF][m GID 119, <================Solved Block==============>
2019/03/28 20:32:02.462219 [1;35m[INF][m GID 119, difficulty:  520095999
2019/03/28 20:32:04.872476 [1;35m[INF][m GID 44, FORK: Block a7f6a70fab713c5e8a1a9ddd091036f901ff44f7f6440a729529a70c05ef35e3 forks the chain at height 99/block 1ee676d7e0f064066ff8ca756e22322861b09927a6caf5bbf970d02dc7136235, but does not cause a reorganize
2019/03/28 20:32:05.159027 [1;35m[INF][m GID 44, New valid peer 127.0.0.1:51274 (inbound)
2019/03/28 20:32:05.159108 [1;33m[WRN][m GID 44, No sync peer candidates available
2019/03/28 20:32:06.877668 [1;35m[INF][m GID 44, FORK: Block a6371b73cbc7be00853c228b568af22094e5854f20b176b816ac1a54d42cb4dc forks the chain at height 99/block 1ee676d7e0f064066ff8ca756e22322861b09927a6caf5bbf970d02dc7136235, but does not cause a reorganize
2019/03/28 20:32:07.043961 [1;35m[INF][m GID 44, FORK: Block cd75feae4c931c7af367f8286995631b01658c59b879eedce734b0fcd06239fd forks the chain at height 99/block 1ee676d7e0f064066ff8ca756e22322861b09927a6caf5bbf970d02dc7136235, but does not cause a reorganize
2019/03/28 20:32:07.188729 [1;35m[INF][m GID 44, FORK: Block 190f111627353c304d498677930b3dcdc4bf4e35895249366bef6c3a1362a24d forks the chain at height 99/block 1ee676d7e0f064066ff8ca756e22322861b09927a6caf5bbf970d02dc7136235, but does not cause a reorganize
2019/03/28 20:32:07.462375 [1;35m[INF][m GID 119, five second countdown ends. Re-generate block.
2019/03/28 20:32:07.463250 [1;35m[INF][m GID 119, difficulty:  520095999
2019/03/28 20:32:08.131067 [1;35m[INF][m GID 119, <================Solved Block==============>
2019/03/28 20:32:08.132312 [1;35m[INF][m GID 119, difficulty:  520095999
2019/03/28 20:32:09.783854 [1;35m[INF][m GID 119, <================Solved Block==============>
2019/03/28 20:32:09.785490 [1;35m[INF][m GID 119, difficulty:  520095999
2019/03/28 20:32:09.962470 [1;35m[INF][m GID 44, FORK: Block fb11aeaa5415b556149a0fa68a99ee2a74bd1a6f8be6c9cfb4b830a832d5f654 forks the chain at height 99/block 1ee676d7e0f064066ff8ca756e22322861b09927a6caf5bbf970d02dc7136235, but does not cause a reorganize
2019/03/28 20:32:10.793985 [1;35m[INF][m GID 119, <================Solved Block==============>
2019/03/28 20:32:10.797704 [1;35m[INF][m GID 119, difficulty:  520095999
2019/03/28 20:32:11.392581 [1;35m[INF][m GID 119, <================Solved Block==============>
2019/03/28 20:32:11.394884 [1;35m[INF][m GID 119, difficulty:  520095999
2019/03/28 20:32:12.253639 [1;35m[INF][m GID 44, FORK: Block c12011629d73562f59afaab694afb897d8e84c019edc12e21249ae60410b7e76 forks the chain at height 99/block 1ee676d7e0f064066ff8ca756e22322861b09927a6caf5bbf970d02dc7136235, but does not cause a reorganize
2019/03/28 20:32:13.579725 [1;35m[INF][m GID 119, <================Solved Block==============>
2019/03/28 20:32:13.580200 [1;35m[INF][m GID 119, difficulty:  520095999
2019/03/28 20:32:16.018394 [1;35m[INF][m GID 44, FORK: Block f00ec87d9f6a68dd1e977544838ad1625456919d7f9c92e7a65d7d3cc8258c5a forks the chain at height 99/block 1ee676d7e0f064066ff8ca756e22322861b09927a6caf5bbf970d02dc7136235, but does not cause a reorganize
2019/03/28 20:32:18.736180 [1;35m[INF][m GID 119, five second countdown ends. Re-generate block.
2019/03/28 20:32:18.736375 [1;35m[INF][m GID 119, difficulty:  520095999
2019/03/28 20:32:19.388631 [1;35m[INF][m GID 44, FORK: Block d6cb21c26232651d77c6f048bb03313a71d40b592595a8cc45fc8304134b9f53 forks the chain at height 99/block 1ee676d7e0f064066ff8ca756e22322861b09927a6caf5bbf970d02dc7136235, but does not cause a reorganize
2019/03/28 20:32:23.736512 [1;35m[INF][m GID 119, five second countdown ends. Re-generate block.
2019/03/28 20:32:23.736648 [1;35m[INF][m GID 119, difficulty:  520095999
2019/03/28 20:32:23.837951 [1;35m[INF][m GID 44, FORK: Block 3cd7946053394e4102796220d6a58f92a253ff8950575dd192e472ecd2adee6b forks the chain at height 99/block 1ee676d7e0f064066ff8ca756e22322861b09927a6caf5bbf970d02dc7136235, but does not cause a reorganize
2019/03/28 20:32:28.737193 [1;35m[INF][m GID 119, five second countdown ends. Re-generate block.
2019/03/28 20:32:28.737432 [1;35m[INF][m GID 119, difficulty:  520095999
2019-03-28 20:32:29.912 [INF] STAT: -> 152 [99 127.0.0.1:51274 (inbound), 99 127.0.0.1:51228 (inbound), 99 127.0.0.1:22338 (outbound), 99 127.0.0.1:21338 (outbound)]
2019/03/28 20:32:30.364577 [1;35m[INF][m GID 44, FORK: Block 1f2a784d7bda585e3525f783ee94df013ab749ce15a59370b285ad08265aeddb forks the chain at height 99/block 1ee676d7e0f064066ff8ca756e22322861b09927a6caf5bbf970d02dc7136235, but does not cause a reorganize
2019/03/28 20:32:33.738162 [1;35m[INF][m GID 119, five second countdown ends. Re-generate block.
2019/03/28 20:32:33.738624 [1;35m[INF][m GID 119, difficulty:  520095999
2019/03/28 20:32:34.325677 [1;35m[INF][m GID 44, FORK: Block 7a8e54b5d0c391f7d81eac50783dd111130adef083564bfc28c5da44c984ef90 forks the chain at height 99/block 1ee676d7e0f064066ff8ca756e22322861b09927a6caf5bbf970d02dc7136235, but does not cause a reorganize
2019/03/28 20:32:36.409447 [1;35m[INF][m GID 44, FORK: Block bf04852b0c1162081e47638313e285b9a56394634abfc0a156bb673150727964 forks the chain at height 99/block 1ee676d7e0f064066ff8ca756e22322861b09927a6caf5bbf970d02dc7136235, but does not cause a reorganize
2019/03/28 20:32:38.739249 [1;35m[INF][m GID 119, five second countdown ends. Re-generate block.
2019/03/28 20:32:38.739366 [1;35m[INF][m GID 119, difficulty:  520095999
2019/03/28 20:32:41.324590 [1;35m[INF][m GID 44, FORK: Block 08ce3a49440e7f8207f25fbc61c5c14b829446f59163758b07af5390209f25cd forks the chain at height 99/block 1ee676d7e0f064066ff8ca756e22322861b09927a6caf5bbf970d02dc7136235, but does not cause a reorganize
2019/03/28 20:32:43.782691 [1;35m[INF][m GID 119, five second countdown ends. Re-generate block.
2019/03/28 20:32:43.782965 [1;35m[INF][m GID 119, difficulty:  520095999
2019/03/28 20:32:48.304639 [1;35m[INF][m GID 119, <================Solved Block==============>
2019/03/28 20:32:48.305298 [1;35m[INF][m GID 119, difficulty:  520095999
2019/03/28 20:32:49.892112 [1;35m[INF][m GID 44, FORK: Block 32beb56108c1e0cdbd246325e644abaff3ef025b701df4037e12a5d0b5b0243e forks the chain at height 99/block 1ee676d7e0f064066ff8ca756e22322861b09927a6caf5bbf970d02dc7136235, but does not cause a reorganize
2019/03/28 20:32:51.484861 [1;35m[INF][m GID 44, FORK: Block 0baf0aac84779d83241718a969ab19dd7ef4b295616c860f4c5d5d2d7dd6758e forks the chain at height 99/block 1ee676d7e0f064066ff8ca756e22322861b09927a6caf5bbf970d02dc7136235, but does not cause a reorganize
2019/03/28 20:32:51.672181 [1;35m[INF][m GID 44, Lost peer 127.0.0.1:22338 (outbound)
2019/03/28 20:32:51.812280 [1;35m[INF][m GID 119, <================Solved Block==============>
2019/03/28 20:32:51.813078 [1;35m[INF][m GID 119, difficulty:  520095999
2019/03/28 20:32:52.235440 [1;35m[INF][m GID 44, FORK: Block a1027d54aa87a81d9787955f26b0ab75baddfba8bf6688ad8423c94a6a9f82ac forks the chain at height 99/block 1ee676d7e0f064066ff8ca756e22322861b09927a6caf5bbf970d02dc7136235, but does not cause a reorganize
2019/03/28 20:32:53.197809 [1;35m[INF][m GID 119, <================Solved Block==============>
2019/03/28 20:32:53.595070 [1;35m[INF][m GID 119, difficulty:  520095999
2019/03/28 20:32:53.609003 [1;35m[INF][m GID 44, FORK: Block c5b761070ea2b0ebac08e5c3be0ef0fd974a6fd2b445408a7b4d92ae0153cd70 forks the chain at height 99/block 1ee676d7e0f064066ff8ca756e22322861b09927a6caf5bbf970d02dc7136235, but does not cause a reorganize
2019/03/28 20:32:53.987117 [1;35m[INF][m GID 44, FORK: Block 1bb913b7d46631faa21545bb8aa2ef33186a5f537cba58d801c38b6ae506f582 forks the chain at height 99/block 1ee676d7e0f064066ff8ca756e22322861b09927a6caf5bbf970d02dc7136235, but does not cause a reorganize
2019/03/28 20:32:54.171948 [1;35m[INF][m GID 119, <================Solved Block==============>
2019/03/28 20:32:54.197500 [1;35m[INF][m GID 119, difficulty:  520095999
2019/03/28 20:32:54.390459 [1;35m[INF][m GID 44, FORK: Block 2015c8a8a5192ddb3b3177557427dc230c5dcb6681d6122335e4630ce09cd6ac forks the chain at height 99/block 1ee676d7e0f064066ff8ca756e22322861b09927a6caf5bbf970d02dc7136235, but does not cause a reorganize
2019/03/28 20:32:56.672934 [1;35m[INF][m GID 44, New valid peer 127.0.0.1:22338 (outbound)
2019/03/28 20:32:56.673977 [1;33m[WRN][m GID 44, No sync peer candidates available
2019/03/28 20:32:58.920759 [1;35m[INF][m GID 44, FORK: Block 808d183c5766e92a272762b76e6c6c7b66579f38bb00f558a4d7722910c21beb forks the chain at height 99/block 1ee676d7e0f064066ff8ca756e22322861b09927a6caf5bbf970d02dc7136235, but does not cause a reorganize
2019/03/28 20:32:59.197874 [1;35m[INF][m GID 119, five second countdown ends. Re-generate block.
2019/03/28 20:32:59.198010 [1;35m[INF][m GID 119, difficulty:  520095999
2019/03/28 20:33:03.075567 [1;35m[INF][m GID 44, FORK: Block affba462110f1b33940a1340b38642667b2385989e0473c3935e694db4532be0 forks the chain at height 99/block 1ee676d7e0f064066ff8ca756e22322861b09927a6caf5bbf970d02dc7136235, but does not cause a reorganize
2019/03/28 20:33:04.199569 [1;35m[INF][m GID 119, five second countdown ends. Re-generate block.
2019/03/28 20:33:04.199739 [1;35m[INF][m GID 119, difficulty:  520095999
2019/03/28 20:33:05.634377 [1;35m[INF][m GID 44, FORK: Block 59b675e82d34877cf3ee6a36004c47c1e57375876368235313b077bf05409e5d forks the chain at height 99/block 1ee676d7e0f064066ff8ca756e22322861b09927a6caf5bbf970d02dc7136235, but does not cause a reorganize
2019/03/28 20:33:08.134850 [1;35m[INF][m GID 44, FORK: Block ddefdecf392d691a52cf955f6f2bf855d478b06b93c511aed5ad79c4b29fbc89 forks the chain at height 99/block 1ee676d7e0f064066ff8ca756e22322861b09927a6caf5bbf970d02dc7136235, but does not cause a reorganize
2019/03/28 20:33:09.071897 [1;35m[INF][m GID 119, <================Solved Block==============>
2019/03/28 20:33:09.073183 [1;35m[INF][m GID 119, difficulty:  520095999
2019/03/28 20:33:09.548568 [1;35m[INF][m GID 44, FORK: Block 68401eae5ab131cc6b900597b4942cae192b7595b8d1e44616f0743f7e80f3ac forks the chain at height 99/block 1ee676d7e0f064066ff8ca756e22322861b09927a6caf5bbf970d02dc7136235, but does not cause a reorganize
2019/03/28 20:33:14.075546 [1;35m[INF][m GID 119, five second countdown ends. Re-generate block.
2019/03/28 20:33:14.076358 [1;35m[INF][m GID 119, difficulty:  520095999
2019/03/28 20:33:14.967033 [1;35m[INF][m GID 44, FORK: Block 0630eea062dab4912bb28f00af7dd00628ab074381665144ac9a7e39c00641f2 forks the chain at height 99/block 1ee676d7e0f064066ff8ca756e22322861b09927a6caf5bbf970d02dc7136235, but does not cause a reorganize
2019/03/28 20:33:16.729176 [1;35m[INF][m GID 44, FORK: Block 1d321ce71050e43133ef6af153e333ee4d57e07b1f185ab31b02af7ac9e8f563 forks the chain at height 99/block 1ee676d7e0f064066ff8ca756e22322861b09927a6caf5bbf970d02dc7136235, but does not cause a reorganize
2019/03/28 20:33:18.701841 [1;35m[INF][m GID 44, FORK: Block 12b2730db3352b877d70f16de98eeef233453f20e4bedd5721f76992ad6176e3 forks the chain at height 99/block 1ee676d7e0f064066ff8ca756e22322861b09927a6caf5bbf970d02dc7136235, but does not cause a reorganize
2019/03/28 20:33:19.076635 [1;35m[INF][m GID 119, five second countdown ends. Re-generate block.
2019/03/28 20:33:19.076739 [1;35m[INF][m GID 119, difficulty:  520095999
2019/03/28 20:33:22.574120 [1;35m[INF][m GID 44, FORK: Block 663245192a6bbb3f161d08d47642bd6ad4c5fc2d84883c221f6f80afbd0febff forks the chain at height 99/block 1ee676d7e0f064066ff8ca756e22322861b09927a6caf5bbf970d02dc7136235, but does not cause a reorganize
2019/03/28 20:33:23.454772 [1;35m[INF][m GID 119, <================Solved Block==============>
2019/03/28 20:33:23.455144 [1;35m[INF][m GID 119, difficulty:  520095999
2019/03/28 20:33:28.658084 [1;35m[INF][m GID 119, five second countdown ends. Re-generate block.
2019/03/28 20:33:28.658209 [1;35m[INF][m GID 119, difficulty:  520095999
2019/03/28 20:33:29.852161 [1;35m[INF][m GID 119, <================Solved Block==============>
2019/03/28 20:33:29.875879 [1;35m[INF][m GID 119, difficulty:  520095999
2019-03-28 20:33:29.915 [INF] STAT: -> 159 [99 127.0.0.1:51274 (inbound), 99 127.0.0.1:51228 (inbound), 99 127.0.0.1:22338 (outbound), 99 127.0.0.1:21338 (outbound)]
2019/03/28 20:33:31.974152 [1;35m[INF][m GID 44, FORK: Block f0ed8c3e589a84014db137cb61d7a36e8b4339c96e44fccc5913fbc57e29bdc8 forks the chain at height 99/block 1ee676d7e0f064066ff8ca756e22322861b09927a6caf5bbf970d02dc7136235, but does not cause a reorganize
2019/03/28 20:33:34.841521 [1;35m[INF][m GID 44, FORK: Block 88e89ded7d63ff4e24a906c24f1b76e457bad40c7668d612c24436d13a4c84fe forks the chain at height 99/block 1ee676d7e0f064066ff8ca756e22322861b09927a6caf5bbf970d02dc7136235, but does not cause a reorganize
2019/03/28 20:33:34.877230 [1;35m[INF][m GID 119, five second countdown ends. Re-generate block.
2019/03/28 20:33:34.877566 [1;35m[INF][m GID 119, difficulty:  520095999
2019/03/28 20:33:37.319662 [1;35m[INF][m GID 44, FORK: Block f8a857c47f321cf2835aa4d4f3b42a958cb33f1edfe739747970270ec0e8fbe7 forks the chain at height 99/block 1ee676d7e0f064066ff8ca756e22322861b09927a6caf5bbf970d02dc7136235, but does not cause a reorganize
2019/03/28 20:33:37.466416 [1;35m[INF][m GID 44, FORK: Block 639f021cfdc00fc797415ff8f98a249a5c7e48cd5dc956289fae25ea49eb6c84 forks the chain at height 99/block 1ee676d7e0f064066ff8ca756e22322861b09927a6caf5bbf970d02dc7136235, but does not cause a reorganize
2019/03/28 20:33:37.953489 [1;35m[INF][m GID 119, <================Solved Block==============>
2019/03/28 20:33:37.958244 [1;35m[INF][m GID 119, difficulty:  520095999
2019/03/28 20:33:38.467018 [1;35m[INF][m GID 44, FORK: Block a55d16c53cec6724095ffd8a83b0a25f64738e8c7bb7b28571f6dc0fe70947f8 forks the chain at height 99/block 1ee676d7e0f064066ff8ca756e22322861b09927a6caf5bbf970d02dc7136235, but does not cause a reorganize
2019/03/28 20:33:41.189239 [1;35m[INF][m GID 44, FORK: Block 33656a5778851ae0c09f862966fc75e631fa8d0f97e60bd2a34389dab218fee5 forks the chain at height 99/block 1ee676d7e0f064066ff8ca756e22322861b09927a6caf5bbf970d02dc7136235, but does not cause a reorganize
2019/03/28 20:33:42.958594 [1;35m[INF][m GID 119, five second countdown ends. Re-generate block.
2019/03/28 20:33:42.961635 [1;35m[INF][m GID 119, difficulty:  520095999
2019/03/28 20:33:45.752494 [1;35m[INF][m GID 44, FORK: Block 5ccd234888b11d24335c575e318aa5576292d3a45300f94848851e2174186629 forks the chain at height 99/block 1ee676d7e0f064066ff8ca756e22322861b09927a6caf5bbf970d02dc7136235, but does not cause a reorganize
2019/03/28 20:33:47.451587 [1;35m[INF][m GID 44, FORK: Block 7c86534225dac7f481fe07507b6c349dc40b6f5ea23472112ba547be867bbb3f forks the chain at height 99/block 1ee676d7e0f064066ff8ca756e22322861b09927a6caf5bbf970d02dc7136235, but does not cause a reorganize
2019/03/28 20:33:47.962261 [1;35m[INF][m GID 119, five second countdown ends. Re-generate block.
2019/03/28 20:33:47.962390 [1;35m[INF][m GID 119, difficulty:  520095999
2019/03/28 20:33:50.205629 [1;35m[INF][m GID 119, <================Solved Block==============>
2019/03/28 20:33:50.206307 [1;35m[INF][m GID 119, difficulty:  520095999
2019/03/28 20:33:54.847982 [1;35m[INF][m GID 119, <================Solved Block==============>
2019/03/28 20:33:54.848743 [1;35m[INF][m GID 119, difficulty:  520095999
2019/03/28 20:33:56.040036 [1;35m[INF][m GID 44, FORK: Block 8f04849c39822825df785317dd9f4ce23e092f30bd2698c777652e04c72066aa forks the chain at height 99/block 1ee676d7e0f064066ff8ca756e22322861b09927a6caf5bbf970d02dc7136235, but does not cause a reorganize
2019/03/28 20:33:56.798236 [1;35m[INF][m GID 119, <================Solved Block==============>
2019/03/28 20:33:56.801800 [1;35m[INF][m GID 119, difficulty:  520095999
2019/03/28 20:34:01.195601 [1;35m[INF][m GID 44, FORK: Block 3cb947918ff6e4e80ca799a526c35c212cf3e40588bc212e81dd67996ba64b86 forks the chain at height 99/block 1ee676d7e0f064066ff8ca756e22322861b09927a6caf5bbf970d02dc7136235, but does not cause a reorganize
2019/03/28 20:34:01.805603 [1;35m[INF][m GID 119, five second countdown ends. Re-generate block.
2019/03/28 20:34:01.805724 [1;35m[INF][m GID 119, difficulty:  520095999
2019/03/28 20:34:04.996770 [1;35m[INF][m GID 119, <================Solved Block==============>
2019/03/28 20:34:05.001673 [1;35m[INF][m GID 119, difficulty:  520095999
2019/03/28 20:34:05.114899 [1;35m[INF][m GID 119, <================Solved Block==============>
2019/03/28 20:34:05.117259 [1;35m[INF][m GID 119, difficulty:  520095999
2019/03/28 20:34:06.410245 [1;35m[INF][m GID 119, <================Solved Block==============>
2019/03/28 20:34:06.412193 [1;35m[INF][m GID 119, difficulty:  520095999
2019/03/28 20:34:08.136997 [1;35m[INF][m GID 44, FORK: Block 6c6f2dd63f464ffbca5ecb260af2a973a8dd214f484bd0e84607468cbc0743d5 forks the chain at height 99/block 1ee676d7e0f064066ff8ca756e22322861b09927a6caf5bbf970d02dc7136235, but does not cause a reorganize
2019/03/28 20:34:08.161466 [1;35m[INF][m GID 44, Lost peer 127.0.0.1:51228 (inbound)
2019/03/28 20:34:08.506687 [1;35m[INF][m GID 44, FORK: Block b58fe5f5176282ffcd5c0e3e1c42f75c624ed384be44f5fda5b198b6a511eee8 forks the chain at height 99/block 1ee676d7e0f064066ff8ca756e22322861b09927a6caf5bbf970d02dc7136235, but does not cause a reorganize
2019/03/28 20:34:09.174106 [1;35m[INF][m GID 44, FORK: Block 33150633cb99384ab79799fbfd8dfa772b84ccf6d6a21bc350ea2ca50b293f90 forks the chain at height 99/block 1ee676d7e0f064066ff8ca756e22322861b09927a6caf5bbf970d02dc7136235, but does not cause a reorganize
2019/03/28 20:34:11.419475 [1;35m[INF][m GID 119, five second countdown ends. Re-generate block.
2019/03/28 20:34:11.420849 [1;35m[INF][m GID 119, difficulty:  520095999
2019/03/28 20:34:11.981019 [1;35m[INF][m GID 44, FORK: Block e19191bea1deda61c8764c82f603987fbfbdbe162bb38bd70e902546e36a8d02 forks the chain at height 99/block 1ee676d7e0f064066ff8ca756e22322861b09927a6caf5bbf970d02dc7136235, but does not cause a reorganize
2019/03/28 20:34:12.676410 [1;35m[INF][m GID 119, <================Solved Block==============>
2019/03/28 20:34:12.681218 [1;35m[INF][m GID 119, difficulty:  520095999
2019/03/28 20:34:13.168059 [1;35m[INF][m GID 44, New valid peer 127.0.0.1:51430 (inbound)
2019/03/28 20:34:13.168147 [1;33m[WRN][m GID 44, No sync peer candidates available
2019/03/28 20:34:15.715908 [1;35m[INF][m GID 44, FORK: Block a6ab9b312a35ccc94ae85c4f84e5e17d1d48d2826833baf1e89ecfff17d890ac forks the chain at height 99/block 1ee676d7e0f064066ff8ca756e22322861b09927a6caf5bbf970d02dc7136235, but does not cause a reorganize
2019/03/28 20:34:17.044053 [1;35m[INF][m GID 119, <================Solved Block==============>
2019/03/28 20:34:17.044457 [1;35m[INF][m GID 119, difficulty:  520095999
2019/03/28 20:34:22.045022 [1;35m[INF][m GID 119, five second countdown ends. Re-generate block.
2019/03/28 20:34:22.045471 [1;35m[INF][m GID 119, difficulty:  520095999
2019/03/28 20:34:24.870780 [1;35m[INF][m GID 44, FORK: Block c289858f563f9b3cb30d07f02a3f7b78482ae2be37e618b537212eb0927d27c5 forks the chain at height 99/block 1ee676d7e0f064066ff8ca756e22322861b09927a6caf5bbf970d02dc7136235, but does not cause a reorganize
2019/03/28 20:34:26.876151 [1;35m[INF][m GID 44, FORK: Block d3a9f5692d21d224619300ab959c7934c1d087602fb26ccf5786a18b02a52a78 forks the chain at height 99/block 1ee676d7e0f064066ff8ca756e22322861b09927a6caf5bbf970d02dc7136235, but does not cause a reorganize
2019/03/28 20:34:27.045630 [1;35m[INF][m GID 119, five second countdown ends. Re-generate block.
2019/03/28 20:34:27.045853 [1;35m[INF][m GID 119, difficulty:  520095999
2019/03/28 20:34:29.514625 [1;35m[INF][m GID 44, FORK: Block a6cbc000224c35b80abb7f8a3cb9e56411e4d5436b10dd5ea679a1b71418f466 forks the chain at height 99/block 1ee676d7e0f064066ff8ca756e22322861b09927a6caf5bbf970d02dc7136235, but does not cause a reorganize
2019/03/28 20:34:29.816786 [1;35m[INF][m GID 119, <================Solved Block==============>
2019/03/28 20:34:29.817448 [1;35m[INF][m GID 119, difficulty:  520095999
2019-03-28 20:34:29.912 [INF] STAT: -> 169 [99 127.0.0.1:51274 (inbound), 99 127.0.0.1:51430 (inbound), 99 127.0.0.1:21338 (outbound), 99 127.0.0.1:22338 (outbound)]
2019/03/28 20:34:34.240521 [1;35m[INF][m GID 119, <================Solved Block==============>
2019/03/28 20:34:34.240893 [1;35m[INF][m GID 119, difficulty:  520095999
2019/03/28 20:34:36.580573 [1;35m[INF][m GID 119, <================Solved Block==============>
2019/03/28 20:34:36.581125 [1;35m[INF][m GID 119, difficulty:  520095999
2019/03/28 20:34:36.774458 [1;35m[INF][m GID 44, FORK: Block 9bbe9ab2c3452f0a42a3c27ddea312261b1ba60bfb7cde85d0e7c5e44d869307 forks the chain at height 99/block 1ee676d7e0f064066ff8ca756e22322861b09927a6caf5bbf970d02dc7136235, but does not cause a reorganize
2019/03/28 20:34:37.673841 [1;35m[INF][m GID 44, FORK: Block 4d8cbfe4ee34288cb32792e1cdedc4b1947b0893bb2abe0b2334bd42b1405698 forks the chain at height 99/block 1ee676d7e0f064066ff8ca756e22322861b09927a6caf5bbf970d02dc7136235, but does not cause a reorganize
2019/03/28 20:34:38.572784 [1;35m[INF][m GID 44, FORK: Block d0b5f8f645bafc9acac8845810ddc12b04709d55ee99e706afa13c73678c8f76 forks the chain at height 99/block 1ee676d7e0f064066ff8ca756e22322861b09927a6caf5bbf970d02dc7136235, but does not cause a reorganize
2019/03/28 20:34:40.856718 [1;35m[INF][m GID 44, FORK: Block 32144c8c3fc50babc38e8e4c62294564732ef02bc0ae2ffcd509d25e4f2be7cc forks the chain at height 99/block 1ee676d7e0f064066ff8ca756e22322861b09927a6caf5bbf970d02dc7136235, but does not cause a reorganize
2019/03/28 20:34:41.013868 [1;35m[INF][m GID 44, FORK: Block 49371840eb0033a239bfbba2d909e6713bcb3229625f0acaaddfae3de441d65e forks the chain at height 99/block 1ee676d7e0f064066ff8ca756e22322861b09927a6caf5bbf970d02dc7136235, but does not cause a reorganize
2019/03/28 20:34:41.096845 [1;35m[INF][m GID 44, FORK: Block 9cd60d0152008f3bec4f1242c8d78c46859136278e46a07c870b16875631d2c2 forks the chain at height 99/block 1ee676d7e0f064066ff8ca756e22322861b09927a6caf5bbf970d02dc7136235, but does not cause a reorganize
2019/03/28 20:34:41.582011 [1;35m[INF][m GID 119, five second countdown ends. Re-generate block.
2019/03/28 20:34:41.582198 [1;35m[INF][m GID 119, difficulty:  520095999
2019/03/28 20:34:42.135874 [1;35m[INF][m GID 119, <================Solved Block==============>
2019/03/28 20:34:42.138583 [1;35m[INF][m GID 119, difficulty:  520095999
2019/03/28 20:34:43.015249 [1;35m[INF][m GID 44, FORK: Block 91e959fb3123e8d2642afb96098b619063326ebecf89c3a2315c389f928fd22b forks the chain at height 99/block 1ee676d7e0f064066ff8ca756e22322861b09927a6caf5bbf970d02dc7136235, but does not cause a reorganize
2019/03/28 20:34:47.138713 [1;35m[INF][m GID 119, five second countdown ends. Re-generate block.
2019/03/28 20:34:47.138944 [1;35m[INF][m GID 119, difficulty:  520095999
2019/03/28 20:34:52.139585 [1;35m[INF][m GID 119, five second countdown ends. Re-generate block.
2019/03/28 20:34:52.139701 [1;35m[INF][m GID 119, difficulty:  520095999
2019/03/28 20:34:53.311708 [1;35m[INF][m GID 44, FORK: Block 8d68514f609a90ad2dd3aeaa00f53dec0b9a874065d6603ec43f7f9950e3e544 forks the chain at height 99/block 1ee676d7e0f064066ff8ca756e22322861b09927a6caf5bbf970d02dc7136235, but does not cause a reorganize
2019/03/28 20:34:53.372340 [1;35m[INF][m GID 44, FORK: Block c2f2f927ad02d13a9dd62482f601975bb04643816be36506a6b09916ab41c379 forks the chain at height 99/block 1ee676d7e0f064066ff8ca756e22322861b09927a6caf5bbf970d02dc7136235, but does not cause a reorganize
2019/03/28 20:34:53.627269 [1;35m[INF][m GID 44, FORK: Block f4ddf093679f9690836dbb99a3b86ab4427e162afd09d6fa5a30fde1032fcabd forks the chain at height 99/block 1ee676d7e0f064066ff8ca756e22322861b09927a6caf5bbf970d02dc7136235, but does not cause a reorganize
2019/03/28 20:34:53.759043 [1;35m[INF][m GID 44, FORK: Block d9f91dc1a9eab168bee9ad159a5056542a6460349f2525757e1d233d759d8013 forks the chain at height 99/block 1ee676d7e0f064066ff8ca756e22322861b09927a6caf5bbf970d02dc7136235, but does not cause a reorganize
2019/03/28 20:34:53.876564 [1;35m[INF][m GID 44, FORK: Block a4c3bf6f6ab721b31f0f5a75ef7fa158969bc4dd5b98a78aa43c37adb75e4a50 forks the chain at height 99/block 1ee676d7e0f064066ff8ca756e22322861b09927a6caf5bbf970d02dc7136235, but does not cause a reorganize
2019/03/28 20:34:53.888612 [1;35m[INF][m GID 44, Lost peer 127.0.0.1:51430 (inbound)
2019/03/28 20:34:54.551169 [1;35m[INF][m GID 119, <================Solved Block==============>
2019/03/28 20:34:54.551501 [1;35m[INF][m GID 119, difficulty:  520095999
2019/03/28 20:34:58.317728 [1;35m[INF][m GID 44, FORK: Block 6e1b99d1a8bde55e454196ebf23a642694f6e3a3fbe1386c444384921784c763 forks the chain at height 99/block 1ee676d7e0f064066ff8ca756e22322861b09927a6caf5bbf970d02dc7136235, but does not cause a reorganize
2019/03/28 20:34:58.894159 [1;35m[INF][m GID 44, New valid peer 127.0.0.1:51488 (inbound)
2019/03/28 20:34:58.894358 [1;33m[WRN][m GID 44, No sync peer candidates available
2019/03/28 20:34:59.551897 [1;35m[INF][m GID 119, five second countdown ends. Re-generate block.
2019/03/28 20:34:59.552109 [1;35m[INF][m GID 119, difficulty:  520095999
2019/03/28 20:35:04.501523 [1;35m[INF][m GID 44, FORK: Block b1065cb5347c12cebbefabbd10c5e4cd605bb510047746317dcf90da7a78052f forks the chain at height 99/block 1ee676d7e0f064066ff8ca756e22322861b09927a6caf5bbf970d02dc7136235, but does not cause a reorganize
2019/03/28 20:35:04.552705 [1;35m[INF][m GID 119, five second countdown ends. Re-generate block.
2019/03/28 20:35:04.554551 [1;35m[INF][m GID 119, difficulty:  520095999
2019/03/28 20:35:08.366262 [1;35m[INF][m GID 119, <================Solved Block==============>
2019/03/28 20:35:08.366849 [1;35m[INF][m GID 119, difficulty:  520095999
2019/03/28 20:35:09.140595 [1;35m[INF][m GID 119, <================Solved Block==============>
2019/03/28 20:35:09.141790 [1;35m[INF][m GID 119, difficulty:  520095999
2019/03/28 20:35:11.615414 [1;35m[INF][m GID 44, FORK: Block 5bfdb3ae714a75d584ed7c008e215c07e43625f8b5bae97c6ad618a956051698 forks the chain at height 99/block 1ee676d7e0f064066ff8ca756e22322861b09927a6caf5bbf970d02dc7136235, but does not cause a reorganize
2019/03/28 20:35:12.959875 [1;35m[INF][m GID 119, <================Solved Block==============>
2019/03/28 20:35:12.960239 [1;35m[INF][m GID 119, difficulty:  520095999
2019/03/28 20:35:16.588739 [1;35m[INF][m GID 119, <================Solved Block==============>
2019/03/28 20:35:16.589345 [1;35m[INF][m GID 119, difficulty:  520095999
2019/03/28 20:35:21.590020 [1;35m[INF][m GID 119, five second countdown ends. Re-generate block.
2019/03/28 20:35:21.590134 [1;35m[INF][m GID 119, difficulty:  520095999
2019/03/28 20:35:22.491852 [1;35m[INF][m GID 44, FORK: Block 428f6f2ba848215365e43d779cedea334771898a54f55ae05fffc0d673e3c7c0 forks the chain at height 99/block 1ee676d7e0f064066ff8ca756e22322861b09927a6caf5bbf970d02dc7136235, but does not cause a reorganize
2019/03/28 20:35:25.555533 [1;35m[INF][m GID 44, FORK: Block 27d48858eb07927da0385278cc180798c53ded46dbfa7970536d849b9536a3ce forks the chain at height 99/block 1ee676d7e0f064066ff8ca756e22322861b09927a6caf5bbf970d02dc7136235, but does not cause a reorganize
2019/03/28 20:35:25.671385 [1;35m[INF][m GID 119, <================Solved Block==============>
2019/03/28 20:35:25.671785 [1;35m[INF][m GID 119, difficulty:  520095999
2019/03/28 20:35:27.144807 [1;35m[INF][m GID 119, <================Solved Block==============>
2019/03/28 20:35:27.145291 [1;35m[INF][m GID 119, difficulty:  520095999
2019-03-28 20:35:29.912 [INF] STAT: -> 179 [99 127.0.0.1:51274 (inbound), 99 127.0.0.1:51488 (inbound), 99 127.0.0.1:22338 (outbound), 99 127.0.0.1:21338 (outbound)]
2019/03/28 20:35:31.636006 [1;35m[INF][m GID 44, FORK: Block e13b75a24779221a6bdb21248f414367e1d1ee9258ec30fb13cf347969bbabbb forks the chain at height 99/block 1ee676d7e0f064066ff8ca756e22322861b09927a6caf5bbf970d02dc7136235, but does not cause a reorganize
2019/03/28 20:35:32.145814 [1;35m[INF][m GID 119, five second countdown ends. Re-generate block.
2019/03/28 20:35:32.145918 [1;35m[INF][m GID 119, difficulty:  520095999
2019/03/28 20:35:37.470158 [1;35m[INF][m GID 119, five second countdown ends. Re-generate block.
2019/03/28 20:35:37.470270 [1;35m[INF][m GID 119, difficulty:  520095999
2019/03/28 20:35:42.471139 [1;35m[INF][m GID 119, five second countdown ends. Re-generate block.
2019/03/28 20:35:42.471345 [1;35m[INF][m GID 119, difficulty:  520095999
2019/03/28 20:35:43.258409 [1;35m[INF][m GID 44, FORK: Block 85df67cb628bfb07312cd477b1f491cf767302dbbe2e028c1a1776db946451a6 forks the chain at height 99/block 1ee676d7e0f064066ff8ca756e22322861b09927a6caf5bbf970d02dc7136235, but does not cause a reorganize
2019/03/28 20:35:44.313252 [1;35m[INF][m GID 119, <================Solved Block==============>
2019/03/28 20:35:44.313945 [1;35m[INF][m GID 119, difficulty:  520095999
2019/03/28 20:35:47.380408 [1;35m[INF][m GID 44, FORK: Block 9c130a7b3aafedc4fc16ae8431f9be0f0c262cb8cbe818363580d4889dc7a1a5 forks the chain at height 99/block 1ee676d7e0f064066ff8ca756e22322861b09927a6caf5bbf970d02dc7136235, but does not cause a reorganize
2019/03/28 20:35:48.694383 [1;35m[INF][m GID 44, FORK: Block 62efcac4af8fc31725da84f15c7564c0886f6e4325e32480bbdd120874cc908e forks the chain at height 99/block 1ee676d7e0f064066ff8ca756e22322861b09927a6caf5bbf970d02dc7136235, but does not cause a reorganize
2019/03/28 20:35:49.199445 [1;35m[INF][m GID 44, FORK: Block e28d84fceca1d757b5b1ac8c9b53293cf0d7154b4179331a0804f81f415cc3d4 forks the chain at height 99/block 1ee676d7e0f064066ff8ca756e22322861b09927a6caf5bbf970d02dc7136235, but does not cause a reorganize
2019/03/28 20:35:49.798708 [1;35m[INF][m GID 119, five second countdown ends. Re-generate block.
2019/03/28 20:35:49.798834 [1;35m[INF][m GID 119, difficulty:  520095999
2019/03/28 20:35:54.805763 [1;35m[INF][m GID 119, five second countdown ends. Re-generate block.
2019/03/28 20:35:54.805979 [1;35m[INF][m GID 119, difficulty:  520095999
2019/03/28 20:35:56.916723 [1;35m[INF][m GID 119, <================Solved Block==============>
2019/03/28 20:35:56.917076 [1;35m[INF][m GID 119, difficulty:  520095999
2019/03/28 20:35:56.946067 [1;35m[INF][m GID 44, FORK: Block f4c16ef3f9568f05bd2081496cba6e5e21b8fffc7b1c819d3c60eb37eeb3658a forks the chain at height 99/block 1ee676d7e0f064066ff8ca756e22322861b09927a6caf5bbf970d02dc7136235, but does not cause a reorganize
2019/03/28 20:35:57.266900 [1;35m[INF][m GID 119, <================Solved Block==============>
2019/03/28 20:35:57.269705 [1;35m[INF][m GID 119, difficulty:  520095999
2019/03/28 20:35:59.978259 [1;35m[INF][m GID 44, FORK: Block a4d89b37ecb734ddab655079836e942fbe76cd8f6f6dcc42cfd6dde826c843a4 forks the chain at height 99/block 1ee676d7e0f064066ff8ca756e22322861b09927a6caf5bbf970d02dc7136235, but does not cause a reorganize
2019/03/28 20:36:00.555485 [1;35m[INF][m GID 44, FORK: Block 050b5b2b5b14b90d7d3624f349790dd7ecf5c2ecb23e45aaac04e0147f6412df forks the chain at height 99/block 1ee676d7e0f064066ff8ca756e22322861b09927a6caf5bbf970d02dc7136235, but does not cause a reorganize
2019/03/28 20:36:02.270416 [1;35m[INF][m GID 119, five second countdown ends. Re-generate block.
2019/03/28 20:36:02.270540 [1;35m[INF][m GID 119, difficulty:  520095999
2019/03/28 20:36:02.884399 [1;35m[INF][m GID 119, <================Solved Block==============>
2019/03/28 20:36:02.885273 [1;35m[INF][m GID 119, difficulty:  520095999
2019/03/28 20:36:05.760705 [1;35m[INF][m GID 119, <================Solved Block==============>
2019/03/28 20:36:05.763264 [1;35m[INF][m GID 119, difficulty:  520095999
2019/03/28 20:36:06.350238 [1;35m[INF][m GID 44, FORK: Block 1c09ff86dcb678d7b2121ef10b959da20ccfc61182fbe4c056a621246805a606 forks the chain at height 99/block 1ee676d7e0f064066ff8ca756e22322861b09927a6caf5bbf970d02dc7136235, but does not cause a reorganize
2019/03/28 20:36:10.764712 [1;35m[INF][m GID 119, five second countdown ends. Re-generate block.
2019/03/28 20:36:10.764837 [1;35m[INF][m GID 119, difficulty:  520095999
2019/03/28 20:36:13.392496 [1;35m[INF][m GID 119, <================Solved Block==============>
2019/03/28 20:36:13.392905 [1;35m[INF][m GID 119, difficulty:  520095999
2019/03/28 20:36:14.394512 [1;35m[INF][m GID 44, FORK: Block 9fdc269a710a067a9bfe4ef72a58f2ed52d3a4e515af7f8e85a8a05d7dd626b0 forks the chain at height 99/block 1ee676d7e0f064066ff8ca756e22322861b09927a6caf5bbf970d02dc7136235, but does not cause a reorganize
2019/03/28 20:36:16.591475 [1;35m[INF][m GID 44, FORK: Block f8d5cfc0ab2681df3259cfdbbd13895d3002b6c20a41bdd9cabe05dfe29afd67 forks the chain at height 99/block 1ee676d7e0f064066ff8ca756e22322861b09927a6caf5bbf970d02dc7136235, but does not cause a reorganize
2019/03/28 20:36:16.871224 [1;35m[INF][m GID 44, FORK: Block e5d9b8496ff18b6cb62d636dcecc51b9d8cb69ba16d61e28abfd5a251d696019 forks the chain at height 99/block 1ee676d7e0f064066ff8ca756e22322861b09927a6caf5bbf970d02dc7136235, but does not cause a reorganize
2019/03/28 20:36:17.886766 [1;35m[INF][m GID 119, <================Solved Block==============>
2019/03/28 20:36:17.887158 [1;35m[INF][m GID 119, difficulty:  520095999
2019/03/28 20:36:20.061506 [1;35m[INF][m GID 44, FORK: Block 96e29d01689be13d55ca49bbdb1c555b3dba05a5b87d79892e39f477e20ee099 forks the chain at height 99/block 1ee676d7e0f064066ff8ca756e22322861b09927a6caf5bbf970d02dc7136235, but does not cause a reorganize
2019/03/28 20:36:20.709036 [1;35m[INF][m GID 119, <================Solved Block==============>
2019/03/28 20:36:20.709409 [1;35m[INF][m GID 119, difficulty:  520095999
2019/03/28 20:36:25.709598 [1;35m[INF][m GID 119, five second countdown ends. Re-generate block.
2019/03/28 20:36:25.710616 [1;35m[INF][m GID 119, difficulty:  520095999
2019/03/28 20:36:26.704030 [1;35m[INF][m GID 119, <================Solved Block==============>
2019/03/28 20:36:26.704876 [1;35m[INF][m GID 119, difficulty:  520095999
2019/03/28 20:36:28.775419 [1;35m[INF][m GID 44, FORK: Block cc94f99defe8255e40e163c019962cb4da9c6bfa925f079b2fa9fca502cbc0e7 forks the chain at height 99/block 1ee676d7e0f064066ff8ca756e22322861b09927a6caf5bbf970d02dc7136235, but does not cause a reorganize
2019-03-28 20:36:29.912 [INF] STAT: -> 188 [99 127.0.0.1:51274 (inbound), 99 127.0.0.1:51488 (inbound), 99 127.0.0.1:22338 (outbound), 99 127.0.0.1:21338 (outbound)]
2019/03/28 20:36:30.651964 [1;35m[INF][m GID 44, FORK: Block bc0ff79bc3487980d416cb232381ca36bfc30413f704fbee4a7320e679347d69 forks the chain at height 99/block 1ee676d7e0f064066ff8ca756e22322861b09927a6caf5bbf970d02dc7136235, but does not cause a reorganize
2019/03/28 20:36:31.707837 [1;35m[INF][m GID 119, five second countdown ends. Re-generate block.
2019/03/28 20:36:31.708042 [1;35m[INF][m GID 119, difficulty:  520095999
2019/03/28 20:36:34.654361 [1;35m[INF][m GID 44, FORK: Block c0bc91061bb1ba22257bef787dde2021957171da13c253b3553775fbc070ed4e forks the chain at height 99/block 1ee676d7e0f064066ff8ca756e22322861b09927a6caf5bbf970d02dc7136235, but does not cause a reorganize
2019/03/28 20:36:36.708299 [1;35m[INF][m GID 119, five second countdown ends. Re-generate block.
2019/03/28 20:36:36.708463 [1;35m[INF][m GID 119, difficulty:  520095999
2019/03/28 20:36:38.789569 [1;35m[INF][m GID 44, FORK: Block 0b9e180c48e3a18ea07d86320f422420babf1193a6fa4beb79e1aa773567a0f5 forks the chain at height 99/block 1ee676d7e0f064066ff8ca756e22322861b09927a6caf5bbf970d02dc7136235, but does not cause a reorganize
2019/03/28 20:36:41.715789 [1;35m[INF][m GID 119, five second countdown ends. Re-generate block.
2019/03/28 20:36:41.715899 [1;35m[INF][m GID 119, difficulty:  520095999
2019/03/28 20:36:42.584533 [1;35m[INF][m GID 44, FORK: Block 71f4653bc1cbe8d3887cef265e3229128271a85ef484dc0d7cfdbf572f1bc183 forks the chain at height 99/block 1ee676d7e0f064066ff8ca756e22322861b09927a6caf5bbf970d02dc7136235, but does not cause a reorganize
2019/03/28 20:36:46.817989 [1;35m[INF][m GID 119, five second countdown ends. Re-generate block.
2019/03/28 20:36:46.823961 [1;35m[INF][m GID 119, difficulty:  520095999
2019/03/28 20:36:47.923517 [1;35m[INF][m GID 44, FORK: Block ebab3c50a0b51434dda4bde8499884e27c909575389f872df209200982f1ccf4 forks the chain at height 99/block 1ee676d7e0f064066ff8ca756e22322861b09927a6caf5bbf970d02dc7136235, but does not cause a reorganize
2019/03/28 20:36:49.537552 [1;35m[INF][m GID 119, <================Solved Block==============>
2019/03/28 20:36:49.539108 [1;35m[INF][m GID 119, difficulty:  520095999
2019/03/28 20:36:51.570328 [1;35m[INF][m GID 44, FORK: Block 47486a99ea58e1af396bbc68bd92b4612e7d5457c842acd1f16bd0bc3a64fe1c forks the chain at height 99/block 1ee676d7e0f064066ff8ca756e22322861b09927a6caf5bbf970d02dc7136235, but does not cause a reorganize
2019/03/28 20:36:54.540125 [1;35m[INF][m GID 119, five second countdown ends. Re-generate block.
2019/03/28 20:36:54.540270 [1;35m[INF][m GID 119, difficulty:  520095999
2019/03/28 20:36:55.866129 [1;35m[INF][m GID 44, FORK: Block a7ad1cd78025879d46c2dae6715c72cba4ed5fce1a9f140eed36f54106416635 forks the chain at height 99/block 1ee676d7e0f064066ff8ca756e22322861b09927a6caf5bbf970d02dc7136235, but does not cause a reorganize
2019/03/28 20:36:58.243200 [1;35m[INF][m GID 119, <================Solved Block==============>
2019/03/28 20:36:58.243571 [1;35m[INF][m GID 119, difficulty:  520095999
2019/03/28 20:36:59.284500 [1;35m[INF][m GID 119, <================Solved Block==============>
2019/03/28 20:36:59.285045 [1;35m[INF][m GID 119, difficulty:  520095999
2019/03/28 20:37:00.225925 [1;35m[INF][m GID 44, FORK: Block 69cbfc92e32d7d0eeb929430251b1d117d7ac90cf8b6a1d5babc4b95fb9401da forks the chain at height 99/block 1ee676d7e0f064066ff8ca756e22322861b09927a6caf5bbf970d02dc7136235, but does not cause a reorganize
2019/03/28 20:37:00.227897 [1;35m[INF][m GID 44, FORK: Block 3259d954f327096e8754eab5c91c4666b1ac07f76ef2da344b20cae5edf93dac forks the chain at height 99/block 1ee676d7e0f064066ff8ca756e22322861b09927a6caf5bbf970d02dc7136235, but does not cause a reorganize
2019/03/28 20:37:00.754302 [1;35m[INF][m GID 44, FORK: Block bedf9ea52c111fd13b99f428e598680b4cce2d46b2a4f7dba7806e36986a9bcd forks the chain at height 99/block 1ee676d7e0f064066ff8ca756e22322861b09927a6caf5bbf970d02dc7136235, but does not cause a reorganize
2019/03/28 20:37:03.722572 [1;35m[INF][m GID 44, FORK: Block 17eaaf433bf4cefedb6b94e2055a1bd88766dfcfc07fb4d1057d4a2d2152294b forks the chain at height 99/block 1ee676d7e0f064066ff8ca756e22322861b09927a6caf5bbf970d02dc7136235, but does not cause a reorganize
2019/03/28 20:37:04.287267 [1;35m[INF][m GID 119, five second countdown ends. Re-generate block.
2019/03/28 20:37:04.287440 [1;35m[INF][m GID 119, difficulty:  520095999
2019/03/28 20:37:08.290856 [1;35m[INF][m GID 44, FORK: Block f125b8ceb0b816762d84efc8659af21789de02242ced4f9b2ce7e361bf3904b2 forks the chain at height 99/block 1ee676d7e0f064066ff8ca756e22322861b09927a6caf5bbf970d02dc7136235, but does not cause a reorganize
2019/03/28 20:37:09.112345 [1;35m[INF][m GID 44, FORK: Block 01111430ead19a0bf1fb2e35ba45b81b06b64a70db464fbf3709cd0bf46b40d6 forks the chain at height 99/block 1ee676d7e0f064066ff8ca756e22322861b09927a6caf5bbf970d02dc7136235, but does not cause a reorganize
2019/03/28 20:37:09.672700 [1;35m[INF][m GID 119, five second countdown ends. Re-generate block.
2019/03/28 20:37:09.672952 [1;35m[INF][m GID 119, difficulty:  520095999
2019/03/28 20:37:10.568418 [1;35m[INF][m GID 119, <================Solved Block==============>
2019/03/28 20:37:10.569005 [1;35m[INF][m GID 119, difficulty:  520095999
2019/03/28 20:37:11.430166 [1;35m[INF][m GID 44, FORK: Block 436d6a459308b3d457b327b4c8dc126e19fa3a44b9de44ca509a7237186adc70 forks the chain at height 99/block 1ee676d7e0f064066ff8ca756e22322861b09927a6caf5bbf970d02dc7136235, but does not cause a reorganize
2019/03/28 20:37:12.927706 [1;35m[INF][m GID 44, FORK: Block ca462c8015764218dca676ec1ac0c7aef439d5a624d4859c35b11eb730ef8691 forks the chain at height 99/block 1ee676d7e0f064066ff8ca756e22322861b09927a6caf5bbf970d02dc7136235, but does not cause a reorganize
2019/03/28 20:37:15.573517 [1;35m[INF][m GID 119, five second countdown ends. Re-generate block.
2019/03/28 20:37:15.573675 [1;35m[INF][m GID 119, difficulty:  520095999
2019/03/28 20:37:18.177379 [1;35m[INF][m GID 44, FORK: Block 132b28433e67fb66cb9b61ab765f0013d1cc370fae831fc46495589516683199 forks the chain at height 99/block 1ee676d7e0f064066ff8ca756e22322861b09927a6caf5bbf970d02dc7136235, but does not cause a reorganize
2019/03/28 20:37:20.573821 [1;35m[INF][m GID 119, five second countdown ends. Re-generate block.
2019/03/28 20:37:20.576324 [1;35m[INF][m GID 119, difficulty:  520095999
2019/03/28 20:37:24.518297 [1;35m[INF][m GID 44, FORK: Block 2e91f579ce776f79df02aeac298c81f34cd0a4edd5a0bd28ffd9a30f4d9c48cd forks the chain at height 99/block 1ee676d7e0f064066ff8ca756e22322861b09927a6caf5bbf970d02dc7136235, but does not cause a reorganize
2019/03/28 20:37:25.578699 [1;35m[INF][m GID 119, five second countdown ends. Re-generate block.
2019/03/28 20:37:25.579288 [1;35m[INF][m GID 119, difficulty:  520095999
2019/03/28 20:37:26.976816 [1;35m[INF][m GID 44, FORK: Block afb01c41ae2fcc68e712e335affe60fe1d55fe08899b42a33420fc4b1b78bfa2 forks the chain at height 99/block 1ee676d7e0f064066ff8ca756e22322861b09927a6caf5bbf970d02dc7136235, but does not cause a reorganize
2019/03/28 20:37:28.048188 [1;35m[INF][m GID 44, FORK: Block b32b8258866c4d210ff64d5be9d3f07f744641e6ac457b0b517166f0b19acd1f forks the chain at height 99/block 1ee676d7e0f064066ff8ca756e22322861b09927a6caf5bbf970d02dc7136235, but does not cause a reorganize
2019-03-28 20:37:29.912 [INF] STAT: -> 192 [99 127.0.0.1:51274 (inbound), 99 127.0.0.1:51488 (inbound), 99 127.0.0.1:22338 (outbound), 99 127.0.0.1:21338 (outbound)]
2019/03/28 20:37:29.921283 [1;35m[INF][m GID 119, <================Solved Block==============>
2019/03/28 20:37:29.921891 [1;35m[INF][m GID 119, difficulty:  520095999
2019/03/28 20:37:30.671194 [1;35m[INF][m GID 119, <================Solved Block==============>
2019/03/28 20:37:30.672116 [1;35m[INF][m GID 119, difficulty:  520095999
2019/03/28 20:37:32.475911 [1;35m[INF][m GID 119, <================Solved Block==============>
2019/03/28 20:37:32.478252 [1;35m[INF][m GID 119, difficulty:  520095999
2019/03/28 20:37:36.074800 [1;35m[INF][m GID 119, <================Solved Block==============>
2019/03/28 20:37:36.076081 [1;35m[INF][m GID 119, difficulty:  520095999
2019/03/28 20:37:36.201004 [1;35m[INF][m GID 44, FORK: Block 3f3d2012107c6601ddfaf1d68a78b1c76db47c022daafd22d963ee74a6a8a460 forks the chain at height 99/block 1ee676d7e0f064066ff8ca756e22322861b09927a6caf5bbf970d02dc7136235, but does not cause a reorganize
2019/03/28 20:37:38.916159 [1;35m[INF][m GID 119, <================Solved Block==============>
2019/03/28 20:37:38.916676 [1;35m[INF][m GID 119, difficulty:  520095999
2019/03/28 20:37:39.418992 [1;35m[INF][m GID 119, <================Solved Block==============>
2019/03/28 20:37:39.419550 [1;35m[INF][m GID 119, difficulty:  520095999
2019/03/28 20:37:41.298969 [1;35m[INF][m GID 119, <================Solved Block==============>
2019/03/28 20:37:41.300916 [1;35m[INF][m GID 119, difficulty:  520095999
2019/03/28 20:37:41.568405 [1;35m[INF][m GID 44, FORK: Block 76b8631811ef95b44fc8ed026a849c05e6b678c69babd5e5192b8921882fba36 forks the chain at height 99/block 1ee676d7e0f064066ff8ca756e22322861b09927a6caf5bbf970d02dc7136235, but does not cause a reorganize
2019/03/28 20:37:42.644988 [1;35m[INF][m GID 44, FORK: Block 5c47d25d10d843bc82b943949c6d79a61552d932f016e9cb141d06c8fd5319fc forks the chain at height 99/block 1ee676d7e0f064066ff8ca756e22322861b09927a6caf5bbf970d02dc7136235, but does not cause a reorganize
2019/03/28 20:37:44.056514 [1;35m[INF][m GID 44, FORK: Block e5b2a18ad77033c7fe27e80003b90a684125afbc588f466585614a971c61a637 forks the chain at height 99/block 1ee676d7e0f064066ff8ca756e22322861b09927a6caf5bbf970d02dc7136235, but does not cause a reorganize
2019/03/28 20:37:46.301577 [1;35m[INF][m GID 119, five second countdown ends. Re-generate block.
2019/03/28 20:37:46.302853 [1;35m[INF][m GID 119, difficulty:  520095999
2019/03/28 20:37:51.309986 [1;35m[INF][m GID 119, five second countdown ends. Re-generate block.
2019/03/28 20:37:51.310103 [1;35m[INF][m GID 119, difficulty:  520095999
2019/03/28 20:37:52.622901 [1;35m[INF][m GID 44, FORK: Block 3535c6613c3b519da1beeb6ef1cab063d650c898387cb3da72b6d7a4b053df53 forks the chain at height 99/block 1ee676d7e0f064066ff8ca756e22322861b09927a6caf5bbf970d02dc7136235, but does not cause a reorganize
2019/03/28 20:37:56.310448 [1;35m[INF][m GID 119, five second countdown ends. Re-generate block.
2019/03/28 20:37:56.312043 [1;35m[INF][m GID 119, difficulty:  520095999
2019/03/28 20:38:01.314270 [1;35m[INF][m GID 119, five second countdown ends. Re-generate block.
2019/03/28 20:38:01.315834 [1;35m[INF][m GID 119, difficulty:  520095999
2019/03/28 20:38:02.244379 [1;35m[INF][m GID 44, FORK: Block 847ca928c7ca0858540bee0bc4134c1081d86946bf52cff75be6d5e596c60c0e forks the chain at height 99/block 1ee676d7e0f064066ff8ca756e22322861b09927a6caf5bbf970d02dc7136235, but does not cause a reorganize
2019/03/28 20:38:03.172602 [1;35m[INF][m GID 119, <================Solved Block==============>
2019/03/28 20:38:03.172962 [1;35m[INF][m GID 119, difficulty:  520095999
2019/03/28 20:38:05.285981 [1;35m[INF][m GID 44, FORK: Block 164dc1f12e54dcfcb79e85fdf2fa4f84fc7563ac2ccaa70a1b888b73665f5aac forks the chain at height 99/block 1ee676d7e0f064066ff8ca756e22322861b09927a6caf5bbf970d02dc7136235, but does not cause a reorganize
2019/03/28 20:38:05.856690 [1;35m[INF][m GID 44, FORK: Block 42c81d99044b0fe276d29cb3714b2512f742a44cd1e82afc392e02974861d739 forks the chain at height 99/block 1ee676d7e0f064066ff8ca756e22322861b09927a6caf5bbf970d02dc7136235, but does not cause a reorganize
2019/03/28 20:38:05.898894 [1;35m[INF][m GID 44, FORK: Block 59d2988f3e4971d88aca6a415d2a49b494315aeecfbaac042f8ccb1a12ccc507 forks the chain at height 99/block 1ee676d7e0f064066ff8ca756e22322861b09927a6caf5bbf970d02dc7136235, but does not cause a reorganize
2019/03/28 20:38:06.983404 [1;35m[INF][m GID 119, <================Solved Block==============>
2019/03/28 20:38:06.986885 [1;35m[INF][m GID 119, difficulty:  520095999
2019/03/28 20:38:07.552912 [1;35m[INF][m GID 119, <================Solved Block==============>
2019/03/28 20:38:07.553370 [1;35m[INF][m GID 119, difficulty:  520095999
2019/03/28 20:38:11.882397 [1;35m[INF][m GID 44, FORK: Block 7af76a65298a481db0b3d47b4d852b7c75d42cd5c1ae4ac7f520e8f71217ce42 forks the chain at height 99/block 1ee676d7e0f064066ff8ca756e22322861b09927a6caf5bbf970d02dc7136235, but does not cause a reorganize
2019/03/28 20:38:12.556018 [1;35m[INF][m GID 119, five second countdown ends. Re-generate block.
2019/03/28 20:38:12.556213 [1;35m[INF][m GID 119, difficulty:  520095999
2019/03/28 20:38:13.659722 [1;35m[INF][m GID 44, FORK: Block e52b2189c7ad5f698027416d7f3317f851ad512fb9ff8e0c9c4133b58717c193 forks the chain at height 99/block 1ee676d7e0f064066ff8ca756e22322861b09927a6caf5bbf970d02dc7136235, but does not cause a reorganize
2019/03/28 20:38:14.338374 [1;35m[INF][m GID 44, FORK: Block 7fbb5ec0a16471e0ff4342fe64b9cc623c134f649db6f8c594cbdd775c5b9b57 forks the chain at height 99/block 1ee676d7e0f064066ff8ca756e22322861b09927a6caf5bbf970d02dc7136235, but does not cause a reorganize
2019/03/28 20:38:17.565851 [1;35m[INF][m GID 119, five second countdown ends. Re-generate block.
2019/03/28 20:38:17.566006 [1;35m[INF][m GID 119, difficulty:  520095999
2019/03/28 20:38:20.028777 [1;35m[INF][m GID 44, New valid peer 127.0.0.1:51730 (inbound)
2019/03/28 20:38:20.062162 [1;35m[INF][m GID 44, Lost peer 127.0.0.1:51730 (inbound)
2019/03/28 20:38:20.797057 [1;35m[INF][m GID 44, FORK: Block 350aac51d53c6d3d0d720f0378e3c823f820ffcdde2402d5fe138220de75bde0 forks the chain at height 99/block 1ee676d7e0f064066ff8ca756e22322861b09927a6caf5bbf970d02dc7136235, but does not cause a reorganize
2019/03/28 20:38:21.848462 [1;35m[INF][m GID 44, FORK: Block cb0d1b023cd77fa63564505d7cb724634da7d0726ee980d3a0df8a20aae22678 forks the chain at height 99/block 1ee676d7e0f064066ff8ca756e22322861b09927a6caf5bbf970d02dc7136235, but does not cause a reorganize
2019/03/28 20:38:22.573881 [1;35m[INF][m GID 119, five second countdown ends. Re-generate block.
2019/03/28 20:38:22.574298 [1;35m[INF][m GID 119, difficulty:  520095999
2019/03/28 20:38:25.074929 [1;35m[INF][m GID 44, New valid peer 127.0.0.1:51744 (inbound)
2019/03/28 20:38:25.158580 [1;35m[INF][m GID 44, Lost peer 127.0.0.1:51744 (inbound)
2019/03/28 20:38:27.574438 [1;35m[INF][m GID 119, five second countdown ends. Re-generate block.
2019/03/28 20:38:27.575105 [1;35m[INF][m GID 119, difficulty:  520095999
2019-03-28 20:38:29.917 [INF] STAT: -> 202 [99 127.0.0.1:51274 (inbound), 99 127.0.0.1:51488 (inbound), 99 127.0.0.1:22338 (outbound), 99 127.0.0.1:21338 (outbound)]
2019/03/28 20:38:30.154547 [1;35m[INF][m GID 44, New valid peer 127.0.0.1:51756 (inbound)
2019/03/28 20:38:30.198121 [1;35m[INF][m GID 44, Lost peer 127.0.0.1:51756 (inbound)
2019/03/28 20:38:32.577405 [1;35m[INF][m GID 119, five second countdown ends. Re-generate block.
2019/03/28 20:38:32.577549 [1;35m[INF][m GID 119, difficulty:  520095999
2019/03/28 20:38:35.218804 [1;35m[INF][m GID 44, New valid peer 127.0.0.1:51768 (inbound)
2019/03/28 20:38:35.224456 [1;35m[INF][m GID 44, Lost peer 127.0.0.1:51768 (inbound)
2019/03/28 20:38:35.405657 [1;35m[INF][m GID 44, FORK: Block 26e504db9111d88ff71e9e35ffd63863f1f97af208d08cec39b92b638e0284c2 forks the chain at height 99/block 1ee676d7e0f064066ff8ca756e22322861b09927a6caf5bbf970d02dc7136235, but does not cause a reorganize
2019/03/28 20:38:35.793788 [1;35m[INF][m GID 44, FORK: Block 66eb71a5aee6bd81b1573fb69f15eb7a4b739e8554ae3d2f65bb4f17f40b2b58 forks the chain at height 99/block 1ee676d7e0f064066ff8ca756e22322861b09927a6caf5bbf970d02dc7136235, but does not cause a reorganize
2019/03/28 20:38:37.577680 [1;35m[INF][m GID 119, five second countdown ends. Re-generate block.
2019/03/28 20:38:37.578374 [1;35m[INF][m GID 119, difficulty:  520095999
2019/03/28 20:38:40.224833 [1;35m[INF][m GID 44, New valid peer 127.0.0.1:51780 (inbound)
2019/03/28 20:38:40.244103 [1;35m[INF][m GID 44, Lost peer 127.0.0.1:51780 (inbound)
2019/03/28 20:38:42.579240 [1;35m[INF][m GID 119, five second countdown ends. Re-generate block.
2019/03/28 20:38:42.580303 [1;35m[INF][m GID 119, difficulty:  520095999
2019/03/28 20:38:42.875479 [1;35m[INF][m GID 44, FORK: Block d709b6c09ee44ea2308fdf802afcc4b3ea5886a5fa51b26d478818276d9bf789 forks the chain at height 99/block 1ee676d7e0f064066ff8ca756e22322861b09927a6caf5bbf970d02dc7136235, but does not cause a reorganize
2019/03/28 20:38:45.017621 [1;35m[INF][m GID 44, FORK: Block ce6c89157c068256a8c97397cfb3157b7ed69b0a9e064d1b498e7fdb315275ac forks the chain at height 99/block 1ee676d7e0f064066ff8ca756e22322861b09927a6caf5bbf970d02dc7136235, but does not cause a reorganize
2019/03/28 20:38:45.020576 [1;35m[INF][m GID 44, Lost peer 127.0.0.1:22338 (outbound)
2019/03/28 20:38:45.245592 [1;35m[INF][m GID 44, New valid peer 127.0.0.1:51804 (inbound)
2019/03/28 20:38:45.258732 [1;35m[INF][m GID 44, Lost peer 127.0.0.1:51804 (inbound)
2019/03/28 20:38:45.890618 [1;35m[INF][m GID 44, FORK: Block 777187f942f9c9bc607ff43b09ad3fba484ca287f1e02d80ad9583dccc70a0cb forks the chain at height 99/block 1ee676d7e0f064066ff8ca756e22322861b09927a6caf5bbf970d02dc7136235, but does not cause a reorganize
2019/03/28 20:38:46.585931 [1;35m[INF][m GID 44, FORK: Block a2917e39b71144118a9320222443c9de615f86179295f9bf3003455c3745ea9d forks the chain at height 99/block 1ee676d7e0f064066ff8ca756e22322861b09927a6caf5bbf970d02dc7136235, but does not cause a reorganize
2019/03/28 20:38:47.581027 [1;35m[INF][m GID 119, five second countdown ends. Re-generate block.
2019/03/28 20:38:47.581153 [1;35m[INF][m GID 119, difficulty:  520095999
2019/03/28 20:38:47.893841 [1;35m[INF][m GID 119, <================Solved Block==============>
2019/03/28 20:38:47.894303 [1;35m[INF][m GID 119, difficulty:  520095999
2019/03/28 20:38:50.022186 [1;35m[INF][m GID 44, New valid peer 127.0.0.1:22338 (outbound)
2019/03/28 20:38:50.022241 [1;33m[WRN][m GID 44, No sync peer candidates available
2019/03/28 20:38:50.263864 [1;35m[INF][m GID 44, New valid peer 127.0.0.1:51826 (inbound)
2019/03/28 20:38:50.312781 [1;35m[INF][m GID 44, Lost peer 127.0.0.1:51826 (inbound)
2019/03/28 20:38:52.895471 [1;35m[INF][m GID 119, five second countdown ends. Re-generate block.
2019/03/28 20:38:52.895666 [1;35m[INF][m GID 119, difficulty:  520095999
2019/03/28 20:38:53.768517 [1;35m[INF][m GID 119, <================Solved Block==============>
2019/03/28 20:38:53.769606 [1;35m[INF][m GID 119, difficulty:  520095999
2019/03/28 20:38:55.315520 [1;35m[INF][m GID 44, New valid peer 127.0.0.1:51856 (inbound)
2019/03/28 20:38:55.324810 [1;35m[INF][m GID 44, Lost peer 127.0.0.1:51856 (inbound)
2019/03/28 20:38:56.971246 [1;35m[INF][m GID 119, <================Solved Block==============>
2019/03/28 20:38:56.971920 [1;35m[INF][m GID 119, difficulty:  520095999
2019/03/28 20:38:58.820282 [1;35m[INF][m GID 44, FORK: Block 9ce252326c89f8161dbe382b1caa6037b478be89a3977af1508f55e2a237a34c forks the chain at height 99/block 1ee676d7e0f064066ff8ca756e22322861b09927a6caf5bbf970d02dc7136235, but does not cause a reorganize
2019/03/28 20:39:00.491265 [1;35m[INF][m GID 44, New valid peer 127.0.0.1:51882 (inbound)
2019/03/28 20:39:00.508108 [1;35m[INF][m GID 44, Lost peer 127.0.0.1:51882 (inbound)
2019/03/28 20:39:01.974751 [1;35m[INF][m GID 119, five second countdown ends. Re-generate block.
2019/03/28 20:39:01.974896 [1;35m[INF][m GID 119, difficulty:  520095999
2019/03/28 20:39:05.526539 [1;35m[INF][m GID 44, New valid peer 127.0.0.1:51912 (inbound)
2019/03/28 20:39:05.559539 [1;35m[INF][m GID 44, Lost peer 127.0.0.1:51912 (inbound)
2019/03/28 20:39:06.976364 [1;35m[INF][m GID 119, five second countdown ends. Re-generate block.
2019/03/28 20:39:06.976541 [1;35m[INF][m GID 119, difficulty:  520095999
2019/03/28 20:39:09.286090 [1;35m[INF][m GID 44, FORK: Block 7888e3d2f558582a086700c8f687127229b530598aa519f4864867fd4799b391 forks the chain at height 99/block 1ee676d7e0f064066ff8ca756e22322861b09927a6caf5bbf970d02dc7136235, but does not cause a reorganize
2019/03/28 20:39:10.546829 [1;35m[INF][m GID 44, New valid peer 127.0.0.1:51936 (inbound)
2019/03/28 20:39:10.573654 [1;35m[INF][m GID 44, Lost peer 127.0.0.1:51936 (inbound)
2019/03/28 20:39:11.981744 [1;35m[INF][m GID 119, five second countdown ends. Re-generate block.
2019/03/28 20:39:11.982543 [1;35m[INF][m GID 119, difficulty:  520095999
2019/03/28 20:39:12.002267 [1;35m[INF][m GID 44, FORK: Block e6c41942799e167ee73a903149bb65bb739da84cfa808a7cf7c5610640258545 forks the chain at height 99/block 1ee676d7e0f064066ff8ca756e22322861b09927a6caf5bbf970d02dc7136235, but does not cause a reorganize
2019/03/28 20:39:12.468403 [1;35m[INF][m GID 44, FORK: Block 5a2744cba3ba3145071476fa078c2fbfe0c5ea12bced11d3b99f29ea6b351f61 forks the chain at height 99/block 1ee676d7e0f064066ff8ca756e22322861b09927a6caf5bbf970d02dc7136235, but does not cause a reorganize
2019/03/28 20:39:15.580149 [1;35m[INF][m GID 44, New valid peer 127.0.0.1:51960 (inbound)
2019/03/28 20:39:15.620708 [1;35m[INF][m GID 44, Lost peer 127.0.0.1:51960 (inbound)
2019/03/28 20:39:16.983155 [1;35m[INF][m GID 119, five second countdown ends. Re-generate block.
2019/03/28 20:39:16.983299 [1;35m[INF][m GID 119, difficulty:  520095999
2019/03/28 20:39:17.669994 [1;35m[INF][m GID 44, FORK: Block a2ac4fed8b67abf524eab33003b6da77b8832a77efaf2902793d9886f1f74873 forks the chain at height 99/block 1ee676d7e0f064066ff8ca756e22322861b09927a6caf5bbf970d02dc7136235, but does not cause a reorganize
2019/03/28 20:39:17.678290 [1;35m[INF][m GID 44, Lost peer 127.0.0.1:51274 (inbound)
2019/03/28 20:39:17.987094 [1;35m[INF][m GID 44, FORK: Block d5bd2d293177c7806f33589189c3b58a4e9dc416ae68aca176bb0545bb33dd06 forks the chain at height 99/block 1ee676d7e0f064066ff8ca756e22322861b09927a6caf5bbf970d02dc7136235, but does not cause a reorganize
2019/03/28 20:39:18.789584 [1;35m[INF][m GID 44, FORK: Block cac0e748dd8585037bd57a5e4b39b15a279b5566e20003687cb482311b16a484 forks the chain at height 99/block 1ee676d7e0f064066ff8ca756e22322861b09927a6caf5bbf970d02dc7136235, but does not cause a reorganize
2019/03/28 20:39:20.627208 [1;35m[INF][m GID 44, New valid peer 127.0.0.1:51984 (inbound)
2019/03/28 20:39:20.662682 [1;35m[INF][m GID 44, Lost peer 127.0.0.1:51984 (inbound)
2019/03/28 20:39:21.990056 [1;35m[INF][m GID 119, five second countdown ends. Re-generate block.
2019/03/28 20:39:21.990171 [1;35m[INF][m GID 119, difficulty:  520095999
2019/03/28 20:39:22.693889 [1;35m[INF][m GID 44, New valid peer 127.0.0.1:51990 (inbound)
2019/03/28 20:39:22.693981 [1;33m[WRN][m GID 44, No sync peer candidates available
2019/03/28 20:39:23.602823 [1;35m[INF][m GID 44, FORK: Block 89e9c0a268eca12215b1e9650bc83b27ceeac380a4ef037f5b37b514568c5656 forks the chain at height 99/block 1ee676d7e0f064066ff8ca756e22322861b09927a6caf5bbf970d02dc7136235, but does not cause a reorganize
2019/03/28 20:39:25.655710 [1;35m[INF][m GID 44, New valid peer 127.0.0.1:52010 (inbound)
2019/03/28 20:39:25.685261 [1;35m[INF][m GID 44, Lost peer 127.0.0.1:52010 (inbound)
2019/03/28 20:39:25.748825 [1;35m[INF][m GID 44, FORK: Block 9e58a0b649abceddf8aa5cd0e540d0db75b18ebe1afb93a5783459894a30af56 forks the chain at height 99/block 1ee676d7e0f064066ff8ca756e22322861b09927a6caf5bbf970d02dc7136235, but does not cause a reorganize
2019/03/28 20:39:26.991486 [1;35m[INF][m GID 119, five second countdown ends. Re-generate block.
2019/03/28 20:39:26.991624 [1;35m[INF][m GID 119, difficulty:  520095999
2019/03/28 20:39:28.365488 [1;35m[INF][m GID 44, FORK: Block 50bd72f978be37a3be5585fb2fcedea172b5d1f064ac05f2ede75249a7ef708c forks the chain at height 99/block 1ee676d7e0f064066ff8ca756e22322861b09927a6caf5bbf970d02dc7136235, but does not cause a reorganize
2019-03-28 20:39:29.912 [INF] STAT: -> 205 [99 127.0.0.1:51990 (inbound), 99 127.0.0.1:51488 (inbound), 99 127.0.0.1:22338 (outbound), 99 127.0.0.1:21338 (outbound)]
2019/03/28 20:39:30.686371 [1;35m[INF][m GID 44, New valid peer 127.0.0.1:52034 (inbound)
2019/03/28 20:39:30.714158 [1;35m[INF][m GID 44, Lost peer 127.0.0.1:52034 (inbound)
2019/03/28 20:39:31.991948 [1;35m[INF][m GID 119, five second countdown ends. Re-generate block.
2019/03/28 20:39:31.992094 [1;35m[INF][m GID 119, difficulty:  520095999
2019/03/28 20:39:33.323251 [1;35m[INF][m GID 44, FORK: Block b4ed011d6e0123c128fb5e6b73e54a3550550505bb2ab9293f47fd3c684f752b forks the chain at height 99/block 1ee676d7e0f064066ff8ca756e22322861b09927a6caf5bbf970d02dc7136235, but does not cause a reorganize
2019/03/28 20:39:33.337264 [1;35m[INF][m GID 44, Lost peer 127.0.0.1:51990 (inbound)
2019/03/28 20:39:35.721569 [1;35m[INF][m GID 44, New valid peer 127.0.0.1:52058 (inbound)
2019/03/28 20:39:35.747095 [1;35m[INF][m GID 44, Lost peer 127.0.0.1:52058 (inbound)
2019/03/28 20:39:36.997304 [1;35m[INF][m GID 119, five second countdown ends. Re-generate block.
2019/03/28 20:39:36.997450 [1;35m[INF][m GID 119, difficulty:  520095999
2019/03/28 20:39:37.764313 [1;35m[INF][m GID 119, <================Solved Block==============>
2019/03/28 20:39:37.769767 [1;35m[INF][m GID 119, difficulty:  520095999
2019/03/28 20:39:38.345088 [1;35m[INF][m GID 44, New valid peer 127.0.0.1:52064 (inbound)
2019/03/28 20:39:38.345151 [1;33m[WRN][m GID 44, No sync peer candidates available
2019/03/28 20:39:38.457007 [1;35m[INF][m GID 119, <================Solved Block==============>
2019/03/28 20:39:38.457738 [1;35m[INF][m GID 119, difficulty:  520095999
2019/03/28 20:39:38.707434 [1;35m[INF][m GID 119, <================Solved Block==============>
2019/03/28 20:39:38.709933 [1;35m[INF][m GID 119, difficulty:  520095999
2019/03/28 20:39:40.755376 [1;35m[INF][m GID 44, New valid peer 127.0.0.1:52084 (inbound)
2019/03/28 20:39:40.764231 [1;35m[INF][m GID 44, Lost peer 127.0.0.1:52084 (inbound)
2019/03/28 20:39:41.656788 [1;35m[INF][m GID 119, <================Solved Block==============>
2019/03/28 20:39:41.657437 [1;35m[INF][m GID 119, difficulty:  520095999
2019/03/28 20:39:42.387480 [1;35m[INF][m GID 44, FORK: Block fbe04157847b783d8462a77144f2c1a2a267539701fd8b92986e53e9d78ced8c forks the chain at height 99/block 1ee676d7e0f064066ff8ca756e22322861b09927a6caf5bbf970d02dc7136235, but does not cause a reorganize
2019/03/28 20:39:44.605399 [1;35m[INF][m GID 44, FORK: Block 2bf683600327181c3bc730f0b2a64f17613fac21e61648fc5ec09e1c547a657c forks the chain at height 99/block 1ee676d7e0f064066ff8ca756e22322861b09927a6caf5bbf970d02dc7136235, but does not cause a reorganize
2019/03/28 20:39:45.764098 [1;35m[INF][m GID 44, New valid peer 127.0.0.1:52108 (inbound)
2019/03/28 20:39:45.788069 [1;35m[INF][m GID 44, Lost peer 127.0.0.1:52108 (inbound)
2019/03/28 20:39:46.657909 [1;35m[INF][m GID 119, five second countdown ends. Re-generate block.
2019/03/28 20:39:46.658026 [1;35m[INF][m GID 119, difficulty:  520095999
2019/03/28 20:39:50.789157 [1;35m[INF][m GID 44, New valid peer 127.0.0.1:52134 (inbound)
2019/03/28 20:39:50.832920 [1;35m[INF][m GID 44, Lost peer 127.0.0.1:52134 (inbound)
2019/03/28 20:39:51.659011 [1;35m[INF][m GID 119, five second countdown ends. Re-generate block.
2019/03/28 20:39:51.659134 [1;35m[INF][m GID 119, difficulty:  520095999
2019/03/28 20:39:54.458254 [1;35m[INF][m GID 44, FORK: Block 9b57533a471840acfd3964595434c6113c3fbb97450e81d6fa8e52f9fef7695e forks the chain at height 99/block 1ee676d7e0f064066ff8ca756e22322861b09927a6caf5bbf970d02dc7136235, but does not cause a reorganize
2019/03/28 20:39:55.835942 [1;35m[INF][m GID 44, New valid peer 127.0.0.1:52160 (inbound)
2019/03/28 20:39:55.851461 [1;35m[INF][m GID 44, Lost peer 127.0.0.1:52160 (inbound)
2019/03/28 20:39:56.661728 [1;35m[INF][m GID 119, five second countdown ends. Re-generate block.
2019/03/28 20:39:56.661861 [1;35m[INF][m GID 119, difficulty:  520095999
2019/03/28 20:39:57.876371 [1;35m[INF][m GID 44, FORK: Block fc12fcedd4012bd7377fe8040548cdb0014ff2ef4372dd6c28bf40e499418f5a forks the chain at height 99/block 1ee676d7e0f064066ff8ca756e22322861b09927a6caf5bbf970d02dc7136235, but does not cause a reorganize
2019/03/28 20:39:59.013355 [1;35m[INF][m GID 44, FORK: Block 24012dbddf564a3f68a81395facde24774ecb1866348bc489fba57b9093a1e9b forks the chain at height 99/block 1ee676d7e0f064066ff8ca756e22322861b09927a6caf5bbf970d02dc7136235, but does not cause a reorganize
2019/03/28 20:39:59.898112 [1;35m[INF][m GID 44, FORK: Block ac31629de43d7d8758be56b36d1209ee325730cb8d5668eed6a423882804045e forks the chain at height 99/block 1ee676d7e0f064066ff8ca756e22322861b09927a6caf5bbf970d02dc7136235, but does not cause a reorganize
2019/03/28 20:40:00.865624 [1;35m[INF][m GID 44, New valid peer 127.0.0.1:52184 (inbound)
2019/03/28 20:40:00.881079 [1;35m[INF][m GID 44, Lost peer 127.0.0.1:52184 (inbound)
2019/03/28 20:40:01.682076 [1;35m[INF][m GID 119, five second countdown ends. Re-generate block.
2019/03/28 20:40:01.682297 [1;35m[INF][m GID 119, difficulty:  520095999
2019/03/28 20:40:01.824797 [1;35m[INF][m GID 44, FORK: Block 16a0d0ff04d1bda678869a136fa9e707e073f4bcd3c4a7def9856bfbeab31807 forks the chain at height 99/block 1ee676d7e0f064066ff8ca756e22322861b09927a6caf5bbf970d02dc7136235, but does not cause a reorganize
2019/03/28 20:40:01.921497 [1;35m[INF][m GID 44, FORK: Block 390c1b87950827c10c1dcee4a14b376538e70fb4e987aa00d9b66952c5778177 forks the chain at height 99/block 1ee676d7e0f064066ff8ca756e22322861b09927a6caf5bbf970d02dc7136235, but does not cause a reorganize
2019/03/28 20:40:02.167682 [1;35m[INF][m GID 44, FORK: Block 962abf6d13a08a921eb7aa6d0d8404eff2c8272f1add79b244c854ec375796eb forks the chain at height 99/block 1ee676d7e0f064066ff8ca756e22322861b09927a6caf5bbf970d02dc7136235, but does not cause a reorganize
2019/03/28 20:40:03.776599 [1;35m[INF][m GID 44, FORK: Block 238eaf65cb884a85f0bc311bc39ccfc0a7b78d811bd5248d2e21cc9f3479179e forks the chain at height 99/block 1ee676d7e0f064066ff8ca756e22322861b09927a6caf5bbf970d02dc7136235, but does not cause a reorganize
2019/03/28 20:40:03.819798 [1;35m[INF][m GID 44, FORK: Block 414065ba54886ac9476117c53102b2283ed0c0c09d0c438443572df8634a4e17 forks the chain at height 99/block 1ee676d7e0f064066ff8ca756e22322861b09927a6caf5bbf970d02dc7136235, but does not cause a reorganize
2019/03/28 20:40:05.897781 [1;35m[INF][m GID 44, New valid peer 127.0.0.1:52208 (inbound)
2019/03/28 20:40:05.953667 [1;35m[INF][m GID 44, Lost peer 127.0.0.1:52208 (inbound)
2019/03/28 20:40:06.682711 [1;35m[INF][m GID 119, five second countdown ends. Re-generate block.
2019/03/28 20:40:06.684155 [1;35m[INF][m GID 119, difficulty:  520095999
2019/03/28 20:40:07.831525 [1;35m[INF][m GID 44, FORK: Block 1e7698166d898c3c57086092f3d826d070b71b6717046b0d189629ad90b1688e forks the chain at height 99/block 1ee676d7e0f064066ff8ca756e22322861b09927a6caf5bbf970d02dc7136235, but does not cause a reorganize
2019/03/28 20:40:07.846448 [1;35m[INF][m GID 44, Lost peer 127.0.0.1:51488 (inbound)
2019/03/28 20:40:08.045302 [1;35m[INF][m GID 44, FORK: Block e46ad5df0cf48c53ceab834261ee404da5f5eb020320c2b6a417081695363789 forks the chain at height 99/block 1ee676d7e0f064066ff8ca756e22322861b09927a6caf5bbf970d02dc7136235, but does not cause a reorganize
2019/03/28 20:40:10.245516 [1;35m[INF][m GID 44, FORK: Block eabc3d7ff872034f1f6ff5f488b4abcb1a2aa2bc1fb27a0ddbb06adc00b70e6d forks the chain at height 99/block 1ee676d7e0f064066ff8ca756e22322861b09927a6caf5bbf970d02dc7136235, but does not cause a reorganize
2019/03/28 20:40:10.952939 [1;35m[INF][m GID 44, New valid peer 127.0.0.1:52234 (inbound)
2019/03/28 20:40:10.987072 [1;35m[INF][m GID 44, Lost peer 127.0.0.1:52234 (inbound)
2019/03/28 20:40:11.817999 [1;35m[INF][m GID 119, five second countdown ends. Re-generate block.
2019/03/28 20:40:11.818224 [1;35m[INF][m GID 119, difficulty:  520095999
2019/03/28 20:40:12.840300 [1;35m[INF][m GID 44, New valid peer 127.0.0.1:52238 (inbound)
2019/03/28 20:40:12.840350 [1;33m[WRN][m GID 44, No sync peer candidates available
2019/03/28 20:40:15.374119 [1;35m[INF][m GID 119, <================Solved Block==============>
2019/03/28 20:40:15.378212 [1;35m[INF][m GID 119, difficulty:  520095999
2019/03/28 20:40:15.988224 [1;35m[INF][m GID 44, New valid peer 127.0.0.1:52260 (inbound)
2019/03/28 20:40:16.017884 [1;35m[INF][m GID 44, Lost peer 127.0.0.1:52260 (inbound)
2019/03/28 20:40:16.363963 [1;35m[INF][m GID 44, FORK: Block df944f62f6fefdeb782787afa520042b07e93ab19b77b0d9a4aec1451433517f forks the chain at height 99/block 1ee676d7e0f064066ff8ca756e22322861b09927a6caf5bbf970d02dc7136235, but does not cause a reorganize
2019/03/28 20:40:20.378956 [1;35m[INF][m GID 119, five second countdown ends. Re-generate block.
2019/03/28 20:40:20.381535 [1;35m[INF][m GID 119, difficulty:  520095999
2019/03/28 20:40:21.020604 [1;35m[INF][m GID 44, New valid peer 127.0.0.1:52284 (inbound)
2019/03/28 20:40:21.038778 [1;35m[INF][m GID 44, Lost peer 127.0.0.1:52284 (inbound)
2019/03/28 20:40:22.410960 [1;35m[INF][m GID 44, FORK: Block eb8583d92d682dd831165af4c1fb19eeaa33fbea0f9f212c59db354d09d1f1fc forks the chain at height 99/block 1ee676d7e0f064066ff8ca756e22322861b09927a6caf5bbf970d02dc7136235, but does not cause a reorganize
2019/03/28 20:40:23.919158 [1;35m[INF][m GID 44, FORK: Block 3ae0ba6f4da734fbdbcacc649b23d04ab7d5916eef2ff202802d6ca3f5331582 forks the chain at height 99/block 1ee676d7e0f064066ff8ca756e22322861b09927a6caf5bbf970d02dc7136235, but does not cause a reorganize
2019/03/28 20:40:25.384259 [1;35m[INF][m GID 119, five second countdown ends. Re-generate block.
2019/03/28 20:40:25.385648 [1;35m[INF][m GID 119, difficulty:  520095999
2019/03/28 20:40:26.038573 [1;35m[INF][m GID 44, New valid peer 127.0.0.1:52308 (inbound)
2019/03/28 20:40:26.069495 [1;35m[INF][m GID 44, Lost peer 127.0.0.1:52308 (inbound)
2019/03/28 20:40:26.289565 [1;35m[INF][m GID 44, FORK: Block d542683eeae22178f009020fad47d8ef8b97e24118d72ed5f67449851a03691e forks the chain at height 99/block 1ee676d7e0f064066ff8ca756e22322861b09927a6caf5bbf970d02dc7136235, but does not cause a reorganize
2019/03/28 20:40:26.385534 [1;35m[INF][m GID 44, FORK: Block 713830bba726976a5c5cd47fedd0ad33b41449d6567ae9243bd0c28072b25bbe forks the chain at height 99/block 1ee676d7e0f064066ff8ca756e22322861b09927a6caf5bbf970d02dc7136235, but does not cause a reorganize
2019/03/28 20:40:26.493998 [1;35m[INF][m GID 119, <================Solved Block==============>
2019/03/28 20:40:26.494411 [1;35m[INF][m GID 119, difficulty:  520095999
2019/03/28 20:40:27.737992 [1;35m[INF][m GID 119, <================Solved Block==============>
2019/03/28 20:40:27.739786 [1;35m[INF][m GID 119, difficulty:  520095999
2019/03/28 20:40:28.828359 [1;35m[INF][m GID 44, FORK: Block 4db71744de1627d8b61444ba787c575c5380f7b426d51711404af63aa09a5fdd forks the chain at height 99/block 1ee676d7e0f064066ff8ca756e22322861b09927a6caf5bbf970d02dc7136235, but does not cause a reorganize
2019-03-28 20:40:29.912 [INF] STAT: -> 212 [99 127.0.0.1:52064 (inbound), 99 127.0.0.1:52238 (inbound), 99 127.0.0.1:22338 (outbound), 99 127.0.0.1:21338 (outbound)]
2019/03/28 20:40:31.070001 [1;35m[INF][m GID 44, New valid peer 127.0.0.1:52332 (inbound)
2019/03/28 20:40:31.082422 [1;35m[INF][m GID 44, Lost peer 127.0.0.1:52332 (inbound)
2019/03/28 20:40:32.742263 [1;35m[INF][m GID 119, five second countdown ends. Re-generate block.
2019/03/28 20:40:32.743567 [1;35m[INF][m GID 119, difficulty:  520095999
2019/03/28 20:40:32.761426 [1;35m[INF][m GID 44, FORK: Block 4b6c2d9e38345065eeb2c4f8d1db909a68e2fe257afc211b2f6f2d73b1b3482d forks the chain at height 99/block 1ee676d7e0f064066ff8ca756e22322861b09927a6caf5bbf970d02dc7136235, but does not cause a reorganize
2019/03/28 20:40:32.767430 [1;35m[INF][m GID 44, Lost peer 127.0.0.1:21338 (outbound)
2019/03/28 20:40:36.083021 [1;35m[INF][m GID 44, New valid peer 127.0.0.1:52356 (inbound)
2019/03/28 20:40:36.093526 [1;35m[INF][m GID 44, Lost peer 127.0.0.1:52356 (inbound)
2019/03/28 20:40:37.823563 [1;35m[INF][m GID 44, New valid peer 127.0.0.1:21338 (outbound)
2019/03/28 20:40:37.823623 [1;33m[WRN][m GID 44, No sync peer candidates available
2019/03/28 20:40:37.824908 [1;35m[INF][m GID 119, five second countdown ends. Re-generate block.
2019/03/28 20:40:37.825105 [1;35m[INF][m GID 119, difficulty:  520095999
2019/03/28 20:40:38.793333 [1;35m[INF][m GID 44, FORK: Block f03d36329b3b6c0c83bc170972d802b578c72374d06288c9d7d4b9c84e58da89 forks the chain at height 99/block 1ee676d7e0f064066ff8ca756e22322861b09927a6caf5bbf970d02dc7136235, but does not cause a reorganize
2019/03/28 20:40:40.986321 [1;35m[INF][m GID 44, FORK: Block 20a5d9a78d886aff769344e33f8411fe61c3f46ebffa6beecd2564ebabe78bc9 forks the chain at height 99/block 1ee676d7e0f064066ff8ca756e22322861b09927a6caf5bbf970d02dc7136235, but does not cause a reorganize
2019/03/28 20:40:41.096151 [1;35m[INF][m GID 44, New valid peer 127.0.0.1:52382 (inbound)
2019/03/28 20:40:41.121645 [1;35m[INF][m GID 44, Lost peer 127.0.0.1:52382 (inbound)
2019/03/28 20:40:42.827619 [1;35m[INF][m GID 119, five second countdown ends. Re-generate block.
2019/03/28 20:40:42.827811 [1;35m[INF][m GID 119, difficulty:  520095999
2019/03/28 20:40:46.125953 [1;35m[INF][m GID 44, New valid peer 127.0.0.1:52404 (inbound)
2019/03/28 20:40:46.134745 [1;35m[INF][m GID 44, Lost peer 127.0.0.1:52404 (inbound)
2019/03/28 20:40:47.292092 [1;35m[INF][m GID 119, <================Solved Block==============>
2019/03/28 20:40:47.294197 [1;35m[INF][m GID 119, difficulty:  520095999
2019/03/28 20:40:51.135787 [1;35m[INF][m GID 44, New valid peer 127.0.0.1:52428 (inbound)
2019/03/28 20:40:51.196841 [1;35m[INF][m GID 44, Lost peer 127.0.0.1:52428 (inbound)
2019/03/28 20:40:52.294787 [1;35m[INF][m GID 119, five second countdown ends. Re-generate block.
2019/03/28 20:40:52.295804 [1;35m[INF][m GID 119, difficulty:  520095999
2019/03/28 20:40:56.189506 [1;35m[INF][m GID 44, New valid peer 127.0.0.1:52452 (inbound)
2019/03/28 20:40:56.213737 [1;35m[INF][m GID 44, Lost peer 127.0.0.1:52452 (inbound)
2019/03/28 20:40:57.296612 [1;35m[INF][m GID 119, five second countdown ends. Re-generate block.
2019/03/28 20:40:57.296876 [1;35m[INF][m GID 119, difficulty:  520095999
2019/03/28 20:41:01.213793 [1;35m[INF][m GID 44, New valid peer 127.0.0.1:52476 (inbound)
2019/03/28 20:41:01.220263 [1;35m[INF][m GID 44, Lost peer 127.0.0.1:52476 (inbound)
2019/03/28 20:41:02.017511 [1;35m[INF][m GID 119, <================Solved Block==============>
2019/03/28 20:41:02.017955 [1;35m[INF][m GID 119, difficulty:  520095999
2019/03/28 20:41:06.221060 [1;35m[INF][m GID 44, New valid peer 127.0.0.1:52500 (inbound)
2019/03/28 20:41:06.246029 [1;35m[INF][m GID 44, Lost peer 127.0.0.1:52500 (inbound)
2019/03/28 20:41:07.018081 [1;35m[INF][m GID 119, five second countdown ends. Re-generate block.
2019/03/28 20:41:07.018255 [1;35m[INF][m GID 119, difficulty:  520095999
2019/03/28 20:41:09.737602 [1;35m[INF][m GID 119, <================Solved Block==============>
2019/03/28 20:41:09.738239 [1;35m[INF][m GID 119, difficulty:  520095999
2019/03/28 20:41:09.836214 [1;35m[INF][m GID 44, FORK: Block 0d4bad5742e3c4bb288f851aa9c7a0078302198f61dd2118005517317af2a2ef forks the chain at height 99/block 1ee676d7e0f064066ff8ca756e22322861b09927a6caf5bbf970d02dc7136235, but does not cause a reorganize
2019/03/28 20:41:11.245205 [1;35m[INF][m GID 44, New valid peer 127.0.0.1:52522 (inbound)
2019/03/28 20:41:11.253594 [1;35m[INF][m GID 44, Lost peer 127.0.0.1:52522 (inbound)
2019/03/28 20:41:13.004052 [1;35m[INF][m GID 44, FORK: Block 66ae42bd1cd6a0ca7d0bc4b281e7e8f77113fb92f1734501f170e86bf6550de7 forks the chain at height 99/block 1ee676d7e0f064066ff8ca756e22322861b09927a6caf5bbf970d02dc7136235, but does not cause a reorganize
2019/03/28 20:41:13.005353 [1;35m[INF][m GID 44, Lost peer 127.0.0.1:22338 (outbound)
2019/03/28 20:41:14.739142 [1;35m[INF][m GID 119, five second countdown ends. Re-generate block.
2019/03/28 20:41:14.739287 [1;35m[INF][m GID 119, difficulty:  520095999
2019/03/28 20:41:15.630537 [1;35m[INF][m GID 44, FORK: Block 22df5fdd1695b9424dd84ebd7dc9396f3382e20de4f5d107c7bba2808197b565 forks the chain at height 99/block 1ee676d7e0f064066ff8ca756e22322861b09927a6caf5bbf970d02dc7136235, but does not cause a reorganize
2019/03/28 20:41:15.866399 [1;35m[INF][m GID 119, <================Solved Block==============>
2019/03/28 20:41:15.867432 [1;35m[INF][m GID 119, difficulty:  520095999
2019/03/28 20:41:16.255697 [1;35m[INF][m GID 44, New valid peer 127.0.0.1:52546 (inbound)
2019/03/28 20:41:16.272156 [1;35m[INF][m GID 44, Lost peer 127.0.0.1:52546 (inbound)
2019/03/28 20:41:16.671709 [1;35m[INF][m GID 44, FORK: Block 6b6ce469f0b966c2caebb1b4b3a1a0eabe82bb04a03283471912965de83df2cc forks the chain at height 99/block 1ee676d7e0f064066ff8ca756e22322861b09927a6caf5bbf970d02dc7136235, but does not cause a reorganize
2019/03/28 20:41:16.672423 [1;35m[INF][m GID 44, Lost peer 127.0.0.1:52064 (inbound)
2019/03/28 20:41:17.075931 [1;33m[WRN][m GID 1, Server shutting down
2019/03/28 20:41:17.076014 [1;33m[WRN][m GID 1, server shutting down
2019/03/28 20:41:17.076145 [1;35m[INF][m GID 38, Sync manager shutting down
